
[I] Loading Crius kernel-level profiler...
[TMP] Profiling results not found in `None`, creating it...

[I] Loading model and generating sharded HLO module...
[I] Initializing XLA devices takes 0.3476588726043701 s.
[I] Loading flax model....
[I] Model 'bert' loads sucessfully. Model Info: 

FlaxBertForMaskedLMModule(
    # attributes
    config = <model.bert_model.BertConfig object at 0x7f0810a5a5b0>
    dtype = float16
) 

[I] Initialize training state...
[I] Training state initialization is completed.
[I] Constructing general train step func...
[I] General train step func construction is completed.
[I] Model has been loaded, begin Jaxpr transformation...


Layer 0:
Eqn 5 in layer 0: Primitive: dot_general | FLOPs (GB): 3200.0 | Memory access (GB): 1.8203125 | Attainable performance: 37400 | Computation load: 0.0855614973262032
Eqn 10 in layer 0: Primitive: dot_general | FLOPs (GB): 3200.0 | Memory access (GB): 1.8203125 | Attainable performance: 37400 | Computation load: 0.0855614973262032
Eqn 36 in layer 0: Primitive: dot_general | FLOPs (GB): 384.0 | Memory access (GB): 0.2734375 | Attainable performance: 37400 | Computation load: 0.010267379679144385
Eqn 56 in layer 0: Primitive: dot_general | FLOPs (GB): 64.0 | Memory access (GB): 1.125 | Attainable performance: 37400 | Computation load: 0.001711229946524064
Eqn 68 in layer 0: Primitive: dot_general | FLOPs (GB): 64.0 | Memory access (GB): 1.125 | Attainable performance: 37400 | Computation load: 0.001711229946524064
Eqn 71 in layer 0: Primitive: dot_general | FLOPs (GB): 3200.0 | Memory access (GB): 1.8203125 | Attainable performance: 37400 | Computation load: 0.0855614973262032
Eqn 100 in layer 0: Primitive: remat2 | FLOPs (GB): 20512.0 | Memory access (GB): 18.43164063245058 | Attainable performance: 37400 | Computation load: 0.5484491978609626
Layer computation load: 0.8188235294117647

Layer 1:
Eqn 1 in layer 1: Primitive: dot_general | FLOPs (GB): 512.0 | Memory access (GB): 0.34375 | Attainable performance: 37400 | Computation load: 0.013689839572192513
Eqn 9 in layer 1: Primitive: dot_general | FLOPs (GB): 3200.0 | Memory access (GB): 1.8203125 | Attainable performance: 37400 | Computation load: 0.0855614973262032
Eqn 36 in layer 1: Primitive: dot_general | FLOPs (GB): 384.0 | Memory access (GB): 0.2734375 | Attainable performance: 37400 | Computation load: 0.010267379679144385
Eqn 56 in layer 1: Primitive: dot_general | FLOPs (GB): 64.0 | Memory access (GB): 1.125 | Attainable performance: 37400 | Computation load: 0.001711229946524064
Eqn 68 in layer 1: Primitive: dot_general | FLOPs (GB): 64.0 | Memory access (GB): 1.125 | Attainable performance: 37400 | Computation load: 0.001711229946524064
Eqn 71 in layer 1: Primitive: dot_general | FLOPs (GB): 3200.0 | Memory access (GB): 1.8203125 | Attainable performance: 37400 | Computation load: 0.0855614973262032
Eqn 98 in layer 1: Primitive: dot_general | FLOPs (GB): 512.0 | Memory access (GB): 0.34375 | Attainable performance: 37400 | Computation load: 0.013689839572192513
Eqn 106 in layer 1: Primitive: dot_general | FLOPs (GB): 3200.0 | Memory access (GB): 1.8203125 | Attainable performance: 37400 | Computation load: 0.0855614973262032
Eqn 133 in layer 1: Primitive: dot_general | FLOPs (GB): 384.0 | Memory access (GB): 0.2734375 | Attainable performance: 37400 | Computation load: 0.010267379679144385
Eqn 153 in layer 1: Primitive: dot_general | FLOPs (GB): 64.0 | Memory access (GB): 1.125 | Attainable performance: 37400 | Computation load: 0.001711229946524064
Eqn 165 in layer 1: Primitive: dot_general | FLOPs (GB): 64.0 | Memory access (GB): 1.125 | Attainable performance: 37400 | Computation load: 0.001711229946524064
Eqn 168 in layer 1: Primitive: dot_general | FLOPs (GB): 3200.0 | Memory access (GB): 1.8203125 | Attainable performance: 37400 | Computation load: 0.0855614973262032
Eqn 174 in layer 1: Primitive: remat2 | FLOPs (GB): 35456.0 | Memory access (GB): 33.9921875 | Attainable performance: 37400 | Computation load: 0.9480213903743315
Layer computation load: 1.3450267379679144

Layer 2:
Eqn 24 in layer 2: Primitive: dot_general | FLOPs (GB): 512.0 | Memory access (GB): 0.34375 | Attainable performance: 37400 | Computation load: 0.013689839572192513
Eqn 32 in layer 2: Primitive: dot_general | FLOPs (GB): 3200.0 | Memory access (GB): 1.8203125 | Attainable performance: 37400 | Computation load: 0.0855614973262032
Eqn 59 in layer 2: Primitive: dot_general | FLOPs (GB): 384.0 | Memory access (GB): 0.2734375 | Attainable performance: 37400 | Computation load: 0.010267379679144385
Eqn 79 in layer 2: Primitive: dot_general | FLOPs (GB): 64.0 | Memory access (GB): 1.125 | Attainable performance: 37400 | Computation load: 0.001711229946524064
Eqn 91 in layer 2: Primitive: dot_general | FLOPs (GB): 64.0 | Memory access (GB): 1.125 | Attainable performance: 37400 | Computation load: 0.001711229946524064
Eqn 94 in layer 2: Primitive: dot_general | FLOPs (GB): 3200.0 | Memory access (GB): 1.8203125 | Attainable performance: 37400 | Computation load: 0.0855614973262032
Eqn 121 in layer 2: Primitive: dot_general | FLOPs (GB): 512.0 | Memory access (GB): 0.34375 | Attainable performance: 37400 | Computation load: 0.013689839572192513
Eqn 129 in layer 2: Primitive: dot_general | FLOPs (GB): 3200.0 | Memory access (GB): 1.8203125 | Attainable performance: 37400 | Computation load: 0.0855614973262032
Eqn 158 in layer 2: Primitive: remat2 | FLOPs (GB): 27776.0 | Memory access (GB): 22.921875 | Attainable performance: 37400 | Computation load: 0.7426737967914439
Layer computation load: 1.040427807486631

Layer 3:
Eqn 1 in layer 3: Primitive: dot_general | FLOPs (GB): 384.0 | Memory access (GB): 0.2734375 | Attainable performance: 37400 | Computation load: 0.010267379679144385
Eqn 21 in layer 3: Primitive: dot_general | FLOPs (GB): 64.0 | Memory access (GB): 1.125 | Attainable performance: 37400 | Computation load: 0.001711229946524064
Eqn 33 in layer 3: Primitive: dot_general | FLOPs (GB): 64.0 | Memory access (GB): 1.125 | Attainable performance: 37400 | Computation load: 0.001711229946524064
Eqn 36 in layer 3: Primitive: dot_general | FLOPs (GB): 3200.0 | Memory access (GB): 1.8203125 | Attainable performance: 37400 | Computation load: 0.0855614973262032
Eqn 63 in layer 3: Primitive: dot_general | FLOPs (GB): 512.0 | Memory access (GB): 0.34375 | Attainable performance: 37400 | Computation load: 0.013689839572192513
Eqn 71 in layer 3: Primitive: dot_general | FLOPs (GB): 3200.0 | Memory access (GB): 1.8203125 | Attainable performance: 37400 | Computation load: 0.0855614973262032
Eqn 98 in layer 3: Primitive: dot_general | FLOPs (GB): 384.0 | Memory access (GB): 0.2734375 | Attainable performance: 37400 | Computation load: 0.010267379679144385
Eqn 118 in layer 3: Primitive: dot_general | FLOPs (GB): 64.0 | Memory access (GB): 1.125 | Attainable performance: 37400 | Computation load: 0.001711229946524064
Eqn 130 in layer 3: Primitive: dot_general | FLOPs (GB): 64.0 | Memory access (GB): 1.125 | Attainable performance: 37400 | Computation load: 0.001711229946524064
Eqn 133 in layer 3: Primitive: dot_general | FLOPs (GB): 3200.0 | Memory access (GB): 1.8203125 | Attainable performance: 37400 | Computation load: 0.0855614973262032
Eqn 162 in layer 3: Primitive: remat2 | FLOPs (GB): 30208.0 | Memory access (GB): 30.796875 | Attainable performance: 37400 | Computation load: 0.8077005347593583
Layer computation load: 1.1054545454545455

Layer 4:
Eqn 1 in layer 4: Primitive: dot_general | FLOPs (GB): 512.0 | Memory access (GB): 0.34375 | Attainable performance: 37400 | Computation load: 0.013689839572192513
Eqn 9 in layer 4: Primitive: dot_general | FLOPs (GB): 3200.0 | Memory access (GB): 1.8203125 | Attainable performance: 37400 | Computation load: 0.0855614973262032
Eqn 36 in layer 4: Primitive: dot_general | FLOPs (GB): 384.0 | Memory access (GB): 0.2734375 | Attainable performance: 37400 | Computation load: 0.010267379679144385
Eqn 56 in layer 4: Primitive: dot_general | FLOPs (GB): 64.0 | Memory access (GB): 1.125 | Attainable performance: 37400 | Computation load: 0.001711229946524064
Eqn 68 in layer 4: Primitive: dot_general | FLOPs (GB): 64.0 | Memory access (GB): 1.125 | Attainable performance: 37400 | Computation load: 0.001711229946524064
Eqn 71 in layer 4: Primitive: dot_general | FLOPs (GB): 3200.0 | Memory access (GB): 1.8203125 | Attainable performance: 37400 | Computation load: 0.0855614973262032
Eqn 98 in layer 4: Primitive: dot_general | FLOPs (GB): 512.0 | Memory access (GB): 0.34375 | Attainable performance: 37400 | Computation load: 0.013689839572192513
Eqn 106 in layer 4: Primitive: dot_general | FLOPs (GB): 3200.0 | Memory access (GB): 1.8203125 | Attainable performance: 37400 | Computation load: 0.0855614973262032
Eqn 133 in layer 4: Primitive: dot_general | FLOPs (GB): 384.0 | Memory access (GB): 0.2734375 | Attainable performance: 37400 | Computation load: 0.010267379679144385
Eqn 153 in layer 4: Primitive: dot_general | FLOPs (GB): 64.0 | Memory access (GB): 1.125 | Attainable performance: 37400 | Computation load: 0.001711229946524064
Eqn 165 in layer 4: Primitive: dot_general | FLOPs (GB): 64.0 | Memory access (GB): 1.125 | Attainable performance: 37400 | Computation load: 0.001711229946524064
Eqn 168 in layer 4: Primitive: dot_general | FLOPs (GB): 3200.0 | Memory access (GB): 1.8203125 | Attainable performance: 37400 | Computation load: 0.0855614973262032
Eqn 174 in layer 4: Primitive: remat2 | FLOPs (GB): 35456.0 | Memory access (GB): 33.9921875 | Attainable performance: 37400 | Computation load: 0.9480213903743315
Layer computation load: 1.3450267379679144

Layer 5:
Eqn 24 in layer 5: Primitive: dot_general | FLOPs (GB): 512.0 | Memory access (GB): 0.34375 | Attainable performance: 37400 | Computation load: 0.013689839572192513
Eqn 32 in layer 5: Primitive: dot_general | FLOPs (GB): 3200.0 | Memory access (GB): 1.8203125 | Attainable performance: 37400 | Computation load: 0.0855614973262032
Eqn 59 in layer 5: Primitive: dot_general | FLOPs (GB): 384.0 | Memory access (GB): 0.2734375 | Attainable performance: 37400 | Computation load: 0.010267379679144385
Eqn 79 in layer 5: Primitive: dot_general | FLOPs (GB): 64.0 | Memory access (GB): 1.125 | Attainable performance: 37400 | Computation load: 0.001711229946524064
Eqn 91 in layer 5: Primitive: dot_general | FLOPs (GB): 64.0 | Memory access (GB): 1.125 | Attainable performance: 37400 | Computation load: 0.001711229946524064
Eqn 94 in layer 5: Primitive: dot_general | FLOPs (GB): 3200.0 | Memory access (GB): 1.8203125 | Attainable performance: 37400 | Computation load: 0.0855614973262032
Eqn 121 in layer 5: Primitive: dot_general | FLOPs (GB): 512.0 | Memory access (GB): 0.34375 | Attainable performance: 37400 | Computation load: 0.013689839572192513
Eqn 129 in layer 5: Primitive: dot_general | FLOPs (GB): 3200.0 | Memory access (GB): 1.8203125 | Attainable performance: 37400 | Computation load: 0.0855614973262032
Eqn 158 in layer 5: Primitive: remat2 | FLOPs (GB): 27776.0 | Memory access (GB): 22.921875 | Attainable performance: 37400 | Computation load: 0.7426737967914439
Layer computation load: 1.040427807486631

Layer 6:
Eqn 1 in layer 6: Primitive: dot_general | FLOPs (GB): 384.0 | Memory access (GB): 0.2734375 | Attainable performance: 37400 | Computation load: 0.010267379679144385
Eqn 21 in layer 6: Primitive: dot_general | FLOPs (GB): 64.0 | Memory access (GB): 1.125 | Attainable performance: 37400 | Computation load: 0.001711229946524064
Eqn 33 in layer 6: Primitive: dot_general | FLOPs (GB): 64.0 | Memory access (GB): 1.125 | Attainable performance: 37400 | Computation load: 0.001711229946524064
Eqn 36 in layer 6: Primitive: dot_general | FLOPs (GB): 3200.0 | Memory access (GB): 1.8203125 | Attainable performance: 37400 | Computation load: 0.0855614973262032
Eqn 63 in layer 6: Primitive: dot_general | FLOPs (GB): 512.0 | Memory access (GB): 0.34375 | Attainable performance: 37400 | Computation load: 0.013689839572192513
Eqn 71 in layer 6: Primitive: dot_general | FLOPs (GB): 3200.0 | Memory access (GB): 1.8203125 | Attainable performance: 37400 | Computation load: 0.0855614973262032
Eqn 98 in layer 6: Primitive: dot_general | FLOPs (GB): 384.0 | Memory access (GB): 0.2734375 | Attainable performance: 37400 | Computation load: 0.010267379679144385
Eqn 118 in layer 6: Primitive: dot_general | FLOPs (GB): 64.0 | Memory access (GB): 1.125 | Attainable performance: 37400 | Computation load: 0.001711229946524064
Eqn 130 in layer 6: Primitive: dot_general | FLOPs (GB): 64.0 | Memory access (GB): 1.125 | Attainable performance: 37400 | Computation load: 0.001711229946524064
Eqn 133 in layer 6: Primitive: dot_general | FLOPs (GB): 3200.0 | Memory access (GB): 1.8203125 | Attainable performance: 37400 | Computation load: 0.0855614973262032
Eqn 160 in layer 6: Primitive: dot_general | FLOPs (GB): 512.0 | Memory access (GB): 0.34375 | Attainable performance: 37400 | Computation load: 0.013689839572192513
Eqn 168 in layer 6: Primitive: dot_general | FLOPs (GB): 3200.0 | Memory access (GB): 1.8203125 | Attainable performance: 37400 | Computation load: 0.0855614973262032
Eqn 174 in layer 6: Primitive: remat2 | FLOPs (GB): 35456.0 | Memory access (GB): 33.9921875 | Attainable performance: 37400 | Computation load: 0.9480213903743315
Layer computation load: 1.3450267379679144

Layer 7:
Eqn 24 in layer 7: Primitive: dot_general | FLOPs (GB): 384.0 | Memory access (GB): 0.2734375 | Attainable performance: 37400 | Computation load: 0.010267379679144385
Eqn 44 in layer 7: Primitive: dot_general | FLOPs (GB): 64.0 | Memory access (GB): 1.125 | Attainable performance: 37400 | Computation load: 0.001711229946524064
Eqn 56 in layer 7: Primitive: dot_general | FLOPs (GB): 64.0 | Memory access (GB): 1.125 | Attainable performance: 37400 | Computation load: 0.001711229946524064
Eqn 59 in layer 7: Primitive: dot_general | FLOPs (GB): 3200.0 | Memory access (GB): 1.8203125 | Attainable performance: 37400 | Computation load: 0.0855614973262032
Eqn 86 in layer 7: Primitive: dot_general | FLOPs (GB): 512.0 | Memory access (GB): 0.34375 | Attainable performance: 37400 | Computation load: 0.013689839572192513
Eqn 94 in layer 7: Primitive: dot_general | FLOPs (GB): 3200.0 | Memory access (GB): 1.8203125 | Attainable performance: 37400 | Computation load: 0.0855614973262032
Eqn 121 in layer 7: Primitive: dot_general | FLOPs (GB): 384.0 | Memory access (GB): 0.2734375 | Attainable performance: 37400 | Computation load: 0.010267379679144385
Eqn 141 in layer 7: Primitive: dot_general | FLOPs (GB): 64.0 | Memory access (GB): 1.125 | Attainable performance: 37400 | Computation load: 0.001711229946524064
Eqn 153 in layer 7: Primitive: dot_general | FLOPs (GB): 64.0 | Memory access (GB): 1.125 | Attainable performance: 37400 | Computation load: 0.001711229946524064
Eqn 156 in layer 7: Primitive: dot_general | FLOPs (GB): 3200.0 | Memory access (GB): 1.8203125 | Attainable performance: 37400 | Computation load: 0.0855614973262032
Eqn 162 in layer 7: Primitive: remat2 | FLOPs (GB): 27008.0 | Memory access (GB): 28.9765625 | Attainable performance: 37400 | Computation load: 0.7221390374331551
Layer computation load: 1.0198930481283424

Layer 8:
Eqn 24 in layer 8: Primitive: dot_general | FLOPs (GB): 512.0 | Memory access (GB): 0.34375 | Attainable performance: 37400 | Computation load: 0.013689839572192513
Eqn 32 in layer 8: Primitive: dot_general | FLOPs (GB): 3200.0 | Memory access (GB): 1.8203125 | Attainable performance: 37400 | Computation load: 0.0855614973262032
Eqn 59 in layer 8: Primitive: dot_general | FLOPs (GB): 384.0 | Memory access (GB): 0.2734375 | Attainable performance: 37400 | Computation load: 0.010267379679144385
Eqn 79 in layer 8: Primitive: dot_general | FLOPs (GB): 64.0 | Memory access (GB): 1.125 | Attainable performance: 37400 | Computation load: 0.001711229946524064
Eqn 91 in layer 8: Primitive: dot_general | FLOPs (GB): 64.0 | Memory access (GB): 1.125 | Attainable performance: 37400 | Computation load: 0.001711229946524064
Eqn 94 in layer 8: Primitive: dot_general | FLOPs (GB): 3200.0 | Memory access (GB): 1.8203125 | Attainable performance: 37400 | Computation load: 0.0855614973262032
Eqn 121 in layer 8: Primitive: dot_general | FLOPs (GB): 512.0 | Memory access (GB): 0.34375 | Attainable performance: 37400 | Computation load: 0.013689839572192513
Eqn 129 in layer 8: Primitive: dot_general | FLOPs (GB): 3200.0 | Memory access (GB): 1.8203125 | Attainable performance: 37400 | Computation load: 0.0855614973262032
Eqn 158 in layer 8: Primitive: remat2 | FLOPs (GB): 27776.0 | Memory access (GB): 22.921875 | Attainable performance: 37400 | Computation load: 0.7426737967914439
Layer computation load: 1.040427807486631

Layer 9:
Eqn 1 in layer 9: Primitive: dot_general | FLOPs (GB): 384.0 | Memory access (GB): 0.2734375 | Attainable performance: 37400 | Computation load: 0.010267379679144385
Eqn 21 in layer 9: Primitive: dot_general | FLOPs (GB): 64.0 | Memory access (GB): 1.125 | Attainable performance: 37400 | Computation load: 0.001711229946524064
Eqn 33 in layer 9: Primitive: dot_general | FLOPs (GB): 64.0 | Memory access (GB): 1.125 | Attainable performance: 37400 | Computation load: 0.001711229946524064
Eqn 36 in layer 9: Primitive: dot_general | FLOPs (GB): 3200.0 | Memory access (GB): 1.8203125 | Attainable performance: 37400 | Computation load: 0.0855614973262032
Eqn 63 in layer 9: Primitive: dot_general | FLOPs (GB): 512.0 | Memory access (GB): 0.34375 | Attainable performance: 37400 | Computation load: 0.013689839572192513
Eqn 71 in layer 9: Primitive: dot_general | FLOPs (GB): 3200.0 | Memory access (GB): 1.8203125 | Attainable performance: 37400 | Computation load: 0.0855614973262032
Eqn 98 in layer 9: Primitive: dot_general | FLOPs (GB): 384.0 | Memory access (GB): 0.2734375 | Attainable performance: 37400 | Computation load: 0.010267379679144385
Eqn 118 in layer 9: Primitive: dot_general | FLOPs (GB): 64.0 | Memory access (GB): 1.125 | Attainable performance: 37400 | Computation load: 0.001711229946524064
Eqn 130 in layer 9: Primitive: dot_general | FLOPs (GB): 64.0 | Memory access (GB): 1.125 | Attainable performance: 37400 | Computation load: 0.001711229946524064
Eqn 133 in layer 9: Primitive: dot_general | FLOPs (GB): 3200.0 | Memory access (GB): 1.8203125 | Attainable performance: 37400 | Computation load: 0.0855614973262032
Eqn 139 in layer 9: Primitive: remat2 | FLOPs (GB): 27008.0 | Memory access (GB): 28.9765625 | Attainable performance: 37400 | Computation load: 0.7221390374331551
Layer computation load: 1.0198930481283424

Layer 10:
Eqn 24 in layer 10: Primitive: dot_general | FLOPs (GB): 512.0 | Memory access (GB): 0.34375 | Attainable performance: 37400 | Computation load: 0.013689839572192513
Eqn 32 in layer 10: Primitive: dot_general | FLOPs (GB): 3200.0 | Memory access (GB): 1.8203125 | Attainable performance: 37400 | Computation load: 0.0855614973262032
Eqn 59 in layer 10: Primitive: dot_general | FLOPs (GB): 384.0 | Memory access (GB): 0.2734375 | Attainable performance: 37400 | Computation load: 0.010267379679144385
Eqn 79 in layer 10: Primitive: dot_general | FLOPs (GB): 64.0 | Memory access (GB): 1.125 | Attainable performance: 37400 | Computation load: 0.001711229946524064
Eqn 91 in layer 10: Primitive: dot_general | FLOPs (GB): 64.0 | Memory access (GB): 1.125 | Attainable performance: 37400 | Computation load: 0.001711229946524064
Eqn 94 in layer 10: Primitive: dot_general | FLOPs (GB): 3200.0 | Memory access (GB): 1.8203125 | Attainable performance: 37400 | Computation load: 0.0855614973262032
Eqn 121 in layer 10: Primitive: dot_general | FLOPs (GB): 512.0 | Memory access (GB): 0.34375 | Attainable performance: 37400 | Computation load: 0.013689839572192513
Eqn 129 in layer 10: Primitive: dot_general | FLOPs (GB): 3200.0 | Memory access (GB): 1.8203125 | Attainable performance: 37400 | Computation load: 0.0855614973262032
Eqn 158 in layer 10: Primitive: remat2 | FLOPs (GB): 27776.0 | Memory access (GB): 22.921875 | Attainable performance: 37400 | Computation load: 0.7426737967914439
Layer computation load: 1.040427807486631

Layer 11:
Eqn 1 in layer 11: Primitive: dot_general | FLOPs (GB): 384.0 | Memory access (GB): 0.2734375 | Attainable performance: 37400 | Computation load: 0.010267379679144385
Eqn 21 in layer 11: Primitive: dot_general | FLOPs (GB): 64.0 | Memory access (GB): 1.125 | Attainable performance: 37400 | Computation load: 0.001711229946524064
Eqn 33 in layer 11: Primitive: dot_general | FLOPs (GB): 64.0 | Memory access (GB): 1.125 | Attainable performance: 37400 | Computation load: 0.001711229946524064
Eqn 36 in layer 11: Primitive: dot_general | FLOPs (GB): 3200.0 | Memory access (GB): 1.8203125 | Attainable performance: 37400 | Computation load: 0.0855614973262032
Eqn 63 in layer 11: Primitive: dot_general | FLOPs (GB): 512.0 | Memory access (GB): 0.34375 | Attainable performance: 37400 | Computation load: 0.013689839572192513
Eqn 71 in layer 11: Primitive: dot_general | FLOPs (GB): 3200.0 | Memory access (GB): 1.8203125 | Attainable performance: 37400 | Computation load: 0.0855614973262032
Eqn 98 in layer 11: Primitive: dot_general | FLOPs (GB): 384.0 | Memory access (GB): 0.2734375 | Attainable performance: 37400 | Computation load: 0.010267379679144385
Eqn 118 in layer 11: Primitive: dot_general | FLOPs (GB): 64.0 | Memory access (GB): 1.125 | Attainable performance: 37400 | Computation load: 0.001711229946524064
Eqn 130 in layer 11: Primitive: dot_general | FLOPs (GB): 64.0 | Memory access (GB): 1.125 | Attainable performance: 37400 | Computation load: 0.001711229946524064
Eqn 133 in layer 11: Primitive: dot_general | FLOPs (GB): 3200.0 | Memory access (GB): 1.8203125 | Attainable performance: 37400 | Computation load: 0.0855614973262032
Eqn 162 in layer 11: Primitive: remat2 | FLOPs (GB): 30208.0 | Memory access (GB): 30.796875 | Attainable performance: 37400 | Computation load: 0.8077005347593583
Layer computation load: 1.1054545454545455

Layer 12:
Eqn 1 in layer 12: Primitive: dot_general | FLOPs (GB): 512.0 | Memory access (GB): 0.34375 | Attainable performance: 37400 | Computation load: 0.013689839572192513
Eqn 9 in layer 12: Primitive: dot_general | FLOPs (GB): 3200.0 | Memory access (GB): 1.8203125 | Attainable performance: 37400 | Computation load: 0.0855614973262032
Eqn 36 in layer 12: Primitive: dot_general | FLOPs (GB): 384.0 | Memory access (GB): 0.2734375 | Attainable performance: 37400 | Computation load: 0.010267379679144385
Eqn 56 in layer 12: Primitive: dot_general | FLOPs (GB): 64.0 | Memory access (GB): 1.125 | Attainable performance: 37400 | Computation load: 0.001711229946524064
Eqn 68 in layer 12: Primitive: dot_general | FLOPs (GB): 64.0 | Memory access (GB): 1.125 | Attainable performance: 37400 | Computation load: 0.001711229946524064
Eqn 71 in layer 12: Primitive: dot_general | FLOPs (GB): 3200.0 | Memory access (GB): 1.8203125 | Attainable performance: 37400 | Computation load: 0.0855614973262032
Eqn 98 in layer 12: Primitive: dot_general | FLOPs (GB): 512.0 | Memory access (GB): 0.34375 | Attainable performance: 37400 | Computation load: 0.013689839572192513
Eqn 106 in layer 12: Primitive: dot_general | FLOPs (GB): 3200.0 | Memory access (GB): 1.8203125 | Attainable performance: 37400 | Computation load: 0.0855614973262032
Eqn 133 in layer 12: Primitive: dot_general | FLOPs (GB): 384.0 | Memory access (GB): 0.2734375 | Attainable performance: 37400 | Computation load: 0.010267379679144385
Eqn 153 in layer 12: Primitive: dot_general | FLOPs (GB): 64.0 | Memory access (GB): 1.125 | Attainable performance: 37400 | Computation load: 0.001711229946524064
Eqn 165 in layer 12: Primitive: dot_general | FLOPs (GB): 64.0 | Memory access (GB): 1.125 | Attainable performance: 37400 | Computation load: 0.001711229946524064
Eqn 168 in layer 12: Primitive: dot_general | FLOPs (GB): 3200.0 | Memory access (GB): 1.8203125 | Attainable performance: 37400 | Computation load: 0.0855614973262032
Eqn 174 in layer 12: Primitive: remat2 | FLOPs (GB): 35456.0 | Memory access (GB): 33.9921875 | Attainable performance: 37400 | Computation load: 0.9480213903743315
Layer computation load: 1.3450267379679144

Layer 13:
Eqn 24 in layer 13: Primitive: dot_general | FLOPs (GB): 512.0 | Memory access (GB): 0.34375 | Attainable performance: 37400 | Computation load: 0.013689839572192513
Eqn 32 in layer 13: Primitive: dot_general | FLOPs (GB): 3200.0 | Memory access (GB): 1.8203125 | Attainable performance: 37400 | Computation load: 0.0855614973262032
Eqn 59 in layer 13: Primitive: dot_general | FLOPs (GB): 384.0 | Memory access (GB): 0.2734375 | Attainable performance: 37400 | Computation load: 0.010267379679144385
Eqn 79 in layer 13: Primitive: dot_general | FLOPs (GB): 64.0 | Memory access (GB): 1.125 | Attainable performance: 37400 | Computation load: 0.001711229946524064
Eqn 91 in layer 13: Primitive: dot_general | FLOPs (GB): 64.0 | Memory access (GB): 1.125 | Attainable performance: 37400 | Computation load: 0.001711229946524064
Eqn 94 in layer 13: Primitive: dot_general | FLOPs (GB): 3200.0 | Memory access (GB): 1.8203125 | Attainable performance: 37400 | Computation load: 0.0855614973262032
Eqn 121 in layer 13: Primitive: dot_general | FLOPs (GB): 512.0 | Memory access (GB): 0.34375 | Attainable performance: 37400 | Computation load: 0.013689839572192513
Eqn 129 in layer 13: Primitive: dot_general | FLOPs (GB): 3200.0 | Memory access (GB): 1.8203125 | Attainable performance: 37400 | Computation load: 0.0855614973262032
Eqn 158 in layer 13: Primitive: remat2 | FLOPs (GB): 27776.0 | Memory access (GB): 22.921875 | Attainable performance: 37400 | Computation load: 0.7426737967914439
Layer computation load: 1.040427807486631

Layer 14:
Eqn 1 in layer 14: Primitive: dot_general | FLOPs (GB): 384.0 | Memory access (GB): 0.2734375 | Attainable performance: 37400 | Computation load: 0.010267379679144385
Eqn 21 in layer 14: Primitive: dot_general | FLOPs (GB): 64.0 | Memory access (GB): 1.125 | Attainable performance: 37400 | Computation load: 0.001711229946524064
Eqn 33 in layer 14: Primitive: dot_general | FLOPs (GB): 64.0 | Memory access (GB): 1.125 | Attainable performance: 37400 | Computation load: 0.001711229946524064
Eqn 36 in layer 14: Primitive: dot_general | FLOPs (GB): 3200.0 | Memory access (GB): 1.8203125 | Attainable performance: 37400 | Computation load: 0.0855614973262032
Eqn 63 in layer 14: Primitive: dot_general | FLOPs (GB): 512.0 | Memory access (GB): 0.34375 | Attainable performance: 37400 | Computation load: 0.013689839572192513
Eqn 71 in layer 14: Primitive: dot_general | FLOPs (GB): 3200.0 | Memory access (GB): 1.8203125 | Attainable performance: 37400 | Computation load: 0.0855614973262032
Eqn 98 in layer 14: Primitive: dot_general | FLOPs (GB): 384.0 | Memory access (GB): 0.2734375 | Attainable performance: 37400 | Computation load: 0.010267379679144385
Eqn 118 in layer 14: Primitive: dot_general | FLOPs (GB): 64.0 | Memory access (GB): 1.125 | Attainable performance: 37400 | Computation load: 0.001711229946524064
Eqn 130 in layer 14: Primitive: dot_general | FLOPs (GB): 64.0 | Memory access (GB): 1.125 | Attainable performance: 37400 | Computation load: 0.001711229946524064
Eqn 133 in layer 14: Primitive: dot_general | FLOPs (GB): 3200.0 | Memory access (GB): 1.8203125 | Attainable performance: 37400 | Computation load: 0.0855614973262032
Eqn 139 in layer 14: Primitive: remat2 | FLOPs (GB): 27008.0 | Memory access (GB): 28.9765625 | Attainable performance: 37400 | Computation load: 0.7221390374331551
Layer computation load: 1.0198930481283424

Layer 15:
Eqn 3 in layer 15: Primitive: remat2 | FLOPs (GB): 24576.0 | Memory access (GB): 14.25 | Attainable performance: 37400 | Computation load: 0.6571122994652406
Layer computation load: 0.6571122994652406
Layer memory access: [26.41601563245058, 47.0078125, 31.59375, 41.6484375, 47.0078125, 31.59375, 47.0078125, 39.828125, 31.59375, 39.828125, 31.59375, 41.6484375, 47.0078125, 31.59375, 39.828125, 14.25]

Layer GPU fractions:
[0.756, 1.242, 0.961, 1.021, 1.242, 0.961, 1.242, 0.942, 0.961, 0.942, 0.961, 1.021, 1.242, 0.961, 0.942, 0.607]

Layer GPU fractions:
[0.756, 1.242, 0.961, 1.021, 1.242, 0.961, 1.242, 0.942, 0.961, 0.942, 0.961, 1.021, 1.242, 0.961, 0.942, 0.607]

[[[0, 1], [2, 3], [4, 5], [6, 7], [8, 9], [10, 11], [12, 13], [14, 15]]]

[[[0, 1], [2, 3], [4, 5], [6, 7], [8, 9], [10, 11], [12, 13], [14, 15]]]

[[0, 1], [2, 3], [4, 5], [6, 7], [8, 9], [10, 11], [12, 13], [14, 15]]
4290248704.0
0.5742264361730484
([2, 2, 2, 2, 2, 2, 2, 2], 0.5742264361730484)

{'0_1__2_3__4_5__6_7__8_9__10_11__12_13__14_15': {0: {'1_2': (1.998, 2, 2.1638502673796793, 2516582400.0, 0, 0), '2_1': (1.998, 2, 2.1638502673796793, 0, 568590336.0, 0)}, 1: {'1_2': (1.9819999999999998, 2, 2.1458823529411766, 2617245696.0, 0, 0), '2_1': (1.9819999999999998, 2, 2.1458823529411766, 0, 529268736.0, 0)}, 2: {'1_2': (2.203, 2, 2.3854545454545457, 2785017856.0, 0, 0), '2_1': (2.203, 2, 2.3854545454545457, 0, 556007424.0, 0)}, 3: {'1_2': (2.184, 2, 2.364919786096257, 3321888768.0, 0, 0), '2_1': (2.184, 2, 2.364919786096257, 0, 659292160.0, 0)}, 4: {'1_2': (1.903, 2, 2.0603208556149735, 2617245696.0, 0, 0), '2_1': (1.903, 2, 2.0603208556149735, 0, 522715136.0, 0)}, 5: {'1_2': (1.9819999999999998, 2, 2.1458823529411766, 2617245696.0, 0, 0), '2_1': (1.9819999999999998, 2, 2.1458823529411766, 0, 529268736.0, 0)}, 6: {'1_2': (2.203, 2, 2.3854545454545457, 2785017856.0, 0, 0), '2_1': (2.203, 2, 2.3854545454545457, 0, 556007424.0, 0)}, 7: {'1_2': (1.549, 2, 1.677005347593583, 1577058304.0, 0, 0), '2_1': (1.549, 2, 1.677005347593583, 0, 369098752.0, 0)}}}
[I] Pipeline partition mode: auto | Layer-to-stage partition: [[0, 1], [2, 3], [4, 5], [6, 7], [8, 9], [10, 11], [12, 13], [14, 15]]
[I] Pipeline partition mode: auto | Cell-generated physical mesh shapes: [(1, 2), (1, 2), (1, 2), (1, 2), (1, 2), (1, 2), (1, 2), (1, 2)]
[I] Loading model and transform to Jaxpr stages takes 70.59396743774414 s.
[I] The GPU sharding of pipeline stages is: [2, 2, 2, 2, 2, 2, 2, 2]
[I] Pipeline partition mode: auto | Parallel enum mode: auto | Parallel plans: [[StageShape(type='single', stage_shape=(1, 2), layer_shape=None), StageShape(type='single', stage_shape=(1, 2), layer_shape=None), StageShape(type='single', stage_shape=(1, 2), layer_shape=None), StageShape(type='single', stage_shape=(1, 2), layer_shape=None), StageShape(type='single', stage_shape=(1, 2), layer_shape=None), StageShape(type='single', stage_shape=(2, 1), layer_shape=None), StageShape(type='single', stage_shape=(2, 1), layer_shape=None), StageShape(type='single', stage_shape=(1, 2), layer_shape=None)]]

[I] (Parallel plan idx: 0) Sharding stages...
[I] Sharding stages takes 17.863906621932983 s.
[I] (Parallel plan idx: 0) SPMD partitioning and compiling (kernel fusing) HLO stages...
[I] SPMD partitioning and pre-compiling HLO modules concurrently takes 3.162015676498413 s.

[I] All parallel plans in the cell have been sharded and compiled.
[TMP] Writing only-sharded HLO text to '/home/cyxue/Projects/crius/Crius/runtime/jaxpr/tmp/bert_1.3B_256_sharded_stages.pkl'...
[TMP] Writing optimized HLO text to '/home/cyxue/Projects/crius/Crius/runtime/jaxpr/tmp/bert_1.3B_256_optimized_stages.pkl'...
[TMP] Writing inter-stages communicated vars to '/home/cyxue/Projects/crius/Crius/runtime/jaxpr/tmp/bert_1.3B_256_inter_stages_comm_vars.pkl'

[I] Parallel plan idx: 0 | Parallelism: [(1, 2), (1, 2), (1, 2), (1, 2), (1, 2), (2, 1), (2, 1), (1, 2)]

[I] (Parallel plan idx: 0) Parsing HLO texts and profiling XLA operators...
[I] Pipeline partition mode: auto | Preset physical mesh shapes: [(1, 2), (1, 2), (1, 2), (1, 2), (1, 2), (1, 2), (1, 2), (1, 2)]
[TMP] Loading offline profiled communication data: `1_a40_1_n_2_d_ib.pkl`...
[TMP] Loading offline profiled communication data: `2_a40_2_n_1_d_ib.pkl`...
\Time of module 0 (stage 0):
Intra-stage comm time: 0.03324767053127289
Grad sync time: 0

[I] Optimized module 0 for stage 0, comm time has been statically analyzed.
\Time of module 1 (stage 1):
Intra-stage comm time: 0.033378854393959045
Grad sync time: 0

[I] Optimized module 1 for stage 1, comm time has been statically analyzed.
\Time of module 2 (stage 2):
Intra-stage comm time: 0.04218418896198273
Grad sync time: 0

[I] Optimized module 2 for stage 2, comm time has been statically analyzed.
\Time of module 3 (stage 3):
Intra-stage comm time: 0.03927398324012756
Grad sync time: 0

[I] Optimized module 3 for stage 3, comm time has been statically analyzed.
\Time of module 4 (stage 4):
Intra-stage comm time: 0.03324767053127289
Grad sync time: 0

[I] Optimized module 4 for stage 4, comm time has been statically analyzed.
\Time of module 5 (stage 5):
Intra-stage comm time: 0
Grad sync time: 0

[I] Optimized module 5 for stage 5, comm time has been statically analyzed.
\Time of module 6 (stage 6):
Intra-stage comm time: 0
Grad sync time: 0

[I] Optimized module 6 for stage 6, comm time has been statically analyzed.
\Time of module 7 (stage 7):
Intra-stage comm time: 0.018078938126564026
Grad sync time: 0

[I] Optimized module 7 for stage 7, comm time has been statically analyzed.
\Time of module 8 (stage 7):
Intra-stage comm time: 0.05747578053269535
Grad sync time: 0

[I] Optimized module 8 for stage 7, comm time has been statically analyzed.
\Time of module 9 (stage 6):
Intra-stage comm time: 0.0
Grad sync time: 0.02846987719054927

[I] Optimized module 9 for stage 6, comm time has been statically analyzed.
\Time of module 10 (stage 5):
Intra-stage comm time: 0.0
Grad sync time: 0.02338260996621102

[I] Optimized module 10 for stage 5, comm time has been statically analyzed.
\Time of module 11 (stage 4):
Intra-stage comm time: 0.06628943979740143
Grad sync time: 0

[I] Optimized module 11 for stage 4, comm time has been statically analyzed.
\Time of module 12 (stage 3):
Intra-stage comm time: 0.0723157525062561
Grad sync time: 0

[I] Optimized module 12 for stage 3, comm time has been statically analyzed.
\Time of module 13 (stage 2):
Intra-stage comm time: 0.07834206521511078
Grad sync time: 0

[I] Optimized module 13 for stage 2, comm time has been statically analyzed.
\Time of module 14 (stage 1):
Intra-stage comm time: 0.0723157525062561
Grad sync time: 0

[I] Optimized module 14 for stage 1, comm time has been statically analyzed.
\Time of module 15 (stage 0):
Intra-stage comm time: 0.06026312708854675
Grad sync time: 0

[I] Optimized module 15 for stage 0, comm time has been statically analyzed.
\Time of module 16 (stage 0):
Intra-stage comm time: 0
Grad sync time: 0

[I] Optimized module 16 for stage 0, comm time has been statically analyzed.
\Time of module 17 (stage 1):
Intra-stage comm time: 0
Grad sync time: 0

[I] Optimized module 17 for stage 1, comm time has been statically analyzed.
\Time of module 18 (stage 2):
Intra-stage comm time: 0
Grad sync time: 0

[I] Optimized module 18 for stage 2, comm time has been statically analyzed.
\Time of module 19 (stage 3):
Intra-stage comm time: 0
Grad sync time: 0

[I] Optimized module 19 for stage 3, comm time has been statically analyzed.
\Time of module 20 (stage 4):
Intra-stage comm time: 0
Grad sync time: 0

[I] Optimized module 20 for stage 4, comm time has been statically analyzed.
\Time of module 21 (stage 5):
Intra-stage comm time: 0.014602875709533692
Grad sync time: 0

[I] Optimized module 21 for stage 5, comm time has been statically analyzed.
\Time of module 22 (stage 6):
Intra-stage comm time: 0.017561557888984683
Grad sync time: 0

[I] Optimized module 22 for stage 6, comm time has been statically analyzed.
\Time of module 23 (stage 7):
Intra-stage comm time: 0
Grad sync time: 0

[I] Optimized module 23 for stage 7, comm time has been statically analyzed.
[TMP] Memory footprint of the stage 0 is 2.4144115522503853 GB, while the available memory of the XLA device is 35.33237304631621 GB.
[TMP] Memory footprint of the stage 1 is 1.798250202089548 GB, while the available memory of the XLA device is 35.33237304631621 GB.
[TMP] Memory footprint of the stage 2 is 2.142145160585642 GB, while the available memory of the XLA device is 35.33237304631621 GB.
[TMP] Memory footprint of the stage 3 is 1.970146182924509 GB, while the available memory of the XLA device is 35.33237304631621 GB.
[TMP] Memory footprint of the stage 4 is 1.7981662787497044 GB, while the available memory of the XLA device is 35.33237304631621 GB.
[TMP] Memory footprint of the stage 5 is 2.376304630190134 GB, while the available memory of the XLA device is 35.33237304631621 GB.
[TMP] Memory footprint of the stage 6 is 2.876457218080759 GB, while the available memory of the XLA device is 35.33237304631621 GB.
[TMP] Memory footprint of the stage 7 is 2.2046089209616184 GB, while the available memory of the XLA device is 35.33237304631621 GB.
[I] Only-sharded module 0 for stage 0, constructing entry XLA computation...
[I] Compiling HLO module...
[I] Profiling HLO modules...
    - Iteration 0/5: Kernel execution time: 0.05812396000000002 s.
    - Iteration 1/5: Kernel execution time: 0.058132088000000026 s.
    - Iteration 2/5: Kernel execution time: 0.058153658999999976 s.
    - Iteration 3/5: Kernel execution time: 0.058056374 s.
    - Iteration 4/5: Kernel execution time: 0.058247514999999986 s.
[I] Only-sharded module 1 for stage 1, constructing entry XLA computation...
[I] Compiling HLO module...
[I] Profiling HLO modules...
    - Iteration 0/5: Kernel execution time: 0.050289261999999973 s.
    - Iteration 1/5: Kernel execution time: 0.050099953999999995 s.
    - Iteration 2/5: Kernel execution time: 0.050268693 s.
    - Iteration 3/5: Kernel execution time: 0.05029781500000001 s.
    - Iteration 4/5: Kernel execution time: 0.050131701000000015 s.
[I] Only-sharded module 2 for stage 2, constructing entry XLA computation...
[I] Compiling HLO module...
[I] Profiling HLO modules...
    - Iteration 0/5: Kernel execution time: 0.056273660999999996 s.
    - Iteration 1/5: Kernel execution time: 0.05613167699999999 s.
    - Iteration 2/5: Kernel execution time: 0.05633558299999998 s.
    - Iteration 3/5: Kernel execution time: 0.05634950300000001 s.
    - Iteration 4/5: Kernel execution time: 0.05626867399999999 s.
[I] Only-sharded module 3 for stage 3, constructing entry XLA computation...
[I] Compiling HLO module...
[I] Profiling HLO modules...
    - Iteration 0/5: Kernel execution time: 0.06020174400000001 s.
    - Iteration 1/5: Kernel execution time: 0.06035359300000001 s.
    - Iteration 2/5: Kernel execution time: 0.06006977299999997 s.
    - Iteration 3/5: Kernel execution time: 0.06021415800000002 s.
    - Iteration 4/5: Kernel execution time: 0.060292048 s.
[I] Only-sharded module 4 for stage 4, constructing entry XLA computation...
[I] Compiling HLO module...
[I] Profiling HLO modules...
    - Iteration 0/5: Kernel execution time: 0.05041352100000002 s.
    - Iteration 1/5: Kernel execution time: 0.050406259 s.
    - Iteration 2/5: Kernel execution time: 0.05050052800000001 s.
    - Iteration 3/5: Kernel execution time: 0.05056903900000001 s.
    - Iteration 4/5: Kernel execution time: 0.05022289900000001 s.
[I] Only-sharded module 5 for stage 5, constructing entry XLA computation...
[I] Compiling HLO module...
[I] Profiling HLO modules...
    - Iteration 0/5: Kernel execution time: 0.04937817 s.
    - Iteration 1/5: Kernel execution time: 0.049034997 s.
    - Iteration 2/5: Kernel execution time: 0.04925602300000002 s.
    - Iteration 3/5: Kernel execution time: 0.04911771999999999 s.
    - Iteration 4/5: Kernel execution time: 0.049302006999999995 s.
[I] Only-sharded module 6 for stage 6, constructing entry XLA computation...
[I] Compiling HLO module...
[I] Profiling HLO modules...
    - Iteration 0/5: Kernel execution time: 0.05439913800000001 s.
    - Iteration 1/5: Kernel execution time: 0.054347919000000015 s.
    - Iteration 2/5: Kernel execution time: 0.054144624 s.
    - Iteration 3/5: Kernel execution time: 0.054465546 s.
    - Iteration 4/5: Kernel execution time: 0.05419924500000001 s.
[I] Only-sharded module 7 for stage 7, constructing entry XLA computation...
[I] Compiling HLO module...
[I] Profiling HLO modules...
    - Iteration 0/5: Kernel execution time: 0.026968132000000002 s.
    - Iteration 1/5: Kernel execution time: 0.026882412000000012 s.
    - Iteration 2/5: Kernel execution time: 0.02685702999999999 s.
    - Iteration 3/5: Kernel execution time: 0.026834659999999996 s.
    - Iteration 4/5: Kernel execution time: 0.026908132999999997 s.
[I] Only-sharded module 8 for stage 7, constructing entry XLA computation...
[I] Compiling HLO module...
[I] Profiling HLO modules...
    - Iteration 0/5: Kernel execution time: 0.13653165199999995 s.
    - Iteration 1/5: Kernel execution time: 0.136053828 s.
    - Iteration 2/5: Kernel execution time: 0.13573883299999995 s.
    - Iteration 3/5: Kernel execution time: 0.13658851700000002 s.
    - Iteration 4/5: Kernel execution time: 0.13567389500000002 s.
[I] Only-sharded module 9 for stage 6, constructing entry XLA computation...
[I] Compiling HLO module...
[I] Profiling HLO modules...
    - Iteration 0/5: Kernel execution time: 0.13832624400000001 s.
    - Iteration 1/5: Kernel execution time: 0.137430758 s.
    - Iteration 2/5: Kernel execution time: 0.1369248049999999 s.
    - Iteration 3/5: Kernel execution time: 0.13735795600000003 s.
    - Iteration 4/5: Kernel execution time: 0.137188972 s.
[I] Only-sharded module 10 for stage 5, constructing entry XLA computation...
[I] Compiling HLO module...
[I] Profiling HLO modules...
    - Iteration 0/5: Kernel execution time: 0.12529477100000003 s.
    - Iteration 1/5: Kernel execution time: 0.12545874000000007 s.
    - Iteration 2/5: Kernel execution time: 0.12426923499999998 s.
    - Iteration 3/5: Kernel execution time: 0.12488564600000007 s.
    - Iteration 4/5: Kernel execution time: 0.124672495 s.
[I] Only-sharded module 11 for stage 4, constructing entry XLA computation...
[I] Compiling HLO module...
[I] Profiling HLO modules...
    - Iteration 0/5: Kernel execution time: 0.12114141500000003 s.
    - Iteration 1/5: Kernel execution time: 0.12106031699999999 s.
    - Iteration 2/5: Kernel execution time: 0.12120908500000009 s.
    - Iteration 3/5: Kernel execution time: 0.12087429200000001 s.
    - Iteration 4/5: Kernel execution time: 0.12124166500000003 s.
[I] Only-sharded module 12 for stage 3, constructing entry XLA computation...
[I] Compiling HLO module...
[I] Profiling HLO modules...
    - Iteration 0/5: Kernel execution time: 0.14308005400000007 s.
    - Iteration 1/5: Kernel execution time: 0.142772751 s.
    - Iteration 2/5: Kernel execution time: 0.14293989000000004 s.
    - Iteration 3/5: Kernel execution time: 0.14293791000000006 s.
    - Iteration 4/5: Kernel execution time: 0.142950813 s.
[I] Only-sharded module 13 for stage 2, constructing entry XLA computation...
[I] Compiling HLO module...
[I] Profiling HLO modules...
    - Iteration 0/5: Kernel execution time: 0.13547967600000002 s.
    - Iteration 1/5: Kernel execution time: 0.13536241499999999 s.
    - Iteration 2/5: Kernel execution time: 0.13545992000000004 s.
    - Iteration 3/5: Kernel execution time: 0.13558054900000005 s.
    - Iteration 4/5: Kernel execution time: 0.135599213 s.
[I] Only-sharded module 14 for stage 1, constructing entry XLA computation...
[I] Compiling HLO module...
[I] Profiling HLO modules...
    - Iteration 0/5: Kernel execution time: 0.12351022900000001 s.
    - Iteration 1/5: Kernel execution time: 0.12339157700000003 s.
    - Iteration 2/5: Kernel execution time: 0.12324767399999996 s.
    - Iteration 3/5: Kernel execution time: 0.12338859999999997 s.
    - Iteration 4/5: Kernel execution time: 0.12329672899999998 s.
[I] Only-sharded module 15 for stage 0, constructing entry XLA computation...
[I] Compiling HLO module...
[I] Profiling HLO modules...
    - Iteration 0/5: Kernel execution time: 0.13293002300000004 s.
    - Iteration 1/5: Kernel execution time: 0.13237524300000003 s.
    - Iteration 2/5: Kernel execution time: 0.13257034500000003 s.
    - Iteration 3/5: Kernel execution time: 0.13228382099999997 s.
    - Iteration 4/5: Kernel execution time: 0.13245942700000005 s.
[I] Only-sharded module 16 for stage 0, constructing entry XLA computation...
[I] Compiling HLO module...
[I] Profiling HLO modules...
    - Iteration 0/5: Kernel execution time: 0.00616411 s.
    - Iteration 1/5: Kernel execution time: 0.0061589900000000005 s.
    - Iteration 2/5: Kernel execution time: 0.006160397000000001 s.
    - Iteration 3/5: Kernel execution time: 0.0061557240000000004 s.
    - Iteration 4/5: Kernel execution time: 0.006163657 s.
[I] Only-sharded module 17 for stage 1, constructing entry XLA computation...
[I] Compiling HLO module...
[I] Profiling HLO modules...
    - Iteration 0/5: Kernel execution time: 0.004195859000000001 s.
    - Iteration 1/5: Kernel execution time: 0.004184210000000001 s.
    - Iteration 2/5: Kernel execution time: 0.004197747 s.
    - Iteration 3/5: Kernel execution time: 0.004195443 s.
    - Iteration 4/5: Kernel execution time: 0.004196434000000001 s.
[I] Only-sharded module 18 for stage 2, constructing entry XLA computation...
[I] Compiling HLO module...
[I] Profiling HLO modules...
    - Iteration 0/5: Kernel execution time: 0.005111600000000001 s.
    - Iteration 1/5: Kernel execution time: 0.005106479000000001 s.
    - Iteration 2/5: Kernel execution time: 0.005108466000000001 s.
    - Iteration 3/5: Kernel execution time: 0.005125744000000001 s.
    - Iteration 4/5: Kernel execution time: 0.005119152 s.
[I] Only-sharded module 19 for stage 3, constructing entry XLA computation...
[I] Compiling HLO module...
[I] Profiling HLO modules...
    - Iteration 0/5: Kernel execution time: 0.004649201 s.
    - Iteration 1/5: Kernel execution time: 0.004661233000000001 s.
    - Iteration 2/5: Kernel execution time: 0.00466197 s.
    - Iteration 3/5: Kernel execution time: 0.0046587090000000005 s.
    - Iteration 4/5: Kernel execution time: 0.004655187 s.
[I] Only-sharded module 20 for stage 4, constructing entry XLA computation...
[I] Compiling HLO module...
[I] Profiling HLO modules...
    - Iteration 0/5: Kernel execution time: 0.004178355 s.
    - Iteration 1/5: Kernel execution time: 0.0041909949999999994 s.
    - Iteration 2/5: Kernel execution time: 0.004191091000000001 s.
    - Iteration 3/5: Kernel execution time: 0.004191092 s.
    - Iteration 4/5: Kernel execution time: 0.0041857150000000004 s.
[I] Only-sharded module 21 for stage 5, constructing entry XLA computation...
[I] Compiling HLO module...
[I] Profiling HLO modules...
    - Iteration 0/5: Kernel execution time: 0.004989808 s.
    - Iteration 1/5: Kernel execution time: 0.004991087 s.
    - Iteration 2/5: Kernel execution time: 0.004994930000000001 s.
    - Iteration 3/5: Kernel execution time: 0.0049924010000000005 s.
    - Iteration 4/5: Kernel execution time: 0.004993648000000001 s.
[I] Only-sharded module 22 for stage 6, constructing entry XLA computation...
[I] Compiling HLO module...
[I] Profiling HLO modules...
    - Iteration 0/5: Kernel execution time: 0.006075468000000001 s.
    - Iteration 1/5: Kernel execution time: 0.006080399 s.
    - Iteration 2/5: Kernel execution time: 0.006083152 s.
    - Iteration 3/5: Kernel execution time: 0.006072462 s.
    - Iteration 4/5: Kernel execution time: 0.00608472 s.
[I] Only-sharded module 23 for stage 7, constructing entry XLA computation...
[I] Compiling HLO module...
[I] Profiling HLO modules...
    - Iteration 0/5: Kernel execution time: 0.005803085000000001 s.
    - Iteration 1/5: Kernel execution time: 0.0057924610000000005 s.
    - Iteration 2/5: Kernel execution time: 0.005796465000000001 s.
    - Iteration 3/5: Kernel execution time: 0.005797934 s.
    - Iteration 4/5: Kernel execution time: 0.005801901 s.
[I] Constructing single-device HLO modules concurrently takes 0.0468442440032959 s.
[I] Compile single-device HLO modules concurrently takes 32.49453592300415 s.
[I] Profile all compiled sequentially on one GPU takes 17.784916162490845 s.
[I] Estimated e2e pipeline iteration time is: 8.238694893395506 s.
    - Kernel computation time is: -1.0 s.
    - Communication time is: -1.0 s.
    - Cross-stages communication time is: -1.0 s.
