
[I] Loading Crius kernel-level profiler...
[TMP] Profiling results not found in `None`, creating it...

[I] Loading model and generating sharded HLO module...
[I] Initializing XLA devices takes 0.6343832015991211 s.
[I] Loading flax model....
[I] Model 'bert' loads sucessfully. Model Info: 

FlaxBertForMaskedLMModule(
    # attributes
    config = <model.bert_model.BertConfig object at 0x7f02f6ddb7c0>
    dtype = float16
) 

[I] Initialize training state...
[I] Training state initialization is completed.
[I] Constructing general train step func...
[I] General train step func construction is completed.
[I] Model has been loaded, begin Jaxpr transformation...


Layer 0:
Eqn 5 in layer 0: Primitive: dot_general | FLOPs (GB): 3200.0 | Memory access (GB): 1.8203125 | Attainable performance: 37400 | Computation load: 0.0855614973262032
Eqn 10 in layer 0: Primitive: dot_general | FLOPs (GB): 3200.0 | Memory access (GB): 1.8203125 | Attainable performance: 37400 | Computation load: 0.0855614973262032
Eqn 36 in layer 0: Primitive: dot_general | FLOPs (GB): 384.0 | Memory access (GB): 0.2734375 | Attainable performance: 37400 | Computation load: 0.010267379679144385
Eqn 56 in layer 0: Primitive: dot_general | FLOPs (GB): 64.0 | Memory access (GB): 1.125 | Attainable performance: 37400 | Computation load: 0.001711229946524064
Eqn 68 in layer 0: Primitive: dot_general | FLOPs (GB): 64.0 | Memory access (GB): 1.125 | Attainable performance: 37400 | Computation load: 0.001711229946524064
Eqn 71 in layer 0: Primitive: dot_general | FLOPs (GB): 3200.0 | Memory access (GB): 1.8203125 | Attainable performance: 37400 | Computation load: 0.0855614973262032
Eqn 100 in layer 0: Primitive: remat2 | FLOPs (GB): 20512.0 | Memory access (GB): 18.43164063245058 | Attainable performance: 37400 | Computation load: 0.5484491978609626
Layer computation load: 0.8188235294117647

Layer 1:
Eqn 1 in layer 1: Primitive: dot_general | FLOPs (GB): 512.0 | Memory access (GB): 0.34375 | Attainable performance: 37400 | Computation load: 0.013689839572192513
Eqn 9 in layer 1: Primitive: dot_general | FLOPs (GB): 3200.0 | Memory access (GB): 1.8203125 | Attainable performance: 37400 | Computation load: 0.0855614973262032
Eqn 36 in layer 1: Primitive: dot_general | FLOPs (GB): 384.0 | Memory access (GB): 0.2734375 | Attainable performance: 37400 | Computation load: 0.010267379679144385
Eqn 56 in layer 1: Primitive: dot_general | FLOPs (GB): 64.0 | Memory access (GB): 1.125 | Attainable performance: 37400 | Computation load: 0.001711229946524064
Eqn 68 in layer 1: Primitive: dot_general | FLOPs (GB): 64.0 | Memory access (GB): 1.125 | Attainable performance: 37400 | Computation load: 0.001711229946524064
Eqn 71 in layer 1: Primitive: dot_general | FLOPs (GB): 3200.0 | Memory access (GB): 1.8203125 | Attainable performance: 37400 | Computation load: 0.0855614973262032
Eqn 98 in layer 1: Primitive: dot_general | FLOPs (GB): 512.0 | Memory access (GB): 0.34375 | Attainable performance: 37400 | Computation load: 0.013689839572192513
Eqn 106 in layer 1: Primitive: dot_general | FLOPs (GB): 3200.0 | Memory access (GB): 1.8203125 | Attainable performance: 37400 | Computation load: 0.0855614973262032
Eqn 133 in layer 1: Primitive: dot_general | FLOPs (GB): 384.0 | Memory access (GB): 0.2734375 | Attainable performance: 37400 | Computation load: 0.010267379679144385
Eqn 153 in layer 1: Primitive: dot_general | FLOPs (GB): 64.0 | Memory access (GB): 1.125 | Attainable performance: 37400 | Computation load: 0.001711229946524064
Eqn 165 in layer 1: Primitive: dot_general | FLOPs (GB): 64.0 | Memory access (GB): 1.125 | Attainable performance: 37400 | Computation load: 0.001711229946524064
Eqn 168 in layer 1: Primitive: dot_general | FLOPs (GB): 3200.0 | Memory access (GB): 1.8203125 | Attainable performance: 37400 | Computation load: 0.0855614973262032
Eqn 174 in layer 1: Primitive: remat2 | FLOPs (GB): 35456.0 | Memory access (GB): 33.9921875 | Attainable performance: 37400 | Computation load: 0.9480213903743315
Layer computation load: 1.3450267379679144

Layer 2:
Eqn 24 in layer 2: Primitive: dot_general | FLOPs (GB): 512.0 | Memory access (GB): 0.34375 | Attainable performance: 37400 | Computation load: 0.013689839572192513
Eqn 32 in layer 2: Primitive: dot_general | FLOPs (GB): 3200.0 | Memory access (GB): 1.8203125 | Attainable performance: 37400 | Computation load: 0.0855614973262032
Eqn 59 in layer 2: Primitive: dot_general | FLOPs (GB): 384.0 | Memory access (GB): 0.2734375 | Attainable performance: 37400 | Computation load: 0.010267379679144385
Eqn 79 in layer 2: Primitive: dot_general | FLOPs (GB): 64.0 | Memory access (GB): 1.125 | Attainable performance: 37400 | Computation load: 0.001711229946524064
Eqn 91 in layer 2: Primitive: dot_general | FLOPs (GB): 64.0 | Memory access (GB): 1.125 | Attainable performance: 37400 | Computation load: 0.001711229946524064
Eqn 94 in layer 2: Primitive: dot_general | FLOPs (GB): 3200.0 | Memory access (GB): 1.8203125 | Attainable performance: 37400 | Computation load: 0.0855614973262032
Eqn 121 in layer 2: Primitive: dot_general | FLOPs (GB): 512.0 | Memory access (GB): 0.34375 | Attainable performance: 37400 | Computation load: 0.013689839572192513
Eqn 129 in layer 2: Primitive: dot_general | FLOPs (GB): 3200.0 | Memory access (GB): 1.8203125 | Attainable performance: 37400 | Computation load: 0.0855614973262032
Eqn 158 in layer 2: Primitive: remat2 | FLOPs (GB): 27776.0 | Memory access (GB): 22.921875 | Attainable performance: 37400 | Computation load: 0.7426737967914439
Layer computation load: 1.040427807486631

Layer 3:
Eqn 1 in layer 3: Primitive: dot_general | FLOPs (GB): 384.0 | Memory access (GB): 0.2734375 | Attainable performance: 37400 | Computation load: 0.010267379679144385
Eqn 21 in layer 3: Primitive: dot_general | FLOPs (GB): 64.0 | Memory access (GB): 1.125 | Attainable performance: 37400 | Computation load: 0.001711229946524064
Eqn 33 in layer 3: Primitive: dot_general | FLOPs (GB): 64.0 | Memory access (GB): 1.125 | Attainable performance: 37400 | Computation load: 0.001711229946524064
Eqn 36 in layer 3: Primitive: dot_general | FLOPs (GB): 3200.0 | Memory access (GB): 1.8203125 | Attainable performance: 37400 | Computation load: 0.0855614973262032
Eqn 63 in layer 3: Primitive: dot_general | FLOPs (GB): 512.0 | Memory access (GB): 0.34375 | Attainable performance: 37400 | Computation load: 0.013689839572192513
Eqn 71 in layer 3: Primitive: dot_general | FLOPs (GB): 3200.0 | Memory access (GB): 1.8203125 | Attainable performance: 37400 | Computation load: 0.0855614973262032
Eqn 98 in layer 3: Primitive: dot_general | FLOPs (GB): 384.0 | Memory access (GB): 0.2734375 | Attainable performance: 37400 | Computation load: 0.010267379679144385
Eqn 118 in layer 3: Primitive: dot_general | FLOPs (GB): 64.0 | Memory access (GB): 1.125 | Attainable performance: 37400 | Computation load: 0.001711229946524064
Eqn 130 in layer 3: Primitive: dot_general | FLOPs (GB): 64.0 | Memory access (GB): 1.125 | Attainable performance: 37400 | Computation load: 0.001711229946524064
Eqn 133 in layer 3: Primitive: dot_general | FLOPs (GB): 3200.0 | Memory access (GB): 1.8203125 | Attainable performance: 37400 | Computation load: 0.0855614973262032
Eqn 162 in layer 3: Primitive: remat2 | FLOPs (GB): 30208.0 | Memory access (GB): 30.796875 | Attainable performance: 37400 | Computation load: 0.8077005347593583
Layer computation load: 1.1054545454545455

Layer 4:
Eqn 1 in layer 4: Primitive: dot_general | FLOPs (GB): 512.0 | Memory access (GB): 0.34375 | Attainable performance: 37400 | Computation load: 0.013689839572192513
Eqn 9 in layer 4: Primitive: dot_general | FLOPs (GB): 3200.0 | Memory access (GB): 1.8203125 | Attainable performance: 37400 | Computation load: 0.0855614973262032
Eqn 36 in layer 4: Primitive: dot_general | FLOPs (GB): 384.0 | Memory access (GB): 0.2734375 | Attainable performance: 37400 | Computation load: 0.010267379679144385
Eqn 56 in layer 4: Primitive: dot_general | FLOPs (GB): 64.0 | Memory access (GB): 1.125 | Attainable performance: 37400 | Computation load: 0.001711229946524064
Eqn 68 in layer 4: Primitive: dot_general | FLOPs (GB): 64.0 | Memory access (GB): 1.125 | Attainable performance: 37400 | Computation load: 0.001711229946524064
Eqn 71 in layer 4: Primitive: dot_general | FLOPs (GB): 3200.0 | Memory access (GB): 1.8203125 | Attainable performance: 37400 | Computation load: 0.0855614973262032
Eqn 98 in layer 4: Primitive: dot_general | FLOPs (GB): 512.0 | Memory access (GB): 0.34375 | Attainable performance: 37400 | Computation load: 0.013689839572192513
Eqn 106 in layer 4: Primitive: dot_general | FLOPs (GB): 3200.0 | Memory access (GB): 1.8203125 | Attainable performance: 37400 | Computation load: 0.0855614973262032
Eqn 133 in layer 4: Primitive: dot_general | FLOPs (GB): 384.0 | Memory access (GB): 0.2734375 | Attainable performance: 37400 | Computation load: 0.010267379679144385
Eqn 153 in layer 4: Primitive: dot_general | FLOPs (GB): 64.0 | Memory access (GB): 1.125 | Attainable performance: 37400 | Computation load: 0.001711229946524064
Eqn 165 in layer 4: Primitive: dot_general | FLOPs (GB): 64.0 | Memory access (GB): 1.125 | Attainable performance: 37400 | Computation load: 0.001711229946524064
Eqn 168 in layer 4: Primitive: dot_general | FLOPs (GB): 3200.0 | Memory access (GB): 1.8203125 | Attainable performance: 37400 | Computation load: 0.0855614973262032
Eqn 174 in layer 4: Primitive: remat2 | FLOPs (GB): 35456.0 | Memory access (GB): 33.9921875 | Attainable performance: 37400 | Computation load: 0.9480213903743315
Layer computation load: 1.3450267379679144

Layer 5:
Eqn 24 in layer 5: Primitive: dot_general | FLOPs (GB): 512.0 | Memory access (GB): 0.34375 | Attainable performance: 37400 | Computation load: 0.013689839572192513
Eqn 32 in layer 5: Primitive: dot_general | FLOPs (GB): 3200.0 | Memory access (GB): 1.8203125 | Attainable performance: 37400 | Computation load: 0.0855614973262032
Eqn 59 in layer 5: Primitive: dot_general | FLOPs (GB): 384.0 | Memory access (GB): 0.2734375 | Attainable performance: 37400 | Computation load: 0.010267379679144385
Eqn 79 in layer 5: Primitive: dot_general | FLOPs (GB): 64.0 | Memory access (GB): 1.125 | Attainable performance: 37400 | Computation load: 0.001711229946524064
Eqn 91 in layer 5: Primitive: dot_general | FLOPs (GB): 64.0 | Memory access (GB): 1.125 | Attainable performance: 37400 | Computation load: 0.001711229946524064
Eqn 94 in layer 5: Primitive: dot_general | FLOPs (GB): 3200.0 | Memory access (GB): 1.8203125 | Attainable performance: 37400 | Computation load: 0.0855614973262032
Eqn 121 in layer 5: Primitive: dot_general | FLOPs (GB): 512.0 | Memory access (GB): 0.34375 | Attainable performance: 37400 | Computation load: 0.013689839572192513
Eqn 129 in layer 5: Primitive: dot_general | FLOPs (GB): 3200.0 | Memory access (GB): 1.8203125 | Attainable performance: 37400 | Computation load: 0.0855614973262032
Eqn 158 in layer 5: Primitive: remat2 | FLOPs (GB): 27776.0 | Memory access (GB): 22.921875 | Attainable performance: 37400 | Computation load: 0.7426737967914439
Layer computation load: 1.040427807486631

Layer 6:
Eqn 1 in layer 6: Primitive: dot_general | FLOPs (GB): 384.0 | Memory access (GB): 0.2734375 | Attainable performance: 37400 | Computation load: 0.010267379679144385
Eqn 21 in layer 6: Primitive: dot_general | FLOPs (GB): 64.0 | Memory access (GB): 1.125 | Attainable performance: 37400 | Computation load: 0.001711229946524064
Eqn 33 in layer 6: Primitive: dot_general | FLOPs (GB): 64.0 | Memory access (GB): 1.125 | Attainable performance: 37400 | Computation load: 0.001711229946524064
Eqn 36 in layer 6: Primitive: dot_general | FLOPs (GB): 3200.0 | Memory access (GB): 1.8203125 | Attainable performance: 37400 | Computation load: 0.0855614973262032
Eqn 63 in layer 6: Primitive: dot_general | FLOPs (GB): 512.0 | Memory access (GB): 0.34375 | Attainable performance: 37400 | Computation load: 0.013689839572192513
Eqn 71 in layer 6: Primitive: dot_general | FLOPs (GB): 3200.0 | Memory access (GB): 1.8203125 | Attainable performance: 37400 | Computation load: 0.0855614973262032
Eqn 98 in layer 6: Primitive: dot_general | FLOPs (GB): 384.0 | Memory access (GB): 0.2734375 | Attainable performance: 37400 | Computation load: 0.010267379679144385
Eqn 118 in layer 6: Primitive: dot_general | FLOPs (GB): 64.0 | Memory access (GB): 1.125 | Attainable performance: 37400 | Computation load: 0.001711229946524064
Eqn 130 in layer 6: Primitive: dot_general | FLOPs (GB): 64.0 | Memory access (GB): 1.125 | Attainable performance: 37400 | Computation load: 0.001711229946524064
Eqn 133 in layer 6: Primitive: dot_general | FLOPs (GB): 3200.0 | Memory access (GB): 1.8203125 | Attainable performance: 37400 | Computation load: 0.0855614973262032
Eqn 160 in layer 6: Primitive: dot_general | FLOPs (GB): 512.0 | Memory access (GB): 0.34375 | Attainable performance: 37400 | Computation load: 0.013689839572192513
Eqn 168 in layer 6: Primitive: dot_general | FLOPs (GB): 3200.0 | Memory access (GB): 1.8203125 | Attainable performance: 37400 | Computation load: 0.0855614973262032
Eqn 174 in layer 6: Primitive: remat2 | FLOPs (GB): 35456.0 | Memory access (GB): 33.9921875 | Attainable performance: 37400 | Computation load: 0.9480213903743315
Layer computation load: 1.3450267379679144

Layer 7:
Eqn 24 in layer 7: Primitive: dot_general | FLOPs (GB): 384.0 | Memory access (GB): 0.2734375 | Attainable performance: 37400 | Computation load: 0.010267379679144385
Eqn 44 in layer 7: Primitive: dot_general | FLOPs (GB): 64.0 | Memory access (GB): 1.125 | Attainable performance: 37400 | Computation load: 0.001711229946524064
Eqn 56 in layer 7: Primitive: dot_general | FLOPs (GB): 64.0 | Memory access (GB): 1.125 | Attainable performance: 37400 | Computation load: 0.001711229946524064
Eqn 59 in layer 7: Primitive: dot_general | FLOPs (GB): 3200.0 | Memory access (GB): 1.8203125 | Attainable performance: 37400 | Computation load: 0.0855614973262032
Eqn 86 in layer 7: Primitive: dot_general | FLOPs (GB): 512.0 | Memory access (GB): 0.34375 | Attainable performance: 37400 | Computation load: 0.013689839572192513
Eqn 94 in layer 7: Primitive: dot_general | FLOPs (GB): 3200.0 | Memory access (GB): 1.8203125 | Attainable performance: 37400 | Computation load: 0.0855614973262032
Eqn 121 in layer 7: Primitive: dot_general | FLOPs (GB): 384.0 | Memory access (GB): 0.2734375 | Attainable performance: 37400 | Computation load: 0.010267379679144385
Eqn 141 in layer 7: Primitive: dot_general | FLOPs (GB): 64.0 | Memory access (GB): 1.125 | Attainable performance: 37400 | Computation load: 0.001711229946524064
Eqn 153 in layer 7: Primitive: dot_general | FLOPs (GB): 64.0 | Memory access (GB): 1.125 | Attainable performance: 37400 | Computation load: 0.001711229946524064
Eqn 156 in layer 7: Primitive: dot_general | FLOPs (GB): 3200.0 | Memory access (GB): 1.8203125 | Attainable performance: 37400 | Computation load: 0.0855614973262032
Eqn 162 in layer 7: Primitive: remat2 | FLOPs (GB): 27008.0 | Memory access (GB): 28.9765625 | Attainable performance: 37400 | Computation load: 0.7221390374331551
Layer computation load: 1.0198930481283424

Layer 8:
Eqn 24 in layer 8: Primitive: dot_general | FLOPs (GB): 512.0 | Memory access (GB): 0.34375 | Attainable performance: 37400 | Computation load: 0.013689839572192513
Eqn 32 in layer 8: Primitive: dot_general | FLOPs (GB): 3200.0 | Memory access (GB): 1.8203125 | Attainable performance: 37400 | Computation load: 0.0855614973262032
Eqn 59 in layer 8: Primitive: dot_general | FLOPs (GB): 384.0 | Memory access (GB): 0.2734375 | Attainable performance: 37400 | Computation load: 0.010267379679144385
Eqn 79 in layer 8: Primitive: dot_general | FLOPs (GB): 64.0 | Memory access (GB): 1.125 | Attainable performance: 37400 | Computation load: 0.001711229946524064
Eqn 91 in layer 8: Primitive: dot_general | FLOPs (GB): 64.0 | Memory access (GB): 1.125 | Attainable performance: 37400 | Computation load: 0.001711229946524064
Eqn 94 in layer 8: Primitive: dot_general | FLOPs (GB): 3200.0 | Memory access (GB): 1.8203125 | Attainable performance: 37400 | Computation load: 0.0855614973262032
Eqn 121 in layer 8: Primitive: dot_general | FLOPs (GB): 512.0 | Memory access (GB): 0.34375 | Attainable performance: 37400 | Computation load: 0.013689839572192513
Eqn 129 in layer 8: Primitive: dot_general | FLOPs (GB): 3200.0 | Memory access (GB): 1.8203125 | Attainable performance: 37400 | Computation load: 0.0855614973262032
Eqn 158 in layer 8: Primitive: remat2 | FLOPs (GB): 27776.0 | Memory access (GB): 22.921875 | Attainable performance: 37400 | Computation load: 0.7426737967914439
Layer computation load: 1.040427807486631

Layer 9:
Eqn 1 in layer 9: Primitive: dot_general | FLOPs (GB): 384.0 | Memory access (GB): 0.2734375 | Attainable performance: 37400 | Computation load: 0.010267379679144385
Eqn 21 in layer 9: Primitive: dot_general | FLOPs (GB): 64.0 | Memory access (GB): 1.125 | Attainable performance: 37400 | Computation load: 0.001711229946524064
Eqn 33 in layer 9: Primitive: dot_general | FLOPs (GB): 64.0 | Memory access (GB): 1.125 | Attainable performance: 37400 | Computation load: 0.001711229946524064
Eqn 36 in layer 9: Primitive: dot_general | FLOPs (GB): 3200.0 | Memory access (GB): 1.8203125 | Attainable performance: 37400 | Computation load: 0.0855614973262032
Eqn 63 in layer 9: Primitive: dot_general | FLOPs (GB): 512.0 | Memory access (GB): 0.34375 | Attainable performance: 37400 | Computation load: 0.013689839572192513
Eqn 71 in layer 9: Primitive: dot_general | FLOPs (GB): 3200.0 | Memory access (GB): 1.8203125 | Attainable performance: 37400 | Computation load: 0.0855614973262032
Eqn 98 in layer 9: Primitive: dot_general | FLOPs (GB): 384.0 | Memory access (GB): 0.2734375 | Attainable performance: 37400 | Computation load: 0.010267379679144385
Eqn 118 in layer 9: Primitive: dot_general | FLOPs (GB): 64.0 | Memory access (GB): 1.125 | Attainable performance: 37400 | Computation load: 0.001711229946524064
Eqn 130 in layer 9: Primitive: dot_general | FLOPs (GB): 64.0 | Memory access (GB): 1.125 | Attainable performance: 37400 | Computation load: 0.001711229946524064
Eqn 133 in layer 9: Primitive: dot_general | FLOPs (GB): 3200.0 | Memory access (GB): 1.8203125 | Attainable performance: 37400 | Computation load: 0.0855614973262032
Eqn 139 in layer 9: Primitive: remat2 | FLOPs (GB): 27008.0 | Memory access (GB): 28.9765625 | Attainable performance: 37400 | Computation load: 0.7221390374331551
Layer computation load: 1.0198930481283424

Layer 10:
Eqn 24 in layer 10: Primitive: dot_general | FLOPs (GB): 512.0 | Memory access (GB): 0.34375 | Attainable performance: 37400 | Computation load: 0.013689839572192513
Eqn 32 in layer 10: Primitive: dot_general | FLOPs (GB): 3200.0 | Memory access (GB): 1.8203125 | Attainable performance: 37400 | Computation load: 0.0855614973262032
Eqn 59 in layer 10: Primitive: dot_general | FLOPs (GB): 384.0 | Memory access (GB): 0.2734375 | Attainable performance: 37400 | Computation load: 0.010267379679144385
Eqn 79 in layer 10: Primitive: dot_general | FLOPs (GB): 64.0 | Memory access (GB): 1.125 | Attainable performance: 37400 | Computation load: 0.001711229946524064
Eqn 91 in layer 10: Primitive: dot_general | FLOPs (GB): 64.0 | Memory access (GB): 1.125 | Attainable performance: 37400 | Computation load: 0.001711229946524064
Eqn 94 in layer 10: Primitive: dot_general | FLOPs (GB): 3200.0 | Memory access (GB): 1.8203125 | Attainable performance: 37400 | Computation load: 0.0855614973262032
Eqn 121 in layer 10: Primitive: dot_general | FLOPs (GB): 512.0 | Memory access (GB): 0.34375 | Attainable performance: 37400 | Computation load: 0.013689839572192513
Eqn 129 in layer 10: Primitive: dot_general | FLOPs (GB): 3200.0 | Memory access (GB): 1.8203125 | Attainable performance: 37400 | Computation load: 0.0855614973262032
Eqn 158 in layer 10: Primitive: remat2 | FLOPs (GB): 27776.0 | Memory access (GB): 22.921875 | Attainable performance: 37400 | Computation load: 0.7426737967914439
Layer computation load: 1.040427807486631

Layer 11:
Eqn 1 in layer 11: Primitive: dot_general | FLOPs (GB): 384.0 | Memory access (GB): 0.2734375 | Attainable performance: 37400 | Computation load: 0.010267379679144385
Eqn 21 in layer 11: Primitive: dot_general | FLOPs (GB): 64.0 | Memory access (GB): 1.125 | Attainable performance: 37400 | Computation load: 0.001711229946524064
Eqn 33 in layer 11: Primitive: dot_general | FLOPs (GB): 64.0 | Memory access (GB): 1.125 | Attainable performance: 37400 | Computation load: 0.001711229946524064
Eqn 36 in layer 11: Primitive: dot_general | FLOPs (GB): 3200.0 | Memory access (GB): 1.8203125 | Attainable performance: 37400 | Computation load: 0.0855614973262032
Eqn 63 in layer 11: Primitive: dot_general | FLOPs (GB): 512.0 | Memory access (GB): 0.34375 | Attainable performance: 37400 | Computation load: 0.013689839572192513
Eqn 71 in layer 11: Primitive: dot_general | FLOPs (GB): 3200.0 | Memory access (GB): 1.8203125 | Attainable performance: 37400 | Computation load: 0.0855614973262032
Eqn 98 in layer 11: Primitive: dot_general | FLOPs (GB): 384.0 | Memory access (GB): 0.2734375 | Attainable performance: 37400 | Computation load: 0.010267379679144385
Eqn 118 in layer 11: Primitive: dot_general | FLOPs (GB): 64.0 | Memory access (GB): 1.125 | Attainable performance: 37400 | Computation load: 0.001711229946524064
Eqn 130 in layer 11: Primitive: dot_general | FLOPs (GB): 64.0 | Memory access (GB): 1.125 | Attainable performance: 37400 | Computation load: 0.001711229946524064
Eqn 133 in layer 11: Primitive: dot_general | FLOPs (GB): 3200.0 | Memory access (GB): 1.8203125 | Attainable performance: 37400 | Computation load: 0.0855614973262032
Eqn 162 in layer 11: Primitive: remat2 | FLOPs (GB): 30208.0 | Memory access (GB): 30.796875 | Attainable performance: 37400 | Computation load: 0.8077005347593583
Layer computation load: 1.1054545454545455

Layer 12:
Eqn 1 in layer 12: Primitive: dot_general | FLOPs (GB): 512.0 | Memory access (GB): 0.34375 | Attainable performance: 37400 | Computation load: 0.013689839572192513
Eqn 9 in layer 12: Primitive: dot_general | FLOPs (GB): 3200.0 | Memory access (GB): 1.8203125 | Attainable performance: 37400 | Computation load: 0.0855614973262032
Eqn 36 in layer 12: Primitive: dot_general | FLOPs (GB): 384.0 | Memory access (GB): 0.2734375 | Attainable performance: 37400 | Computation load: 0.010267379679144385
Eqn 56 in layer 12: Primitive: dot_general | FLOPs (GB): 64.0 | Memory access (GB): 1.125 | Attainable performance: 37400 | Computation load: 0.001711229946524064
Eqn 68 in layer 12: Primitive: dot_general | FLOPs (GB): 64.0 | Memory access (GB): 1.125 | Attainable performance: 37400 | Computation load: 0.001711229946524064
Eqn 71 in layer 12: Primitive: dot_general | FLOPs (GB): 3200.0 | Memory access (GB): 1.8203125 | Attainable performance: 37400 | Computation load: 0.0855614973262032
Eqn 98 in layer 12: Primitive: dot_general | FLOPs (GB): 512.0 | Memory access (GB): 0.34375 | Attainable performance: 37400 | Computation load: 0.013689839572192513
Eqn 106 in layer 12: Primitive: dot_general | FLOPs (GB): 3200.0 | Memory access (GB): 1.8203125 | Attainable performance: 37400 | Computation load: 0.0855614973262032
Eqn 133 in layer 12: Primitive: dot_general | FLOPs (GB): 384.0 | Memory access (GB): 0.2734375 | Attainable performance: 37400 | Computation load: 0.010267379679144385
Eqn 153 in layer 12: Primitive: dot_general | FLOPs (GB): 64.0 | Memory access (GB): 1.125 | Attainable performance: 37400 | Computation load: 0.001711229946524064
Eqn 165 in layer 12: Primitive: dot_general | FLOPs (GB): 64.0 | Memory access (GB): 1.125 | Attainable performance: 37400 | Computation load: 0.001711229946524064
Eqn 168 in layer 12: Primitive: dot_general | FLOPs (GB): 3200.0 | Memory access (GB): 1.8203125 | Attainable performance: 37400 | Computation load: 0.0855614973262032
Eqn 174 in layer 12: Primitive: remat2 | FLOPs (GB): 35456.0 | Memory access (GB): 33.9921875 | Attainable performance: 37400 | Computation load: 0.9480213903743315
Layer computation load: 1.3450267379679144

Layer 13:
Eqn 24 in layer 13: Primitive: dot_general | FLOPs (GB): 512.0 | Memory access (GB): 0.34375 | Attainable performance: 37400 | Computation load: 0.013689839572192513
Eqn 32 in layer 13: Primitive: dot_general | FLOPs (GB): 3200.0 | Memory access (GB): 1.8203125 | Attainable performance: 37400 | Computation load: 0.0855614973262032
Eqn 59 in layer 13: Primitive: dot_general | FLOPs (GB): 384.0 | Memory access (GB): 0.2734375 | Attainable performance: 37400 | Computation load: 0.010267379679144385
Eqn 79 in layer 13: Primitive: dot_general | FLOPs (GB): 64.0 | Memory access (GB): 1.125 | Attainable performance: 37400 | Computation load: 0.001711229946524064
Eqn 91 in layer 13: Primitive: dot_general | FLOPs (GB): 64.0 | Memory access (GB): 1.125 | Attainable performance: 37400 | Computation load: 0.001711229946524064
Eqn 94 in layer 13: Primitive: dot_general | FLOPs (GB): 3200.0 | Memory access (GB): 1.8203125 | Attainable performance: 37400 | Computation load: 0.0855614973262032
Eqn 121 in layer 13: Primitive: dot_general | FLOPs (GB): 512.0 | Memory access (GB): 0.34375 | Attainable performance: 37400 | Computation load: 0.013689839572192513
Eqn 129 in layer 13: Primitive: dot_general | FLOPs (GB): 3200.0 | Memory access (GB): 1.8203125 | Attainable performance: 37400 | Computation load: 0.0855614973262032
Eqn 158 in layer 13: Primitive: remat2 | FLOPs (GB): 27776.0 | Memory access (GB): 22.921875 | Attainable performance: 37400 | Computation load: 0.7426737967914439
Layer computation load: 1.040427807486631

Layer 14:
Eqn 1 in layer 14: Primitive: dot_general | FLOPs (GB): 384.0 | Memory access (GB): 0.2734375 | Attainable performance: 37400 | Computation load: 0.010267379679144385
Eqn 21 in layer 14: Primitive: dot_general | FLOPs (GB): 64.0 | Memory access (GB): 1.125 | Attainable performance: 37400 | Computation load: 0.001711229946524064
Eqn 33 in layer 14: Primitive: dot_general | FLOPs (GB): 64.0 | Memory access (GB): 1.125 | Attainable performance: 37400 | Computation load: 0.001711229946524064
Eqn 36 in layer 14: Primitive: dot_general | FLOPs (GB): 3200.0 | Memory access (GB): 1.8203125 | Attainable performance: 37400 | Computation load: 0.0855614973262032
Eqn 63 in layer 14: Primitive: dot_general | FLOPs (GB): 512.0 | Memory access (GB): 0.34375 | Attainable performance: 37400 | Computation load: 0.013689839572192513
Eqn 71 in layer 14: Primitive: dot_general | FLOPs (GB): 3200.0 | Memory access (GB): 1.8203125 | Attainable performance: 37400 | Computation load: 0.0855614973262032
Eqn 98 in layer 14: Primitive: dot_general | FLOPs (GB): 384.0 | Memory access (GB): 0.2734375 | Attainable performance: 37400 | Computation load: 0.010267379679144385
Eqn 118 in layer 14: Primitive: dot_general | FLOPs (GB): 64.0 | Memory access (GB): 1.125 | Attainable performance: 37400 | Computation load: 0.001711229946524064
Eqn 130 in layer 14: Primitive: dot_general | FLOPs (GB): 64.0 | Memory access (GB): 1.125 | Attainable performance: 37400 | Computation load: 0.001711229946524064
Eqn 133 in layer 14: Primitive: dot_general | FLOPs (GB): 3200.0 | Memory access (GB): 1.8203125 | Attainable performance: 37400 | Computation load: 0.0855614973262032
Eqn 139 in layer 14: Primitive: remat2 | FLOPs (GB): 27008.0 | Memory access (GB): 28.9765625 | Attainable performance: 37400 | Computation load: 0.7221390374331551
Layer computation load: 1.0198930481283424

Layer 15:
Eqn 3 in layer 15: Primitive: remat2 | FLOPs (GB): 24576.0 | Memory access (GB): 14.25 | Attainable performance: 37400 | Computation load: 0.6571122994652406
Layer computation load: 0.6571122994652406
Layer memory access: [26.41601563245058, 47.0078125, 31.59375, 41.6484375, 47.0078125, 31.59375, 47.0078125, 39.828125, 31.59375, 39.828125, 31.59375, 41.6484375, 47.0078125, 31.59375, 39.828125, 14.25]

Layer GPU fractions:
[0.378, 0.621, 0.48, 0.51, 0.621, 0.48, 0.621, 0.471, 0.48, 0.471, 0.48, 0.51, 0.621, 0.48, 0.471, 0.303]

Layer GPU fractions:
[0.378, 0.621, 0.48, 0.51, 0.621, 0.48, 0.621, 0.471, 0.48, 0.471, 0.48, 0.51, 0.621, 0.48, 0.471, 0.303]

[[[0, 1, 2], [3, 4, 5], [6, 7, 8], [9, 10, 11, 12, 13, 14, 15]], [[0, 1, 2], [3, 4, 5], [6, 7, 8, 9], [10, 11, 12, 13, 14, 15]], [[0, 1, 2], [3, 4, 5, 6], [7, 8, 9], [10, 11, 12, 13, 14, 15]], [[0, 1, 2, 3], [4, 5, 6], [7, 8, 9], [10, 11, 12, 13, 14, 15]], [[0, 1, 2], [3, 4, 5], [6, 7, 8, 9, 10], [11, 12, 13, 14, 15]], [[0, 1, 2], [3, 4, 5, 6], [7, 8, 9, 10], [11, 12, 13, 14, 15]], [[0, 1, 2, 3], [4, 5, 6], [7, 8, 9, 10], [11, 12, 13, 14, 15]], [[0, 1, 2], [3, 4, 5, 6, 7], [8, 9, 10], [11, 12, 13, 14, 15]], [[0, 1, 2, 3], [4, 5, 6, 7], [8, 9, 10], [11, 12, 13, 14, 15]], [[0, 1, 2, 3, 4], [5, 6, 7], [8, 9, 10], [11, 12, 13, 14, 15]], [[0, 1, 2], [3, 4, 5], [6, 7, 8, 9, 10, 11], [12, 13, 14, 15]], [[0, 1, 2], [3, 4, 5, 6], [7, 8, 9, 10, 11], [12, 13, 14, 15]], [[0, 1, 2, 3], [4, 5, 6], [7, 8, 9, 10, 11], [12, 13, 14, 15]], [[0, 1, 2], [3, 4, 5, 6, 7], [8, 9, 10, 11], [12, 13, 14, 15]], [[0, 1, 2, 3], [4, 5, 6, 7], [8, 9, 10, 11], [12, 13, 14, 15]], [[0, 1, 2, 3, 4], [5, 6, 7], [8, 9, 10, 11], [12, 13, 14, 15]], [[0, 1, 2], [3, 4, 5, 6, 7, 8], [9, 10, 11], [12, 13, 14, 15]], [[0, 1, 2, 3], [4, 5, 6, 7, 8], [9, 10, 11], [12, 13, 14, 15]], [[0, 1, 2, 3, 4], [5, 6, 7, 8], [9, 10, 11], [12, 13, 14, 15]], [[0, 1, 2, 3, 4, 5], [6, 7, 8], [9, 10, 11], [12, 13, 14, 15]]]

[[[0, 1, 2, 3], [4, 5, 6, 7], [8, 9, 10, 11], [12, 13, 14, 15]], [[0, 1, 2, 3], [4, 5, 6], [7, 8, 9, 10], [11, 12, 13, 14, 15]], [[0, 1, 2, 3], [4, 5, 6], [7, 8, 9, 10, 11], [12, 13, 14, 15]], [[0, 1, 2], [3, 4, 5, 6], [7, 8, 9, 10], [11, 12, 13, 14, 15]], [[0, 1, 2, 3], [4, 5, 6, 7], [8, 9, 10], [11, 12, 13, 14, 15]], [[0, 1, 2], [3, 4, 5, 6], [7, 8, 9, 10, 11], [12, 13, 14, 15]], [[0, 1, 2, 3, 4], [5, 6, 7], [8, 9, 10, 11], [12, 13, 14, 15]], [[0, 1, 2, 3, 4], [5, 6, 7, 8], [9, 10, 11], [12, 13, 14, 15]], [[0, 1, 2, 3], [4, 5, 6, 7, 8], [9, 10, 11], [12, 13, 14, 15]], [[0, 1, 2], [3, 4, 5, 6, 7], [8, 9, 10, 11], [12, 13, 14, 15]], [[0, 1, 2], [3, 4, 5], [6, 7, 8, 9, 10], [11, 12, 13, 14, 15]], [[0, 1, 2, 3, 4], [5, 6, 7], [8, 9, 10], [11, 12, 13, 14, 15]], [[0, 1, 2], [3, 4, 5, 6, 7, 8], [9, 10, 11], [12, 13, 14, 15]], [[0, 1, 2], [3, 4, 5], [6, 7, 8], [9, 10, 11, 12, 13, 14, 15]], [[0, 1, 2, 3], [4, 5, 6], [7, 8, 9], [10, 11, 12, 13, 14, 15]], [[0, 1, 2], [3, 4, 5], [6, 7, 8, 9], [10, 11, 12, 13, 14, 15]], [[0, 1, 2], [3, 4, 5, 6, 7], [8, 9, 10], [11, 12, 13, 14, 15]], [[0, 1, 2, 3, 4, 5], [6, 7, 8], [9, 10, 11], [12, 13, 14, 15]], [[0, 1, 2], [3, 4, 5, 6], [7, 8, 9], [10, 11, 12, 13, 14, 15]], [[0, 1, 2], [3, 4, 5], [6, 7, 8, 9, 10, 11], [12, 13, 14, 15]]]

[[0, 1, 2, 3, 4, 5], [6, 7, 8], [9, 10, 11], [12, 13, 14, 15]]
3405905920.0
1.176193011371858
([4, 1, 1, 2], 1.176193011371858)

{'0_3__4_7__8_11__12_15': {0: {'1_2': (1.989, 2, 4.309732620320856, 5133828096.0, 0, 0), '2_1': (1.989, 2, 4.309732620320856, 0, 1097859072.0, 0)}, 1: {'1_2': (2.193, 2, 4.750374331550802, 6106906624.0, 0, 0), '2_1': (2.193, 2, 4.750374331550802, 0, 1215299584.0, 0)}, 2: {'1_2': (1.941, 2, 4.2062032085561505, 5234491392.0, 0, 0), '2_1': (1.941, 2, 4.2062032085561505, 0, 1051983872.0, 0)}, 3: {'1_2': (1.875, 2, 4.062459893048128, 4362076160.0, 0, 0), '2_1': (1.875, 2, 4.062459893048128, 0, 925106176.0, 0)}}, '0_3__4_6__7_10__11_15': {0: {'1_2': (1.989, 2, 4.309732620320856, 5133828096.0, 0, 0), '2_1': (1.989, 2, 4.309732620320856, 0, 1097859072.0, 0)}, 1: {'1_2': (1.722, 2, 3.73048128342246, 4529848320.0, 0, 0), '2_1': (1.722, 2, 3.73048128342246, 0, 902299648.0, 0)}, 2: {'1_2': (1.902, 2, 4.120641711229947, 5234491392.0, 0, 0), '2_1': (1.902, 2, 4.120641711229947, 0, 1045430272.0, 0)}, 3: {'1_2': (2.385, 2, 5.167914438502674, 5939134464.0, 0, 0), '2_1': (2.385, 2, 5.167914438502674, 0, 1244659712.0, 0)}}, '0_3__4_6__7_11__12_15': {0: {'1_2': (1.989, 2, 4.309732620320856, 5133828096.0, 0, 0), '2_1': (1.989, 2, 4.309732620320856, 0, 1097859072.0, 0)}, 1: {'1_2': (1.722, 2, 3.73048128342246, 4529848320.0, 0, 0), '2_1': (1.722, 2, 3.73048128342246, 0, 902299648.0, 0)}, 2: {'1_2': (2.412, 2, 5.226096256684492, 6811549696.0, 0, 0), '2_1': (2.412, 2, 5.226096256684492, 0, 1364983808.0, 0)}, 3: {'1_2': (1.875, 2, 4.062459893048128, 4362076160.0, 0, 0), '2_1': (1.875, 2, 4.062459893048128, 0, 925106176.0, 0)}}, '0_2__3_6__7_10__11_15': {0: {'1_2': (1.479, 2, 3.2042780748663104, 3556769792.0, 0, 0), '2_1': (1.479, 2, 3.2042780748663104, 0, 778305536.0, 0)}, 1: {'1_2': (2.232, 2, 4.835935828877005, 6106906624.0, 0, 0), '2_1': (2.232, 2, 4.835935828877005, 0, 1221853184.0, 0)}, 2: {'1_2': (1.902, 2, 4.120641711229947, 5234491392.0, 0, 0), '2_1': (1.902, 2, 4.120641711229947, 0, 1045430272.0, 0)}, 3: {'1_2': (2.385, 2, 5.167914438502674, 5939134464.0, 0, 0), '2_1': (2.385, 2, 5.167914438502674, 0, 1244659712.0, 0)}}, '0_3__4_7__8_10__11_15': {0: {'1_2': (1.989, 2, 4.309732620320856, 5133828096.0, 0, 0), '2_1': (1.989, 2, 4.309732620320856, 0, 1097859072.0, 0)}, 1: {'1_2': (2.193, 2, 4.750374331550802, 6106906624.0, 0, 0), '2_1': (2.193, 2, 4.750374331550802, 0, 1215299584.0, 0)}, 2: {'1_2': (1.431, 2, 3.1007486631016046, 3657433088.0, 0, 0), '2_1': (1.431, 2, 3.1007486631016046, 0, 732430336.0, 0)}, 3: {'1_2': (2.385, 2, 5.167914438502674, 5939134464.0, 0, 0), '2_1': (2.385, 2, 5.167914438502674, 0, 1244659712.0, 0)}}, '0_2__3_6__7_11__12_15': {0: {'1_2': (1.479, 2, 3.2042780748663104, 3556769792.0, 0, 0), '2_1': (1.479, 2, 3.2042780748663104, 0, 778305536.0, 0)}, 1: {'1_2': (2.232, 2, 4.835935828877005, 6106906624.0, 0, 0), '2_1': (2.232, 2, 4.835935828877005, 0, 1221853184.0, 0)}, 2: {'1_2': (2.412, 2, 5.226096256684492, 6811549696.0, 0, 0), '2_1': (2.412, 2, 5.226096256684492, 0, 1364983808.0, 0)}, 3: {'1_2': (1.875, 2, 4.062459893048128, 4362076160.0, 0, 0), '2_1': (1.875, 2, 4.062459893048128, 0, 925106176.0, 0)}}, '0_4__5_7__8_11__12_15': {0: {'1_2': (2.6100000000000003, 2, 5.6547593582887705, 6878658560.0, 0, 0), '2_1': (2.6100000000000003, 2, 5.6547593582887705, 0, 1444151296.0, 0)}, 1: {'1_2': (1.572, 2, 3.405347593582888, 4362076160.0, 0, 0), '2_1': (1.572, 2, 3.405347593582888, 0, 869007360.0, 0)}, 2: {'1_2': (1.941, 2, 4.2062032085561505, 5234491392.0, 0, 0), '2_1': (1.941, 2, 4.2062032085561505, 0, 1051983872.0, 0)}, 3: {'1_2': (1.875, 2, 4.062459893048128, 4362076160.0, 0, 0), '2_1': (1.875, 2, 4.062459893048128, 0, 925106176.0, 0)}}, '0_4__5_8__9_11__12_15': {0: {'1_2': (2.6100000000000003, 2, 5.6547593582887705, 6878658560.0, 0, 0), '2_1': (2.6100000000000003, 2, 5.6547593582887705, 0, 1444151296.0, 0)}, 1: {'1_2': (2.052, 2, 4.445775401069519, 5402263552.0, 0, 0), '2_1': (2.052, 2, 4.445775401069519, 0, 1078722560.0, 0)}, 2: {'1_2': (1.4609999999999999, 2, 3.165775401069519, 4194304000.0, 0, 0), '2_1': (1.4609999999999999, 2, 3.165775401069519, 0, 842268672.0, 0)}, 3: {'1_2': (1.875, 2, 4.062459893048128, 4362076160.0, 0, 0), '2_1': (1.875, 2, 4.062459893048128, 0, 925106176.0, 0)}}, '0_3__4_8__9_11__12_15': {0: {'1_2': (1.989, 2, 4.309732620320856, 5133828096.0, 0, 0), '2_1': (1.989, 2, 4.309732620320856, 0, 1097859072.0, 0)}, 1: {'1_2': (2.673, 2, 5.790802139037433, 7147094016.0, 0, 0), '2_1': (2.673, 2, 5.790802139037433, 0, 1425014784.0, 0)}, 2: {'1_2': (1.4609999999999999, 2, 3.165775401069519, 4194304000.0, 0, 0), '2_1': (1.4609999999999999, 2, 3.165775401069519, 0, 842268672.0, 0)}, 3: {'1_2': (1.875, 2, 4.062459893048128, 4362076160.0, 0, 0), '2_1': (1.875, 2, 4.062459893048128, 0, 925106176.0, 0)}}, '0_2__3_7__8_11__12_15': {0: {'1_2': (1.479, 2, 3.2042780748663104, 3556769792.0, 0, 0), '2_1': (1.479, 2, 3.2042780748663104, 0, 778305536.0, 0)}, 1: {'1_2': (2.7030000000000003, 2, 5.855828877005347, 7683964928.0, 0, 0), '2_1': (2.7030000000000003, 2, 5.855828877005347, 0, 1534853120.0, 0)}, 2: {'1_2': (1.941, 2, 4.2062032085561505, 5234491392.0, 0, 0), '2_1': (1.941, 2, 4.2062032085561505, 0, 1051983872.0, 0)}, 3: {'1_2': (1.875, 2, 4.062459893048128, 4362076160.0, 0, 0), '2_1': (1.875, 2, 4.062459893048128, 0, 925106176.0, 0)}}, '0_2__3_5__6_10__11_15': {0: {'1_2': (1.479, 2, 3.2042780748663104, 3556769792.0, 0, 0), '2_1': (1.479, 2, 3.2042780748663104, 0, 778305536.0, 0)}, 1: {'1_2': (1.611, 2, 3.4909090909090907, 4362076160.0, 0, 0), '2_1': (1.611, 2, 3.4909090909090907, 0, 875560960.0, 0)}, 2: {'1_2': (2.523, 2, 5.465668449197862, 6979321856.0, 0, 0), '2_1': (2.523, 2, 5.465668449197862, 0, 1391722496.0, 0)}, 3: {'1_2': (2.385, 2, 5.167914438502674, 5939134464.0, 0, 0), '2_1': (2.385, 2, 5.167914438502674, 0, 1244659712.0, 0)}}, '0_4__5_7__8_10__11_15': {0: {'1_2': (2.6100000000000003, 2, 5.6547593582887705, 6878658560.0, 0, 0), '2_1': (2.6100000000000003, 2, 5.6547593582887705, 0, 1444151296.0, 0)}, 1: {'1_2': (1.572, 2, 3.405347593582888, 4362076160.0, 0, 0), '2_1': (1.572, 2, 3.405347593582888, 0, 869007360.0, 0)}, 2: {'1_2': (1.431, 2, 3.1007486631016046, 3657433088.0, 0, 0), '2_1': (1.431, 2, 3.1007486631016046, 0, 732430336.0, 0)}, 3: {'1_2': (2.385, 2, 5.167914438502674, 5939134464.0, 0, 0), '2_1': (2.385, 2, 5.167914438502674, 0, 1244659712.0, 0)}}, '0_2__3_8__9_11__12_15': {0: {'1_1': (1.479, 1, 3.2042780748663104, 0, 0, 0)}, 1: {'1_4': (3.1830000000000003, 4, 6.896256684491979, 13086228480.0, 0, 0), '2_2': (3.1830000000000003, 4, 6.896256684491979, 8724152320.0, 1744568320.0, 0), '4_1': (3.1830000000000003, 4, 6.896256684491979, 0, 2616852480.0, 0)}, 2: {'1_1': (1.4609999999999999, 1, 3.165775401069519, 0, 0, 0)}, 3: {'1_2': (1.875, 2, 4.062459893048128, 4362076160.0, 0, 0), '2_1': (1.875, 2, 4.062459893048128, 0, 925106176.0, 0)}}, '0_2__3_5__6_8__9_15': {0: {'1_1': (1.479, 1, 3.2042780748663104, 0, 0, 0)}, 1: {'1_2': (1.611, 2, 3.4909090909090907, 4362076160.0, 0, 0), '2_1': (1.611, 2, 3.4909090909090907, 0, 875560960.0, 0)}, 2: {'1_1': (1.572, 1, 3.405347593582888, 0, 0, 0)}, 3: {'1_4': (3.336, 4, 7.228235294117646, 12834570240.0, 0, 0), '2_2': (3.336, 4, 7.228235294117646, 8556380160.0, 1767374848.0, 0), '4_1': (3.336, 4, 7.228235294117646, 0, 2651062272.0, 0)}}, '0_3__4_6__7_9__10_15': {0: {'1_2': (1.989, 2, 4.309732620320856, 5133828096.0, 0, 0), '2_1': (1.989, 2, 4.309732620320856, 0, 1097859072.0, 0)}, 1: {'1_2': (1.722, 2, 3.73048128342246, 4529848320.0, 0, 0), '2_1': (1.722, 2, 3.73048128342246, 0, 902299648.0, 0)}, 2: {'1_2': (1.422, 2, 3.080213903743316, 4194304000.0, 0, 0), '2_1': (1.422, 2, 3.080213903743316, 0, 835715072.0, 0)}, 3: {'1_2': (2.865, 2, 6.2083422459893045, 6979321856.0, 0, 0), '2_1': (2.865, 2, 6.2083422459893045, 0, 1454374912.0, 0)}}, '0_2__3_5__6_9__10_15': {0: {'1_2': (1.479, 2, 3.2042780748663104, 3556769792.0, 0, 0), '2_1': (1.479, 2, 3.2042780748663104, 0, 778305536.0, 0)}, 1: {'1_2': (1.611, 2, 3.4909090909090907, 4362076160.0, 0, 0), '2_1': (1.611, 2, 3.4909090909090907, 0, 875560960.0, 0)}, 2: {'1_2': (2.043, 2, 4.42524064171123, 5939134464.0, 0, 0), '2_1': (2.043, 2, 4.42524064171123, 0, 1182007296.0, 0)}, 3: {'1_2': (2.865, 2, 6.2083422459893045, 6979321856.0, 0, 0), '2_1': (2.865, 2, 6.2083422459893045, 0, 1454374912.0, 0)}}, '0_2__3_7__8_10__11_15': {0: {'1_2': (1.479, 2, 3.2042780748663104, 3556769792.0, 0, 0), '2_1': (1.479, 2, 3.2042780748663104, 0, 778305536.0, 0)}, 1: {'1_2': (2.7030000000000003, 2, 5.855828877005347, 7683964928.0, 0, 0), '2_1': (2.7030000000000003, 2, 5.855828877005347, 0, 1534853120.0, 0)}, 2: {'1_2': (1.431, 2, 3.1007486631016046, 3657433088.0, 0, 0), '2_1': (1.431, 2, 3.1007486631016046, 0, 732430336.0, 0)}, 3: {'1_2': (2.385, 2, 5.167914438502674, 5939134464.0, 0, 0), '2_1': (2.385, 2, 5.167914438502674, 0, 1244659712.0, 0)}}, '0_5__6_8__9_11__12_15': {0: {'1_4': (3.0900000000000003, 4, 6.695187165775401, 11878268928.0, 0, 0), '2_2': (3.0900000000000003, 4, 6.695187165775401, 7918845952.0, 1653866496.0, 0), '4_1': (3.0900000000000003, 4, 6.695187165775401, 0, 2480799744.0, 0)}, 1: {'1_1': (1.572, 1, 3.405347593582888, 0, 0, 0)}, 2: {'1_1': (1.4609999999999999, 1, 3.165775401069519, 0, 0, 0)}, 3: {'1_2': (1.875, 2, 4.062459893048128, 4362076160.0, 0, 0), '2_1': (1.875, 2, 4.062459893048128, 0, 925106176.0, 0)}}, '0_2__3_6__7_9__10_15': {0: {'1_2': (1.479, 2, 3.2042780748663104, 3556769792.0, 0, 0), '2_1': (1.479, 2, 3.2042780748663104, 0, 778305536.0, 0)}, 1: {'1_2': (2.232, 2, 4.835935828877005, 6106906624.0, 0, 0), '2_1': (2.232, 2, 4.835935828877005, 0, 1221853184.0, 0)}, 2: {'1_2': (1.422, 2, 3.080213903743316, 4194304000.0, 0, 0), '2_1': (1.422, 2, 3.080213903743316, 0, 835715072.0, 0)}, 3: {'1_2': (2.865, 2, 6.2083422459893045, 6979321856.0, 0, 0), '2_1': (2.865, 2, 6.2083422459893045, 0, 1454374912.0, 0)}}, '0_2__3_5__6_11__12_15': {0: {'1_2': (1.479, 2, 3.2042780748663104, 3556769792.0, 0, 0), '2_1': (1.479, 2, 3.2042780748663104, 0, 778305536.0, 0)}, 1: {'1_2': (1.611, 2, 3.4909090909090907, 4362076160.0, 0, 0), '2_1': (1.611, 2, 3.4909090909090907, 0, 875560960.0, 0)}, 2: {'1_2': (3.0330000000000004, 2, 6.5711229946524075, 8556380160.0, 0, 0), '2_1': (3.0330000000000004, 2, 6.5711229946524075, 0, 1711276032.0, 0)}, 3: {'1_2': (1.875, 2, 4.062459893048128, 4362076160.0, 0, 0), '2_1': (1.875, 2, 4.062459893048128, 0, 925106176.0, 0)}}}
[I] Pipeline partition mode: auto | Layer-to-stage partition: [[0, 1, 2], [3, 4, 5], [6, 7, 8, 9, 10], [11, 12, 13, 14, 15]]
[I] Pipeline partition mode: auto | Cell-generated physical mesh shapes: [(1, 2), (1, 2), (1, 2), (1, 2)]
[I] Loading model and transform to Jaxpr stages takes 28.009272813796997 s.
[I] The GPU sharding of pipeline stages is: [2, 2, 2, 2]
[I] Pipeline partition mode: auto | Parallel enum mode: auto | Parallel plans: [[StageShape(type='single', stage_shape=(1, 2), layer_shape=None), StageShape(type='single', stage_shape=(1, 2), layer_shape=None), StageShape(type='single', stage_shape=(1, 2), layer_shape=None), StageShape(type='single', stage_shape=(1, 2), layer_shape=None)]]

[I] (Parallel plan idx: 0) Sharding stages...
[I] Sharding stages takes 19.14200758934021 s.
[I] (Parallel plan idx: 0) SPMD partitioning and compiling (kernel fusing) HLO stages...
[I] SPMD partitioning and pre-compiling HLO modules concurrently takes 6.812297821044922 s.

[I] All parallel plans in the cell have been sharded and compiled.
[TMP] Writing only-sharded HLO text to '/home/cyxue/Projects/crius/Crius/runtime/jaxpr/tmp/bert_1.3B_256_sharded_stages.pkl'...
[TMP] Writing optimized HLO text to '/home/cyxue/Projects/crius/Crius/runtime/jaxpr/tmp/bert_1.3B_256_optimized_stages.pkl'...
[TMP] Writing inter-stages communicated vars to '/home/cyxue/Projects/crius/Crius/runtime/jaxpr/tmp/bert_1.3B_256_inter_stages_comm_vars.pkl'

[I] Parallel plan idx: 0 | Parallelism: [(1, 2), (1, 2), (1, 2), (1, 2)]

[I] (Parallel plan idx: 0) Parsing HLO texts and profiling XLA operators...
[I] Pipeline partition mode: auto | Preset physical mesh shapes: [(1, 2), (1, 2), (1, 2), (1, 2)]
[TMP] Loading offline profiled communication data: `1_a40_1_n_2_d_ib.pkl`...
[TMP] Loading offline profiled communication data: `2_a40_2_n_1_d_ib.pkl`...
\Time of module 0 (stage 0):
Intra-stage comm time: 0.05423681437969208
Grad sync time: 0

[I] Optimized module 0 for stage 0, comm time has been statically analyzed.
\Time of module 1 (stage 1):
Intra-stage comm time: 0.06026312708854675
Grad sync time: 0

[I] Optimized module 1 for stage 1, comm time has been statically analyzed.
\Time of module 2 (stage 2):
Intra-stage comm time: 0.0964210033416748
Grad sync time: 0

[I] Optimized module 2 for stage 2, comm time has been statically analyzed.
\Time of module 3 (stage 3):
Intra-stage comm time: 0.07834206521511078
Grad sync time: 0

[I] Optimized module 3 for stage 3, comm time has been statically analyzed.
\Time of module 4 (stage 3):
Intra-stage comm time: 0.1719757220009342
Grad sync time: 0

[I] Optimized module 4 for stage 3, comm time has been statically analyzed.
\Time of module 5 (stage 2):
Intra-stage comm time: 0.17476306855678558
Grad sync time: 0

[I] Optimized module 5 for stage 2, comm time has been statically analyzed.
\Time of module 6 (stage 1):
Intra-stage comm time: 0.11449994146823883
Grad sync time: 0

[I] Optimized module 6 for stage 1, comm time has been statically analyzed.
\Time of module 7 (stage 0):
Intra-stage comm time: 0.0964210033416748
Grad sync time: 0

[I] Optimized module 7 for stage 0, comm time has been statically analyzed.
\Time of module 8 (stage 0):
Intra-stage comm time: 0
Grad sync time: 0

[I] Optimized module 8 for stage 0, comm time has been statically analyzed.
\Time of module 9 (stage 1):
Intra-stage comm time: 0
Grad sync time: 0

[I] Optimized module 9 for stage 1, comm time has been statically analyzed.
\Time of module 10 (stage 2):
Intra-stage comm time: 0
Grad sync time: 0

[I] Optimized module 10 for stage 2, comm time has been statically analyzed.
\Time of module 11 (stage 3):
Intra-stage comm time: 0
Grad sync time: 0

[I] Optimized module 11 for stage 3, comm time has been statically analyzed.
[TMP] Memory footprint of the stage 0 is 3.3369941785931587 GB, while the available memory of the XLA device is 35.33237304631621 GB.
[TMP] Memory footprint of the stage 1 is 2.8927288092672825 GB, while the available memory of the XLA device is 35.33237304631621 GB.
[TMP] Memory footprint of the stage 2 is 4.565792087465525 GB, while the available memory of the XLA device is 35.33237304631621 GB.
[TMP] Memory footprint of the stage 3 is 4.972215656191111 GB, while the available memory of the XLA device is 35.33237304631621 GB.
[I] Only-sharded module 0 for stage 0, constructing entry XLA computation...
[I] Compiling HLO module...
[I] Profiling HLO modules...
    - Iteration 0/5: Kernel execution time: 0.08135559499999998 s.
    - Iteration 1/5: Kernel execution time: 0.081227853 s.
    - Iteration 2/5: Kernel execution time: 0.08143649299999998 s.
    - Iteration 3/5: Kernel execution time: 0.08172615700000001 s.
    - Iteration 4/5: Kernel execution time: 0.081386572 s.
[I] Only-sharded module 1 for stage 1, constructing entry XLA computation...
[I] Compiling HLO module...
[I] Profiling HLO modules...
    - Iteration 0/5: Kernel execution time: 0.08344511500000003 s.
    - Iteration 1/5: Kernel execution time: 0.08347385000000004 s.
    - Iteration 2/5: Kernel execution time: 0.083571475 s.
    - Iteration 3/5: Kernel execution time: 0.08371170099999997 s.
    - Iteration 4/5: Kernel execution time: 0.083675195 s.
[I] Only-sharded module 2 for stage 2, constructing entry XLA computation...
[I] Compiling HLO module...
[I] Profiling HLO modules...
    - Iteration 0/5: Kernel execution time: 0.133524062 s.
    - Iteration 1/5: Kernel execution time: 0.13384748299999996 s.
    - Iteration 2/5: Kernel execution time: 0.13340422399999993 s.
    - Iteration 3/5: Kernel execution time: 0.133484381 s.
    - Iteration 4/5: Kernel execution time: 0.13326278000000005 s.
[I] Only-sharded module 3 for stage 3, constructing entry XLA computation...
[I] Compiling HLO module...
[I] Profiling HLO modules...
    - Iteration 0/5: Kernel execution time: 0.110304955 s.
    - Iteration 1/5: Kernel execution time: 0.11054952999999998 s.
    - Iteration 2/5: Kernel execution time: 0.11041752800000001 s.
    - Iteration 3/5: Kernel execution time: 0.110685787 s.
    - Iteration 4/5: Kernel execution time: 0.110415487 s.
[I] Only-sharded module 4 for stage 3, constructing entry XLA computation...
[I] Compiling HLO module...
[I] Profiling HLO modules...
    - Iteration 0/5: Kernel execution time: 0.3396470439999999 s.
    - Iteration 1/5: Kernel execution time: 0.33919796999999985 s.
    - Iteration 2/5: Kernel execution time: 0.3388382730000004 s.
    - Iteration 3/5: Kernel execution time: 0.33922202400000034 s.
    - Iteration 4/5: Kernel execution time: 0.33930239 s.
[I] Only-sharded module 5 for stage 2, constructing entry XLA computation...
[I] Compiling HLO module...
[I] Profiling HLO modules...
    - Iteration 0/5: Kernel execution time: 0.32076044199999987 s.
    - Iteration 1/5: Kernel execution time: 0.3209503089999999 s.
    - Iteration 2/5: Kernel execution time: 0.32066915999999984 s.
    - Iteration 3/5: Kernel execution time: 0.32034102000000003 s.
    - Iteration 4/5: Kernel execution time: 0.32043091999999995 s.
[I] Only-sharded module 6 for stage 1, constructing entry XLA computation...
[I] Compiling HLO module...
[I] Profiling HLO modules...
    - Iteration 0/5: Kernel execution time: 0.20315662599999992 s.
    - Iteration 1/5: Kernel execution time: 0.20328417999999995 s.
    - Iteration 2/5: Kernel execution time: 0.20273150699999998 s.
    - Iteration 3/5: Kernel execution time: 0.20272315100000013 s.
    - Iteration 4/5: Kernel execution time: 0.20266475100000006 s.
[I] Only-sharded module 7 for stage 0, constructing entry XLA computation...
[I] Compiling HLO module...
[I] Profiling HLO modules...
    - Iteration 0/5: Kernel execution time: 0.189651298 s.
    - Iteration 1/5: Kernel execution time: 0.19004892700000006 s.
    - Iteration 2/5: Kernel execution time: 0.18954710500000002 s.
    - Iteration 3/5: Kernel execution time: 0.18948721100000004 s.
    - Iteration 4/5: Kernel execution time: 0.18949427099999988 s.
[I] Only-sharded module 8 for stage 0, constructing entry XLA computation...
[I] Compiling HLO module...
[I] Profiling HLO modules...
    - Iteration 0/5: Kernel execution time: 0.008469308 s.
    - Iteration 1/5: Kernel execution time: 0.008481822 s.
    - Iteration 2/5: Kernel execution time: 0.008475839 s.
    - Iteration 3/5: Kernel execution time: 0.008480733 s.
    - Iteration 4/5: Kernel execution time: 0.008473854000000001 s.
[I] Only-sharded module 9 for stage 1, constructing entry XLA computation...
[I] Compiling HLO module...
[I] Profiling HLO modules...
    - Iteration 0/5: Kernel execution time: 0.006961813000000001 s.
    - Iteration 1/5: Kernel execution time: 0.00696213 s.
    - Iteration 2/5: Kernel execution time: 0.006960785000000001 s.
    - Iteration 3/5: Kernel execution time: 0.006960915000000001 s.
    - Iteration 4/5: Kernel execution time: 0.006971156000000001 s.
[I] Only-sharded module 10 for stage 2, constructing entry XLA computation...
[I] Compiling HLO module...
[I] Profiling HLO modules...
    - Iteration 0/5: Kernel execution time: 0.013509255000000001 s.
    - Iteration 1/5: Kernel execution time: 0.013490818000000002 s.
    - Iteration 2/5: Kernel execution time: 0.013522914 s.
    - Iteration 3/5: Kernel execution time: 0.013507169 s.
    - Iteration 4/5: Kernel execution time: 0.013497667 s.
[I] Only-sharded module 11 for stage 3, constructing entry XLA computation...
[I] Compiling HLO module...
[I] Profiling HLO modules...
    - Iteration 0/5: Kernel execution time: 0.013029759 s.
    - Iteration 1/5: Kernel execution time: 0.013026559 s.
    - Iteration 2/5: Kernel execution time: 0.013030528000000001 s.
    - Iteration 3/5: Kernel execution time: 0.013015551 s.
    - Iteration 4/5: Kernel execution time: 0.013022656 s.
[I] Constructing single-device HLO modules concurrently takes 0.09608078002929688 s.
[I] Compile single-device HLO modules concurrently takes 31.93092632293701 s.
[I] Profile all compiled sequentially on one GPU takes 18.4217689037323 s.
[I] Estimated e2e pipeline iteration time is: 14.361411319044493 s.
    - Kernel computation time is: -1.0 s.
    - Communication time is: -1.0 s.
    - Cross-stages communication time is: -1.0 s.
