
------------------------------------------------------------------
- (1/3) Profiling moe_690M with batch size: 256...
------------------------------------------------------------------
[TMP] Existed profiling results in `./jaxpr/prof_log/optimal_prune_no_prof/moe_690M_256.pkl`, updating/rewriting it...
[I] Alpa's built-in profiling database is disabled.
[I] Ray Cluster & Alpa backend initialization is completed.
[I] Device Info:
    - Devices num per node: 1
    - Nodes num: 1
[I] Loading flax model....
[I] Model 'moe' loads sucessfully. Model Info: 

FlaxMoEForLMModule(
    # attributes
    config = <model.moe_model.MoEConfig object at 0x7ff1197f3dc0>
    dtype = float16
    bias_init = zeros
) 

[I] Compiling and executing model with timeout = 1200 s...
[I] Manually constructing dummy batch...
[I] Initialize training state...
[I] Training state initialization is completed.
[I] Constructing Alpa parallelized train step func...
[I] Alpa parallelized train step func construction is completed.
[TMP] The range of stage num is (min #stage -> max #stage): 1 -> 1
[I] Coarsening pipeline layers from 16 to 4...
[I] Coarsened scheme: [[0, 1, 2], [3, 4, 5, 6], [7, 8, 9, 10, 11, 12], [13, 14, 15]]
-------------------- Automatic stage clustering --------------------
submesh_choices: ((1, 1),)
[TMP] The range of device num per stage is (min #gpu -> max #gpu): 1 -> 1
- Profiling for submesh 0 (1, 1):
- Generate all stage infos (Jaxpr -> HLO)
- Compile all stages
- Profile all stages
result[(0, 15, 0, 0), 0] = ModuleProfileResult(compute_cost=0.134, peak_memory=3.184 GB, invar_size=1.261 GB, outvar_size=0.947 GB, temp_buffer_size=0.977 GB, available_memory=35.242 GB)
result[(0, 15, 0, 0), 1] = ModuleProfileResult(compute_cost=0.397, peak_memory=7.103 GB, invar_size=3.595 GB, outvar_size=1.324 GB, temp_buffer_size=3.508 GB, available_memory=35.242 GB)
result[(0, 15, 0, 1), 0] = ModuleProfileResult(compute_cost=0.132, peak_memory=3.184 GB, invar_size=1.261 GB, outvar_size=0.947 GB, temp_buffer_size=0.977 GB, available_memory=35.242 GB)
result[(0, 15, 0, 1), 1] = ModuleProfileResult(compute_cost=0.399, peak_memory=7.103 GB, invar_size=3.595 GB, outvar_size=1.324 GB, temp_buffer_size=3.508 GB, available_memory=35.242 GB)
Profiling for submesh 0 (1, 1) takes 41.91 seconds
--------------------------------------------------
----------------------------------------------------------------------
Result forward_stage_layer_ids: [[0, 1, 2, 3, 4, 5, 6, 7, 8, 9, 10, 11, 12, 13, 14, 15]]
Result mesh_shapes: [(1, 1)]
Result logical_mesh_shapes: [(1, 1)]
Result autosharding_option_dicts: [{}]
 - Compile (driver): 62.91 s
compilation time breakdown: {'stage-construction': '45.73', 'stage-construction-dp': '1.32', 'stage-construction-compilation': '2.85', 'stage-construction-profiling': '35.41'}
 - Compile (worker): 15.90 s
[I] Training process warmup (2 rounds) with dummy input batch...
    - Warmup iteration: 1/2
    - Warmup iteration: 2/2
[I] Ready to perform training process.
[I] Benchmark the training process with entire dataset and profile with driver overhead...
    - Iteration 1 / 5 is performed...
    - Iteration 2 / 5 is performed...
    - Iteration 3 / 5 is performed...
    - Iteration 4 / 5 is performed...
 - Benchmark: 60.66 s

[8.984455347061157, 8.023433208465576, 8.037726163864136, 8.046440124511719, 8.03438687324524, 8.03633999824524, 8.026310920715332]


[I] Performance metrics:
 - Iteration count: 5.
 - Total e2e training time : 41.473 s.
 - Average e2e iteration time: 8.295000076293945 s.
 - Total local training time: 40.18100357055664 s.
 - Average local iteration time: 8.03600025177002 s.
 - Max allocated memory among devices: 23.964 GB.
 - Compilation times:  {'stage-construction': 45.729068756103516, 'stage-construction-dp': 1.3158302307128906, 'stage-construction-compilation': 2.851513147354126, 'stage-construction-profiling': 35.41424489021301}
 - Metadata:  []
 - Is need save result:  True

[TMP] Current profiling results of key `1_a40_1_n_1_d`: 8.036240577697754
[TMP] Updated profiling results stored in `./jaxpr/prof_log/optimal_prune_no_prof/moe_690M_256.pkl`...

------------------------------------------------------------------
- (2/3) Profiling moe_690M with batch size: 512...
------------------------------------------------------------------
