
------------------------------------------------------------------
- (1/3) Profiling wide_resnet_500M with batch size: 256...
------------------------------------------------------------------
[TMP] Existed profiling results in `./jaxpr/prof_log/optimal_prune_no_prof/wide_resnet_500M_256.pkl`, updating/rewriting it...
[TMP] Key `1_a40_1_n_1_d` has been profiled in `./jaxpr/prof_log/optimal_prune_no_prof/wide_resnet_500M_256.pkl` when optimizing with alpa, loading cache...

------------------------------------------------------------------
- (2/3) Profiling wide_resnet_500M with batch size: 512...
------------------------------------------------------------------
[TMP] Profiling results not found in `./jaxpr/prof_log/optimal_prune_no_prof/wide_resnet_500M_512.pkl`, creating it...
[I] Alpa's built-in profiling database is disabled.
[I] Ray Cluster & Alpa backend initialization is completed.
[I] Device Info:
    - Devices num per node: 1
    - Nodes num: 1
[I] Loading flax model....
[I] Model 'wide_resnet' loads sucessfully. Model Info: 

WideResNet(
    # attributes
    stage_sizes = [3, 4, 6, 3]
    block_cls = BottleneckResNetBlock
    num_classes = 1024
    num_filters = 224
    width_factor = 2
    dtype = float32
    act = relu
) 

[I] Compiling and executing model with timeout = 1200 s...
[I] Manually construct dummy batch with the shape of (512, 224, 224, 3).
[I] Initialize training state...
[I] Training state initialization is completed.
[I] Constructing Alpa parallelized train step func...
[I] Alpa parallelized train step func construction is completed.
[TMP] The range of stage num is (min #stage -> max #stage): 1 -> 1
[I] Coarsening pipeline layers from 16 to 4...
[I] Coarsened scheme: [[0, 1, 2, 3], [4, 5, 6, 7], [8, 9, 10, 11], [12, 13, 14, 15]]
-------------------- Automatic stage clustering --------------------
submesh_choices: ((1, 1),)
[TMP] The range of device num per stage is (min #gpu -> max #gpu): 1 -> 1
- Profiling for submesh 0 (1, 1):
- Generate all stage infos (Jaxpr -> HLO)
- Compile all stages
- Profile all stages
result[(0, 15, 0, 0), 0] = ModuleProfileResult(compute_cost=0.294, peak_memory=5.680 GB, invar_size=1.864 GB, outvar_size=2.178 GB, temp_buffer_size=1.640 GB, available_memory=17.402 GB)
result[(0, 15, 0, 0), 1] = ModuleProfileResult(compute_cost=0.867, peak_memory=8.827 GB, invar_size=5.883 GB, outvar_size=1.844 GB, temp_buffer_size=2.944 GB, available_memory=17.402 GB)
result[(0, 15, 0, 1), 0] = ModuleProfileResult(compute_cost=0.298, peak_memory=5.680 GB, invar_size=1.864 GB, outvar_size=2.178 GB, temp_buffer_size=1.640 GB, available_memory=17.402 GB)
result[(0, 15, 0, 1), 1] = ModuleProfileResult(compute_cost=0.871, peak_memory=8.827 GB, invar_size=5.883 GB, outvar_size=1.844 GB, temp_buffer_size=2.944 GB, available_memory=17.402 GB)
Profiling for submesh 0 (1, 1) takes 100.72 seconds
--------------------------------------------------
----------------------------------------------------------------------
Result forward_stage_layer_ids: [[0, 1, 2, 3, 4, 5, 6, 7, 8, 9, 10, 11, 12, 13, 14, 15]]
Result mesh_shapes: [(1, 1)]
Result logical_mesh_shapes: [(1, 1)]
Result autosharding_option_dicts: [{'force_batch_dim_to_mesh_dim': 0}]
 - Compile (driver): 118.59 s
compilation time breakdown: {'stage-construction': '103.45', 'stage-construction-dp': '1.09', 'stage-construction-compilation': '2.34', 'stage-construction-profiling': '94.98'}
 - Compile (worker): 21.60 s
[I] Training process warmup (2 rounds) with dummy input batch...
    - Warmup iteration: 1/2
[E] Meet unexpected error in profiling executables...

[E] Unexpected error occurred in compiling or profiling executables...

------------------------------------------------------------------
- (3/3) Profiling wide_resnet_500M with batch size: 1024...
------------------------------------------------------------------
