
------------------------------------------------------------------
- (1/3) Profiling wide_resnet_500M with batch size: 256...
------------------------------------------------------------------
[TMP] Existed profiling results in `./jaxpr/prof_log/optimal_no_prof/wide_resnet_500M_256.pkl`, updating/rewriting it...
[I] Alpa's built-in profiling database is disabled.
[I] Ray Cluster & Alpa backend initialization is completed.
[I] Device Info:
    - Devices num per node: 1
    - Nodes num: 1
[I] Loading flax model....
[I] Model 'wide_resnet' loads sucessfully. Model Info: 

WideResNet(
    # attributes
    stage_sizes = [3, 4, 6, 3]
    block_cls = BottleneckResNetBlock
    num_classes = 1024
    num_filters = 224
    width_factor = 2
    dtype = float32
    act = relu
) 

[I] Compiling and executing model with timeout = 1200 s...
[I] Manually construct dummy batch with the shape of (256, 224, 224, 3).
[I] Initialize training state...
[I] Training state initialization is completed.
[I] Constructing Alpa parallelized train step func...
[I] Alpa parallelized train step func construction is completed.
-------------------- Automatic stage clustering --------------------
submesh_choices: ((1, 1),)
- Profiling for submesh 0 (1, 1):
- Generate all stage infos (Jaxpr -> HLO)
- Compile all stages
- Profile all stages
result[(0, 15, 0, 0), 0] = ModuleProfileResult(compute_cost=0.183, peak_memory=4.141 GB, invar_size=1.855 GB, outvar_size=1.089 GB, temp_buffer_size=1.198 GB, available_memory=17.402 GB)
result[(0, 15, 0, 0), 1] = ModuleProfileResult(compute_cost=0.520, peak_memory=6.332 GB, invar_size=4.786 GB, outvar_size=1.844 GB, temp_buffer_size=1.546 GB, available_memory=17.402 GB)
result[(0, 15, 0, 1), 0] = ModuleProfileResult(compute_cost=0.184, peak_memory=4.141 GB, invar_size=1.855 GB, outvar_size=1.089 GB, temp_buffer_size=1.198 GB, available_memory=17.402 GB)
result[(0, 15, 0, 1), 1] = ModuleProfileResult(compute_cost=0.522, peak_memory=6.332 GB, invar_size=4.786 GB, outvar_size=1.844 GB, temp_buffer_size=1.546 GB, available_memory=17.402 GB)
Profiling for submesh 0 (1, 1) takes 64.15 seconds
--------------------------------------------------
----------------------------------------------------------------------
Result forward_stage_layer_ids: [[0, 1, 2, 3, 4, 5, 6, 7, 8, 9, 10, 11, 12, 13, 14, 15]]
Result mesh_shapes: [(1, 1)]
Result logical_mesh_shapes: [(1, 1)]
Result autosharding_option_dicts: [{'force_batch_dim_to_mesh_dim': 0}]
 - Compile (driver): 81.13 s
compilation time breakdown: {'stage-construction': '66.07', 'stage-construction-dp': '1.10', 'stage-construction-compilation': '2.28', 'stage-construction-profiling': '58.47'}
 - Compile (worker): 10.91 s
[I] Training process warmup (2 rounds) with dummy input batch...
    - Warmup iteration: 1/2
[E] Meet unexpected error in profiling executables...

[E] Unexpected error occurred in compiling or profiling executables...

------------------------------------------------------------------
- (2/3) Profiling wide_resnet_500M with batch size: 512...
------------------------------------------------------------------
