
------------------------------------------------------------------
- (1/3) Profiling bert_760M with batch size: 128...
------------------------------------------------------------------
[TMP] Existed profiling results in `./jaxpr/prof_log/optimal/bert_760M_128.pkl`, updating/rewriting it...
[I] Ray Cluster & Alpa backend initialization is completed.
[I] Device Info:
    - Devices num per node: 1
    - Nodes num: 2
[I] Loading flax model....
[I] Model 'bert' loads sucessfully. Model Info: 

FlaxBertForMaskedLMModule(
    # attributes
    config = <model.bert_model.BertConfig object at 0x7efca8e47be0>
    dtype = float16
) 

[I] Compiling and executing model with timeout = 3600 s...
[I] Manually constructing dummy batch...
[I] Initialize training state...
[I] Training state initialization is completed.
[I] Constructing Alpa parallelized train step func...
[I] Alpa parallelized train step func construction is completed.
-------------------- Automatic stage clustering --------------------
submesh_choices: ((1, 1), (2, 1))
- Profiling for submesh 1 (2, 1):
- Generate all stage infos (Jaxpr -> HLO)
- Compile all stages
- Profile all stages
result[(0, 5, 1, 0), 0] = ModuleProfileResult(compute_cost=0.070, peak_memory=1.670 GB, invar_size=1.221 GB, outvar_size=0.059 GB, temp_buffer_size=0.391 GB, available_memory=17.402 GB)
result[(0, 5, 1, 1), 0] = ModuleProfileResult(compute_cost=0.077, peak_memory=1.620 GB, invar_size=1.147 GB, outvar_size=0.059 GB, temp_buffer_size=0.414 GB, available_memory=17.402 GB)
result[(0, 5, 1, 0), 1] = ModuleProfileResult(compute_cost=0.284, peak_memory=5.425 GB, invar_size=3.190 GB, outvar_size=1.565 GB, temp_buffer_size=2.236 GB, available_memory=17.402 GB)
result[(0, 5, 1, 1), 1] = ModuleProfileResult(compute_cost=0.297, peak_memory=5.143 GB, invar_size=2.895 GB, outvar_size=1.418 GB, temp_buffer_size=2.248 GB, available_memory=17.402 GB)
Profiling for submesh 1 (2, 1) takes 47.39 seconds
--------------------------------------------------
- Profiling for submesh 0 (1, 1):
- Generate all stage infos (Jaxpr -> HLO)
- Compile all stages
- Profile all stages
result[(0, 2, 0, 0), 0] = ModuleProfileResult(compute_cost=0.088, peak_memory=1.650 GB, invar_size=0.799 GB, outvar_size=0.070 GB, temp_buffer_size=0.781 GB, available_memory=17.580 GB)
result[(0, 2, 0, 1), 0] = ModuleProfileResult(compute_cost=0.088, peak_memory=1.650 GB, invar_size=0.799 GB, outvar_size=0.070 GB, temp_buffer_size=0.781 GB, available_memory=17.580 GB)
result[(1, 3, 0, 0), 0] = ModuleProfileResult(compute_cost=0.074, peak_memory=1.065 GB, invar_size=0.674 GB, outvar_size=0.070 GB, temp_buffer_size=0.320 GB, available_memory=17.580 GB)
result[(1, 3, 0, 1), 0] = ModuleProfileResult(compute_cost=0.074, peak_memory=1.065 GB, invar_size=0.674 GB, outvar_size=0.070 GB, temp_buffer_size=0.320 GB, available_memory=17.580 GB)
result[(1, 4, 0, 0), 0] = ModuleProfileResult(compute_cost=0.097, peak_memory=1.299 GB, invar_size=0.885 GB, outvar_size=0.094 GB, temp_buffer_size=0.320 GB, available_memory=17.580 GB)
result[(1, 4, 0, 1), 0] = ModuleProfileResult(compute_cost=0.097, peak_memory=1.299 GB, invar_size=0.885 GB, outvar_size=0.094 GB, temp_buffer_size=0.320 GB, available_memory=17.580 GB)
result[(2, 4, 0, 0), 0] = ModuleProfileResult(compute_cost=0.074, peak_memory=1.065 GB, invar_size=0.674 GB, outvar_size=0.070 GB, temp_buffer_size=0.320 GB, available_memory=17.580 GB)
result[(2, 4, 0, 1), 0] = ModuleProfileResult(compute_cost=0.074, peak_memory=1.065 GB, invar_size=0.674 GB, outvar_size=0.070 GB, temp_buffer_size=0.320 GB, available_memory=17.580 GB)
result[(0, 2, 0, 0), 1] = ModuleProfileResult(compute_cost=0.247, peak_memory=7.023 GB, invar_size=1.668 GB, outvar_size=0.799 GB, temp_buffer_size=5.355 GB, available_memory=17.580 GB)
result[(3, 5, 0, 0), 0] = ModuleProfileResult(compute_cost=0.047, peak_memory=0.813 GB, invar_size=0.446 GB, outvar_size=0.047 GB, temp_buffer_size=0.320 GB, available_memory=17.580 GB)
result[(3, 5, 0, 1), 0] = ModuleProfileResult(compute_cost=0.047, peak_memory=0.813 GB, invar_size=0.446 GB, outvar_size=0.047 GB, temp_buffer_size=0.320 GB, available_memory=17.580 GB)
result[(0, 2, 0, 1), 1] = ModuleProfileResult(compute_cost=0.247, peak_memory=7.023 GB, invar_size=1.668 GB, outvar_size=0.799 GB, temp_buffer_size=5.355 GB, available_memory=17.580 GB)
result[(1, 3, 0, 0), 1] = ModuleProfileResult(compute_cost=0.220, peak_memory=6.757 GB, invar_size=1.395 GB, outvar_size=0.674 GB, temp_buffer_size=5.338 GB, available_memory=17.580 GB)
result[(1, 3, 0, 1), 1] = ModuleProfileResult(compute_cost=0.220, peak_memory=6.757 GB, invar_size=1.395 GB, outvar_size=0.674 GB, temp_buffer_size=5.338 GB, available_memory=17.580 GB)
result[(2, 4, 0, 0), 1] = ModuleProfileResult(compute_cost=0.220, peak_memory=7.024 GB, invar_size=1.395 GB, outvar_size=0.674 GB, temp_buffer_size=5.605 GB, available_memory=17.580 GB)
result[(1, 4, 0, 0), 1] = ModuleProfileResult(compute_cost=0.291, peak_memory=7.820 GB, invar_size=1.841 GB, outvar_size=0.885 GB, temp_buffer_size=5.955 GB, available_memory=17.580 GB)
result[(2, 4, 0, 1), 1] = ModuleProfileResult(compute_cost=0.220, peak_memory=7.024 GB, invar_size=1.395 GB, outvar_size=0.674 GB, temp_buffer_size=5.605 GB, available_memory=17.580 GB)
result[(1, 4, 0, 1), 1] = ModuleProfileResult(compute_cost=0.291, peak_memory=7.820 GB, invar_size=1.841 GB, outvar_size=0.885 GB, temp_buffer_size=5.955 GB, available_memory=17.580 GB)
result[(3, 5, 0, 0), 1] = ModuleProfileResult(compute_cost=0.249, peak_memory=6.075 GB, invar_size=1.604 GB, outvar_size=0.790 GB, temp_buffer_size=4.448 GB, available_memory=17.580 GB)
result[(3, 5, 0, 1), 1] = ModuleProfileResult(compute_cost=0.249, peak_memory=6.075 GB, invar_size=1.604 GB, outvar_size=0.790 GB, temp_buffer_size=4.448 GB, available_memory=17.580 GB)
Profiling for submesh 0 (1, 1) takes 34.32 seconds
--------------------------------------------------
----------------------------------------------------------------------
Result forward_stage_layer_ids: [[0, 1, 2], [3, 4, 5]]
Result mesh_shapes: [(1, 1), (1, 1)]
Result logical_mesh_shapes: [(1, 1), (1, 1)]
Result autosharding_option_dicts: [{}, {'force_batch_dim_to_mesh_dim': 0}]
 - Compile (driver): 115.62 s
compilation time breakdown: {'stage-construction': '85.05', 'stage-construction-dp': '1.13', 'stage-construction-compilation': '30.24', 'stage-construction-profiling': '25.78'}
 - Compile (worker): 8.12 s
[I] Training process warmup (2 rounds) with dummy input batch...
    - Warmup iteration: 1/2
    - Warmup iteration: 2/2
[I] Ready to perform training process.
[I] Benchmark the training process with entire dataset and profile with driver overhead...
    - Iteration 1 / 5 is performed...
    - Iteration 2 / 5 is performed...
    - Iteration 3 / 5 is performed...
    - Iteration 4 / 5 is performed...
 - Benchmark: 78.34 s

[11.588361024856567, 10.006403923034668, 9.906500101089478, 10.173087358474731, 10.136480569839478, 10.186681747436523, 10.14059853553772]


[I] Performance metrics:
 - Iteration count: 5.
 - Total e2e training time : 52.963 s.
 - Average e2e iteration time: 10.593000411987305 s.
 - Total local training time: 50.54300308227539 s.
 - Average local iteration time: 10.109000205993652 s.
 - Max allocated memory among devices: 12.543 GB.
 - Compilation times:  {'stage-construction': 85.04821610450745, 'stage-construction-dp': 1.1326639652252197, 'stage-construction-compilation': 30.23997211456299, 'stage-construction-profiling': 25.78453779220581}
 - Metadata:  []
 - Is need save result:  True

[TMP] Current profiling results of key `2_a10_2_n_1_d`: 10.10866928100586
[TMP] Updated profiling results stored in `./jaxpr/prof_log/optimal/bert_760M_128.pkl`...

------------------------------------------------------------------
- (2/3) Profiling bert_760M with batch size: 256...
------------------------------------------------------------------
[TMP] Existed profiling results in `./jaxpr/prof_log/optimal/bert_760M_256.pkl`, updating/rewriting it...
[I] Ray Cluster & Alpa backend initialization is completed.
[I] Device Info:
    - Devices num per node: 1
    - Nodes num: 2
[I] Loading flax model....
[I] Model 'bert' loads sucessfully. Model Info: 

FlaxBertForMaskedLMModule(
    # attributes
    config = <model.bert_model.BertConfig object at 0x7ff8995f6940>
    dtype = float16
) 

[I] Compiling and executing model with timeout = 3600 s...
[I] Manually constructing dummy batch...
[I] Initialize training state...
[I] Training state initialization is completed.
[I] Constructing Alpa parallelized train step func...
[I] Alpa parallelized train step func construction is completed.
-------------------- Automatic stage clustering --------------------
submesh_choices: ((1, 1), (2, 1))
- Profiling for submesh 1 (2, 1):
- Generate all stage infos (Jaxpr -> HLO)
- Compile all stages
- Profile all stages
result[(0, 5, 1, 0), 0] = ModuleProfileResult(compute_cost=0.135, peak_memory=2.120 GB, invar_size=1.221 GB, outvar_size=0.117 GB, temp_buffer_size=0.781 GB, available_memory=17.402 GB)
result[(0, 5, 1, 1), 0] = ModuleProfileResult(compute_cost=0.149, peak_memory=2.092 GB, invar_size=1.147 GB, outvar_size=0.117 GB, temp_buffer_size=0.828 GB, available_memory=17.402 GB)
result[(0, 5, 1, 0), 1] = ModuleProfileResult(compute_cost=0.523, peak_memory=7.720 GB, invar_size=3.248 GB, outvar_size=1.565 GB, temp_buffer_size=4.472 GB, available_memory=17.402 GB)
result[(0, 5, 1, 1), 1] = ModuleProfileResult(compute_cost=0.553, peak_memory=7.449 GB, invar_size=2.954 GB, outvar_size=1.418 GB, temp_buffer_size=4.495 GB, available_memory=17.402 GB)
Profiling for submesh 1 (2, 1) takes 45.13 seconds
--------------------------------------------------
- Profiling for submesh 0 (1, 1):
- Generate all stage infos (Jaxpr -> HLO)
- Compile all stages
- Profile all stages
result[(0, 2, 0, 0), 0] = ModuleProfileResult(compute_cost=0.173, peak_memory=2.502 GB, invar_size=0.799 GB, outvar_size=0.141 GB, temp_buffer_size=1.563 GB, available_memory=17.580 GB)
result[(1, 3, 0, 1), 0] = ModuleProfileResult(compute_cost=0.145, peak_memory=1.479 GB, invar_size=0.698 GB, outvar_size=0.141 GB, temp_buffer_size=0.641 GB, available_memory=17.580 GB)
result[(1, 3, 0, 0), 0] = ModuleProfileResult(compute_cost=0.145, peak_memory=1.479 GB, invar_size=0.698 GB, outvar_size=0.141 GB, temp_buffer_size=0.641 GB, available_memory=17.580 GB)
result[(0, 2, 0, 1), 0] = ModuleProfileResult(compute_cost=0.173, peak_memory=2.502 GB, invar_size=0.799 GB, outvar_size=0.141 GB, temp_buffer_size=1.563 GB, available_memory=17.580 GB)
result[(1, 4, 0, 0), 0] = ModuleProfileResult(compute_cost=0.192, peak_memory=1.737 GB, invar_size=0.909 GB, outvar_size=0.188 GB, temp_buffer_size=0.641 GB, available_memory=17.580 GB)
result[(1, 4, 0, 1), 0] = ModuleProfileResult(compute_cost=0.192, peak_memory=1.737 GB, invar_size=0.909 GB, outvar_size=0.188 GB, temp_buffer_size=0.641 GB, available_memory=17.580 GB)
result[(2, 4, 0, 0), 0] = ModuleProfileResult(compute_cost=0.145, peak_memory=1.479 GB, invar_size=0.698 GB, outvar_size=0.141 GB, temp_buffer_size=0.641 GB, available_memory=17.580 GB)
result[(2, 4, 0, 1), 0] = ModuleProfileResult(compute_cost=0.145, peak_memory=1.479 GB, invar_size=0.698 GB, outvar_size=0.141 GB, temp_buffer_size=0.641 GB, available_memory=17.580 GB)
result[(0, 2, 0, 0), 1] = ModuleProfileResult(compute_cost=0.486, peak_memory=12.443 GB, invar_size=1.738 GB, outvar_size=0.799 GB, temp_buffer_size=10.705 GB, available_memory=17.580 GB)
result[(3, 5, 0, 0), 0] = ModuleProfileResult(compute_cost=0.093, peak_memory=1.204 GB, invar_size=0.469 GB, outvar_size=0.094 GB, temp_buffer_size=0.641 GB, available_memory=17.580 GB)
result[(0, 2, 0, 1), 1] = ModuleProfileResult(compute_cost=0.486, peak_memory=12.443 GB, invar_size=1.738 GB, outvar_size=0.799 GB, temp_buffer_size=10.705 GB, available_memory=17.580 GB)
result[(1, 3, 0, 0), 1] = ModuleProfileResult(compute_cost=0.434, peak_memory=12.209 GB, invar_size=1.489 GB, outvar_size=0.698 GB, temp_buffer_size=10.673 GB, available_memory=17.580 GB)
result[(1, 3, 0, 1), 1] = ModuleProfileResult(compute_cost=0.434, peak_memory=12.209 GB, invar_size=1.489 GB, outvar_size=0.698 GB, temp_buffer_size=10.673 GB, available_memory=17.580 GB)
result[(3, 5, 0, 1), 0] = ModuleProfileResult(compute_cost=0.093, peak_memory=1.204 GB, invar_size=0.469 GB, outvar_size=0.094 GB, temp_buffer_size=0.641 GB, available_memory=17.580 GB)
result[(1, 4, 0, 0), 1] = ModuleProfileResult(compute_cost=0.574, peak_memory=13.908 GB, invar_size=1.958 GB, outvar_size=0.909 GB, temp_buffer_size=11.902 GB, available_memory=17.580 GB)
result[(2, 4, 0, 0), 1] = ModuleProfileResult(compute_cost=0.434, peak_memory=12.741 GB, invar_size=1.489 GB, outvar_size=0.698 GB, temp_buffer_size=11.205 GB, available_memory=17.580 GB)
result[(2, 4, 0, 1), 1] = ModuleProfileResult(compute_cost=0.434, peak_memory=12.741 GB, invar_size=1.489 GB, outvar_size=0.698 GB, temp_buffer_size=11.205 GB, available_memory=17.580 GB)
result[(3, 5, 0, 0), 1] = ModuleProfileResult(compute_cost=0.492, peak_memory=10.617 GB, invar_size=1.674 GB, outvar_size=0.814 GB, temp_buffer_size=8.896 GB, available_memory=17.580 GB)
result[(1, 4, 0, 1), 1] = ModuleProfileResult(compute_cost=0.574, peak_memory=13.908 GB, invar_size=1.958 GB, outvar_size=0.909 GB, temp_buffer_size=11.902 GB, available_memory=17.580 GB)
result[(3, 5, 0, 1), 1] = ModuleProfileResult(compute_cost=0.492, peak_memory=10.617 GB, invar_size=1.674 GB, outvar_size=0.814 GB, temp_buffer_size=8.896 GB, available_memory=17.580 GB)
Profiling for submesh 0 (1, 1) takes 33.56 seconds
--------------------------------------------------
----------------------------------------------------------------------
Result forward_stage_layer_ids: [[0, 1, 2, 3, 4, 5]]
Result mesh_shapes: [(2, 1)]
Result logical_mesh_shapes: [(2, 1)]
Result autosharding_option_dicts: [{'force_batch_dim_to_mesh_dim': 0}]
 - Compile (driver): 122.62 s
compilation time breakdown: {'stage-construction': '81.99', 'stage-construction-dp': '1.14', 'stage-construction-compilation': '28.21', 'stage-construction-profiling': '25.50'}
 - Compile (worker): 17.08 s
[I] Training process warmup (2 rounds) with dummy input batch...
    - Warmup iteration: 1/2
    - Warmup iteration: 2/2
[I] Ready to perform training process.
[I] Benchmark the training process with entire dataset and profile with driver overhead...
    - Iteration 1 / 5 is performed...
    - Iteration 2 / 5 is performed...
    - Iteration 3 / 5 is performed...
    - Iteration 4 / 5 is performed...
 - Benchmark: 136.24 s

[19.860100746154785, 17.955384016036987, 17.958768606185913, 18.005658626556396, 17.958854913711548, 17.897935390472412, 17.875022649765015]


[I] Performance metrics:
 - Iteration count: 5.
 - Total e2e training time : 93.673 s.
 - Average e2e iteration time: 18.735000610351562 s.
 - Total local training time: 89.69600677490234 s.
 - Average local iteration time: 17.939001083374023 s.
 - Max allocated memory among devices: 14.176 GB.
 - Compilation times:  {'stage-construction': 81.99447894096375, 'stage-construction-dp': 1.141871452331543, 'stage-construction-compilation': 28.21293568611145, 'stage-construction-profiling': 25.501729726791382}
 - Metadata:  []
 - Is need save result:  True

[TMP] Current profiling results of key `2_a10_2_n_1_d`: 17.93924903869629
[TMP] Updated profiling results stored in `./jaxpr/prof_log/optimal/bert_760M_256.pkl`...

------------------------------------------------------------------
- (3/3) Profiling bert_760M with batch size: 512...
------------------------------------------------------------------
[TMP] Existed profiling results in `./jaxpr/prof_log/optimal/bert_760M_512.pkl`, updating/rewriting it...
[I] Ray Cluster & Alpa backend initialization is completed.
[I] Device Info:
    - Devices num per node: 1
    - Nodes num: 2
[I] Loading flax model....
[I] Model 'bert' loads sucessfully. Model Info: 

FlaxBertForMaskedLMModule(
    # attributes
    config = <model.bert_model.BertConfig object at 0x7f0ae3f17d30>
    dtype = float16
) 

[I] Compiling and executing model with timeout = 3600 s...
[I] Manually constructing dummy batch...
[I] Initialize training state...
[I] Training state initialization is completed.
[I] Constructing Alpa parallelized train step func...
[I] Alpa parallelized train step func construction is completed.
-------------------- Automatic stage clustering --------------------
submesh_choices: ((1, 1), (2, 1))
- Profiling for submesh 1 (2, 1):
- Generate all stage infos (Jaxpr -> HLO)
- Compile all stages
- Profile all stages
result[(0, 5, 1, 0), 0] = ModuleProfileResult(compute_cost=0.266, peak_memory=3.018 GB, invar_size=1.221 GB, outvar_size=0.234 GB, temp_buffer_size=1.563 GB, available_memory=17.402 GB)
result[(0, 5, 1, 1), 0] = ModuleProfileResult(compute_cost=0.266, peak_memory=3.018 GB, invar_size=1.221 GB, outvar_size=0.234 GB, temp_buffer_size=1.563 GB, available_memory=17.402 GB)
result[(0, 5, 1, 0), 1] = ModuleProfileResult(compute_cost=1.005, peak_memory=12.309 GB, invar_size=3.366 GB, outvar_size=1.565 GB, temp_buffer_size=8.943 GB, available_memory=17.402 GB)
result[(0, 5, 1, 1), 1] = ModuleProfileResult(compute_cost=1.005, peak_memory=12.309 GB, invar_size=3.366 GB, outvar_size=1.565 GB, temp_buffer_size=8.943 GB, available_memory=17.402 GB)
Profiling for submesh 1 (2, 1) takes 46.29 seconds
--------------------------------------------------
- Profiling for submesh 0 (1, 1):
- Generate all stage infos (Jaxpr -> HLO)
- Compile all stages
- Profile all stages
result[(0, 2, 0, 0), 0] = ModuleProfileResult(compute_cost=0.337, peak_memory=4.205 GB, invar_size=0.799 GB, outvar_size=0.281 GB, temp_buffer_size=3.125 GB, available_memory=17.580 GB)
result[(0, 2, 0, 1), 0] = ModuleProfileResult(compute_cost=0.337, peak_memory=4.205 GB, invar_size=0.799 GB, outvar_size=0.281 GB, temp_buffer_size=3.125 GB, available_memory=17.580 GB)
result[(1, 3, 0, 1), 0] = ModuleProfileResult(compute_cost=0.281, peak_memory=2.307 GB, invar_size=0.745 GB, outvar_size=0.281 GB, temp_buffer_size=1.281 GB, available_memory=17.580 GB)
result[(1, 3, 0, 0), 0] = ModuleProfileResult(compute_cost=0.281, peak_memory=2.307 GB, invar_size=0.745 GB, outvar_size=0.281 GB, temp_buffer_size=1.281 GB, available_memory=17.580 GB)
result[(1, 4, 0, 0), 0] = ModuleProfileResult(compute_cost=0.371, peak_memory=2.612 GB, invar_size=0.956 GB, outvar_size=0.375 GB, temp_buffer_size=1.281 GB, available_memory=17.580 GB)
result[(1, 4, 0, 1), 0] = ModuleProfileResult(compute_cost=0.371, peak_memory=2.612 GB, invar_size=0.956 GB, outvar_size=0.375 GB, temp_buffer_size=1.281 GB, available_memory=17.580 GB)
result[(2, 4, 0, 0), 0] = ModuleProfileResult(compute_cost=0.281, peak_memory=2.307 GB, invar_size=0.745 GB, outvar_size=0.281 GB, temp_buffer_size=1.281 GB, available_memory=17.580 GB)
result[(2, 4, 0, 1), 0] = ModuleProfileResult(compute_cost=0.281, peak_memory=2.307 GB, invar_size=0.745 GB, outvar_size=0.281 GB, temp_buffer_size=1.281 GB, available_memory=17.580 GB)
result[(0, 2, 0, 0), 1] = ModuleProfileResult(compute_cost=0.946, peak_memory=23.283 GB, invar_size=1.879 GB, outvar_size=0.799 GB, temp_buffer_size=21.404 GB, available_memory=17.580 GB)
result[(3, 5, 0, 0), 0] = ModuleProfileResult(compute_cost=0.181, peak_memory=1.985 GB, invar_size=0.516 GB, outvar_size=0.188 GB, temp_buffer_size=1.281 GB, available_memory=17.580 GB)
result[(1, 3, 0, 1), 1] = ModuleProfileResult(compute_cost=0.841, peak_memory=23.111 GB, invar_size=1.677 GB, outvar_size=0.745 GB, temp_buffer_size=21.340 GB, available_memory=17.580 GB)
result[(1, 3, 0, 0), 1] = ModuleProfileResult(compute_cost=0.841, peak_memory=23.111 GB, invar_size=1.677 GB, outvar_size=0.745 GB, temp_buffer_size=21.340 GB, available_memory=17.580 GB)
result[(0, 2, 0, 1), 1] = ModuleProfileResult(compute_cost=0.946, peak_memory=23.283 GB, invar_size=1.879 GB, outvar_size=0.799 GB, temp_buffer_size=21.404 GB, available_memory=17.580 GB)
result[(3, 5, 0, 1), 0] = ModuleProfileResult(compute_cost=0.181, peak_memory=1.985 GB, invar_size=0.516 GB, outvar_size=0.188 GB, temp_buffer_size=1.281 GB, available_memory=17.580 GB)
result[(1, 4, 0, 0), 1] = ModuleProfileResult(compute_cost=1.112, peak_memory=26.086 GB, invar_size=2.193 GB, outvar_size=0.956 GB, temp_buffer_size=23.800 GB, available_memory=17.580 GB)
result[(2, 4, 0, 0), 1] = ModuleProfileResult(compute_cost=0.841, peak_memory=24.174 GB, invar_size=1.677 GB, outvar_size=0.745 GB, temp_buffer_size=22.404 GB, available_memory=17.580 GB)
result[(2, 4, 0, 1), 1] = ModuleProfileResult(compute_cost=0.841, peak_memory=24.174 GB, invar_size=1.677 GB, outvar_size=0.745 GB, temp_buffer_size=22.404 GB, available_memory=17.580 GB)
result[(3, 5, 0, 0), 1] = ModuleProfileResult(compute_cost=0.957, peak_memory=19.701 GB, invar_size=1.815 GB, outvar_size=0.860 GB, temp_buffer_size=17.792 GB, available_memory=17.580 GB)
result[(1, 4, 0, 1), 1] = ModuleProfileResult(compute_cost=1.112, peak_memory=26.086 GB, invar_size=2.193 GB, outvar_size=0.956 GB, temp_buffer_size=23.800 GB, available_memory=17.580 GB)
result[(3, 5, 0, 1), 1] = ModuleProfileResult(compute_cost=0.957, peak_memory=19.701 GB, invar_size=1.815 GB, outvar_size=0.860 GB, temp_buffer_size=17.792 GB, available_memory=17.580 GB)
Profiling for submesh 0 (1, 1) takes 34.02 seconds
--------------------------------------------------
----------------------------------------------------------------------
