
------------------------------------------------------------------
- (1/3) Profiling moe_690M with batch size: 256...
------------------------------------------------------------------
[TMP] Existed profiling results in `./jaxpr/prof_log/optimal/moe_690M_256.pkl`, updating/rewriting it...
[I] Ray Cluster & Alpa backend initialization is completed.
[I] Device Info:
    - Devices num per node: 1
    - Nodes num: 2
[I] Loading flax model....
[I] Model 'moe' loads sucessfully. Model Info: 

FlaxMoEForLMModule(
    # attributes
    config = <model.moe_model.MoEConfig object at 0x7f154c10a730>
    dtype = float16
    bias_init = zeros
) 

[I] Compiling and executing model with timeout = 3600 s...
[I] Manually constructing dummy batch...
[I] Initialize training state...
[I] Training state initialization is completed.
[I] Constructing Alpa parallelized train step func...
[I] Alpa parallelized train step func construction is completed.
-------------------- Automatic stage clustering --------------------
submesh_choices: ((1, 1), (2, 1))
- Profiling for submesh 1 (2, 1):
- Generate all stage infos (Jaxpr -> HLO)
- Compile all stages
- Profile all stages
result[(0, 7, 1, 0), 0] = ModuleProfileResult(compute_cost=0.035, peak_memory=1.842 GB, invar_size=1.256 GB, outvar_size=0.082 GB, temp_buffer_size=0.504 GB, available_memory=17.402 GB)
result[(0, 7, 1, 1), 0] = ModuleProfileResult(compute_cost=0.076, peak_memory=1.280 GB, invar_size=0.694 GB, outvar_size=0.082 GB, temp_buffer_size=0.504 GB, available_memory=17.402 GB)
result[(0, 7, 1, 0), 1] = ModuleProfileResult(compute_cost=0.143, peak_memory=4.488 GB, invar_size=2.730 GB, outvar_size=1.324 GB, temp_buffer_size=1.759 GB, available_memory=17.402 GB)
result[(0, 7, 1, 1), 1] = ModuleProfileResult(compute_cost=0.198, peak_memory=3.363 GB, invar_size=1.605 GB, outvar_size=0.761 GB, temp_buffer_size=1.759 GB, available_memory=17.402 GB)
Profiling for submesh 1 (2, 1) takes 27.72 seconds
--------------------------------------------------
- Profiling for submesh 0 (1, 1):
- Generate all stage infos (Jaxpr -> HLO)
- Compile all stages
- Profile all stages
result[(1, 3, 0, 0), 0] = ModuleProfileResult(compute_cost=0.032, peak_memory=1.460 GB, invar_size=0.639 GB, outvar_size=0.070 GB, temp_buffer_size=0.751 GB, available_memory=17.580 GB)
result[(1, 3, 0, 1), 0] = ModuleProfileResult(compute_cost=0.032, peak_memory=1.460 GB, invar_size=0.639 GB, outvar_size=0.070 GB, temp_buffer_size=0.751 GB, available_memory=17.580 GB)
result[(1, 4, 0, 1), 0] = ModuleProfileResult(compute_cost=0.041, peak_memory=1.788 GB, invar_size=0.920 GB, outvar_size=0.094 GB, temp_buffer_size=0.774 GB, available_memory=17.580 GB)
result[(1, 4, 0, 0), 0] = ModuleProfileResult(compute_cost=0.041, peak_memory=1.788 GB, invar_size=0.920 GB, outvar_size=0.094 GB, temp_buffer_size=0.774 GB, available_memory=17.580 GB)
result[(0, 2, 0, 0), 0] = ModuleProfileResult(compute_cost=0.036, peak_memory=1.719 GB, invar_size=0.641 GB, outvar_size=0.070 GB, temp_buffer_size=1.008 GB, available_memory=17.580 GB)
result[(0, 2, 0, 1), 0] = ModuleProfileResult(compute_cost=0.036, peak_memory=1.719 GB, invar_size=0.641 GB, outvar_size=0.070 GB, temp_buffer_size=1.008 GB, available_memory=17.580 GB)
result[(0, 3, 0, 1), 0] = ModuleProfileResult(compute_cost=0.042, peak_memory=1.769 GB, invar_size=0.667 GB, outvar_size=0.094 GB, temp_buffer_size=1.008 GB, available_memory=17.580 GB)
result[(0, 3, 0, 0), 0] = ModuleProfileResult(compute_cost=0.042, peak_memory=1.769 GB, invar_size=0.667 GB, outvar_size=0.094 GB, temp_buffer_size=1.008 GB, available_memory=17.580 GB)
result[(0, 2, 0, 1), 1] = ModuleProfileResult(compute_cost=0.095, peak_memory=4.261 GB, invar_size=1.352 GB, outvar_size=0.641 GB, temp_buffer_size=2.909 GB, available_memory=17.580 GB)
result[(0, 2, 0, 0), 1] = ModuleProfileResult(compute_cost=0.095, peak_memory=4.261 GB, invar_size=1.352 GB, outvar_size=0.641 GB, temp_buffer_size=2.909 GB, available_memory=17.580 GB)
result[(1, 3, 0, 1), 1] = ModuleProfileResult(compute_cost=0.092, peak_memory=4.633 GB, invar_size=1.325 GB, outvar_size=0.639 GB, temp_buffer_size=3.285 GB, available_memory=17.580 GB)
result[(1, 3, 0, 0), 1] = ModuleProfileResult(compute_cost=0.092, peak_memory=4.633 GB, invar_size=1.325 GB, outvar_size=0.639 GB, temp_buffer_size=3.285 GB, available_memory=17.580 GB)
result[(0, 3, 0, 1), 1] = ModuleProfileResult(compute_cost=0.115, peak_memory=4.738 GB, invar_size=1.428 GB, outvar_size=0.667 GB, temp_buffer_size=3.310 GB, available_memory=17.580 GB)
result[(0, 3, 0, 0), 1] = ModuleProfileResult(compute_cost=0.115, peak_memory=4.738 GB, invar_size=1.428 GB, outvar_size=0.667 GB, temp_buffer_size=3.310 GB, available_memory=17.580 GB)
result[(2, 5, 0, 0), 0] = ModuleProfileResult(compute_cost=0.037, peak_memory=1.505 GB, invar_size=0.661 GB, outvar_size=0.094 GB, temp_buffer_size=0.751 GB, available_memory=17.580 GB)
result[(1, 4, 0, 0), 1] = ModuleProfileResult(compute_cost=0.119, peak_memory=5.243 GB, invar_size=1.910 GB, outvar_size=0.920 GB, temp_buffer_size=3.309 GB, available_memory=17.580 GB)
result[(2, 5, 0, 1), 0] = ModuleProfileResult(compute_cost=0.037, peak_memory=1.505 GB, invar_size=0.661 GB, outvar_size=0.094 GB, temp_buffer_size=0.751 GB, available_memory=17.580 GB)
result[(1, 5, 0, 1), 0] = ModuleProfileResult(compute_cost=0.048, peak_memory=1.814 GB, invar_size=0.947 GB, outvar_size=0.117 GB, temp_buffer_size=0.751 GB, available_memory=17.580 GB)
result[(1, 5, 0, 0), 0] = ModuleProfileResult(compute_cost=0.048, peak_memory=1.814 GB, invar_size=0.947 GB, outvar_size=0.117 GB, temp_buffer_size=0.751 GB, available_memory=17.580 GB)
result[(2, 6, 0, 0), 0] = ModuleProfileResult(compute_cost=0.046, peak_memory=1.833 GB, invar_size=0.942 GB, outvar_size=0.117 GB, temp_buffer_size=0.774 GB, available_memory=17.580 GB)
result[(3, 6, 0, 0), 0] = ModuleProfileResult(compute_cost=0.032, peak_memory=1.507 GB, invar_size=0.639 GB, outvar_size=0.094 GB, temp_buffer_size=0.774 GB, available_memory=17.580 GB)
result[(2, 6, 0, 1), 0] = ModuleProfileResult(compute_cost=0.046, peak_memory=1.833 GB, invar_size=0.942 GB, outvar_size=0.117 GB, temp_buffer_size=0.774 GB, available_memory=17.580 GB)
result[(1, 4, 0, 1), 1] = ModuleProfileResult(compute_cost=0.119, peak_memory=5.243 GB, invar_size=1.910 GB, outvar_size=0.920 GB, temp_buffer_size=3.309 GB, available_memory=17.580 GB)
result[(2, 5, 0, 0), 1] = ModuleProfileResult(compute_cost=0.107, peak_memory=5.099 GB, invar_size=1.392 GB, outvar_size=0.661 GB, temp_buffer_size=3.684 GB, available_memory=17.580 GB)
result[(3, 6, 0, 1), 0] = ModuleProfileResult(compute_cost=0.032, peak_memory=1.507 GB, invar_size=0.639 GB, outvar_size=0.094 GB, temp_buffer_size=0.774 GB, available_memory=17.580 GB)
result[(3, 7, 0, 0), 0] = ModuleProfileResult(compute_cost=0.032, peak_memory=1.507 GB, invar_size=0.639 GB, outvar_size=0.094 GB, temp_buffer_size=0.774 GB, available_memory=17.580 GB)
result[(1, 5, 0, 0), 1] = ModuleProfileResult(compute_cost=0.139, peak_memory=5.740 GB, invar_size=1.987 GB, outvar_size=0.946 GB, temp_buffer_size=3.730 GB, available_memory=17.580 GB)
result[(1, 5, 0, 1), 1] = ModuleProfileResult(compute_cost=0.139, peak_memory=5.740 GB, invar_size=1.987 GB, outvar_size=0.946 GB, temp_buffer_size=3.730 GB, available_memory=17.580 GB)
result[(2, 5, 0, 1), 1] = ModuleProfileResult(compute_cost=0.107, peak_memory=5.099 GB, invar_size=1.392 GB, outvar_size=0.661 GB, temp_buffer_size=3.684 GB, available_memory=17.580 GB)
result[(4, 7, 0, 0), 0] = ModuleProfileResult(compute_cost=0.025, peak_memory=1.457 GB, invar_size=0.612 GB, outvar_size=0.070 GB, temp_buffer_size=0.774 GB, available_memory=17.580 GB)
result[(3, 7, 0, 1), 0] = ModuleProfileResult(compute_cost=0.032, peak_memory=1.507 GB, invar_size=0.639 GB, outvar_size=0.094 GB, temp_buffer_size=0.774 GB, available_memory=17.580 GB)
result[(3, 6, 0, 0), 1] = ModuleProfileResult(compute_cost=0.093, peak_memory=4.571 GB, invar_size=1.348 GB, outvar_size=0.639 GB, temp_buffer_size=3.199 GB, available_memory=17.580 GB)
result[(4, 7, 0, 1), 0] = ModuleProfileResult(compute_cost=0.025, peak_memory=1.457 GB, invar_size=0.612 GB, outvar_size=0.070 GB, temp_buffer_size=0.774 GB, available_memory=17.580 GB)
result[(3, 6, 0, 1), 1] = ModuleProfileResult(compute_cost=0.093, peak_memory=4.571 GB, invar_size=1.348 GB, outvar_size=0.639 GB, temp_buffer_size=3.199 GB, available_memory=17.580 GB)
result[(2, 6, 0, 0), 1] = ModuleProfileResult(compute_cost=0.134, peak_memory=5.756 GB, invar_size=1.978 GB, outvar_size=0.942 GB, temp_buffer_size=3.755 GB, available_memory=17.580 GB)
result[(3, 7, 0, 0), 1] = ModuleProfileResult(compute_cost=0.134, peak_memory=5.025 GB, invar_size=1.484 GB, outvar_size=0.707 GB, temp_buffer_size=3.518 GB, available_memory=17.580 GB)
result[(2, 6, 0, 1), 1] = ModuleProfileResult(compute_cost=0.134, peak_memory=5.756 GB, invar_size=1.978 GB, outvar_size=0.942 GB, temp_buffer_size=3.755 GB, available_memory=17.580 GB)
result[(4, 7, 0, 0), 1] = ModuleProfileResult(compute_cost=0.115, peak_memory=4.926 GB, invar_size=1.407 GB, outvar_size=0.680 GB, temp_buffer_size=3.495 GB, available_memory=17.580 GB)
result[(4, 7, 0, 1), 1] = ModuleProfileResult(compute_cost=0.115, peak_memory=4.926 GB, invar_size=1.407 GB, outvar_size=0.680 GB, temp_buffer_size=3.495 GB, available_memory=17.580 GB)
result[(3, 7, 0, 1), 1] = ModuleProfileResult(compute_cost=0.134, peak_memory=5.025 GB, invar_size=1.484 GB, outvar_size=0.707 GB, temp_buffer_size=3.518 GB, available_memory=17.580 GB)
Profiling for submesh 0 (1, 1) takes 31.46 seconds
--------------------------------------------------
----------------------------------------------------------------------
Result forward_stage_layer_ids: [[0, 1, 2, 3], [4, 5, 6, 7]]
Result mesh_shapes: [(1, 1), (1, 1)]
Result logical_mesh_shapes: [(1, 1), (1, 1)]
Result autosharding_option_dicts: [{}, {}]
 - Compile (driver): 78.32 s
compilation time breakdown: {'stage-construction': '61.49', 'stage-construction-dp': '1.12', 'stage-construction-compilation': '18.49', 'stage-construction-profiling': '19.70'}
 - Compile (worker): 7.22 s
[I] Training process warmup (2 rounds) with dummy input batch...
    - Warmup iteration: 1/2
    - Warmup iteration: 2/2
[I] Ready to perform training process.
[I] Benchmark the training process with entire dataset and profile with driver overhead...
    - Iteration 1 / 5 is performed...
    - Iteration 2 / 5 is performed...
    - Iteration 3 / 5 is performed...
    - Iteration 4 / 5 is performed...
 - Benchmark: 48.99 s

[7.693605184555054, 6.238107681274414, 6.301378011703491, 6.298932075500488, 6.361820459365845, 6.590828895568848, 6.433809518814087]


[I] Performance metrics:
 - Iteration count: 5.
 - Total e2e training time : 33.664 s.
 - Average e2e iteration time: 6.7330002784729 s.
 - Total local training time: 31.987001419067383 s.
 - Average local iteration time: 6.397000312805176 s.
 - Max allocated memory among devices: 7.65 GB.
 - Compilation times:  {'stage-construction': 61.49051117897034, 'stage-construction-dp': 1.1173069477081299, 'stage-construction-compilation': 18.48652219772339, 'stage-construction-profiling': 19.69964623451233}
 - Metadata:  []
 - Is need save result:  True

[TMP] Current profiling results of key `2_a10_2_n_1_d`: 6.397353649139404
[TMP] Updated profiling results stored in `./jaxpr/prof_log/optimal/moe_690M_256.pkl`...

------------------------------------------------------------------
- (2/3) Profiling moe_690M with batch size: 512...
------------------------------------------------------------------
[TMP] Existed profiling results in `./jaxpr/prof_log/optimal/moe_690M_512.pkl`, updating/rewriting it...
[I] Ray Cluster & Alpa backend initialization is completed.
[I] Device Info:
    - Devices num per node: 1
    - Nodes num: 2
[I] Loading flax model....
[I] Model 'moe' loads sucessfully. Model Info: 

FlaxMoEForLMModule(
    # attributes
    config = <model.moe_model.MoEConfig object at 0x7fd21e5287c0>
    dtype = float16
    bias_init = zeros
) 

[I] Compiling and executing model with timeout = 3600 s...
[I] Manually constructing dummy batch...
[I] Initialize training state...
[I] Training state initialization is completed.
[I] Constructing Alpa parallelized train step func...
[I] Alpa parallelized train step func construction is completed.
-------------------- Automatic stage clustering --------------------
submesh_choices: ((1, 1), (2, 1))
- Profiling for submesh 1 (2, 1):
- Generate all stage infos (Jaxpr -> HLO)
- Compile all stages
- Profile all stages
result[(0, 7, 1, 0), 0] = ModuleProfileResult(compute_cost=0.068, peak_memory=2.428 GB, invar_size=1.256 GB, outvar_size=0.164 GB, temp_buffer_size=1.008 GB, available_memory=17.402 GB)
result[(0, 7, 1, 0), 1] = ModuleProfileResult(compute_cost=0.252, peak_memory=6.329 GB, invar_size=2.812 GB, outvar_size=1.324 GB, temp_buffer_size=3.517 GB, available_memory=17.402 GB)
result[(0, 7, 1, 1), 0] = ModuleProfileResult(compute_cost=0.147, peak_memory=1.866 GB, invar_size=0.694 GB, outvar_size=0.164 GB, temp_buffer_size=1.008 GB, available_memory=17.402 GB)
result[(0, 7, 1, 1), 1] = ModuleProfileResult(compute_cost=0.376, peak_memory=5.204 GB, invar_size=1.687 GB, outvar_size=0.761 GB, temp_buffer_size=3.517 GB, available_memory=17.402 GB)
Profiling for submesh 1 (2, 1) takes 26.96 seconds
--------------------------------------------------
- Profiling for submesh 0 (1, 1):
- Generate all stage infos (Jaxpr -> HLO)
- Compile all stages
- Profile all stages
result[(1, 3, 0, 0), 0] = ModuleProfileResult(compute_cost=0.062, peak_memory=2.304 GB, invar_size=0.662 GB, outvar_size=0.141 GB, temp_buffer_size=1.501 GB, available_memory=17.580 GB)
result[(1, 3, 0, 1), 0] = ModuleProfileResult(compute_cost=0.062, peak_memory=2.304 GB, invar_size=0.662 GB, outvar_size=0.141 GB, temp_buffer_size=1.501 GB, available_memory=17.580 GB)
result[(1, 4, 0, 1), 0] = ModuleProfileResult(compute_cost=0.080, peak_memory=2.679 GB, invar_size=0.944 GB, outvar_size=0.188 GB, temp_buffer_size=1.548 GB, available_memory=17.580 GB)
result[(1, 4, 0, 0), 0] = ModuleProfileResult(compute_cost=0.080, peak_memory=2.679 GB, invar_size=0.944 GB, outvar_size=0.188 GB, temp_buffer_size=1.548 GB, available_memory=17.580 GB)
result[(0, 2, 0, 0), 0] = ModuleProfileResult(compute_cost=0.070, peak_memory=2.797 GB, invar_size=0.641 GB, outvar_size=0.141 GB, temp_buffer_size=2.016 GB, available_memory=17.580 GB)
result[(0, 2, 0, 1), 0] = ModuleProfileResult(compute_cost=0.070, peak_memory=2.797 GB, invar_size=0.641 GB, outvar_size=0.141 GB, temp_buffer_size=2.016 GB, available_memory=17.580 GB)
result[(0, 3, 0, 0), 0] = ModuleProfileResult(compute_cost=0.083, peak_memory=2.870 GB, invar_size=0.667 GB, outvar_size=0.188 GB, temp_buffer_size=2.016 GB, available_memory=17.580 GB)
result[(0, 3, 0, 1), 0] = ModuleProfileResult(compute_cost=0.083, peak_memory=2.870 GB, invar_size=0.667 GB, outvar_size=0.188 GB, temp_buffer_size=2.016 GB, available_memory=17.580 GB)
result[(0, 2, 0, 0), 1] = ModuleProfileResult(compute_cost=0.184, peak_memory=7.240 GB, invar_size=1.422 GB, outvar_size=0.641 GB, temp_buffer_size=5.818 GB, available_memory=17.580 GB)
result[(0, 2, 0, 1), 1] = ModuleProfileResult(compute_cost=0.184, peak_memory=7.240 GB, invar_size=1.422 GB, outvar_size=0.641 GB, temp_buffer_size=5.818 GB, available_memory=17.580 GB)
result[(1, 3, 0, 1), 1] = ModuleProfileResult(compute_cost=0.178, peak_memory=8.034 GB, invar_size=1.418 GB, outvar_size=0.662 GB, temp_buffer_size=6.569 GB, available_memory=17.580 GB)
result[(1, 3, 0, 0), 1] = ModuleProfileResult(compute_cost=0.178, peak_memory=8.034 GB, invar_size=1.418 GB, outvar_size=0.662 GB, temp_buffer_size=6.569 GB, available_memory=17.580 GB)
result[(0, 3, 0, 1), 1] = ModuleProfileResult(compute_cost=0.223, peak_memory=8.140 GB, invar_size=1.522 GB, outvar_size=0.667 GB, temp_buffer_size=6.618 GB, available_memory=17.580 GB)
result[(0, 3, 0, 0), 1] = ModuleProfileResult(compute_cost=0.223, peak_memory=8.140 GB, invar_size=1.522 GB, outvar_size=0.667 GB, temp_buffer_size=6.618 GB, available_memory=17.580 GB)
result[(1, 4, 0, 0), 1] = ModuleProfileResult(compute_cost=0.230, peak_memory=8.692 GB, invar_size=2.028 GB, outvar_size=0.944 GB, temp_buffer_size=6.617 GB, available_memory=17.580 GB)
result[(2, 5, 0, 0), 0] = ModuleProfileResult(compute_cost=0.072, peak_memory=2.373 GB, invar_size=0.684 GB, outvar_size=0.188 GB, temp_buffer_size=1.501 GB, available_memory=17.580 GB)
result[(2, 5, 0, 1), 0] = ModuleProfileResult(compute_cost=0.072, peak_memory=2.373 GB, invar_size=0.684 GB, outvar_size=0.188 GB, temp_buffer_size=1.501 GB, available_memory=17.580 GB)
result[(1, 5, 0, 1), 0] = ModuleProfileResult(compute_cost=0.093, peak_memory=2.705 GB, invar_size=0.970 GB, outvar_size=0.234 GB, temp_buffer_size=1.501 GB, available_memory=17.580 GB)
result[(1, 5, 0, 0), 0] = ModuleProfileResult(compute_cost=0.093, peak_memory=2.705 GB, invar_size=0.970 GB, outvar_size=0.234 GB, temp_buffer_size=1.501 GB, available_memory=17.580 GB)
result[(2, 6, 0, 0), 0] = ModuleProfileResult(compute_cost=0.090, peak_memory=2.748 GB, invar_size=0.966 GB, outvar_size=0.234 GB, temp_buffer_size=1.548 GB, available_memory=17.580 GB)
result[(3, 6, 0, 0), 0] = ModuleProfileResult(compute_cost=0.062, peak_memory=2.398 GB, invar_size=0.662 GB, outvar_size=0.188 GB, temp_buffer_size=1.548 GB, available_memory=17.580 GB)
result[(2, 6, 0, 1), 0] = ModuleProfileResult(compute_cost=0.090, peak_memory=2.748 GB, invar_size=0.966 GB, outvar_size=0.234 GB, temp_buffer_size=1.548 GB, available_memory=17.580 GB)
result[(1, 4, 0, 1), 1] = ModuleProfileResult(compute_cost=0.230, peak_memory=8.692 GB, invar_size=2.028 GB, outvar_size=0.944 GB, temp_buffer_size=6.617 GB, available_memory=17.580 GB)
result[(2, 5, 0, 0), 1] = ModuleProfileResult(compute_cost=0.208, peak_memory=8.923 GB, invar_size=1.509 GB, outvar_size=0.684 GB, temp_buffer_size=7.367 GB, available_memory=17.580 GB)
result[(3, 6, 0, 1), 0] = ModuleProfileResult(compute_cost=0.062, peak_memory=2.398 GB, invar_size=0.662 GB, outvar_size=0.188 GB, temp_buffer_size=1.548 GB, available_memory=17.580 GB)
result[(3, 7, 0, 0), 0] = ModuleProfileResult(compute_cost=0.062, peak_memory=2.398 GB, invar_size=0.662 GB, outvar_size=0.188 GB, temp_buffer_size=1.548 GB, available_memory=17.580 GB)
result[(1, 5, 0, 0), 1] = ModuleProfileResult(compute_cost=0.268, peak_memory=9.634 GB, invar_size=2.127 GB, outvar_size=0.970 GB, temp_buffer_size=7.460 GB, available_memory=17.580 GB)
result[(1, 5, 0, 1), 1] = ModuleProfileResult(compute_cost=0.268, peak_memory=9.634 GB, invar_size=2.127 GB, outvar_size=0.970 GB, temp_buffer_size=7.460 GB, available_memory=17.580 GB)
result[(2, 5, 0, 1), 1] = ModuleProfileResult(compute_cost=0.208, peak_memory=8.923 GB, invar_size=1.509 GB, outvar_size=0.684 GB, temp_buffer_size=7.367 GB, available_memory=17.580 GB)
result[(4, 7, 0, 0), 0] = ModuleProfileResult(compute_cost=0.049, peak_memory=2.324 GB, invar_size=0.636 GB, outvar_size=0.141 GB, temp_buffer_size=1.548 GB, available_memory=17.580 GB)
result[(3, 6, 0, 0), 1] = ModuleProfileResult(compute_cost=0.180, peak_memory=7.909 GB, invar_size=1.465 GB, outvar_size=0.662 GB, temp_buffer_size=6.397 GB, available_memory=17.580 GB)
result[(4, 7, 0, 1), 0] = ModuleProfileResult(compute_cost=0.049, peak_memory=2.324 GB, invar_size=0.636 GB, outvar_size=0.141 GB, temp_buffer_size=1.548 GB, available_memory=17.580 GB)
result[(3, 7, 0, 1), 0] = ModuleProfileResult(compute_cost=0.062, peak_memory=2.398 GB, invar_size=0.662 GB, outvar_size=0.188 GB, temp_buffer_size=1.548 GB, available_memory=17.580 GB)
result[(3, 6, 0, 1), 1] = ModuleProfileResult(compute_cost=0.180, peak_memory=7.909 GB, invar_size=1.465 GB, outvar_size=0.662 GB, temp_buffer_size=6.397 GB, available_memory=17.580 GB)
result[(2, 6, 0, 0), 1] = ModuleProfileResult(compute_cost=0.259, peak_memory=9.674 GB, invar_size=2.119 GB, outvar_size=0.965 GB, temp_buffer_size=7.509 GB, available_memory=17.580 GB)
result[(2, 6, 0, 1), 1] = ModuleProfileResult(compute_cost=0.259, peak_memory=9.674 GB, invar_size=2.119 GB, outvar_size=0.965 GB, temp_buffer_size=7.509 GB, available_memory=17.580 GB)
result[(3, 7, 0, 0), 1] = ModuleProfileResult(compute_cost=0.262, peak_memory=8.682 GB, invar_size=1.601 GB, outvar_size=0.730 GB, temp_buffer_size=7.034 GB, available_memory=17.580 GB)
result[(4, 7, 0, 1), 1] = ModuleProfileResult(compute_cost=0.223, peak_memory=8.537 GB, invar_size=1.501 GB, outvar_size=0.704 GB, temp_buffer_size=6.989 GB, available_memory=17.580 GB)
result[(4, 7, 0, 0), 1] = ModuleProfileResult(compute_cost=0.223, peak_memory=8.537 GB, invar_size=1.501 GB, outvar_size=0.704 GB, temp_buffer_size=6.989 GB, available_memory=17.580 GB)
result[(3, 7, 0, 1), 1] = ModuleProfileResult(compute_cost=0.262, peak_memory=8.682 GB, invar_size=1.601 GB, outvar_size=0.730 GB, temp_buffer_size=7.034 GB, available_memory=17.580 GB)
Profiling for submesh 0 (1, 1) takes 31.57 seconds
--------------------------------------------------
----------------------------------------------------------------------
Result forward_stage_layer_ids: [[0, 1, 2, 3, 4, 5, 6, 7]]
Result mesh_shapes: [(2, 1)]
Result logical_mesh_shapes: [(2, 1)]
Result autosharding_option_dicts: [{'force_batch_dim_to_mesh_dim': 0}]
 - Compile (driver): 81.95 s
compilation time breakdown: {'stage-construction': '60.84', 'stage-construction-dp': '1.12', 'stage-construction-compilation': '17.44', 'stage-construction-profiling': '20.01'}
 - Compile (worker): 14.43 s
[I] Training process warmup (2 rounds) with dummy input batch...
    - Warmup iteration: 1/2
    - Warmup iteration: 2/2
[I] Ready to perform training process.
[I] Benchmark the training process with entire dataset and profile with driver overhead...
    - Iteration 1 / 5 is performed...
    - Iteration 2 / 5 is performed...
    - Iteration 3 / 5 is performed...
    - Iteration 4 / 5 is performed...
 - Benchmark: 82.09 s

[12.367666959762573, 11.083430528640747, 11.112045526504517, 11.108742475509644, 11.129570484161377, 11.135245323181152, 11.115623950958252]


[I] Performance metrics:
 - Iteration count: 5.
 - Total e2e training time : 56.528 s.
 - Average e2e iteration time: 11.306000709533691 s.
 - Total local training time: 55.60100173950195 s.
 - Average local iteration time: 11.120000839233398 s.
 - Max allocated memory among devices: 10.122 GB.
 - Compilation times:  {'stage-construction': 60.835724115371704, 'stage-construction-dp': 1.1200344562530518, 'stage-construction-compilation': 17.435945987701416, 'stage-construction-profiling': 20.011906385421753}
 - Metadata:  []
 - Is need save result:  True

[TMP] Current profiling results of key `2_a10_2_n_1_d`: 11.120245933532715
[TMP] Updated profiling results stored in `./jaxpr/prof_log/optimal/moe_690M_512.pkl`...

------------------------------------------------------------------
- (3/3) Profiling moe_690M with batch size: 1024...
------------------------------------------------------------------
[TMP] Existed profiling results in `./jaxpr/prof_log/optimal/moe_690M_1024.pkl`, updating/rewriting it...
[I] Ray Cluster & Alpa backend initialization is completed.
[I] Device Info:
    - Devices num per node: 1
    - Nodes num: 2
[I] Loading flax model....
[I] Model 'moe' loads sucessfully. Model Info: 

FlaxMoEForLMModule(
    # attributes
    config = <model.moe_model.MoEConfig object at 0x7f08aeade940>
    dtype = float16
    bias_init = zeros
) 

[I] Compiling and executing model with timeout = 3600 s...
[I] Manually constructing dummy batch...
[I] Initialize training state...
[I] Training state initialization is completed.
[I] Constructing Alpa parallelized train step func...
[I] Alpa parallelized train step func construction is completed.
-------------------- Automatic stage clustering --------------------
submesh_choices: ((1, 1), (2, 1))
- Profiling for submesh 1 (2, 1):
- Generate all stage infos (Jaxpr -> HLO)
- Compile all stages
- Profile all stages
result[(0, 7, 1, 0), 0] = ModuleProfileResult(compute_cost=0.132, peak_memory=3.600 GB, invar_size=1.256 GB, outvar_size=0.328 GB, temp_buffer_size=2.016 GB, available_memory=17.402 GB)
result[(0, 7, 1, 1), 0] = ModuleProfileResult(compute_cost=0.286, peak_memory=3.038 GB, invar_size=0.694 GB, outvar_size=0.328 GB, temp_buffer_size=2.016 GB, available_memory=17.402 GB)
result[(0, 7, 1, 0), 1] = ModuleProfileResult(compute_cost=0.469, peak_memory=10.011 GB, invar_size=2.976 GB, outvar_size=1.324 GB, temp_buffer_size=7.035 GB, available_memory=17.402 GB)
result[(0, 7, 1, 1), 1] = ModuleProfileResult(compute_cost=0.728, peak_memory=8.886 GB, invar_size=1.851 GB, outvar_size=0.761 GB, temp_buffer_size=7.035 GB, available_memory=17.402 GB)
Profiling for submesh 1 (2, 1) takes 27.25 seconds
--------------------------------------------------
- Profiling for submesh 0 (1, 1):
- Generate all stage infos (Jaxpr -> HLO)
- Compile all stages
- Profile all stages
result[(1, 4, 0, 1), 0] = ModuleProfileResult(compute_cost=0.157, peak_memory=4.461 GB, invar_size=0.991 GB, outvar_size=0.375 GB, temp_buffer_size=3.096 GB, available_memory=17.580 GB)
result[(1, 3, 0, 1), 0] = ModuleProfileResult(compute_cost=0.122, peak_memory=3.993 GB, invar_size=0.709 GB, outvar_size=0.281 GB, temp_buffer_size=3.002 GB, available_memory=17.580 GB)
result[(0, 2, 0, 1), 0] = ModuleProfileResult(compute_cost=0.138, peak_memory=4.954 GB, invar_size=0.641 GB, outvar_size=0.281 GB, temp_buffer_size=4.031 GB, available_memory=17.580 GB)
result[(1, 3, 0, 0), 0] = ModuleProfileResult(compute_cost=0.122, peak_memory=3.993 GB, invar_size=0.709 GB, outvar_size=0.281 GB, temp_buffer_size=3.002 GB, available_memory=17.580 GB)
result[(0, 3, 0, 0), 0] = ModuleProfileResult(compute_cost=0.163, peak_memory=5.074 GB, invar_size=0.668 GB, outvar_size=0.375 GB, temp_buffer_size=4.031 GB, available_memory=17.580 GB)
result[(0, 2, 0, 0), 0] = ModuleProfileResult(compute_cost=0.138, peak_memory=4.954 GB, invar_size=0.641 GB, outvar_size=0.281 GB, temp_buffer_size=4.031 GB, available_memory=17.580 GB)
result[(1, 4, 0, 0), 0] = ModuleProfileResult(compute_cost=0.157, peak_memory=4.461 GB, invar_size=0.991 GB, outvar_size=0.375 GB, temp_buffer_size=3.096 GB, available_memory=17.580 GB)
result[(0, 3, 0, 1), 0] = ModuleProfileResult(compute_cost=0.163, peak_memory=5.074 GB, invar_size=0.668 GB, outvar_size=0.375 GB, temp_buffer_size=4.031 GB, available_memory=17.580 GB)
result[(1, 3, 0, 1), 1] = ModuleProfileResult(compute_cost=0.350, peak_memory=14.837 GB, invar_size=1.606 GB, outvar_size=0.709 GB, temp_buffer_size=13.137 GB, available_memory=17.580 GB)
result[(0, 2, 0, 1), 1] = ModuleProfileResult(compute_cost=0.365, peak_memory=13.199 GB, invar_size=1.563 GB, outvar_size=0.641 GB, temp_buffer_size=11.636 GB, available_memory=17.580 GB)
result[(1, 3, 0, 0), 1] = ModuleProfileResult(compute_cost=0.350, peak_memory=14.837 GB, invar_size=1.606 GB, outvar_size=0.709 GB, temp_buffer_size=13.137 GB, available_memory=17.580 GB)
result[(0, 2, 0, 0), 1] = ModuleProfileResult(compute_cost=0.365, peak_memory=13.199 GB, invar_size=1.563 GB, outvar_size=0.641 GB, temp_buffer_size=11.636 GB, available_memory=17.580 GB)
result[(0, 3, 0, 0), 1] = ModuleProfileResult(compute_cost=0.439, peak_memory=14.944 GB, invar_size=1.710 GB, outvar_size=0.667 GB, temp_buffer_size=13.234 GB, available_memory=17.580 GB)
result[(0, 3, 0, 1), 1] = ModuleProfileResult(compute_cost=0.439, peak_memory=14.944 GB, invar_size=1.710 GB, outvar_size=0.667 GB, temp_buffer_size=13.234 GB, available_memory=17.580 GB)
result[(1, 4, 0, 0), 1] = ModuleProfileResult(compute_cost=0.453, peak_memory=15.589 GB, invar_size=2.262 GB, outvar_size=0.990 GB, temp_buffer_size=13.233 GB, available_memory=17.580 GB)
result[(2, 5, 0, 0), 0] = ModuleProfileResult(compute_cost=0.141, peak_memory=4.108 GB, invar_size=0.731 GB, outvar_size=0.375 GB, temp_buffer_size=3.002 GB, available_memory=17.580 GB)
result[(1, 5, 0, 0), 0] = ModuleProfileResult(compute_cost=0.182, peak_memory=4.488 GB, invar_size=1.017 GB, outvar_size=0.469 GB, temp_buffer_size=3.002 GB, available_memory=17.580 GB)
result[(1, 5, 0, 1), 0] = ModuleProfileResult(compute_cost=0.182, peak_memory=4.488 GB, invar_size=1.017 GB, outvar_size=0.469 GB, temp_buffer_size=3.002 GB, available_memory=17.580 GB)
result[(2, 5, 0, 1), 0] = ModuleProfileResult(compute_cost=0.141, peak_memory=4.108 GB, invar_size=0.731 GB, outvar_size=0.375 GB, temp_buffer_size=3.002 GB, available_memory=17.580 GB)
result[(2, 6, 0, 0), 0] = ModuleProfileResult(compute_cost=0.177, peak_memory=4.577 GB, invar_size=1.013 GB, outvar_size=0.469 GB, temp_buffer_size=3.096 GB, available_memory=17.580 GB)
result[(3, 6, 0, 0), 0] = ModuleProfileResult(compute_cost=0.122, peak_memory=4.180 GB, invar_size=0.709 GB, outvar_size=0.375 GB, temp_buffer_size=3.096 GB, available_memory=17.580 GB)
result[(1, 4, 0, 1), 1] = ModuleProfileResult(compute_cost=0.453, peak_memory=15.589 GB, invar_size=2.262 GB, outvar_size=0.990 GB, temp_buffer_size=13.233 GB, available_memory=17.580 GB)
result[(2, 6, 0, 1), 0] = ModuleProfileResult(compute_cost=0.177, peak_memory=4.577 GB, invar_size=1.013 GB, outvar_size=0.469 GB, temp_buffer_size=3.096 GB, available_memory=17.580 GB)
result[(3, 6, 0, 1), 0] = ModuleProfileResult(compute_cost=0.122, peak_memory=4.180 GB, invar_size=0.709 GB, outvar_size=0.375 GB, temp_buffer_size=3.096 GB, available_memory=17.580 GB)
result[(2, 5, 0, 0), 1] = ModuleProfileResult(compute_cost=0.407, peak_memory=16.570 GB, invar_size=1.744 GB, outvar_size=0.731 GB, temp_buffer_size=14.733 GB, available_memory=17.580 GB)
result[(3, 7, 0, 0), 0] = ModuleProfileResult(compute_cost=0.122, peak_memory=4.180 GB, invar_size=0.709 GB, outvar_size=0.375 GB, temp_buffer_size=3.096 GB, available_memory=17.580 GB)
result[(2, 5, 0, 1), 1] = ModuleProfileResult(compute_cost=0.407, peak_memory=16.570 GB, invar_size=1.744 GB, outvar_size=0.731 GB, temp_buffer_size=14.733 GB, available_memory=17.580 GB)
result[(1, 5, 0, 0), 1] = ModuleProfileResult(compute_cost=0.527, peak_memory=17.422 GB, invar_size=2.409 GB, outvar_size=1.017 GB, temp_buffer_size=14.919 GB, available_memory=17.580 GB)
result[(1, 5, 0, 1), 1] = ModuleProfileResult(compute_cost=0.527, peak_memory=17.422 GB, invar_size=2.409 GB, outvar_size=1.017 GB, temp_buffer_size=14.919 GB, available_memory=17.580 GB)
result[(3, 7, 0, 1), 0] = ModuleProfileResult(compute_cost=0.122, peak_memory=4.180 GB, invar_size=0.709 GB, outvar_size=0.375 GB, temp_buffer_size=3.096 GB, available_memory=17.580 GB)
result[(4, 7, 0, 0), 0] = ModuleProfileResult(compute_cost=0.097, peak_memory=4.060 GB, invar_size=0.683 GB, outvar_size=0.281 GB, temp_buffer_size=3.096 GB, available_memory=17.580 GB)
result[(3, 6, 0, 0), 1] = ModuleProfileResult(compute_cost=0.354, peak_memory=14.586 GB, invar_size=1.700 GB, outvar_size=0.709 GB, temp_buffer_size=12.793 GB, available_memory=17.580 GB)
result[(4, 7, 0, 1), 0] = ModuleProfileResult(compute_cost=0.097, peak_memory=4.060 GB, invar_size=0.683 GB, outvar_size=0.281 GB, temp_buffer_size=3.096 GB, available_memory=17.580 GB)
result[(3, 6, 0, 1), 1] = ModuleProfileResult(compute_cost=0.354, peak_memory=14.586 GB, invar_size=1.700 GB, outvar_size=0.709 GB, temp_buffer_size=12.793 GB, available_memory=17.580 GB)
result[(2, 6, 0, 0), 1] = ModuleProfileResult(compute_cost=0.509, peak_memory=17.510 GB, invar_size=2.400 GB, outvar_size=1.012 GB, temp_buffer_size=15.016 GB, available_memory=17.580 GB)
result[(2, 6, 0, 1), 1] = ModuleProfileResult(compute_cost=0.509, peak_memory=17.510 GB, invar_size=2.400 GB, outvar_size=1.012 GB, temp_buffer_size=15.016 GB, available_memory=17.580 GB)
result[(3, 7, 0, 0), 1] = ModuleProfileResult(compute_cost=0.515, peak_memory=15.996 GB, invar_size=1.836 GB, outvar_size=0.777 GB, temp_buffer_size=14.066 GB, available_memory=17.580 GB)
result[(4, 7, 0, 0), 1] = ModuleProfileResult(compute_cost=0.441, peak_memory=15.760 GB, invar_size=1.689 GB, outvar_size=0.751 GB, temp_buffer_size=13.977 GB, available_memory=17.580 GB)
result[(4, 7, 0, 1), 1] = ModuleProfileResult(compute_cost=0.441, peak_memory=15.760 GB, invar_size=1.689 GB, outvar_size=0.751 GB, temp_buffer_size=13.977 GB, available_memory=17.580 GB)
result[(3, 7, 0, 1), 1] = ModuleProfileResult(compute_cost=0.515, peak_memory=15.996 GB, invar_size=1.836 GB, outvar_size=0.777 GB, temp_buffer_size=14.066 GB, available_memory=17.580 GB)
Profiling for submesh 0 (1, 1) takes 31.89 seconds
--------------------------------------------------
----------------------------------------------------------------------
Result forward_stage_layer_ids: [[0, 1, 2, 3, 4, 5, 6, 7]]
Result mesh_shapes: [(2, 1)]
Result logical_mesh_shapes: [(2, 1)]
Result autosharding_option_dicts: [{'force_batch_dim_to_mesh_dim': 0}]
 - Compile (driver): 83.03 s
compilation time breakdown: {'stage-construction': '61.50', 'stage-construction-dp': '1.14', 'stage-construction-compilation': '17.78', 'stage-construction-profiling': '20.08'}
 - Compile (worker): 14.29 s
[I] Training process warmup (2 rounds) with dummy input batch...
    - Warmup iteration: 1/2
    - Warmup iteration: 2/2
[I] Ready to perform training process.
[I] Benchmark the training process with entire dataset and profile with driver overhead...
    - Iteration 1 / 5 is performed...
    - Iteration 2 / 5 is performed...
    - Iteration 3 / 5 is performed...
    - Iteration 4 / 5 is performed...
 - Benchmark: 155.77 s

[22.50320315361023, 21.751490116119385, 21.801650047302246, 21.7728328704834, 21.710100889205933, 21.686660289764404, 21.665892601013184]


[I] Performance metrics:
 - Iteration count: 5.
 - Total e2e training time : 109.541 s.
 - Average e2e iteration time: 21.908000946044922 s.
 - Total local training time: 108.63700866699219 s.
 - Average local iteration time: 21.727001190185547 s.
 - Max allocated memory among devices: 16.268 GB.
 - Compilation times:  {'stage-construction': 61.499229431152344, 'stage-construction-dp': 1.1381807327270508, 'stage-construction-compilation': 17.778506994247437, 'stage-construction-profiling': 20.084707021713257}
 - Metadata:  []
 - Is need save result:  True

[TMP] Current profiling results of key `2_a10_2_n_1_d`: 21.727428436279297
[TMP] Updated profiling results stored in `./jaxpr/prof_log/optimal/moe_690M_1024.pkl`...
