
------------------------------------------------------------------
- (1/3) Profiling bert_1.3B with batch size: 128...
------------------------------------------------------------------
[TMP] Existed profiling results in `./jaxpr/prof_log/optimal_no_prof/bert_1.3B_128.pkl`, updating/rewriting it...
[I] Alpa's built-in profiling database is disabled.
[I] Ray Cluster & Alpa backend initialization is completed.
[I] Device Info:
    - Devices num per node: 2
    - Nodes num: 2
[I] Loading flax model....
[I] Model 'bert' loads sucessfully. Model Info: 

FlaxBertForMaskedLMModule(
    # attributes
    config = <model.bert_model.BertConfig object at 0x7fafd4e4d9d0>
    dtype = float16
) 

[I] Compiling and executing model with timeout = 3600 s...
[I] Manually constructing dummy batch...
[I] Initialize training state...
[I] Training state initialization is completed.
[I] Constructing Alpa parallelized train step func...
[I] Alpa parallelized train step func construction is completed.
-------------------- Automatic stage clustering --------------------
submesh_choices: ((1, 1), (1, 2), (2, 2))
- Profiling for submesh 2 (2, 2):
- Generate all stage infos (Jaxpr -> HLO)
- Compile all stages
- Profile all stages
result[(0, 15, 2, 0), 0] = ModuleProfileResult(compute_cost=0.103, peak_memory=2.698 GB, invar_size=2.386 GB, outvar_size=0.117 GB, temp_buffer_size=0.195 GB, available_memory=35.242 GB)
result[(0, 15, 2, 0), 1] = ModuleProfileResult(compute_cost=0.331, peak_memory=8.073 GB, invar_size=5.421 GB, outvar_size=2.652 GB, temp_buffer_size=2.652 GB, available_memory=35.242 GB)
result[(0, 15, 2, 1), 0] = ModuleProfileResult(compute_cost=0.178, peak_memory=1.623 GB, invar_size=1.193 GB, outvar_size=0.234 GB, temp_buffer_size=0.195 GB, available_memory=35.242 GB)
result[(0, 15, 2, 1), 1] = ModuleProfileResult(compute_cost=0.444, peak_memory=4.213 GB, invar_size=2.887 GB, outvar_size=1.326 GB, temp_buffer_size=1.326 GB, available_memory=35.242 GB)
result[(0, 15, 2, 2), 0] = ModuleProfileResult(compute_cost=0.112, peak_memory=2.582 GB, invar_size=2.238 GB, outvar_size=0.117 GB, temp_buffer_size=0.227 GB, available_memory=35.242 GB)
result[(0, 15, 2, 2), 1] = ModuleProfileResult(compute_cost=0.349, peak_memory=7.296 GB, invar_size=4.832 GB, outvar_size=2.357 GB, temp_buffer_size=2.464 GB, available_memory=35.242 GB)
Profiling for submesh 2 (2, 2) takes 205.64 seconds
--------------------------------------------------
- Profiling for submesh 1 (1, 2):
- Generate all stage infos (Jaxpr -> HLO)
- Compile all stages
- Profile all stages
result[(0, 6, 1, 0), 0] = ModuleProfileResult(compute_cost=0.098, peak_memory=1.729 GB, invar_size=1.229 GB, outvar_size=0.109 GB, temp_buffer_size=0.391 GB, available_memory=35.446 GB)
result[(0, 6, 1, 1), 0] = ModuleProfileResult(compute_cost=0.150, peak_memory=1.224 GB, invar_size=0.615 GB, outvar_size=0.219 GB, temp_buffer_size=0.391 GB, available_memory=35.446 GB)
result[(0, 6, 1, 0), 1] = ModuleProfileResult(compute_cost=0.274, peak_memory=4.116 GB, invar_size=2.568 GB, outvar_size=1.229 GB, temp_buffer_size=1.548 GB, available_memory=35.242 GB)
result[(0, 6, 1, 2), 0] = ModuleProfileResult(compute_cost=0.096, peak_memory=1.662 GB, invar_size=1.131 GB, outvar_size=0.109 GB, temp_buffer_size=0.422 GB, available_memory=35.242 GB)
result[(0, 6, 1, 1), 1] = ModuleProfileResult(compute_cost=0.366, peak_memory=4.050 GB, invar_size=1.448 GB, outvar_size=0.615 GB, temp_buffer_size=2.602 GB, available_memory=35.446 GB)
result[(0, 7, 1, 0), 0] = ModuleProfileResult(compute_cost=0.111, peak_memory=1.870 GB, invar_size=1.354 GB, outvar_size=0.125 GB, temp_buffer_size=0.391 GB, available_memory=35.446 GB)
result[(0, 6, 1, 2), 1] = ModuleProfileResult(compute_cost=0.279, peak_memory=3.950 GB, invar_size=2.386 GB, outvar_size=1.130 GB, temp_buffer_size=1.564 GB, available_memory=35.242 GB)
result[(0, 7, 1, 1), 0] = ModuleProfileResult(compute_cost=0.175, peak_memory=1.302 GB, invar_size=0.677 GB, outvar_size=0.234 GB, temp_buffer_size=0.391 GB, available_memory=35.242 GB)
result[(0, 7, 1, 0), 1] = ModuleProfileResult(compute_cost=0.299, peak_memory=4.397 GB, invar_size=2.833 GB, outvar_size=1.354 GB, temp_buffer_size=1.564 GB, available_memory=35.446 GB)
result[(0, 7, 1, 2), 0] = ModuleProfileResult(compute_cost=0.109, peak_memory=1.802 GB, invar_size=1.256 GB, outvar_size=0.125 GB, temp_buffer_size=0.422 GB, available_memory=35.446 GB)
result[(0, 7, 1, 1), 1] = ModuleProfileResult(compute_cost=0.424, peak_memory=4.334 GB, invar_size=1.604 GB, outvar_size=0.677 GB, temp_buffer_size=2.729 GB, available_memory=35.242 GB)
result[(0, 7, 1, 2), 1] = ModuleProfileResult(compute_cost=0.297, peak_memory=4.219 GB, invar_size=2.652 GB, outvar_size=1.256 GB, temp_buffer_size=1.567 GB, available_memory=35.446 GB)
result[(0, 8, 1, 0), 0] = ModuleProfileResult(compute_cost=0.126, peak_memory=2.042 GB, invar_size=1.511 GB, outvar_size=0.141 GB, temp_buffer_size=0.391 GB, available_memory=35.242 GB)
result[(0, 8, 1, 1), 0] = ModuleProfileResult(compute_cost=0.199, peak_memory=1.427 GB, invar_size=0.755 GB, outvar_size=0.281 GB, temp_buffer_size=0.391 GB, available_memory=35.242 GB)
result[(0, 8, 1, 0), 1] = ModuleProfileResult(compute_cost=0.335, peak_memory=4.726 GB, invar_size=3.162 GB, outvar_size=1.510 GB, temp_buffer_size=1.564 GB, available_memory=35.446 GB)
result[(0, 8, 1, 2), 0] = ModuleProfileResult(compute_cost=0.119, peak_memory=1.974 GB, invar_size=1.412 GB, outvar_size=0.141 GB, temp_buffer_size=0.422 GB, available_memory=35.446 GB)
result[(0, 8, 1, 1), 1] = ModuleProfileResult(compute_cost=0.472, peak_memory=4.247 GB, invar_size=1.792 GB, outvar_size=0.755 GB, temp_buffer_size=2.455 GB, available_memory=35.242 GB)
result[(1, 7, 1, 0), 0] = ModuleProfileResult(compute_cost=0.096, peak_memory=1.547 GB, invar_size=1.141 GB, outvar_size=0.109 GB, temp_buffer_size=0.297 GB, available_memory=35.242 GB)
result[(0, 8, 1, 2), 1] = ModuleProfileResult(compute_cost=0.330, peak_memory=4.688 GB, invar_size=2.964 GB, outvar_size=1.412 GB, temp_buffer_size=1.723 GB, available_memory=35.446 GB)
result[(1, 7, 1, 1), 0] = ModuleProfileResult(compute_cost=0.153, peak_memory=1.110 GB, invar_size=0.594 GB, outvar_size=0.203 GB, temp_buffer_size=0.313 GB, available_memory=35.446 GB)
result[(1, 7, 1, 0), 1] = ModuleProfileResult(compute_cost=0.281, peak_memory=3.940 GB, invar_size=2.376 GB, outvar_size=1.141 GB, temp_buffer_size=1.549 GB, available_memory=35.242 GB)
result[(1, 7, 1, 2), 0] = ModuleProfileResult(compute_cost=0.095, peak_memory=1.547 GB, invar_size=1.141 GB, outvar_size=0.109 GB, temp_buffer_size=0.297 GB, available_memory=35.242 GB)
result[(1, 7, 1, 1), 1] = ModuleProfileResult(compute_cost=0.377, peak_memory=4.106 GB, invar_size=1.376 GB, outvar_size=0.594 GB, temp_buffer_size=2.699 GB, available_memory=35.446 GB)
result[(1, 8, 1, 0), 0] = ModuleProfileResult(compute_cost=0.106, peak_memory=1.719 GB, invar_size=1.298 GB, outvar_size=0.125 GB, temp_buffer_size=0.297 GB, available_memory=35.446 GB)
result[(1, 7, 1, 2), 1] = ModuleProfileResult(compute_cost=0.278, peak_memory=3.956 GB, invar_size=2.392 GB, outvar_size=1.141 GB, temp_buffer_size=1.549 GB, available_memory=35.242 GB)
result[(1, 8, 1, 1), 0] = ModuleProfileResult(compute_cost=0.179, peak_memory=1.235 GB, invar_size=0.672 GB, outvar_size=0.250 GB, temp_buffer_size=0.313 GB, available_memory=35.242 GB)
result[(1, 8, 1, 0), 1] = ModuleProfileResult(compute_cost=0.301, peak_memory=4.269 GB, invar_size=2.704 GB, outvar_size=1.298 GB, temp_buffer_size=1.549 GB, available_memory=35.446 GB)
result[(1, 8, 1, 2), 0] = ModuleProfileResult(compute_cost=0.106, peak_memory=1.719 GB, invar_size=1.298 GB, outvar_size=0.125 GB, temp_buffer_size=0.297 GB, available_memory=35.446 GB)
result[(1, 8, 1, 1), 1] = ModuleProfileResult(compute_cost=0.432, peak_memory=3.960 GB, invar_size=1.563 GB, outvar_size=0.672 GB, temp_buffer_size=2.365 GB, available_memory=35.242 GB)
result[(1, 8, 1, 2), 1] = ModuleProfileResult(compute_cost=0.301, peak_memory=4.269 GB, invar_size=2.704 GB, outvar_size=1.298 GB, temp_buffer_size=1.549 GB, available_memory=35.446 GB)
result[(1, 9, 1, 0), 0] = ModuleProfileResult(compute_cost=0.135, peak_memory=1.860 GB, invar_size=1.423 GB, outvar_size=0.141 GB, temp_buffer_size=0.297 GB, available_memory=35.242 GB)
result[(1, 9, 1, 1), 0] = ModuleProfileResult(compute_cost=0.199, peak_memory=1.313 GB, invar_size=0.735 GB, outvar_size=0.266 GB, temp_buffer_size=0.313 GB, available_memory=35.242 GB)
result[(1, 9, 1, 0), 1] = ModuleProfileResult(compute_cost=0.334, peak_memory=4.535 GB, invar_size=2.970 GB, outvar_size=1.423 GB, temp_buffer_size=1.549 GB, available_memory=35.446 GB)
result[(1, 9, 1, 2), 0] = ModuleProfileResult(compute_cost=0.119, peak_memory=1.860 GB, invar_size=1.423 GB, outvar_size=0.141 GB, temp_buffer_size=0.297 GB, available_memory=35.446 GB)
result[(1, 9, 1, 1), 1] = ModuleProfileResult(compute_cost=0.500, peak_memory=4.328 GB, invar_size=1.720 GB, outvar_size=0.735 GB, temp_buffer_size=2.577 GB, available_memory=35.242 GB)
result[(1, 10, 1, 0), 0] = ModuleProfileResult(compute_cost=0.129, peak_memory=2.032 GB, invar_size=1.579 GB, outvar_size=0.156 GB, temp_buffer_size=0.297 GB, available_memory=35.242 GB)
result[(1, 9, 1, 2), 1] = ModuleProfileResult(compute_cost=0.334, peak_memory=4.550 GB, invar_size=2.986 GB, outvar_size=1.423 GB, temp_buffer_size=1.549 GB, available_memory=35.446 GB)
result[(1, 10, 1, 1), 0] = ModuleProfileResult(compute_cost=0.210, peak_memory=1.438 GB, invar_size=0.813 GB, outvar_size=0.312 GB, temp_buffer_size=0.313 GB, available_memory=35.446 GB)
result[(1, 10, 1, 0), 1] = ModuleProfileResult(compute_cost=0.380, peak_memory=4.878 GB, invar_size=3.298 GB, outvar_size=1.579 GB, temp_buffer_size=1.564 GB, available_memory=35.242 GB)
result[(1, 10, 1, 2), 0] = ModuleProfileResult(compute_cost=0.148, peak_memory=2.032 GB, invar_size=1.579 GB, outvar_size=0.156 GB, temp_buffer_size=0.297 GB, available_memory=35.242 GB)
result[(1, 10, 1, 1), 1] = ModuleProfileResult(compute_cost=0.519, peak_memory=4.565 GB, invar_size=1.907 GB, outvar_size=0.813 GB, temp_buffer_size=2.627 GB, available_memory=35.446 GB)
result[(2, 8, 1, 0), 0] = ModuleProfileResult(compute_cost=0.090, peak_memory=1.516 GB, invar_size=1.110 GB, outvar_size=0.109 GB, temp_buffer_size=0.297 GB, available_memory=35.446 GB)
result[(1, 10, 1, 2), 1] = ModuleProfileResult(compute_cost=0.374, peak_memory=4.878 GB, invar_size=3.298 GB, outvar_size=1.579 GB, temp_buffer_size=1.564 GB, available_memory=35.242 GB)
result[(2, 8, 1, 1), 0] = ModuleProfileResult(compute_cost=0.152, peak_memory=1.110 GB, invar_size=0.579 GB, outvar_size=0.219 GB, temp_buffer_size=0.313 GB, available_memory=35.242 GB)
result[(2, 8, 1, 0), 1] = ModuleProfileResult(compute_cost=0.255, peak_memory=3.878 GB, invar_size=2.314 GB, outvar_size=1.110 GB, temp_buffer_size=1.549 GB, available_memory=35.446 GB)
result[(2, 8, 1, 2), 0] = ModuleProfileResult(compute_cost=0.090, peak_memory=1.516 GB, invar_size=1.110 GB, outvar_size=0.109 GB, temp_buffer_size=0.297 GB, available_memory=35.446 GB)
result[(2, 8, 1, 1), 1] = ModuleProfileResult(compute_cost=0.376, peak_memory=3.765 GB, invar_size=1.345 GB, outvar_size=0.579 GB, temp_buffer_size=2.389 GB, available_memory=35.242 GB)
result[(2, 8, 1, 2), 1] = ModuleProfileResult(compute_cost=0.254, peak_memory=3.878 GB, invar_size=2.314 GB, outvar_size=1.110 GB, temp_buffer_size=1.549 GB, available_memory=35.446 GB)
result[(2, 9, 1, 0), 0] = ModuleProfileResult(compute_cost=0.118, peak_memory=1.657 GB, invar_size=1.235 GB, outvar_size=0.125 GB, temp_buffer_size=0.297 GB, available_memory=35.242 GB)
result[(2, 9, 1, 1), 0] = ModuleProfileResult(compute_cost=0.170, peak_memory=1.188 GB, invar_size=0.641 GB, outvar_size=0.234 GB, temp_buffer_size=0.313 GB, available_memory=35.242 GB)
result[(2, 9, 1, 0), 1] = ModuleProfileResult(compute_cost=0.288, peak_memory=4.144 GB, invar_size=2.579 GB, outvar_size=1.235 GB, temp_buffer_size=1.549 GB, available_memory=35.446 GB)
result[(2, 9, 1, 2), 0] = ModuleProfileResult(compute_cost=0.104, peak_memory=1.657 GB, invar_size=1.235 GB, outvar_size=0.125 GB, temp_buffer_size=0.297 GB, available_memory=35.446 GB)
result[(2, 9, 1, 1), 1] = ModuleProfileResult(compute_cost=0.427, peak_memory=4.083 GB, invar_size=1.501 GB, outvar_size=0.641 GB, temp_buffer_size=2.551 GB, available_memory=35.242 GB)
result[(2, 10, 1, 0), 0] = ModuleProfileResult(compute_cost=0.132, peak_memory=1.829 GB, invar_size=1.391 GB, outvar_size=0.141 GB, temp_buffer_size=0.297 GB, available_memory=35.242 GB)
result[(2, 9, 1, 2), 1] = ModuleProfileResult(compute_cost=0.290, peak_memory=4.159 GB, invar_size=2.595 GB, outvar_size=1.235 GB, temp_buffer_size=1.549 GB, available_memory=35.446 GB)
result[(2, 10, 1, 1), 0] = ModuleProfileResult(compute_cost=0.185, peak_memory=1.313 GB, invar_size=0.719 GB, outvar_size=0.281 GB, temp_buffer_size=0.313 GB, available_memory=35.446 GB)
result[(2, 10, 1, 0), 1] = ModuleProfileResult(compute_cost=0.334, peak_memory=4.472 GB, invar_size=2.908 GB, outvar_size=1.391 GB, temp_buffer_size=1.549 GB, available_memory=35.242 GB)
result[(2, 10, 1, 2), 0] = ModuleProfileResult(compute_cost=0.127, peak_memory=1.829 GB, invar_size=1.391 GB, outvar_size=0.141 GB, temp_buffer_size=0.297 GB, available_memory=35.242 GB)
result[(2, 10, 1, 1), 1] = ModuleProfileResult(compute_cost=0.459, peak_memory=4.473 GB, invar_size=1.689 GB, outvar_size=0.719 GB, temp_buffer_size=2.753 GB, available_memory=35.446 GB)
result[(2, 11, 1, 0), 0] = ModuleProfileResult(compute_cost=0.126, peak_memory=1.970 GB, invar_size=1.516 GB, outvar_size=0.156 GB, temp_buffer_size=0.297 GB, available_memory=35.446 GB)
result[(2, 10, 1, 2), 1] = ModuleProfileResult(compute_cost=0.331, peak_memory=4.472 GB, invar_size=2.908 GB, outvar_size=1.391 GB, temp_buffer_size=1.549 GB, available_memory=35.242 GB)
result[(2, 11, 1, 1), 0] = ModuleProfileResult(compute_cost=0.222, peak_memory=1.391 GB, invar_size=0.782 GB, outvar_size=0.297 GB, temp_buffer_size=0.313 GB, available_memory=35.242 GB)
result[(2, 11, 1, 0), 1] = ModuleProfileResult(compute_cost=0.358, peak_memory=4.738 GB, invar_size=3.173 GB, outvar_size=1.516 GB, temp_buffer_size=1.549 GB, available_memory=35.446 GB)
result[(2, 11, 1, 2), 0] = ModuleProfileResult(compute_cost=0.126, peak_memory=1.970 GB, invar_size=1.516 GB, outvar_size=0.156 GB, temp_buffer_size=0.297 GB, available_memory=35.446 GB)
result[(2, 11, 1, 1), 1] = ModuleProfileResult(compute_cost=0.523, peak_memory=4.672 GB, invar_size=1.845 GB, outvar_size=0.782 GB, temp_buffer_size=2.796 GB, available_memory=35.242 GB)
result[(3, 9, 1, 0), 0] = ModuleProfileResult(compute_cost=0.092, peak_memory=1.485 GB, invar_size=1.079 GB, outvar_size=0.109 GB, temp_buffer_size=0.297 GB, available_memory=35.242 GB)
result[(2, 11, 1, 2), 1] = ModuleProfileResult(compute_cost=0.358, peak_memory=4.738 GB, invar_size=3.173 GB, outvar_size=1.516 GB, temp_buffer_size=1.549 GB, available_memory=35.446 GB)
result[(3, 9, 1, 1), 0] = ModuleProfileResult(compute_cost=0.148, peak_memory=1.079 GB, invar_size=0.563 GB, outvar_size=0.203 GB, temp_buffer_size=0.313 GB, available_memory=35.446 GB)
result[(3, 9, 1, 0), 1] = ModuleProfileResult(compute_cost=0.273, peak_memory=3.815 GB, invar_size=2.251 GB, outvar_size=1.079 GB, temp_buffer_size=1.549 GB, available_memory=35.242 GB)
result[(3, 9, 1, 2), 0] = ModuleProfileResult(compute_cost=0.092, peak_memory=1.485 GB, invar_size=1.079 GB, outvar_size=0.109 GB, temp_buffer_size=0.297 GB, available_memory=35.242 GB)
result[(3, 9, 1, 1), 1] = ModuleProfileResult(compute_cost=0.362, peak_memory=3.550 GB, invar_size=1.313 GB, outvar_size=0.563 GB, temp_buffer_size=2.205 GB, available_memory=35.446 GB)
result[(3, 10, 1, 0), 0] = ModuleProfileResult(compute_cost=0.102, peak_memory=1.657 GB, invar_size=1.235 GB, outvar_size=0.125 GB, temp_buffer_size=0.297 GB, available_memory=35.446 GB)
result[(3, 9, 1, 2), 1] = ModuleProfileResult(compute_cost=0.267, peak_memory=3.831 GB, invar_size=2.267 GB, outvar_size=1.079 GB, temp_buffer_size=1.549 GB, available_memory=35.242 GB)
result[(3, 10, 1, 1), 0] = ModuleProfileResult(compute_cost=0.179, peak_memory=1.204 GB, invar_size=0.641 GB, outvar_size=0.250 GB, temp_buffer_size=0.313 GB, available_memory=35.242 GB)
result[(3, 10, 1, 0), 1] = ModuleProfileResult(compute_cost=0.288, peak_memory=4.144 GB, invar_size=2.579 GB, outvar_size=1.235 GB, temp_buffer_size=1.549 GB, available_memory=35.446 GB)
result[(3, 10, 1, 2), 0] = ModuleProfileResult(compute_cost=0.102, peak_memory=1.657 GB, invar_size=1.235 GB, outvar_size=0.125 GB, temp_buffer_size=0.297 GB, available_memory=35.446 GB)
result[(3, 10, 1, 1), 1] = ModuleProfileResult(compute_cost=0.422, peak_memory=4.186 GB, invar_size=1.501 GB, outvar_size=0.641 GB, temp_buffer_size=2.653 GB, available_memory=35.242 GB)
result[(3, 11, 1, 0), 0] = ModuleProfileResult(compute_cost=0.125, peak_memory=1.798 GB, invar_size=1.360 GB, outvar_size=0.141 GB, temp_buffer_size=0.297 GB, available_memory=35.242 GB)
result[(3, 10, 1, 2), 1] = ModuleProfileResult(compute_cost=0.288, peak_memory=4.144 GB, invar_size=2.579 GB, outvar_size=1.235 GB, temp_buffer_size=1.549 GB, available_memory=35.446 GB)
result[(3, 11, 1, 1), 0] = ModuleProfileResult(compute_cost=0.186, peak_memory=1.282 GB, invar_size=0.704 GB, outvar_size=0.266 GB, temp_buffer_size=0.313 GB, available_memory=35.446 GB)
result[(3, 11, 1, 0), 1] = ModuleProfileResult(compute_cost=0.333, peak_memory=4.410 GB, invar_size=2.845 GB, outvar_size=1.360 GB, temp_buffer_size=1.549 GB, available_memory=35.242 GB)
result[(3, 11, 1, 2), 0] = ModuleProfileResult(compute_cost=0.125, peak_memory=1.798 GB, invar_size=1.360 GB, outvar_size=0.141 GB, temp_buffer_size=0.297 GB, available_memory=35.242 GB)
result[(3, 11, 1, 1), 1] = ModuleProfileResult(compute_cost=0.461, peak_memory=4.533 GB, invar_size=1.657 GB, outvar_size=0.704 GB, temp_buffer_size=2.844 GB, available_memory=35.446 GB)
result[(3, 12, 1, 0), 0] = ModuleProfileResult(compute_cost=0.131, peak_memory=2.001 GB, invar_size=1.548 GB, outvar_size=0.156 GB, temp_buffer_size=0.297 GB, available_memory=35.446 GB)
result[(3, 11, 1, 2), 1] = ModuleProfileResult(compute_cost=0.331, peak_memory=4.410 GB, invar_size=2.845 GB, outvar_size=1.360 GB, temp_buffer_size=1.549 GB, available_memory=35.242 GB)
result[(3, 12, 1, 1), 0] = ModuleProfileResult(compute_cost=0.225, peak_memory=1.407 GB, invar_size=0.797 GB, outvar_size=0.297 GB, temp_buffer_size=0.313 GB, available_memory=35.242 GB)
result[(3, 12, 1, 0), 1] = ModuleProfileResult(compute_cost=0.366, peak_memory=4.801 GB, invar_size=3.236 GB, outvar_size=1.548 GB, temp_buffer_size=1.549 GB, available_memory=35.446 GB)
result[(3, 12, 1, 2), 0] = ModuleProfileResult(compute_cost=0.131, peak_memory=2.001 GB, invar_size=1.548 GB, outvar_size=0.156 GB, temp_buffer_size=0.297 GB, available_memory=35.446 GB)
result[(3, 12, 1, 1), 1] = ModuleProfileResult(compute_cost=0.535, peak_memory=4.877 GB, invar_size=1.876 GB, outvar_size=0.797 GB, temp_buffer_size=2.970 GB, available_memory=35.242 GB)
result[(3, 12, 1, 2), 1] = ModuleProfileResult(compute_cost=0.366, peak_memory=4.816 GB, invar_size=3.252 GB, outvar_size=1.548 GB, temp_buffer_size=1.549 GB, available_memory=35.446 GB)
result[(4, 10, 1, 0), 0] = ModuleProfileResult(compute_cost=0.094, peak_memory=1.516 GB, invar_size=1.110 GB, outvar_size=0.109 GB, temp_buffer_size=0.297 GB, available_memory=35.242 GB)
result[(4, 10, 1, 1), 0] = ModuleProfileResult(compute_cost=0.158, peak_memory=1.110 GB, invar_size=0.579 GB, outvar_size=0.219 GB, temp_buffer_size=0.313 GB, available_memory=35.242 GB)
result[(4, 10, 1, 0), 1] = ModuleProfileResult(compute_cost=0.254, peak_memory=3.878 GB, invar_size=2.314 GB, outvar_size=1.110 GB, temp_buffer_size=1.549 GB, available_memory=35.446 GB)
result[(4, 10, 1, 2), 0] = ModuleProfileResult(compute_cost=0.089, peak_memory=1.516 GB, invar_size=1.110 GB, outvar_size=0.109 GB, temp_buffer_size=0.297 GB, available_memory=35.446 GB)
result[(4, 10, 1, 1), 1] = ModuleProfileResult(compute_cost=0.370, peak_memory=4.060 GB, invar_size=1.345 GB, outvar_size=0.579 GB, temp_buffer_size=2.684 GB, available_memory=35.242 GB)
result[(4, 11, 1, 0), 0] = ModuleProfileResult(compute_cost=0.123, peak_memory=1.657 GB, invar_size=1.235 GB, outvar_size=0.125 GB, temp_buffer_size=0.297 GB, available_memory=35.242 GB)
result[(4, 10, 1, 2), 1] = ModuleProfileResult(compute_cost=0.255, peak_memory=3.878 GB, invar_size=2.314 GB, outvar_size=1.110 GB, temp_buffer_size=1.549 GB, available_memory=35.446 GB)
result[(4, 11, 1, 1), 0] = ModuleProfileResult(compute_cost=0.165, peak_memory=1.188 GB, invar_size=0.641 GB, outvar_size=0.234 GB, temp_buffer_size=0.313 GB, available_memory=35.446 GB)
result[(4, 11, 1, 0), 1] = ModuleProfileResult(compute_cost=0.304, peak_memory=4.144 GB, invar_size=2.579 GB, outvar_size=1.235 GB, temp_buffer_size=1.549 GB, available_memory=35.242 GB)
result[(4, 11, 1, 2), 0] = ModuleProfileResult(compute_cost=0.103, peak_memory=1.657 GB, invar_size=1.235 GB, outvar_size=0.125 GB, temp_buffer_size=0.297 GB, available_memory=35.242 GB)
result[(4, 11, 1, 1), 1] = ModuleProfileResult(compute_cost=0.419, peak_memory=3.760 GB, invar_size=1.501 GB, outvar_size=0.641 GB, temp_buffer_size=2.227 GB, available_memory=35.446 GB)
result[(4, 12, 1, 0), 0] = ModuleProfileResult(compute_cost=0.118, peak_memory=1.860 GB, invar_size=1.423 GB, outvar_size=0.141 GB, temp_buffer_size=0.297 GB, available_memory=35.446 GB)
result[(4, 11, 1, 2), 1] = ModuleProfileResult(compute_cost=0.305, peak_memory=4.144 GB, invar_size=2.579 GB, outvar_size=1.235 GB, temp_buffer_size=1.549 GB, available_memory=35.242 GB)
result[(4, 12, 1, 1), 0] = ModuleProfileResult(compute_cost=0.207, peak_memory=1.313 GB, invar_size=0.735 GB, outvar_size=0.266 GB, temp_buffer_size=0.313 GB, available_memory=35.242 GB)
result[(4, 12, 1, 0), 1] = ModuleProfileResult(compute_cost=0.331, peak_memory=4.535 GB, invar_size=2.970 GB, outvar_size=1.423 GB, temp_buffer_size=1.549 GB, available_memory=35.446 GB)
result[(4, 12, 1, 2), 0] = ModuleProfileResult(compute_cost=0.118, peak_memory=1.860 GB, invar_size=1.423 GB, outvar_size=0.141 GB, temp_buffer_size=0.297 GB, available_memory=35.446 GB)
result[(4, 12, 1, 1), 1] = ModuleProfileResult(compute_cost=0.492, peak_memory=4.454 GB, invar_size=1.720 GB, outvar_size=0.735 GB, temp_buffer_size=2.703 GB, available_memory=35.242 GB)
result[(4, 13, 1, 0), 0] = ModuleProfileResult(compute_cost=0.139, peak_memory=2.032 GB, invar_size=1.579 GB, outvar_size=0.156 GB, temp_buffer_size=0.297 GB, available_memory=35.242 GB)
result[(4, 12, 1, 2), 1] = ModuleProfileResult(compute_cost=0.333, peak_memory=4.551 GB, invar_size=2.986 GB, outvar_size=1.423 GB, temp_buffer_size=1.549 GB, available_memory=35.446 GB)
result[(4, 13, 1, 1), 0] = ModuleProfileResult(compute_cost=0.210, peak_memory=1.438 GB, invar_size=0.813 GB, outvar_size=0.312 GB, temp_buffer_size=0.313 GB, available_memory=35.446 GB)
result[(4, 13, 1, 0), 1] = ModuleProfileResult(compute_cost=0.376, peak_memory=4.878 GB, invar_size=3.298 GB, outvar_size=1.579 GB, temp_buffer_size=1.564 GB, available_memory=35.242 GB)
result[(4, 13, 1, 2), 0] = ModuleProfileResult(compute_cost=0.138, peak_memory=2.032 GB, invar_size=1.579 GB, outvar_size=0.156 GB, temp_buffer_size=0.297 GB, available_memory=35.242 GB)
result[(4, 13, 1, 1), 1] = ModuleProfileResult(compute_cost=0.517, peak_memory=4.583 GB, invar_size=1.907 GB, outvar_size=0.813 GB, temp_buffer_size=2.645 GB, available_memory=35.446 GB)
result[(5, 11, 1, 0), 0] = ModuleProfileResult(compute_cost=0.087, peak_memory=1.454 GB, invar_size=1.047 GB, outvar_size=0.109 GB, temp_buffer_size=0.297 GB, available_memory=35.446 GB)
result[(4, 13, 1, 2), 1] = ModuleProfileResult(compute_cost=0.381, peak_memory=4.878 GB, invar_size=3.298 GB, outvar_size=1.579 GB, temp_buffer_size=1.564 GB, available_memory=35.242 GB)
result[(5, 11, 1, 0), 1] = ModuleProfileResult(compute_cost=0.245, peak_memory=3.753 GB, invar_size=2.189 GB, outvar_size=1.047 GB, temp_buffer_size=1.549 GB, available_memory=35.446 GB)
result[(5, 11, 1, 1), 0] = ModuleProfileResult(compute_cost=0.152, peak_memory=1.063 GB, invar_size=0.547 GB, outvar_size=0.203 GB, temp_buffer_size=0.313 GB, available_memory=35.242 GB)
result[(5, 11, 1, 2), 0] = ModuleProfileResult(compute_cost=0.097, peak_memory=1.454 GB, invar_size=1.047 GB, outvar_size=0.109 GB, temp_buffer_size=0.297 GB, available_memory=35.242 GB)
result[(5, 11, 1, 1), 1] = ModuleProfileResult(compute_cost=0.349, peak_memory=3.652 GB, invar_size=1.282 GB, outvar_size=0.547 GB, temp_buffer_size=2.339 GB, available_memory=35.446 GB)
result[(5, 11, 1, 2), 1] = ModuleProfileResult(compute_cost=0.267, peak_memory=3.753 GB, invar_size=2.189 GB, outvar_size=1.047 GB, temp_buffer_size=1.549 GB, available_memory=35.242 GB)
result[(5, 12, 1, 0), 0] = ModuleProfileResult(compute_cost=0.102, peak_memory=1.657 GB, invar_size=1.235 GB, outvar_size=0.125 GB, temp_buffer_size=0.297 GB, available_memory=35.446 GB)
result[(5, 12, 1, 1), 0] = ModuleProfileResult(compute_cost=0.166, peak_memory=1.188 GB, invar_size=0.641 GB, outvar_size=0.234 GB, temp_buffer_size=0.313 GB, available_memory=35.446 GB)
result[(5, 12, 1, 0), 1] = ModuleProfileResult(compute_cost=0.305, peak_memory=4.144 GB, invar_size=2.579 GB, outvar_size=1.235 GB, temp_buffer_size=1.549 GB, available_memory=35.242 GB)
result[(5, 12, 1, 2), 0] = ModuleProfileResult(compute_cost=0.123, peak_memory=1.657 GB, invar_size=1.235 GB, outvar_size=0.125 GB, temp_buffer_size=0.297 GB, available_memory=35.242 GB)
result[(5, 12, 1, 1), 1] = ModuleProfileResult(compute_cost=0.411, peak_memory=3.917 GB, invar_size=1.501 GB, outvar_size=0.641 GB, temp_buffer_size=2.385 GB, available_memory=35.446 GB)
result[(5, 13, 1, 0), 0] = ModuleProfileResult(compute_cost=0.113, peak_memory=1.829 GB, invar_size=1.391 GB, outvar_size=0.141 GB, temp_buffer_size=0.297 GB, available_memory=35.446 GB)
result[(5, 12, 1, 2), 1] = ModuleProfileResult(compute_cost=0.297, peak_memory=4.160 GB, invar_size=2.595 GB, outvar_size=1.235 GB, temp_buffer_size=1.549 GB, available_memory=35.242 GB)
result[(5, 13, 1, 1), 0] = ModuleProfileResult(compute_cost=0.190, peak_memory=1.313 GB, invar_size=0.719 GB, outvar_size=0.281 GB, temp_buffer_size=0.313 GB, available_memory=35.242 GB)
result[(5, 13, 1, 0), 1] = ModuleProfileResult(compute_cost=0.323, peak_memory=4.472 GB, invar_size=2.908 GB, outvar_size=1.391 GB, temp_buffer_size=1.549 GB, available_memory=35.446 GB)
result[(5, 13, 1, 2), 0] = ModuleProfileResult(compute_cost=0.114, peak_memory=1.829 GB, invar_size=1.391 GB, outvar_size=0.141 GB, temp_buffer_size=0.297 GB, available_memory=35.446 GB)
result[(5, 13, 1, 1), 1] = ModuleProfileResult(compute_cost=0.472, peak_memory=4.598 GB, invar_size=1.689 GB, outvar_size=0.719 GB, temp_buffer_size=2.878 GB, available_memory=35.242 GB)
result[(5, 13, 1, 2), 1] = ModuleProfileResult(compute_cost=0.323, peak_memory=4.472 GB, invar_size=2.908 GB, outvar_size=1.391 GB, temp_buffer_size=1.549 GB, available_memory=35.446 GB)
result[(5, 14, 1, 0), 0] = ModuleProfileResult(compute_cost=0.145, peak_memory=1.970 GB, invar_size=1.516 GB, outvar_size=0.156 GB, temp_buffer_size=0.297 GB, available_memory=35.242 GB)
result[(5, 14, 1, 1), 0] = ModuleProfileResult(compute_cost=0.211, peak_memory=1.391 GB, invar_size=0.782 GB, outvar_size=0.297 GB, temp_buffer_size=0.313 GB, available_memory=35.242 GB)
result[(5, 14, 1, 0), 1] = ModuleProfileResult(compute_cost=0.356, peak_memory=4.738 GB, invar_size=3.173 GB, outvar_size=1.516 GB, temp_buffer_size=1.549 GB, available_memory=35.446 GB)
result[(5, 14, 1, 2), 0] = ModuleProfileResult(compute_cost=0.126, peak_memory=1.970 GB, invar_size=1.516 GB, outvar_size=0.156 GB, temp_buffer_size=0.297 GB, available_memory=35.446 GB)
result[(5, 14, 1, 1), 1] = ModuleProfileResult(compute_cost=0.516, peak_memory=4.861 GB, invar_size=1.845 GB, outvar_size=0.782 GB, temp_buffer_size=2.984 GB, available_memory=35.242 GB)
result[(6, 12, 1, 0), 0] = ModuleProfileResult(compute_cost=0.100, peak_memory=1.485 GB, invar_size=1.079 GB, outvar_size=0.109 GB, temp_buffer_size=0.297 GB, available_memory=35.242 GB)
result[(5, 14, 1, 2), 1] = ModuleProfileResult(compute_cost=0.357, peak_memory=4.754 GB, invar_size=3.189 GB, outvar_size=1.516 GB, temp_buffer_size=1.549 GB, available_memory=35.446 GB)
result[(6, 12, 1, 1), 0] = ModuleProfileResult(compute_cost=0.148, peak_memory=1.079 GB, invar_size=0.563 GB, outvar_size=0.203 GB, temp_buffer_size=0.313 GB, available_memory=35.446 GB)
result[(6, 12, 1, 0), 1] = ModuleProfileResult(compute_cost=0.266, peak_memory=3.816 GB, invar_size=2.251 GB, outvar_size=1.079 GB, temp_buffer_size=1.549 GB, available_memory=35.242 GB)
result[(6, 12, 1, 2), 0] = ModuleProfileResult(compute_cost=0.099, peak_memory=1.485 GB, invar_size=1.079 GB, outvar_size=0.109 GB, temp_buffer_size=0.297 GB, available_memory=35.242 GB)
result[(6, 12, 1, 1), 1] = ModuleProfileResult(compute_cost=0.363, peak_memory=3.667 GB, invar_size=1.313 GB, outvar_size=0.563 GB, temp_buffer_size=2.322 GB, available_memory=35.446 GB)
result[(6, 13, 1, 0), 0] = ModuleProfileResult(compute_cost=0.102, peak_memory=1.657 GB, invar_size=1.235 GB, outvar_size=0.125 GB, temp_buffer_size=0.297 GB, available_memory=35.446 GB)
result[(6, 12, 1, 2), 1] = ModuleProfileResult(compute_cost=0.261, peak_memory=3.831 GB, invar_size=2.267 GB, outvar_size=1.079 GB, temp_buffer_size=1.549 GB, available_memory=35.242 GB)
result[(6, 13, 1, 1), 0] = ModuleProfileResult(compute_cost=0.170, peak_memory=1.204 GB, invar_size=0.641 GB, outvar_size=0.250 GB, temp_buffer_size=0.313 GB, available_memory=35.242 GB)
result[(6, 13, 1, 0), 1] = ModuleProfileResult(compute_cost=0.289, peak_memory=4.144 GB, invar_size=2.579 GB, outvar_size=1.235 GB, temp_buffer_size=1.549 GB, available_memory=35.446 GB)
result[(6, 13, 1, 2), 0] = ModuleProfileResult(compute_cost=0.103, peak_memory=1.657 GB, invar_size=1.235 GB, outvar_size=0.125 GB, temp_buffer_size=0.297 GB, available_memory=35.446 GB)
result[(6, 13, 1, 1), 1] = ModuleProfileResult(compute_cost=0.423, peak_memory=4.031 GB, invar_size=1.501 GB, outvar_size=0.641 GB, temp_buffer_size=2.499 GB, available_memory=35.242 GB)
result[(6, 13, 1, 2), 1] = ModuleProfileResult(compute_cost=0.289, peak_memory=4.144 GB, invar_size=2.579 GB, outvar_size=1.235 GB, temp_buffer_size=1.549 GB, available_memory=35.446 GB)
result[(6, 14, 1, 0), 0] = ModuleProfileResult(compute_cost=0.124, peak_memory=1.798 GB, invar_size=1.360 GB, outvar_size=0.141 GB, temp_buffer_size=0.297 GB, available_memory=35.242 GB)
result[(6, 14, 1, 1), 0] = ModuleProfileResult(compute_cost=0.189, peak_memory=1.282 GB, invar_size=0.704 GB, outvar_size=0.266 GB, temp_buffer_size=0.313 GB, available_memory=35.242 GB)
result[(6, 14, 1, 0), 1] = ModuleProfileResult(compute_cost=0.324, peak_memory=4.410 GB, invar_size=2.845 GB, outvar_size=1.360 GB, temp_buffer_size=1.549 GB, available_memory=35.446 GB)
result[(6, 14, 1, 2), 0] = ModuleProfileResult(compute_cost=0.115, peak_memory=1.798 GB, invar_size=1.360 GB, outvar_size=0.141 GB, temp_buffer_size=0.297 GB, available_memory=35.446 GB)
result[(6, 14, 1, 1), 1] = ModuleProfileResult(compute_cost=0.474, peak_memory=4.049 GB, invar_size=1.657 GB, outvar_size=0.704 GB, temp_buffer_size=2.360 GB, available_memory=35.242 GB)
result[(6, 15, 1, 0), 0] = ModuleProfileResult(compute_cost=0.127, peak_memory=1.798 GB, invar_size=1.360 GB, outvar_size=0.141 GB, temp_buffer_size=0.297 GB, available_memory=35.242 GB)
result[(6, 14, 1, 2), 1] = ModuleProfileResult(compute_cost=0.323, peak_memory=4.425 GB, invar_size=2.861 GB, outvar_size=1.360 GB, temp_buffer_size=1.549 GB, available_memory=35.446 GB)
result[(6, 15, 1, 1), 0] = ModuleProfileResult(compute_cost=0.187, peak_memory=1.297 GB, invar_size=0.704 GB, outvar_size=0.281 GB, temp_buffer_size=0.313 GB, available_memory=35.446 GB)
result[(6, 15, 1, 0), 1] = ModuleProfileResult(compute_cost=0.377, peak_memory=5.003 GB, invar_size=3.377 GB, outvar_size=1.626 GB, temp_buffer_size=1.610 GB, available_memory=35.242 GB)
result[(6, 15, 1, 2), 0] = ModuleProfileResult(compute_cost=0.125, peak_memory=1.798 GB, invar_size=1.360 GB, outvar_size=0.141 GB, temp_buffer_size=0.297 GB, available_memory=35.242 GB)
result[(6, 15, 1, 1), 1] = ModuleProfileResult(compute_cost=0.507, peak_memory=4.629 GB, invar_size=1.923 GB, outvar_size=0.837 GB, temp_buffer_size=2.675 GB, available_memory=35.446 GB)
result[(7, 13, 1, 0), 0] = ModuleProfileResult(compute_cost=0.087, peak_memory=1.454 GB, invar_size=1.047 GB, outvar_size=0.109 GB, temp_buffer_size=0.297 GB, available_memory=35.446 GB)
result[(6, 15, 1, 2), 1] = ModuleProfileResult(compute_cost=0.376, peak_memory=4.745 GB, invar_size=3.181 GB, outvar_size=1.528 GB, temp_buffer_size=1.548 GB, available_memory=35.242 GB)
result[(7, 13, 1, 0), 1] = ModuleProfileResult(compute_cost=0.247, peak_memory=3.721 GB, invar_size=2.189 GB, outvar_size=1.047 GB, temp_buffer_size=1.517 GB, available_memory=35.446 GB)
result[(7, 13, 1, 1), 0] = ModuleProfileResult(compute_cost=0.156, peak_memory=1.079 GB, invar_size=0.547 GB, outvar_size=0.219 GB, temp_buffer_size=0.313 GB, available_memory=35.242 GB)
result[(7, 13, 1, 2), 0] = ModuleProfileResult(compute_cost=0.087, peak_memory=1.454 GB, invar_size=1.047 GB, outvar_size=0.109 GB, temp_buffer_size=0.297 GB, available_memory=35.242 GB)
result[(7, 13, 1, 1), 1] = ModuleProfileResult(compute_cost=0.349, peak_memory=3.262 GB, invar_size=1.282 GB, outvar_size=0.547 GB, temp_buffer_size=1.949 GB, available_memory=35.446 GB)
result[(7, 13, 1, 2), 1] = ModuleProfileResult(compute_cost=0.263, peak_memory=3.721 GB, invar_size=2.189 GB, outvar_size=1.047 GB, temp_buffer_size=1.517 GB, available_memory=35.242 GB)
result[(7, 14, 1, 0), 0] = ModuleProfileResult(compute_cost=0.099, peak_memory=1.594 GB, invar_size=1.173 GB, outvar_size=0.125 GB, temp_buffer_size=0.297 GB, available_memory=35.446 GB)
result[(7, 14, 1, 1), 0] = ModuleProfileResult(compute_cost=0.160, peak_memory=1.157 GB, invar_size=0.610 GB, outvar_size=0.234 GB, temp_buffer_size=0.313 GB, available_memory=35.446 GB)
result[(7, 14, 1, 0), 1] = ModuleProfileResult(compute_cost=0.293, peak_memory=3.987 GB, invar_size=2.454 GB, outvar_size=1.172 GB, temp_buffer_size=1.517 GB, available_memory=35.242 GB)
result[(7, 14, 1, 2), 0] = ModuleProfileResult(compute_cost=0.099, peak_memory=1.594 GB, invar_size=1.173 GB, outvar_size=0.125 GB, temp_buffer_size=0.297 GB, available_memory=35.242 GB)
result[(7, 14, 1, 1), 1] = ModuleProfileResult(compute_cost=0.398, peak_memory=3.575 GB, invar_size=1.438 GB, outvar_size=0.610 GB, temp_buffer_size=2.106 GB, available_memory=35.446 GB)
result[(7, 15, 1, 0), 0] = ModuleProfileResult(compute_cost=0.099, peak_memory=1.594 GB, invar_size=1.173 GB, outvar_size=0.125 GB, temp_buffer_size=0.297 GB, available_memory=35.446 GB)
result[(7, 14, 1, 2), 1] = ModuleProfileResult(compute_cost=0.302, peak_memory=4.002 GB, invar_size=2.470 GB, outvar_size=1.172 GB, temp_buffer_size=1.517 GB, available_memory=35.242 GB)
result[(7, 15, 1, 1), 0] = ModuleProfileResult(compute_cost=0.169, peak_memory=1.172 GB, invar_size=0.610 GB, outvar_size=0.250 GB, temp_buffer_size=0.313 GB, available_memory=35.242 GB)
result[(7, 15, 1, 0), 1] = ModuleProfileResult(compute_cost=0.325, peak_memory=4.518 GB, invar_size=2.986 GB, outvar_size=1.438 GB, temp_buffer_size=1.517 GB, available_memory=35.446 GB)
result[(7, 15, 1, 2), 0] = ModuleProfileResult(compute_cost=0.099, peak_memory=1.594 GB, invar_size=1.173 GB, outvar_size=0.125 GB, temp_buffer_size=0.297 GB, available_memory=35.446 GB)
result[(7, 15, 1, 1), 1] = ModuleProfileResult(compute_cost=0.469, peak_memory=4.123 GB, invar_size=1.704 GB, outvar_size=0.743 GB, temp_buffer_size=2.387 GB, available_memory=35.242 GB)
result[(8, 14, 1, 0), 0] = ModuleProfileResult(compute_cost=0.087, peak_memory=1.454 GB, invar_size=1.047 GB, outvar_size=0.109 GB, temp_buffer_size=0.297 GB, available_memory=35.242 GB)
result[(7, 15, 1, 2), 1] = ModuleProfileResult(compute_cost=0.322, peak_memory=4.323 GB, invar_size=2.791 GB, outvar_size=1.341 GB, temp_buffer_size=1.516 GB, available_memory=35.446 GB)
result[(8, 14, 1, 1), 0] = ModuleProfileResult(compute_cost=0.140, peak_memory=1.063 GB, invar_size=0.547 GB, outvar_size=0.203 GB, temp_buffer_size=0.313 GB, available_memory=35.446 GB)
result[(8, 14, 1, 0), 1] = ModuleProfileResult(compute_cost=0.253, peak_memory=3.721 GB, invar_size=2.189 GB, outvar_size=1.047 GB, temp_buffer_size=1.517 GB, available_memory=35.242 GB)
result[(8, 14, 1, 2), 0] = ModuleProfileResult(compute_cost=0.088, peak_memory=1.454 GB, invar_size=1.047 GB, outvar_size=0.109 GB, temp_buffer_size=0.297 GB, available_memory=35.242 GB)
result[(8, 14, 1, 1), 1] = ModuleProfileResult(compute_cost=0.348, peak_memory=3.635 GB, invar_size=1.282 GB, outvar_size=0.547 GB, temp_buffer_size=2.322 GB, available_memory=35.446 GB)
result[(8, 15, 1, 0), 0] = ModuleProfileResult(compute_cost=0.087, peak_memory=1.454 GB, invar_size=1.047 GB, outvar_size=0.109 GB, temp_buffer_size=0.297 GB, available_memory=35.446 GB)
result[(8, 14, 1, 2), 1] = ModuleProfileResult(compute_cost=0.249, peak_memory=3.736 GB, invar_size=2.204 GB, outvar_size=1.047 GB, temp_buffer_size=1.517 GB, available_memory=35.242 GB)
result[(8, 15, 1, 1), 0] = ModuleProfileResult(compute_cost=0.149, peak_memory=1.079 GB, invar_size=0.547 GB, outvar_size=0.219 GB, temp_buffer_size=0.313 GB, available_memory=35.242 GB)
result[(8, 15, 1, 0), 1] = ModuleProfileResult(compute_cost=0.290, peak_memory=4.253 GB, invar_size=2.720 GB, outvar_size=1.313 GB, temp_buffer_size=1.517 GB, available_memory=35.446 GB)
result[(8, 15, 1, 2), 0] = ModuleProfileResult(compute_cost=0.087, peak_memory=1.454 GB, invar_size=1.047 GB, outvar_size=0.109 GB, temp_buffer_size=0.297 GB, available_memory=35.446 GB)
result[(8, 15, 1, 1), 1] = ModuleProfileResult(compute_cost=0.413, peak_memory=3.967 GB, invar_size=1.548 GB, outvar_size=0.680 GB, temp_buffer_size=2.387 GB, available_memory=35.242 GB)
result[(9, 15, 1, 0), 0] = ModuleProfileResult(compute_cost=0.085, peak_memory=1.282 GB, invar_size=0.891 GB, outvar_size=0.094 GB, temp_buffer_size=0.297 GB, available_memory=35.242 GB)
result[(8, 15, 1, 2), 1] = ModuleProfileResult(compute_cost=0.293, peak_memory=4.057 GB, invar_size=2.525 GB, outvar_size=1.215 GB, temp_buffer_size=1.516 GB, available_memory=35.446 GB)
result[(9, 15, 1, 1), 0] = ModuleProfileResult(compute_cost=0.123, peak_memory=0.969 GB, invar_size=0.469 GB, outvar_size=0.188 GB, temp_buffer_size=0.313 GB, available_memory=35.446 GB)
result[(9, 15, 1, 0), 1] = ModuleProfileResult(compute_cost=0.269, peak_memory=3.924 GB, invar_size=2.392 GB, outvar_size=1.157 GB, temp_buffer_size=1.517 GB, available_memory=35.242 GB)
result[(9, 15, 1, 2), 0] = ModuleProfileResult(compute_cost=0.089, peak_memory=1.282 GB, invar_size=0.891 GB, outvar_size=0.094 GB, temp_buffer_size=0.297 GB, available_memory=35.242 GB)
result[(9, 15, 1, 1), 1] = ModuleProfileResult(compute_cost=0.354, peak_memory=3.498 GB, invar_size=1.360 GB, outvar_size=0.602 GB, temp_buffer_size=2.107 GB, available_memory=35.446 GB)
result[(9, 15, 1, 2), 1] = ModuleProfileResult(compute_cost=0.266, peak_memory=3.729 GB, invar_size=2.196 GB, outvar_size=1.059 GB, temp_buffer_size=1.516 GB, available_memory=35.242 GB)
Profiling for submesh 1 (1, 2) takes 812.72 seconds
--------------------------------------------------
- Profiling for submesh 0 (1, 1):
- Generate all stage infos (Jaxpr -> HLO)
- Compile all stages
- Profile all stages
result[(0, 2, 0, 0), 0] = ModuleProfileResult(compute_cost=0.078, peak_memory=1.448 GB, invar_size=0.573 GB, outvar_size=0.094 GB, temp_buffer_size=0.781 GB, available_memory=35.446 GB)
result[(0, 2, 0, 1), 0] = ModuleProfileResult(compute_cost=0.090, peak_memory=1.448 GB, invar_size=0.573 GB, outvar_size=0.094 GB, temp_buffer_size=0.781 GB, available_memory=35.242 GB)
result[(0, 3, 0, 0), 0] = ModuleProfileResult(compute_cost=0.104, peak_memory=1.604 GB, invar_size=0.698 GB, outvar_size=0.125 GB, temp_buffer_size=0.781 GB, available_memory=35.446 GB)
result[(0, 2, 0, 0), 1] = ModuleProfileResult(compute_cost=0.206, peak_memory=4.743 GB, invar_size=1.239 GB, outvar_size=0.572 GB, temp_buffer_size=3.504 GB, available_memory=35.446 GB)
result[(0, 3, 0, 1), 0] = ModuleProfileResult(compute_cost=0.105, peak_memory=1.604 GB, invar_size=0.698 GB, outvar_size=0.125 GB, temp_buffer_size=0.781 GB, available_memory=35.446 GB)
result[(0, 2, 0, 1), 1] = ModuleProfileResult(compute_cost=0.224, peak_memory=4.743 GB, invar_size=1.239 GB, outvar_size=0.572 GB, temp_buffer_size=3.504 GB, available_memory=35.242 GB)
result[(1, 4, 0, 0), 0] = ModuleProfileResult(compute_cost=0.109, peak_memory=1.407 GB, invar_size=0.688 GB, outvar_size=0.125 GB, temp_buffer_size=0.594 GB, available_memory=35.446 GB)
result[(0, 3, 0, 0), 1] = ModuleProfileResult(compute_cost=0.283, peak_memory=5.496 GB, invar_size=1.520 GB, outvar_size=0.698 GB, temp_buffer_size=3.975 GB, available_memory=35.242 GB)
result[(1, 4, 0, 1), 0] = ModuleProfileResult(compute_cost=0.109, peak_memory=1.407 GB, invar_size=0.688 GB, outvar_size=0.125 GB, temp_buffer_size=0.594 GB, available_memory=35.446 GB)
result[(0, 3, 0, 1), 1] = ModuleProfileResult(compute_cost=0.274, peak_memory=5.496 GB, invar_size=1.520 GB, outvar_size=0.698 GB, temp_buffer_size=3.975 GB, available_memory=35.446 GB)
result[(2, 5, 0, 0), 0] = ModuleProfileResult(compute_cost=0.099, peak_memory=1.375 GB, invar_size=0.657 GB, outvar_size=0.125 GB, temp_buffer_size=0.594 GB, available_memory=35.446 GB)
result[(1, 4, 0, 0), 1] = ModuleProfileResult(compute_cost=0.300, peak_memory=5.728 GB, invar_size=1.469 GB, outvar_size=0.688 GB, temp_buffer_size=4.227 GB, available_memory=35.242 GB)
result[(2, 5, 0, 1), 0] = ModuleProfileResult(compute_cost=0.100, peak_memory=1.375 GB, invar_size=0.657 GB, outvar_size=0.125 GB, temp_buffer_size=0.594 GB, available_memory=35.446 GB)
result[(1, 4, 0, 1), 1] = ModuleProfileResult(compute_cost=0.308, peak_memory=5.728 GB, invar_size=1.469 GB, outvar_size=0.688 GB, temp_buffer_size=4.227 GB, available_memory=35.242 GB)
result[(2, 5, 0, 0), 1] = ModuleProfileResult(compute_cost=0.279, peak_memory=5.140 GB, invar_size=1.407 GB, outvar_size=0.657 GB, temp_buffer_size=3.702 GB, available_memory=35.446 GB)
result[(3, 6, 0, 0), 0] = ModuleProfileResult(compute_cost=0.109, peak_memory=1.407 GB, invar_size=0.688 GB, outvar_size=0.125 GB, temp_buffer_size=0.594 GB, available_memory=35.446 GB)
result[(2, 5, 0, 1), 1] = ModuleProfileResult(compute_cost=0.282, peak_memory=5.140 GB, invar_size=1.407 GB, outvar_size=0.657 GB, temp_buffer_size=3.702 GB, available_memory=35.242 GB)
result[(3, 6, 0, 1), 0] = ModuleProfileResult(compute_cost=0.109, peak_memory=1.407 GB, invar_size=0.688 GB, outvar_size=0.125 GB, temp_buffer_size=0.594 GB, available_memory=35.446 GB)
result[(3, 7, 0, 0), 0] = ModuleProfileResult(compute_cost=0.152, peak_memory=1.563 GB, invar_size=0.813 GB, outvar_size=0.156 GB, temp_buffer_size=0.594 GB, available_memory=35.242 GB)
result[(3, 6, 0, 0), 1] = ModuleProfileResult(compute_cost=0.311, peak_memory=5.792 GB, invar_size=1.469 GB, outvar_size=0.688 GB, temp_buffer_size=4.292 GB, available_memory=35.242 GB)
result[(3, 6, 0, 1), 1] = ModuleProfileResult(compute_cost=0.298, peak_memory=5.792 GB, invar_size=1.469 GB, outvar_size=0.688 GB, temp_buffer_size=4.292 GB, available_memory=35.446 GB)
result[(3, 7, 0, 1), 0] = ModuleProfileResult(compute_cost=0.145, peak_memory=1.563 GB, invar_size=0.813 GB, outvar_size=0.156 GB, temp_buffer_size=0.594 GB, available_memory=35.242 GB)
result[(4, 6, 0, 0), 0] = ModuleProfileResult(compute_cost=0.084, peak_memory=1.250 GB, invar_size=0.563 GB, outvar_size=0.094 GB, temp_buffer_size=0.594 GB, available_memory=35.446 GB)
result[(4, 6, 0, 1), 0] = ModuleProfileResult(compute_cost=0.084, peak_memory=1.250 GB, invar_size=0.563 GB, outvar_size=0.094 GB, temp_buffer_size=0.594 GB, available_memory=35.446 GB)
result[(3, 7, 0, 0), 1] = ModuleProfileResult(compute_cost=0.363, peak_memory=6.262 GB, invar_size=1.751 GB, outvar_size=0.813 GB, temp_buffer_size=4.480 GB, available_memory=35.446 GB)
result[(4, 6, 0, 0), 1] = ModuleProfileResult(compute_cost=0.241, peak_memory=5.195 GB, invar_size=1.188 GB, outvar_size=0.563 GB, temp_buffer_size=3.975 GB, available_memory=35.242 GB)
result[(4, 7, 0, 0), 0] = ModuleProfileResult(compute_cost=0.109, peak_memory=1.407 GB, invar_size=0.688 GB, outvar_size=0.125 GB, temp_buffer_size=0.594 GB, available_memory=35.446 GB)
result[(3, 7, 0, 1), 1] = ModuleProfileResult(compute_cost=0.380, peak_memory=6.262 GB, invar_size=1.751 GB, outvar_size=0.813 GB, temp_buffer_size=4.480 GB, available_memory=35.242 GB)
result[(4, 7, 0, 1), 0] = ModuleProfileResult(compute_cost=0.109, peak_memory=1.407 GB, invar_size=0.688 GB, outvar_size=0.125 GB, temp_buffer_size=0.594 GB, available_memory=35.446 GB)
result[(4, 6, 0, 1), 1] = ModuleProfileResult(compute_cost=0.229, peak_memory=5.195 GB, invar_size=1.188 GB, outvar_size=0.563 GB, temp_buffer_size=3.975 GB, available_memory=35.446 GB)
result[(5, 8, 0, 0), 0] = ModuleProfileResult(compute_cost=0.099, peak_memory=1.375 GB, invar_size=0.657 GB, outvar_size=0.125 GB, temp_buffer_size=0.594 GB, available_memory=35.446 GB)
result[(4, 7, 0, 0), 1] = ModuleProfileResult(compute_cost=0.302, peak_memory=5.820 GB, invar_size=1.469 GB, outvar_size=0.688 GB, temp_buffer_size=4.319 GB, available_memory=35.242 GB)
result[(5, 8, 0, 1), 0] = ModuleProfileResult(compute_cost=0.099, peak_memory=1.375 GB, invar_size=0.657 GB, outvar_size=0.125 GB, temp_buffer_size=0.594 GB, available_memory=35.446 GB)
result[(4, 7, 0, 1), 1] = ModuleProfileResult(compute_cost=0.302, peak_memory=5.820 GB, invar_size=1.469 GB, outvar_size=0.688 GB, temp_buffer_size=4.319 GB, available_memory=35.242 GB)
result[(5, 8, 0, 0), 1] = ModuleProfileResult(compute_cost=0.275, peak_memory=5.385 GB, invar_size=1.407 GB, outvar_size=0.657 GB, temp_buffer_size=3.947 GB, available_memory=35.446 GB)
result[(5, 9, 0, 0), 0] = ModuleProfileResult(compute_cost=0.124, peak_memory=1.532 GB, invar_size=0.782 GB, outvar_size=0.156 GB, temp_buffer_size=0.594 GB, available_memory=35.446 GB)
result[(5, 9, 0, 1), 0] = ModuleProfileResult(compute_cost=0.125, peak_memory=1.532 GB, invar_size=0.782 GB, outvar_size=0.156 GB, temp_buffer_size=0.594 GB, available_memory=35.446 GB)
result[(5, 8, 0, 1), 1] = ModuleProfileResult(compute_cost=0.288, peak_memory=5.385 GB, invar_size=1.407 GB, outvar_size=0.657 GB, temp_buffer_size=3.947 GB, available_memory=35.242 GB)
result[(6, 9, 0, 0), 0] = ModuleProfileResult(compute_cost=0.103, peak_memory=1.344 GB, invar_size=0.625 GB, outvar_size=0.125 GB, temp_buffer_size=0.594 GB, available_memory=35.446 GB)
result[(5, 9, 0, 0), 1] = ModuleProfileResult(compute_cost=0.359, peak_memory=6.105 GB, invar_size=1.688 GB, outvar_size=0.782 GB, temp_buffer_size=4.386 GB, available_memory=35.242 GB)
result[(6, 9, 0, 1), 0] = ModuleProfileResult(compute_cost=0.103, peak_memory=1.344 GB, invar_size=0.625 GB, outvar_size=0.125 GB, temp_buffer_size=0.594 GB, available_memory=35.446 GB)
result[(5, 9, 0, 1), 1] = ModuleProfileResult(compute_cost=0.343, peak_memory=6.105 GB, invar_size=1.688 GB, outvar_size=0.782 GB, temp_buffer_size=4.386 GB, available_memory=35.446 GB)
result[(6, 9, 0, 0), 1] = ModuleProfileResult(compute_cost=0.284, peak_memory=5.598 GB, invar_size=1.344 GB, outvar_size=0.625 GB, temp_buffer_size=4.223 GB, available_memory=35.242 GB)
result[(6, 10, 0, 0), 0] = ModuleProfileResult(compute_cost=0.125, peak_memory=1.532 GB, invar_size=0.782 GB, outvar_size=0.156 GB, temp_buffer_size=0.594 GB, available_memory=35.446 GB)
result[(6, 9, 0, 1), 1] = ModuleProfileResult(compute_cost=0.296, peak_memory=5.598 GB, invar_size=1.344 GB, outvar_size=0.625 GB, temp_buffer_size=4.223 GB, available_memory=35.242 GB)
result[(6, 10, 0, 1), 0] = ModuleProfileResult(compute_cost=0.141, peak_memory=1.532 GB, invar_size=0.782 GB, outvar_size=0.156 GB, temp_buffer_size=0.594 GB, available_memory=35.242 GB)
result[(7, 10, 0, 0), 0] = ModuleProfileResult(compute_cost=0.103, peak_memory=1.313 GB, invar_size=0.594 GB, outvar_size=0.125 GB, temp_buffer_size=0.594 GB, available_memory=35.242 GB)
result[(6, 10, 0, 0), 1] = ModuleProfileResult(compute_cost=0.340, peak_memory=6.508 GB, invar_size=1.688 GB, outvar_size=0.782 GB, temp_buffer_size=4.789 GB, available_memory=35.446 GB)
result[(7, 10, 0, 1), 0] = ModuleProfileResult(compute_cost=0.105, peak_memory=1.313 GB, invar_size=0.594 GB, outvar_size=0.125 GB, temp_buffer_size=0.594 GB, available_memory=35.242 GB)
result[(6, 10, 0, 1), 1] = ModuleProfileResult(compute_cost=0.341, peak_memory=6.508 GB, invar_size=1.688 GB, outvar_size=0.782 GB, temp_buffer_size=4.789 GB, available_memory=35.446 GB)
result[(7, 10, 0, 0), 1] = ModuleProfileResult(compute_cost=0.260, peak_memory=5.349 GB, invar_size=1.282 GB, outvar_size=0.594 GB, temp_buffer_size=4.036 GB, available_memory=35.242 GB)
result[(7, 11, 0, 0), 0] = ModuleProfileResult(compute_cost=0.121, peak_memory=1.469 GB, invar_size=0.719 GB, outvar_size=0.156 GB, temp_buffer_size=0.594 GB, available_memory=35.242 GB)
result[(7, 10, 0, 1), 1] = ModuleProfileResult(compute_cost=0.258, peak_memory=5.349 GB, invar_size=1.282 GB, outvar_size=0.594 GB, temp_buffer_size=4.036 GB, available_memory=35.446 GB)
result[(7, 11, 0, 1), 0] = ModuleProfileResult(compute_cost=0.135, peak_memory=1.469 GB, invar_size=0.719 GB, outvar_size=0.156 GB, temp_buffer_size=0.594 GB, available_memory=35.242 GB)
result[(8, 11, 0, 0), 0] = ModuleProfileResult(compute_cost=0.094, peak_memory=1.313 GB, invar_size=0.594 GB, outvar_size=0.125 GB, temp_buffer_size=0.594 GB, available_memory=35.446 GB)
result[(7, 11, 0, 0), 1] = ModuleProfileResult(compute_cost=0.330, peak_memory=5.819 GB, invar_size=1.563 GB, outvar_size=0.719 GB, temp_buffer_size=4.225 GB, available_memory=35.446 GB)
result[(8, 11, 0, 1), 0] = ModuleProfileResult(compute_cost=0.094, peak_memory=1.313 GB, invar_size=0.594 GB, outvar_size=0.125 GB, temp_buffer_size=0.594 GB, available_memory=35.446 GB)
result[(7, 11, 0, 1), 1] = ModuleProfileResult(compute_cost=0.338, peak_memory=5.819 GB, invar_size=1.563 GB, outvar_size=0.719 GB, temp_buffer_size=4.225 GB, available_memory=35.242 GB)
result[(8, 11, 0, 0), 1] = ModuleProfileResult(compute_cost=0.263, peak_memory=4.948 GB, invar_size=1.282 GB, outvar_size=0.594 GB, temp_buffer_size=3.635 GB, available_memory=35.242 GB)
result[(8, 12, 0, 0), 0] = ModuleProfileResult(compute_cost=0.124, peak_memory=1.532 GB, invar_size=0.782 GB, outvar_size=0.156 GB, temp_buffer_size=0.594 GB, available_memory=35.446 GB)
result[(8, 12, 0, 1), 0] = ModuleProfileResult(compute_cost=0.138, peak_memory=1.532 GB, invar_size=0.782 GB, outvar_size=0.156 GB, temp_buffer_size=0.594 GB, available_memory=35.242 GB)
result[(8, 11, 0, 1), 1] = ModuleProfileResult(compute_cost=0.259, peak_memory=4.948 GB, invar_size=1.282 GB, outvar_size=0.594 GB, temp_buffer_size=3.635 GB, available_memory=35.446 GB)
result[(9, 12, 0, 0), 0] = ModuleProfileResult(compute_cost=0.103, peak_memory=1.344 GB, invar_size=0.625 GB, outvar_size=0.125 GB, temp_buffer_size=0.594 GB, available_memory=35.242 GB)
result[(8, 12, 0, 0), 1] = ModuleProfileResult(compute_cost=0.355, peak_memory=5.668 GB, invar_size=1.688 GB, outvar_size=0.782 GB, temp_buffer_size=3.948 GB, available_memory=35.242 GB)
result[(9, 12, 0, 1), 0] = ModuleProfileResult(compute_cost=0.109, peak_memory=1.344 GB, invar_size=0.625 GB, outvar_size=0.125 GB, temp_buffer_size=0.594 GB, available_memory=35.242 GB)
result[(8, 12, 0, 1), 1] = ModuleProfileResult(compute_cost=0.344, peak_memory=5.668 GB, invar_size=1.688 GB, outvar_size=0.782 GB, temp_buffer_size=3.948 GB, available_memory=35.446 GB)
result[(9, 12, 0, 0), 1] = ModuleProfileResult(compute_cost=0.282, peak_memory=5.350 GB, invar_size=1.344 GB, outvar_size=0.625 GB, temp_buffer_size=3.974 GB, available_memory=35.446 GB)
result[(9, 13, 0, 0), 0] = ModuleProfileResult(compute_cost=0.141, peak_memory=1.532 GB, invar_size=0.782 GB, outvar_size=0.156 GB, temp_buffer_size=0.594 GB, available_memory=35.242 GB)
result[(9, 13, 0, 1), 0] = ModuleProfileResult(compute_cost=0.124, peak_memory=1.532 GB, invar_size=0.782 GB, outvar_size=0.156 GB, temp_buffer_size=0.594 GB, available_memory=35.446 GB)
result[(9, 12, 0, 1), 1] = ModuleProfileResult(compute_cost=0.293, peak_memory=5.350 GB, invar_size=1.344 GB, outvar_size=0.625 GB, temp_buffer_size=3.974 GB, available_memory=35.242 GB)
result[(10, 13, 0, 0), 0] = ModuleProfileResult(compute_cost=0.099, peak_memory=1.375 GB, invar_size=0.657 GB, outvar_size=0.125 GB, temp_buffer_size=0.594 GB, available_memory=35.446 GB)
result[(9, 13, 0, 0), 1] = ModuleProfileResult(compute_cost=0.345, peak_memory=6.035 GB, invar_size=1.688 GB, outvar_size=0.782 GB, temp_buffer_size=4.315 GB, available_memory=35.446 GB)
result[(10, 13, 0, 1), 0] = ModuleProfileResult(compute_cost=0.099, peak_memory=1.375 GB, invar_size=0.657 GB, outvar_size=0.125 GB, temp_buffer_size=0.594 GB, available_memory=35.446 GB)
result[(9, 13, 0, 1), 1] = ModuleProfileResult(compute_cost=0.358, peak_memory=6.035 GB, invar_size=1.688 GB, outvar_size=0.782 GB, temp_buffer_size=4.315 GB, available_memory=35.242 GB)
result[(10, 13, 0, 0), 1] = ModuleProfileResult(compute_cost=0.289, peak_memory=5.140 GB, invar_size=1.407 GB, outvar_size=0.657 GB, temp_buffer_size=3.702 GB, available_memory=35.242 GB)
result[(10, 14, 0, 0), 0] = ModuleProfileResult(compute_cost=0.124, peak_memory=1.532 GB, invar_size=0.782 GB, outvar_size=0.156 GB, temp_buffer_size=0.594 GB, available_memory=35.446 GB)
result[(10, 13, 0, 1), 1] = ModuleProfileResult(compute_cost=0.278, peak_memory=5.140 GB, invar_size=1.407 GB, outvar_size=0.657 GB, temp_buffer_size=3.702 GB, available_memory=35.446 GB)
result[(10, 14, 0, 1), 0] = ModuleProfileResult(compute_cost=0.124, peak_memory=1.532 GB, invar_size=0.782 GB, outvar_size=0.156 GB, temp_buffer_size=0.594 GB, available_memory=35.242 GB)
result[(11, 14, 0, 0), 0] = ModuleProfileResult(compute_cost=0.103, peak_memory=1.344 GB, invar_size=0.625 GB, outvar_size=0.125 GB, temp_buffer_size=0.594 GB, available_memory=35.446 GB)
result[(10, 14, 0, 0), 1] = ModuleProfileResult(compute_cost=0.354, peak_memory=5.918 GB, invar_size=1.688 GB, outvar_size=0.782 GB, temp_buffer_size=4.198 GB, available_memory=35.242 GB)
result[(11, 14, 0, 1), 0] = ModuleProfileResult(compute_cost=0.103, peak_memory=1.344 GB, invar_size=0.625 GB, outvar_size=0.125 GB, temp_buffer_size=0.594 GB, available_memory=35.446 GB)
result[(10, 14, 0, 1), 1] = ModuleProfileResult(compute_cost=0.343, peak_memory=5.918 GB, invar_size=1.688 GB, outvar_size=0.782 GB, temp_buffer_size=4.198 GB, available_memory=35.446 GB)
result[(11, 14, 0, 0), 1] = ModuleProfileResult(compute_cost=0.291, peak_memory=5.292 GB, invar_size=1.344 GB, outvar_size=0.625 GB, temp_buffer_size=3.916 GB, available_memory=35.242 GB)
result[(11, 15, 0, 0), 0] = ModuleProfileResult(compute_cost=0.103, peak_memory=1.344 GB, invar_size=0.625 GB, outvar_size=0.125 GB, temp_buffer_size=0.594 GB, available_memory=35.446 GB)
result[(11, 15, 0, 1), 0] = ModuleProfileResult(compute_cost=0.103, peak_memory=1.344 GB, invar_size=0.625 GB, outvar_size=0.125 GB, temp_buffer_size=0.594 GB, available_memory=35.242 GB)
result[(11, 14, 0, 1), 1] = ModuleProfileResult(compute_cost=0.295, peak_memory=5.292 GB, invar_size=1.344 GB, outvar_size=0.625 GB, temp_buffer_size=3.916 GB, available_memory=35.242 GB)
result[(12, 15, 0, 0), 0] = ModuleProfileResult(compute_cost=0.078, peak_memory=1.188 GB, invar_size=0.500 GB, outvar_size=0.094 GB, temp_buffer_size=0.594 GB, available_memory=35.242 GB)
result[(12, 15, 0, 1), 0] = ModuleProfileResult(compute_cost=0.078, peak_memory=1.188 GB, invar_size=0.500 GB, outvar_size=0.094 GB, temp_buffer_size=0.594 GB, available_memory=35.242 GB)
result[(11, 15, 0, 0), 1] = ModuleProfileResult(compute_cost=0.370, peak_memory=6.199 GB, invar_size=1.876 GB, outvar_size=0.891 GB, temp_buffer_size=4.292 GB, available_memory=35.446 GB)
result[(11, 15, 0, 1), 1] = ModuleProfileResult(compute_cost=0.370, peak_memory=6.199 GB, invar_size=1.876 GB, outvar_size=0.891 GB, temp_buffer_size=4.292 GB, available_memory=35.446 GB)
result[(12, 15, 0, 0), 1] = ModuleProfileResult(compute_cost=0.311, peak_memory=5.696 GB, invar_size=1.595 GB, outvar_size=0.766 GB, temp_buffer_size=4.070 GB, available_memory=35.242 GB)
result[(12, 15, 0, 1), 1] = ModuleProfileResult(compute_cost=0.320, peak_memory=5.696 GB, invar_size=1.595 GB, outvar_size=0.766 GB, temp_buffer_size=4.070 GB, available_memory=35.242 GB)
Profiling for submesh 0 (1, 1) takes 168.43 seconds
--------------------------------------------------
----------------------------------------------------------------------
Result forward_stage_layer_ids: [[0, 1, 2, 3, 4, 5, 6, 7], [8, 9, 10, 11, 12, 13, 14, 15]]
Result mesh_shapes: [(1, 2), (1, 2)]
Result logical_mesh_shapes: [(2, 1), (2, 1)]
Result autosharding_option_dicts: [{}, {'force_batch_dim_to_mesh_dim': 0}]
 - Compile (driver): 1242.11 s
compilation time breakdown: {'stage-construction': '1190.91', 'stage-construction-dp': '1.19', 'stage-construction-compilation': '237.64', 'stage-construction-profiling': '729.18'}
 - Compile (worker): 9.68 s
[I] Training process warmup (2 rounds) with dummy input batch...
    - Warmup iteration: 1/2
    - Warmup iteration: 2/2
[I] Ready to perform training process.
[I] Benchmark the training process with entire dataset and profile with driver overhead...
    - Iteration 1 / 5 is performed...
    - Iteration 2 / 5 is performed...
    - Iteration 3 / 5 is performed...
    - Iteration 4 / 5 is performed...
 - Benchmark: 60.74 s

[12.079171180725098, 7.036611080169678, 6.952915668487549, 7.149710178375244, 6.96223258972168, 6.947521924972534, 6.951399564743042]


[I] Performance metrics:
 - Iteration count: 5.
 - Total e2e training time : 37.342 s.
 - Average e2e iteration time: 7.468000411987305 s.
 - Total local training time: 34.9640007019043 s.
 - Average local iteration time: 6.993000507354736 s.
 - Max allocated memory among devices: 10.021 GB.
 - Compilation times:  {'stage-construction': 1190.9132630825043, 'stage-construction-dp': 1.1878292560577393, 'stage-construction-compilation': 237.644109249115, 'stage-construction-profiling': 729.1771664619446}
 - Metadata:  []
 - Is need save result:  True

[TMP] Current profiling results of key `2_a40_2_n_2_d`: 6.9927568435668945
[TMP] Updated profiling results stored in `./jaxpr/prof_log/optimal_no_prof/bert_1.3B_128.pkl`...

------------------------------------------------------------------
- (2/3) Profiling bert_1.3B with batch size: 256...
------------------------------------------------------------------
