
------------------------------------------------------------------
- (1/3) Profiling wide_resnet_1B with batch size: 256...
------------------------------------------------------------------
[TMP] Existed profiling results in `./jaxpr/prof_log/optimal/wide_resnet_1B_256.pkl`, updating/rewriting it...
[TMP] Key `4_a10_4_n_2_d` has been profiled in `./jaxpr/prof_log/optimal/wide_resnet_1B_256.pkl` when optimizing with alpa, loading cache...

------------------------------------------------------------------
- (2/3) Profiling wide_resnet_1B with batch size: 512...
------------------------------------------------------------------
[TMP] Existed profiling results in `./jaxpr/prof_log/optimal/wide_resnet_1B_512.pkl`, updating/rewriting it...
[I] Ray Cluster & Alpa backend initialization is completed.
[I] Device Info:
    - Devices num per node: 2
    - Nodes num: 4
[I] Loading flax model....
[I] Model 'wide_resnet' loads sucessfully. Model Info: 

WideResNet(
    # attributes
    stage_sizes = [3, 4, 6, 3]
    block_cls = BottleneckResNetBlock
    num_classes = 1024
    num_filters = 320
    width_factor = 2
    dtype = float32
    act = relu
) 

[I] Manually construct dummy batch with the shape of (512, 224, 224, 3).
[I] Initialize training state...
[I] Training state initialization is completed.
[I] Constructing Alpa parallelized train step func...
[I] Alpa parallelized train step func construction is completed.
-------------------- Automatic stage clustering --------------------
submesh_choices: ((1, 1), (1, 2), (2, 2), (4, 2))
- Profiling for submesh 3 (4, 2):
- Generate all stage infos (Jaxpr -> HLO)
- Compile all stages
- Profile all stages
result[(0, 15, 3, 0), 0] = ModuleProfileResult(compute_cost=0.018, peak_memory=4.832 GB, invar_size=3.749 GB, outvar_size=0.389 GB, temp_buffer_size=0.695 GB, available_memory=17.402 GB)
result[(0, 15, 3, 1), 1] = ModuleProfileResult(compute_cost=0.588, peak_memory=6.706 GB, invar_size=4.185 GB, outvar_size=1.882 GB, temp_buffer_size=2.521 GB, available_memory=17.402 GB)
result[(0, 15, 3, 1), 0] = ModuleProfileResult(compute_cost=0.117, peak_memory=2.778 GB, invar_size=1.885 GB, outvar_size=0.419 GB, temp_buffer_size=0.475 GB, available_memory=17.402 GB)
result[(0, 15, 3, 2), 0] = ModuleProfileResult(compute_cost=0.526, peak_memory=2.651 GB, invar_size=1.664 GB, outvar_size=0.494 GB, temp_buffer_size=0.494 GB, available_memory=17.402 GB)
result[(0, 15, 3, 0), 1] = ModuleProfileResult(compute_cost=0.505, peak_memory=12.743 GB, invar_size=7.884 GB, outvar_size=3.746 GB, temp_buffer_size=4.859 GB, available_memory=17.402 GB)
result[(0, 15, 3, 2), 1] = ModuleProfileResult(compute_cost=0.665, peak_memory=5.476 GB, invar_size=3.818 GB, outvar_size=1.661 GB, temp_buffer_size=1.658 GB, available_memory=17.402 GB)
Profiling for submesh 3 (4, 2) takes 50.32 seconds
--------------------------------------------------
- Profiling for submesh 2 (2, 2):
- Generate all stage infos (Jaxpr -> HLO)
- Compile all stages
- Profile all stages
result[(0, 6, 2, 1), 0] = ModuleProfileResult(compute_cost=0.021, peak_memory=1.117 GB, invar_size=0.133 GB, outvar_size=0.568 GB, temp_buffer_size=0.416 GB, available_memory=17.580 GB)
result[(0, 6, 2, 2), 0] = ModuleProfileResult(compute_cost=0.004, peak_memory=1.216 GB, invar_size=0.232 GB, outvar_size=0.568 GB, temp_buffer_size=0.416 GB, available_memory=17.580 GB)
result[(0, 7, 2, 2), 0] = ModuleProfileResult(compute_cost=0.005, peak_memory=1.685 GB, invar_size=0.452 GB, outvar_size=0.598 GB, temp_buffer_size=0.635 GB, available_memory=17.580 GB)
result[(0, 7, 2, 0), 0] = ModuleProfileResult(compute_cost=0.005, peak_memory=1.685 GB, invar_size=0.452 GB, outvar_size=0.598 GB, temp_buffer_size=0.635 GB, available_memory=17.580 GB)
result[(0, 6, 2, 0), 0] = ModuleProfileResult(compute_cost=0.004, peak_memory=1.216 GB, invar_size=0.232 GB, outvar_size=0.568 GB, temp_buffer_size=0.416 GB, available_memory=17.580 GB)
result[(0, 7, 2, 1), 0] = ModuleProfileResult(compute_cost=0.077, peak_memory=1.316 GB, invar_size=0.243 GB, outvar_size=0.658 GB, temp_buffer_size=0.415 GB, available_memory=17.580 GB)
result[(0, 8, 2, 0), 0] = ModuleProfileResult(compute_cost=0.006, peak_memory=1.757 GB, invar_size=0.635 GB, outvar_size=0.628 GB, temp_buffer_size=0.494 GB, available_memory=17.580 GB)
result[(1, 6, 2, 0), 0] = ModuleProfileResult(compute_cost=0.004, peak_memory=1.192 GB, invar_size=0.310 GB, outvar_size=0.479 GB, temp_buffer_size=0.403 GB, available_memory=17.580 GB)
result[(1, 6, 2, 1), 0] = ModuleProfileResult(compute_cost=0.020, peak_memory=1.136 GB, invar_size=0.214 GB, outvar_size=0.479 GB, temp_buffer_size=0.443 GB, available_memory=17.580 GB)
result[(0, 8, 2, 1), 0] = ModuleProfileResult(compute_cost=0.091, peak_memory=1.529 GB, invar_size=0.335 GB, outvar_size=0.688 GB, temp_buffer_size=0.506 GB, available_memory=17.580 GB)
result[(0, 8, 2, 2), 0] = ModuleProfileResult(compute_cost=0.006, peak_memory=1.757 GB, invar_size=0.635 GB, outvar_size=0.628 GB, temp_buffer_size=0.494 GB, available_memory=17.580 GB)
result[(0, 6, 2, 2), 1] = ModuleProfileResult(compute_cost=0.032, peak_memory=2.102 GB, invar_size=1.027 GB, outvar_size=0.227 GB, temp_buffer_size=1.074 GB, available_memory=17.580 GB)
result[(0, 6, 2, 0), 1] = ModuleProfileResult(compute_cost=0.032, peak_memory=2.102 GB, invar_size=1.027 GB, outvar_size=0.227 GB, temp_buffer_size=1.074 GB, available_memory=17.580 GB)
result[(0, 7, 2, 0), 1] = ModuleProfileResult(compute_cost=0.056, peak_memory=2.640 GB, invar_size=1.497 GB, outvar_size=0.447 GB, temp_buffer_size=1.143 GB, available_memory=17.580 GB)
result[(0, 7, 2, 2), 1] = ModuleProfileResult(compute_cost=0.056, peak_memory=2.730 GB, invar_size=1.587 GB, outvar_size=0.447 GB, temp_buffer_size=1.143 GB, available_memory=17.580 GB)
result[(0, 6, 2, 1), 1] = ModuleProfileResult(compute_cost=0.182, peak_memory=1.949 GB, invar_size=0.830 GB, outvar_size=0.129 GB, temp_buffer_size=1.120 GB, available_memory=17.580 GB)
result[(1, 6, 2, 2), 0] = ModuleProfileResult(compute_cost=0.004, peak_memory=1.192 GB, invar_size=0.310 GB, outvar_size=0.479 GB, temp_buffer_size=0.403 GB, available_memory=17.580 GB)
result[(0, 8, 2, 0), 1] = ModuleProfileResult(compute_cost=0.077, peak_memory=3.060 GB, invar_size=1.893 GB, outvar_size=0.630 GB, temp_buffer_size=1.166 GB, available_memory=17.580 GB)
result[(0, 7, 2, 1), 1] = ModuleProfileResult(compute_cost=0.229, peak_memory=3.370 GB, invar_size=1.139 GB, outvar_size=0.238 GB, temp_buffer_size=2.230 GB, available_memory=17.580 GB)
result[(1, 6, 2, 0), 1] = ModuleProfileResult(compute_cost=0.030, peak_memory=2.081 GB, invar_size=1.008 GB, outvar_size=0.310 GB, temp_buffer_size=0.983 GB, available_memory=17.580 GB)
result[(1, 7, 2, 0), 0] = ModuleProfileResult(compute_cost=0.010, peak_memory=1.673 GB, invar_size=0.530 GB, outvar_size=0.509 GB, temp_buffer_size=0.635 GB, available_memory=17.580 GB)
result[(1, 7, 2, 1), 0] = ModuleProfileResult(compute_cost=0.080, peak_memory=1.307 GB, invar_size=0.324 GB, outvar_size=0.568 GB, temp_buffer_size=0.415 GB, available_memory=17.580 GB)
result[(1, 7, 2, 2), 0] = ModuleProfileResult(compute_cost=0.010, peak_memory=1.673 GB, invar_size=0.530 GB, outvar_size=0.509 GB, temp_buffer_size=0.635 GB, available_memory=17.580 GB)
result[(1, 8, 2, 0), 0] = ModuleProfileResult(compute_cost=0.011, peak_memory=1.745 GB, invar_size=0.713 GB, outvar_size=0.538 GB, temp_buffer_size=0.494 GB, available_memory=17.580 GB)
result[(0, 8, 2, 2), 1] = ModuleProfileResult(compute_cost=0.076, peak_memory=3.149 GB, invar_size=1.983 GB, outvar_size=0.630 GB, temp_buffer_size=1.166 GB, available_memory=17.580 GB)
result[(1, 6, 2, 2), 1] = ModuleProfileResult(compute_cost=0.030, peak_memory=2.081 GB, invar_size=1.008 GB, outvar_size=0.310 GB, temp_buffer_size=0.983 GB, available_memory=17.580 GB)
result[(1, 6, 2, 1), 1] = ModuleProfileResult(compute_cost=0.168, peak_memory=1.874 GB, invar_size=0.817 GB, outvar_size=0.214 GB, temp_buffer_size=0.967 GB, available_memory=17.580 GB)
result[(1, 8, 2, 2), 0] = ModuleProfileResult(compute_cost=0.011, peak_memory=1.745 GB, invar_size=0.713 GB, outvar_size=0.538 GB, temp_buffer_size=0.494 GB, available_memory=17.580 GB)
result[(1, 8, 2, 1), 0] = ModuleProfileResult(compute_cost=0.094, peak_memory=1.520 GB, invar_size=0.416 GB, outvar_size=0.598 GB, temp_buffer_size=0.506 GB, available_memory=17.580 GB)
result[(1, 7, 2, 0), 1] = ModuleProfileResult(compute_cost=0.054, peak_memory=2.620 GB, invar_size=1.478 GB, outvar_size=0.529 GB, temp_buffer_size=1.052 GB, available_memory=17.580 GB)
result[(0, 8, 2, 1), 1] = ModuleProfileResult(compute_cost=0.266, peak_memory=3.588 GB, invar_size=1.352 GB, outvar_size=0.330 GB, temp_buffer_size=2.236 GB, available_memory=17.580 GB)
result[(1, 9, 2, 0), 0] = ModuleProfileResult(compute_cost=0.006, peak_memory=1.988 GB, invar_size=0.896 GB, outvar_size=0.568 GB, temp_buffer_size=0.524 GB, available_memory=17.580 GB)
result[(1, 7, 2, 2), 1] = ModuleProfileResult(compute_cost=0.054, peak_memory=2.709 GB, invar_size=1.567 GB, outvar_size=0.529 GB, temp_buffer_size=1.052 GB, available_memory=17.580 GB)
result[(2, 7, 2, 0), 0] = ModuleProfileResult(compute_cost=0.004, peak_memory=1.254 GB, invar_size=0.543 GB, outvar_size=0.389 GB, temp_buffer_size=0.322 GB, available_memory=17.580 GB)
result[(1, 9, 2, 1), 0] = ModuleProfileResult(compute_cost=0.104, peak_memory=1.794 GB, invar_size=0.508 GB, outvar_size=0.628 GB, temp_buffer_size=0.658 GB, available_memory=17.580 GB)
result[(1, 9, 2, 2), 0] = ModuleProfileResult(compute_cost=0.006, peak_memory=1.988 GB, invar_size=0.896 GB, outvar_size=0.568 GB, temp_buffer_size=0.524 GB, available_memory=17.580 GB)
result[(2, 7, 2, 1), 0] = ModuleProfileResult(compute_cost=0.074, peak_memory=1.195 GB, invar_size=0.342 GB, outvar_size=0.449 GB, temp_buffer_size=0.405 GB, available_memory=17.580 GB)
result[(1, 7, 2, 1), 1] = ModuleProfileResult(compute_cost=0.215, peak_memory=3.411 GB, invar_size=1.127 GB, outvar_size=0.324 GB, temp_buffer_size=2.194 GB, available_memory=17.580 GB)
result[(1, 8, 2, 0), 1] = ModuleProfileResult(compute_cost=0.075, peak_memory=3.064 GB, invar_size=1.874 GB, outvar_size=0.713 GB, temp_buffer_size=1.101 GB, available_memory=17.580 GB)
result[(2, 7, 2, 2), 0] = ModuleProfileResult(compute_cost=0.004, peak_memory=1.254 GB, invar_size=0.543 GB, outvar_size=0.389 GB, temp_buffer_size=0.322 GB, available_memory=17.580 GB)
result[(1, 8, 2, 2), 1] = ModuleProfileResult(compute_cost=0.075, peak_memory=3.154 GB, invar_size=1.964 GB, outvar_size=0.713 GB, temp_buffer_size=1.101 GB, available_memory=17.580 GB)
result[(2, 8, 2, 0), 0] = ModuleProfileResult(compute_cost=0.004, peak_memory=1.504 GB, invar_size=0.727 GB, outvar_size=0.419 GB, temp_buffer_size=0.359 GB, available_memory=17.580 GB)
result[(2, 8, 2, 1), 0] = ModuleProfileResult(compute_cost=0.088, peak_memory=1.331 GB, invar_size=0.433 GB, outvar_size=0.479 GB, temp_buffer_size=0.419 GB, available_memory=17.580 GB)
result[(1, 8, 2, 1), 1] = ModuleProfileResult(compute_cost=0.253, peak_memory=3.629 GB, invar_size=1.340 GB, outvar_size=0.416 GB, temp_buffer_size=2.199 GB, available_memory=17.580 GB)
result[(2, 7, 2, 0), 1] = ModuleProfileResult(compute_cost=0.051, peak_memory=2.288 GB, invar_size=1.356 GB, outvar_size=0.543 GB, temp_buffer_size=0.813 GB, available_memory=17.580 GB)
result[(2, 8, 2, 2), 0] = ModuleProfileResult(compute_cost=0.004, peak_memory=1.504 GB, invar_size=0.727 GB, outvar_size=0.419 GB, temp_buffer_size=0.359 GB, available_memory=17.580 GB)
result[(1, 9, 2, 0), 1] = ModuleProfileResult(compute_cost=0.095, peak_memory=3.603 GB, invar_size=2.270 GB, outvar_size=0.896 GB, temp_buffer_size=1.243 GB, available_memory=17.580 GB)
result[(2, 9, 2, 0), 0] = ModuleProfileResult(compute_cost=0.005, peak_memory=1.745 GB, invar_size=0.910 GB, outvar_size=0.449 GB, temp_buffer_size=0.387 GB, available_memory=17.580 GB)
result[(1, 9, 2, 2), 1] = ModuleProfileResult(compute_cost=0.095, peak_memory=3.603 GB, invar_size=2.270 GB, outvar_size=0.896 GB, temp_buffer_size=1.243 GB, available_memory=17.580 GB)
result[(2, 7, 2, 1), 1] = ModuleProfileResult(compute_cost=0.200, peak_memory=2.248 GB, invar_size=1.012 GB, outvar_size=0.341 GB, temp_buffer_size=1.116 GB, available_memory=17.580 GB)
result[(2, 7, 2, 2), 1] = ModuleProfileResult(compute_cost=0.051, peak_memory=2.378 GB, invar_size=1.445 GB, outvar_size=0.543 GB, temp_buffer_size=0.813 GB, available_memory=17.580 GB)
result[(2, 8, 2, 0), 1] = ModuleProfileResult(compute_cost=0.072, peak_memory=2.747 GB, invar_size=1.752 GB, outvar_size=0.727 GB, temp_buffer_size=0.875 GB, available_memory=17.580 GB)
result[(2, 9, 2, 2), 0] = ModuleProfileResult(compute_cost=0.005, peak_memory=1.745 GB, invar_size=0.910 GB, outvar_size=0.449 GB, temp_buffer_size=0.387 GB, available_memory=17.580 GB)
result[(2, 9, 2, 1), 0] = ModuleProfileResult(compute_cost=0.103, peak_memory=1.452 GB, invar_size=0.525 GB, outvar_size=0.509 GB, temp_buffer_size=0.419 GB, available_memory=17.580 GB)
result[(1, 9, 2, 1), 1] = ModuleProfileResult(compute_cost=0.290, peak_memory=3.842 GB, invar_size=1.553 GB, outvar_size=0.507 GB, temp_buffer_size=2.199 GB, available_memory=17.580 GB)
result[(2, 10, 2, 0), 0] = ModuleProfileResult(compute_cost=0.012, peak_memory=1.951 GB, invar_size=1.093 GB, outvar_size=0.479 GB, temp_buffer_size=0.379 GB, available_memory=17.580 GB)
result[(2, 8, 2, 2), 1] = ModuleProfileResult(compute_cost=0.072, peak_memory=2.837 GB, invar_size=1.842 GB, outvar_size=0.727 GB, temp_buffer_size=0.875 GB, available_memory=17.580 GB)
result[(2, 8, 2, 1), 1] = ModuleProfileResult(compute_cost=0.238, peak_memory=2.519 GB, invar_size=1.225 GB, outvar_size=0.433 GB, temp_buffer_size=1.175 GB, available_memory=17.580 GB)
result[(2, 10, 2, 2), 0] = ModuleProfileResult(compute_cost=0.012, peak_memory=1.951 GB, invar_size=1.093 GB, outvar_size=0.479 GB, temp_buffer_size=0.379 GB, available_memory=17.580 GB)
result[(2, 10, 2, 1), 0] = ModuleProfileResult(compute_cost=0.121, peak_memory=1.574 GB, invar_size=0.617 GB, outvar_size=0.538 GB, temp_buffer_size=0.419 GB, available_memory=17.580 GB)
result[(3, 9, 2, 0), 0] = ModuleProfileResult(compute_cost=0.005, peak_memory=1.616 GB, invar_size=0.898 GB, outvar_size=0.329 GB, temp_buffer_size=0.389 GB, available_memory=17.580 GB)
result[(2, 9, 2, 0), 1] = ModuleProfileResult(compute_cost=0.092, peak_memory=3.375 GB, invar_size=2.148 GB, outvar_size=0.910 GB, temp_buffer_size=1.107 GB, available_memory=17.580 GB)
result[(3, 9, 2, 1), 0] = ModuleProfileResult(compute_cost=0.103, peak_memory=1.438 GB, invar_size=0.630 GB, outvar_size=0.389 GB, temp_buffer_size=0.419 GB, available_memory=17.580 GB)
result[(2, 9, 2, 2), 1] = ModuleProfileResult(compute_cost=0.092, peak_memory=3.375 GB, invar_size=2.148 GB, outvar_size=0.910 GB, temp_buffer_size=1.107 GB, available_memory=17.580 GB)
result[(3, 9, 2, 2), 0] = ModuleProfileResult(compute_cost=0.005, peak_memory=1.616 GB, invar_size=0.898 GB, outvar_size=0.329 GB, temp_buffer_size=0.389 GB, available_memory=17.580 GB)
result[(3, 10, 2, 0), 0] = ModuleProfileResult(compute_cost=0.005, peak_memory=1.822 GB, invar_size=1.082 GB, outvar_size=0.359 GB, temp_buffer_size=0.381 GB, available_memory=17.580 GB)
result[(2, 10, 2, 0), 1] = ModuleProfileResult(compute_cost=0.113, peak_memory=3.955 GB, invar_size=2.545 GB, outvar_size=1.093 GB, temp_buffer_size=1.291 GB, available_memory=17.580 GB)
result[(2, 9, 2, 1), 1] = ModuleProfileResult(compute_cost=0.275, peak_memory=2.812 GB, invar_size=1.438 GB, outvar_size=0.525 GB, temp_buffer_size=1.254 GB, available_memory=17.580 GB)
result[(3, 10, 2, 1), 0] = ModuleProfileResult(compute_cost=0.117, peak_memory=1.560 GB, invar_size=0.722 GB, outvar_size=0.419 GB, temp_buffer_size=0.419 GB, available_memory=17.580 GB)
result[(3, 9, 2, 0), 1] = ModuleProfileResult(compute_cost=0.090, peak_memory=3.313 GB, invar_size=2.006 GB, outvar_size=0.898 GB, temp_buffer_size=1.188 GB, available_memory=17.580 GB)
result[(3, 10, 2, 2), 0] = ModuleProfileResult(compute_cost=0.005, peak_memory=1.822 GB, invar_size=1.082 GB, outvar_size=0.359 GB, temp_buffer_size=0.381 GB, available_memory=17.580 GB)
result[(3, 11, 2, 0), 0] = ModuleProfileResult(compute_cost=0.006, peak_memory=2.035 GB, invar_size=1.265 GB, outvar_size=0.389 GB, temp_buffer_size=0.382 GB, available_memory=17.580 GB)
result[(2, 10, 2, 2), 1] = ModuleProfileResult(compute_cost=0.113, peak_memory=3.955 GB, invar_size=2.545 GB, outvar_size=1.093 GB, temp_buffer_size=1.291 GB, available_memory=17.580 GB)
result[(3, 9, 2, 2), 1] = ModuleProfileResult(compute_cost=0.090, peak_memory=3.313 GB, invar_size=2.006 GB, outvar_size=0.898 GB, temp_buffer_size=1.188 GB, available_memory=17.580 GB)
result[(4, 10, 2, 0), 0] = ModuleProfileResult(compute_cost=0.005, peak_memory=1.585 GB, invar_size=0.967 GB, outvar_size=0.299 GB, temp_buffer_size=0.320 GB, available_memory=17.580 GB)
result[(2, 10, 2, 1), 1] = ModuleProfileResult(compute_cost=0.312, peak_memory=3.117 GB, invar_size=1.651 GB, outvar_size=0.616 GB, temp_buffer_size=1.346 GB, available_memory=17.580 GB)
result[(3, 11, 2, 2), 0] = ModuleProfileResult(compute_cost=0.006, peak_memory=2.035 GB, invar_size=1.265 GB, outvar_size=0.389 GB, temp_buffer_size=0.382 GB, available_memory=17.580 GB)
result[(3, 11, 2, 1), 0] = ModuleProfileResult(compute_cost=0.131, peak_memory=1.681 GB, invar_size=0.814 GB, outvar_size=0.449 GB, temp_buffer_size=0.419 GB, available_memory=17.580 GB)
result[(3, 9, 2, 1), 1] = ModuleProfileResult(compute_cost=0.267, peak_memory=2.656 GB, invar_size=1.410 GB, outvar_size=0.511 GB, temp_buffer_size=1.126 GB, available_memory=17.580 GB)
result[(3, 10, 2, 0), 1] = ModuleProfileResult(compute_cost=0.111, peak_memory=3.893 GB, invar_size=2.402 GB, outvar_size=1.081 GB, temp_buffer_size=1.371 GB, available_memory=17.580 GB)
result[(4, 10, 2, 1), 0] = ModuleProfileResult(compute_cost=0.112, peak_memory=1.351 GB, invar_size=0.573 GB, outvar_size=0.359 GB, temp_buffer_size=0.419 GB, available_memory=17.580 GB)
result[(4, 10, 2, 2), 0] = ModuleProfileResult(compute_cost=0.005, peak_memory=1.585 GB, invar_size=0.967 GB, outvar_size=0.299 GB, temp_buffer_size=0.320 GB, available_memory=17.580 GB)
result[(3, 10, 2, 2), 1] = ModuleProfileResult(compute_cost=0.111, peak_memory=3.893 GB, invar_size=2.402 GB, outvar_size=1.081 GB, temp_buffer_size=1.371 GB, available_memory=17.580 GB)
result[(3, 10, 2, 1), 1] = ModuleProfileResult(compute_cost=0.304, peak_memory=2.872 GB, invar_size=1.623 GB, outvar_size=0.602 GB, temp_buffer_size=1.129 GB, available_memory=17.580 GB)
result[(4, 11, 2, 0), 0] = ModuleProfileResult(compute_cost=0.005, peak_memory=1.799 GB, invar_size=1.150 GB, outvar_size=0.329 GB, temp_buffer_size=0.320 GB, available_memory=17.580 GB)
result[(4, 11, 2, 1), 0] = ModuleProfileResult(compute_cost=0.126, peak_memory=1.473 GB, invar_size=0.665 GB, outvar_size=0.389 GB, temp_buffer_size=0.419 GB, available_memory=17.580 GB)
result[(4, 11, 2, 2), 0] = ModuleProfileResult(compute_cost=0.005, peak_memory=1.799 GB, invar_size=1.150 GB, outvar_size=0.329 GB, temp_buffer_size=0.320 GB, available_memory=17.580 GB)
result[(3, 11, 2, 0), 1] = ModuleProfileResult(compute_cost=0.131, peak_memory=4.472 GB, invar_size=2.798 GB, outvar_size=1.265 GB, temp_buffer_size=1.554 GB, available_memory=17.580 GB)
result[(4, 10, 2, 0), 1] = ModuleProfileResult(compute_cost=0.104, peak_memory=3.417 GB, invar_size=2.172 GB, outvar_size=0.967 GB, temp_buffer_size=1.184 GB, available_memory=17.580 GB)
result[(3, 11, 2, 2), 1] = ModuleProfileResult(compute_cost=0.131, peak_memory=4.472 GB, invar_size=2.798 GB, outvar_size=1.265 GB, temp_buffer_size=1.554 GB, available_memory=17.580 GB)
result[(4, 12, 2, 0), 0] = ModuleProfileResult(compute_cost=0.012, peak_memory=2.011 GB, invar_size=1.333 GB, outvar_size=0.359 GB, temp_buffer_size=0.319 GB, available_memory=17.580 GB)
result[(4, 10, 2, 2), 1] = ModuleProfileResult(compute_cost=0.104, peak_memory=3.417 GB, invar_size=2.172 GB, outvar_size=0.967 GB, temp_buffer_size=1.184 GB, available_memory=17.580 GB)
result[(4, 12, 2, 1), 0] = ModuleProfileResult(compute_cost=0.143, peak_memory=1.594 GB, invar_size=0.757 GB, outvar_size=0.419 GB, temp_buffer_size=0.419 GB, available_memory=17.580 GB)
result[(5, 11, 2, 0), 0] = ModuleProfileResult(compute_cost=0.005, peak_memory=1.581 GB, invar_size=1.104 GB, outvar_size=0.269 GB, temp_buffer_size=0.207 GB, available_memory=17.580 GB)
result[(4, 11, 2, 0), 1] = ModuleProfileResult(compute_cost=0.124, peak_memory=3.996 GB, invar_size=2.569 GB, outvar_size=1.150 GB, temp_buffer_size=1.368 GB, available_memory=17.580 GB)
result[(4, 12, 2, 2), 0] = ModuleProfileResult(compute_cost=0.012, peak_memory=2.011 GB, invar_size=1.333 GB, outvar_size=0.359 GB, temp_buffer_size=0.319 GB, available_memory=17.580 GB)
result[(3, 11, 2, 1), 1] = ModuleProfileResult(compute_cost=0.342, peak_memory=3.077 GB, invar_size=1.836 GB, outvar_size=0.694 GB, temp_buffer_size=1.121 GB, available_memory=17.580 GB)
result[(4, 10, 2, 1), 1] = ModuleProfileResult(compute_cost=0.258, peak_memory=2.160 GB, invar_size=1.385 GB, outvar_size=0.513 GB, temp_buffer_size=0.715 GB, available_memory=17.580 GB)
result[(5, 11, 2, 1), 0] = ModuleProfileResult(compute_cost=0.121, peak_memory=1.210 GB, invar_size=0.642 GB, outvar_size=0.329 GB, temp_buffer_size=0.239 GB, available_memory=17.580 GB)
result[(4, 11, 2, 2), 1] = ModuleProfileResult(compute_cost=0.124, peak_memory=3.996 GB, invar_size=2.569 GB, outvar_size=1.150 GB, temp_buffer_size=1.368 GB, available_memory=17.580 GB)
result[(5, 11, 2, 2), 0] = ModuleProfileResult(compute_cost=0.005, peak_memory=1.581 GB, invar_size=1.104 GB, outvar_size=0.269 GB, temp_buffer_size=0.207 GB, available_memory=17.580 GB)
result[(5, 12, 2, 0), 0] = ModuleProfileResult(compute_cost=0.006, peak_memory=1.794 GB, invar_size=1.287 GB, outvar_size=0.299 GB, temp_buffer_size=0.207 GB, available_memory=17.580 GB)
result[(4, 11, 2, 1), 1] = ModuleProfileResult(compute_cost=0.295, peak_memory=2.435 GB, invar_size=1.599 GB, outvar_size=0.605 GB, temp_buffer_size=0.777 GB, available_memory=17.580 GB)
result[(4, 12, 2, 0), 1] = ModuleProfileResult(compute_cost=0.144, peak_memory=4.576 GB, invar_size=2.965 GB, outvar_size=1.333 GB, temp_buffer_size=1.551 GB, available_memory=17.580 GB)
result[(5, 12, 2, 1), 0] = ModuleProfileResult(compute_cost=0.135, peak_memory=1.332 GB, invar_size=0.734 GB, outvar_size=0.359 GB, temp_buffer_size=0.239 GB, available_memory=17.580 GB)
result[(5, 11, 2, 0), 1] = ModuleProfileResult(compute_cost=0.118, peak_memory=3.799 GB, invar_size=2.417 GB, outvar_size=1.104 GB, temp_buffer_size=1.322 GB, available_memory=17.580 GB)
result[(5, 12, 2, 2), 0] = ModuleProfileResult(compute_cost=0.006, peak_memory=1.794 GB, invar_size=1.287 GB, outvar_size=0.299 GB, temp_buffer_size=0.207 GB, available_memory=17.580 GB)
result[(4, 12, 2, 2), 1] = ModuleProfileResult(compute_cost=0.144, peak_memory=4.576 GB, invar_size=2.965 GB, outvar_size=1.333 GB, temp_buffer_size=1.551 GB, available_memory=17.580 GB)
result[(5, 13, 2, 0), 0] = ModuleProfileResult(compute_cost=0.006, peak_memory=3.027 GB, invar_size=2.167 GB, outvar_size=0.314 GB, temp_buffer_size=0.547 GB, available_memory=17.580 GB)
result[(5, 11, 2, 2), 1] = ModuleProfileResult(compute_cost=0.118, peak_memory=3.799 GB, invar_size=2.417 GB, outvar_size=1.104 GB, temp_buffer_size=1.322 GB, available_memory=17.580 GB)
result[(5, 12, 2, 0), 1] = ModuleProfileResult(compute_cost=0.139, peak_memory=4.378 GB, invar_size=2.813 GB, outvar_size=1.287 GB, temp_buffer_size=1.505 GB, available_memory=17.580 GB)
result[(5, 13, 2, 1), 0] = ModuleProfileResult(compute_cost=0.159, peak_memory=1.874 GB, invar_size=1.173 GB, outvar_size=0.374 GB, temp_buffer_size=0.327 GB, available_memory=17.580 GB)
result[(4, 12, 2, 1), 1] = ModuleProfileResult(compute_cost=0.333, peak_memory=2.665 GB, invar_size=1.812 GB, outvar_size=0.697 GB, temp_buffer_size=0.793 GB, available_memory=17.580 GB)
result[(5, 11, 2, 1), 1] = ModuleProfileResult(compute_cost=0.260, peak_memory=2.396 GB, invar_size=1.493 GB, outvar_size=0.582 GB, temp_buffer_size=0.843 GB, available_memory=17.580 GB)
result[(5, 13, 2, 2), 0] = ModuleProfileResult(compute_cost=0.286, peak_memory=2.248 GB, invar_size=1.507 GB, outvar_size=0.404 GB, temp_buffer_size=0.337 GB, available_memory=17.580 GB)
result[(5, 14, 2, 0), 0] = ModuleProfileResult(compute_cost=0.007, peak_memory=3.788 GB, invar_size=2.899 GB, outvar_size=0.329 GB, temp_buffer_size=0.560 GB, available_memory=17.580 GB)
result[(5, 12, 2, 2), 1] = ModuleProfileResult(compute_cost=0.139, peak_memory=4.378 GB, invar_size=2.813 GB, outvar_size=1.287 GB, temp_buffer_size=1.505 GB, available_memory=17.580 GB)
result[(5, 12, 2, 1), 1] = ModuleProfileResult(compute_cost=0.297, peak_memory=2.701 GB, invar_size=1.706 GB, outvar_size=0.674 GB, temp_buffer_size=0.935 GB, available_memory=17.580 GB)
result[(6, 12, 2, 0), 0] = ModuleProfileResult(compute_cost=0.005, peak_memory=1.688 GB, invar_size=1.242 GB, outvar_size=0.239 GB, temp_buffer_size=0.207 GB, available_memory=17.580 GB)
result[(5, 14, 2, 1), 0] = ModuleProfileResult(compute_cost=0.163, peak_memory=2.358 GB, invar_size=1.540 GB, outvar_size=0.419 GB, temp_buffer_size=0.400 GB, available_memory=17.580 GB)
result[(5, 13, 2, 0), 1] = ModuleProfileResult(compute_cost=0.232, peak_memory=7.665 GB, invar_size=4.587 GB, outvar_size=2.166 GB, temp_buffer_size=3.019 GB, available_memory=17.580 GB)
result[(5, 14, 2, 2), 0] = ModuleProfileResult(compute_cost=0.361, peak_memory=2.456 GB, invar_size=1.691 GB, outvar_size=0.419 GB, temp_buffer_size=0.347 GB, available_memory=17.580 GB)
result[(6, 12, 2, 1), 0] = ModuleProfileResult(compute_cost=0.121, peak_memory=1.249 GB, invar_size=0.711 GB, outvar_size=0.299 GB, temp_buffer_size=0.239 GB, available_memory=17.580 GB)
result[(6, 12, 2, 2), 0] = ModuleProfileResult(compute_cost=0.005, peak_memory=1.688 GB, invar_size=1.242 GB, outvar_size=0.239 GB, temp_buffer_size=0.207 GB, available_memory=17.580 GB)
result[(5, 13, 2, 2), 1] = ModuleProfileResult(compute_cost=0.289, peak_memory=4.923 GB, invar_size=3.358 GB, outvar_size=1.507 GB, temp_buffer_size=1.505 GB, available_memory=17.580 GB)
result[(6, 13, 2, 0), 0] = ModuleProfileResult(compute_cost=0.006, peak_memory=2.922 GB, invar_size=2.121 GB, outvar_size=0.254 GB, temp_buffer_size=0.547 GB, available_memory=17.580 GB)
result[(5, 14, 2, 0), 1] = ModuleProfileResult(compute_cost=0.310, peak_memory=9.975 GB, invar_size=6.067 GB, outvar_size=2.899 GB, temp_buffer_size=3.849 GB, available_memory=17.580 GB)
result[(6, 12, 2, 0), 1] = ModuleProfileResult(compute_cost=0.133, peak_memory=4.147 GB, invar_size=2.662 GB, outvar_size=1.241 GB, temp_buffer_size=1.426 GB, available_memory=17.580 GB)
result[(6, 13, 2, 1), 0] = ModuleProfileResult(compute_cost=0.144, peak_memory=1.791 GB, invar_size=1.150 GB, outvar_size=0.314 GB, temp_buffer_size=0.327 GB, available_memory=17.580 GB)
result[(6, 13, 2, 2), 0] = ModuleProfileResult(compute_cost=0.285, peak_memory=2.142 GB, invar_size=1.461 GB, outvar_size=0.344 GB, temp_buffer_size=0.337 GB, available_memory=17.580 GB)
result[(5, 13, 2, 1), 1] = ModuleProfileResult(compute_cost=0.389, peak_memory=4.160 GB, invar_size=2.615 GB, outvar_size=1.113 GB, temp_buffer_size=1.485 GB, available_memory=17.580 GB)
result[(6, 12, 2, 2), 1] = ModuleProfileResult(compute_cost=0.133, peak_memory=4.147 GB, invar_size=2.662 GB, outvar_size=1.241 GB, temp_buffer_size=1.426 GB, available_memory=17.580 GB)
result[(6, 14, 2, 0), 0] = ModuleProfileResult(compute_cost=0.007, peak_memory=3.682 GB, invar_size=2.853 GB, outvar_size=0.269 GB, temp_buffer_size=0.560 GB, available_memory=17.580 GB)
result[(5, 14, 2, 2), 1] = ModuleProfileResult(compute_cost=0.418, peak_memory=5.304 GB, invar_size=3.739 GB, outvar_size=1.690 GB, temp_buffer_size=1.505 GB, available_memory=17.580 GB)
result[(6, 12, 2, 1), 1] = ModuleProfileResult(compute_cost=0.262, peak_memory=2.362 GB, invar_size=1.600 GB, outvar_size=0.651 GB, temp_buffer_size=0.702 GB, available_memory=17.580 GB)
result[(6, 13, 2, 0), 1] = ModuleProfileResult(compute_cost=0.226, peak_memory=7.434 GB, invar_size=4.435 GB, outvar_size=2.120 GB, temp_buffer_size=2.939 GB, available_memory=17.580 GB)
result[(6, 14, 2, 2), 0] = ModuleProfileResult(compute_cost=0.361, peak_memory=2.350 GB, invar_size=1.645 GB, outvar_size=0.359 GB, temp_buffer_size=0.347 GB, available_memory=17.580 GB)
result[(6, 14, 2, 1), 0] = ModuleProfileResult(compute_cost=0.148, peak_memory=2.275 GB, invar_size=1.517 GB, outvar_size=0.359 GB, temp_buffer_size=0.400 GB, available_memory=17.580 GB)
result[(5, 14, 2, 1), 1] = ModuleProfileResult(compute_cost=0.477, peak_memory=5.338 GB, invar_size=3.378 GB, outvar_size=1.479 GB, temp_buffer_size=1.900 GB, available_memory=17.580 GB)
result[(6, 15, 2, 0), 0] = ModuleProfileResult(compute_cost=0.008, peak_memory=4.441 GB, invar_size=3.625 GB, outvar_size=0.269 GB, temp_buffer_size=0.547 GB, available_memory=17.580 GB)
result[(6, 13, 2, 2), 1] = ModuleProfileResult(compute_cost=0.283, peak_memory=4.692 GB, invar_size=3.206 GB, outvar_size=1.461 GB, temp_buffer_size=1.426 GB, available_memory=17.580 GB)
result[(6, 13, 2, 1), 1] = ModuleProfileResult(compute_cost=0.353, peak_memory=4.029 GB, invar_size=2.510 GB, outvar_size=1.090 GB, temp_buffer_size=1.459 GB, available_memory=17.580 GB)
result[(7, 13, 2, 0), 0] = ModuleProfileResult(compute_cost=0.005, peak_memory=2.816 GB, invar_size=2.075 GB, outvar_size=0.195 GB, temp_buffer_size=0.547 GB, available_memory=17.580 GB)
result[(6, 15, 2, 2), 0] = ModuleProfileResult(compute_cost=0.437, peak_memory=2.543 GB, invar_size=1.838 GB, outvar_size=0.359 GB, temp_buffer_size=0.347 GB, available_memory=17.580 GB)
result[(6, 15, 2, 1), 0] = ModuleProfileResult(compute_cost=0.156, peak_memory=2.631 GB, invar_size=1.903 GB, outvar_size=0.359 GB, temp_buffer_size=0.370 GB, available_memory=17.580 GB)
result[(7, 13, 2, 1), 0] = ModuleProfileResult(compute_cost=0.104, peak_memory=1.649 GB, invar_size=1.128 GB, outvar_size=0.195 GB, temp_buffer_size=0.327 GB, available_memory=17.580 GB)
result[(6, 14, 2, 0), 1] = ModuleProfileResult(compute_cost=0.304, peak_memory=9.745 GB, invar_size=5.915 GB, outvar_size=2.853 GB, temp_buffer_size=3.770 GB, available_memory=17.580 GB)
result[(7, 13, 2, 2), 0] = ModuleProfileResult(compute_cost=0.285, peak_memory=2.036 GB, invar_size=1.416 GB, outvar_size=0.284 GB, temp_buffer_size=0.337 GB, available_memory=17.580 GB)
result[(6, 14, 2, 2), 1] = ModuleProfileResult(compute_cost=0.412, peak_memory=5.073 GB, invar_size=3.588 GB, outvar_size=1.644 GB, temp_buffer_size=1.426 GB, available_memory=17.580 GB)
result[(7, 14, 2, 0), 0] = ModuleProfileResult(compute_cost=0.006, peak_memory=3.577 GB, invar_size=2.808 GB, outvar_size=0.210 GB, temp_buffer_size=0.560 GB, available_memory=17.580 GB)
result[(7, 13, 2, 0), 1] = ModuleProfileResult(compute_cost=0.220, peak_memory=7.225 GB, invar_size=4.284 GB, outvar_size=2.075 GB, temp_buffer_size=2.881 GB, available_memory=17.580 GB)
result[(6, 14, 2, 1), 1] = ModuleProfileResult(compute_cost=0.442, peak_memory=5.192 GB, invar_size=3.272 GB, outvar_size=1.457 GB, temp_buffer_size=1.861 GB, available_memory=17.580 GB)
result[(7, 14, 2, 2), 0] = ModuleProfileResult(compute_cost=0.360, peak_memory=2.244 GB, invar_size=1.599 GB, outvar_size=0.299 GB, temp_buffer_size=0.347 GB, available_memory=17.580 GB)
result[(7, 14, 2, 1), 0] = ModuleProfileResult(compute_cost=0.109, peak_memory=2.118 GB, invar_size=1.494 GB, outvar_size=0.239 GB, temp_buffer_size=0.385 GB, available_memory=17.580 GB)
result[(6, 15, 2, 0), 1] = ModuleProfileResult(compute_cost=0.387, peak_memory=12.145 GB, invar_size=7.458 GB, outvar_size=3.625 GB, temp_buffer_size=4.627 GB, available_memory=17.580 GB)
result[(7, 13, 2, 1), 1] = ModuleProfileResult(compute_cost=0.323, peak_memory=3.795 GB, invar_size=2.344 GB, outvar_size=1.067 GB, temp_buffer_size=1.391 GB, available_memory=17.580 GB)
result[(7, 15, 2, 0), 0] = ModuleProfileResult(compute_cost=0.007, peak_memory=4.335 GB, invar_size=3.579 GB, outvar_size=0.210 GB, temp_buffer_size=0.547 GB, available_memory=17.580 GB)
result[(7, 13, 2, 2), 1] = ModuleProfileResult(compute_cost=0.277, peak_memory=4.483 GB, invar_size=3.055 GB, outvar_size=1.415 GB, temp_buffer_size=1.368 GB, available_memory=17.580 GB)
result[(6, 15, 2, 2), 1] = ModuleProfileResult(compute_cost=0.541, peak_memory=5.459 GB, invar_size=3.974 GB, outvar_size=1.837 GB, temp_buffer_size=1.426 GB, available_memory=17.580 GB)
result[(8, 14, 2, 0), 0] = ModuleProfileResult(compute_cost=0.005, peak_memory=3.267 GB, invar_size=2.558 GB, outvar_size=0.180 GB, temp_buffer_size=0.530 GB, available_memory=17.580 GB)
result[(7, 14, 2, 0), 1] = ModuleProfileResult(compute_cost=0.298, peak_memory=9.535 GB, invar_size=5.764 GB, outvar_size=2.807 GB, temp_buffer_size=3.712 GB, available_memory=17.580 GB)
result[(7, 15, 2, 1), 0] = ModuleProfileResult(compute_cost=0.116, peak_memory=2.504 GB, invar_size=1.880 GB, outvar_size=0.239 GB, temp_buffer_size=0.385 GB, available_memory=17.580 GB)
result[(7, 15, 2, 2), 0] = ModuleProfileResult(compute_cost=0.436, peak_memory=2.438 GB, invar_size=1.792 GB, outvar_size=0.299 GB, temp_buffer_size=0.347 GB, available_memory=17.580 GB)
result[(6, 15, 2, 1), 1] = ModuleProfileResult(compute_cost=0.508, peak_memory=6.350 GB, invar_size=4.044 GB, outvar_size=1.842 GB, temp_buffer_size=2.247 GB, available_memory=17.580 GB)
result[(8, 14, 2, 1), 0] = ModuleProfileResult(compute_cost=0.094, peak_memory=1.918 GB, invar_size=1.324 GB, outvar_size=0.210 GB, temp_buffer_size=0.385 GB, available_memory=17.580 GB)
result[(8, 14, 2, 2), 0] = ModuleProfileResult(compute_cost=0.359, peak_memory=1.935 GB, invar_size=1.349 GB, outvar_size=0.269 GB, temp_buffer_size=0.317 GB, available_memory=17.580 GB)
result[(7, 14, 2, 2), 1] = ModuleProfileResult(compute_cost=0.406, peak_memory=4.864 GB, invar_size=3.436 GB, outvar_size=1.598 GB, temp_buffer_size=1.368 GB, available_memory=17.580 GB)
result[(7, 14, 2, 1), 1] = ModuleProfileResult(compute_cost=0.411, peak_memory=4.973 GB, invar_size=3.106 GB, outvar_size=1.434 GB, temp_buffer_size=1.807 GB, available_memory=17.580 GB)
result[(7, 15, 2, 0), 1] = ModuleProfileResult(compute_cost=0.381, peak_memory=11.936 GB, invar_size=7.307 GB, outvar_size=3.579 GB, temp_buffer_size=4.569 GB, available_memory=17.580 GB)
result[(8, 15, 2, 0), 0] = ModuleProfileResult(compute_cost=0.006, peak_memory=4.026 GB, invar_size=3.329 GB, outvar_size=0.180 GB, temp_buffer_size=0.517 GB, available_memory=17.580 GB)
result[(8, 14, 2, 0), 1] = ModuleProfileResult(compute_cost=0.274, peak_memory=8.688 GB, invar_size=5.264 GB, outvar_size=2.557 GB, temp_buffer_size=3.394 GB, available_memory=17.580 GB)
result[(8, 15, 2, 1), 0] = ModuleProfileResult(compute_cost=0.102, peak_memory=2.304 GB, invar_size=1.710 GB, outvar_size=0.210 GB, temp_buffer_size=0.385 GB, available_memory=17.580 GB)
result[(9, 15, 2, 0), 0] = ModuleProfileResult(compute_cost=0.005, peak_memory=3.783 GB, invar_size=3.146 GB, outvar_size=0.150 GB, temp_buffer_size=0.487 GB, available_memory=17.580 GB)
result[(8, 15, 2, 2), 0] = ModuleProfileResult(compute_cost=0.435, peak_memory=2.128 GB, invar_size=1.542 GB, outvar_size=0.269 GB, temp_buffer_size=0.317 GB, available_memory=17.580 GB)
result[(7, 15, 2, 2), 1] = ModuleProfileResult(compute_cost=0.535, peak_memory=5.250 GB, invar_size=3.822 GB, outvar_size=1.791 GB, temp_buffer_size=1.368 GB, available_memory=17.580 GB)
result[(9, 15, 2, 1), 0] = ModuleProfileResult(compute_cost=0.088, peak_memory=2.096 GB, invar_size=1.618 GB, outvar_size=0.180 GB, temp_buffer_size=0.299 GB, available_memory=17.580 GB)
result[(8, 14, 2, 1), 1] = ModuleProfileResult(compute_cost=0.366, peak_memory=4.578 GB, invar_size=2.797 GB, outvar_size=1.294 GB, temp_buffer_size=1.752 GB, available_memory=17.580 GB)
result[(8, 14, 2, 2), 1] = ModuleProfileResult(compute_cost=0.382, peak_memory=4.066 GB, invar_size=2.937 GB, outvar_size=1.349 GB, temp_buffer_size=1.099 GB, available_memory=17.580 GB)
result[(8, 15, 2, 0), 1] = ModuleProfileResult(compute_cost=0.356, peak_memory=11.089 GB, invar_size=6.808 GB, outvar_size=3.329 GB, temp_buffer_size=4.251 GB, available_memory=17.580 GB)
result[(7, 15, 2, 1), 1] = ModuleProfileResult(compute_cost=0.477, peak_memory=6.130 GB, invar_size=3.878 GB, outvar_size=1.819 GB, temp_buffer_size=2.192 GB, available_memory=17.580 GB)
result[(9, 15, 2, 2), 0] = ModuleProfileResult(compute_cost=0.435, peak_memory=1.875 GB, invar_size=1.359 GB, outvar_size=0.239 GB, temp_buffer_size=0.277 GB, available_memory=17.580 GB)
result[(9, 15, 2, 0), 1] = ModuleProfileResult(compute_cost=0.336, peak_memory=10.509 GB, invar_size=6.411 GB, outvar_size=3.146 GB, temp_buffer_size=4.068 GB, available_memory=17.580 GB)
result[(8, 15, 2, 2), 1] = ModuleProfileResult(compute_cost=0.511, peak_memory=4.452 GB, invar_size=3.323 GB, outvar_size=1.542 GB, temp_buffer_size=1.099 GB, available_memory=17.580 GB)
result[(8, 15, 2, 1), 1] = ModuleProfileResult(compute_cost=0.432, peak_memory=5.736 GB, invar_size=3.569 GB, outvar_size=1.680 GB, temp_buffer_size=2.137 GB, available_memory=17.580 GB)
result[(9, 15, 2, 1), 1] = ModuleProfileResult(compute_cost=0.394, peak_memory=5.431 GB, invar_size=3.355 GB, outvar_size=1.588 GB, temp_buffer_size=2.046 GB, available_memory=17.580 GB)
result[(9, 15, 2, 2), 1] = ModuleProfileResult(compute_cost=0.491, peak_memory=3.872 GB, invar_size=2.926 GB, outvar_size=1.359 GB, temp_buffer_size=0.916 GB, available_memory=17.580 GB)
Profiling for submesh 2 (2, 2) takes 138.14 seconds
--------------------------------------------------
- Profiling for submesh 1 (1, 2):
- Generate all stage infos (Jaxpr -> HLO)
- Compile all stages
- Profile all stages
result[(1, 3, 1, 0), 0] = ModuleProfileResult(compute_cost=0.000, peak_memory=1.405 GB, invar_size=0.262 GB, outvar_size=0.598 GB, temp_buffer_size=0.545 GB, available_memory=17.580 GB)
result[(0, 3, 1, 2), 0] = ModuleProfileResult(compute_cost=0.001, peak_memory=1.422 GB, invar_size=0.099 GB, outvar_size=0.778 GB, temp_buffer_size=0.545 GB, available_memory=17.580 GB)
result[(1, 3, 1, 1), 0] = ModuleProfileResult(compute_cost=0.312, peak_memory=2.222 GB, invar_size=0.400 GB, outvar_size=0.837 GB, temp_buffer_size=0.985 GB, available_memory=17.580 GB)
result[(1, 3, 1, 2), 0] = ModuleProfileResult(compute_cost=0.000, peak_memory=1.405 GB, invar_size=0.262 GB, outvar_size=0.598 GB, temp_buffer_size=0.545 GB, available_memory=17.580 GB)
result[(0, 3, 1, 0), 0] = ModuleProfileResult(compute_cost=0.001, peak_memory=1.422 GB, invar_size=0.099 GB, outvar_size=0.778 GB, temp_buffer_size=0.545 GB, available_memory=17.580 GB)
result[(1, 4, 1, 0), 0] = ModuleProfileResult(compute_cost=0.001, peak_memory=1.616 GB, invar_size=0.308 GB, outvar_size=0.718 GB, temp_buffer_size=0.591 GB, available_memory=17.580 GB)
result[(1, 3, 1, 1), 1] = ModuleProfileResult(compute_cost=0.487, peak_memory=3.916 GB, invar_size=1.279 GB, outvar_size=0.400 GB, temp_buffer_size=2.278 GB, available_memory=17.580 GB)
result[(1, 3, 1, 0), 1] = ModuleProfileResult(compute_cost=0.002, peak_memory=2.964 GB, invar_size=0.943 GB, outvar_size=0.262 GB, temp_buffer_size=1.842 GB, available_memory=17.580 GB)
result[(0, 3, 1, 1), 0] = ModuleProfileResult(compute_cost=0.394, peak_memory=2.184 GB, invar_size=0.063 GB, outvar_size=1.137 GB, temp_buffer_size=0.985 GB, available_memory=17.580 GB)
result[(0, 3, 1, 1), 1] = ModuleProfileResult(compute_cost=0.538, peak_memory=3.883 GB, invar_size=1.244 GB, outvar_size=0.045 GB, temp_buffer_size=2.639 GB, available_memory=17.580 GB)
result[(2, 4, 1, 0), 0] = ModuleProfileResult(compute_cost=0.000, peak_memory=1.412 GB, invar_size=0.352 GB, outvar_size=0.479 GB, temp_buffer_size=0.582 GB, available_memory=17.580 GB)
result[(1, 4, 1, 2), 0] = ModuleProfileResult(compute_cost=0.001, peak_memory=1.616 GB, invar_size=0.308 GB, outvar_size=0.718 GB, temp_buffer_size=0.591 GB, available_memory=17.580 GB)
result[(1, 3, 1, 2), 1] = ModuleProfileResult(compute_cost=0.002, peak_memory=3.084 GB, invar_size=1.062 GB, outvar_size=0.262 GB, temp_buffer_size=1.842 GB, available_memory=17.580 GB)
result[(0, 3, 1, 2), 1] = ModuleProfileResult(compute_cost=0.003, peak_memory=3.108 GB, invar_size=1.086 GB, outvar_size=0.090 GB, temp_buffer_size=2.022 GB, available_memory=17.580 GB)
result[(2, 4, 1, 2), 0] = ModuleProfileResult(compute_cost=0.000, peak_memory=1.412 GB, invar_size=0.352 GB, outvar_size=0.479 GB, temp_buffer_size=0.582 GB, available_memory=17.580 GB)
result[(1, 4, 1, 0), 1] = ModuleProfileResult(compute_cost=0.003, peak_memory=3.203 GB, invar_size=1.154 GB, outvar_size=0.308 GB, temp_buffer_size=1.870 GB, available_memory=17.580 GB)
result[(0, 3, 1, 0), 1] = ModuleProfileResult(compute_cost=0.003, peak_memory=2.988 GB, invar_size=0.966 GB, outvar_size=0.090 GB, temp_buffer_size=2.022 GB, available_memory=17.580 GB)
result[(2, 4, 1, 1), 0] = ModuleProfileResult(compute_cost=0.218, peak_memory=2.210 GB, invar_size=0.535 GB, outvar_size=0.718 GB, temp_buffer_size=0.957 GB, available_memory=17.580 GB)
result[(1, 4, 1, 1), 0] = ModuleProfileResult(compute_cost=0.340, peak_memory=2.388 GB, invar_size=0.423 GB, outvar_size=0.957 GB, temp_buffer_size=1.007 GB, available_memory=17.580 GB)
result[(2, 5, 1, 0), 0] = ModuleProfileResult(compute_cost=0.001, peak_memory=1.596 GB, invar_size=0.397 GB, outvar_size=0.598 GB, temp_buffer_size=0.601 GB, available_memory=17.580 GB)
result[(2, 4, 1, 0), 1] = ModuleProfileResult(compute_cost=0.003, peak_memory=2.571 GB, invar_size=0.942 GB, outvar_size=0.352 GB, temp_buffer_size=1.390 GB, available_memory=17.580 GB)
result[(1, 4, 1, 1), 1] = ModuleProfileResult(compute_cost=0.554, peak_memory=4.082 GB, invar_size=1.444 GB, outvar_size=0.423 GB, temp_buffer_size=2.278 GB, available_memory=17.580 GB)
result[(2, 4, 1, 1), 1] = ModuleProfileResult(compute_cost=0.334, peak_memory=3.586 GB, invar_size=1.309 GB, outvar_size=0.295 GB, temp_buffer_size=2.038 GB, available_memory=17.580 GB)
result[(3, 5, 1, 0), 0] = ModuleProfileResult(compute_cost=0.000, peak_memory=1.091 GB, invar_size=0.386 GB, outvar_size=0.359 GB, temp_buffer_size=0.346 GB, available_memory=17.580 GB)
result[(2, 5, 1, 2), 0] = ModuleProfileResult(compute_cost=0.001, peak_memory=1.596 GB, invar_size=0.397 GB, outvar_size=0.598 GB, temp_buffer_size=0.601 GB, available_memory=17.580 GB)
result[(3, 5, 1, 1), 0] = ModuleProfileResult(compute_cost=0.092, peak_memory=1.556 GB, invar_size=0.552 GB, outvar_size=0.359 GB, temp_buffer_size=0.645 GB, available_memory=17.580 GB)
result[(1, 4, 1, 2), 1] = ModuleProfileResult(compute_cost=0.003, peak_memory=3.323 GB, invar_size=1.273 GB, outvar_size=0.308 GB, temp_buffer_size=1.870 GB, available_memory=17.580 GB)
result[(2, 4, 1, 2), 1] = ModuleProfileResult(compute_cost=0.003, peak_memory=2.691 GB, invar_size=1.062 GB, outvar_size=0.352 GB, temp_buffer_size=1.390 GB, available_memory=17.580 GB)
result[(2, 5, 1, 1), 0] = ModuleProfileResult(compute_cost=0.246, peak_memory=2.352 GB, invar_size=0.558 GB, outvar_size=0.837 GB, temp_buffer_size=0.957 GB, available_memory=17.580 GB)
result[(3, 5, 1, 2), 0] = ModuleProfileResult(compute_cost=0.000, peak_memory=1.091 GB, invar_size=0.386 GB, outvar_size=0.359 GB, temp_buffer_size=0.346 GB, available_memory=17.580 GB)
result[(3, 6, 1, 0), 0] = ModuleProfileResult(compute_cost=0.001, peak_memory=1.290 GB, invar_size=0.432 GB, outvar_size=0.479 GB, temp_buffer_size=0.380 GB, available_memory=17.580 GB)
result[(2, 5, 1, 1), 1] = ModuleProfileResult(compute_cost=0.401, peak_memory=3.752 GB, invar_size=1.474 GB, outvar_size=0.318 GB, temp_buffer_size=2.038 GB, available_memory=17.580 GB)
result[(3, 5, 1, 0), 1] = ModuleProfileResult(compute_cost=0.004, peak_memory=2.151 GB, invar_size=0.891 GB, outvar_size=0.386 GB, temp_buffer_size=1.020 GB, available_memory=17.580 GB)
result[(2, 5, 1, 0), 1] = ModuleProfileResult(compute_cost=0.004, peak_memory=2.795 GB, invar_size=1.154 GB, outvar_size=0.397 GB, temp_buffer_size=1.402 GB, available_memory=17.580 GB)
result[(3, 5, 1, 1), 1] = ModuleProfileResult(compute_cost=0.248, peak_memory=2.681 GB, invar_size=0.984 GB, outvar_size=0.313 GB, temp_buffer_size=1.457 GB, available_memory=17.580 GB)
result[(3, 6, 1, 2), 0] = ModuleProfileResult(compute_cost=0.001, peak_memory=1.290 GB, invar_size=0.432 GB, outvar_size=0.479 GB, temp_buffer_size=0.380 GB, available_memory=17.580 GB)
result[(2, 5, 1, 2), 1] = ModuleProfileResult(compute_cost=0.004, peak_memory=2.795 GB, invar_size=1.154 GB, outvar_size=0.397 GB, temp_buffer_size=1.402 GB, available_memory=17.580 GB)
result[(4, 7, 1, 0), 0] = ModuleProfileResult(compute_cost=0.001, peak_memory=1.339 GB, invar_size=0.477 GB, outvar_size=0.419 GB, temp_buffer_size=0.443 GB, available_memory=17.580 GB)
result[(3, 5, 1, 2), 1] = ModuleProfileResult(compute_cost=0.004, peak_memory=2.151 GB, invar_size=0.891 GB, outvar_size=0.386 GB, temp_buffer_size=1.020 GB, available_memory=17.580 GB)
result[(3, 6, 1, 1), 0] = ModuleProfileResult(compute_cost=0.120, peak_memory=1.602 GB, invar_size=0.575 GB, outvar_size=0.479 GB, temp_buffer_size=0.549 GB, available_memory=17.580 GB)
result[(4, 7, 1, 2), 0] = ModuleProfileResult(compute_cost=0.001, peak_memory=1.339 GB, invar_size=0.477 GB, outvar_size=0.419 GB, temp_buffer_size=0.443 GB, available_memory=17.580 GB)
result[(5, 7, 1, 0), 0] = ModuleProfileResult(compute_cost=0.000, peak_memory=1.054 GB, invar_size=0.431 GB, outvar_size=0.299 GB, temp_buffer_size=0.324 GB, available_memory=17.580 GB)
result[(3, 6, 1, 1), 1] = ModuleProfileResult(compute_cost=0.315, peak_memory=2.846 GB, invar_size=1.149 GB, outvar_size=0.335 GB, temp_buffer_size=1.458 GB, available_memory=17.580 GB)
result[(3, 6, 1, 0), 1] = ModuleProfileResult(compute_cost=0.005, peak_memory=2.362 GB, invar_size=1.103 GB, outvar_size=0.432 GB, temp_buffer_size=1.021 GB, available_memory=17.580 GB)
result[(4, 7, 1, 1), 0] = ModuleProfileResult(compute_cost=0.174, peak_memory=1.435 GB, invar_size=0.418 GB, outvar_size=0.538 GB, temp_buffer_size=0.479 GB, available_memory=17.580 GB)
result[(5, 7, 1, 2), 0] = ModuleProfileResult(compute_cost=0.000, peak_memory=1.054 GB, invar_size=0.431 GB, outvar_size=0.299 GB, temp_buffer_size=0.324 GB, available_memory=17.580 GB)
result[(5, 7, 1, 1), 0] = ModuleProfileResult(compute_cost=0.176, peak_memory=1.412 GB, invar_size=0.395 GB, outvar_size=0.538 GB, temp_buffer_size=0.479 GB, available_memory=17.580 GB)
result[(3, 6, 1, 2), 1] = ModuleProfileResult(compute_cost=0.005, peak_memory=2.362 GB, invar_size=1.103 GB, outvar_size=0.432 GB, temp_buffer_size=1.021 GB, available_memory=17.580 GB)
result[(4, 7, 1, 0), 1] = ModuleProfileResult(compute_cost=0.008, peak_memory=2.146 GB, invar_size=1.253 GB, outvar_size=0.477 GB, temp_buffer_size=0.774 GB, available_memory=17.580 GB)
result[(4, 7, 1, 1), 1] = ModuleProfileResult(compute_cost=0.271, peak_memory=2.289 GB, invar_size=1.135 GB, outvar_size=0.298 GB, temp_buffer_size=1.034 GB, available_memory=17.580 GB)
result[(5, 7, 1, 0), 1] = ModuleProfileResult(compute_cost=0.007, peak_memory=1.935 GB, invar_size=1.042 GB, outvar_size=0.431 GB, temp_buffer_size=0.774 GB, available_memory=17.580 GB)
result[(5, 7, 1, 1), 1] = ModuleProfileResult(compute_cost=0.214, peak_memory=2.243 GB, invar_size=1.089 GB, outvar_size=0.275 GB, temp_buffer_size=1.034 GB, available_memory=17.580 GB)
result[(5, 8, 1, 0), 0] = ModuleProfileResult(compute_cost=0.001, peak_memory=1.218 GB, invar_size=0.614 GB, outvar_size=0.359 GB, temp_buffer_size=0.245 GB, available_memory=17.580 GB)
result[(4, 7, 1, 2), 1] = ModuleProfileResult(compute_cost=0.008, peak_memory=2.206 GB, invar_size=1.313 GB, outvar_size=0.477 GB, temp_buffer_size=0.774 GB, available_memory=17.580 GB)
result[(5, 8, 1, 2), 0] = ModuleProfileResult(compute_cost=0.001, peak_memory=1.218 GB, invar_size=0.614 GB, outvar_size=0.359 GB, temp_buffer_size=0.245 GB, available_memory=17.580 GB)
result[(5, 7, 1, 2), 1] = ModuleProfileResult(compute_cost=0.007, peak_memory=1.995 GB, invar_size=1.101 GB, outvar_size=0.431 GB, temp_buffer_size=0.774 GB, available_memory=17.580 GB)
result[(6, 9, 1, 0), 0] = ModuleProfileResult(compute_cost=0.001, peak_memory=1.355 GB, invar_size=0.752 GB, outvar_size=0.299 GB, temp_buffer_size=0.304 GB, available_memory=17.580 GB)
result[(5, 8, 1, 1), 0] = ModuleProfileResult(compute_cost=0.190, peak_memory=1.564 GB, invar_size=0.487 GB, outvar_size=0.598 GB, temp_buffer_size=0.479 GB, available_memory=17.580 GB)
result[(6, 9, 1, 2), 0] = ModuleProfileResult(compute_cost=0.001, peak_memory=1.355 GB, invar_size=0.752 GB, outvar_size=0.299 GB, temp_buffer_size=0.304 GB, available_memory=17.580 GB)
result[(7, 10, 1, 0), 0] = ModuleProfileResult(compute_cost=0.001, peak_memory=1.433 GB, invar_size=0.889 GB, outvar_size=0.239 GB, temp_buffer_size=0.304 GB, available_memory=17.580 GB)
result[(5, 8, 1, 1), 1] = ModuleProfileResult(compute_cost=0.250, peak_memory=2.486 GB, invar_size=1.332 GB, outvar_size=0.367 GB, temp_buffer_size=1.035 GB, available_memory=17.580 GB)
result[(5, 8, 1, 0), 1] = ModuleProfileResult(compute_cost=0.010, peak_memory=2.388 GB, invar_size=1.468 GB, outvar_size=0.614 GB, temp_buffer_size=0.801 GB, available_memory=17.580 GB)
result[(6, 9, 1, 1), 0] = ModuleProfileResult(compute_cost=0.125, peak_memory=1.453 GB, invar_size=0.556 GB, outvar_size=0.419 GB, temp_buffer_size=0.479 GB, available_memory=17.580 GB)
result[(7, 10, 1, 2), 0] = ModuleProfileResult(compute_cost=0.001, peak_memory=1.433 GB, invar_size=0.889 GB, outvar_size=0.239 GB, temp_buffer_size=0.304 GB, available_memory=17.580 GB)
result[(5, 8, 1, 2), 1] = ModuleProfileResult(compute_cost=0.010, peak_memory=2.448 GB, invar_size=1.528 GB, outvar_size=0.614 GB, temp_buffer_size=0.801 GB, available_memory=17.580 GB)
result[(6, 9, 1, 1), 1] = ModuleProfileResult(compute_cost=0.208, peak_memory=2.214 GB, invar_size=1.290 GB, outvar_size=0.436 GB, temp_buffer_size=0.805 GB, available_memory=17.580 GB)
result[(6, 9, 1, 0), 1] = ModuleProfileResult(compute_cost=0.013, peak_memory=2.786 GB, invar_size=1.683 GB, outvar_size=0.752 GB, temp_buffer_size=0.984 GB, available_memory=17.580 GB)
result[(7, 10, 1, 1), 0] = ModuleProfileResult(compute_cost=0.060, peak_memory=1.167 GB, invar_size=0.624 GB, outvar_size=0.239 GB, temp_buffer_size=0.303 GB, available_memory=17.580 GB)
result[(7, 11, 1, 0), 0] = ModuleProfileResult(compute_cost=0.001, peak_memory=1.676 GB, invar_size=1.073 GB, outvar_size=0.299 GB, temp_buffer_size=0.305 GB, available_memory=17.580 GB)
result[(7, 10, 1, 0), 1] = ModuleProfileResult(compute_cost=0.016, peak_memory=3.019 GB, invar_size=1.898 GB, outvar_size=0.889 GB, temp_buffer_size=1.001 GB, available_memory=17.580 GB)
result[(6, 9, 1, 2), 1] = ModuleProfileResult(compute_cost=0.013, peak_memory=2.786 GB, invar_size=1.683 GB, outvar_size=0.752 GB, temp_buffer_size=0.984 GB, available_memory=17.580 GB)
result[(7, 10, 1, 1), 1] = ModuleProfileResult(compute_cost=0.167, peak_memory=2.172 GB, invar_size=1.248 GB, outvar_size=0.504 GB, temp_buffer_size=0.805 GB, available_memory=17.580 GB)
result[(7, 11, 1, 2), 0] = ModuleProfileResult(compute_cost=0.001, peak_memory=1.676 GB, invar_size=1.073 GB, outvar_size=0.299 GB, temp_buffer_size=0.305 GB, available_memory=17.580 GB)
result[(8, 11, 1, 0), 0] = ModuleProfileResult(compute_cost=0.001, peak_memory=1.217 GB, invar_size=0.793 GB, outvar_size=0.239 GB, temp_buffer_size=0.185 GB, available_memory=17.580 GB)
result[(7, 10, 1, 2), 1] = ModuleProfileResult(compute_cost=0.016, peak_memory=3.019 GB, invar_size=1.898 GB, outvar_size=0.889 GB, temp_buffer_size=1.001 GB, available_memory=17.580 GB)
result[(8, 11, 1, 2), 0] = ModuleProfileResult(compute_cost=0.001, peak_memory=1.217 GB, invar_size=0.793 GB, outvar_size=0.239 GB, temp_buffer_size=0.185 GB, available_memory=17.580 GB)
result[(8, 11, 1, 1), 0] = ModuleProfileResult(compute_cost=0.060, peak_memory=0.965 GB, invar_size=0.486 GB, outvar_size=0.239 GB, temp_buffer_size=0.239 GB, available_memory=17.580 GB)
result[(8, 12, 1, 0), 0] = ModuleProfileResult(compute_cost=0.001, peak_memory=1.460 GB, invar_size=0.976 GB, outvar_size=0.299 GB, temp_buffer_size=0.185 GB, available_memory=17.580 GB)
result[(7, 11, 1, 0), 1] = ModuleProfileResult(compute_cost=0.019, peak_memory=3.628 GB, invar_size=2.324 GB, outvar_size=1.072 GB, temp_buffer_size=1.185 GB, available_memory=17.580 GB)
result[(7, 11, 1, 1), 1] = ModuleProfileResult(compute_cost=0.203, peak_memory=2.415 GB, invar_size=1.491 GB, outvar_size=0.596 GB, temp_buffer_size=0.805 GB, available_memory=17.580 GB)
result[(8, 11, 1, 0), 1] = ModuleProfileResult(compute_cost=0.015, peak_memory=2.740 GB, invar_size=1.764 GB, outvar_size=0.793 GB, temp_buffer_size=0.916 GB, available_memory=17.580 GB)
result[(7, 11, 1, 1), 0] = ModuleProfileResult(compute_cost=0.075, peak_memory=1.318 GB, invar_size=0.716 GB, outvar_size=0.299 GB, temp_buffer_size=0.303 GB, available_memory=17.580 GB)
result[(8, 11, 1, 1), 1] = ModuleProfileResult(compute_cost=0.147, peak_memory=1.729 GB, invar_size=1.092 GB, outvar_size=0.426 GB, temp_buffer_size=0.577 GB, available_memory=17.580 GB)
result[(8, 12, 1, 2), 0] = ModuleProfileResult(compute_cost=0.001, peak_memory=1.460 GB, invar_size=0.976 GB, outvar_size=0.299 GB, temp_buffer_size=0.185 GB, available_memory=17.580 GB)
result[(8, 11, 1, 2), 1] = ModuleProfileResult(compute_cost=0.015, peak_memory=2.740 GB, invar_size=1.764 GB, outvar_size=0.793 GB, temp_buffer_size=0.916 GB, available_memory=17.580 GB)
result[(7, 11, 1, 2), 1] = ModuleProfileResult(compute_cost=0.019, peak_memory=3.628 GB, invar_size=2.324 GB, outvar_size=1.072 GB, temp_buffer_size=1.185 GB, available_memory=17.580 GB)
result[(9, 12, 1, 0), 0] = ModuleProfileResult(compute_cost=0.001, peak_memory=1.217 GB, invar_size=0.793 GB, outvar_size=0.239 GB, temp_buffer_size=0.185 GB, available_memory=17.580 GB)
result[(8, 12, 1, 1), 0] = ModuleProfileResult(compute_cost=0.075, peak_memory=1.116 GB, invar_size=0.578 GB, outvar_size=0.299 GB, temp_buffer_size=0.239 GB, available_memory=17.580 GB)
result[(8, 12, 1, 1), 1] = ModuleProfileResult(compute_cost=0.183, peak_memory=1.972 GB, invar_size=1.335 GB, outvar_size=0.518 GB, temp_buffer_size=0.577 GB, available_memory=17.580 GB)
result[(8, 12, 1, 0), 1] = ModuleProfileResult(compute_cost=0.018, peak_memory=3.350 GB, invar_size=2.191 GB, outvar_size=0.976 GB, temp_buffer_size=1.099 GB, available_memory=17.580 GB)
result[(9, 12, 1, 2), 0] = ModuleProfileResult(compute_cost=0.001, peak_memory=1.217 GB, invar_size=0.793 GB, outvar_size=0.239 GB, temp_buffer_size=0.185 GB, available_memory=17.580 GB)
result[(9, 12, 1, 1), 0] = ModuleProfileResult(compute_cost=0.060, peak_memory=0.845 GB, invar_size=0.486 GB, outvar_size=0.239 GB, temp_buffer_size=0.120 GB, available_memory=17.580 GB)
result[(9, 13, 1, 0), 0] = ModuleProfileResult(compute_cost=0.001, peak_memory=2.475 GB, invar_size=1.672 GB, outvar_size=0.269 GB, temp_buffer_size=0.534 GB, available_memory=17.580 GB)
result[(9, 12, 1, 0), 1] = ModuleProfileResult(compute_cost=0.015, peak_memory=2.740 GB, invar_size=1.764 GB, outvar_size=0.793 GB, temp_buffer_size=0.916 GB, available_memory=17.580 GB)
result[(9, 13, 1, 2), 0] = ModuleProfileResult(compute_cost=0.058, peak_memory=1.935 GB, invar_size=1.233 GB, outvar_size=0.329 GB, temp_buffer_size=0.374 GB, available_memory=17.580 GB)
result[(9, 12, 1, 1), 1] = ModuleProfileResult(compute_cost=0.147, peak_memory=1.729 GB, invar_size=1.092 GB, outvar_size=0.426 GB, temp_buffer_size=0.577 GB, available_memory=17.580 GB)
result[(8, 12, 1, 2), 1] = ModuleProfileResult(compute_cost=0.018, peak_memory=3.350 GB, invar_size=2.191 GB, outvar_size=0.976 GB, temp_buffer_size=1.099 GB, available_memory=17.580 GB)
result[(10, 13, 1, 0), 0] = ModuleProfileResult(compute_cost=0.001, peak_memory=2.232 GB, invar_size=1.489 GB, outvar_size=0.210 GB, temp_buffer_size=0.534 GB, available_memory=17.580 GB)
result[(9, 12, 1, 2), 1] = ModuleProfileResult(compute_cost=0.015, peak_memory=2.740 GB, invar_size=1.764 GB, outvar_size=0.793 GB, temp_buffer_size=0.916 GB, available_memory=17.580 GB)
result[(10, 13, 1, 2), 0] = ModuleProfileResult(compute_cost=0.058, peak_memory=1.692 GB, invar_size=1.049 GB, outvar_size=0.269 GB, temp_buffer_size=0.374 GB, available_memory=17.580 GB)
result[(10, 13, 1, 1), 0] = ModuleProfileResult(compute_cost=0.099, peak_memory=1.443 GB, invar_size=0.834 GB, outvar_size=0.269 GB, temp_buffer_size=0.340 GB, available_memory=17.580 GB)
result[(9, 13, 1, 1), 0] = ModuleProfileResult(compute_cost=0.113, peak_memory=1.595 GB, invar_size=0.926 GB, outvar_size=0.329 GB, temp_buffer_size=0.340 GB, available_memory=17.580 GB)
result[(9, 13, 1, 1), 1] = ModuleProfileResult(compute_cost=0.187, peak_memory=2.863 GB, invar_size=2.061 GB, outvar_size=0.866 GB, temp_buffer_size=0.743 GB, available_memory=17.580 GB)
result[(10, 14, 1, 0), 0] = ModuleProfileResult(compute_cost=0.001, peak_memory=2.995 GB, invar_size=2.222 GB, outvar_size=0.240 GB, temp_buffer_size=0.534 GB, available_memory=17.580 GB)
result[(9, 13, 1, 0), 1] = ModuleProfileResult(compute_cost=0.032, peak_memory=6.042 GB, invar_size=3.553 GB, outvar_size=1.672 GB, temp_buffer_size=2.430 GB, available_memory=17.580 GB)
result[(10, 13, 1, 0), 1] = ModuleProfileResult(compute_cost=0.028, peak_memory=5.433 GB, invar_size=3.126 GB, outvar_size=1.488 GB, temp_buffer_size=2.247 GB, available_memory=17.580 GB)
result[(10, 13, 1, 1), 1] = ModuleProfileResult(compute_cost=0.152, peak_memory=2.620 GB, invar_size=1.818 GB, outvar_size=0.774 GB, temp_buffer_size=0.743 GB, available_memory=17.580 GB)
result[(10, 14, 1, 2), 0] = ModuleProfileResult(compute_cost=0.072, peak_memory=2.089 GB, invar_size=1.416 GB, outvar_size=0.299 GB, temp_buffer_size=0.374 GB, available_memory=17.580 GB)
result[(11, 14, 1, 0), 0] = ModuleProfileResult(compute_cost=0.001, peak_memory=2.751 GB, invar_size=2.038 GB, outvar_size=0.180 GB, temp_buffer_size=0.534 GB, available_memory=17.580 GB)
result[(9, 13, 1, 2), 1] = ModuleProfileResult(compute_cost=0.060, peak_memory=3.773 GB, invar_size=2.733 GB, outvar_size=1.232 GB, temp_buffer_size=0.980 GB, available_memory=17.580 GB)
result[(10, 14, 1, 1), 0] = ModuleProfileResult(compute_cost=0.112, peak_memory=1.899 GB, invar_size=1.201 GB, outvar_size=0.299 GB, temp_buffer_size=0.399 GB, available_memory=17.580 GB)
result[(10, 13, 1, 2), 1] = ModuleProfileResult(compute_cost=0.057, peak_memory=3.174 GB, invar_size=2.307 GB, outvar_size=1.049 GB, temp_buffer_size=0.807 GB, available_memory=17.580 GB)
result[(11, 14, 1, 2), 0] = ModuleProfileResult(compute_cost=0.071, peak_memory=1.846 GB, invar_size=1.233 GB, outvar_size=0.239 GB, temp_buffer_size=0.374 GB, available_memory=17.580 GB)
result[(11, 14, 1, 1), 0] = ModuleProfileResult(compute_cost=0.098, peak_memory=1.748 GB, invar_size=1.109 GB, outvar_size=0.239 GB, temp_buffer_size=0.399 GB, available_memory=17.580 GB)
result[(10, 14, 1, 0), 1] = ModuleProfileResult(compute_cost=0.042, peak_memory=7.758 GB, invar_size=4.621 GB, outvar_size=2.221 GB, temp_buffer_size=3.077 GB, available_memory=17.580 GB)
result[(10, 14, 1, 1), 1] = ModuleProfileResult(compute_cost=0.176, peak_memory=3.384 GB, invar_size=2.580 GB, outvar_size=1.140 GB, temp_buffer_size=0.745 GB, available_memory=17.580 GB)
result[(11, 15, 1, 0), 0] = ModuleProfileResult(compute_cost=0.001, peak_memory=3.523 GB, invar_size=2.810 GB, outvar_size=0.180 GB, temp_buffer_size=0.534 GB, available_memory=17.580 GB)
result[(11, 14, 1, 0), 1] = ModuleProfileResult(compute_cost=0.038, peak_memory=7.149 GB, invar_size=4.195 GB, outvar_size=2.038 GB, temp_buffer_size=2.894 GB, available_memory=17.580 GB)
result[(10, 14, 1, 2), 1] = ModuleProfileResult(compute_cost=0.081, peak_memory=3.937 GB, invar_size=3.070 GB, outvar_size=1.415 GB, temp_buffer_size=0.807 GB, available_memory=17.580 GB)
result[(11, 14, 1, 1), 1] = ModuleProfileResult(compute_cost=0.140, peak_memory=3.141 GB, invar_size=2.337 GB, outvar_size=1.049 GB, temp_buffer_size=0.745 GB, available_memory=17.580 GB)
result[(11, 15, 1, 2), 0] = ModuleProfileResult(compute_cost=0.085, peak_memory=2.257 GB, invar_size=1.618 GB, outvar_size=0.240 GB, temp_buffer_size=0.399 GB, available_memory=17.580 GB)
result[(12, 15, 1, 0), 0] = ModuleProfileResult(compute_cost=0.001, peak_memory=3.280 GB, invar_size=2.627 GB, outvar_size=0.120 GB, temp_buffer_size=0.534 GB, available_memory=17.580 GB)
result[(11, 14, 1, 2), 1] = ModuleProfileResult(compute_cost=0.077, peak_memory=3.419 GB, invar_size=2.643 GB, outvar_size=1.232 GB, temp_buffer_size=0.715 GB, available_memory=17.580 GB)
result[(11, 15, 1, 1), 0] = ModuleProfileResult(compute_cost=0.112, peak_memory=2.112 GB, invar_size=1.495 GB, outvar_size=0.240 GB, temp_buffer_size=0.377 GB, available_memory=17.580 GB)
result[(12, 15, 1, 1), 0] = ModuleProfileResult(compute_cost=0.083, peak_memory=1.957 GB, invar_size=1.404 GB, outvar_size=0.180 GB, temp_buffer_size=0.374 GB, available_memory=17.580 GB)
result[(11, 15, 1, 0), 1] = ModuleProfileResult(compute_cost=0.053, peak_memory=9.549 GB, invar_size=5.738 GB, outvar_size=2.809 GB, temp_buffer_size=3.751 GB, available_memory=17.580 GB)
result[(12, 15, 1, 2), 0] = ModuleProfileResult(compute_cost=0.083, peak_memory=1.957 GB, invar_size=1.404 GB, outvar_size=0.180 GB, temp_buffer_size=0.374 GB, available_memory=17.580 GB)
result[(11, 15, 1, 1), 1] = ModuleProfileResult(compute_cost=0.164, peak_memory=3.914 GB, invar_size=3.109 GB, outvar_size=1.435 GB, temp_buffer_size=0.746 GB, available_memory=17.580 GB)
result[(11, 15, 1, 2), 1] = ModuleProfileResult(compute_cost=0.101, peak_memory=4.196 GB, invar_size=3.415 GB, outvar_size=1.618 GB, temp_buffer_size=0.721 GB, available_memory=17.580 GB)
result[(12, 15, 1, 0), 1] = ModuleProfileResult(compute_cost=0.049, peak_memory=8.940 GB, invar_size=5.312 GB, outvar_size=2.626 GB, temp_buffer_size=3.568 GB, available_memory=17.580 GB)
result[(12, 15, 1, 1), 1] = ModuleProfileResult(compute_cost=0.128, peak_memory=3.671 GB, invar_size=2.866 GB, outvar_size=1.343 GB, temp_buffer_size=0.746 GB, available_memory=17.580 GB)
result[(12, 15, 1, 2), 1] = ModuleProfileResult(compute_cost=0.128, peak_memory=3.671 GB, invar_size=2.866 GB, outvar_size=1.343 GB, temp_buffer_size=0.746 GB, available_memory=17.580 GB)
Profiling for submesh 1 (1, 2) takes 40.81 seconds
--------------------------------------------------
- Profiling for submesh 0 (1, 1):
- Generate all stage infos (Jaxpr -> HLO)
- Compile all stages
- Profile all stages
result[(2, 3, 0, 0), 0] = ModuleProfileResult(compute_cost=0.000, peak_memory=2.220 GB, invar_size=0.545 GB, outvar_size=0.718 GB, temp_buffer_size=0.957 GB, available_memory=17.580 GB)
result[(2, 3, 0, 1), 0] = ModuleProfileResult(compute_cost=0.000, peak_memory=2.220 GB, invar_size=0.545 GB, outvar_size=0.718 GB, temp_buffer_size=0.957 GB, available_memory=17.580 GB)
result[(2, 3, 0, 0), 1] = ModuleProfileResult(compute_cost=0.000, peak_memory=4.447 GB, invar_size=1.329 GB, outvar_size=0.545 GB, temp_buffer_size=2.639 GB, available_memory=17.580 GB)
result[(3, 4, 0, 0), 0] = ModuleProfileResult(compute_cost=0.000, peak_memory=1.837 GB, invar_size=0.579 GB, outvar_size=0.479 GB, temp_buffer_size=0.779 GB, available_memory=17.580 GB)
result[(1, 2, 0, 1), 0] = ModuleProfileResult(compute_cost=0.000, peak_memory=2.543 GB, invar_size=0.387 GB, outvar_size=0.957 GB, temp_buffer_size=1.199 GB, available_memory=17.580 GB)
result[(0, 1, 0, 1), 0] = ModuleProfileResult(compute_cost=0.000, peak_memory=2.075 GB, invar_size=0.042 GB, outvar_size=0.837 GB, temp_buffer_size=1.196 GB, available_memory=17.580 GB)
result[(1, 2, 0, 0), 0] = ModuleProfileResult(compute_cost=0.000, peak_memory=2.543 GB, invar_size=0.387 GB, outvar_size=0.957 GB, temp_buffer_size=1.199 GB, available_memory=17.580 GB)
result[(1, 2, 0, 1), 1] = ModuleProfileResult(compute_cost=0.000, peak_memory=5.326 GB, invar_size=1.371 GB, outvar_size=0.386 GB, temp_buffer_size=3.596 GB, available_memory=17.580 GB)
result[(1, 2, 0, 0), 1] = ModuleProfileResult(compute_cost=0.000, peak_memory=5.326 GB, invar_size=1.371 GB, outvar_size=0.386 GB, temp_buffer_size=3.596 GB, available_memory=17.580 GB)
result[(0, 1, 0, 1), 1] = ModuleProfileResult(compute_cost=0.000, peak_memory=4.857 GB, invar_size=0.902 GB, outvar_size=0.023 GB, temp_buffer_size=3.955 GB, available_memory=17.580 GB)
result[(3, 4, 0, 0), 1] = ModuleProfileResult(compute_cost=0.000, peak_memory=3.600 GB, invar_size=1.159 GB, outvar_size=0.579 GB, temp_buffer_size=1.963 GB, available_memory=17.580 GB)
result[(2, 3, 0, 1), 1] = ModuleProfileResult(compute_cost=0.000, peak_memory=4.447 GB, invar_size=1.329 GB, outvar_size=0.545 GB, temp_buffer_size=2.639 GB, available_memory=17.580 GB)
result[(0, 1, 0, 0), 0] = ModuleProfileResult(compute_cost=0.000, peak_memory=2.075 GB, invar_size=0.042 GB, outvar_size=0.837 GB, temp_buffer_size=1.196 GB, available_memory=17.580 GB)
result[(0, 1, 0, 0), 1] = ModuleProfileResult(compute_cost=0.000, peak_memory=4.857 GB, invar_size=0.902 GB, outvar_size=0.023 GB, temp_buffer_size=3.955 GB, available_memory=17.580 GB)
result[(3, 4, 0, 1), 0] = ModuleProfileResult(compute_cost=0.000, peak_memory=1.837 GB, invar_size=0.579 GB, outvar_size=0.479 GB, temp_buffer_size=0.779 GB, available_memory=17.580 GB)
result[(4, 5, 0, 0), 0] = ModuleProfileResult(compute_cost=0.000, peak_memory=1.420 GB, invar_size=0.331 GB, outvar_size=0.479 GB, temp_buffer_size=0.610 GB, available_memory=17.580 GB)
result[(4, 5, 0, 1), 0] = ModuleProfileResult(compute_cost=0.000, peak_memory=1.420 GB, invar_size=0.331 GB, outvar_size=0.479 GB, temp_buffer_size=0.610 GB, available_memory=17.580 GB)
result[(5, 6, 0, 0), 0] = ModuleProfileResult(compute_cost=0.000, peak_memory=1.288 GB, invar_size=0.331 GB, outvar_size=0.479 GB, temp_buffer_size=0.479 GB, available_memory=17.580 GB)
result[(5, 6, 0, 1), 0] = ModuleProfileResult(compute_cost=0.000, peak_memory=1.288 GB, invar_size=0.331 GB, outvar_size=0.479 GB, temp_buffer_size=0.479 GB, available_memory=17.580 GB)
result[(4, 5, 0, 0), 1] = ModuleProfileResult(compute_cost=0.000, peak_memory=2.484 GB, invar_size=0.901 GB, outvar_size=0.331 GB, temp_buffer_size=1.344 GB, available_memory=17.580 GB)
result[(4, 5, 0, 1), 1] = ModuleProfileResult(compute_cost=0.000, peak_memory=2.484 GB, invar_size=0.901 GB, outvar_size=0.331 GB, temp_buffer_size=1.344 GB, available_memory=17.580 GB)
result[(3, 4, 0, 1), 1] = ModuleProfileResult(compute_cost=0.000, peak_memory=3.600 GB, invar_size=1.159 GB, outvar_size=0.579 GB, temp_buffer_size=1.963 GB, available_memory=17.580 GB)
result[(6, 7, 0, 0), 0] = ModuleProfileResult(compute_cost=0.000, peak_memory=1.343 GB, invar_size=0.505 GB, outvar_size=0.359 GB, temp_buffer_size=0.479 GB, available_memory=17.580 GB)
result[(5, 6, 0, 0), 1] = ModuleProfileResult(compute_cost=0.000, peak_memory=2.484 GB, invar_size=0.901 GB, outvar_size=0.331 GB, temp_buffer_size=1.344 GB, available_memory=17.580 GB)
result[(5, 6, 0, 1), 1] = ModuleProfileResult(compute_cost=0.000, peak_memory=2.484 GB, invar_size=0.901 GB, outvar_size=0.331 GB, temp_buffer_size=1.344 GB, available_memory=17.580 GB)
result[(6, 7, 0, 1), 0] = ModuleProfileResult(compute_cost=0.000, peak_memory=1.343 GB, invar_size=0.505 GB, outvar_size=0.359 GB, temp_buffer_size=0.479 GB, available_memory=17.580 GB)
result[(6, 7, 0, 0), 1] = ModuleProfileResult(compute_cost=0.000, peak_memory=2.473 GB, invar_size=1.129 GB, outvar_size=0.505 GB, temp_buffer_size=1.105 GB, available_memory=17.580 GB)
result[(8, 9, 0, 0), 0] = ModuleProfileResult(compute_cost=0.000, peak_memory=1.133 GB, invar_size=0.486 GB, outvar_size=0.239 GB, temp_buffer_size=0.408 GB, available_memory=17.580 GB)
result[(6, 7, 0, 1), 1] = ModuleProfileResult(compute_cost=0.000, peak_memory=2.473 GB, invar_size=1.129 GB, outvar_size=0.505 GB, temp_buffer_size=1.105 GB, available_memory=17.580 GB)
result[(7, 8, 0, 0), 0] = ModuleProfileResult(compute_cost=0.000, peak_memory=1.290 GB, invar_size=0.643 GB, outvar_size=0.239 GB, temp_buffer_size=0.408 GB, available_memory=17.580 GB)
result[(7, 8, 0, 1), 0] = ModuleProfileResult(compute_cost=0.000, peak_memory=1.290 GB, invar_size=0.643 GB, outvar_size=0.239 GB, temp_buffer_size=0.408 GB, available_memory=17.580 GB)
result[(8, 9, 0, 1), 0] = ModuleProfileResult(compute_cost=0.000, peak_memory=1.133 GB, invar_size=0.486 GB, outvar_size=0.239 GB, temp_buffer_size=0.408 GB, available_memory=17.580 GB)
result[(7, 8, 0, 0), 1] = ModuleProfileResult(compute_cost=0.000, peak_memory=2.649 GB, invar_size=1.284 GB, outvar_size=0.642 GB, temp_buffer_size=1.125 GB, available_memory=17.580 GB)
result[(7, 8, 0, 1), 1] = ModuleProfileResult(compute_cost=0.000, peak_memory=2.649 GB, invar_size=1.284 GB, outvar_size=0.642 GB, temp_buffer_size=1.125 GB, available_memory=17.580 GB)
result[(9, 10, 0, 0), 0] = ModuleProfileResult(compute_cost=0.000, peak_memory=0.965 GB, invar_size=0.486 GB, outvar_size=0.239 GB, temp_buffer_size=0.239 GB, available_memory=17.580 GB)
result[(9, 10, 0, 1), 0] = ModuleProfileResult(compute_cost=0.000, peak_memory=0.965 GB, invar_size=0.486 GB, outvar_size=0.239 GB, temp_buffer_size=0.239 GB, available_memory=17.580 GB)
result[(8, 9, 0, 0), 1] = ModuleProfileResult(compute_cost=0.000, peak_memory=1.980 GB, invar_size=1.092 GB, outvar_size=0.486 GB, temp_buffer_size=0.769 GB, available_memory=17.580 GB)
result[(8, 9, 0, 1), 1] = ModuleProfileResult(compute_cost=0.000, peak_memory=1.980 GB, invar_size=1.092 GB, outvar_size=0.486 GB, temp_buffer_size=0.769 GB, available_memory=17.580 GB)
result[(10, 11, 0, 0), 0] = ModuleProfileResult(compute_cost=0.000, peak_memory=0.965 GB, invar_size=0.486 GB, outvar_size=0.239 GB, temp_buffer_size=0.239 GB, available_memory=17.580 GB)
result[(9, 10, 0, 0), 1] = ModuleProfileResult(compute_cost=0.000, peak_memory=1.980 GB, invar_size=1.092 GB, outvar_size=0.486 GB, temp_buffer_size=0.769 GB, available_memory=17.580 GB)
result[(9, 10, 0, 1), 1] = ModuleProfileResult(compute_cost=0.000, peak_memory=1.980 GB, invar_size=1.092 GB, outvar_size=0.486 GB, temp_buffer_size=0.769 GB, available_memory=17.580 GB)
result[(10, 11, 0, 1), 0] = ModuleProfileResult(compute_cost=0.000, peak_memory=0.965 GB, invar_size=0.486 GB, outvar_size=0.239 GB, temp_buffer_size=0.239 GB, available_memory=17.580 GB)
result[(11, 12, 0, 0), 0] = ModuleProfileResult(compute_cost=0.000, peak_memory=0.965 GB, invar_size=0.486 GB, outvar_size=0.239 GB, temp_buffer_size=0.239 GB, available_memory=17.580 GB)
result[(11, 12, 0, 1), 0] = ModuleProfileResult(compute_cost=0.000, peak_memory=0.965 GB, invar_size=0.486 GB, outvar_size=0.239 GB, temp_buffer_size=0.239 GB, available_memory=17.580 GB)
result[(10, 11, 0, 0), 1] = ModuleProfileResult(compute_cost=0.000, peak_memory=1.861 GB, invar_size=1.092 GB, outvar_size=0.486 GB, temp_buffer_size=0.650 GB, available_memory=17.580 GB)
result[(10, 11, 0, 1), 1] = ModuleProfileResult(compute_cost=0.000, peak_memory=1.861 GB, invar_size=1.092 GB, outvar_size=0.486 GB, temp_buffer_size=0.650 GB, available_memory=17.580 GB)
result[(11, 12, 0, 0), 1] = ModuleProfileResult(compute_cost=0.000, peak_memory=1.861 GB, invar_size=1.092 GB, outvar_size=0.486 GB, temp_buffer_size=0.650 GB, available_memory=17.580 GB)
result[(12, 13, 0, 0), 0] = ModuleProfileResult(compute_cost=0.000, peak_memory=1.990 GB, invar_size=1.182 GB, outvar_size=0.180 GB, temp_buffer_size=0.628 GB, available_memory=17.580 GB)
result[(11, 12, 0, 1), 1] = ModuleProfileResult(compute_cost=0.000, peak_memory=1.861 GB, invar_size=1.092 GB, outvar_size=0.486 GB, temp_buffer_size=0.650 GB, available_memory=17.580 GB)
result[(12, 13, 0, 0), 1] = ModuleProfileResult(compute_cost=0.000, peak_memory=3.801 GB, invar_size=2.424 GB, outvar_size=1.182 GB, temp_buffer_size=1.258 GB, available_memory=17.580 GB)
result[(12, 13, 0, 1), 0] = ModuleProfileResult(compute_cost=0.000, peak_memory=1.990 GB, invar_size=1.182 GB, outvar_size=0.180 GB, temp_buffer_size=0.628 GB, available_memory=17.580 GB)
result[(13, 14, 0, 0), 0] = ModuleProfileResult(compute_cost=0.000, peak_memory=2.530 GB, invar_size=1.732 GB, outvar_size=0.120 GB, temp_buffer_size=0.679 GB, available_memory=17.580 GB)
result[(12, 13, 0, 1), 1] = ModuleProfileResult(compute_cost=0.000, peak_memory=3.801 GB, invar_size=2.424 GB, outvar_size=1.182 GB, temp_buffer_size=1.258 GB, available_memory=17.580 GB)
result[(13, 14, 0, 0), 1] = ModuleProfileResult(compute_cost=0.000, peak_memory=5.052 GB, invar_size=3.463 GB, outvar_size=1.731 GB, temp_buffer_size=1.469 GB, available_memory=17.580 GB)
result[(14, 15, 0, 0), 0] = ModuleProfileResult(compute_cost=0.000, peak_memory=2.169 GB, invar_size=1.565 GB, outvar_size=0.060 GB, temp_buffer_size=0.544 GB, available_memory=17.580 GB)
result[(13, 14, 0, 1), 0] = ModuleProfileResult(compute_cost=0.000, peak_memory=2.530 GB, invar_size=1.732 GB, outvar_size=0.120 GB, temp_buffer_size=0.679 GB, available_memory=17.580 GB)
