
------------------------------------------------------------------
- (1/3) Profiling bert_760M with batch size: 128...
------------------------------------------------------------------
[TMP] Existed profiling results in `./jaxpr/prof_log/optimal/bert_760M_128.pkl`, updating/rewriting it...
[WARN] Local batch size 8 is not divisible by num devices 16, skipping...
[TMP] Current profiling results of key `8_a10_8_n_2_d`: none
[TMP] Updated profiling results stored in `./jaxpr/prof_log/optimal/bert_760M_128.pkl`...

------------------------------------------------------------------
- (2/3) Profiling bert_760M with batch size: 256...
------------------------------------------------------------------
[TMP] Existed profiling results in `./jaxpr/prof_log/optimal/bert_760M_256.pkl`, updating/rewriting it...
[I] Ray Cluster & Alpa backend initialization is completed.
[I] Device Info:
    - Devices num per node: 2
    - Nodes num: 8
[I] Loading flax model....
[I] Model 'bert' loads sucessfully. Model Info: 

FlaxBertForMaskedLMModule(
    # attributes
    config = <model.bert_model.BertConfig object at 0x7f23ae89c970>
    dtype = float16
) 

[I] Manually constructing dummy batch...
[I] Initialize training state...
[I] Training state initialization is completed.
[I] Constructing Alpa parallelized train step func...
[I] Alpa parallelized train step func construction is completed.
-------------------- Automatic stage clustering --------------------
submesh_choices: ((1, 1), (1, 2), (2, 2), (4, 2))
- Profiling for submesh 3 (4, 2):
- Generate all stage infos (Jaxpr -> HLO)
- Compile all stages
- Profile all stages
result[(2, 8, 3, 2), 0] = ModuleProfileResult(compute_cost=0.021, peak_memory=0.801 GB, invar_size=0.680 GB, outvar_size=0.041 GB, temp_buffer_size=0.080 GB, available_memory=17.580 GB)
result[(2, 9, 3, 0), 0] = ModuleProfileResult(compute_cost=0.024, peak_memory=0.913 GB, invar_size=0.786 GB, outvar_size=0.047 GB, temp_buffer_size=0.080 GB, available_memory=17.580 GB)
result[(1, 7, 3, 0), 0] = ModuleProfileResult(compute_cost=0.019, peak_memory=0.729 GB, invar_size=0.608 GB, outvar_size=0.041 GB, temp_buffer_size=0.080 GB, available_memory=17.580 GB)
result[(0, 6, 3, 0), 0] = ModuleProfileResult(compute_cost=0.019, peak_memory=0.894 GB, invar_size=0.641 GB, outvar_size=0.059 GB, temp_buffer_size=0.195 GB, available_memory=17.580 GB)
result[(1, 7, 3, 2), 0] = ModuleProfileResult(compute_cost=0.019, peak_memory=0.729 GB, invar_size=0.608 GB, outvar_size=0.041 GB, temp_buffer_size=0.080 GB, available_memory=17.580 GB)
result[(0, 6, 3, 1), 0] = ModuleProfileResult(compute_cost=0.054, peak_memory=0.609 GB, invar_size=0.320 GB, outvar_size=0.094 GB, temp_buffer_size=0.195 GB, available_memory=17.580 GB)
result[(2, 8, 3, 0), 0] = ModuleProfileResult(compute_cost=0.021, peak_memory=0.801 GB, invar_size=0.680 GB, outvar_size=0.041 GB, temp_buffer_size=0.080 GB, available_memory=17.580 GB)
result[(2, 9, 3, 1), 0] = ModuleProfileResult(compute_cost=0.075, peak_memory=0.592 GB, invar_size=0.411 GB, outvar_size=0.088 GB, temp_buffer_size=0.094 GB, available_memory=17.580 GB)
result[(2, 8, 3, 1), 0] = ModuleProfileResult(compute_cost=0.065, peak_memory=0.528 GB, invar_size=0.358 GB, outvar_size=0.076 GB, temp_buffer_size=0.094 GB, available_memory=17.580 GB)
result[(0, 9, 3, 0), 0] = ModuleProfileResult(compute_cost=0.029, peak_memory=1.211 GB, invar_size=0.940 GB, outvar_size=0.076 GB, temp_buffer_size=0.195 GB, available_memory=17.580 GB)
result[(1, 9, 3, 0), 0] = ModuleProfileResult(compute_cost=0.025, peak_memory=0.935 GB, invar_size=0.802 GB, outvar_size=0.053 GB, temp_buffer_size=0.080 GB, available_memory=17.580 GB)
result[(1, 10, 3, 2), 0] = ModuleProfileResult(compute_cost=0.027, peak_memory=1.011 GB, invar_size=0.872 GB, outvar_size=0.059 GB, temp_buffer_size=0.080 GB, available_memory=17.580 GB)
result[(1, 10, 3, 0), 0] = ModuleProfileResult(compute_cost=0.027, peak_memory=1.011 GB, invar_size=0.872 GB, outvar_size=0.059 GB, temp_buffer_size=0.080 GB, available_memory=17.580 GB)
result[(0, 7, 3, 1), 0] = ModuleProfileResult(compute_cost=0.064, peak_memory=0.674 GB, invar_size=0.373 GB, outvar_size=0.105 GB, temp_buffer_size=0.195 GB, available_memory=17.580 GB)
result[(1, 10, 3, 1), 0] = ModuleProfileResult(compute_cost=0.084, peak_memory=0.656 GB, invar_size=0.454 GB, outvar_size=0.111 GB, temp_buffer_size=0.090 GB, available_memory=17.580 GB)
result[(0, 8, 3, 1), 0] = ModuleProfileResult(compute_cost=0.073, peak_memory=0.730 GB, invar_size=0.417 GB, outvar_size=0.117 GB, temp_buffer_size=0.195 GB, available_memory=17.580 GB)
result[(1, 9, 3, 1), 0] = ModuleProfileResult(compute_cost=0.077, peak_memory=0.612 GB, invar_size=0.419 GB, outvar_size=0.100 GB, temp_buffer_size=0.094 GB, available_memory=17.580 GB)
result[(0, 9, 3, 2), 0] = ModuleProfileResult(compute_cost=0.076, peak_memory=1.129 GB, invar_size=0.810 GB, outvar_size=0.076 GB, temp_buffer_size=0.242 GB, available_memory=17.580 GB)
result[(0, 8, 3, 0), 0] = ModuleProfileResult(compute_cost=0.025, peak_memory=1.100 GB, invar_size=0.834 GB, outvar_size=0.070 GB, temp_buffer_size=0.195 GB, available_memory=17.580 GB)
result[(0, 7, 3, 2), 0] = ModuleProfileResult(compute_cost=0.070, peak_memory=0.923 GB, invar_size=0.617 GB, outvar_size=0.064 GB, temp_buffer_size=0.242 GB, available_memory=17.580 GB)
result[(1, 9, 3, 2), 0] = ModuleProfileResult(compute_cost=0.025, peak_memory=0.935 GB, invar_size=0.802 GB, outvar_size=0.053 GB, temp_buffer_size=0.080 GB, available_memory=17.580 GB)
result[(1, 7, 3, 1), 0] = ModuleProfileResult(compute_cost=0.058, peak_memory=0.488 GB, invar_size=0.322 GB, outvar_size=0.076 GB, temp_buffer_size=0.090 GB, available_memory=17.580 GB)
result[(2, 9, 3, 2), 0] = ModuleProfileResult(compute_cost=0.024, peak_memory=0.913 GB, invar_size=0.786 GB, outvar_size=0.047 GB, temp_buffer_size=0.080 GB, available_memory=17.580 GB)
result[(1, 8, 3, 0), 0] = ModuleProfileResult(compute_cost=0.021, peak_memory=0.823 GB, invar_size=0.696 GB, outvar_size=0.047 GB, temp_buffer_size=0.080 GB, available_memory=17.580 GB)
result[(0, 8, 3, 2), 0] = ModuleProfileResult(compute_cost=0.072, peak_memory=1.017 GB, invar_size=0.705 GB, outvar_size=0.070 GB, temp_buffer_size=0.242 GB, available_memory=17.580 GB)
result[(1, 8, 3, 2), 0] = ModuleProfileResult(compute_cost=0.021, peak_memory=0.823 GB, invar_size=0.696 GB, outvar_size=0.047 GB, temp_buffer_size=0.080 GB, available_memory=17.580 GB)
result[(2, 10, 3, 0), 0] = ModuleProfileResult(compute_cost=0.027, peak_memory=0.989 GB, invar_size=0.856 GB, outvar_size=0.053 GB, temp_buffer_size=0.080 GB, available_memory=17.580 GB)
result[(0, 7, 3, 0), 0] = ModuleProfileResult(compute_cost=0.023, peak_memory=1.006 GB, invar_size=0.746 GB, outvar_size=0.064 GB, temp_buffer_size=0.195 GB, available_memory=17.580 GB)
result[(1, 8, 3, 1), 0] = ModuleProfileResult(compute_cost=0.067, peak_memory=0.547 GB, invar_size=0.366 GB, outvar_size=0.088 GB, temp_buffer_size=0.094 GB, available_memory=17.580 GB)
result[(0, 6, 3, 2), 0] = ModuleProfileResult(compute_cost=0.066, peak_memory=0.812 GB, invar_size=0.511 GB, outvar_size=0.059 GB, temp_buffer_size=0.242 GB, available_memory=17.580 GB)
result[(0, 9, 3, 1), 0] = ModuleProfileResult(compute_cost=0.083, peak_memory=0.794 GB, invar_size=0.470 GB, outvar_size=0.129 GB, temp_buffer_size=0.195 GB, available_memory=17.580 GB)
result[(3, 9, 3, 0), 0] = ModuleProfileResult(compute_cost=0.022, peak_memory=0.813 GB, invar_size=0.692 GB, outvar_size=0.041 GB, temp_buffer_size=0.080 GB, available_memory=17.580 GB)
result[(2, 10, 3, 2), 0] = ModuleProfileResult(compute_cost=0.027, peak_memory=0.989 GB, invar_size=0.856 GB, outvar_size=0.053 GB, temp_buffer_size=0.080 GB, available_memory=17.580 GB)
result[(3, 9, 3, 2), 0] = ModuleProfileResult(compute_cost=0.022, peak_memory=0.813 GB, invar_size=0.692 GB, outvar_size=0.041 GB, temp_buffer_size=0.080 GB, available_memory=17.580 GB)
result[(2, 10, 3, 1), 0] = ModuleProfileResult(compute_cost=0.082, peak_memory=0.636 GB, invar_size=0.446 GB, outvar_size=0.100 GB, temp_buffer_size=0.090 GB, available_memory=17.580 GB)
result[(3, 9, 3, 1), 0] = ModuleProfileResult(compute_cost=0.067, peak_memory=0.525 GB, invar_size=0.355 GB, outvar_size=0.076 GB, temp_buffer_size=0.094 GB, available_memory=17.580 GB)
result[(3, 10, 3, 0), 0] = ModuleProfileResult(compute_cost=0.024, peak_memory=0.889 GB, invar_size=0.762 GB, outvar_size=0.047 GB, temp_buffer_size=0.080 GB, available_memory=17.580 GB)
result[(0, 6, 3, 0), 1] = ModuleProfileResult(compute_cost=0.093, peak_memory=1.980 GB, invar_size=1.340 GB, outvar_size=0.640 GB, temp_buffer_size=0.641 GB, available_memory=17.580 GB)
result[(0, 6, 3, 1), 1] = ModuleProfileResult(compute_cost=0.147, peak_memory=1.237 GB, invar_size=0.740 GB, outvar_size=0.320 GB, temp_buffer_size=0.497 GB, available_memory=17.580 GB)
result[(3, 10, 3, 2), 0] = ModuleProfileResult(compute_cost=0.024, peak_memory=0.889 GB, invar_size=0.762 GB, outvar_size=0.047 GB, temp_buffer_size=0.080 GB, available_memory=17.580 GB)
result[(3, 10, 3, 1), 0] = ModuleProfileResult(compute_cost=0.074, peak_memory=0.568 GB, invar_size=0.390 GB, outvar_size=0.088 GB, temp_buffer_size=0.090 GB, available_memory=17.580 GB)
result[(0, 6, 3, 2), 1] = ModuleProfileResult(compute_cost=0.134, peak_memory=1.817 GB, invar_size=1.122 GB, outvar_size=0.511 GB, temp_buffer_size=0.696 GB, available_memory=17.580 GB)
result[(3, 11, 3, 0), 0] = ModuleProfileResult(compute_cost=0.027, peak_memory=1.001 GB, invar_size=0.868 GB, outvar_size=0.053 GB, temp_buffer_size=0.080 GB, available_memory=17.580 GB)
result[(1, 7, 3, 1), 1] = ModuleProfileResult(compute_cost=0.155, peak_memory=1.211 GB, invar_size=0.696 GB, outvar_size=0.322 GB, temp_buffer_size=0.485 GB, available_memory=17.580 GB)
result[(4, 10, 3, 0), 0] = ModuleProfileResult(compute_cost=0.021, peak_memory=0.778 GB, invar_size=0.657 GB, outvar_size=0.041 GB, temp_buffer_size=0.080 GB, available_memory=17.580 GB)
result[(3, 11, 3, 1), 0] = ModuleProfileResult(compute_cost=0.084, peak_memory=0.633 GB, invar_size=0.443 GB, outvar_size=0.100 GB, temp_buffer_size=0.090 GB, available_memory=17.580 GB)
result[(2, 8, 3, 2), 1] = ModuleProfileResult(compute_cost=0.104, peak_memory=2.070 GB, invar_size=1.390 GB, outvar_size=0.680 GB, temp_buffer_size=0.669 GB, available_memory=17.580 GB)
result[(1, 8, 3, 1), 1] = ModuleProfileResult(compute_cost=0.178, peak_memory=1.311 GB, invar_size=0.796 GB, outvar_size=0.366 GB, temp_buffer_size=0.485 GB, available_memory=17.580 GB)
result[(2, 8, 3, 0), 1] = ModuleProfileResult(compute_cost=0.104, peak_memory=2.070 GB, invar_size=1.390 GB, outvar_size=0.680 GB, temp_buffer_size=0.669 GB, available_memory=17.580 GB)
result[(0, 7, 3, 0), 1] = ModuleProfileResult(compute_cost=0.110, peak_memory=2.303 GB, invar_size=1.557 GB, outvar_size=0.746 GB, temp_buffer_size=0.746 GB, available_memory=17.580 GB)
result[(4, 10, 3, 1), 0] = ModuleProfileResult(compute_cost=0.064, peak_memory=0.504 GB, invar_size=0.337 GB, outvar_size=0.076 GB, temp_buffer_size=0.090 GB, available_memory=17.580 GB)
result[(2, 8, 3, 1), 1] = ModuleProfileResult(compute_cost=0.177, peak_memory=1.271 GB, invar_size=0.774 GB, outvar_size=0.358 GB, temp_buffer_size=0.473 GB, available_memory=17.580 GB)
result[(0, 8, 3, 1), 1] = ModuleProfileResult(compute_cost=0.197, peak_memory=1.454 GB, invar_size=0.957 GB, outvar_size=0.417 GB, temp_buffer_size=0.497 GB, available_memory=17.580 GB)
result[(0, 7, 3, 2), 1] = ModuleProfileResult(compute_cost=0.151, peak_memory=2.140 GB, invar_size=1.339 GB, outvar_size=0.617 GB, temp_buffer_size=0.801 GB, available_memory=17.580 GB)
result[(4, 11, 3, 0), 0] = ModuleProfileResult(compute_cost=0.024, peak_memory=0.889 GB, invar_size=0.762 GB, outvar_size=0.047 GB, temp_buffer_size=0.080 GB, available_memory=17.580 GB)
result[(2, 9, 3, 1), 1] = ModuleProfileResult(compute_cost=0.204, peak_memory=1.388 GB, invar_size=0.891 GB, outvar_size=0.411 GB, temp_buffer_size=0.474 GB, available_memory=17.580 GB)
result[(1, 8, 3, 0), 1] = ModuleProfileResult(compute_cost=0.105, peak_memory=2.112 GB, invar_size=1.416 GB, outvar_size=0.696 GB, temp_buffer_size=0.673 GB, available_memory=17.580 GB)
result[(4, 12, 3, 0), 0] = ModuleProfileResult(compute_cost=0.027, peak_memory=0.983 GB, invar_size=0.850 GB, outvar_size=0.053 GB, temp_buffer_size=0.080 GB, available_memory=17.580 GB)
result[(0, 7, 3, 1), 1] = ModuleProfileResult(compute_cost=0.174, peak_memory=1.354 GB, invar_size=0.858 GB, outvar_size=0.373 GB, temp_buffer_size=0.497 GB, available_memory=17.580 GB)
result[(2, 9, 3, 2), 1] = ModuleProfileResult(compute_cost=0.120, peak_memory=2.433 GB, invar_size=1.648 GB, outvar_size=0.786 GB, temp_buffer_size=0.774 GB, available_memory=17.580 GB)
result[(3, 11, 3, 2), 0] = ModuleProfileResult(compute_cost=0.027, peak_memory=1.001 GB, invar_size=0.868 GB, outvar_size=0.053 GB, temp_buffer_size=0.080 GB, available_memory=17.580 GB)
result[(1, 9, 3, 1), 1] = ModuleProfileResult(compute_cost=0.205, peak_memory=1.428 GB, invar_size=0.913 GB, outvar_size=0.419 GB, temp_buffer_size=0.485 GB, available_memory=17.580 GB)
result[(0, 9, 3, 1), 1] = ModuleProfileResult(compute_cost=0.224, peak_memory=1.572 GB, invar_size=1.075 GB, outvar_size=0.470 GB, temp_buffer_size=0.497 GB, available_memory=17.580 GB)
result[(5, 11, 3, 0), 0] = ModuleProfileResult(compute_cost=0.022, peak_memory=0.813 GB, invar_size=0.692 GB, outvar_size=0.041 GB, temp_buffer_size=0.080 GB, available_memory=17.580 GB)
result[(4, 12, 3, 2), 0] = ModuleProfileResult(compute_cost=0.027, peak_memory=0.983 GB, invar_size=0.850 GB, outvar_size=0.053 GB, temp_buffer_size=0.080 GB, available_memory=17.580 GB)
result[(1, 9, 3, 0), 1] = ModuleProfileResult(compute_cost=0.121, peak_memory=2.435 GB, invar_size=1.633 GB, outvar_size=0.802 GB, temp_buffer_size=0.779 GB, available_memory=17.580 GB)
result[(0, 8, 3, 2), 1] = ModuleProfileResult(compute_cost=0.164, peak_memory=2.369 GB, invar_size=1.479 GB, outvar_size=0.705 GB, temp_buffer_size=0.889 GB, available_memory=17.580 GB)
result[(0, 9, 3, 0), 1] = ModuleProfileResult(compute_cost=0.139, peak_memory=2.895 GB, invar_size=1.955 GB, outvar_size=0.940 GB, temp_buffer_size=0.940 GB, available_memory=17.580 GB)
result[(5, 11, 3, 1), 0] = ModuleProfileResult(compute_cost=0.066, peak_memory=0.521 GB, invar_size=0.355 GB, outvar_size=0.076 GB, temp_buffer_size=0.090 GB, available_memory=17.580 GB)
result[(5, 11, 3, 2), 0] = ModuleProfileResult(compute_cost=0.022, peak_memory=0.813 GB, invar_size=0.692 GB, outvar_size=0.041 GB, temp_buffer_size=0.080 GB, available_memory=17.580 GB)
result[(0, 9, 3, 2), 1] = ModuleProfileResult(compute_cost=0.180, peak_memory=2.732 GB, invar_size=1.737 GB, outvar_size=0.810 GB, temp_buffer_size=0.995 GB, available_memory=17.580 GB)
result[(4, 12, 3, 1), 0] = ModuleProfileResult(compute_cost=0.083, peak_memory=0.627 GB, invar_size=0.434 GB, outvar_size=0.100 GB, temp_buffer_size=0.094 GB, available_memory=17.580 GB)
result[(4, 11, 3, 2), 0] = ModuleProfileResult(compute_cost=0.024, peak_memory=0.889 GB, invar_size=0.762 GB, outvar_size=0.047 GB, temp_buffer_size=0.080 GB, available_memory=17.580 GB)
result[(5, 12, 3, 0), 0] = ModuleProfileResult(compute_cost=0.024, peak_memory=0.907 GB, invar_size=0.780 GB, outvar_size=0.047 GB, temp_buffer_size=0.080 GB, available_memory=17.580 GB)
result[(1, 7, 3, 0), 1] = ModuleProfileResult(compute_cost=0.092, peak_memory=1.843 GB, invar_size=1.234 GB, outvar_size=0.608 GB, temp_buffer_size=0.585 GB, available_memory=17.580 GB)
result[(1, 10, 3, 0), 1] = ModuleProfileResult(compute_cost=0.133, peak_memory=2.652 GB, invar_size=1.780 GB, outvar_size=0.872 GB, temp_buffer_size=0.849 GB, available_memory=17.580 GB)
result[(5, 12, 3, 2), 0] = ModuleProfileResult(compute_cost=0.024, peak_memory=0.907 GB, invar_size=0.780 GB, outvar_size=0.047 GB, temp_buffer_size=0.080 GB, available_memory=17.580 GB)
result[(3, 9, 3, 0), 1] = ModuleProfileResult(compute_cost=0.107, peak_memory=2.111 GB, invar_size=1.419 GB, outvar_size=0.692 GB, temp_buffer_size=0.686 GB, available_memory=17.580 GB)
result[(0, 8, 3, 0), 1] = ModuleProfileResult(compute_cost=0.123, peak_memory=2.572 GB, invar_size=1.738 GB, outvar_size=0.834 GB, temp_buffer_size=0.834 GB, available_memory=17.580 GB)
result[(5, 12, 3, 1), 0] = ModuleProfileResult(compute_cost=0.075, peak_memory=0.580 GB, invar_size=0.399 GB, outvar_size=0.088 GB, temp_buffer_size=0.094 GB, available_memory=17.580 GB)
result[(2, 9, 3, 0), 1] = ModuleProfileResult(compute_cost=0.120, peak_memory=2.392 GB, invar_size=1.607 GB, outvar_size=0.786 GB, temp_buffer_size=0.774 GB, available_memory=17.580 GB)
result[(3, 9, 3, 2), 1] = ModuleProfileResult(compute_cost=0.107, peak_memory=2.152 GB, invar_size=1.460 GB, outvar_size=0.692 GB, temp_buffer_size=0.686 GB, available_memory=17.580 GB)
result[(5, 13, 3, 0), 0] = ModuleProfileResult(compute_cost=0.027, peak_memory=1.018 GB, invar_size=0.885 GB, outvar_size=0.053 GB, temp_buffer_size=0.080 GB, available_memory=17.580 GB)
result[(6, 12, 3, 0), 0] = ModuleProfileResult(compute_cost=0.021, peak_memory=0.795 GB, invar_size=0.674 GB, outvar_size=0.041 GB, temp_buffer_size=0.080 GB, available_memory=17.580 GB)
result[(4, 10, 3, 2), 0] = ModuleProfileResult(compute_cost=0.021, peak_memory=0.778 GB, invar_size=0.657 GB, outvar_size=0.041 GB, temp_buffer_size=0.080 GB, available_memory=17.580 GB)
result[(1, 8, 3, 2), 1] = ModuleProfileResult(compute_cost=0.105, peak_memory=2.112 GB, invar_size=1.416 GB, outvar_size=0.696 GB, temp_buffer_size=0.673 GB, available_memory=17.580 GB)
result[(2, 10, 3, 2), 1] = ModuleProfileResult(compute_cost=0.131, peak_memory=2.609 GB, invar_size=1.753 GB, outvar_size=0.856 GB, temp_buffer_size=0.845 GB, available_memory=17.580 GB)
result[(5, 13, 3, 2), 0] = ModuleProfileResult(compute_cost=0.027, peak_memory=1.018 GB, invar_size=0.885 GB, outvar_size=0.053 GB, temp_buffer_size=0.080 GB, available_memory=17.580 GB)
result[(5, 13, 3, 1), 0] = ModuleProfileResult(compute_cost=0.085, peak_memory=0.645 GB, invar_size=0.452 GB, outvar_size=0.100 GB, temp_buffer_size=0.094 GB, available_memory=17.580 GB)
result[(2, 10, 3, 1), 1] = ModuleProfileResult(compute_cost=0.225, peak_memory=1.471 GB, invar_size=0.974 GB, outvar_size=0.446 GB, temp_buffer_size=0.474 GB, available_memory=17.580 GB)
result[(3, 9, 3, 1), 1] = ModuleProfileResult(compute_cost=0.181, peak_memory=1.282 GB, invar_size=0.780 GB, outvar_size=0.349 GB, temp_buffer_size=0.497 GB, available_memory=17.580 GB)
result[(6, 12, 3, 2), 0] = ModuleProfileResult(compute_cost=0.021, peak_memory=0.795 GB, invar_size=0.674 GB, outvar_size=0.041 GB, temp_buffer_size=0.080 GB, available_memory=17.580 GB)
result[(6, 13, 3, 0), 0] = ModuleProfileResult(compute_cost=0.024, peak_memory=0.907 GB, invar_size=0.780 GB, outvar_size=0.047 GB, temp_buffer_size=0.080 GB, available_memory=17.580 GB)
result[(4, 10, 3, 2), 1] = ModuleProfileResult(compute_cost=0.102, peak_memory=2.005 GB, invar_size=1.349 GB, outvar_size=0.657 GB, temp_buffer_size=0.651 GB, available_memory=17.580 GB)
result[(3, 10, 3, 2), 1] = ModuleProfileResult(compute_cost=0.118, peak_memory=2.328 GB, invar_size=1.566 GB, outvar_size=0.762 GB, temp_buffer_size=0.757 GB, available_memory=17.580 GB)
result[(2, 10, 3, 0), 1] = ModuleProfileResult(compute_cost=0.131, peak_memory=2.609 GB, invar_size=1.753 GB, outvar_size=0.856 GB, temp_buffer_size=0.845 GB, available_memory=17.580 GB)
result[(3, 10, 3, 0), 1] = ModuleProfileResult(compute_cost=0.118, peak_memory=2.328 GB, invar_size=1.566 GB, outvar_size=0.762 GB, temp_buffer_size=0.757 GB, available_memory=17.580 GB)
result[(4, 10, 3, 0), 1] = ModuleProfileResult(compute_cost=0.102, peak_memory=2.005 GB, invar_size=1.349 GB, outvar_size=0.657 GB, temp_buffer_size=0.651 GB, available_memory=17.580 GB)
result[(6, 13, 3, 1), 0] = ModuleProfileResult(compute_cost=0.075, peak_memory=0.580 GB, invar_size=0.399 GB, outvar_size=0.088 GB, temp_buffer_size=0.094 GB, available_memory=17.580 GB)
result[(1, 9, 3, 2), 1] = ModuleProfileResult(compute_cost=0.121, peak_memory=2.476 GB, invar_size=1.674 GB, outvar_size=0.802 GB, temp_buffer_size=0.779 GB, available_memory=17.580 GB)
result[(6, 14, 3, 0), 0] = ModuleProfileResult(compute_cost=0.027, peak_memory=1.024 GB, invar_size=0.868 GB, outvar_size=0.076 GB, temp_buffer_size=0.080 GB, available_memory=17.580 GB)
result[(7, 13, 3, 0), 0] = ModuleProfileResult(compute_cost=0.021, peak_memory=0.795 GB, invar_size=0.674 GB, outvar_size=0.041 GB, temp_buffer_size=0.080 GB, available_memory=17.580 GB)
result[(4, 10, 3, 1), 1] = ModuleProfileResult(compute_cost=0.175, peak_memory=1.247 GB, invar_size=0.745 GB, outvar_size=0.331 GB, temp_buffer_size=0.497 GB, available_memory=17.580 GB)
result[(6, 13, 3, 2), 0] = ModuleProfileResult(compute_cost=0.024, peak_memory=0.907 GB, invar_size=0.780 GB, outvar_size=0.047 GB, temp_buffer_size=0.080 GB, available_memory=17.580 GB)
result[(1, 7, 3, 2), 1] = ModuleProfileResult(compute_cost=0.092, peak_memory=1.884 GB, invar_size=1.275 GB, outvar_size=0.608 GB, temp_buffer_size=0.585 GB, available_memory=17.580 GB)
result[(3, 11, 3, 0), 1] = ModuleProfileResult(compute_cost=0.135, peak_memory=2.650 GB, invar_size=1.782 GB, outvar_size=0.868 GB, temp_buffer_size=0.862 GB, available_memory=17.580 GB)
result[(6, 14, 3, 1), 0] = ModuleProfileResult(compute_cost=0.083, peak_memory=0.674 GB, invar_size=0.443 GB, outvar_size=0.123 GB, temp_buffer_size=0.108 GB, available_memory=17.580 GB)
result[(6, 14, 3, 2), 0] = ModuleProfileResult(compute_cost=0.027, peak_memory=1.024 GB, invar_size=0.868 GB, outvar_size=0.076 GB, temp_buffer_size=0.080 GB, available_memory=17.580 GB)
result[(7, 13, 3, 1), 0] = ModuleProfileResult(compute_cost=0.065, peak_memory=0.516 GB, invar_size=0.346 GB, outvar_size=0.076 GB, temp_buffer_size=0.094 GB, available_memory=17.580 GB)
result[(7, 13, 3, 2), 0] = ModuleProfileResult(compute_cost=0.021, peak_memory=0.795 GB, invar_size=0.674 GB, outvar_size=0.041 GB, temp_buffer_size=0.080 GB, available_memory=17.580 GB)
result[(7, 14, 3, 0), 0] = ModuleProfileResult(compute_cost=0.024, peak_memory=0.913 GB, invar_size=0.762 GB, outvar_size=0.070 GB, temp_buffer_size=0.080 GB, available_memory=17.580 GB)
result[(4, 11, 3, 0), 1] = ModuleProfileResult(compute_cost=0.118, peak_memory=2.328 GB, invar_size=1.566 GB, outvar_size=0.762 GB, temp_buffer_size=0.756 GB, available_memory=17.580 GB)
result[(3, 10, 3, 1), 1] = ModuleProfileResult(compute_cost=0.202, peak_memory=1.365 GB, invar_size=0.862 GB, outvar_size=0.384 GB, temp_buffer_size=0.497 GB, available_memory=17.580 GB)
result[(4, 11, 3, 1), 0] = ModuleProfileResult(compute_cost=0.074, peak_memory=0.568 GB, invar_size=0.390 GB, outvar_size=0.088 GB, temp_buffer_size=0.090 GB, available_memory=17.580 GB)
result[(7, 14, 3, 2), 0] = ModuleProfileResult(compute_cost=0.024, peak_memory=0.913 GB, invar_size=0.762 GB, outvar_size=0.070 GB, temp_buffer_size=0.080 GB, available_memory=17.580 GB)
result[(1, 10, 3, 1), 1] = ModuleProfileResult(compute_cost=0.226, peak_memory=1.510 GB, invar_size=0.996 GB, outvar_size=0.454 GB, temp_buffer_size=0.485 GB, available_memory=17.580 GB)
result[(3, 11, 3, 2), 1] = ModuleProfileResult(compute_cost=0.135, peak_memory=2.691 GB, invar_size=1.823 GB, outvar_size=0.868 GB, temp_buffer_size=0.862 GB, available_memory=17.580 GB)
result[(7, 14, 3, 1), 0] = ModuleProfileResult(compute_cost=0.073, peak_memory=0.609 GB, invar_size=0.390 GB, outvar_size=0.111 GB, temp_buffer_size=0.108 GB, available_memory=17.580 GB)
result[(1, 10, 3, 2), 1] = ModuleProfileResult(compute_cost=0.133, peak_memory=2.652 GB, invar_size=1.780 GB, outvar_size=0.872 GB, temp_buffer_size=0.849 GB, available_memory=17.580 GB)
result[(7, 15, 3, 0), 0] = ModuleProfileResult(compute_cost=0.024, peak_memory=0.913 GB, invar_size=0.762 GB, outvar_size=0.070 GB, temp_buffer_size=0.080 GB, available_memory=17.580 GB)
result[(6, 12, 3, 1), 0] = ModuleProfileResult(compute_cost=0.065, peak_memory=0.516 GB, invar_size=0.346 GB, outvar_size=0.076 GB, temp_buffer_size=0.094 GB, available_memory=17.580 GB)
result[(5, 11, 3, 0), 1] = ModuleProfileResult(compute_cost=0.107, peak_memory=2.111 GB, invar_size=1.419 GB, outvar_size=0.692 GB, temp_buffer_size=0.686 GB, available_memory=17.580 GB)
result[(5, 11, 3, 2), 1] = ModuleProfileResult(compute_cost=0.107, peak_memory=2.152 GB, invar_size=1.460 GB, outvar_size=0.692 GB, temp_buffer_size=0.686 GB, available_memory=17.580 GB)
result[(4, 11, 3, 2), 1] = ModuleProfileResult(compute_cost=0.118, peak_memory=2.369 GB, invar_size=1.607 GB, outvar_size=0.762 GB, temp_buffer_size=0.756 GB, available_memory=17.580 GB)
result[(8, 14, 3, 0), 0] = ModuleProfileResult(compute_cost=0.020, peak_memory=0.801 GB, invar_size=0.657 GB, outvar_size=0.064 GB, temp_buffer_size=0.080 GB, available_memory=17.580 GB)
result[(7, 15, 3, 2), 0] = ModuleProfileResult(compute_cost=0.024, peak_memory=0.913 GB, invar_size=0.762 GB, outvar_size=0.070 GB, temp_buffer_size=0.080 GB, available_memory=17.580 GB)
result[(4, 11, 3, 1), 1] = ModuleProfileResult(compute_cost=0.202, peak_memory=1.365 GB, invar_size=0.862 GB, outvar_size=0.384 GB, temp_buffer_size=0.497 GB, available_memory=17.580 GB)
result[(7, 15, 3, 1), 0] = ModuleProfileResult(compute_cost=0.072, peak_memory=0.592 GB, invar_size=0.390 GB, outvar_size=0.111 GB, temp_buffer_size=0.090 GB, available_memory=17.580 GB)
result[(4, 12, 3, 0), 1] = ModuleProfileResult(compute_cost=0.132, peak_memory=2.598 GB, invar_size=1.747 GB, outvar_size=0.850 GB, temp_buffer_size=0.845 GB, available_memory=17.580 GB)
result[(8, 14, 3, 2), 0] = ModuleProfileResult(compute_cost=0.020, peak_memory=0.801 GB, invar_size=0.657 GB, outvar_size=0.064 GB, temp_buffer_size=0.080 GB, available_memory=17.580 GB)
result[(3, 11, 3, 1), 1] = ModuleProfileResult(compute_cost=0.229, peak_memory=1.482 GB, invar_size=0.979 GB, outvar_size=0.437 GB, temp_buffer_size=0.497 GB, available_memory=17.580 GB)
result[(5, 11, 3, 1), 1] = ModuleProfileResult(compute_cost=0.181, peak_memory=1.277 GB, invar_size=0.780 GB, outvar_size=0.355 GB, temp_buffer_size=0.485 GB, available_memory=17.580 GB)
result[(8, 14, 3, 1), 0] = ModuleProfileResult(compute_cost=0.062, peak_memory=0.545 GB, invar_size=0.337 GB, outvar_size=0.100 GB, temp_buffer_size=0.108 GB, available_memory=17.580 GB)
result[(8, 15, 3, 0), 0] = ModuleProfileResult(compute_cost=0.020, peak_memory=0.801 GB, invar_size=0.657 GB, outvar_size=0.064 GB, temp_buffer_size=0.080 GB, available_memory=17.580 GB)
result[(8, 15, 3, 2), 0] = ModuleProfileResult(compute_cost=0.020, peak_memory=0.801 GB, invar_size=0.657 GB, outvar_size=0.064 GB, temp_buffer_size=0.080 GB, available_memory=17.580 GB)
result[(9, 15, 3, 0), 0] = ModuleProfileResult(compute_cost=0.018, peak_memory=0.707 GB, invar_size=0.569 GB, outvar_size=0.059 GB, temp_buffer_size=0.080 GB, available_memory=17.580 GB)
result[(8, 15, 3, 1), 0] = ModuleProfileResult(compute_cost=0.062, peak_memory=0.527 GB, invar_size=0.337 GB, outvar_size=0.100 GB, temp_buffer_size=0.090 GB, available_memory=17.580 GB)
result[(9, 15, 3, 2), 0] = ModuleProfileResult(compute_cost=0.018, peak_memory=0.707 GB, invar_size=0.569 GB, outvar_size=0.059 GB, temp_buffer_size=0.080 GB, available_memory=17.580 GB)
result[(5, 12, 3, 0), 1] = ModuleProfileResult(compute_cost=0.120, peak_memory=2.381 GB, invar_size=1.601 GB, outvar_size=0.780 GB, temp_buffer_size=0.774 GB, available_memory=17.580 GB)
result[(9, 15, 3, 1), 0] = ModuleProfileResult(compute_cost=0.054, peak_memory=0.472 GB, invar_size=0.293 GB, outvar_size=0.088 GB, temp_buffer_size=0.090 GB, available_memory=17.580 GB)
result[(6, 12, 3, 2), 1] = ModuleProfileResult(compute_cost=0.104, peak_memory=2.058 GB, invar_size=1.384 GB, outvar_size=0.674 GB, temp_buffer_size=0.668 GB, available_memory=17.580 GB)
result[(6, 12, 3, 0), 1] = ModuleProfileResult(compute_cost=0.104, peak_memory=2.058 GB, invar_size=1.384 GB, outvar_size=0.674 GB, temp_buffer_size=0.668 GB, available_memory=17.580 GB)
result[(5, 12, 3, 2), 1] = ModuleProfileResult(compute_cost=0.120, peak_memory=2.381 GB, invar_size=1.601 GB, outvar_size=0.780 GB, temp_buffer_size=0.774 GB, available_memory=17.580 GB)
result[(4, 12, 3, 2), 1] = ModuleProfileResult(compute_cost=0.132, peak_memory=2.598 GB, invar_size=1.747 GB, outvar_size=0.850 GB, temp_buffer_size=0.845 GB, available_memory=17.580 GB)
result[(6, 12, 3, 1), 1] = ModuleProfileResult(compute_cost=0.175, peak_memory=1.259 GB, invar_size=0.762 GB, outvar_size=0.346 GB, temp_buffer_size=0.485 GB, available_memory=17.580 GB)
result[(4, 12, 3, 1), 1] = ModuleProfileResult(compute_cost=0.225, peak_memory=1.464 GB, invar_size=0.962 GB, outvar_size=0.428 GB, temp_buffer_size=0.497 GB, available_memory=17.580 GB)
result[(5, 12, 3, 1), 1] = ModuleProfileResult(compute_cost=0.204, peak_memory=1.376 GB, invar_size=0.880 GB, outvar_size=0.399 GB, temp_buffer_size=0.485 GB, available_memory=17.580 GB)
result[(6, 13, 3, 2), 1] = ModuleProfileResult(compute_cost=0.120, peak_memory=2.422 GB, invar_size=1.642 GB, outvar_size=0.780 GB, temp_buffer_size=0.774 GB, available_memory=17.580 GB)
result[(7, 13, 3, 1), 1] = ModuleProfileResult(compute_cost=0.174, peak_memory=1.259 GB, invar_size=0.762 GB, outvar_size=0.346 GB, temp_buffer_size=0.485 GB, available_memory=17.580 GB)
result[(5, 13, 3, 0), 1] = ModuleProfileResult(compute_cost=0.136, peak_memory=2.703 GB, invar_size=1.818 GB, outvar_size=0.885 GB, temp_buffer_size=0.880 GB, available_memory=17.580 GB)
result[(6, 13, 3, 0), 1] = ModuleProfileResult(compute_cost=0.120, peak_memory=2.381 GB, invar_size=1.601 GB, outvar_size=0.780 GB, temp_buffer_size=0.774 GB, available_memory=17.580 GB)
result[(7, 13, 3, 0), 1] = ModuleProfileResult(compute_cost=0.103, peak_memory=2.058 GB, invar_size=1.384 GB, outvar_size=0.674 GB, temp_buffer_size=0.668 GB, available_memory=17.580 GB)
result[(5, 13, 3, 2), 1] = ModuleProfileResult(compute_cost=0.136, peak_memory=2.744 GB, invar_size=1.859 GB, outvar_size=0.885 GB, temp_buffer_size=0.880 GB, available_memory=17.580 GB)
result[(7, 13, 3, 2), 1] = ModuleProfileResult(compute_cost=0.103, peak_memory=2.099 GB, invar_size=1.425 GB, outvar_size=0.674 GB, temp_buffer_size=0.668 GB, available_memory=17.580 GB)
result[(6, 14, 3, 0), 1] = ModuleProfileResult(compute_cost=0.133, peak_memory=2.674 GB, invar_size=1.806 GB, outvar_size=0.868 GB, temp_buffer_size=0.862 GB, available_memory=17.580 GB)
result[(8, 14, 3, 0), 1] = ModuleProfileResult(compute_cost=0.100, peak_memory=2.029 GB, invar_size=1.372 GB, outvar_size=0.657 GB, temp_buffer_size=0.651 GB, available_memory=17.580 GB)
result[(7, 14, 3, 0), 1] = ModuleProfileResult(compute_cost=0.117, peak_memory=2.351 GB, invar_size=1.589 GB, outvar_size=0.762 GB, temp_buffer_size=0.757 GB, available_memory=17.580 GB)
result[(7, 14, 3, 2), 1] = ModuleProfileResult(compute_cost=0.117, peak_memory=2.351 GB, invar_size=1.589 GB, outvar_size=0.762 GB, temp_buffer_size=0.757 GB, available_memory=17.580 GB)
result[(8, 14, 3, 2), 1] = ModuleProfileResult(compute_cost=0.100, peak_memory=2.029 GB, invar_size=1.372 GB, outvar_size=0.657 GB, temp_buffer_size=0.651 GB, available_memory=17.580 GB)
result[(9, 15, 3, 0), 1] = ModuleProfileResult(compute_cost=0.111, peak_memory=2.265 GB, invar_size=1.527 GB, outvar_size=0.737 GB, temp_buffer_size=0.732 GB, available_memory=17.580 GB)
result[(5, 13, 3, 1), 1] = ModuleProfileResult(compute_cost=0.231, peak_memory=1.507 GB, invar_size=0.997 GB, outvar_size=0.452 GB, temp_buffer_size=0.499 GB, available_memory=17.580 GB)
result[(6, 14, 3, 2), 1] = ModuleProfileResult(compute_cost=0.133, peak_memory=2.674 GB, invar_size=1.806 GB, outvar_size=0.868 GB, temp_buffer_size=0.862 GB, available_memory=17.580 GB)
result[(6, 13, 3, 1), 1] = ModuleProfileResult(compute_cost=0.202, peak_memory=1.376 GB, invar_size=0.880 GB, outvar_size=0.399 GB, temp_buffer_size=0.485 GB, available_memory=17.580 GB)
result[(8, 15, 3, 0), 1] = ModuleProfileResult(compute_cost=0.124, peak_memory=2.535 GB, invar_size=1.709 GB, outvar_size=0.825 GB, temp_buffer_size=0.820 GB, available_memory=17.580 GB)
result[(8, 14, 3, 1), 1] = ModuleProfileResult(compute_cost=0.171, peak_memory=1.282 GB, invar_size=0.786 GB, outvar_size=0.337 GB, temp_buffer_size=0.485 GB, available_memory=17.580 GB)
result[(7, 15, 3, 0), 1] = ModuleProfileResult(compute_cost=0.140, peak_memory=2.857 GB, invar_size=1.926 GB, outvar_size=0.931 GB, temp_buffer_size=0.925 GB, available_memory=17.580 GB)
result[(7, 14, 3, 1), 1] = ModuleProfileResult(compute_cost=0.198, peak_memory=1.400 GB, invar_size=0.903 GB, outvar_size=0.390 GB, temp_buffer_size=0.485 GB, available_memory=17.580 GB)
result[(6, 14, 3, 1), 1] = ModuleProfileResult(compute_cost=0.225, peak_memory=1.517 GB, invar_size=1.020 GB, outvar_size=0.443 GB, temp_buffer_size=0.485 GB, available_memory=17.580 GB)
result[(9, 15, 3, 1), 1] = ModuleProfileResult(compute_cost=0.177, peak_memory=1.334 GB, invar_size=0.831 GB, outvar_size=0.372 GB, temp_buffer_size=0.497 GB, available_memory=17.580 GB)
result[(9, 15, 3, 2), 1] = ModuleProfileResult(compute_cost=0.153, peak_memory=1.862 GB, invar_size=1.271 GB, outvar_size=0.609 GB, temp_buffer_size=0.585 GB, available_memory=17.580 GB)
result[(8, 15, 3, 2), 1] = ModuleProfileResult(compute_cost=0.166, peak_memory=2.131 GB, invar_size=1.453 GB, outvar_size=0.697 GB, temp_buffer_size=0.673 GB, available_memory=17.580 GB)
result[(7, 15, 3, 1), 1] = ModuleProfileResult(compute_cost=0.227, peak_memory=1.545 GB, invar_size=1.048 GB, outvar_size=0.474 GB, temp_buffer_size=0.485 GB, available_memory=17.580 GB)
result[(8, 15, 3, 1), 1] = ModuleProfileResult(compute_cost=0.200, peak_memory=1.428 GB, invar_size=0.931 GB, outvar_size=0.422 GB, temp_buffer_size=0.485 GB, available_memory=17.580 GB)
result[(7, 15, 3, 2), 1] = ModuleProfileResult(compute_cost=0.183, peak_memory=2.454 GB, invar_size=1.670 GB, outvar_size=0.803 GB, temp_buffer_size=0.778 GB, available_memory=17.580 GB)
Profiling for submesh 3 (4, 2) takes 238.03 seconds
--------------------------------------------------
- Profiling for submesh 2 (2, 2):
- Generate all stage infos (Jaxpr -> HLO)
- Compile all stages
- Profile all stages
result[(5, 8, 2, 0), 0] = ModuleProfileResult(compute_cost=0.024, peak_memory=0.623 GB, invar_size=0.416 GB, outvar_size=0.047 GB, temp_buffer_size=0.160 GB, available_memory=17.580 GB)
result[(6, 8, 2, 2), 0] = ModuleProfileResult(compute_cost=0.017, peak_memory=0.506 GB, invar_size=0.311 GB, outvar_size=0.035 GB, temp_buffer_size=0.160 GB, available_memory=17.580 GB)
result[(6, 9, 2, 1), 0] = ModuleProfileResult(compute_cost=0.042, peak_memory=0.754 GB, invar_size=0.226 GB, outvar_size=0.047 GB, temp_buffer_size=0.481 GB, available_memory=17.580 GB)
result[(0, 3, 2, 0), 0] = ModuleProfileResult(compute_cost=0.020, peak_memory=0.832 GB, invar_size=0.359 GB, outvar_size=0.082 GB, temp_buffer_size=0.391 GB, available_memory=17.580 GB)
result[(5, 7, 2, 2), 0] = ModuleProfileResult(compute_cost=0.019, peak_memory=0.524 GB, invar_size=0.328 GB, outvar_size=0.035 GB, temp_buffer_size=0.160 GB, available_memory=17.580 GB)
result[(6, 8, 2, 0), 0] = ModuleProfileResult(compute_cost=0.017, peak_memory=0.506 GB, invar_size=0.311 GB, outvar_size=0.035 GB, temp_buffer_size=0.160 GB, available_memory=17.580 GB)
result[(5, 7, 2, 0), 0] = ModuleProfileResult(compute_cost=0.019, peak_memory=0.524 GB, invar_size=0.328 GB, outvar_size=0.035 GB, temp_buffer_size=0.160 GB, available_memory=17.580 GB)
result[(0, 3, 2, 1), 0] = ModuleProfileResult(compute_cost=0.033, peak_memory=0.664 GB, invar_size=0.180 GB, outvar_size=0.094 GB, temp_buffer_size=0.391 GB, available_memory=17.580 GB)
result[(5, 8, 2, 1), 0] = ModuleProfileResult(compute_cost=0.042, peak_memory=0.754 GB, invar_size=0.226 GB, outvar_size=0.047 GB, temp_buffer_size=0.481 GB, available_memory=17.580 GB)
result[(0, 3, 2, 2), 0] = ModuleProfileResult(compute_cost=0.060, peak_memory=0.768 GB, invar_size=0.248 GB, outvar_size=0.082 GB, temp_buffer_size=0.438 GB, available_memory=17.580 GB)
result[(5, 7, 2, 1), 0] = ModuleProfileResult(compute_cost=0.033, peak_memory=0.622 GB, invar_size=0.182 GB, outvar_size=0.035 GB, temp_buffer_size=0.405 GB, available_memory=17.580 GB)
result[(6, 9, 2, 0), 0] = ModuleProfileResult(compute_cost=0.024, peak_memory=0.623 GB, invar_size=0.416 GB, outvar_size=0.047 GB, temp_buffer_size=0.160 GB, available_memory=17.580 GB)
result[(3, 6, 2, 2), 0] = ModuleProfileResult(compute_cost=0.023, peak_memory=0.606 GB, invar_size=0.399 GB, outvar_size=0.047 GB, temp_buffer_size=0.160 GB, available_memory=17.580 GB)
result[(3, 6, 2, 1), 0] = ModuleProfileResult(compute_cost=0.041, peak_memory=0.710 GB, invar_size=0.217 GB, outvar_size=0.047 GB, temp_buffer_size=0.446 GB, available_memory=17.580 GB)
result[(4, 7, 2, 1), 0] = ModuleProfileResult(compute_cost=0.041, peak_memory=0.733 GB, invar_size=0.217 GB, outvar_size=0.047 GB, temp_buffer_size=0.469 GB, available_memory=17.580 GB)
result[(7, 9, 2, 0), 0] = ModuleProfileResult(compute_cost=0.017, peak_memory=0.506 GB, invar_size=0.311 GB, outvar_size=0.035 GB, temp_buffer_size=0.160 GB, available_memory=17.580 GB)
result[(4, 7, 2, 0), 0] = ModuleProfileResult(compute_cost=0.023, peak_memory=0.606 GB, invar_size=0.399 GB, outvar_size=0.047 GB, temp_buffer_size=0.160 GB, available_memory=17.580 GB)
result[(3, 6, 2, 0), 0] = ModuleProfileResult(compute_cost=0.023, peak_memory=0.606 GB, invar_size=0.399 GB, outvar_size=0.047 GB, temp_buffer_size=0.160 GB, available_memory=17.580 GB)
result[(1, 5, 2, 1), 0] = ModuleProfileResult(compute_cost=0.040, peak_memory=0.738 GB, invar_size=0.234 GB, outvar_size=0.059 GB, temp_buffer_size=0.446 GB, available_memory=17.580 GB)
result[(1, 5, 2, 0), 0] = ModuleProfileResult(compute_cost=0.023, peak_memory=0.639 GB, invar_size=0.421 GB, outvar_size=0.059 GB, temp_buffer_size=0.160 GB, available_memory=17.580 GB)
result[(2, 5, 2, 0), 0] = ModuleProfileResult(compute_cost=0.022, peak_memory=0.600 GB, invar_size=0.393 GB, outvar_size=0.047 GB, temp_buffer_size=0.160 GB, available_memory=17.580 GB)
result[(1, 5, 2, 2), 0] = ModuleProfileResult(compute_cost=0.023, peak_memory=0.639 GB, invar_size=0.421 GB, outvar_size=0.059 GB, temp_buffer_size=0.160 GB, available_memory=17.580 GB)
result[(2, 5, 2, 1), 0] = ModuleProfileResult(compute_cost=0.039, peak_memory=0.755 GB, invar_size=0.232 GB, outvar_size=0.047 GB, temp_buffer_size=0.477 GB, available_memory=17.580 GB)
result[(2, 5, 2, 2), 0] = ModuleProfileResult(compute_cost=0.022, peak_memory=0.600 GB, invar_size=0.393 GB, outvar_size=0.047 GB, temp_buffer_size=0.160 GB, available_memory=17.580 GB)
result[(0, 3, 2, 0), 1] = ModuleProfileResult(compute_cost=0.069, peak_memory=1.711 GB, invar_size=0.800 GB, outvar_size=0.359 GB, temp_buffer_size=0.911 GB, available_memory=17.580 GB)
result[(0, 4, 2, 2), 0] = ModuleProfileResult(compute_cost=0.064, peak_memory=0.850 GB, invar_size=0.319 GB, outvar_size=0.094 GB, temp_buffer_size=0.438 GB, available_memory=17.580 GB)
result[(0, 4, 2, 0), 0] = ModuleProfileResult(compute_cost=0.024, peak_memory=0.914 GB, invar_size=0.429 GB, outvar_size=0.094 GB, temp_buffer_size=0.391 GB, available_memory=17.580 GB)
result[(7, 9, 2, 1), 0] = ModuleProfileResult(compute_cost=0.031, peak_memory=0.595 GB, invar_size=0.173 GB, outvar_size=0.035 GB, temp_buffer_size=0.387 GB, available_memory=17.580 GB)
result[(7, 9, 2, 2), 0] = ModuleProfileResult(compute_cost=0.017, peak_memory=0.506 GB, invar_size=0.311 GB, outvar_size=0.035 GB, temp_buffer_size=0.160 GB, available_memory=17.580 GB)
result[(0, 4, 2, 1), 0] = ModuleProfileResult(compute_cost=0.040, peak_memory=0.711 GB, invar_size=0.215 GB, outvar_size=0.105 GB, temp_buffer_size=0.391 GB, available_memory=17.580 GB)
result[(7, 10, 2, 0), 0] = ModuleProfileResult(compute_cost=0.022, peak_memory=0.588 GB, invar_size=0.381 GB, outvar_size=0.047 GB, temp_buffer_size=0.160 GB, available_memory=17.580 GB)
result[(6, 8, 2, 0), 1] = ModuleProfileResult(compute_cost=0.067, peak_memory=1.556 GB, invar_size=0.645 GB, outvar_size=0.311 GB, temp_buffer_size=0.899 GB, available_memory=17.580 GB)
result[(6, 9, 2, 2), 0] = ModuleProfileResult(compute_cost=0.024, peak_memory=0.623 GB, invar_size=0.416 GB, outvar_size=0.047 GB, temp_buffer_size=0.160 GB, available_memory=17.580 GB)
result[(5, 8, 2, 2), 0] = ModuleProfileResult(compute_cost=0.024, peak_memory=0.623 GB, invar_size=0.416 GB, outvar_size=0.047 GB, temp_buffer_size=0.160 GB, available_memory=17.580 GB)
result[(0, 3, 2, 1), 1] = ModuleProfileResult(compute_cost=0.121, peak_memory=1.474 GB, invar_size=0.465 GB, outvar_size=0.180 GB, temp_buffer_size=1.009 GB, available_memory=17.580 GB)
result[(7, 10, 2, 1), 0] = ModuleProfileResult(compute_cost=0.039, peak_memory=0.701 GB, invar_size=0.208 GB, outvar_size=0.047 GB, temp_buffer_size=0.446 GB, available_memory=17.580 GB)
result[(6, 8, 2, 1), 0] = ModuleProfileResult(compute_cost=0.031, peak_memory=0.595 GB, invar_size=0.173 GB, outvar_size=0.035 GB, temp_buffer_size=0.387 GB, available_memory=17.580 GB)
result[(8, 11, 2, 0), 0] = ModuleProfileResult(compute_cost=0.022, peak_memory=0.588 GB, invar_size=0.381 GB, outvar_size=0.047 GB, temp_buffer_size=0.160 GB, available_memory=17.580 GB)
result[(4, 7, 2, 2), 0] = ModuleProfileResult(compute_cost=0.023, peak_memory=0.606 GB, invar_size=0.399 GB, outvar_size=0.047 GB, temp_buffer_size=0.160 GB, available_memory=17.580 GB)
result[(6, 8, 2, 2), 1] = ModuleProfileResult(compute_cost=0.067, peak_memory=1.556 GB, invar_size=0.645 GB, outvar_size=0.311 GB, temp_buffer_size=0.899 GB, available_memory=17.580 GB)
result[(7, 10, 2, 2), 0] = ModuleProfileResult(compute_cost=0.022, peak_memory=0.588 GB, invar_size=0.381 GB, outvar_size=0.047 GB, temp_buffer_size=0.160 GB, available_memory=17.580 GB)
result[(0, 3, 2, 2), 1] = ModuleProfileResult(compute_cost=0.106, peak_memory=1.536 GB, invar_size=0.613 GB, outvar_size=0.248 GB, temp_buffer_size=0.923 GB, available_memory=17.580 GB)
result[(8, 11, 2, 2), 0] = ModuleProfileResult(compute_cost=0.022, peak_memory=0.588 GB, invar_size=0.381 GB, outvar_size=0.047 GB, temp_buffer_size=0.160 GB, available_memory=17.580 GB)
result[(8, 11, 2, 1), 0] = ModuleProfileResult(compute_cost=0.039, peak_memory=0.701 GB, invar_size=0.208 GB, outvar_size=0.047 GB, temp_buffer_size=0.446 GB, available_memory=17.580 GB)
result[(5, 7, 2, 0), 1] = ModuleProfileResult(compute_cost=0.072, peak_memory=1.580 GB, invar_size=0.680 GB, outvar_size=0.328 GB, temp_buffer_size=0.888 GB, available_memory=17.580 GB)
result[(3, 6, 2, 0), 1] = ModuleProfileResult(compute_cost=0.089, peak_memory=1.756 GB, invar_size=0.833 GB, outvar_size=0.399 GB, temp_buffer_size=0.911 GB, available_memory=17.580 GB)
result[(6, 9, 2, 2), 1] = ModuleProfileResult(compute_cost=0.091, peak_memory=1.826 GB, invar_size=0.903 GB, outvar_size=0.416 GB, temp_buffer_size=0.911 GB, available_memory=17.580 GB)
result[(6, 9, 2, 0), 1] = ModuleProfileResult(compute_cost=0.091, peak_memory=1.779 GB, invar_size=0.868 GB, outvar_size=0.416 GB, temp_buffer_size=0.899 GB, available_memory=17.580 GB)
result[(0, 4, 2, 0), 1] = ModuleProfileResult(compute_cost=0.086, peak_memory=1.875 GB, invar_size=0.953 GB, outvar_size=0.429 GB, temp_buffer_size=0.923 GB, available_memory=17.580 GB)
result[(5, 8, 2, 2), 1] = ModuleProfileResult(compute_cost=0.092, peak_memory=1.778 GB, invar_size=0.868 GB, outvar_size=0.416 GB, temp_buffer_size=0.899 GB, available_memory=17.580 GB)
result[(8, 12, 2, 2), 0] = ModuleProfileResult(compute_cost=0.027, peak_memory=0.688 GB, invar_size=0.469 GB, outvar_size=0.059 GB, temp_buffer_size=0.160 GB, available_memory=17.580 GB)
result[(6, 8, 2, 1), 1] = ModuleProfileResult(compute_cost=0.143, peak_memory=1.503 GB, invar_size=0.370 GB, outvar_size=0.161 GB, temp_buffer_size=1.122 GB, available_memory=17.580 GB)
result[(0, 4, 2, 2), 1] = ModuleProfileResult(compute_cost=0.123, peak_memory=1.653 GB, invar_size=0.731 GB, outvar_size=0.318 GB, temp_buffer_size=0.923 GB, available_memory=17.580 GB)
result[(9, 12, 2, 1), 0] = ModuleProfileResult(compute_cost=0.039, peak_memory=0.683 GB, invar_size=0.208 GB, outvar_size=0.047 GB, temp_buffer_size=0.428 GB, available_memory=17.580 GB)
result[(9, 12, 2, 2), 0] = ModuleProfileResult(compute_cost=0.022, peak_memory=0.588 GB, invar_size=0.381 GB, outvar_size=0.047 GB, temp_buffer_size=0.160 GB, available_memory=17.580 GB)
result[(8, 12, 2, 1), 0] = ModuleProfileResult(compute_cost=0.047, peak_memory=0.840 GB, invar_size=0.252 GB, outvar_size=0.059 GB, temp_buffer_size=0.529 GB, available_memory=17.580 GB)
result[(7, 9, 2, 0), 1] = ModuleProfileResult(compute_cost=0.067, peak_memory=1.556 GB, invar_size=0.645 GB, outvar_size=0.311 GB, temp_buffer_size=0.899 GB, available_memory=17.580 GB)
result[(2, 5, 2, 0), 1] = ModuleProfileResult(compute_cost=0.084, peak_memory=1.732 GB, invar_size=0.809 GB, outvar_size=0.393 GB, temp_buffer_size=0.899 GB, available_memory=17.580 GB)
result[(10, 13, 2, 2), 0] = ModuleProfileResult(compute_cost=0.022, peak_memory=0.588 GB, invar_size=0.381 GB, outvar_size=0.047 GB, temp_buffer_size=0.160 GB, available_memory=17.580 GB)
result[(5, 7, 2, 2), 1] = ModuleProfileResult(compute_cost=0.072, peak_memory=1.626 GB, invar_size=0.715 GB, outvar_size=0.328 GB, temp_buffer_size=0.899 GB, available_memory=17.580 GB)
result[(5, 7, 2, 1), 1] = ModuleProfileResult(compute_cost=0.152, peak_memory=1.527 GB, invar_size=0.387 GB, outvar_size=0.170 GB, temp_buffer_size=1.128 GB, available_memory=17.580 GB)
result[(5, 8, 2, 0), 1] = ModuleProfileResult(compute_cost=0.092, peak_memory=1.778 GB, invar_size=0.868 GB, outvar_size=0.416 GB, temp_buffer_size=0.899 GB, available_memory=17.580 GB)
result[(10, 13, 2, 1), 0] = ModuleProfileResult(compute_cost=0.039, peak_memory=0.706 GB, invar_size=0.208 GB, outvar_size=0.047 GB, temp_buffer_size=0.451 GB, available_memory=17.580 GB)
result[(1, 5, 2, 2), 1] = ModuleProfileResult(compute_cost=0.086, peak_memory=1.799 GB, invar_size=0.853 GB, outvar_size=0.421 GB, temp_buffer_size=0.899 GB, available_memory=17.580 GB)
result[(2, 5, 2, 2), 1] = ModuleProfileResult(compute_cost=0.084, peak_memory=1.732 GB, invar_size=0.809 GB, outvar_size=0.393 GB, temp_buffer_size=0.899 GB, available_memory=17.580 GB)
result[(11, 13, 2, 0), 0] = ModuleProfileResult(compute_cost=0.017, peak_memory=0.506 GB, invar_size=0.311 GB, outvar_size=0.035 GB, temp_buffer_size=0.160 GB, available_memory=17.580 GB)
result[(0, 4, 2, 1), 1] = ModuleProfileResult(compute_cost=0.160, peak_memory=1.675 GB, invar_size=0.535 GB, outvar_size=0.215 GB, temp_buffer_size=1.140 GB, available_memory=17.580 GB)
result[(4, 7, 2, 0), 1] = ModuleProfileResult(compute_cost=0.090, peak_memory=1.732 GB, invar_size=0.833 GB, outvar_size=0.399 GB, temp_buffer_size=0.888 GB, available_memory=17.580 GB)
result[(4, 7, 2, 2), 1] = ModuleProfileResult(compute_cost=0.090, peak_memory=1.778 GB, invar_size=0.868 GB, outvar_size=0.399 GB, temp_buffer_size=0.899 GB, available_memory=17.580 GB)
result[(8, 12, 2, 0), 0] = ModuleProfileResult(compute_cost=0.027, peak_memory=0.688 GB, invar_size=0.469 GB, outvar_size=0.059 GB, temp_buffer_size=0.160 GB, available_memory=17.580 GB)
result[(7, 9, 2, 2), 1] = ModuleProfileResult(compute_cost=0.067, peak_memory=1.603 GB, invar_size=0.680 GB, outvar_size=0.311 GB, temp_buffer_size=0.911 GB, available_memory=17.580 GB)
result[(9, 12, 2, 0), 0] = ModuleProfileResult(compute_cost=0.022, peak_memory=0.588 GB, invar_size=0.381 GB, outvar_size=0.047 GB, temp_buffer_size=0.160 GB, available_memory=17.580 GB)
result[(10, 14, 2, 0), 0] = ModuleProfileResult(compute_cost=0.027, peak_memory=0.735 GB, invar_size=0.469 GB, outvar_size=0.105 GB, temp_buffer_size=0.160 GB, available_memory=17.580 GB)
result[(1, 5, 2, 0), 1] = ModuleProfileResult(compute_cost=0.086, peak_memory=1.799 GB, invar_size=0.853 GB, outvar_size=0.421 GB, temp_buffer_size=0.899 GB, available_memory=17.580 GB)
result[(3, 6, 2, 2), 1] = ModuleProfileResult(compute_cost=0.089, peak_memory=1.791 GB, invar_size=0.868 GB, outvar_size=0.399 GB, temp_buffer_size=0.911 GB, available_memory=17.580 GB)
result[(7, 9, 2, 1), 1] = ModuleProfileResult(compute_cost=0.139, peak_memory=1.609 GB, invar_size=0.370 GB, outvar_size=0.161 GB, temp_buffer_size=1.228 GB, available_memory=17.580 GB)
result[(11, 13, 2, 1), 0] = ModuleProfileResult(compute_cost=0.031, peak_memory=0.595 GB, invar_size=0.173 GB, outvar_size=0.035 GB, temp_buffer_size=0.387 GB, available_memory=17.580 GB)
result[(10, 13, 2, 0), 0] = ModuleProfileResult(compute_cost=0.022, peak_memory=0.588 GB, invar_size=0.381 GB, outvar_size=0.047 GB, temp_buffer_size=0.160 GB, available_memory=17.580 GB)
result[(11, 13, 2, 2), 0] = ModuleProfileResult(compute_cost=0.017, peak_memory=0.506 GB, invar_size=0.311 GB, outvar_size=0.035 GB, temp_buffer_size=0.160 GB, available_memory=17.580 GB)
result[(10, 14, 2, 1), 0] = ModuleProfileResult(compute_cost=0.048, peak_memory=0.870 GB, invar_size=0.252 GB, outvar_size=0.105 GB, temp_buffer_size=0.512 GB, available_memory=17.580 GB)
result[(10, 14, 2, 2), 0] = ModuleProfileResult(compute_cost=0.027, peak_memory=0.735 GB, invar_size=0.469 GB, outvar_size=0.105 GB, temp_buffer_size=0.160 GB, available_memory=17.580 GB)
result[(1, 5, 2, 1), 1] = ModuleProfileResult(compute_cost=0.185, peak_memory=1.795 GB, invar_size=0.480 GB, outvar_size=0.234 GB, temp_buffer_size=1.268 GB, available_memory=17.580 GB)
result[(6, 9, 2, 1), 1] = ModuleProfileResult(compute_cost=0.191, peak_memory=1.867 GB, invar_size=0.487 GB, outvar_size=0.214 GB, temp_buffer_size=1.368 GB, available_memory=17.580 GB)
result[(5, 8, 2, 1), 1] = ModuleProfileResult(compute_cost=0.196, peak_memory=1.791 GB, invar_size=0.487 GB, outvar_size=0.214 GB, temp_buffer_size=1.292 GB, available_memory=17.580 GB)
result[(11, 14, 2, 0), 0] = ModuleProfileResult(compute_cost=0.023, peak_memory=0.653 GB, invar_size=0.399 GB, outvar_size=0.094 GB, temp_buffer_size=0.160 GB, available_memory=17.580 GB)
result[(12, 15, 2, 0), 0] = ModuleProfileResult(compute_cost=0.017, peak_memory=0.535 GB, invar_size=0.293 GB, outvar_size=0.082 GB, temp_buffer_size=0.160 GB, available_memory=17.580 GB)
result[(13, 15, 2, 0), 0] = ModuleProfileResult(compute_cost=0.012, peak_memory=0.436 GB, invar_size=0.205 GB, outvar_size=0.070 GB, temp_buffer_size=0.160 GB, available_memory=17.580 GB)
result[(7, 10, 2, 0), 1] = ModuleProfileResult(compute_cost=0.084, peak_memory=1.720 GB, invar_size=0.797 GB, outvar_size=0.381 GB, temp_buffer_size=0.911 GB, available_memory=17.580 GB)
result[(11, 14, 2, 2), 0] = ModuleProfileResult(compute_cost=0.023, peak_memory=0.653 GB, invar_size=0.399 GB, outvar_size=0.094 GB, temp_buffer_size=0.160 GB, available_memory=17.580 GB)
result[(12, 15, 2, 2), 0] = ModuleProfileResult(compute_cost=0.017, peak_memory=0.535 GB, invar_size=0.293 GB, outvar_size=0.082 GB, temp_buffer_size=0.160 GB, available_memory=17.580 GB)
result[(13, 15, 2, 1), 0] = ModuleProfileResult(compute_cost=0.021, peak_memory=0.449 GB, invar_size=0.120 GB, outvar_size=0.070 GB, temp_buffer_size=0.258 GB, available_memory=17.580 GB)
result[(12, 15, 2, 1), 0] = ModuleProfileResult(compute_cost=0.029, peak_memory=0.598 GB, invar_size=0.164 GB, outvar_size=0.082 GB, temp_buffer_size=0.352 GB, available_memory=17.580 GB)
result[(13, 15, 2, 2), 0] = ModuleProfileResult(compute_cost=0.012, peak_memory=0.436 GB, invar_size=0.205 GB, outvar_size=0.070 GB, temp_buffer_size=0.160 GB, available_memory=17.580 GB)
result[(11, 14, 2, 1), 0] = ModuleProfileResult(compute_cost=0.040, peak_memory=0.774 GB, invar_size=0.217 GB, outvar_size=0.094 GB, temp_buffer_size=0.463 GB, available_memory=17.580 GB)
result[(2, 5, 2, 1), 1] = ModuleProfileResult(compute_cost=0.180, peak_memory=1.767 GB, invar_size=0.463 GB, outvar_size=0.208 GB, temp_buffer_size=1.280 GB, available_memory=17.580 GB)
result[(3, 6, 2, 1), 1] = ModuleProfileResult(compute_cost=0.187, peak_memory=1.750 GB, invar_size=0.469 GB, outvar_size=0.205 GB, temp_buffer_size=1.269 GB, available_memory=17.580 GB)
result[(4, 7, 2, 1), 1] = ModuleProfileResult(compute_cost=0.190, peak_memory=1.660 GB, invar_size=0.469 GB, outvar_size=0.205 GB, temp_buffer_size=1.179 GB, available_memory=17.580 GB)
result[(8, 11, 2, 0), 1] = ModuleProfileResult(compute_cost=0.084, peak_memory=1.720 GB, invar_size=0.797 GB, outvar_size=0.381 GB, temp_buffer_size=0.911 GB, available_memory=17.580 GB)
result[(7, 10, 2, 2), 1] = ModuleProfileResult(compute_cost=0.084, peak_memory=1.720 GB, invar_size=0.797 GB, outvar_size=0.381 GB, temp_buffer_size=0.911 GB, available_memory=17.580 GB)
result[(8, 11, 2, 2), 1] = ModuleProfileResult(compute_cost=0.084, peak_memory=1.755 GB, invar_size=0.833 GB, outvar_size=0.381 GB, temp_buffer_size=0.911 GB, available_memory=17.580 GB)
result[(9, 12, 2, 0), 1] = ModuleProfileResult(compute_cost=0.084, peak_memory=1.720 GB, invar_size=0.797 GB, outvar_size=0.381 GB, temp_buffer_size=0.911 GB, available_memory=17.580 GB)
result[(11, 13, 2, 0), 1] = ModuleProfileResult(compute_cost=0.067, peak_memory=1.556 GB, invar_size=0.645 GB, outvar_size=0.311 GB, temp_buffer_size=0.899 GB, available_memory=17.580 GB)
result[(7, 10, 2, 1), 1] = ModuleProfileResult(compute_cost=0.179, peak_memory=1.843 GB, invar_size=0.440 GB, outvar_size=0.197 GB, temp_buffer_size=1.392 GB, available_memory=17.580 GB)
result[(11, 13, 2, 2), 1] = ModuleProfileResult(compute_cost=0.067, peak_memory=1.603 GB, invar_size=0.680 GB, outvar_size=0.311 GB, temp_buffer_size=0.911 GB, available_memory=17.580 GB)
result[(9, 12, 2, 2), 1] = ModuleProfileResult(compute_cost=0.084, peak_memory=1.720 GB, invar_size=0.797 GB, outvar_size=0.381 GB, temp_buffer_size=0.911 GB, available_memory=17.580 GB)
result[(8, 11, 2, 1), 1] = ModuleProfileResult(compute_cost=0.176, peak_memory=1.591 GB, invar_size=0.452 GB, outvar_size=0.197 GB, temp_buffer_size=1.128 GB, available_memory=17.580 GB)
result[(8, 12, 2, 0), 1] = ModuleProfileResult(compute_cost=0.103, peak_memory=1.908 GB, invar_size=0.985 GB, outvar_size=0.469 GB, temp_buffer_size=0.911 GB, available_memory=17.580 GB)
result[(10, 13, 2, 0), 1] = ModuleProfileResult(compute_cost=0.084, peak_memory=1.708 GB, invar_size=0.797 GB, outvar_size=0.381 GB, temp_buffer_size=0.899 GB, available_memory=17.580 GB)
result[(13, 15, 2, 0), 1] = ModuleProfileResult(compute_cost=0.076, peak_memory=1.729 GB, invar_size=0.806 GB, outvar_size=0.374 GB, temp_buffer_size=0.911 GB, available_memory=17.580 GB)
result[(10, 13, 2, 2), 1] = ModuleProfileResult(compute_cost=0.084, peak_memory=1.755 GB, invar_size=0.833 GB, outvar_size=0.381 GB, temp_buffer_size=0.911 GB, available_memory=17.580 GB)
result[(8, 12, 2, 2), 1] = ModuleProfileResult(compute_cost=0.103, peak_memory=1.908 GB, invar_size=0.985 GB, outvar_size=0.469 GB, temp_buffer_size=0.911 GB, available_memory=17.580 GB)
result[(11, 13, 2, 1), 1] = ModuleProfileResult(compute_cost=0.139, peak_memory=1.585 GB, invar_size=0.370 GB, outvar_size=0.161 GB, temp_buffer_size=1.204 GB, available_memory=17.580 GB)
result[(12, 15, 2, 0), 1] = ModuleProfileResult(compute_cost=0.096, peak_memory=1.917 GB, invar_size=0.994 GB, outvar_size=0.462 GB, temp_buffer_size=0.911 GB, available_memory=17.580 GB)
result[(13, 15, 2, 2), 1] = ModuleProfileResult(compute_cost=0.115, peak_memory=1.509 GB, invar_size=0.586 GB, outvar_size=0.264 GB, temp_buffer_size=0.911 GB, available_memory=17.580 GB)
result[(11, 14, 2, 0), 1] = ModuleProfileResult(compute_cost=0.087, peak_memory=1.802 GB, invar_size=0.879 GB, outvar_size=0.399 GB, temp_buffer_size=0.911 GB, available_memory=17.580 GB)
result[(9, 12, 2, 1), 1] = ModuleProfileResult(compute_cost=0.178, peak_memory=1.732 GB, invar_size=0.452 GB, outvar_size=0.197 GB, temp_buffer_size=1.269 GB, available_memory=17.580 GB)
result[(11, 14, 2, 2), 1] = ModuleProfileResult(compute_cost=0.087, peak_memory=1.802 GB, invar_size=0.879 GB, outvar_size=0.399 GB, temp_buffer_size=0.911 GB, available_memory=17.580 GB)
result[(10, 14, 2, 0), 1] = ModuleProfileResult(compute_cost=0.104, peak_memory=1.955 GB, invar_size=1.032 GB, outvar_size=0.469 GB, temp_buffer_size=0.911 GB, available_memory=17.580 GB)
result[(13, 15, 2, 1), 1] = ModuleProfileResult(compute_cost=0.133, peak_memory=1.631 GB, invar_size=0.456 GB, outvar_size=0.193 GB, temp_buffer_size=1.163 GB, available_memory=17.580 GB)
result[(12, 15, 2, 2), 1] = ModuleProfileResult(compute_cost=0.134, peak_memory=1.697 GB, invar_size=0.774 GB, outvar_size=0.352 GB, temp_buffer_size=0.911 GB, available_memory=17.580 GB)
result[(10, 13, 2, 1), 1] = ModuleProfileResult(compute_cost=0.178, peak_memory=1.725 GB, invar_size=0.452 GB, outvar_size=0.197 GB, temp_buffer_size=1.261 GB, available_memory=17.580 GB)
result[(10, 14, 2, 2), 1] = ModuleProfileResult(compute_cost=0.104, peak_memory=1.955 GB, invar_size=1.032 GB, outvar_size=0.469 GB, temp_buffer_size=0.911 GB, available_memory=17.580 GB)
result[(8, 12, 2, 1), 1] = ModuleProfileResult(compute_cost=0.220, peak_memory=1.855 GB, invar_size=0.551 GB, outvar_size=0.241 GB, temp_buffer_size=1.292 GB, available_memory=17.580 GB)
result[(12, 15, 2, 1), 1] = ModuleProfileResult(compute_cost=0.176, peak_memory=1.754 GB, invar_size=0.556 GB, outvar_size=0.237 GB, temp_buffer_size=1.186 GB, available_memory=17.580 GB)
result[(11, 14, 2, 1), 1] = ModuleProfileResult(compute_cost=0.186, peak_memory=1.943 GB, invar_size=0.551 GB, outvar_size=0.205 GB, temp_buffer_size=1.380 GB, available_memory=17.580 GB)
result[(10, 14, 2, 1), 1] = ModuleProfileResult(compute_cost=0.224, peak_memory=2.088 GB, invar_size=0.633 GB, outvar_size=0.241 GB, temp_buffer_size=1.442 GB, available_memory=17.580 GB)
Profiling for submesh 2 (2, 2) takes 83.29 seconds
--------------------------------------------------
- Profiling for submesh 1 (1, 2):
- Generate all stage infos (Jaxpr -> HLO)
- Compile all stages
- Profile all stages
result[(0, 2, 1, 0), 0] = ModuleProfileResult(compute_cost=0.026, peak_memory=1.175 GB, invar_size=0.254 GB, outvar_size=0.141 GB, temp_buffer_size=0.781 GB, available_memory=17.580 GB)
result[(0, 2, 1, 2), 0] = ModuleProfileResult(compute_cost=0.033, peak_memory=1.102 GB, invar_size=0.180 GB, outvar_size=0.141 GB, temp_buffer_size=0.781 GB, available_memory=17.580 GB)
result[(0, 2, 1, 1), 0] = ModuleProfileResult(compute_cost=0.061, peak_memory=1.119 GB, invar_size=0.127 GB, outvar_size=0.211 GB, temp_buffer_size=0.781 GB, available_memory=17.580 GB)
result[(7, 8, 1, 0), 0] = ModuleProfileResult(compute_cost=0.021, peak_memory=0.584 GB, invar_size=0.217 GB, outvar_size=0.047 GB, temp_buffer_size=0.320 GB, available_memory=17.580 GB)
result[(6, 7, 1, 1), 0] = ModuleProfileResult(compute_cost=0.076, peak_memory=0.567 GB, invar_size=0.153 GB, outvar_size=0.070 GB, temp_buffer_size=0.344 GB, available_memory=17.580 GB)
result[(6, 7, 1, 0), 0] = ModuleProfileResult(compute_cost=0.024, peak_memory=0.602 GB, invar_size=0.235 GB, outvar_size=0.047 GB, temp_buffer_size=0.320 GB, available_memory=17.580 GB)
result[(2, 3, 1, 0), 0] = ModuleProfileResult(compute_cost=0.021, peak_memory=0.608 GB, invar_size=0.240 GB, outvar_size=0.047 GB, temp_buffer_size=0.320 GB, available_memory=17.580 GB)
result[(1, 3, 1, 2), 0] = ModuleProfileResult(compute_cost=0.022, peak_memory=0.682 GB, invar_size=0.292 GB, outvar_size=0.070 GB, temp_buffer_size=0.320 GB, available_memory=17.580 GB)
result[(6, 7, 1, 2), 0] = ModuleProfileResult(compute_cost=0.024, peak_memory=0.602 GB, invar_size=0.235 GB, outvar_size=0.047 GB, temp_buffer_size=0.320 GB, available_memory=17.580 GB)
result[(7, 8, 1, 1), 0] = ModuleProfileResult(compute_cost=0.071, peak_memory=0.581 GB, invar_size=0.144 GB, outvar_size=0.094 GB, temp_buffer_size=0.344 GB, available_memory=17.580 GB)
result[(5, 6, 1, 0), 0] = ModuleProfileResult(compute_cost=0.024, peak_memory=0.602 GB, invar_size=0.235 GB, outvar_size=0.047 GB, temp_buffer_size=0.320 GB, available_memory=17.580 GB)
result[(2, 3, 1, 2), 0] = ModuleProfileResult(compute_cost=0.021, peak_memory=0.608 GB, invar_size=0.240 GB, outvar_size=0.047 GB, temp_buffer_size=0.320 GB, available_memory=17.580 GB)
result[(5, 6, 1, 1), 0] = ModuleProfileResult(compute_cost=0.076, peak_memory=0.567 GB, invar_size=0.153 GB, outvar_size=0.070 GB, temp_buffer_size=0.344 GB, available_memory=17.580 GB)
result[(5, 6, 1, 2), 0] = ModuleProfileResult(compute_cost=0.024, peak_memory=0.602 GB, invar_size=0.235 GB, outvar_size=0.047 GB, temp_buffer_size=0.320 GB, available_memory=17.580 GB)
result[(1, 3, 1, 0), 0] = ModuleProfileResult(compute_cost=0.022, peak_memory=0.682 GB, invar_size=0.292 GB, outvar_size=0.070 GB, temp_buffer_size=0.320 GB, available_memory=17.580 GB)
result[(1, 3, 1, 1), 0] = ModuleProfileResult(compute_cost=0.079, peak_memory=0.701 GB, invar_size=0.216 GB, outvar_size=0.141 GB, temp_buffer_size=0.344 GB, available_memory=17.580 GB)
result[(2, 3, 1, 1), 0] = ModuleProfileResult(compute_cost=0.071, peak_memory=0.628 GB, invar_size=0.191 GB, outvar_size=0.094 GB, temp_buffer_size=0.344 GB, available_memory=17.580 GB)
result[(0, 2, 1, 1), 1] = ModuleProfileResult(compute_cost=0.118, peak_memory=1.904 GB, invar_size=0.465 GB, outvar_size=0.127 GB, temp_buffer_size=1.439 GB, available_memory=17.580 GB)
result[(3, 4, 1, 2), 0] = ModuleProfileResult(compute_cost=0.020, peak_memory=0.567 GB, invar_size=0.199 GB, outvar_size=0.047 GB, temp_buffer_size=0.320 GB, available_memory=17.580 GB)
result[(4, 5, 1, 1), 0] = ModuleProfileResult(compute_cost=0.065, peak_memory=0.549 GB, invar_size=0.135 GB, outvar_size=0.070 GB, temp_buffer_size=0.344 GB, available_memory=17.580 GB)
result[(6, 7, 1, 0), 1] = ModuleProfileResult(compute_cost=0.072, peak_memory=2.290 GB, invar_size=0.492 GB, outvar_size=0.235 GB, temp_buffer_size=1.774 GB, available_memory=17.580 GB)
result[(0, 2, 1, 0), 1] = ModuleProfileResult(compute_cost=0.064, peak_memory=1.899 GB, invar_size=0.648 GB, outvar_size=0.253 GB, temp_buffer_size=1.251 GB, available_memory=17.580 GB)
result[(8, 9, 1, 0), 0] = ModuleProfileResult(compute_cost=0.021, peak_memory=0.584 GB, invar_size=0.217 GB, outvar_size=0.047 GB, temp_buffer_size=0.320 GB, available_memory=17.580 GB)
result[(4, 5, 1, 0), 0] = ModuleProfileResult(compute_cost=0.020, peak_memory=0.567 GB, invar_size=0.199 GB, outvar_size=0.047 GB, temp_buffer_size=0.320 GB, available_memory=17.580 GB)
result[(4, 5, 1, 2), 0] = ModuleProfileResult(compute_cost=0.020, peak_memory=0.567 GB, invar_size=0.199 GB, outvar_size=0.047 GB, temp_buffer_size=0.320 GB, available_memory=17.580 GB)
result[(3, 4, 1, 1), 0] = ModuleProfileResult(compute_cost=0.065, peak_memory=0.549 GB, invar_size=0.135 GB, outvar_size=0.070 GB, temp_buffer_size=0.344 GB, available_memory=17.580 GB)
result[(3, 4, 1, 0), 0] = ModuleProfileResult(compute_cost=0.020, peak_memory=0.567 GB, invar_size=0.199 GB, outvar_size=0.047 GB, temp_buffer_size=0.320 GB, available_memory=17.580 GB)
result[(8, 9, 1, 1), 0] = ModuleProfileResult(compute_cost=0.071, peak_memory=0.581 GB, invar_size=0.144 GB, outvar_size=0.094 GB, temp_buffer_size=0.344 GB, available_memory=17.580 GB)
result[(7, 8, 1, 2), 0] = ModuleProfileResult(compute_cost=0.021, peak_memory=0.584 GB, invar_size=0.217 GB, outvar_size=0.047 GB, temp_buffer_size=0.320 GB, available_memory=17.580 GB)
result[(8, 9, 1, 2), 0] = ModuleProfileResult(compute_cost=0.021, peak_memory=0.584 GB, invar_size=0.217 GB, outvar_size=0.047 GB, temp_buffer_size=0.320 GB, available_memory=17.580 GB)
result[(0, 2, 1, 2), 1] = ModuleProfileResult(compute_cost=0.072, peak_memory=1.774 GB, invar_size=0.500 GB, outvar_size=0.180 GB, temp_buffer_size=1.274 GB, available_memory=17.580 GB)
result[(9, 10, 1, 0), 0] = ModuleProfileResult(compute_cost=0.020, peak_memory=0.567 GB, invar_size=0.199 GB, outvar_size=0.047 GB, temp_buffer_size=0.320 GB, available_memory=17.580 GB)
result[(9, 10, 1, 2), 0] = ModuleProfileResult(compute_cost=0.020, peak_memory=0.567 GB, invar_size=0.199 GB, outvar_size=0.047 GB, temp_buffer_size=0.320 GB, available_memory=17.580 GB)
result[(9, 10, 1, 1), 0] = ModuleProfileResult(compute_cost=0.065, peak_memory=0.549 GB, invar_size=0.135 GB, outvar_size=0.070 GB, temp_buffer_size=0.344 GB, available_memory=17.580 GB)
result[(10, 11, 1, 0), 0] = ModuleProfileResult(compute_cost=0.020, peak_memory=0.567 GB, invar_size=0.199 GB, outvar_size=0.047 GB, temp_buffer_size=0.320 GB, available_memory=17.580 GB)
result[(5, 6, 1, 2), 1] = ModuleProfileResult(compute_cost=0.073, peak_memory=2.315 GB, invar_size=0.516 GB, outvar_size=0.235 GB, temp_buffer_size=1.775 GB, available_memory=17.580 GB)
result[(10, 11, 1, 1), 0] = ModuleProfileResult(compute_cost=0.065, peak_memory=0.549 GB, invar_size=0.135 GB, outvar_size=0.070 GB, temp_buffer_size=0.344 GB, available_memory=17.580 GB)
result[(5, 6, 1, 1), 1] = ModuleProfileResult(compute_cost=0.178, peak_memory=2.720 GB, invar_size=0.352 GB, outvar_size=0.152 GB, temp_buffer_size=2.321 GB, available_memory=17.580 GB)
result[(7, 8, 1, 0), 1] = ModuleProfileResult(compute_cost=0.065, peak_memory=2.279 GB, invar_size=0.457 GB, outvar_size=0.217 GB, temp_buffer_size=1.798 GB, available_memory=17.580 GB)
result[(6, 7, 1, 1), 1] = ModuleProfileResult(compute_cost=0.170, peak_memory=2.623 GB, invar_size=0.352 GB, outvar_size=0.152 GB, temp_buffer_size=2.224 GB, available_memory=17.580 GB)
result[(2, 3, 1, 2), 1] = ModuleProfileResult(compute_cost=0.064, peak_memory=2.350 GB, invar_size=0.504 GB, outvar_size=0.240 GB, temp_buffer_size=1.799 GB, available_memory=17.580 GB)
result[(1, 3, 1, 1), 1] = ModuleProfileResult(compute_cost=0.158, peak_memory=2.467 GB, invar_size=0.456 GB, outvar_size=0.216 GB, temp_buffer_size=1.894 GB, available_memory=17.580 GB)
result[(2, 3, 1, 1), 1] = ModuleProfileResult(compute_cost=0.155, peak_memory=2.320 GB, invar_size=0.381 GB, outvar_size=0.191 GB, temp_buffer_size=1.846 GB, available_memory=17.580 GB)
result[(6, 7, 1, 2), 1] = ModuleProfileResult(compute_cost=0.072, peak_memory=2.337 GB, invar_size=0.516 GB, outvar_size=0.235 GB, temp_buffer_size=1.798 GB, available_memory=17.580 GB)
result[(1, 3, 1, 0), 1] = ModuleProfileResult(compute_cost=0.067, peak_memory=2.429 GB, invar_size=0.560 GB, outvar_size=0.292 GB, temp_buffer_size=1.775 GB, available_memory=17.580 GB)
result[(12, 13, 1, 0), 0] = ModuleProfileResult(compute_cost=0.021, peak_memory=0.584 GB, invar_size=0.217 GB, outvar_size=0.047 GB, temp_buffer_size=0.320 GB, available_memory=17.580 GB)
result[(1, 3, 1, 2), 1] = ModuleProfileResult(compute_cost=0.067, peak_memory=2.476 GB, invar_size=0.583 GB, outvar_size=0.292 GB, temp_buffer_size=1.799 GB, available_memory=17.580 GB)
result[(11, 12, 1, 0), 0] = ModuleProfileResult(compute_cost=0.021, peak_memory=0.584 GB, invar_size=0.217 GB, outvar_size=0.047 GB, temp_buffer_size=0.320 GB, available_memory=17.580 GB)
result[(4, 5, 1, 2), 1] = ModuleProfileResult(compute_cost=0.062, peak_memory=2.197 GB, invar_size=0.422 GB, outvar_size=0.199 GB, temp_buffer_size=1.752 GB, available_memory=17.580 GB)
result[(5, 6, 1, 0), 1] = ModuleProfileResult(compute_cost=0.073, peak_memory=2.291 GB, invar_size=0.492 GB, outvar_size=0.235 GB, temp_buffer_size=1.775 GB, available_memory=17.580 GB)
result[(2, 3, 1, 0), 1] = ModuleProfileResult(compute_cost=0.064, peak_memory=2.303 GB, invar_size=0.481 GB, outvar_size=0.240 GB, temp_buffer_size=1.775 GB, available_memory=17.580 GB)
result[(10, 11, 1, 2), 0] = ModuleProfileResult(compute_cost=0.020, peak_memory=0.567 GB, invar_size=0.199 GB, outvar_size=0.047 GB, temp_buffer_size=0.320 GB, available_memory=17.580 GB)
result[(12, 13, 1, 1), 0] = ModuleProfileResult(compute_cost=0.071, peak_memory=0.581 GB, invar_size=0.144 GB, outvar_size=0.094 GB, temp_buffer_size=0.344 GB, available_memory=17.580 GB)
result[(11, 12, 1, 1), 0] = ModuleProfileResult(compute_cost=0.071, peak_memory=0.581 GB, invar_size=0.144 GB, outvar_size=0.094 GB, temp_buffer_size=0.344 GB, available_memory=17.580 GB)
result[(11, 12, 1, 2), 0] = ModuleProfileResult(compute_cost=0.021, peak_memory=0.584 GB, invar_size=0.217 GB, outvar_size=0.047 GB, temp_buffer_size=0.320 GB, available_memory=17.580 GB)
result[(12, 13, 1, 2), 0] = ModuleProfileResult(compute_cost=0.021, peak_memory=0.584 GB, invar_size=0.217 GB, outvar_size=0.047 GB, temp_buffer_size=0.320 GB, available_memory=17.580 GB)
result[(4, 5, 1, 1), 1] = ModuleProfileResult(compute_cost=0.160, peak_memory=2.401 GB, invar_size=0.317 GB, outvar_size=0.135 GB, temp_buffer_size=2.038 GB, available_memory=17.580 GB)
result[(7, 8, 1, 1), 1] = ModuleProfileResult(compute_cost=0.156, peak_memory=2.580 GB, invar_size=0.334 GB, outvar_size=0.144 GB, temp_buffer_size=2.199 GB, available_memory=17.580 GB)
result[(8, 9, 1, 1), 1] = ModuleProfileResult(compute_cost=0.155, peak_memory=2.275 GB, invar_size=0.334 GB, outvar_size=0.144 GB, temp_buffer_size=1.894 GB, available_memory=17.580 GB)
result[(13, 14, 1, 0), 0] = ModuleProfileResult(compute_cost=0.022, peak_memory=0.678 GB, invar_size=0.217 GB, outvar_size=0.141 GB, temp_buffer_size=0.320 GB, available_memory=17.580 GB)
result[(3, 4, 1, 1), 1] = ModuleProfileResult(compute_cost=0.151, peak_memory=2.542 GB, invar_size=0.317 GB, outvar_size=0.135 GB, temp_buffer_size=2.178 GB, available_memory=17.580 GB)
result[(14, 15, 1, 0), 0] = ModuleProfileResult(compute_cost=0.010, peak_memory=0.549 GB, invar_size=0.111 GB, outvar_size=0.117 GB, temp_buffer_size=0.320 GB, available_memory=17.580 GB)
result[(7, 8, 1, 2), 1] = ModuleProfileResult(compute_cost=0.065, peak_memory=2.279 GB, invar_size=0.457 GB, outvar_size=0.217 GB, temp_buffer_size=1.798 GB, available_memory=17.580 GB)
result[(8, 9, 1, 0), 1] = ModuleProfileResult(compute_cost=0.064, peak_memory=2.279 GB, invar_size=0.457 GB, outvar_size=0.217 GB, temp_buffer_size=1.799 GB, available_memory=17.580 GB)
result[(14, 15, 1, 1), 0] = ModuleProfileResult(compute_cost=0.031, peak_memory=0.575 GB, invar_size=0.091 GB, outvar_size=0.141 GB, temp_buffer_size=0.344 GB, available_memory=17.580 GB)
result[(3, 4, 1, 2), 1] = ModuleProfileResult(compute_cost=0.061, peak_memory=2.268 GB, invar_size=0.422 GB, outvar_size=0.199 GB, temp_buffer_size=1.822 GB, available_memory=17.580 GB)
result[(13, 14, 1, 2), 0] = ModuleProfileResult(compute_cost=0.022, peak_memory=0.678 GB, invar_size=0.217 GB, outvar_size=0.141 GB, temp_buffer_size=0.320 GB, available_memory=17.580 GB)
result[(14, 15, 1, 2), 0] = ModuleProfileResult(compute_cost=0.010, peak_memory=0.549 GB, invar_size=0.111 GB, outvar_size=0.117 GB, temp_buffer_size=0.320 GB, available_memory=17.580 GB)
result[(8, 9, 1, 2), 1] = ModuleProfileResult(compute_cost=0.064, peak_memory=2.326 GB, invar_size=0.481 GB, outvar_size=0.217 GB, temp_buffer_size=1.822 GB, available_memory=17.580 GB)
result[(13, 14, 1, 1), 0] = ModuleProfileResult(compute_cost=0.069, peak_memory=0.652 GB, invar_size=0.144 GB, outvar_size=0.164 GB, temp_buffer_size=0.344 GB, available_memory=17.580 GB)
result[(3, 4, 1, 0), 1] = ModuleProfileResult(compute_cost=0.061, peak_memory=2.268 GB, invar_size=0.422 GB, outvar_size=0.199 GB, temp_buffer_size=1.822 GB, available_memory=17.580 GB)
result[(9, 10, 1, 1), 1] = ModuleProfileResult(compute_cost=0.151, peak_memory=2.542 GB, invar_size=0.317 GB, outvar_size=0.135 GB, temp_buffer_size=2.178 GB, available_memory=17.580 GB)
result[(4, 5, 1, 0), 1] = ModuleProfileResult(compute_cost=0.062, peak_memory=2.197 GB, invar_size=0.422 GB, outvar_size=0.199 GB, temp_buffer_size=1.752 GB, available_memory=17.580 GB)
result[(9, 10, 1, 0), 1] = ModuleProfileResult(compute_cost=0.061, peak_memory=2.268 GB, invar_size=0.422 GB, outvar_size=0.199 GB, temp_buffer_size=1.822 GB, available_memory=17.580 GB)
result[(10, 11, 1, 1), 1] = ModuleProfileResult(compute_cost=0.153, peak_memory=2.401 GB, invar_size=0.317 GB, outvar_size=0.135 GB, temp_buffer_size=2.037 GB, available_memory=17.580 GB)
result[(9, 10, 1, 2), 1] = ModuleProfileResult(compute_cost=0.061, peak_memory=2.268 GB, invar_size=0.422 GB, outvar_size=0.199 GB, temp_buffer_size=1.822 GB, available_memory=17.580 GB)
result[(10, 11, 1, 0), 1] = ModuleProfileResult(compute_cost=0.062, peak_memory=2.197 GB, invar_size=0.422 GB, outvar_size=0.199 GB, temp_buffer_size=1.751 GB, available_memory=17.580 GB)
result[(11, 12, 1, 1), 1] = ModuleProfileResult(compute_cost=0.156, peak_memory=2.535 GB, invar_size=0.334 GB, outvar_size=0.144 GB, temp_buffer_size=2.154 GB, available_memory=17.580 GB)
result[(12, 13, 1, 1), 1] = ModuleProfileResult(compute_cost=0.155, peak_memory=2.275 GB, invar_size=0.334 GB, outvar_size=0.144 GB, temp_buffer_size=1.894 GB, available_memory=17.580 GB)
result[(11, 12, 1, 0), 1] = ModuleProfileResult(compute_cost=0.065, peak_memory=2.255 GB, invar_size=0.457 GB, outvar_size=0.217 GB, temp_buffer_size=1.774 GB, available_memory=17.580 GB)
result[(12, 13, 1, 0), 1] = ModuleProfileResult(compute_cost=0.064, peak_memory=2.279 GB, invar_size=0.457 GB, outvar_size=0.217 GB, temp_buffer_size=1.799 GB, available_memory=17.580 GB)
result[(11, 12, 1, 2), 1] = ModuleProfileResult(compute_cost=0.065, peak_memory=2.255 GB, invar_size=0.457 GB, outvar_size=0.217 GB, temp_buffer_size=1.774 GB, available_memory=17.580 GB)
result[(10, 11, 1, 2), 1] = ModuleProfileResult(compute_cost=0.062, peak_memory=2.243 GB, invar_size=0.446 GB, outvar_size=0.199 GB, temp_buffer_size=1.774 GB, available_memory=17.580 GB)
result[(12, 13, 1, 2), 1] = ModuleProfileResult(compute_cost=0.064, peak_memory=2.326 GB, invar_size=0.481 GB, outvar_size=0.217 GB, temp_buffer_size=1.822 GB, available_memory=17.580 GB)
result[(14, 15, 1, 0), 1] = ModuleProfileResult(compute_cost=0.079, peak_memory=2.404 GB, invar_size=0.654 GB, outvar_size=0.280 GB, temp_buffer_size=1.727 GB, available_memory=17.580 GB)
result[(14, 15, 1, 1), 1] = ModuleProfileResult(compute_cost=0.150, peak_memory=2.386 GB, invar_size=0.444 GB, outvar_size=0.175 GB, temp_buffer_size=1.894 GB, available_memory=17.580 GB)
result[(13, 14, 1, 1), 1] = ModuleProfileResult(compute_cost=0.154, peak_memory=2.723 GB, invar_size=0.498 GB, outvar_size=0.144 GB, temp_buffer_size=2.178 GB, available_memory=17.580 GB)
result[(13, 14, 1, 0), 1] = ModuleProfileResult(compute_cost=0.064, peak_memory=2.397 GB, invar_size=0.551 GB, outvar_size=0.217 GB, temp_buffer_size=1.822 GB, available_memory=17.580 GB)
result[(14, 15, 1, 2), 1] = ModuleProfileResult(compute_cost=0.087, peak_memory=2.281 GB, invar_size=0.507 GB, outvar_size=0.207 GB, temp_buffer_size=1.750 GB, available_memory=17.580 GB)
result[(13, 14, 1, 2), 1] = ModuleProfileResult(compute_cost=0.064, peak_memory=2.397 GB, invar_size=0.551 GB, outvar_size=0.217 GB, temp_buffer_size=1.822 GB, available_memory=17.580 GB)
Profiling for submesh 1 (1, 2) takes 27.75 seconds
--------------------------------------------------
- Profiling for submesh 0 (1, 1):
- Generate all stage infos (Jaxpr -> HLO)
- Compile all stages
- Profile all stages
result[(0, 0, 0, 0), 0] = ModuleProfileResult(compute_cost=0.030, peak_memory=1.911 GB, invar_size=0.161 GB, outvar_size=0.188 GB, temp_buffer_size=1.563 GB, available_memory=17.580 GB)
result[(0, 0, 0, 0), 1] = ModuleProfileResult(compute_cost=0.061, peak_memory=2.229 GB, invar_size=0.510 GB, outvar_size=0.161 GB, temp_buffer_size=1.719 GB, available_memory=17.580 GB)
result[(0, 0, 0, 1), 0] = ModuleProfileResult(compute_cost=0.030, peak_memory=1.911 GB, invar_size=0.161 GB, outvar_size=0.188 GB, temp_buffer_size=1.563 GB, available_memory=17.580 GB)
result[(6, 6, 0, 1), 0] = ModuleProfileResult(compute_cost=0.023, peak_memory=0.840 GB, invar_size=0.152 GB, outvar_size=0.047 GB, temp_buffer_size=0.641 GB, available_memory=17.580 GB)
result[(7, 7, 0, 0), 0] = ModuleProfileResult(compute_cost=0.023, peak_memory=0.840 GB, invar_size=0.152 GB, outvar_size=0.047 GB, temp_buffer_size=0.641 GB, available_memory=17.580 GB)
result[(2, 2, 0, 0), 0] = ModuleProfileResult(compute_cost=0.019, peak_memory=1.323 GB, invar_size=0.182 GB, outvar_size=0.047 GB, temp_buffer_size=1.094 GB, available_memory=17.580 GB)
result[(4, 4, 0, 0), 0] = ModuleProfileResult(compute_cost=0.016, peak_memory=0.805 GB, invar_size=0.117 GB, outvar_size=0.047 GB, temp_buffer_size=0.641 GB, available_memory=17.580 GB)
result[(6, 6, 0, 0), 0] = ModuleProfileResult(compute_cost=0.023, peak_memory=0.840 GB, invar_size=0.152 GB, outvar_size=0.047 GB, temp_buffer_size=0.641 GB, available_memory=17.580 GB)
result[(4, 4, 0, 1), 0] = ModuleProfileResult(compute_cost=0.016, peak_memory=0.805 GB, invar_size=0.117 GB, outvar_size=0.047 GB, temp_buffer_size=0.641 GB, available_memory=17.580 GB)
result[(5, 5, 0, 1), 0] = ModuleProfileResult(compute_cost=0.023, peak_memory=0.840 GB, invar_size=0.152 GB, outvar_size=0.047 GB, temp_buffer_size=0.641 GB, available_memory=17.580 GB)
result[(3, 3, 0, 1), 0] = ModuleProfileResult(compute_cost=0.023, peak_memory=0.840 GB, invar_size=0.152 GB, outvar_size=0.047 GB, temp_buffer_size=0.641 GB, available_memory=17.580 GB)
result[(0, 0, 0, 1), 1] = ModuleProfileResult(compute_cost=0.061, peak_memory=2.229 GB, invar_size=0.510 GB, outvar_size=0.161 GB, temp_buffer_size=1.719 GB, available_memory=17.580 GB)
result[(2, 2, 0, 1), 0] = ModuleProfileResult(compute_cost=0.019, peak_memory=1.323 GB, invar_size=0.182 GB, outvar_size=0.047 GB, temp_buffer_size=1.094 GB, available_memory=17.580 GB)
result[(5, 5, 0, 0), 0] = ModuleProfileResult(compute_cost=0.023, peak_memory=0.840 GB, invar_size=0.152 GB, outvar_size=0.047 GB, temp_buffer_size=0.641 GB, available_memory=17.580 GB)
result[(7, 7, 0, 1), 0] = ModuleProfileResult(compute_cost=0.023, peak_memory=0.840 GB, invar_size=0.152 GB, outvar_size=0.047 GB, temp_buffer_size=0.641 GB, available_memory=17.580 GB)
result[(1, 2, 0, 1), 0] = ModuleProfileResult(compute_cost=0.021, peak_memory=1.014 GB, invar_size=0.280 GB, outvar_size=0.094 GB, temp_buffer_size=0.641 GB, available_memory=17.580 GB)
result[(3, 3, 0, 0), 0] = ModuleProfileResult(compute_cost=0.023, peak_memory=0.840 GB, invar_size=0.152 GB, outvar_size=0.047 GB, temp_buffer_size=0.641 GB, available_memory=17.580 GB)
result[(1, 2, 0, 0), 0] = ModuleProfileResult(compute_cost=0.021, peak_memory=1.014 GB, invar_size=0.280 GB, outvar_size=0.094 GB, temp_buffer_size=0.641 GB, available_memory=17.580 GB)
result[(8, 8, 0, 0), 0] = ModuleProfileResult(compute_cost=0.019, peak_memory=1.276 GB, invar_size=0.135 GB, outvar_size=0.047 GB, temp_buffer_size=1.094 GB, available_memory=17.580 GB)
result[(8, 8, 0, 1), 0] = ModuleProfileResult(compute_cost=0.019, peak_memory=1.276 GB, invar_size=0.135 GB, outvar_size=0.047 GB, temp_buffer_size=1.094 GB, available_memory=17.580 GB)
result[(2, 2, 0, 0), 1] = ModuleProfileResult(compute_cost=0.056, peak_memory=2.820 GB, invar_size=0.317 GB, outvar_size=0.182 GB, temp_buffer_size=2.410 GB, available_memory=17.580 GB)
result[(9, 9, 0, 0), 0] = ModuleProfileResult(compute_cost=0.023, peak_memory=0.840 GB, invar_size=0.152 GB, outvar_size=0.047 GB, temp_buffer_size=0.641 GB, available_memory=17.580 GB)
result[(9, 9, 0, 1), 0] = ModuleProfileResult(compute_cost=0.023, peak_memory=0.840 GB, invar_size=0.152 GB, outvar_size=0.047 GB, temp_buffer_size=0.641 GB, available_memory=17.580 GB)
result[(10, 10, 0, 1), 0] = ModuleProfileResult(compute_cost=0.016, peak_memory=0.805 GB, invar_size=0.117 GB, outvar_size=0.047 GB, temp_buffer_size=0.641 GB, available_memory=17.580 GB)
result[(10, 10, 0, 0), 0] = ModuleProfileResult(compute_cost=0.016, peak_memory=0.805 GB, invar_size=0.117 GB, outvar_size=0.047 GB, temp_buffer_size=0.641 GB, available_memory=17.580 GB)
result[(2, 2, 0, 1), 1] = ModuleProfileResult(compute_cost=0.056, peak_memory=2.820 GB, invar_size=0.317 GB, outvar_size=0.182 GB, temp_buffer_size=2.410 GB, available_memory=17.580 GB)
result[(11, 11, 0, 1), 0] = ModuleProfileResult(compute_cost=0.023, peak_memory=0.840 GB, invar_size=0.152 GB, outvar_size=0.047 GB, temp_buffer_size=0.641 GB, available_memory=17.580 GB)
result[(4, 4, 0, 1), 1] = ModuleProfileResult(compute_cost=0.049, peak_memory=3.364 GB, invar_size=0.235 GB, outvar_size=0.117 GB, temp_buffer_size=3.083 GB, available_memory=17.580 GB)
result[(6, 6, 0, 1), 1] = ModuleProfileResult(compute_cost=0.069, peak_memory=3.854 GB, invar_size=0.305 GB, outvar_size=0.152 GB, temp_buffer_size=3.502 GB, available_memory=17.580 GB)
result[(7, 7, 0, 0), 1] = ModuleProfileResult(compute_cost=0.069, peak_memory=3.901 GB, invar_size=0.305 GB, outvar_size=0.152 GB, temp_buffer_size=3.549 GB, available_memory=17.580 GB)
result[(3, 3, 0, 1), 1] = ModuleProfileResult(compute_cost=0.067, peak_memory=3.950 GB, invar_size=0.305 GB, outvar_size=0.152 GB, temp_buffer_size=3.598 GB, available_memory=17.580 GB)
result[(11, 11, 0, 0), 0] = ModuleProfileResult(compute_cost=0.023, peak_memory=0.840 GB, invar_size=0.152 GB, outvar_size=0.047 GB, temp_buffer_size=0.641 GB, available_memory=17.580 GB)
result[(4, 4, 0, 0), 1] = ModuleProfileResult(compute_cost=0.049, peak_memory=3.364 GB, invar_size=0.235 GB, outvar_size=0.117 GB, temp_buffer_size=3.083 GB, available_memory=17.580 GB)
