
[I] Loading Crius kernel-level profiler...
[TMP] Profiling results not found in `None`, creating it...

[I] Loading model and generating sharded HLO module...
[I] Initializing XLA devices takes 0.6188511848449707 s.
[I] Loading flax model....
[I] Model 'wide_resnet' loads sucessfully. Model Info: 

WideResNet(
    # attributes
    stage_sizes = [3, 4, 6, 3]
    block_cls = BottleneckResNetBlock
    num_classes = 1024
    num_filters = 448
    width_factor = 2
    dtype = float32
    act = relu
) 

[I] Initialize training state...
[I] Training state initialization is completed.
[I] Constructing general train step func...
[I] General train step func construction is completed.
[I] Model has been loaded, begin Jaxpr transformation...


Layer 0:
Eqn 2 in layer 0: Primitive: conv_general_dilated | FLOPs (GB): 24.244239807128906 | Memory access (GB): 0.3441784381866455 | Attainable performance: 37400 | Computation load: 0.0006482417060729654
Eqn 27 in layer 0: Primitive: custom_jvp_call | FLOPs (GB): 0.083740234375 | Memory access (GB): 1.33984375 | Attainable performance: 43.5 | Computation load: 0.0019250628591954023
Eqn 29 in layer 0: Primitive: conv_general_dilated | FLOPs (GB): 18.7578125 | Memory access (GB): 0.1682281494140625 | Attainable performance: 37400 | Computation load: 0.0005015457887700534
Eqn 54 in layer 0: Primitive: custom_jvp_call | FLOPs (GB): 0.02093505859375 | Memory access (GB): 0.3349609375 | Attainable performance: 43.5 | Computation load: 0.00048126571479885057
Eqn 55 in layer 0: Primitive: conv_general_dilated | FLOPs (GB): 329.6494140625 | Memory access (GB): 0.264678955078125 | Attainable performance: 37400 | Computation load: 0.008814155456216577
Eqn 80 in layer 0: Primitive: custom_jvp_call | FLOPs (GB): 0.0418701171875 | Memory access (GB): 0.669921875 | Attainable performance: 43.5 | Computation load: 0.0009625314295977011
Eqn 89 in layer 0: Primitive: remat2 | FLOPs (GB): 1093.8148345947266 | Memory access (GB): 3.6618828773498535 | Attainable performance: 37400 | Computation load: 0.029246385951730656
Layer computation load: 0.04257918890638221

Layer 1:
Eqn 1 in layer 1: Primitive: conv_general_dilated | FLOPs (GB): 150.0625 | Memory access (GB): 0.5084228515625 | Attainable performance: 37400 | Computation load: 0.004012366310160428
Eqn 26 in layer 1: Primitive: conv_general_dilated | FLOPs (GB): 75.03125 | Memory access (GB): 0.42169189453125 | Attainable performance: 37400 | Computation load: 0.002006183155080214
Eqn 52 in layer 1: Primitive: custom_jvp_call | FLOPs (GB): 0.083740234375 | Memory access (GB): 1.33984375 | Attainable performance: 43.5 | Computation load: 0.0019250628591954023
Eqn 53 in layer 1: Primitive: conv_general_dilated | FLOPs (GB): 75.03125 | Memory access (GB): 0.42169189453125 | Attainable performance: 37400 | Computation load: 0.002006183155080214
Eqn 78 in layer 1: Primitive: custom_jvp_call | FLOPs (GB): 0.02093505859375 | Memory access (GB): 0.3349609375 | Attainable performance: 43.5 | Computation load: 0.00048126571479885057
Eqn 79 in layer 1: Primitive: conv_general_dilated | FLOPs (GB): 329.6494140625 | Memory access (GB): 0.264678955078125 | Attainable performance: 37400 | Computation load: 0.008814155456216577
Eqn 104 in layer 1: Primitive: custom_jvp_call | FLOPs (GB): 0.0418701171875 | Memory access (GB): 0.669921875 | Attainable performance: 43.5 | Computation load: 0.0009625314295977011
Eqn 105 in layer 1: Primitive: conv_general_dilated | FLOPs (GB): 150.0625 | Memory access (GB): 0.5084228515625 | Attainable performance: 37400 | Computation load: 0.004012366310160428
Eqn 143 in layer 1: Primitive: remat2 | FLOPs (GB): 2339.6572875976562 | Memory access (GB): 8.719451904296875 | Attainable performance: 37400 | Computation load: 0.06255768148656835
Layer computation load: 0.08677779587685816

Layer 2:
Eqn 1 in layer 2: Primitive: custom_jvp_call | FLOPs (GB): 0.083740234375 | Memory access (GB): 1.33984375 | Attainable performance: 43.5 | Computation load: 0.0019250628591954023
Eqn 2 in layer 2: Primitive: conv_general_dilated | FLOPs (GB): 75.03125 | Memory access (GB): 0.42169189453125 | Attainable performance: 37400 | Computation load: 0.002006183155080214
Eqn 27 in layer 2: Primitive: custom_jvp_call | FLOPs (GB): 0.02093505859375 | Memory access (GB): 0.3349609375 | Attainable performance: 43.5 | Computation load: 0.00048126571479885057
Eqn 28 in layer 2: Primitive: conv_general_dilated | FLOPs (GB): 329.6494140625 | Memory access (GB): 0.264678955078125 | Attainable performance: 37400 | Computation load: 0.008814155456216577
Eqn 53 in layer 2: Primitive: custom_jvp_call | FLOPs (GB): 0.0418701171875 | Memory access (GB): 0.669921875 | Attainable performance: 43.5 | Computation load: 0.0009625314295977011
Eqn 54 in layer 2: Primitive: conv_general_dilated | FLOPs (GB): 150.0625 | Memory access (GB): 0.5084228515625 | Attainable performance: 37400 | Computation load: 0.004012366310160428
Eqn 80 in layer 2: Primitive: custom_jvp_call | FLOPs (GB): 0.083740234375 | Memory access (GB): 1.33984375 | Attainable performance: 43.5 | Computation load: 0.0019250628591954023
Eqn 89 in layer 2: Primitive: remat2 | FLOPs (GB): 1664.3760375976562 | Memory access (GB): 5.929107666015625 | Attainable performance: 37400 | Computation load: 0.044502033090846424
Layer computation load: 0.064628660875091

Layer 3:
Eqn 1 in layer 3: Primitive: conv_general_dilated | FLOPs (GB): 150.0625 | Memory access (GB): 0.5084228515625 | Attainable performance: 37400 | Computation load: 0.004012366310160428
Eqn 26 in layer 3: Primitive: custom_jvp_call | FLOPs (GB): 0.0418701171875 | Memory access (GB): 0.669921875 | Attainable performance: 43.5 | Computation load: 0.0009625314295977011
Eqn 27 in layer 3: Primitive: conv_general_dilated | FLOPs (GB): 329.6494140625 | Memory access (GB): 0.3050537109375 | Attainable performance: 37400 | Computation load: 0.008814155456216577
Eqn 52 in layer 3: Primitive: custom_jvp_call | FLOPs (GB): 0.02093505859375 | Memory access (GB): 0.3349609375 | Attainable performance: 43.5 | Computation load: 0.00048126571479885057
Eqn 53 in layer 3: Primitive: conv_general_dilated | FLOPs (GB): 150.0625 | Memory access (GB): 0.275146484375 | Attainable performance: 37400 | Computation load: 0.004012366310160428
Eqn 78 in layer 3: Primitive: conv_general_dilated | FLOPs (GB): 150.0625 | Memory access (GB): 0.5263671875 | Attainable performance: 37400 | Computation load: 0.004012366310160428
Eqn 114 in layer 3: Primitive: remat2 | FLOPs (GB): 2339.5735473632812 | Memory access (GB): 5.849853515625 | Attainable performance: 37400 | Computation load: 0.06255544244286848
Layer computation load: 0.0848504939739629

Layer 4:
Eqn 1 in layer 4: Primitive: custom_jvp_call | FLOPs (GB): 0.0418701171875 | Memory access (GB): 0.669921875 | Attainable performance: 43.5 | Computation load: 0.0009625314295977011
Eqn 2 in layer 4: Primitive: conv_general_dilated | FLOPs (GB): 75.03125 | Memory access (GB): 0.2213134765625 | Attainable performance: 37400 | Computation load: 0.002006183155080214
Eqn 27 in layer 4: Primitive: custom_jvp_call | FLOPs (GB): 0.010467529296875 | Memory access (GB): 0.16748046875 | Attainable performance: 43.5 | Computation load: 0.00024063285739942528
Eqn 28 in layer 4: Primitive: conv_general_dilated | FLOPs (GB): 321.75390625 | Memory access (GB): 0.179443359375 | Attainable performance: 37400 | Computation load: 0.008603045621657753
Eqn 53 in layer 4: Primitive: custom_jvp_call | FLOPs (GB): 0.02093505859375 | Memory access (GB): 0.3349609375 | Attainable performance: 43.5 | Computation load: 0.00048126571479885057
Eqn 54 in layer 4: Primitive: conv_general_dilated | FLOPs (GB): 150.0625 | Memory access (GB): 0.275146484375 | Attainable performance: 37400 | Computation load: 0.004012366310160428
Eqn 88 in layer 4: Primitive: remat2 | FLOPs (GB): 1640.6162414550781 | Memory access (GB): 3.2000732421875 | Attainable performance: 37400 | Computation load: 0.04386674442393257
Layer computation load: 0.06017276951262694

Layer 5:
Eqn 1 in layer 5: Primitive: custom_jvp_call | FLOPs (GB): 0.0418701171875 | Memory access (GB): 0.669921875 | Attainable performance: 43.5 | Computation load: 0.0009625314295977011
Eqn 2 in layer 5: Primitive: conv_general_dilated | FLOPs (GB): 75.03125 | Memory access (GB): 0.2213134765625 | Attainable performance: 37400 | Computation load: 0.002006183155080214
Eqn 27 in layer 5: Primitive: custom_jvp_call | FLOPs (GB): 0.010467529296875 | Memory access (GB): 0.16748046875 | Attainable performance: 43.5 | Computation load: 0.00024063285739942528
Eqn 28 in layer 5: Primitive: conv_general_dilated | FLOPs (GB): 321.75390625 | Memory access (GB): 0.179443359375 | Attainable performance: 37400 | Computation load: 0.008603045621657753
Eqn 53 in layer 5: Primitive: custom_jvp_call | FLOPs (GB): 0.02093505859375 | Memory access (GB): 0.3349609375 | Attainable performance: 43.5 | Computation load: 0.00048126571479885057
Eqn 54 in layer 5: Primitive: conv_general_dilated | FLOPs (GB): 150.0625 | Memory access (GB): 0.275146484375 | Attainable performance: 37400 | Computation load: 0.004012366310160428
Eqn 80 in layer 5: Primitive: custom_jvp_call | FLOPs (GB): 0.0418701171875 | Memory access (GB): 0.669921875 | Attainable performance: 43.5 | Computation load: 0.0009625314295977011
Eqn 89 in layer 5: Primitive: remat2 | FLOPs (GB): 1640.6162414550781 | Memory access (GB): 3.2000732421875 | Attainable performance: 37400 | Computation load: 0.04386674442393257
Layer computation load: 0.06113530094222464

Layer 6:
Eqn 1 in layer 6: Primitive: conv_general_dilated | FLOPs (GB): 75.03125 | Memory access (GB): 0.2213134765625 | Attainable performance: 37400 | Computation load: 0.002006183155080214
Eqn 26 in layer 6: Primitive: custom_jvp_call | FLOPs (GB): 0.010467529296875 | Memory access (GB): 0.16748046875 | Attainable performance: 43.5 | Computation load: 0.00024063285739942528
Eqn 27 in layer 6: Primitive: conv_general_dilated | FLOPs (GB): 321.75390625 | Memory access (GB): 0.179443359375 | Attainable performance: 37400 | Computation load: 0.008603045621657753
Eqn 52 in layer 6: Primitive: custom_jvp_call | FLOPs (GB): 0.02093505859375 | Memory access (GB): 0.3349609375 | Attainable performance: 43.5 | Computation load: 0.00048126571479885057
Eqn 53 in layer 6: Primitive: conv_general_dilated | FLOPs (GB): 150.0625 | Memory access (GB): 0.275146484375 | Attainable performance: 37400 | Computation load: 0.004012366310160428
Eqn 79 in layer 6: Primitive: custom_jvp_call | FLOPs (GB): 0.0418701171875 | Memory access (GB): 0.669921875 | Attainable performance: 43.5 | Computation load: 0.0009625314295977011
Eqn 88 in layer 6: Primitive: remat2 | FLOPs (GB): 1640.5743713378906 | Memory access (GB): 2.5301513671875 | Attainable performance: 37400 | Computation load: 0.04386562490208264
Layer computation load: 0.06017164999077701

Layer 7:
Eqn 1 in layer 7: Primitive: conv_general_dilated | FLOPs (GB): 150.0625 | Memory access (GB): 0.275146484375 | Attainable performance: 37400 | Computation load: 0.004012366310160428
Eqn 26 in layer 7: Primitive: custom_jvp_call | FLOPs (GB): 0.02093505859375 | Memory access (GB): 0.3349609375 | Attainable performance: 43.5 | Computation load: 0.00048126571479885057
Eqn 27 in layer 7: Primitive: conv_general_dilated | FLOPs (GB): 321.75390625 | Memory access (GB): 0.3409423828125 | Attainable performance: 37400 | Computation load: 0.008603045621657753
Eqn 52 in layer 7: Primitive: custom_jvp_call | FLOPs (GB): 0.010467529296875 | Memory access (GB): 0.16748046875 | Attainable performance: 43.5 | Computation load: 0.00024063285739942528
Eqn 53 in layer 7: Primitive: conv_general_dilated | FLOPs (GB): 150.0625 | Memory access (GB): 0.2213134765625 | Attainable performance: 37400 | Computation load: 0.004012366310160428
Eqn 78 in layer 7: Primitive: conv_general_dilated | FLOPs (GB): 150.0625 | Memory access (GB): 0.346923828125 | Attainable performance: 37400 | Computation load: 0.004012366310160428
Eqn 114 in layer 7: Primitive: remat2 | FLOPs (GB): 2315.8556213378906 | Memory access (GB): 4.055419921875 | Attainable performance: 37400 | Computation load: 0.061921273297804565
Layer computation load: 0.08328331642214187

Layer 8:
Eqn 1 in layer 8: Primitive: custom_jvp_call | FLOPs (GB): 0.02093505859375 | Memory access (GB): 0.3349609375 | Attainable performance: 43.5 | Computation load: 0.00048126571479885057
Eqn 2 in layer 8: Primitive: conv_general_dilated | FLOPs (GB): 75.03125 | Memory access (GB): 0.15252685546875 | Attainable performance: 37400 | Computation load: 0.002006183155080214
Eqn 27 in layer 8: Primitive: custom_jvp_call | FLOPs (GB): 0.0052337646484375 | Memory access (GB): 0.0837402418255806 | Attainable performance: 0 | Computation load: 0.00012031643940456982
Eqn 28 in layer 8: Primitive: conv_general_dilated | FLOPs (GB): 306.25 | Memory access (GB): 0.27813720703125 | Attainable performance: 37400 | Computation load: 0.008188502673796791
Eqn 53 in layer 8: Primitive: custom_jvp_call | FLOPs (GB): 0.010467529296875 | Memory access (GB): 0.16748046875 | Attainable performance: 43.5 | Computation load: 0.00024063285739942528
Eqn 54 in layer 8: Primitive: conv_general_dilated | FLOPs (GB): 150.0625 | Memory access (GB): 0.2213134765625 | Attainable performance: 37400 | Computation load: 0.004012366310160428
Eqn 88 in layer 8: Primitive: remat2 | FLOPs (GB): 1594.067886352539 | Memory access (GB): 2.5421142652630806 | Attainable performance: 37400 | Computation load: 0.04262213599873099
Layer computation load: 0.05767140314937127

Layer 9:
Eqn 1 in layer 9: Primitive: custom_jvp_call | FLOPs (GB): 0.02093505859375 | Memory access (GB): 0.3349609375 | Attainable performance: 43.5 | Computation load: 0.00048126571479885057
Eqn 2 in layer 9: Primitive: conv_general_dilated | FLOPs (GB): 75.03125 | Memory access (GB): 0.15252685546875 | Attainable performance: 37400 | Computation load: 0.002006183155080214
Eqn 27 in layer 9: Primitive: custom_jvp_call | FLOPs (GB): 0.0052337646484375 | Memory access (GB): 0.0837402418255806 | Attainable performance: 0 | Computation load: 0.00012031643940456982
Eqn 28 in layer 9: Primitive: conv_general_dilated | FLOPs (GB): 306.25 | Memory access (GB): 0.27813720703125 | Attainable performance: 37400 | Computation load: 0.008188502673796791
Eqn 53 in layer 9: Primitive: custom_jvp_call | FLOPs (GB): 0.010467529296875 | Memory access (GB): 0.16748046875 | Attainable performance: 43.5 | Computation load: 0.00024063285739942528
Eqn 54 in layer 9: Primitive: conv_general_dilated | FLOPs (GB): 150.0625 | Memory access (GB): 0.2213134765625 | Attainable performance: 37400 | Computation load: 0.004012366310160428
Eqn 80 in layer 9: Primitive: custom_jvp_call | FLOPs (GB): 0.02093505859375 | Memory access (GB): 0.3349609375 | Attainable performance: 43.5 | Computation load: 0.00048126571479885057
Eqn 89 in layer 9: Primitive: remat2 | FLOPs (GB): 1594.067886352539 | Memory access (GB): 2.5421142652630806 | Attainable performance: 37400 | Computation load: 0.04262213599873099
Layer computation load: 0.058152668864170115

Layer 10:
Eqn 1 in layer 10: Primitive: conv_general_dilated | FLOPs (GB): 75.03125 | Memory access (GB): 0.15252685546875 | Attainable performance: 37400 | Computation load: 0.002006183155080214
Eqn 26 in layer 10: Primitive: custom_jvp_call | FLOPs (GB): 0.0052337646484375 | Memory access (GB): 0.0837402418255806 | Attainable performance: 0 | Computation load: 0.00012031643940456982
Eqn 27 in layer 10: Primitive: conv_general_dilated | FLOPs (GB): 306.25 | Memory access (GB): 0.27813720703125 | Attainable performance: 37400 | Computation load: 0.008188502673796791
Eqn 52 in layer 10: Primitive: custom_jvp_call | FLOPs (GB): 0.010467529296875 | Memory access (GB): 0.16748046875 | Attainable performance: 43.5 | Computation load: 0.00024063285739942528
Eqn 53 in layer 10: Primitive: conv_general_dilated | FLOPs (GB): 150.0625 | Memory access (GB): 0.2213134765625 | Attainable performance: 37400 | Computation load: 0.004012366310160428
Eqn 79 in layer 10: Primitive: custom_jvp_call | FLOPs (GB): 0.02093505859375 | Memory access (GB): 0.3349609375 | Attainable performance: 43.5 | Computation load: 0.00048126571479885057
Eqn 88 in layer 10: Primitive: remat2 | FLOPs (GB): 1594.0469512939453 | Memory access (GB): 2.2071533277630806 | Attainable performance: 37400 | Computation load: 0.042621576237806026
Layer computation load: 0.0576708433884463

Layer 11:
Eqn 1 in layer 11: Primitive: conv_general_dilated | FLOPs (GB): 75.03125 | Memory access (GB): 0.15252685546875 | Attainable performance: 37400 | Computation load: 0.002006183155080214
Eqn 26 in layer 11: Primitive: custom_jvp_call | FLOPs (GB): 0.0052337646484375 | Memory access (GB): 0.0837402418255806 | Attainable performance: 0 | Computation load: 0.00012031643940456982
Eqn 27 in layer 11: Primitive: conv_general_dilated | FLOPs (GB): 306.25 | Memory access (GB): 0.27813720703125 | Attainable performance: 37400 | Computation load: 0.008188502673796791
Eqn 52 in layer 11: Primitive: custom_jvp_call | FLOPs (GB): 0.010467529296875 | Memory access (GB): 0.16748046875 | Attainable performance: 43.5 | Computation load: 0.00024063285739942528
Eqn 53 in layer 11: Primitive: conv_general_dilated | FLOPs (GB): 150.0625 | Memory access (GB): 0.2213134765625 | Attainable performance: 37400 | Computation load: 0.004012366310160428
Eqn 79 in layer 11: Primitive: custom_jvp_call | FLOPs (GB): 0.02093505859375 | Memory access (GB): 0.3349609375 | Attainable performance: 43.5 | Computation load: 0.00048126571479885057
Eqn 88 in layer 11: Primitive: remat2 | FLOPs (GB): 1594.0469512939453 | Memory access (GB): 2.2071533277630806 | Attainable performance: 37400 | Computation load: 0.042621576237806026
Layer computation load: 0.0576708433884463

Layer 12:
Eqn 1 in layer 12: Primitive: conv_general_dilated | FLOPs (GB): 75.03125 | Memory access (GB): 0.15252685546875 | Attainable performance: 37400 | Computation load: 0.002006183155080214
Eqn 26 in layer 12: Primitive: custom_jvp_call | FLOPs (GB): 0.0052337646484375 | Memory access (GB): 0.0837402418255806 | Attainable performance: 0 | Computation load: 0.00012031643940456982
Eqn 27 in layer 12: Primitive: conv_general_dilated | FLOPs (GB): 306.25 | Memory access (GB): 0.27813720703125 | Attainable performance: 37400 | Computation load: 0.008188502673796791
Eqn 52 in layer 12: Primitive: custom_jvp_call | FLOPs (GB): 0.010467529296875 | Memory access (GB): 0.16748046875 | Attainable performance: 43.5 | Computation load: 0.00024063285739942528
Eqn 53 in layer 12: Primitive: conv_general_dilated | FLOPs (GB): 150.0625 | Memory access (GB): 0.2213134765625 | Attainable performance: 37400 | Computation load: 0.004012366310160428
Eqn 79 in layer 12: Primitive: custom_jvp_call | FLOPs (GB): 0.02093505859375 | Memory access (GB): 0.3349609375 | Attainable performance: 43.5 | Computation load: 0.00048126571479885057
Eqn 88 in layer 12: Primitive: remat2 | FLOPs (GB): 1594.0469512939453 | Memory access (GB): 2.2071533277630806 | Attainable performance: 37400 | Computation load: 0.042621576237806026
Layer computation load: 0.0576708433884463

Layer 13:
Eqn 1 in layer 13: Primitive: conv_general_dilated | FLOPs (GB): 150.0625 | Memory access (GB): 0.2213134765625 | Attainable performance: 37400 | Computation load: 0.004012366310160428
Eqn 26 in layer 13: Primitive: custom_jvp_call | FLOPs (GB): 0.010467529296875 | Memory access (GB): 0.16748046875 | Attainable performance: 43.5 | Computation load: 0.00024063285739942528
Eqn 27 in layer 13: Primitive: conv_general_dilated | FLOPs (GB): 306.25 | Memory access (GB): 0.92413330078125 | Attainable performance: 37400 | Computation load: 0.008188502673796791
Eqn 52 in layer 13: Primitive: custom_jvp_call | FLOPs (GB): 0.0052337646484375 | Memory access (GB): 0.0837402418255806 | Attainable performance: 0 | Computation load: 0.00012031643940456982
Eqn 53 in layer 13: Primitive: conv_general_dilated | FLOPs (GB): 150.0625 | Memory access (GB): 0.44561767578125 | Attainable performance: 37400 | Computation load: 0.004012366310160428
Eqn 78 in layer 13: Primitive: conv_general_dilated | FLOPs (GB): 150.0625 | Memory access (GB): 0.5084228515625 | Attainable performance: 37400 | Computation load: 0.004012366310160428
Eqn 114 in layer 13: Primitive: remat2 | FLOPs (GB): 2269.3282012939453 | Memory access (GB): 6.549682624638081 | Attainable performance: 37400 | Computation load: 0.06067722463352795
Layer computation load: 0.08126377553461002

Layer 14:
Eqn 1 in layer 14: Primitive: custom_jvp_call | FLOPs (GB): 0.010467529296875 | Memory access (GB): 0.16748046875 | Attainable performance: 43.5 | Computation load: 0.00024063285739942528
Eqn 2 in layer 14: Primitive: conv_general_dilated | FLOPs (GB): 75.03125 | Memory access (GB): 0.243743896484375 | Attainable performance: 37400 | Computation load: 0.002006183155080214
Eqn 27 in layer 14: Primitive: custom_jvp_call | FLOPs (GB): 0.00261688232421875 | Memory access (GB): 0.041870128363370895 | Attainable performance: 0 | Computation load: 6.015823040714209e-05
Eqn 28 in layer 14: Primitive: conv_general_dilated | FLOPs (GB): 276.390625 | Memory access (GB): 0.892730712890625 | Attainable performance: 37400 | Computation load: 0.007390123663101604
Eqn 53 in layer 14: Primitive: custom_jvp_call | FLOPs (GB): 0.0052337646484375 | Memory access (GB): 0.0837402418255806 | Attainable performance: 0 | Computation load: 0.00012031643940456982
Eqn 54 in layer 14: Primitive: conv_general_dilated | FLOPs (GB): 150.0625 | Memory access (GB): 0.44561767578125 | Attainable performance: 37400 | Computation load: 0.004012366310160428
Eqn 80 in layer 14: Primitive: custom_jvp_call | FLOPs (GB): 0.010467529296875 | Memory access (GB): 0.16748046875 | Attainable performance: 43.5 | Computation load: 0.00024063285739942528
Eqn 89 in layer 14: Primitive: remat2 | FLOPs (GB): 1504.4714431762695 | Memory access (GB): 5.0393676944077015 | Attainable performance: 37400 | Computation load: 0.04022650917583608
Layer computation load: 0.05429692268878889

Layer 15:
Eqn 1 in layer 15: Primitive: conv_general_dilated | FLOPs (GB): 75.03125 | Memory access (GB): 0.243743896484375 | Attainable performance: 37400 | Computation load: 0.002006183155080214
Eqn 26 in layer 15: Primitive: custom_jvp_call | FLOPs (GB): 0.00261688232421875 | Memory access (GB): 0.041870128363370895 | Attainable performance: 0 | Computation load: 6.015823040714209e-05
Eqn 27 in layer 15: Primitive: conv_general_dilated | FLOPs (GB): 276.390625 | Memory access (GB): 0.892730712890625 | Attainable performance: 37400 | Computation load: 0.007390123663101604
Eqn 52 in layer 15: Primitive: custom_jvp_call | FLOPs (GB): 0.0052337646484375 | Memory access (GB): 0.0837402418255806 | Attainable performance: 0 | Computation load: 0.00012031643940456982
Eqn 53 in layer 15: Primitive: conv_general_dilated | FLOPs (GB): 150.0625 | Memory access (GB): 0.44561767578125 | Attainable performance: 37400 | Computation load: 0.004012366310160428
Eqn 79 in layer 15: Primitive: custom_jvp_call | FLOPs (GB): 0.010467529296875 | Memory access (GB): 0.16748046875 | Attainable performance: 43.5 | Computation load: 0.00024063285739942528
Eqn 82 in layer 15: Primitive: dot_general | FLOPs (GB): 0.4375 | Memory access (GB): 0.0556030347943306 | Attainable performance: 5476.319793088838 | Computation load: 7.988941780794626e-05
Eqn 148 in layer 15: Primitive: remat2 | FLOPs (GB): 1505.7839431762695 | Memory access (GB): 5.206176798790693 | Attainable performance: 37400 | Computation load: 0.040261602758723786
Layer computation load: 0.054171272832085116
Layer memory access: [2.7641637325286865, 8.4996337890625, 4.7791748046875, 6.4599609375, 2.70361328125, 2.70361328125, 2.70361328125, 4.7373046875, 2.60791015625, 2.60791015625, 2.60791015625, 2.60791015625, 2.60791015625, 8.39794921875, 6.328369140625, 6.550781279802322]

Layer GPU fractions:
[0.072, 0.219, 0.217, 0.356, 0.303, 0.36, 0.404, 0.63, 0.485, 0.537, 0.581, 0.63, 0.678, 1.024, 0.73, 0.774]

Layer GPU fractions:
[0.072, 0.219, 0.217, 0.356, 0.303, 0.36, 0.404, 0.63, 0.485, 0.537, 0.581, 0.63, 0.678, 1.024, 0.73, 0.774]

[[[0, 1, 2, 3, 4, 5], [6, 7, 8], [9, 10, 11], [12, 13, 14, 15]], [[0, 1, 2, 3, 4, 5], [6, 7, 8], [9, 10, 11, 12], [13, 14, 15]], [[0, 1, 2, 3, 4, 5], [6, 7, 8, 9], [10, 11, 12], [13, 14, 15]], [[0, 1, 2, 3, 4, 5, 6], [7, 8, 9], [10, 11, 12], [13, 14, 15]], [[0, 1, 2, 3, 4, 5], [6, 7, 8], [9, 10, 11, 12, 13], [14, 15]], [[0, 1, 2, 3, 4, 5], [6, 7, 8, 9], [10, 11, 12, 13], [14, 15]], [[0, 1, 2, 3, 4, 5, 6], [7, 8, 9], [10, 11, 12, 13], [14, 15]], [[0, 1, 2, 3, 4, 5], [6, 7, 8, 9, 10], [11, 12, 13], [14, 15]], [[0, 1, 2, 3, 4, 5, 6], [7, 8, 9, 10], [11, 12, 13], [14, 15]], [[0, 1, 2, 3, 4, 5, 6, 7], [8, 9, 10], [11, 12, 13], [14, 15]], [[0, 1, 2, 3, 4, 5], [6, 7, 8, 9, 10, 11], [12, 13], [14, 15]], [[0, 1, 2, 3, 4, 5, 6], [7, 8, 9, 10, 11], [12, 13], [14, 15]], [[0, 1, 2, 3, 4, 5, 6, 7], [8, 9, 10, 11], [12, 13], [14, 15]], [[0, 1, 2, 3, 4, 5, 6, 7, 8], [9, 10, 11], [12, 13], [14, 15]]]

[[[0, 1, 2, 3, 4, 5, 6], [7, 8, 9, 10], [11, 12, 13], [14, 15]], [[0, 1, 2, 3, 4, 5, 6], [7, 8, 9], [10, 11, 12], [13, 14, 15]], [[0, 1, 2, 3, 4, 5], [6, 7, 8, 9], [10, 11, 12], [13, 14, 15]], [[0, 1, 2, 3, 4, 5, 6, 7], [8, 9, 10, 11], [12, 13], [14, 15]], [[0, 1, 2, 3, 4, 5, 6, 7], [8, 9, 10], [11, 12, 13], [14, 15]], [[0, 1, 2, 3, 4, 5], [6, 7, 8], [9, 10, 11, 12], [13, 14, 15]], [[0, 1, 2, 3, 4, 5], [6, 7, 8, 9, 10], [11, 12, 13], [14, 15]], [[0, 1, 2, 3, 4, 5], [6, 7, 8], [9, 10, 11, 12, 13], [14, 15]], [[0, 1, 2, 3, 4, 5, 6], [7, 8, 9, 10, 11], [12, 13], [14, 15]], [[0, 1, 2, 3, 4, 5], [6, 7, 8, 9, 10, 11], [12, 13], [14, 15]], [[0, 1, 2, 3, 4, 5, 6], [7, 8, 9], [10, 11, 12, 13], [14, 15]], [[0, 1, 2, 3, 4, 5], [6, 7, 8], [9, 10, 11], [12, 13, 14, 15]], [[0, 1, 2, 3, 4, 5], [6, 7, 8, 9], [10, 11, 12, 13], [14, 15]], [[0, 1, 2, 3, 4, 5, 6, 7, 8], [9, 10, 11], [12, 13], [14, 15]]]

[[0, 1, 2, 3, 4, 5], [6, 7, 8, 9, 10, 11], [12, 13], [14, 15]]
543165235.2
1.0760288100232263
([1, 4, 2, 1], 1.0760288100232263)

{'0_6__7_10__11_13__14_15': {0: {'1_2': (1.931, 2, 1.1493079012055338, 2090532864.0, 0, 0), '2_1': (1.931, 2, 1.1493079012055338, 0, 175456848.0, 0)}, 1: {'1_2': (2.233, 2, 1.3289966787301082, 393379840.0, 0, 0), '2_1': (2.233, 2, 1.3289966787301082, 0, 176318464.0, 0)}, 2: {'1_2': (2.332, 2, 1.3880347022536004, 236027904.0, 0, 0), '2_1': (2.332, 2, 1.3880347022536004, 0, 260413440.0, 0)}, 3: {'1_2': (1.504, 2, 0.8948312005830347, 78708736.0, 0, 0), '2_1': (1.504, 2, 0.8948312005830347, 0, 299464704.0, 0)}}, '0_6__7_9__10_12__13_15': {0: {'1_2': (1.931, 2, 1.1493079012055338, 2090532864.0, 0, 0), '2_1': (1.931, 2, 1.1493079012055338, 0, 175456848.0, 0)}, 1: {'1_2': (1.6520000000000001, 2, 0.9829716183994305, 314703872.0, 0, 0), '2_1': (1.6520000000000001, 2, 0.9829716183994305, 0, 135274496.0, 0)}, 2: {'1_2': (1.8889999999999998, 2, 1.124581446074703, 236027904.0, 0, 0), '2_1': (1.8889999999999998, 2, 1.124581446074703, 0, 123131904.0, 0)}, 3: {'1_2': (2.528, 2, 1.5043095170926097, 157384704.0, 0, 0), '2_1': (2.528, 2, 1.5043095170926097, 0, 477790208.0, 0)}}, '0_5__6_9__10_12__13_15': {0: {'1_2': (1.5270000000000001, 2, 0.9086213012424258, 1933180928.0, 0, 0), '2_1': (1.5270000000000001, 2, 0.9086213012424258, 0, 156590672.0, 0)}, 1: {'1_2': (2.056, 2, 1.2236582183625386, 472055808.0, 0, 0), '2_1': (2.056, 2, 1.2236582183625386, 0, 154140672.0, 0)}, 2: {'1_2': (1.8889999999999998, 2, 1.124581446074703, 236027904.0, 0, 0), '2_1': (1.8889999999999998, 2, 1.124581446074703, 0, 123131904.0, 0)}, 3: {'1_2': (2.528, 2, 1.5043095170926097, 157384704.0, 0, 0), '2_1': (2.528, 2, 1.5043095170926097, 0, 477790208.0, 0)}}, '0_7__8_11__12_13__14_15': {0: {'1_2': (2.561, 2, 1.5240828251051721, 2247884800.0, 0, 0), '2_1': (2.561, 2, 1.5240828251051721, 0, 228643408.0, 0)}, 1: {'1_2': (2.233, 2, 1.329082236855371, 314703872.0, 0, 0), '2_1': (2.233, 2, 1.329082236855371, 0, 164175872.0, 0)}, 2: {'1_2': (1.702, 2, 1.0131742202286993, 157351936.0, 0, 0), '2_1': (1.702, 2, 1.0131742202286993, 0, 219369472.0, 0)}, 3: {'1_2': (1.504, 2, 0.8948312005830347, 78708736.0, 0, 0), '2_1': (1.504, 2, 0.8948312005830347, 0, 299464704.0, 0)}}, '0_7__8_10__11_13__14_15': {0: {'1_2': (2.561, 2, 1.5240828251051721, 2247884800.0, 0, 0), '2_1': (2.561, 2, 1.5240828251051721, 0, 228643408.0, 0)}, 1: {'1_2': (1.603, 2, 0.9542217548304699, 236027904.0, 0, 0), '2_1': (1.603, 2, 0.9542217548304699, 0, 123131904.0, 0)}, 2: {'1_2': (2.332, 2, 1.3880347022536004, 236027904.0, 0, 0), '2_1': (2.332, 2, 1.3880347022536004, 0, 260413440.0, 0)}, 3: {'1_2': (1.504, 2, 0.8948312005830347, 78708736.0, 0, 0), '2_1': (1.504, 2, 0.8948312005830347, 0, 299464704.0, 0)}}, '0_5__6_8__9_12__13_15': {0: {'1_2': (1.5270000000000001, 2, 0.9086213012424258, 1933180928.0, 0, 0), '2_1': (1.5270000000000001, 2, 0.9086213012424258, 0, 156590672.0, 0)}, 1: {'1_2': (1.5190000000000001, 2, 0.9038185396096028, 393379840.0, 0, 0), '2_1': (1.5190000000000001, 2, 0.9038185396096028, 0, 113096704.0, 0)}, 2: {'1_2': (2.4259999999999997, 2, 1.4444211248276386, 314703872.0, 0, 0), '2_1': (2.4259999999999997, 2, 1.4444211248276386, 0, 164175872.0, 0)}, 3: {'1_2': (2.528, 2, 1.5043095170926097, 157384704.0, 0, 0), '2_1': (2.528, 2, 1.5043095170926097, 0, 477790208.0, 0)}}, '0_5__6_10__11_13__14_15': {0: {'1_2': (1.5270000000000001, 2, 0.9086213012424258, 1933180928.0, 0, 0), '2_1': (1.5270000000000001, 2, 0.9086213012424258, 0, 156590672.0, 0)}, 1: {'1_2': (2.637, 2, 1.5696832786932164, 550731776.0, 0, 0), '2_1': (2.637, 2, 1.5696832786932164, 0, 195184640.0, 0)}, 2: {'1_2': (2.332, 2, 1.3880347022536004, 236027904.0, 0, 0), '2_1': (2.332, 2, 1.3880347022536004, 0, 260413440.0, 0)}, 3: {'1_2': (1.504, 2, 0.8948312005830347, 78708736.0, 0, 0), '2_1': (1.504, 2, 0.8948312005830347, 0, 299464704.0, 0)}}, '0_5__6_8__9_13__14_15': {0: {'1_2': (1.5270000000000001, 2, 0.9086213012424258, 1933180928.0, 0, 0), '2_1': (1.5270000000000001, 2, 0.9086213012424258, 0, 156590672.0, 0)}, 1: {'1_1': (1.5190000000000001, 1, 0.9038185396096028, 0, 0, 0)}, 2: {'1_4': (3.4499999999999997, 4, 2.053899441337214, 590069760.0, 0, 0), '2_2': (3.4499999999999997, 4, 2.053899441337214, 393379840.0, 342501376.0, 0), '4_1': (3.4499999999999997, 4, 2.053899441337214, 0, 513752064.0, 0)}, 3: {'1_1': (1.504, 1, 0.8948312005830347, 0, 0, 0)}}, '0_6__7_11__12_13__14_15': {0: {'1_2': (1.931, 2, 1.1493079012055338, 2090532864.0, 0, 0), '2_1': (1.931, 2, 1.1493079012055338, 0, 175456848.0, 0)}, 1: {'1_2': (2.863, 2, 1.703857160755009, 472055808.0, 0, 0), '2_1': (2.863, 2, 1.703857160755009, 0, 217362432.0, 0)}, 2: {'1_2': (1.702, 2, 1.0131742202286993, 157351936.0, 0, 0), '2_1': (1.702, 2, 1.0131742202286993, 0, 219369472.0, 0)}, 3: {'1_2': (1.504, 2, 0.8948312005830347, 78708736.0, 0, 0), '2_1': (1.504, 2, 0.8948312005830347, 0, 299464704.0, 0)}}, '0_5__6_11__12_13__14_15': {0: {'1_1': (1.5270000000000001, 1, 0.9086213012424258, 0, 0, 0)}, 1: {'1_4': (3.267, 4, 1.9445437607181173, 944111616.0, 0, 0), '2_2': (3.267, 4, 1.9445437607181173, 629407744.0, 236228608.0, 0), '4_1': (3.267, 4, 1.9445437607181173, 0, 354342912.0, 0)}, 2: {'1_2': (1.702, 2, 1.0131742202286993, 157351936.0, 0, 0), '2_1': (1.702, 2, 1.0131742202286993, 0, 219369472.0, 0)}, 3: {'1_1': (1.504, 1, 0.8948312005830347, 0, 0, 0)}}, '0_6__7_9__10_13__14_15': {0: {'1_2': (1.931, 2, 1.1493079012055338, 2090532864.0, 0, 0), '2_1': (1.931, 2, 1.1493079012055338, 0, 175456848.0, 0)}, 1: {'1_2': (1.6520000000000001, 2, 0.9829716183994305, 314703872.0, 0, 0), '2_1': (1.6520000000000001, 2, 0.9829716183994305, 0, 135274496.0, 0)}, 2: {'1_2': (2.913, 2, 1.7340597625842782, 314703872.0, 0, 0), '2_1': (2.913, 2, 1.7340597625842782, 0, 301457408.0, 0)}, 3: {'1_2': (1.504, 2, 0.8948312005830347, 78708736.0, 0, 0), '2_1': (1.504, 2, 0.8948312005830347, 0, 299464704.0, 0)}}, '0_5__6_8__9_11__12_15': {0: {'1_1': (1.5270000000000001, 1, 0.9086213012424258, 0, 0, 0)}, 1: {'1_1': (1.5190000000000001, 1, 0.9038185396096028, 0, 0, 0)}, 2: {'1_2': (1.7479999999999998, 2, 1.0407252211085145, 236027904.0, 0, 0), '2_1': (1.7479999999999998, 2, 1.0407252211085145, 0, 123131904.0, 0)}, 3: {'1_4': (3.206, 4, 1.908005420811734, 354091008.0, 0, 0), '2_2': (3.206, 4, 1.908005420811734, 236060672.0, 518834176.0, 0), '4_1': (3.206, 4, 1.908005420811734, 0, 778251264.0, 0)}}, '0_5__6_9__10_13__14_15': {0: {'1_2': (1.5270000000000001, 2, 0.9086213012424258, 1933180928.0, 0, 0), '2_1': (1.5270000000000001, 2, 0.9086213012424258, 0, 156590672.0, 0)}, 1: {'1_2': (2.056, 2, 1.2236582183625386, 472055808.0, 0, 0), '2_1': (2.056, 2, 1.2236582183625386, 0, 154140672.0, 0)}, 2: {'1_2': (2.913, 2, 1.7340597625842782, 314703872.0, 0, 0), '2_1': (2.913, 2, 1.7340597625842782, 0, 301457408.0, 0)}, 3: {'1_2': (1.504, 2, 0.8948312005830347, 78708736.0, 0, 0), '2_1': (1.504, 2, 0.8948312005830347, 0, 299464704.0, 0)}}, '0_8__9_11__12_13__14_15': {0: {'1_2': (3.046, 2, 1.8124398408520284, 2326560768.0, 0, 0), '2_1': (3.046, 2, 1.8124398408520284, 0, 269687376.0, 0)}, 1: {'1_2': (1.7479999999999998, 2, 1.0407252211085145, 236027904.0, 0, 0), '2_1': (1.7479999999999998, 2, 1.0407252211085145, 0, 123131904.0, 0)}, 2: {'1_2': (1.702, 2, 1.0131742202286993, 157351936.0, 0, 0), '2_1': (1.702, 2, 1.0131742202286993, 0, 219369472.0, 0)}, 3: {'1_2': (1.504, 2, 0.8948312005830347, 78708736.0, 0, 0), '2_1': (1.504, 2, 0.8948312005830347, 0, 299464704.0, 0)}}}
[I] Pipeline partition mode: auto | Layer-to-stage partition: [[0, 1, 2, 3, 4, 5, 6], [7, 8, 9], [10, 11, 12], [13, 14, 15]]
[I] Pipeline partition mode: auto | Cell-generated physical mesh shapes: [(1, 2), (1, 2), (1, 2), (1, 2)]
[I] Loading model and transform to Jaxpr stages takes 16.79651165008545 s.
[I] The GPU sharding of pipeline stages is: [2, 2, 2, 2]
[I] Pipeline partition mode: auto | Parallel enum mode: auto | Parallel plans: [[StageShape(type='single', stage_shape=(1, 2), layer_shape=None), StageShape(type='single', stage_shape=(1, 2), layer_shape=None), StageShape(type='single', stage_shape=(2, 1), layer_shape=None), StageShape(type='single', stage_shape=(2, 1), layer_shape=None)]]

[I] (Parallel plan idx: 0) Sharding stages...
[I] Sharding stages takes 7.131194829940796 s.
[I] (Parallel plan idx: 0) SPMD partitioning and compiling (kernel fusing) HLO stages...
[I] SPMD partitioning and pre-compiling HLO modules concurrently takes 8.603056907653809 s.

[I] All parallel plans in the cell have been sharded and compiled.
[TMP] Writing only-sharded HLO text to '/home/cyxue/Projects/crius/Crius/runtime/jaxpr/tmp/wide_resnet_2B_256_sharded_stages.pkl'...
[TMP] Writing optimized HLO text to '/home/cyxue/Projects/crius/Crius/runtime/jaxpr/tmp/wide_resnet_2B_256_optimized_stages.pkl'...
[TMP] Writing inter-stages communicated vars to '/home/cyxue/Projects/crius/Crius/runtime/jaxpr/tmp/wide_resnet_2B_256_inter_stages_comm_vars.pkl'

[I] Parallel plan idx: 0 | Parallelism: [(1, 2), (1, 2), (2, 1), (2, 1)]

[I] (Parallel plan idx: 0) Parsing HLO texts and profiling XLA operators...
[I] Pipeline partition mode: auto | Preset physical mesh shapes: [(1, 2), (1, 2), (1, 2), (1, 2)]
[TMP] Loading offline profiled communication data: `1_a40_1_n_2_d_ib.pkl`...
[TMP] Loading offline profiled communication data: `2_a40_2_n_1_d_ib.pkl`...
\Time of module 0 (stage 0):
Intra-stage comm time: 0.11482265865232683
Grad sync time: 0

[I] Optimized module 0 for stage 0, comm time has been statically analyzed.
\Time of module 1 (stage 1):
Intra-stage comm time: 0.014319016225636005
Grad sync time: 0

[I] Optimized module 1 for stage 1, comm time has been statically analyzed.
\Time of module 2 (stage 2):
Intra-stage comm time: 0.0010199837386608123
Grad sync time: 0

[I] Optimized module 2 for stage 2, comm time has been statically analyzed.
\Time of module 3 (stage 3):
Intra-stage comm time: 0.0012105345726013182
Grad sync time: 0

[I] Optimized module 3 for stage 3, comm time has been statically analyzed.
[WARN] Communication size of 'all-reduce' excceeds the maximum profiled size. Linear scaling is applied.
       - Communication size of the operator: 1247956992 | Estimated comm time: 0.5619193217560557
       - Max profiled communication size: 267386880 | Comm time: 0.08228549003601074
\Time of module 4 (stage 3):
Intra-stage comm time: 0.0021485701203346474
Grad sync time: 0.5619193217560557

[I] Optimized module 4 for stage 3, comm time has been statically analyzed.
[WARN] Communication size of 'all-reduce' excceeds the maximum profiled size. Linear scaling is applied.
       - Communication size of the operator: 289089024 | Estimated comm time: 0.09877472304191906
       - Max profiled communication size: 267386880 | Comm time: 0.08228549003601074
\Time of module 5 (stage 2):
Intra-stage comm time: 0.00199982821941376
Grad sync time: 0.09877472304191906

[I] Optimized module 5 for stage 2, comm time has been statically analyzed.
\Time of module 6 (stage 1):
Intra-stage comm time: 0.03798078987747431
Grad sync time: 0

[I] Optimized module 6 for stage 1, comm time has been statically analyzed.
\Time of module 7 (stage 0):
Intra-stage comm time: 0.2121075068685141
Grad sync time: 0

[I] Optimized module 7 for stage 0, comm time has been statically analyzed.
\Time of module 8 (stage 0):
Intra-stage comm time: 0.0007787391543388368
Grad sync time: 0

[I] Optimized module 8 for stage 0, comm time has been statically analyzed.
\Time of module 9 (stage 1):
Intra-stage comm time: 0.00019618347287178042
Grad sync time: 0

[I] Optimized module 9 for stage 1, comm time has been statically analyzed.
\Time of module 10 (stage 2):
Intra-stage comm time: 0.05057522021234036
Grad sync time: 0

[I] Optimized module 10 for stage 2, comm time has been statically analyzed.
\Time of module 11 (stage 3):
Intra-stage comm time: 0.20233991652727124
Grad sync time: 0

[I] Optimized module 11 for stage 3, comm time has been statically analyzed.
[TMP] Memory footprint of the stage 0 is 2.40174138918519 GB, while the available memory of the XLA device is 35.33237304631621 GB.
[TMP] Memory footprint of the stage 1 is 3.9078230895102024 GB, while the available memory of the XLA device is 35.33237304631621 GB.
[TMP] Memory footprint of the stage 2 is 6.133154395967722 GB, while the available memory of the XLA device is 35.33237304631621 GB.
[TMP] Memory footprint of the stage 3 is 25.697157952934504 GB, while the available memory of the XLA device is 35.33237304631621 GB.
[I] Only-sharded module 0 for stage 0, constructing entry XLA computation...
[I] Compiling HLO module...
[I] Profiling HLO modules...
    - Iteration 0/5: Kernel execution time: 0.14422736600000002 s.
    - Iteration 1/5: Kernel execution time: 0.14498657099999995 s.
    - Iteration 2/5: Kernel execution time: 0.14499569200000006 s.
    - Iteration 3/5: Kernel execution time: 0.14566085199999998 s.
    - Iteration 4/5: Kernel execution time: 0.14565668900000003 s.
[I] Only-sharded module 1 for stage 1, constructing entry XLA computation...
[I] Compiling HLO module...
[I] Profiling HLO modules...
    - Iteration 0/5: Kernel execution time: 0.06782155400000002 s.
    - Iteration 1/5: Kernel execution time: 0.067470446 s.
    - Iteration 2/5: Kernel execution time: 0.067719851 s.
    - Iteration 3/5: Kernel execution time: 0.06808424100000002 s.
    - Iteration 4/5: Kernel execution time: 0.068559959 s.
[I] Only-sharded module 2 for stage 2, constructing entry XLA computation...
[I] Compiling HLO module...
[I] Profiling HLO modules...
    - Iteration 0/5: Kernel execution time: 0.08683063700000002 s.
    - Iteration 1/5: Kernel execution time: 0.08681073299999999 s.
    - Iteration 2/5: Kernel execution time: 0.08696644299999999 s.
    - Iteration 3/5: Kernel execution time: 0.086817866 s.
    - Iteration 4/5: Kernel execution time: 0.08691140900000001 s.
[I] Only-sharded module 3 for stage 3, constructing entry XLA computation...
[I] Compiling HLO module...
[I] Profiling HLO modules...
    - Iteration 0/5: Kernel execution time: 0.2583535910000001 s.
    - Iteration 1/5: Kernel execution time: 0.258357303 s.
    - Iteration 2/5: Kernel execution time: 0.25842527400000015 s.
    - Iteration 3/5: Kernel execution time: 0.258723263 s.
    - Iteration 4/5: Kernel execution time: 0.258181753 s.
[I] Only-sharded module 4 for stage 3, constructing entry XLA computation...
[I] Compiling HLO module...
[I] Profiling HLO modules...
    - Iteration 0/5: Kernel execution time: 0.7684604790000003 s.
    - Iteration 1/5: Kernel execution time: 0.767781307 s.
    - Iteration 2/5: Kernel execution time: 0.7683430719999998 s.
    - Iteration 3/5: Kernel execution time: 0.767624956 s.
    - Iteration 4/5: Kernel execution time: 0.7666199560000002 s.
[I] Only-sharded module 5 for stage 2, constructing entry XLA computation...
[I] Compiling HLO module...
[I] Profiling HLO modules...
    - Iteration 0/5: Kernel execution time: 0.262200006 s.
    - Iteration 1/5: Kernel execution time: 0.26225894700000013 s.
    - Iteration 2/5: Kernel execution time: 0.263361652 s.
    - Iteration 3/5: Kernel execution time: 0.262315011 s.
    - Iteration 4/5: Kernel execution time: 0.263452208 s.
[I] Only-sharded module 6 for stage 1, constructing entry XLA computation...
[I] Compiling HLO module...
[I] Profiling HLO modules...
    - Iteration 0/5: Kernel execution time: 0.243772585 s.
    - Iteration 1/5: Kernel execution time: 0.24167602900000004 s.
    - Iteration 2/5: Kernel execution time: 0.24255382900000003 s.
    - Iteration 3/5: Kernel execution time: 0.243123814 s.
    - Iteration 4/5: Kernel execution time: 0.242435584 s.
[I] Only-sharded module 7 for stage 0, constructing entry XLA computation...
[I] Compiling HLO module...
[I] Profiling HLO modules...
    - Iteration 0/5: Kernel execution time: 0.45602965100000065 s.
    - Iteration 1/5: Kernel execution time: 0.45706065700000026 s.
    - Iteration 2/5: Kernel execution time: 0.4574696450000004 s.
    - Iteration 3/5: Kernel execution time: 0.4575672289999999 s.
    - Iteration 4/5: Kernel execution time: 0.45853348100000024 s.
[I] Only-sharded module 8 for stage 0, constructing entry XLA computation...
[I] Compiling HLO module...
[I] Profiling HLO modules...
    - Iteration 0/5: Kernel execution time: 0.002356278 s.
    - Iteration 1/5: Kernel execution time: 0.002354099 s.
    - Iteration 2/5: Kernel execution time: 0.0023556040000000003 s.
    - Iteration 3/5: Kernel execution time: 0.0023482430000000003 s.
    - Iteration 4/5: Kernel execution time: 0.002354289 s.
[I] Only-sharded module 9 for stage 1, constructing entry XLA computation...
[I] Compiling HLO module...
[I] Profiling HLO modules...
    - Iteration 0/5: Kernel execution time: 0.0060228980000000005 s.
    - Iteration 1/5: Kernel execution time: 0.0060216160000000005 s.
    - Iteration 2/5: Kernel execution time: 0.006027026 s.
    - Iteration 3/5: Kernel execution time: 0.006025715 s.
    - Iteration 4/5: Kernel execution time: 0.006020307000000001 s.
[I] Only-sharded module 10 for stage 2, constructing entry XLA computation...
[I] Compiling HLO module...
[I] Profiling HLO modules...
    - Iteration 0/5: Kernel execution time: 0.00802746 s.
    - Iteration 1/5: Kernel execution time: 0.008025634 s.
    - Iteration 2/5: Kernel execution time: 0.008028897 s.
    - Iteration 3/5: Kernel execution time: 0.008042211 s.
    - Iteration 4/5: Kernel execution time: 0.008027554000000001 s.
[I] Only-sharded module 11 for stage 3, constructing entry XLA computation...
[I] Compiling HLO module...
[I] Profiling HLO modules...
    - Iteration 0/5: Kernel execution time: 0.034410053 s.
    - Iteration 1/5: Kernel execution time: 0.034390376 s.
    - Iteration 2/5: Kernel execution time: 0.034381316 s.
    - Iteration 3/5: Kernel execution time: 0.034408996 s.
    - Iteration 4/5: Kernel execution time: 0.034394150000000005 s.
[I] Constructing single-device HLO modules concurrently takes 0.032884836196899414 s.
[I] Compile single-device HLO modules concurrently takes 1.6635746955871582 s.
[I] Profile all compiled sequentially on one GPU takes 31.537385940551758 s.
[I] Estimated e2e pipeline iteration time is: 21.3286112710571 s.
    - Kernel computation time is: -1.0 s.
    - Communication time is: -1.0 s.
    - Cross-stages communication time is: -1.0 s.
