
[I] Loading Crius kernel-level profiler...
[TMP] Profiling results not found in `None`, creating it...

[I] Loading model and generating sharded HLO module...
[I] Initializing XLA devices takes 0.602184534072876 s.
[I] Loading flax model....
[I] Model 'wide_resnet' loads sucessfully. Model Info: 

WideResNet(
    # attributes
    stage_sizes = [3, 4, 6, 3]
    block_cls = BottleneckResNetBlock
    num_classes = 1024
    num_filters = 640
    width_factor = 2
    dtype = float32
    act = relu
) 

[I] Initialize training state...
[I] Training state initialization is completed.
[I] Constructing general train step func...
[I] General train step func construction is completed.
[I] Model has been loaded, begin Jaxpr transformation...

[I] Pipeline partition mode: forced | Layer-to-stage partition: [[0, 1], [2, 3], [4, 5], [6, 7], [8, 9], [10, 11], [12, 13], [14, 15]]
[I] Pipeline partition mode: auto | Cell-generated physical mesh shapes: [(1, 2), (1, 2), (1, 2), (1, 2), (1, 2), (1, 2), (1, 2), (1, 2)]
[I] Loading model and transform to Jaxpr stages takes 14.707878589630127 s.
[I] The GPU sharding of pipeline stages is: [2, 2, 2, 2, 2, 2, 2, 2]
[I] Pipeline partition mode: auto | Parallel enum mode: auto | Parallel plans: [[StageShape(type='single', stage_shape=(1, 2), layer_shape=None), StageShape(type='single', stage_shape=(1, 2), layer_shape=None), StageShape(type='single', stage_shape=(1, 2), layer_shape=None), StageShape(type='single', stage_shape=(1, 2), layer_shape=None), StageShape(type='single', stage_shape=(2, 1), layer_shape=None), StageShape(type='single', stage_shape=(2, 1), layer_shape=None), StageShape(type='single', stage_shape=(1, 2), layer_shape=None), StageShape(type='single', stage_shape=(2, 1), layer_shape=None)]]

[I] (Parallel plan idx: 0) Sharding stages...
[I] Sharding stages takes 7.734889984130859 s.
[I] (Parallel plan idx: 0) SPMD partitioning and compiling (kernel fusing) HLO stages...
[I] SPMD partitioning and pre-compiling HLO modules concurrently takes 3.118251085281372 s.

[I] All parallel plans in the cell have been sharded and compiled.
[TMP] Writing only-sharded HLO text to '/home/cyxue/Projects/crius/Crius/runtime/jaxpr/tmp/wide_resnet_4B_256_sharded_stages.pkl'...
[TMP] Writing optimized HLO text to '/home/cyxue/Projects/crius/Crius/runtime/jaxpr/tmp/wide_resnet_4B_256_optimized_stages.pkl'...
[TMP] Writing inter-stages communicated vars to '/home/cyxue/Projects/crius/Crius/runtime/jaxpr/tmp/wide_resnet_4B_256_inter_stages_comm_vars.pkl'

[I] Parallel plan idx: 0 | Parallelism: [(1, 2), (1, 2), (1, 2), (1, 2), (2, 1), (2, 1), (1, 2), (2, 1)]

[I] (Parallel plan idx: 0) Parsing HLO texts and profiling XLA operators...
[I] Pipeline partition mode: auto | Preset physical mesh shapes: [(1, 2), (1, 2), (1, 2), (1, 2), (1, 2), (1, 2), (1, 2), (1, 2)]
[TMP] Loading offline profiled communication data: `1_a40_1_n_2_d_ib.pkl`...
[TMP] Loading offline profiled communication data: `2_a40_2_n_1_d_ib.pkl`...
\Time of module 0 (stage 0):
Intra-stage comm time: 0.04816402653232217
Grad sync time: 0

[I] Optimized module 0 for stage 0, comm time has been statically analyzed.
\Time of module 1 (stage 1):
Intra-stage comm time: 0.057498734910041094
Grad sync time: 0

[I] Optimized module 1 for stage 1, comm time has been statically analyzed.
\Time of module 2 (stage 2):
Intra-stage comm time: 0.022961602732539173
Grad sync time: 0

[I] Optimized module 2 for stage 2, comm time has been statically analyzed.
\Time of module 3 (stage 3):
Intra-stage comm time: 0.03253108970820904
Grad sync time: 0

[I] Optimized module 3 for stage 3, comm time has been statically analyzed.
\Time of module 4 (stage 4):
Intra-stage comm time: 0.0007000371813774108
Grad sync time: 0

[I] Optimized module 4 for stage 4, comm time has been statically analyzed.
\Time of module 5 (stage 5):
Intra-stage comm time: 0.0007000371813774108
Grad sync time: 0

[I] Optimized module 5 for stage 5, comm time has been statically analyzed.
\Time of module 6 (stage 6):
Intra-stage comm time: 0.01945804348215461
Grad sync time: 0

[I] Optimized module 6 for stage 6, comm time has been statically analyzed.
\Time of module 7 (stage 7):
Intra-stage comm time: 0.0008619621396064759
Grad sync time: 0

[I] Optimized module 7 for stage 7, comm time has been statically analyzed.
[WARN] Communication size of 'all-reduce' excceeds the maximum profiled size. Linear scaling is applied.
       - Communication size of the operator: 1593979904 | Estimated comm time: 0.7899283531317175
       - Max profiled communication size: 267386880 | Comm time: 0.08228549003601074
\Time of module 8 (stage 7):
Intra-stage comm time: 0.0014546453952789529
Grad sync time: 0.7899283531317175

[I] Optimized module 8 for stage 7, comm time has been statically analyzed.
\Time of module 9 (stage 6):
Intra-stage comm time: 0.034559381194412715
Grad sync time: 0

[I] Optimized module 9 for stage 6, comm time has been statically analyzed.
[WARN] Communication size of 'all-reduce' excceeds the maximum profiled size. Linear scaling is applied.
       - Communication size of the operator: 393287680 | Estimated comm time: 0.1331228062019218
       - Max profiled communication size: 267386880 | Comm time: 0.08228549003601074
\Time of module 10 (stage 5):
Intra-stage comm time: 0.0013657003641128485
Grad sync time: 0.1331228062019218

[I] Optimized module 10 for stage 5, comm time has been statically analyzed.
[WARN] Communication size of 'all-reduce' excceeds the maximum profiled size. Linear scaling is applied.
       - Communication size of the operator: 393287680 | Estimated comm time: 0.1331228062019218
       - Max profiled communication size: 267386880 | Comm time: 0.08228549003601074
\Time of module 11 (stage 4):
Intra-stage comm time: 0.0013657003641128485
Grad sync time: 0.1331228062019218

[I] Optimized module 11 for stage 4, comm time has been statically analyzed.
\Time of module 12 (stage 3):
Intra-stage comm time: 0.053827217780053616
Grad sync time: 0

[I] Optimized module 12 for stage 3, comm time has been statically analyzed.
\Time of module 13 (stage 2):
Intra-stage comm time: 0.05338655654340982
Grad sync time: 0

[I] Optimized module 13 for stage 2, comm time has been statically analyzed.
\Time of module 14 (stage 1):
Intra-stage comm time: 0.09035358615219592
Grad sync time: 0

[I] Optimized module 14 for stage 1, comm time has been statically analyzed.
\Time of module 15 (stage 0):
Intra-stage comm time: 0.11107181720435619
Grad sync time: 0

[I] Optimized module 15 for stage 0, comm time has been statically analyzed.
\Time of module 16 (stage 0):
Intra-stage comm time: 0.00019350349903106688
Grad sync time: 0

[I] Optimized module 16 for stage 0, comm time has been statically analyzed.
\Time of module 17 (stage 1):
Intra-stage comm time: 0.00013055279850959778
Grad sync time: 0

[I] Optimized module 17 for stage 1, comm time has been statically analyzed.
\Time of module 18 (stage 2):
Intra-stage comm time: 0.00013055279850959778
Grad sync time: 0

[I] Optimized module 18 for stage 2, comm time has been statically analyzed.
\Time of module 19 (stage 3):
Intra-stage comm time: 0.00013184249401092528
Grad sync time: 0

[I] Optimized module 19 for stage 3, comm time has been statically analyzed.
\Time of module 20 (stage 4):
Intra-stage comm time: 0.06619054194953707
Grad sync time: 0

[I] Optimized module 20 for stage 4, comm time has been statically analyzed.
\Time of module 21 (stage 5):
Intra-stage comm time: 0.06619054194953707
Grad sync time: 0

[I] Optimized module 21 for stage 5, comm time has been statically analyzed.
\Time of module 22 (stage 6):
Intra-stage comm time: 0.00013191029429435728
Grad sync time: 0

[I] Optimized module 22 for stage 6, comm time has been statically analyzed.
[WARN] Communication size of 'all-gather' excceeds the maximum profiled size. Linear scaling is applied.
       - Communication size of the operator: 471859200 | Estimated comm time: 0.08268975067138672
       - Max profiled communication size: 267386880 | Comm time: 0.042454824447631836
[WARN] Communication size of 'all-gather' excceeds the maximum profiled size. Linear scaling is applied.
       - Communication size of the operator: 471859200 | Estimated comm time: 0.08268975067138672
       - Max profiled communication size: 267386880 | Comm time: 0.042454824447631836
\Time of module 23 (stage 7):
Intra-stage comm time: 0.27111198103427886
Grad sync time: 0

[I] Optimized module 23 for stage 7, comm time has been statically analyzed.
[TMP] Memory footprint of the stage 0 is 0.8370564021170139 GB, while the available memory of the XLA device is 35.33237304631621 GB.
[TMP] Memory footprint of the stage 1 is 2.3524642027914524 GB, while the available memory of the XLA device is 35.33237304631621 GB.
[TMP] Memory footprint of the stage 2 is 1.8171715773642063 GB, while the available memory of the XLA device is 35.33237304631621 GB.
[TMP] Memory footprint of the stage 3 is 3.9651823081076145 GB, while the available memory of the XLA device is 35.33237304631621 GB.
[TMP] Memory footprint of the stage 4 is 8.297929767519236 GB, while the available memory of the XLA device is 35.33237304631621 GB.
[TMP] Memory footprint of the stage 5 is 8.297967914491892 GB, while the available memory of the XLA device is 35.33237304631621 GB.
[TMP] Memory footprint of the stage 6 is 13.10704231634736 GB, while the available memory of the XLA device is 35.33237304631621 GB.
[TMP] Memory footprint of the stage 7 is 32.75013170018792 GB, while the available memory of the XLA device is 35.33237304631621 GB.
[I] Only-sharded module 0 for stage 0, constructing entry XLA computation...
[I] Compiling HLO module...
[I] Profiling HLO modules...
    - Iteration 0/5: Kernel execution time: 0.07680800600000001 s.
    - Iteration 1/5: Kernel execution time: 0.07678538100000001 s.
    - Iteration 2/5: Kernel execution time: 0.07848677300000001 s.
    - Iteration 3/5: Kernel execution time: 0.07783898699999998 s.
    - Iteration 4/5: Kernel execution time: 0.07789374300000002 s.
[I] Only-sharded module 1 for stage 1, constructing entry XLA computation...
[I] Compiling HLO module...
[I] Profiling HLO modules...
    - Iteration 0/5: Kernel execution time: 0.09357490699999998 s.
    - Iteration 1/5: Kernel execution time: 0.09415299 s.
    - Iteration 2/5: Kernel execution time: 0.09456163300000002 s.
    - Iteration 3/5: Kernel execution time: 0.09411253900000004 s.
    - Iteration 4/5: Kernel execution time: 0.094314336 s.
[I] Only-sharded module 2 for stage 2, constructing entry XLA computation...
[I] Compiling HLO module...
[I] Profiling HLO modules...
    - Iteration 0/5: Kernel execution time: 0.06767982900000002 s.
    - Iteration 1/5: Kernel execution time: 0.06776926700000001 s.
    - Iteration 2/5: Kernel execution time: 0.068105462 s.
    - Iteration 3/5: Kernel execution time: 0.06600582799999999 s.
    - Iteration 4/5: Kernel execution time: 0.06708165000000002 s.
[I] Only-sharded module 3 for stage 3, constructing entry XLA computation...
[I] Compiling HLO module...
[I] Profiling HLO modules...
    - Iteration 0/5: Kernel execution time: 0.08683045899999998 s.
    - Iteration 1/5: Kernel execution time: 0.08720477000000001 s.
    - Iteration 2/5: Kernel execution time: 0.088805678 s.
    - Iteration 3/5: Kernel execution time: 0.08834269900000001 s.
    - Iteration 4/5: Kernel execution time: 0.087303844 s.
[I] Only-sharded module 4 for stage 4, constructing entry XLA computation...
[I] Compiling HLO module...
[I] Profiling HLO modules...
    - Iteration 0/5: Kernel execution time: 0.117564724 s.
    - Iteration 1/5: Kernel execution time: 0.117391697 s.
    - Iteration 2/5: Kernel execution time: 0.118131155 s.
    - Iteration 3/5: Kernel execution time: 0.118007764 s.
    - Iteration 4/5: Kernel execution time: 0.11865125600000001 s.
[I] Only-sharded module 5 for stage 5, constructing entry XLA computation...
[I] Compiling HLO module...
[I] Profiling HLO modules...
    - Iteration 0/5: Kernel execution time: 0.11693841200000003 s.
    - Iteration 1/5: Kernel execution time: 0.117253742 s.
    - Iteration 2/5: Kernel execution time: 0.11744417700000002 s.
    - Iteration 3/5: Kernel execution time: 0.11795218 s.
    - Iteration 4/5: Kernel execution time: 0.11726433300000001 s.
[I] Only-sharded module 6 for stage 6, constructing entry XLA computation...
[I] Compiling HLO module...
[I] Profiling HLO modules...
    - Iteration 0/5: Kernel execution time: 0.14097033500000003 s.
    - Iteration 1/5: Kernel execution time: 0.141391783 s.
    - Iteration 2/5: Kernel execution time: 0.14069580699999995 s.
    - Iteration 3/5: Kernel execution time: 0.141175586 s.
    - Iteration 4/5: Kernel execution time: 0.14172970000000001 s.
[I] Only-sharded module 7 for stage 7, constructing entry XLA computation...
[I] Compiling HLO module...
[I] Profiling HLO modules...
    - Iteration 0/5: Kernel execution time: 0.343036582 s.
    - Iteration 1/5: Kernel execution time: 0.343221382 s.
    - Iteration 2/5: Kernel execution time: 0.3433058290000001 s.
    - Iteration 3/5: Kernel execution time: 0.34355630000000004 s.
    - Iteration 4/5: Kernel execution time: 0.34336711000000003 s.
[I] Only-sharded module 8 for stage 7, constructing entry XLA computation...
[I] Compiling HLO module...
[I] Profiling HLO modules...
    - Iteration 0/5: Kernel execution time: 0.9936898200000004 s.
    - Iteration 1/5: Kernel execution time: 0.9946486460000001 s.
    - Iteration 2/5: Kernel execution time: 0.9939396720000001 s.
    - Iteration 3/5: Kernel execution time: 0.99411142 s.
    - Iteration 4/5: Kernel execution time: 0.993676027 s.
[I] Only-sharded module 9 for stage 6, constructing entry XLA computation...
[I] Compiling HLO module...
[I] Profiling HLO modules...
    - Iteration 0/5: Kernel execution time: 0.583540615 s.
    - Iteration 1/5: Kernel execution time: 0.5831464680000001 s.
    - Iteration 2/5: Kernel execution time: 0.5844513959999997 s.
    - Iteration 3/5: Kernel execution time: 0.5847550260000001 s.
    - Iteration 4/5: Kernel execution time: 0.583140898 s.
[I] Only-sharded module 10 for stage 5, constructing entry XLA computation...
[I] Compiling HLO module...
[I] Profiling HLO modules...
    - Iteration 0/5: Kernel execution time: 0.35111954300000003 s.
    - Iteration 1/5: Kernel execution time: 0.351648575 s.
    - Iteration 2/5: Kernel execution time: 0.3513196070000001 s.
    - Iteration 3/5: Kernel execution time: 0.3515679920000001 s.
    - Iteration 4/5: Kernel execution time: 0.35222451000000005 s.
[I] Only-sharded module 11 for stage 4, constructing entry XLA computation...
[I] Compiling HLO module...
[I] Profiling HLO modules...
    - Iteration 0/5: Kernel execution time: 0.3526565789999999 s.
    - Iteration 1/5: Kernel execution time: 0.354466964 s.
    - Iteration 2/5: Kernel execution time: 0.35510761300000004 s.
    - Iteration 3/5: Kernel execution time: 0.352274433 s.
    - Iteration 4/5: Kernel execution time: 0.35315527100000005 s.
[I] Only-sharded module 12 for stage 3, constructing entry XLA computation...
[I] Compiling HLO module...
[I] Profiling HLO modules...
    - Iteration 0/5: Kernel execution time: 0.34008344699999987 s.
    - Iteration 1/5: Kernel execution time: 0.34136413499999996 s.
    - Iteration 2/5: Kernel execution time: 0.3398806890000001 s.
    - Iteration 3/5: Kernel execution time: 0.342904463 s.
    - Iteration 4/5: Kernel execution time: 0.34548615200000016 s.
[I] Only-sharded module 13 for stage 2, constructing entry XLA computation...
[I] Compiling HLO module...
[I] Profiling HLO modules...
    - Iteration 0/5: Kernel execution time: 0.22535836100000003 s.
    - Iteration 1/5: Kernel execution time: 0.2246139660000001 s.
    - Iteration 2/5: Kernel execution time: 0.2250751250000001 s.
    - Iteration 3/5: Kernel execution time: 0.226534372 s.
    - Iteration 4/5: Kernel execution time: 0.22692320800000004 s.
[I] Only-sharded module 14 for stage 1, constructing entry XLA computation...
[I] Compiling HLO module...
[I] Profiling HLO modules...
    - Iteration 0/5: Kernel execution time: 0.297001702 s.
    - Iteration 1/5: Kernel execution time: 0.29504184899999997 s.
    - Iteration 2/5: Kernel execution time: 0.294794168 s.
    - Iteration 3/5: Kernel execution time: 0.29501697700000007 s.
    - Iteration 4/5: Kernel execution time: 0.2976108900000001 s.
[I] Only-sharded module 15 for stage 0, constructing entry XLA computation...
[I] Compiling HLO module...
[I] Profiling HLO modules...
    - Iteration 0/5: Kernel execution time: 0.24413903399999992 s.
    - Iteration 1/5: Kernel execution time: 0.24638734599999998 s.
    - Iteration 2/5: Kernel execution time: 0.24333736600000003 s.
    - Iteration 3/5: Kernel execution time: 0.246111329 s.
    - Iteration 4/5: Kernel execution time: 0.24570868899999998 s.
[I] Only-sharded module 16 for stage 0, constructing entry XLA computation...
[I] Compiling HLO module...
[I] Profiling HLO modules...
    - Iteration 0/5: Kernel execution time: 0.0005063420000000001 s.
    - Iteration 1/5: Kernel execution time: 0.000507747 s.
    - Iteration 2/5: Kernel execution time: 0.000507202 s.
    - Iteration 3/5: Kernel execution time: 0.000510213 s.
    - Iteration 4/5: Kernel execution time: 0.0005067240000000001 s.
[I] Only-sharded module 17 for stage 1, constructing entry XLA computation...
[I] Compiling HLO module...
[I] Profiling HLO modules...
    - Iteration 0/5: Kernel execution time: 0.001383915 s.
    - Iteration 1/5: Kernel execution time: 0.001384973 s.
    - Iteration 2/5: Kernel execution time: 0.0013855480000000003 s.
    - Iteration 3/5: Kernel execution time: 0.001379182 s.
    - Iteration 4/5: Kernel execution time: 0.001383534 s.
[I] Only-sharded module 18 for stage 2, constructing entry XLA computation...
[I] Compiling HLO module...
[I] Profiling HLO modules...
    - Iteration 0/5: Kernel execution time: 0.0018852320000000001 s.
    - Iteration 1/5: Kernel execution time: 0.001893905 s.
    - Iteration 2/5: Kernel execution time: 0.0018853320000000002 s.
    - Iteration 3/5: Kernel execution time: 0.001889746 s.
    - Iteration 4/5: Kernel execution time: 0.0018923710000000003 s.
[I] Only-sharded module 19 for stage 3, constructing entry XLA computation...
[I] Compiling HLO module...
[I] Profiling HLO modules...
    - Iteration 0/5: Kernel execution time: 0.005514995000000001 s.
    - Iteration 1/5: Kernel execution time: 0.005492211 s.
    - Iteration 2/5: Kernel execution time: 0.005503058000000001 s.
    - Iteration 3/5: Kernel execution time: 0.0054979090000000005 s.
    - Iteration 4/5: Kernel execution time: 0.005492243000000001 s.
[I] Only-sharded module 20 for stage 4, constructing entry XLA computation...
[I] Compiling HLO module...
[I] Profiling HLO modules...
    - Iteration 0/5: Kernel execution time: 0.010834148 s.
    - Iteration 1/5: Kernel execution time: 0.010844612 s.
    - Iteration 2/5: Kernel execution time: 0.010855366000000002 s.
    - Iteration 3/5: Kernel execution time: 0.010847462 s.
    - Iteration 4/5: Kernel execution time: 0.010840614000000002 s.
[I] Only-sharded module 21 for stage 5, constructing entry XLA computation...
[I] Compiling HLO module...
[I] Profiling HLO modules...
    - Iteration 0/5: Kernel execution time: 0.010836134 s.
    - Iteration 1/5: Kernel execution time: 0.010847783 s.
    - Iteration 2/5: Kernel execution time: 0.010845541 s.
    - Iteration 3/5: Kernel execution time: 0.010837797 s.
    - Iteration 4/5: Kernel execution time: 0.010841128000000002 s.
[I] Only-sharded module 22 for stage 6, constructing entry XLA computation...
[I] Compiling HLO module...
[I] Profiling HLO modules...
    - Iteration 0/5: Kernel execution time: 0.022002479999999998 s.
    - Iteration 1/5: Kernel execution time: 0.022004048000000002 s.
    - Iteration 2/5: Kernel execution time: 0.022014673000000002 s.
    - Iteration 3/5: Kernel execution time: 0.022001774 s.
    - Iteration 4/5: Kernel execution time: 0.022000398 s.
[I] Only-sharded module 23 for stage 7, constructing entry XLA computation...
[I] Compiling HLO module...
[I] Profiling HLO modules...
    - Iteration 0/5: Kernel execution time: 0.043781946 s.
    - Iteration 1/5: Kernel execution time: 0.043721242 s.
    - Iteration 2/5: Kernel execution time: 0.043802297000000004 s.
    - Iteration 3/5: Kernel execution time: 0.043774233 s.
    - Iteration 4/5: Kernel execution time: 0.043748826000000005 s.
[I] Constructing single-device HLO modules concurrently takes 0.010399818420410156 s.
[I] Compile single-device HLO modules concurrently takes 1.3328163623809814 s.
[I] Profile all compiled sequentially on one GPU takes 50.190239667892456 s.
[I] Estimated e2e pipeline iteration time is: 32.9476215114524 s.
    - Kernel computation time is: -1.0 s.
    - Communication time is: -1.0 s.
    - Cross-stages communication time is: -1.0 s.
