
[I] Loading Crius kernel-level profiler...
[TMP] Profiling results not found in `None`, creating it...

[I] Loading model and generating sharded HLO module...
[I] Initializing XLA devices takes 0.6257021427154541 s.
[I] Loading flax model....
[I] Model 'wide_resnet' loads sucessfully. Model Info: 

WideResNet(
    # attributes
    stage_sizes = [3, 4, 6, 3]
    block_cls = BottleneckResNetBlock
    num_classes = 1024
    num_filters = 640
    width_factor = 2
    dtype = float32
    act = relu
) 

[I] Initialize training state...
[I] Training state initialization is completed.
[I] Constructing general train step func...
[I] General train step func construction is completed.
[I] Model has been loaded, begin Jaxpr transformation...

[I] Pipeline partition mode: forced | Layer-to-stage partition: [[0, 1], [2, 3], [4, 5], [6, 7], [8, 9], [10, 11], [12, 13], [14, 15]]
[I] Pipeline partition mode: auto | Cell-generated physical mesh shapes: [(1, 2), (1, 2), (1, 2), (1, 2), (1, 2), (1, 2), (1, 2), (1, 2)]
[I] Loading model and transform to Jaxpr stages takes 14.387052059173584 s.
[I] The GPU sharding of pipeline stages is: [2, 2, 2, 2, 2, 2, 2, 2]
[I] Pipeline partition mode: auto | Parallel enum mode: auto | Parallel plans: [[StageShape(type='single', stage_shape=(2, 1), layer_shape=None), StageShape(type='single', stage_shape=(2, 1), layer_shape=None), StageShape(type='single', stage_shape=(2, 1), layer_shape=None), StageShape(type='single', stage_shape=(2, 1), layer_shape=None), StageShape(type='single', stage_shape=(2, 1), layer_shape=None), StageShape(type='single', stage_shape=(2, 1), layer_shape=None), StageShape(type='single', stage_shape=(1, 2), layer_shape=None), StageShape(type='single', stage_shape=(1, 2), layer_shape=None)]]

[I] (Parallel plan idx: 0) Sharding stages...
[I] Sharding stages takes 7.062054395675659 s.
[I] (Parallel plan idx: 0) SPMD partitioning and compiling (kernel fusing) HLO stages...
[I] SPMD partitioning and pre-compiling HLO modules concurrently takes 3.3533787727355957 s.

[I] All parallel plans in the cell have been sharded and compiled.
[TMP] Writing only-sharded HLO text to '/home/cyxue/Projects/crius/Crius/runtime/jaxpr/tmp/wide_resnet_4B_256_sharded_stages.pkl'...
[TMP] Writing optimized HLO text to '/home/cyxue/Projects/crius/Crius/runtime/jaxpr/tmp/wide_resnet_4B_256_optimized_stages.pkl'...
[TMP] Writing inter-stages communicated vars to '/home/cyxue/Projects/crius/Crius/runtime/jaxpr/tmp/wide_resnet_4B_256_inter_stages_comm_vars.pkl'

[I] Parallel plan idx: 0 | Parallelism: [(2, 1), (2, 1), (2, 1), (2, 1), (2, 1), (2, 1), (1, 2), (1, 2)]

[I] (Parallel plan idx: 0) Parsing HLO texts and profiling XLA operators...
[I] Pipeline partition mode: auto | Preset physical mesh shapes: [(1, 2), (1, 2), (1, 2), (1, 2), (1, 2), (1, 2), (1, 2), (1, 2)]
[TMP] Loading offline profiled communication data: `1_a40_1_n_2_d_ib.pkl`...
[TMP] Loading offline profiled communication data: `2_a40_2_n_1_d_ib.pkl`...
\Time of module 0 (stage 0):
Intra-stage comm time: 0.0007580183446407318
Grad sync time: 0

[I] Optimized module 0 for stage 0, comm time has been statically analyzed.
\Time of module 1 (stage 1):
Intra-stage comm time: 0.0006677791476249695
Grad sync time: 0

[I] Optimized module 1 for stage 1, comm time has been statically analyzed.
\Time of module 2 (stage 2):
Intra-stage comm time: 0.0006656631827354431
Grad sync time: 0

[I] Optimized module 2 for stage 2, comm time has been statically analyzed.
\Time of module 3 (stage 3):
Intra-stage comm time: 0.0006955355405807494
Grad sync time: 0

[I] Optimized module 3 for stage 3, comm time has been statically analyzed.
\Time of module 4 (stage 4):
Intra-stage comm time: 0.0007000371813774108
Grad sync time: 0

[I] Optimized module 4 for stage 4, comm time has been statically analyzed.
\Time of module 5 (stage 5):
Intra-stage comm time: 0.0007000371813774108
Grad sync time: 0

[I] Optimized module 5 for stage 5, comm time has been statically analyzed.
\Time of module 6 (stage 6):
Intra-stage comm time: 0.01945804348215461
Grad sync time: 0

[I] Optimized module 6 for stage 6, comm time has been statically analyzed.
\Time of module 7 (stage 7):
Intra-stage comm time: 0.007966617587953806
Grad sync time: 0

[I] Optimized module 7 for stage 7, comm time has been statically analyzed.
\Time of module 8 (stage 7):
Intra-stage comm time: 0.01476860653433505
Grad sync time: 0

[I] Optimized module 8 for stage 7, comm time has been statically analyzed.
\Time of module 9 (stage 6):
Intra-stage comm time: 0.034559381194412715
Grad sync time: 0

[I] Optimized module 9 for stage 6, comm time has been statically analyzed.
[WARN] Communication size of 'all-reduce' excceeds the maximum profiled size. Linear scaling is applied.
       - Communication size of the operator: 393287680 | Estimated comm time: 0.1331228062019218
       - Max profiled communication size: 267386880 | Comm time: 0.08228549003601074
\Time of module 10 (stage 5):
Intra-stage comm time: 0.0013657003641128485
Grad sync time: 0.1331228062019218

[I] Optimized module 10 for stage 5, comm time has been statically analyzed.
[WARN] Communication size of 'all-reduce' excceeds the maximum profiled size. Linear scaling is applied.
       - Communication size of the operator: 393287680 | Estimated comm time: 0.1331228062019218
       - Max profiled communication size: 267386880 | Comm time: 0.08228549003601074
\Time of module 11 (stage 4):
Intra-stage comm time: 0.0013657003641128485
Grad sync time: 0.1331228062019218

[I] Optimized module 11 for stage 4, comm time has been statically analyzed.
[WARN] Communication size of 'all-reduce' excceeds the maximum profiled size. Linear scaling is applied.
       - Communication size of the operator: 285135360 | Estimated comm time: 0.09779390051748488
       - Max profiled communication size: 267386880 | Comm time: 0.08228549003601074
\Time of module 12 (stage 3):
Intra-stage comm time: 0.0013669651001691763
Grad sync time: 0.09779390051748488

[I] Optimized module 12 for stage 3, comm time has been statically analyzed.
\Time of module 13 (stage 2):
Intra-stage comm time: 0.001308351755142212
Grad sync time: 0.030452021535231986

[I] Optimized module 13 for stage 2, comm time has been statically analyzed.
\Time of module 14 (stage 1):
Intra-stage comm time: 0.001316172070801258
Grad sync time: 0.022064089264410235

[I] Optimized module 14 for stage 1, comm time has been statically analyzed.
\Time of module 15 (stage 0):
Intra-stage comm time: 0.001507845148444176
Grad sync time: 0.008554695884959074

[I] Optimized module 15 for stage 0, comm time has been statically analyzed.
\Time of module 16 (stage 0):
Intra-stage comm time: 0.004880981147289276
Grad sync time: 0

[I] Optimized module 16 for stage 0, comm time has been statically analyzed.
\Time of module 17 (stage 1):
Intra-stage comm time: 0.01288060247898102
Grad sync time: 0

[I] Optimized module 17 for stage 1, comm time has been statically analyzed.
\Time of module 18 (stage 2):
Intra-stage comm time: 0.017891987413167956
Grad sync time: 0

[I] Optimized module 18 for stage 2, comm time has been statically analyzed.
\Time of module 19 (stage 3):
Intra-stage comm time: 0.048361211477054494
Grad sync time: 0

[I] Optimized module 19 for stage 3, comm time has been statically analyzed.
\Time of module 20 (stage 4):
Intra-stage comm time: 0.06619054194953707
Grad sync time: 0

[I] Optimized module 20 for stage 4, comm time has been statically analyzed.
\Time of module 21 (stage 5):
Intra-stage comm time: 0.06619054194953707
Grad sync time: 0

[I] Optimized module 21 for stage 5, comm time has been statically analyzed.
\Time of module 22 (stage 6):
Intra-stage comm time: 0.00013191029429435728
Grad sync time: 0

[I] Optimized module 22 for stage 6, comm time has been statically analyzed.
\Time of module 23 (stage 7):
Intra-stage comm time: 0.00013201832771301267
Grad sync time: 0

[I] Optimized module 23 for stage 7, comm time has been statically analyzed.
[TMP] Memory footprint of the stage 0 is 0.9424107111990452 GB, while the available memory of the XLA device is 35.33237304631621 GB.
[TMP] Memory footprint of the stage 1 is 2.2987210787832737 GB, while the available memory of the XLA device is 35.33237304631621 GB.
[TMP] Memory footprint of the stage 2 is 2.493691448122263 GB, while the available memory of the XLA device is 35.33237304631621 GB.
[TMP] Memory footprint of the stage 3 is 6.261870864778757 GB, while the available memory of the XLA device is 35.33237304631621 GB.
[TMP] Memory footprint of the stage 4 is 8.297929767519236 GB, while the available memory of the XLA device is 35.33237304631621 GB.
[TMP] Memory footprint of the stage 5 is 8.297967914491892 GB, while the available memory of the XLA device is 35.33237304631621 GB.
[TMP] Memory footprint of the stage 6 is 13.10704231634736 GB, while the available memory of the XLA device is 35.33237304631621 GB.
[TMP] Memory footprint of the stage 7 is 17.90554443374276 GB, while the available memory of the XLA device is 35.33237304631621 GB.
[I] Only-sharded module 0 for stage 0, constructing entry XLA computation...
[I] Compiling HLO module...
[I] Profiling HLO modules...
    - Iteration 0/5: Kernel execution time: 0.08128615 s.
    - Iteration 1/5: Kernel execution time: 0.08236085 s.
    - Iteration 2/5: Kernel execution time: 0.08259950800000002 s.
    - Iteration 3/5: Kernel execution time: 0.08318386500000002 s.
    - Iteration 4/5: Kernel execution time: 0.083145112 s.
[I] Only-sharded module 1 for stage 1, constructing entry XLA computation...
[I] Compiling HLO module...
[I] Profiling HLO modules...
    - Iteration 0/5: Kernel execution time: 0.092461965 s.
    - Iteration 1/5: Kernel execution time: 0.091046305 s.
    - Iteration 2/5: Kernel execution time: 0.09186858500000002 s.
    - Iteration 3/5: Kernel execution time: 0.09242535999999998 s.
    - Iteration 4/5: Kernel execution time: 0.093537497 s.
[I] Only-sharded module 2 for stage 2, constructing entry XLA computation...
[I] Compiling HLO module...
[I] Profiling HLO modules...
    - Iteration 0/5: Kernel execution time: 0.07625391200000001 s.
    - Iteration 1/5: Kernel execution time: 0.07599423099999997 s.
    - Iteration 2/5: Kernel execution time: 0.075575475 s.
    - Iteration 3/5: Kernel execution time: 0.07593410100000002 s.
    - Iteration 4/5: Kernel execution time: 0.07701664099999997 s.
[I] Only-sharded module 3 for stage 3, constructing entry XLA computation...
[I] Compiling HLO module...
[I] Profiling HLO modules...
    - Iteration 0/5: Kernel execution time: 0.114524052 s.
    - Iteration 1/5: Kernel execution time: 0.11273365600000002 s.
    - Iteration 2/5: Kernel execution time: 0.11291177100000001 s.
    - Iteration 3/5: Kernel execution time: 0.11279701900000001 s.
    - Iteration 4/5: Kernel execution time: 0.113661733 s.
[I] Only-sharded module 4 for stage 4, constructing entry XLA computation...
[I] Compiling HLO module...
[I] Profiling HLO modules...
    - Iteration 0/5: Kernel execution time: 0.11759987500000002 s.
    - Iteration 1/5: Kernel execution time: 0.117715365 s.
    - Iteration 2/5: Kernel execution time: 0.118466223 s.
    - Iteration 3/5: Kernel execution time: 0.11798032899999998 s.
    - Iteration 4/5: Kernel execution time: 0.11788403700000002 s.
[I] Only-sharded module 5 for stage 5, constructing entry XLA computation...
[I] Compiling HLO module...
[I] Profiling HLO modules...
    - Iteration 0/5: Kernel execution time: 0.117088993 s.
    - Iteration 1/5: Kernel execution time: 0.117867208 s.
    - Iteration 2/5: Kernel execution time: 0.11739104300000001 s.
    - Iteration 3/5: Kernel execution time: 0.117123136 s.
    - Iteration 4/5: Kernel execution time: 0.11724141000000003 s.
[I] Only-sharded module 6 for stage 6, constructing entry XLA computation...
[I] Compiling HLO module...
[I] Profiling HLO modules...
    - Iteration 0/5: Kernel execution time: 0.140762421 s.
    - Iteration 1/5: Kernel execution time: 0.141718142 s.
    - Iteration 2/5: Kernel execution time: 0.14141346600000004 s.
    - Iteration 3/5: Kernel execution time: 0.14117163800000004 s.
    - Iteration 4/5: Kernel execution time: 0.14069467800000002 s.
[I] Only-sharded module 7 for stage 7, constructing entry XLA computation...
[I] Compiling HLO module...
[I] Profiling HLO modules...
    - Iteration 0/5: Kernel execution time: 0.16101895999999996 s.
    - Iteration 1/5: Kernel execution time: 0.1611507 s.
    - Iteration 2/5: Kernel execution time: 0.16125038300000002 s.
    - Iteration 3/5: Kernel execution time: 0.160962249 s.
    - Iteration 4/5: Kernel execution time: 0.16087399400000005 s.
[I] Only-sharded module 8 for stage 7, constructing entry XLA computation...
[I] Compiling HLO module...
[I] Profiling HLO modules...
    - Iteration 0/5: Kernel execution time: 0.7322490440000001 s.
    - Iteration 1/5: Kernel execution time: 0.73184374 s.
    - Iteration 2/5: Kernel execution time: 0.7334600960000002 s.
    - Iteration 3/5: Kernel execution time: 0.7328296020000001 s.
    - Iteration 4/5: Kernel execution time: 0.7317792520000002 s.
[I] Only-sharded module 9 for stage 6, constructing entry XLA computation...
[I] Compiling HLO module...
[I] Profiling HLO modules...
    - Iteration 0/5: Kernel execution time: 0.582021927 s.
    - Iteration 1/5: Kernel execution time: 0.5821896740000001 s.
    - Iteration 2/5: Kernel execution time: 0.5828090039999999 s.
    - Iteration 3/5: Kernel execution time: 0.582606929 s.
    - Iteration 4/5: Kernel execution time: 0.583869724 s.
[I] Only-sharded module 10 for stage 5, constructing entry XLA computation...
[I] Compiling HLO module...
[I] Profiling HLO modules...
    - Iteration 0/5: Kernel execution time: 0.3519851790000001 s.
    - Iteration 1/5: Kernel execution time: 0.35258057899999995 s.
    - Iteration 2/5: Kernel execution time: 0.35334602400000004 s.
    - Iteration 3/5: Kernel execution time: 0.35350336499999996 s.
    - Iteration 4/5: Kernel execution time: 0.35226687799999995 s.
[I] Only-sharded module 11 for stage 4, constructing entry XLA computation...
[I] Compiling HLO module...
[I] Profiling HLO modules...
    - Iteration 0/5: Kernel execution time: 0.35153202399999994 s.
    - Iteration 1/5: Kernel execution time: 0.35254249600000015 s.
    - Iteration 2/5: Kernel execution time: 0.353957967 s.
    - Iteration 3/5: Kernel execution time: 0.35307020599999994 s.
    - Iteration 4/5: Kernel execution time: 0.3540062200000001 s.
[I] Only-sharded module 12 for stage 3, constructing entry XLA computation...
[I] Compiling HLO module...
[I] Profiling HLO modules...
    - Iteration 0/5: Kernel execution time: 0.375862081 s.
    - Iteration 1/5: Kernel execution time: 0.374864224 s.
    - Iteration 2/5: Kernel execution time: 0.3744607290000001 s.
    - Iteration 3/5: Kernel execution time: 0.374991548 s.
    - Iteration 4/5: Kernel execution time: 0.3754900780000001 s.
[I] Only-sharded module 13 for stage 2, constructing entry XLA computation...
[I] Compiling HLO module...
[I] Profiling HLO modules...
    - Iteration 0/5: Kernel execution time: 0.238666252 s.
    - Iteration 1/5: Kernel execution time: 0.23889923900000004 s.
    - Iteration 2/5: Kernel execution time: 0.2364546439999999 s.
    - Iteration 3/5: Kernel execution time: 0.23701948500000003 s.
    - Iteration 4/5: Kernel execution time: 0.23954468999999992 s.
[I] Only-sharded module 14 for stage 1, constructing entry XLA computation...
[I] Compiling HLO module...
[I] Profiling HLO modules...
    - Iteration 0/5: Kernel execution time: 0.29996650499999994 s.
    - Iteration 1/5: Kernel execution time: 0.30044426899999993 s.
    - Iteration 2/5: Kernel execution time: 0.299298295 s.
    - Iteration 3/5: Kernel execution time: 0.29853327199999985 s.
    - Iteration 4/5: Kernel execution time: 0.29913958100000004 s.
[I] Only-sharded module 15 for stage 0, constructing entry XLA computation...
[I] Compiling HLO module...
[I] Profiling HLO modules...
    - Iteration 0/5: Kernel execution time: 0.237729591 s.
    - Iteration 1/5: Kernel execution time: 0.24017402599999993 s.
    - Iteration 2/5: Kernel execution time: 0.2383165800000001 s.
    - Iteration 3/5: Kernel execution time: 0.23978855700000004 s.
    - Iteration 4/5: Kernel execution time: 0.23874505899999998 s.
[I] Only-sharded module 16 for stage 0, constructing entry XLA computation...
[I] Compiling HLO module...
[I] Profiling HLO modules...
    - Iteration 0/5: Kernel execution time: 0.0007595270000000001 s.
    - Iteration 1/5: Kernel execution time: 0.000756072 s.
    - Iteration 2/5: Kernel execution time: 0.0007558490000000001 s.
    - Iteration 3/5: Kernel execution time: 0.0007566480000000002 s.
    - Iteration 4/5: Kernel execution time: 0.000757254 s.
[I] Only-sharded module 17 for stage 1, constructing entry XLA computation...
[I] Compiling HLO module...
[I] Profiling HLO modules...
    - Iteration 0/5: Kernel execution time: 0.002020051 s.
    - Iteration 1/5: Kernel execution time: 0.0020210460000000003 s.
    - Iteration 2/5: Kernel execution time: 0.002013682 s.
    - Iteration 3/5: Kernel execution time: 0.002017201 s.
    - Iteration 4/5: Kernel execution time: 0.002016241 s.
[I] Only-sharded module 18 for stage 2, constructing entry XLA computation...
[I] Compiling HLO module...
[I] Profiling HLO modules...
    - Iteration 0/5: Kernel execution time: 0.002759736 s.
    - Iteration 1/5: Kernel execution time: 0.002760091 s.
    - Iteration 2/5: Kernel execution time: 0.002760025 s.
    - Iteration 3/5: Kernel execution time: 0.002761274 s.
    - Iteration 4/5: Kernel execution time: 0.0027634820000000003 s.
[I] Only-sharded module 19 for stage 3, constructing entry XLA computation...
[I] Compiling HLO module...
[I] Profiling HLO modules...
    - Iteration 0/5: Kernel execution time: 0.007834765 s.
    - Iteration 1/5: Kernel execution time: 0.007833321 s.
    - Iteration 2/5: Kernel execution time: 0.007834539000000001 s.
    - Iteration 3/5: Kernel execution time: 0.007830986 s.
    - Iteration 4/5: Kernel execution time: 0.00782318 s.
[I] Only-sharded module 20 for stage 4, constructing entry XLA computation...
[I] Compiling HLO module...
[I] Profiling HLO modules...
    - Iteration 0/5: Kernel execution time: 0.010838697000000001 s.
    - Iteration 1/5: Kernel execution time: 0.010844998000000002 s.
    - Iteration 2/5: Kernel execution time: 0.010847878 s.
    - Iteration 3/5: Kernel execution time: 0.010843142 s.
    - Iteration 4/5: Kernel execution time: 0.010830854000000001 s.
[I] Only-sharded module 21 for stage 5, constructing entry XLA computation...
[I] Compiling HLO module...
[I] Profiling HLO modules...
    - Iteration 0/5: Kernel execution time: 0.010841607000000001 s.
    - Iteration 1/5: Kernel execution time: 0.010840104 s.
    - Iteration 2/5: Kernel execution time: 0.010830534000000001 s.
    - Iteration 3/5: Kernel execution time: 0.010848103000000001 s.
    - Iteration 4/5: Kernel execution time: 0.010830565 s.
[I] Only-sharded module 22 for stage 6, constructing entry XLA computation...
[I] Compiling HLO module...
[I] Profiling HLO modules...
    - Iteration 0/5: Kernel execution time: 0.022007537 s.
    - Iteration 1/5: Kernel execution time: 0.022010479 s.
    - Iteration 2/5: Kernel execution time: 0.021999024000000002 s.
    - Iteration 3/5: Kernel execution time: 0.022023183 s.
    - Iteration 4/5: Kernel execution time: 0.022049681 s.
[I] Only-sharded module 23 for stage 7, constructing entry XLA computation...
[I] Compiling HLO module...
[I] Profiling HLO modules...
    - Iteration 0/5: Kernel execution time: 0.031182634 s.
    - Iteration 1/5: Kernel execution time: 0.031165960000000003 s.
    - Iteration 2/5: Kernel execution time: 0.031184011 s.
    - Iteration 3/5: Kernel execution time: 0.03115313 s.
    - Iteration 4/5: Kernel execution time: 0.031175434000000002 s.
[I] Constructing single-device HLO modules concurrently takes 0.010549545288085938 s.
[I] Compile single-device HLO modules concurrently takes 0.8679800033569336 s.
[I] Profile all compiled sequentially on one GPU takes 47.48561334609985 s.
[I] Estimated e2e pipeline iteration time is: 22.818151020361658 s.
    - Kernel computation time is: -1.0 s.
    - Communication time is: -1.0 s.
    - Cross-stages communication time is: -1.0 s.
