
[I] Loading Crius kernel-level profiler...
[TMP] Profiling results not found in `None`, creating it...

[I] Loading model and generating sharded HLO module...
[I] Initializing XLA devices takes 0.8997049331665039 s.
[I] Loading flax model....
[I] Model 'wide_resnet' loads sucessfully. Model Info: 

WideResNet(
    # attributes
    stage_sizes = [3, 4, 6, 3]
    block_cls = BottleneckResNetBlock
    num_classes = 1024
    num_filters = 640
    width_factor = 2
    dtype = float32
    act = relu
) 

[I] Initialize training state...
[I] Training state initialization is completed.
[I] Constructing general train step func...
[I] General train step func construction is completed.
[I] Model has been loaded, begin Jaxpr transformation...

[I] Pipeline partition mode: forced | Layer-to-stage partition: [[0, 1], [2, 3], [4, 5], [6, 7], [8, 9], [10, 11], [12, 13], [14, 15]]
[I] Pipeline partition mode: auto | Cell-generated physical mesh shapes: [(1, 2), (1, 2), (1, 2), (1, 2), (1, 2), (1, 2), (1, 2), (1, 2)]
[I] Loading model and transform to Jaxpr stages takes 14.417907953262329 s.
[I] The GPU sharding of pipeline stages is: [2, 2, 2, 2, 2, 2, 2, 2]
[I] Pipeline partition mode: auto | Parallel enum mode: auto | Parallel plans: [[StageShape(type='single', stage_shape=(2, 1), layer_shape=None), StageShape(type='single', stage_shape=(2, 1), layer_shape=None), StageShape(type='single', stage_shape=(2, 1), layer_shape=None), StageShape(type='single', stage_shape=(2, 1), layer_shape=None), StageShape(type='single', stage_shape=(1, 2), layer_shape=None), StageShape(type='single', stage_shape=(1, 2), layer_shape=None), StageShape(type='single', stage_shape=(1, 2), layer_shape=None), StageShape(type='single', stage_shape=(2, 1), layer_shape=None)]]

[I] (Parallel plan idx: 0) Sharding stages...
[I] Sharding stages takes 7.397341966629028 s.
[I] (Parallel plan idx: 0) SPMD partitioning and compiling (kernel fusing) HLO stages...
[I] SPMD partitioning and pre-compiling HLO modules concurrently takes 3.0984060764312744 s.

[I] All parallel plans in the cell have been sharded and compiled.
[TMP] Writing only-sharded HLO text to '/home/cyxue/Projects/crius/Crius/runtime/jaxpr/tmp/wide_resnet_4B_256_sharded_stages.pkl'...
[TMP] Writing optimized HLO text to '/home/cyxue/Projects/crius/Crius/runtime/jaxpr/tmp/wide_resnet_4B_256_optimized_stages.pkl'...
[TMP] Writing inter-stages communicated vars to '/home/cyxue/Projects/crius/Crius/runtime/jaxpr/tmp/wide_resnet_4B_256_inter_stages_comm_vars.pkl'

[I] Parallel plan idx: 0 | Parallelism: [(2, 1), (2, 1), (2, 1), (2, 1), (1, 2), (1, 2), (1, 2), (2, 1)]

[I] (Parallel plan idx: 0) Parsing HLO texts and profiling XLA operators...
[I] Pipeline partition mode: auto | Preset physical mesh shapes: [(1, 2), (1, 2), (1, 2), (1, 2), (1, 2), (1, 2), (1, 2), (1, 2)]
[TMP] Loading offline profiled communication data: `1_a40_1_n_2_d_ib.pkl`...
[TMP] Loading offline profiled communication data: `2_a40_2_n_1_d_ib.pkl`...
\Time of module 0 (stage 0):
Intra-stage comm time: 0.0007580183446407318
Grad sync time: 0

[I] Optimized module 0 for stage 0, comm time has been statically analyzed.
\Time of module 1 (stage 1):
Intra-stage comm time: 0.0006677791476249695
Grad sync time: 0

[I] Optimized module 1 for stage 1, comm time has been statically analyzed.
\Time of module 2 (stage 2):
Intra-stage comm time: 0.0006656631827354431
Grad sync time: 0

[I] Optimized module 2 for stage 2, comm time has been statically analyzed.
\Time of module 3 (stage 3):
Intra-stage comm time: 0.0006955355405807494
Grad sync time: 0

[I] Optimized module 3 for stage 3, comm time has been statically analyzed.
\Time of module 4 (stage 4):
Intra-stage comm time: 0.013578391913324595
Grad sync time: 0

[I] Optimized module 4 for stage 4, comm time has been statically analyzed.
\Time of module 5 (stage 5):
Intra-stage comm time: 0.013578391913324595
Grad sync time: 0

[I] Optimized module 5 for stage 5, comm time has been statically analyzed.
\Time of module 6 (stage 6):
Intra-stage comm time: 0.01945804348215461
Grad sync time: 0

[I] Optimized module 6 for stage 6, comm time has been statically analyzed.
\Time of module 7 (stage 7):
Intra-stage comm time: 0.0008619621396064759
Grad sync time: 0

[I] Optimized module 7 for stage 7, comm time has been statically analyzed.
[WARN] Communication size of 'all-reduce' excceeds the maximum profiled size. Linear scaling is applied.
       - Communication size of the operator: 1593979904 | Estimated comm time: 0.7899283531317175
       - Max profiled communication size: 267386880 | Comm time: 0.08228549003601074
\Time of module 8 (stage 7):
Intra-stage comm time: 0.0014546453952789529
Grad sync time: 0.7899283531317175

[I] Optimized module 8 for stage 7, comm time has been statically analyzed.
\Time of module 9 (stage 6):
Intra-stage comm time: 0.034559381194412715
Grad sync time: 0

[I] Optimized module 9 for stage 6, comm time has been statically analyzed.
\Time of module 10 (stage 5):
Intra-stage comm time: 0.03008424649015069
Grad sync time: 0

[I] Optimized module 10 for stage 5, comm time has been statically analyzed.
\Time of module 11 (stage 4):
Intra-stage comm time: 0.03008424649015069
Grad sync time: 0

[I] Optimized module 11 for stage 4, comm time has been statically analyzed.
[WARN] Communication size of 'all-reduce' excceeds the maximum profiled size. Linear scaling is applied.
       - Communication size of the operator: 285135360 | Estimated comm time: 0.09779390051748488
       - Max profiled communication size: 267386880 | Comm time: 0.08228549003601074
\Time of module 12 (stage 3):
Intra-stage comm time: 0.0013669651001691763
Grad sync time: 0.09779390051748488

[I] Optimized module 12 for stage 3, comm time has been statically analyzed.
\Time of module 13 (stage 2):
Intra-stage comm time: 0.001308351755142212
Grad sync time: 0.030452021535231986

[I] Optimized module 13 for stage 2, comm time has been statically analyzed.
\Time of module 14 (stage 1):
Intra-stage comm time: 0.001316172070801258
Grad sync time: 0.022064089264410235

[I] Optimized module 14 for stage 1, comm time has been statically analyzed.
\Time of module 15 (stage 0):
Intra-stage comm time: 0.001507845148444176
Grad sync time: 0.008554695884959074

[I] Optimized module 15 for stage 0, comm time has been statically analyzed.
\Time of module 16 (stage 0):
Intra-stage comm time: 0.004880981147289276
Grad sync time: 0

[I] Optimized module 16 for stage 0, comm time has been statically analyzed.
\Time of module 17 (stage 1):
Intra-stage comm time: 0.01288060247898102
Grad sync time: 0

[I] Optimized module 17 for stage 1, comm time has been statically analyzed.
\Time of module 18 (stage 2):
Intra-stage comm time: 0.017891987413167956
Grad sync time: 0

[I] Optimized module 18 for stage 2, comm time has been statically analyzed.
\Time of module 19 (stage 3):
Intra-stage comm time: 0.048361211477054494
Grad sync time: 0

[I] Optimized module 19 for stage 3, comm time has been statically analyzed.
\Time of module 20 (stage 4):
Intra-stage comm time: 0.0001316666603088379
Grad sync time: 0

[I] Optimized module 20 for stage 4, comm time has been statically analyzed.
\Time of module 21 (stage 5):
Intra-stage comm time: 0.0001316666603088379
Grad sync time: 0

[I] Optimized module 21 for stage 5, comm time has been statically analyzed.
\Time of module 22 (stage 6):
Intra-stage comm time: 0.00013191029429435728
Grad sync time: 0

[I] Optimized module 22 for stage 6, comm time has been statically analyzed.
[WARN] Communication size of 'all-gather' excceeds the maximum profiled size. Linear scaling is applied.
       - Communication size of the operator: 471859200 | Estimated comm time: 0.08268975067138672
       - Max profiled communication size: 267386880 | Comm time: 0.042454824447631836
[WARN] Communication size of 'all-gather' excceeds the maximum profiled size. Linear scaling is applied.
       - Communication size of the operator: 471859200 | Estimated comm time: 0.08268975067138672
       - Max profiled communication size: 267386880 | Comm time: 0.042454824447631836
\Time of module 23 (stage 7):
Intra-stage comm time: 0.27111198103427886
Grad sync time: 0

[I] Optimized module 23 for stage 7, comm time has been statically analyzed.
[TMP] Memory footprint of the stage 0 is 0.9424107111990452 GB, while the available memory of the XLA device is 35.33237304631621 GB.
[TMP] Memory footprint of the stage 1 is 2.2987210787832737 GB, while the available memory of the XLA device is 35.33237304631621 GB.
[TMP] Memory footprint of the stage 2 is 2.493691448122263 GB, while the available memory of the XLA device is 35.33237304631621 GB.
[TMP] Memory footprint of the stage 3 is 6.261870864778757 GB, while the available memory of the XLA device is 35.33237304631621 GB.
[TMP] Memory footprint of the stage 4 is 4.755020145326853 GB, while the available memory of the XLA device is 35.33237304631621 GB.
[TMP] Memory footprint of the stage 5 is 4.755039218813181 GB, while the available memory of the XLA device is 35.33237304631621 GB.
[TMP] Memory footprint of the stage 6 is 13.10704231634736 GB, while the available memory of the XLA device is 35.33237304631621 GB.
[TMP] Memory footprint of the stage 7 is 32.75013170018792 GB, while the available memory of the XLA device is 35.33237304631621 GB.
[I] Only-sharded module 0 for stage 0, constructing entry XLA computation...
[I] Compiling HLO module...
[I] Profiling HLO modules...
    - Iteration 0/5: Kernel execution time: 0.08103386400000001 s.
    - Iteration 1/5: Kernel execution time: 0.08198232000000001 s.
    - Iteration 2/5: Kernel execution time: 0.08194394899999999 s.
    - Iteration 3/5: Kernel execution time: 0.08212619200000001 s.
    - Iteration 4/5: Kernel execution time: 0.08324015399999998 s.
[I] Only-sharded module 1 for stage 1, constructing entry XLA computation...
[I] Compiling HLO module...
[I] Profiling HLO modules...
    - Iteration 0/5: Kernel execution time: 0.09121817699999998 s.
    - Iteration 1/5: Kernel execution time: 0.091532355 s.
    - Iteration 2/5: Kernel execution time: 0.091885447 s.
    - Iteration 3/5: Kernel execution time: 0.092663309 s.
    - Iteration 4/5: Kernel execution time: 0.09284824 s.
[I] Only-sharded module 2 for stage 2, constructing entry XLA computation...
[I] Compiling HLO module...
[I] Profiling HLO modules...
    - Iteration 0/5: Kernel execution time: 0.076732384 s.
    - Iteration 1/5: Kernel execution time: 0.07699331499999999 s.
    - Iteration 2/5: Kernel execution time: 0.076861919 s.
    - Iteration 3/5: Kernel execution time: 0.07693433700000002 s.
    - Iteration 4/5: Kernel execution time: 0.07635574100000002 s.
[I] Only-sharded module 3 for stage 3, constructing entry XLA computation...
[I] Compiling HLO module...
[I] Profiling HLO modules...
    - Iteration 0/5: Kernel execution time: 0.11413581600000001 s.
    - Iteration 1/5: Kernel execution time: 0.11301977300000003 s.
    - Iteration 2/5: Kernel execution time: 0.11235935300000004 s.
    - Iteration 3/5: Kernel execution time: 0.11306975899999999 s.
    - Iteration 4/5: Kernel execution time: 0.11315536300000002 s.
[I] Only-sharded module 4 for stage 4, constructing entry XLA computation...
[I] Compiling HLO module...
[I] Profiling HLO modules...
    - Iteration 0/5: Kernel execution time: 0.081848527 s.
    - Iteration 1/5: Kernel execution time: 0.082271027 s.
    - Iteration 2/5: Kernel execution time: 0.081661933 s.
    - Iteration 3/5: Kernel execution time: 0.08071197299999996 s.
    - Iteration 4/5: Kernel execution time: 0.080545893 s.
[I] Only-sharded module 5 for stage 5, constructing entry XLA computation...
[I] Compiling HLO module...
[I] Profiling HLO modules...
    - Iteration 0/5: Kernel execution time: 0.08071895200000001 s.
    - Iteration 1/5: Kernel execution time: 0.08068887000000001 s.
    - Iteration 2/5: Kernel execution time: 0.08056777799999999 s.
    - Iteration 3/5: Kernel execution time: 0.08184891200000001 s.
    - Iteration 4/5: Kernel execution time: 0.08146049200000001 s.
[I] Only-sharded module 6 for stage 6, constructing entry XLA computation...
[I] Compiling HLO module...
[I] Profiling HLO modules...
    - Iteration 0/5: Kernel execution time: 0.14112476100000004 s.
    - Iteration 1/5: Kernel execution time: 0.14114482300000006 s.
    - Iteration 2/5: Kernel execution time: 0.14053646700000003 s.
    - Iteration 3/5: Kernel execution time: 0.141912736 s.
    - Iteration 4/5: Kernel execution time: 0.14121221800000008 s.
[I] Only-sharded module 7 for stage 7, constructing entry XLA computation...
[I] Compiling HLO module...
[I] Profiling HLO modules...
    - Iteration 0/5: Kernel execution time: 0.34267443599999997 s.
    - Iteration 1/5: Kernel execution time: 0.34248432400000006 s.
    - Iteration 2/5: Kernel execution time: 0.342958859 s.
    - Iteration 3/5: Kernel execution time: 0.34396526700000013 s.
    - Iteration 4/5: Kernel execution time: 0.343715252 s.
[I] Only-sharded module 8 for stage 7, constructing entry XLA computation...
[I] Compiling HLO module...
[I] Profiling HLO modules...
    - Iteration 0/5: Kernel execution time: 0.9935187060000001 s.
    - Iteration 1/5: Kernel execution time: 0.9929632470000003 s.
    - Iteration 2/5: Kernel execution time: 0.9936815889999998 s.
    - Iteration 3/5: Kernel execution time: 0.9945641249999998 s.
    - Iteration 4/5: Kernel execution time: 0.9938112549999998 s.
[I] Only-sharded module 9 for stage 6, constructing entry XLA computation...
[I] Compiling HLO module...
[I] Profiling HLO modules...
    - Iteration 0/5: Kernel execution time: 0.581434347 s.
    - Iteration 1/5: Kernel execution time: 0.582212012 s.
    - Iteration 2/5: Kernel execution time: 0.582783439 s.
    - Iteration 3/5: Kernel execution time: 0.583305876 s.
    - Iteration 4/5: Kernel execution time: 0.582855924 s.
[I] Only-sharded module 10 for stage 5, constructing entry XLA computation...
[I] Compiling HLO module...
[I] Profiling HLO modules...
    - Iteration 0/5: Kernel execution time: 0.28431021900000003 s.
    - Iteration 1/5: Kernel execution time: 0.2835571889999999 s.
    - Iteration 2/5: Kernel execution time: 0.281300207 s.
    - Iteration 3/5: Kernel execution time: 0.284013543 s.
    - Iteration 4/5: Kernel execution time: 0.28364294400000006 s.
[I] Only-sharded module 11 for stage 4, constructing entry XLA computation...
[I] Compiling HLO module...
[I] Profiling HLO modules...
    - Iteration 0/5: Kernel execution time: 0.283803422 s.
    - Iteration 1/5: Kernel execution time: 0.28500890200000006 s.
    - Iteration 2/5: Kernel execution time: 0.28265951399999995 s.
    - Iteration 3/5: Kernel execution time: 0.2840762240000001 s.
    - Iteration 4/5: Kernel execution time: 0.2854513370000001 s.
[I] Only-sharded module 12 for stage 3, constructing entry XLA computation...
[I] Compiling HLO module...
[I] Profiling HLO modules...
    - Iteration 0/5: Kernel execution time: 0.37563686200000007 s.
    - Iteration 1/5: Kernel execution time: 0.375658908 s.
    - Iteration 2/5: Kernel execution time: 0.3742637290000002 s.
    - Iteration 3/5: Kernel execution time: 0.3740974840000001 s.
    - Iteration 4/5: Kernel execution time: 0.374839604 s.
[I] Only-sharded module 13 for stage 2, constructing entry XLA computation...
[I] Compiling HLO module...
[I] Profiling HLO modules...
    - Iteration 0/5: Kernel execution time: 0.23893264 s.
    - Iteration 1/5: Kernel execution time: 0.23649527899999995 s.
    - Iteration 2/5: Kernel execution time: 0.23835705499999998 s.
    - Iteration 3/5: Kernel execution time: 0.237844918 s.
    - Iteration 4/5: Kernel execution time: 0.2373818450000001 s.
[I] Only-sharded module 14 for stage 1, constructing entry XLA computation...
[I] Compiling HLO module...
[I] Profiling HLO modules...
    - Iteration 0/5: Kernel execution time: 0.29749515899999995 s.
    - Iteration 1/5: Kernel execution time: 0.298491871 s.
    - Iteration 2/5: Kernel execution time: 0.29918605400000003 s.
    - Iteration 3/5: Kernel execution time: 0.29870678599999995 s.
    - Iteration 4/5: Kernel execution time: 0.2984620510000001 s.
[I] Only-sharded module 15 for stage 0, constructing entry XLA computation...
[I] Compiling HLO module...
[I] Profiling HLO modules...
    - Iteration 0/5: Kernel execution time: 0.23912470099999994 s.
    - Iteration 1/5: Kernel execution time: 0.24011152200000002 s.
    - Iteration 2/5: Kernel execution time: 0.23973561599999996 s.
    - Iteration 3/5: Kernel execution time: 0.23940922099999998 s.
    - Iteration 4/5: Kernel execution time: 0.2395360940000001 s.
[I] Only-sharded module 16 for stage 0, constructing entry XLA computation...
[I] Compiling HLO module...
[I] Profiling HLO modules...
    - Iteration 0/5: Kernel execution time: 0.0007612550000000002 s.
    - Iteration 1/5: Kernel execution time: 0.0007593020000000001 s.
    - Iteration 2/5: Kernel execution time: 0.0007592060000000001 s.
    - Iteration 3/5: Kernel execution time: 0.000759016 s.
    - Iteration 4/5: Kernel execution time: 0.0007619910000000001 s.
[I] Only-sharded module 17 for stage 1, constructing entry XLA computation...
[I] Compiling HLO module...
[I] Profiling HLO modules...
    - Iteration 0/5: Kernel execution time: 0.002019572 s.
    - Iteration 1/5: Kernel execution time: 0.0020208170000000003 s.
    - Iteration 2/5: Kernel execution time: 0.0020177800000000003 s.
    - Iteration 3/5: Kernel execution time: 0.0020147080000000005 s.
    - Iteration 4/5: Kernel execution time: 0.002013205 s.
[I] Only-sharded module 18 for stage 2, constructing entry XLA computation...
[I] Compiling HLO module...
[I] Profiling HLO modules...
    - Iteration 0/5: Kernel execution time: 0.0027512900000000004 s.
    - Iteration 1/5: Kernel execution time: 0.002772442 s.
    - Iteration 2/5: Kernel execution time: 0.002746904 s.
    - Iteration 3/5: Kernel execution time: 0.002759544 s.
    - Iteration 4/5: Kernel execution time: 0.002759483 s.
[I] Only-sharded module 19 for stage 3, constructing entry XLA computation...
[I] Compiling HLO module...
[I] Profiling HLO modules...
    - Iteration 0/5: Kernel execution time: 0.007845674 s.
    - Iteration 1/5: Kernel execution time: 0.007836073 s.
    - Iteration 2/5: Kernel execution time: 0.007837193 s.
    - Iteration 3/5: Kernel execution time: 0.007825704000000001 s.
    - Iteration 4/5: Kernel execution time: 0.007841513000000001 s.
[I] Only-sharded module 20 for stage 4, constructing entry XLA computation...
[I] Compiling HLO module...
[I] Profiling HLO modules...
    - Iteration 0/5: Kernel execution time: 0.007642407 s.
    - Iteration 1/5: Kernel execution time: 0.007650695000000001 s.
    - Iteration 2/5: Kernel execution time: 0.007644679000000001 s.
    - Iteration 3/5: Kernel execution time: 0.007642344000000001 s.
    - Iteration 4/5: Kernel execution time: 0.00764068 s.
[I] Only-sharded module 21 for stage 5, constructing entry XLA computation...
[I] Compiling HLO module...
[I] Profiling HLO modules...
    - Iteration 0/5: Kernel execution time: 0.00764836 s.
    - Iteration 1/5: Kernel execution time: 0.007659048 s.
    - Iteration 2/5: Kernel execution time: 0.007655399 s.
    - Iteration 3/5: Kernel execution time: 0.007650409 s.
    - Iteration 4/5: Kernel execution time: 0.0076452230000000005 s.
[I] Only-sharded module 22 for stage 6, constructing entry XLA computation...
[I] Compiling HLO module...
[I] Profiling HLO modules...
    - Iteration 0/5: Kernel execution time: 0.022028686000000002 s.
    - Iteration 1/5: Kernel execution time: 0.022026733 s.
    - Iteration 2/5: Kernel execution time: 0.022003821 s.
    - Iteration 3/5: Kernel execution time: 0.022018287000000004 s.
    - Iteration 4/5: Kernel execution time: 0.022008176000000004 s.
[I] Only-sharded module 23 for stage 7, constructing entry XLA computation...
[I] Compiling HLO module...
[I] Profiling HLO modules...
    - Iteration 0/5: Kernel execution time: 0.043744214000000003 s.
    - Iteration 1/5: Kernel execution time: 0.043787799 s.
    - Iteration 2/5: Kernel execution time: 0.043730870000000005 s.
    - Iteration 3/5: Kernel execution time: 0.043728278 s.
    - Iteration 4/5: Kernel execution time: 0.04378386200000001 s.
[I] Constructing single-device HLO modules concurrently takes 0.010463476181030273 s.
[I] Compile single-device HLO modules concurrently takes 1.0380136966705322 s.
[I] Profile all compiled sequentially on one GPU takes 49.926841735839844 s.
[I] Estimated e2e pipeline iteration time is: 30.30102508438763 s.
    - Kernel computation time is: -1.0 s.
    - Communication time is: -1.0 s.
    - Cross-stages communication time is: -1.0 s.
