
[I] Loading Crius kernel-level profiler...
[TMP] Profiling results not found in `None`, creating it...

[I] Loading model and generating sharded HLO module...
[I] Initializing XLA devices takes 0.9603338241577148 s.
[I] Loading flax model....
[I] Model 'wide_resnet' loads sucessfully. Model Info: 

WideResNet(
    # attributes
    stage_sizes = [3, 4, 6, 3]
    block_cls = BottleneckResNetBlock
    num_classes = 1024
    num_filters = 640
    width_factor = 2
    dtype = float32
    act = relu
) 

[I] Initialize training state...
[I] Training state initialization is completed.
[I] Constructing general train step func...
[I] General train step func construction is completed.
[I] Model has been loaded, begin Jaxpr transformation...

[I] Pipeline partition mode: forced | Layer-to-stage partition: [[0, 1], [2, 3], [4, 5], [6, 7], [8, 9], [10, 11], [12, 13], [14, 15]]
[I] Pipeline partition mode: auto | Cell-generated physical mesh shapes: [(1, 2), (1, 2), (1, 2), (1, 2), (1, 2), (1, 2), (1, 2), (1, 2)]
[I] Loading model and transform to Jaxpr stages takes 14.703124761581421 s.
[I] The GPU sharding of pipeline stages is: [2, 2, 2, 2, 2, 2, 2, 2]
[I] Pipeline partition mode: auto | Parallel enum mode: auto | Parallel plans: [[StageShape(type='single', stage_shape=(1, 2), layer_shape=None), StageShape(type='single', stage_shape=(1, 2), layer_shape=None), StageShape(type='single', stage_shape=(1, 2), layer_shape=None), StageShape(type='single', stage_shape=(1, 2), layer_shape=None), StageShape(type='single', stage_shape=(2, 1), layer_shape=None), StageShape(type='single', stage_shape=(1, 2), layer_shape=None), StageShape(type='single', stage_shape=(2, 1), layer_shape=None), StageShape(type='single', stage_shape=(1, 2), layer_shape=None)]]

[I] (Parallel plan idx: 0) Sharding stages...
[I] Sharding stages takes 8.047221183776855 s.
[I] (Parallel plan idx: 0) SPMD partitioning and compiling (kernel fusing) HLO stages...
[I] SPMD partitioning and pre-compiling HLO modules concurrently takes 3.23288893699646 s.

[I] All parallel plans in the cell have been sharded and compiled.
[TMP] Writing only-sharded HLO text to '/home/cyxue/Projects/crius/Crius/runtime/jaxpr/tmp/wide_resnet_4B_256_sharded_stages.pkl'...
[TMP] Writing optimized HLO text to '/home/cyxue/Projects/crius/Crius/runtime/jaxpr/tmp/wide_resnet_4B_256_optimized_stages.pkl'...
[TMP] Writing inter-stages communicated vars to '/home/cyxue/Projects/crius/Crius/runtime/jaxpr/tmp/wide_resnet_4B_256_inter_stages_comm_vars.pkl'

[I] Parallel plan idx: 0 | Parallelism: [(1, 2), (1, 2), (1, 2), (1, 2), (2, 1), (1, 2), (2, 1), (1, 2)]

[I] (Parallel plan idx: 0) Parsing HLO texts and profiling XLA operators...
[I] Pipeline partition mode: auto | Preset physical mesh shapes: [(1, 2), (1, 2), (1, 2), (1, 2), (1, 2), (1, 2), (1, 2), (1, 2)]
[TMP] Loading offline profiled communication data: `1_a40_1_n_2_d_ib.pkl`...
[TMP] Loading offline profiled communication data: `2_a40_2_n_1_d_ib.pkl`...
\Time of module 0 (stage 0):
Intra-stage comm time: 0.04816402653232217
Grad sync time: 0

[I] Optimized module 0 for stage 0, comm time has been statically analyzed.
\Time of module 1 (stage 1):
Intra-stage comm time: 0.057498734910041094
Grad sync time: 0

[I] Optimized module 1 for stage 1, comm time has been statically analyzed.
\Time of module 2 (stage 2):
Intra-stage comm time: 0.022961602732539173
Grad sync time: 0

[I] Optimized module 2 for stage 2, comm time has been statically analyzed.
\Time of module 3 (stage 3):
Intra-stage comm time: 0.03253108970820904
Grad sync time: 0

[I] Optimized module 3 for stage 3, comm time has been statically analyzed.
\Time of module 4 (stage 4):
Intra-stage comm time: 0.0007000371813774108
Grad sync time: 0

[I] Optimized module 4 for stage 4, comm time has been statically analyzed.
\Time of module 5 (stage 5):
Intra-stage comm time: 0.013578391913324595
Grad sync time: 0

[I] Optimized module 5 for stage 5, comm time has been statically analyzed.
\Time of module 6 (stage 6):
Intra-stage comm time: 0.0007482144981622695
Grad sync time: 0

[I] Optimized module 6 for stage 6, comm time has been statically analyzed.
\Time of module 7 (stage 7):
Intra-stage comm time: 0.007966617587953806
Grad sync time: 0

[I] Optimized module 7 for stage 7, comm time has been statically analyzed.
\Time of module 8 (stage 7):
Intra-stage comm time: 0.01476860653433505
Grad sync time: 0

[I] Optimized module 8 for stage 7, comm time has been statically analyzed.
[WARN] Communication size of 'all-reduce' excceeds the maximum profiled size. Linear scaling is applied.
       - Communication size of the operator: 1140433920 | Estimated comm time: 0.5139975713675067
       - Max profiled communication size: 267386880 | Comm time: 0.08228549003601074
\Time of module 9 (stage 6):
Intra-stage comm time: 0.0014615632593631966
Grad sync time: 0.5139975713675067

[I] Optimized module 9 for stage 6, comm time has been statically analyzed.
\Time of module 10 (stage 5):
Intra-stage comm time: 0.03008424649015069
Grad sync time: 0

[I] Optimized module 10 for stage 5, comm time has been statically analyzed.
[WARN] Communication size of 'all-reduce' excceeds the maximum profiled size. Linear scaling is applied.
       - Communication size of the operator: 393287680 | Estimated comm time: 0.1331228062019218
       - Max profiled communication size: 267386880 | Comm time: 0.08228549003601074
\Time of module 11 (stage 4):
Intra-stage comm time: 0.0013657003641128485
Grad sync time: 0.1331228062019218

[I] Optimized module 11 for stage 4, comm time has been statically analyzed.
\Time of module 12 (stage 3):
Intra-stage comm time: 0.053827217780053616
Grad sync time: 0

[I] Optimized module 12 for stage 3, comm time has been statically analyzed.
\Time of module 13 (stage 2):
Intra-stage comm time: 0.05338655654340982
Grad sync time: 0

[I] Optimized module 13 for stage 2, comm time has been statically analyzed.
\Time of module 14 (stage 1):
Intra-stage comm time: 0.09035358615219592
Grad sync time: 0

[I] Optimized module 14 for stage 1, comm time has been statically analyzed.
\Time of module 15 (stage 0):
Intra-stage comm time: 0.11107181720435619
Grad sync time: 0

[I] Optimized module 15 for stage 0, comm time has been statically analyzed.
\Time of module 16 (stage 0):
Intra-stage comm time: 0.00019350349903106688
Grad sync time: 0

[I] Optimized module 16 for stage 0, comm time has been statically analyzed.
\Time of module 17 (stage 1):
Intra-stage comm time: 0.00013055279850959778
Grad sync time: 0

[I] Optimized module 17 for stage 1, comm time has been statically analyzed.
\Time of module 18 (stage 2):
Intra-stage comm time: 0.00013055279850959778
Grad sync time: 0

[I] Optimized module 18 for stage 2, comm time has been statically analyzed.
\Time of module 19 (stage 3):
Intra-stage comm time: 0.00013184249401092528
Grad sync time: 0

[I] Optimized module 19 for stage 3, comm time has been statically analyzed.
\Time of module 20 (stage 4):
Intra-stage comm time: 0.06619054194953707
Grad sync time: 0

[I] Optimized module 20 for stage 4, comm time has been statically analyzed.
\Time of module 21 (stage 5):
Intra-stage comm time: 0.0001316666603088379
Grad sync time: 0

[I] Optimized module 21 for stage 5, comm time has been statically analyzed.
[WARN] Communication size of 'all-gather' excceeds the maximum profiled size. Linear scaling is applied.
       - Communication size of the operator: 471859200 | Estimated comm time: 0.08268975067138672
       - Max profiled communication size: 267386880 | Comm time: 0.042454824447631836
\Time of module 22 (stage 6):
Intra-stage comm time: 0.19307800920142065
Grad sync time: 0

[I] Optimized module 22 for stage 6, comm time has been statically analyzed.
\Time of module 23 (stage 7):
Intra-stage comm time: 0.00013201832771301267
Grad sync time: 0

[I] Optimized module 23 for stage 7, comm time has been statically analyzed.
[TMP] Memory footprint of the stage 0 is 0.8370564021170139 GB, while the available memory of the XLA device is 35.33237304631621 GB.
[TMP] Memory footprint of the stage 1 is 2.3524642027914524 GB, while the available memory of the XLA device is 35.33237304631621 GB.
[TMP] Memory footprint of the stage 2 is 1.8171715773642063 GB, while the available memory of the XLA device is 35.33237304631621 GB.
[TMP] Memory footprint of the stage 3 is 3.9651823081076145 GB, while the available memory of the XLA device is 35.33237304631621 GB.
[TMP] Memory footprint of the stage 4 is 8.297929767519236 GB, while the available memory of the XLA device is 35.33237304631621 GB.
[TMP] Memory footprint of the stage 5 is 4.755039218813181 GB, while the available memory of the XLA device is 35.33237304631621 GB.
[TMP] Memory footprint of the stage 6 is 23.577818874269724 GB, while the available memory of the XLA device is 35.33237304631621 GB.
[TMP] Memory footprint of the stage 7 is 17.90554443374276 GB, while the available memory of the XLA device is 35.33237304631621 GB.
[I] Only-sharded module 0 for stage 0, constructing entry XLA computation...
[I] Compiling HLO module...
[I] Profiling HLO modules...
    - Iteration 0/5: Kernel execution time: 0.07669929400000004 s.
    - Iteration 1/5: Kernel execution time: 0.07737616500000004 s.
    - Iteration 2/5: Kernel execution time: 0.07945781100000002 s.
    - Iteration 3/5: Kernel execution time: 0.07893611100000002 s.
    - Iteration 4/5: Kernel execution time: 0.077574306 s.
[I] Only-sharded module 1 for stage 1, constructing entry XLA computation...
[I] Compiling HLO module...
[I] Profiling HLO modules...
    - Iteration 0/5: Kernel execution time: 0.094265525 s.
    - Iteration 1/5: Kernel execution time: 0.093433455 s.
    - Iteration 2/5: Kernel execution time: 0.094046422 s.
    - Iteration 3/5: Kernel execution time: 0.094695611 s.
    - Iteration 4/5: Kernel execution time: 0.09436965699999998 s.
[I] Only-sharded module 2 for stage 2, constructing entry XLA computation...
[I] Compiling HLO module...
[I] Profiling HLO modules...
    - Iteration 0/5: Kernel execution time: 0.06827525400000001 s.
    - Iteration 1/5: Kernel execution time: 0.06690279299999999 s.
    - Iteration 2/5: Kernel execution time: 0.06751873200000003 s.
    - Iteration 3/5: Kernel execution time: 0.06609305500000001 s.
    - Iteration 4/5: Kernel execution time: 0.067376589 s.
[I] Only-sharded module 3 for stage 3, constructing entry XLA computation...
[I] Compiling HLO module...
[I] Profiling HLO modules...
    - Iteration 0/5: Kernel execution time: 0.08848115600000002 s.
    - Iteration 1/5: Kernel execution time: 0.087969851 s.
    - Iteration 2/5: Kernel execution time: 0.08815091100000001 s.
    - Iteration 3/5: Kernel execution time: 0.08625038700000003 s.
    - Iteration 4/5: Kernel execution time: 0.087266586 s.
[I] Only-sharded module 4 for stage 4, constructing entry XLA computation...
[I] Compiling HLO module...
[I] Profiling HLO modules...
    - Iteration 0/5: Kernel execution time: 0.117655363 s.
    - Iteration 1/5: Kernel execution time: 0.11831825100000001 s.
    - Iteration 2/5: Kernel execution time: 0.11793482100000001 s.
    - Iteration 3/5: Kernel execution time: 0.118353224 s.
    - Iteration 4/5: Kernel execution time: 0.117731942 s.
[I] Only-sharded module 5 for stage 5, constructing entry XLA computation...
[I] Compiling HLO module...
[I] Profiling HLO modules...
    - Iteration 0/5: Kernel execution time: 0.08212250999999998 s.
    - Iteration 1/5: Kernel execution time: 0.08344927099999999 s.
    - Iteration 2/5: Kernel execution time: 0.07998844400000002 s.
    - Iteration 3/5: Kernel execution time: 0.081037443 s.
    - Iteration 4/5: Kernel execution time: 0.081406437 s.
[I] Only-sharded module 6 for stage 6, constructing entry XLA computation...
[I] Compiling HLO module...
[I] Profiling HLO modules...
    - Iteration 0/5: Kernel execution time: 0.26825793100000006 s.
    - Iteration 1/5: Kernel execution time: 0.26705356900000005 s.
    - Iteration 2/5: Kernel execution time: 0.2677787260000001 s.
    - Iteration 3/5: Kernel execution time: 0.268154506 s.
    - Iteration 4/5: Kernel execution time: 0.26832103500000004 s.
[I] Only-sharded module 7 for stage 7, constructing entry XLA computation...
[I] Compiling HLO module...
[I] Profiling HLO modules...
    - Iteration 0/5: Kernel execution time: 0.16048972199999997 s.
    - Iteration 1/5: Kernel execution time: 0.1608686690000001 s.
    - Iteration 2/5: Kernel execution time: 0.16110870400000007 s.
    - Iteration 3/5: Kernel execution time: 0.16105833500000005 s.
    - Iteration 4/5: Kernel execution time: 0.16064396399999992 s.
[I] Only-sharded module 8 for stage 7, constructing entry XLA computation...
[I] Compiling HLO module...
[I] Profiling HLO modules...
    - Iteration 0/5: Kernel execution time: 0.734059619 s.
    - Iteration 1/5: Kernel execution time: 0.7313329080000001 s.
    - Iteration 2/5: Kernel execution time: 0.733636671 s.
    - Iteration 3/5: Kernel execution time: 0.731247528 s.
    - Iteration 4/5: Kernel execution time: 0.732056139 s.
[I] Only-sharded module 9 for stage 6, constructing entry XLA computation...
[I] Compiling HLO module...
[I] Profiling HLO modules...
    - Iteration 0/5: Kernel execution time: 0.8040539079999999 s.
    - Iteration 1/5: Kernel execution time: 0.8054184030000002 s.
    - Iteration 2/5: Kernel execution time: 0.8060819319999998 s.
    - Iteration 3/5: Kernel execution time: 0.8048649249999996 s.
    - Iteration 4/5: Kernel execution time: 0.804845346 s.
[I] Only-sharded module 10 for stage 5, constructing entry XLA computation...
[I] Compiling HLO module...
[I] Profiling HLO modules...
    - Iteration 0/5: Kernel execution time: 0.2826630050000001 s.
    - Iteration 1/5: Kernel execution time: 0.2829815730000001 s.
    - Iteration 2/5: Kernel execution time: 0.28346599100000003 s.
    - Iteration 3/5: Kernel execution time: 0.28206962700000004 s.
    - Iteration 4/5: Kernel execution time: 0.28401025100000005 s.
[I] Only-sharded module 11 for stage 4, constructing entry XLA computation...
[I] Compiling HLO module...
[I] Profiling HLO modules...
    - Iteration 0/5: Kernel execution time: 0.352369833 s.
    - Iteration 1/5: Kernel execution time: 0.352319627 s.
    - Iteration 2/5: Kernel execution time: 0.35330837400000004 s.
    - Iteration 3/5: Kernel execution time: 0.35328933199999984 s.
    - Iteration 4/5: Kernel execution time: 0.3526646890000001 s.
[I] Only-sharded module 12 for stage 3, constructing entry XLA computation...
[I] Compiling HLO module...
[I] Profiling HLO modules...
    - Iteration 0/5: Kernel execution time: 0.342463902 s.
    - Iteration 1/5: Kernel execution time: 0.34262233099999995 s.
    - Iteration 2/5: Kernel execution time: 0.3423462980000002 s.
    - Iteration 3/5: Kernel execution time: 0.340670953 s.
    - Iteration 4/5: Kernel execution time: 0.3428677110000001 s.
[I] Only-sharded module 13 for stage 2, constructing entry XLA computation...
[I] Compiling HLO module...
[I] Profiling HLO modules...
    - Iteration 0/5: Kernel execution time: 0.22596306999999996 s.
    - Iteration 1/5: Kernel execution time: 0.22446964000000014 s.
    - Iteration 2/5: Kernel execution time: 0.224203561 s.
    - Iteration 3/5: Kernel execution time: 0.225993537 s.
    - Iteration 4/5: Kernel execution time: 0.22564825300000008 s.
[I] Only-sharded module 14 for stage 1, constructing entry XLA computation...
[I] Compiling HLO module...
[I] Profiling HLO modules...
    - Iteration 0/5: Kernel execution time: 0.29459054 s.
    - Iteration 1/5: Kernel execution time: 0.293577567 s.
    - Iteration 2/5: Kernel execution time: 0.29431792100000004 s.
    - Iteration 3/5: Kernel execution time: 0.296043487 s.
    - Iteration 4/5: Kernel execution time: 0.29497296799999995 s.
[I] Only-sharded module 15 for stage 0, constructing entry XLA computation...
[I] Compiling HLO module...
[I] Profiling HLO modules...
    - Iteration 0/5: Kernel execution time: 0.24401224900000007 s.
    - Iteration 1/5: Kernel execution time: 0.24541363899999996 s.
    - Iteration 2/5: Kernel execution time: 0.24466157 s.
    - Iteration 3/5: Kernel execution time: 0.246866706 s.
    - Iteration 4/5: Kernel execution time: 0.24690612999999995 s.
[I] Only-sharded module 16 for stage 0, constructing entry XLA computation...
[I] Compiling HLO module...
[I] Profiling HLO modules...
    - Iteration 0/5: Kernel execution time: 0.0005075240000000001 s.
    - Iteration 1/5: Kernel execution time: 0.0005083240000000001 s.
    - Iteration 2/5: Kernel execution time: 0.000507458 s.
    - Iteration 3/5: Kernel execution time: 0.000508006 s.
    - Iteration 4/5: Kernel execution time: 0.000506727 s.
[I] Only-sharded module 17 for stage 1, constructing entry XLA computation...
[I] Compiling HLO module...
[I] Profiling HLO modules...
    - Iteration 0/5: Kernel execution time: 0.0013817730000000002 s.
    - Iteration 1/5: Kernel execution time: 0.0013837570000000002 s.
    - Iteration 2/5: Kernel execution time: 0.0013859980000000003 s.
    - Iteration 3/5: Kernel execution time: 0.0013838840000000002 s.
    - Iteration 4/5: Kernel execution time: 0.001384138 s.
[I] Only-sharded module 18 for stage 2, constructing entry XLA computation...
[I] Compiling HLO module...
[I] Profiling HLO modules...
    - Iteration 0/5: Kernel execution time: 0.001889201 s.
    - Iteration 1/5: Kernel execution time: 0.001889426 s.
    - Iteration 2/5: Kernel execution time: 0.0018878890000000002 s.
    - Iteration 3/5: Kernel execution time: 0.0018886250000000001 s.
    - Iteration 4/5: Kernel execution time: 0.0018876980000000002 s.
[I] Only-sharded module 19 for stage 3, constructing entry XLA computation...
[I] Compiling HLO module...
[I] Profiling HLO modules...
    - Iteration 0/5: Kernel execution time: 0.0056305800000000005 s.
    - Iteration 1/5: Kernel execution time: 0.005501619000000001 s.
    - Iteration 2/5: Kernel execution time: 0.005492530000000001 s.
    - Iteration 3/5: Kernel execution time: 0.005503473 s.
    - Iteration 4/5: Kernel execution time: 0.005497972 s.
[I] Only-sharded module 20 for stage 4, constructing entry XLA computation...
[I] Compiling HLO module...
[I] Profiling HLO modules...
    - Iteration 0/5: Kernel execution time: 0.010828038000000002 s.
    - Iteration 1/5: Kernel execution time: 0.010827076000000001 s.
    - Iteration 2/5: Kernel execution time: 0.010836708 s.
    - Iteration 3/5: Kernel execution time: 0.010832867000000001 s.
    - Iteration 4/5: Kernel execution time: 0.010842916000000001 s.
[I] Only-sharded module 21 for stage 5, constructing entry XLA computation...
[I] Compiling HLO module...
[I] Profiling HLO modules...
    - Iteration 0/5: Kernel execution time: 0.007662918 s.
    - Iteration 1/5: Kernel execution time: 0.007660071000000001 s.
    - Iteration 2/5: Kernel execution time: 0.0076540210000000004 s.
    - Iteration 3/5: Kernel execution time: 0.007652295000000001 s.
    - Iteration 4/5: Kernel execution time: 0.007645638 s.
[I] Only-sharded module 22 for stage 6, constructing entry XLA computation...
[I] Compiling HLO module...
[I] Profiling HLO modules...
    - Iteration 0/5: Kernel execution time: 0.031125057000000005 s.
    - Iteration 1/5: Kernel execution time: 0.031144000000000005 s.
    - Iteration 2/5: Kernel execution time: 0.031137663000000003 s.
    - Iteration 3/5: Kernel execution time: 0.031090848 s.
    - Iteration 4/5: Kernel execution time: 0.031132575000000003 s.
[I] Only-sharded module 23 for stage 7, constructing entry XLA computation...
[I] Compiling HLO module...
[I] Profiling HLO modules...
    - Iteration 0/5: Kernel execution time: 0.031180064 s.
    - Iteration 1/5: Kernel execution time: 0.031167552 s.
    - Iteration 2/5: Kernel execution time: 0.031158400000000003 s.
    - Iteration 3/5: Kernel execution time: 0.031155423 s.
    - Iteration 4/5: Kernel execution time: 0.031156704 s.
[I] Constructing single-device HLO modules concurrently takes 0.010310888290405273 s.
[I] Compile single-device HLO modules concurrently takes 1.0603728294372559 s.
[I] Profile all compiled sequentially on one GPU takes 48.25755572319031 s.
[I] Estimated e2e pipeline iteration time is: 28.34025782787443 s.
    - Kernel computation time is: -1.0 s.
    - Communication time is: -1.0 s.
    - Cross-stages communication time is: -1.0 s.
