
[I] Loading Crius kernel-level profiler...
[TMP] Profiling results not found in `None`, creating it...

[I] Loading model and generating sharded HLO module...
[I] Initializing XLA devices takes 0.43714046478271484 s.
[I] Loading flax model....
[I] Model 'wide_resnet' loads sucessfully. Model Info: 

WideResNet(
    # attributes
    stage_sizes = [3, 4, 6, 3]
    block_cls = BottleneckResNetBlock
    num_classes = 1024
    num_filters = 640
    width_factor = 2
    dtype = float32
    act = relu
) 

[I] Initialize training state...
[I] Training state initialization is completed.
[I] Constructing general train step func...
[I] General train step func construction is completed.
[I] Model has been loaded, begin Jaxpr transformation...

[I] Pipeline partition mode: forced | Layer-to-stage partition: [[0, 1], [2, 3], [4, 5], [6, 7], [8, 9], [10, 11], [12, 13], [14, 15]]
[I] Pipeline partition mode: auto | Cell-generated physical mesh shapes: [(1, 2), (1, 2), (1, 2), (1, 2), (1, 2), (1, 2), (1, 2), (1, 2)]
[I] Loading model and transform to Jaxpr stages takes 14.840802907943726 s.
[I] The GPU sharding of pipeline stages is: [2, 2, 2, 2, 2, 2, 2, 2]
[I] Pipeline partition mode: auto | Parallel enum mode: auto | Parallel plans: [[StageShape(type='single', stage_shape=(1, 2), layer_shape=None), StageShape(type='single', stage_shape=(1, 2), layer_shape=None), StageShape(type='single', stage_shape=(1, 2), layer_shape=None), StageShape(type='single', stage_shape=(1, 2), layer_shape=None), StageShape(type='single', stage_shape=(1, 2), layer_shape=None), StageShape(type='single', stage_shape=(1, 2), layer_shape=None), StageShape(type='single', stage_shape=(2, 1), layer_shape=None), StageShape(type='single', stage_shape=(1, 2), layer_shape=None)]]

[I] (Parallel plan idx: 0) Sharding stages...
[I] Sharding stages takes 8.198545455932617 s.
[I] (Parallel plan idx: 0) SPMD partitioning and compiling (kernel fusing) HLO stages...
[I] SPMD partitioning and pre-compiling HLO modules concurrently takes 3.283069133758545 s.

[I] All parallel plans in the cell have been sharded and compiled.
[TMP] Writing only-sharded HLO text to '/home/cyxue/Projects/crius/Crius/runtime/jaxpr/tmp/wide_resnet_4B_256_sharded_stages.pkl'...
[TMP] Writing optimized HLO text to '/home/cyxue/Projects/crius/Crius/runtime/jaxpr/tmp/wide_resnet_4B_256_optimized_stages.pkl'...
[TMP] Writing inter-stages communicated vars to '/home/cyxue/Projects/crius/Crius/runtime/jaxpr/tmp/wide_resnet_4B_256_inter_stages_comm_vars.pkl'

[I] Parallel plan idx: 0 | Parallelism: [(1, 2), (1, 2), (1, 2), (1, 2), (1, 2), (1, 2), (2, 1), (1, 2)]

[I] (Parallel plan idx: 0) Parsing HLO texts and profiling XLA operators...
[I] Pipeline partition mode: auto | Preset physical mesh shapes: [(1, 2), (1, 2), (1, 2), (1, 2), (1, 2), (1, 2), (1, 2), (1, 2)]
[TMP] Loading offline profiled communication data: `1_a40_1_n_2_d_ib.pkl`...
[TMP] Loading offline profiled communication data: `2_a40_2_n_1_d_ib.pkl`...
\Time of module 0 (stage 0):
Intra-stage comm time: 0.04816402653232217
Grad sync time: 0

[I] Optimized module 0 for stage 0, comm time has been statically analyzed.
\Time of module 1 (stage 1):
Intra-stage comm time: 0.057498734910041094
Grad sync time: 0

[I] Optimized module 1 for stage 1, comm time has been statically analyzed.
\Time of module 2 (stage 2):
Intra-stage comm time: 0.022961602732539173
Grad sync time: 0

[I] Optimized module 2 for stage 2, comm time has been statically analyzed.
\Time of module 3 (stage 3):
Intra-stage comm time: 0.03253108970820904
Grad sync time: 0

[I] Optimized module 3 for stage 3, comm time has been statically analyzed.
\Time of module 4 (stage 4):
Intra-stage comm time: 0.013578391913324595
Grad sync time: 0

[I] Optimized module 4 for stage 4, comm time has been statically analyzed.
\Time of module 5 (stage 5):
Intra-stage comm time: 0.013578391913324595
Grad sync time: 0

[I] Optimized module 5 for stage 5, comm time has been statically analyzed.
\Time of module 6 (stage 6):
Intra-stage comm time: 0.0007482144981622695
Grad sync time: 0

[I] Optimized module 6 for stage 6, comm time has been statically analyzed.
\Time of module 7 (stage 7):
Intra-stage comm time: 0.007966617587953806
Grad sync time: 0

[I] Optimized module 7 for stage 7, comm time has been statically analyzed.
\Time of module 8 (stage 7):
Intra-stage comm time: 0.01476860653433505
Grad sync time: 0

[I] Optimized module 8 for stage 7, comm time has been statically analyzed.
[WARN] Communication size of 'all-reduce' excceeds the maximum profiled size. Linear scaling is applied.
       - Communication size of the operator: 1140433920 | Estimated comm time: 0.5139975713675067
       - Max profiled communication size: 267386880 | Comm time: 0.08228549003601074
\Time of module 9 (stage 6):
Intra-stage comm time: 0.0014615632593631966
Grad sync time: 0.5139975713675067

[I] Optimized module 9 for stage 6, comm time has been statically analyzed.
\Time of module 10 (stage 5):
Intra-stage comm time: 0.03008424649015069
Grad sync time: 0

[I] Optimized module 10 for stage 5, comm time has been statically analyzed.
\Time of module 11 (stage 4):
Intra-stage comm time: 0.03008424649015069
Grad sync time: 0

[I] Optimized module 11 for stage 4, comm time has been statically analyzed.
\Time of module 12 (stage 3):
Intra-stage comm time: 0.053827217780053616
Grad sync time: 0

[I] Optimized module 12 for stage 3, comm time has been statically analyzed.
\Time of module 13 (stage 2):
Intra-stage comm time: 0.05338655654340982
Grad sync time: 0

[I] Optimized module 13 for stage 2, comm time has been statically analyzed.
\Time of module 14 (stage 1):
Intra-stage comm time: 0.09035358615219592
Grad sync time: 0

[I] Optimized module 14 for stage 1, comm time has been statically analyzed.
\Time of module 15 (stage 0):
Intra-stage comm time: 0.11107181720435619
Grad sync time: 0

[I] Optimized module 15 for stage 0, comm time has been statically analyzed.
\Time of module 16 (stage 0):
Intra-stage comm time: 0.00019350349903106688
Grad sync time: 0

[I] Optimized module 16 for stage 0, comm time has been statically analyzed.
\Time of module 17 (stage 1):
Intra-stage comm time: 0.00013055279850959778
Grad sync time: 0

[I] Optimized module 17 for stage 1, comm time has been statically analyzed.
\Time of module 18 (stage 2):
Intra-stage comm time: 0.00013055279850959778
Grad sync time: 0

[I] Optimized module 18 for stage 2, comm time has been statically analyzed.
\Time of module 19 (stage 3):
Intra-stage comm time: 0.00013184249401092528
Grad sync time: 0

[I] Optimized module 19 for stage 3, comm time has been statically analyzed.
\Time of module 20 (stage 4):
Intra-stage comm time: 0.0001316666603088379
Grad sync time: 0

[I] Optimized module 20 for stage 4, comm time has been statically analyzed.
\Time of module 21 (stage 5):
Intra-stage comm time: 0.0001316666603088379
Grad sync time: 0

[I] Optimized module 21 for stage 5, comm time has been statically analyzed.
[WARN] Communication size of 'all-gather' excceeds the maximum profiled size. Linear scaling is applied.
       - Communication size of the operator: 471859200 | Estimated comm time: 0.08268975067138672
       - Max profiled communication size: 267386880 | Comm time: 0.042454824447631836
\Time of module 22 (stage 6):
Intra-stage comm time: 0.19307800920142065
Grad sync time: 0

[I] Optimized module 22 for stage 6, comm time has been statically analyzed.
\Time of module 23 (stage 7):
Intra-stage comm time: 0.00013201832771301267
Grad sync time: 0

[I] Optimized module 23 for stage 7, comm time has been statically analyzed.
[TMP] Memory footprint of the stage 0 is 0.8370564021170139 GB, while the available memory of the XLA device is 35.33237304631621 GB.
[TMP] Memory footprint of the stage 1 is 2.3524642027914524 GB, while the available memory of the XLA device is 35.33237304631621 GB.
[TMP] Memory footprint of the stage 2 is 1.8171715773642063 GB, while the available memory of the XLA device is 35.33237304631621 GB.
[TMP] Memory footprint of the stage 3 is 3.9651823081076145 GB, while the available memory of the XLA device is 35.33237304631621 GB.
[TMP] Memory footprint of the stage 4 is 4.755020145326853 GB, while the available memory of the XLA device is 35.33237304631621 GB.
[TMP] Memory footprint of the stage 5 is 4.755039218813181 GB, while the available memory of the XLA device is 35.33237304631621 GB.
[TMP] Memory footprint of the stage 6 is 23.577818874269724 GB, while the available memory of the XLA device is 35.33237304631621 GB.
[TMP] Memory footprint of the stage 7 is 17.90554443374276 GB, while the available memory of the XLA device is 35.33237304631621 GB.
[I] Only-sharded module 0 for stage 0, constructing entry XLA computation...
[I] Compiling HLO module...
[I] Profiling HLO modules...
    - Iteration 0/5: Kernel execution time: 0.076382989 s.
    - Iteration 1/5: Kernel execution time: 0.076758991 s.
    - Iteration 2/5: Kernel execution time: 0.07968001100000001 s.
    - Iteration 3/5: Kernel execution time: 0.07862086600000001 s.
    - Iteration 4/5: Kernel execution time: 0.07884713800000002 s.
[I] Only-sharded module 1 for stage 1, constructing entry XLA computation...
[I] Compiling HLO module...
[I] Profiling HLO modules...
    - Iteration 0/5: Kernel execution time: 0.09429482500000001 s.
    - Iteration 1/5: Kernel execution time: 0.09519540700000001 s.
    - Iteration 2/5: Kernel execution time: 0.093929029 s.
    - Iteration 3/5: Kernel execution time: 0.094621099 s.
    - Iteration 4/5: Kernel execution time: 0.09388592200000002 s.
[I] Only-sharded module 2 for stage 2, constructing entry XLA computation...
[I] Compiling HLO module...
[I] Profiling HLO modules...
    - Iteration 0/5: Kernel execution time: 0.067964521 s.
    - Iteration 1/5: Kernel execution time: 0.067087328 s.
    - Iteration 2/5: Kernel execution time: 0.065969044 s.
    - Iteration 3/5: Kernel execution time: 0.06680454100000001 s.
    - Iteration 4/5: Kernel execution time: 0.06829713099999998 s.
[I] Only-sharded module 3 for stage 3, constructing entry XLA computation...
[I] Compiling HLO module...
[I] Profiling HLO modules...
    - Iteration 0/5: Kernel execution time: 0.088100434 s.
    - Iteration 1/5: Kernel execution time: 0.088633781 s.
    - Iteration 2/5: Kernel execution time: 0.086878532 s.
    - Iteration 3/5: Kernel execution time: 0.08697635799999999 s.
    - Iteration 4/5: Kernel execution time: 0.08695204100000001 s.
[I] Only-sharded module 4 for stage 4, constructing entry XLA computation...
[I] Compiling HLO module...
[I] Profiling HLO modules...
    - Iteration 0/5: Kernel execution time: 0.081079602 s.
    - Iteration 1/5: Kernel execution time: 0.08086599400000001 s.
    - Iteration 2/5: Kernel execution time: 0.08068305400000003 s.
    - Iteration 3/5: Kernel execution time: 0.082539808 s.
    - Iteration 4/5: Kernel execution time: 0.081832247 s.
[I] Only-sharded module 5 for stage 5, constructing entry XLA computation...
[I] Compiling HLO module...
[I] Profiling HLO modules...
    - Iteration 0/5: Kernel execution time: 0.08066264300000002 s.
    - Iteration 1/5: Kernel execution time: 0.080988308 s.
    - Iteration 2/5: Kernel execution time: 0.08125589300000001 s.
    - Iteration 3/5: Kernel execution time: 0.08140939800000001 s.
    - Iteration 4/5: Kernel execution time: 0.08051882999999999 s.
[I] Only-sharded module 6 for stage 6, constructing entry XLA computation...
[I] Compiling HLO module...
[I] Profiling HLO modules...
    - Iteration 0/5: Kernel execution time: 0.26805828200000004 s.
    - Iteration 1/5: Kernel execution time: 0.267828295 s.
    - Iteration 2/5: Kernel execution time: 0.26844843100000004 s.
    - Iteration 3/5: Kernel execution time: 0.267830729 s.
    - Iteration 4/5: Kernel execution time: 0.26815869999999997 s.
[I] Only-sharded module 7 for stage 7, constructing entry XLA computation...
[I] Compiling HLO module...
[I] Profiling HLO modules...
    - Iteration 0/5: Kernel execution time: 0.16064201099999997 s.
    - Iteration 1/5: Kernel execution time: 0.16073298499999994 s.
    - Iteration 2/5: Kernel execution time: 0.16113967499999998 s.
    - Iteration 3/5: Kernel execution time: 0.16092828399999995 s.
    - Iteration 4/5: Kernel execution time: 0.160879963 s.
[I] Only-sharded module 8 for stage 7, constructing entry XLA computation...
[I] Compiling HLO module...
[I] Profiling HLO modules...
    - Iteration 0/5: Kernel execution time: 0.7331145469999999 s.
    - Iteration 1/5: Kernel execution time: 0.7324099379999999 s.
    - Iteration 2/5: Kernel execution time: 0.7322161399999998 s.
    - Iteration 3/5: Kernel execution time: 0.7336740390000001 s.
    - Iteration 4/5: Kernel execution time: 0.7304963210000001 s.
[I] Only-sharded module 9 for stage 6, constructing entry XLA computation...
[I] Compiling HLO module...
[I] Profiling HLO modules...
    - Iteration 0/5: Kernel execution time: 0.8048099080000001 s.
    - Iteration 1/5: Kernel execution time: 0.8081423530000001 s.
    - Iteration 2/5: Kernel execution time: 0.8060567300000001 s.
    - Iteration 3/5: Kernel execution time: 0.8076957510000001 s.
    - Iteration 4/5: Kernel execution time: 0.806012477 s.
[I] Only-sharded module 10 for stage 5, constructing entry XLA computation...
[I] Compiling HLO module...
[I] Profiling HLO modules...
    - Iteration 0/5: Kernel execution time: 0.281724662 s.
    - Iteration 1/5: Kernel execution time: 0.2829842889999999 s.
    - Iteration 2/5: Kernel execution time: 0.28252713799999996 s.
    - Iteration 3/5: Kernel execution time: 0.28347524 s.
    - Iteration 4/5: Kernel execution time: 0.2839255809999999 s.
[I] Only-sharded module 11 for stage 4, constructing entry XLA computation...
[I] Compiling HLO module...
[I] Profiling HLO modules...
    - Iteration 0/5: Kernel execution time: 0.28467035599999996 s.
    - Iteration 1/5: Kernel execution time: 0.28475633499999997 s.
    - Iteration 2/5: Kernel execution time: 0.28534841000000005 s.
    - Iteration 3/5: Kernel execution time: 0.28435227500000004 s.
    - Iteration 4/5: Kernel execution time: 0.284057936 s.
[I] Only-sharded module 12 for stage 3, constructing entry XLA computation...
[I] Compiling HLO module...
[I] Profiling HLO modules...
    - Iteration 0/5: Kernel execution time: 0.34154768499999993 s.
    - Iteration 1/5: Kernel execution time: 0.3417543499999998 s.
    - Iteration 2/5: Kernel execution time: 0.3399463920000001 s.
    - Iteration 3/5: Kernel execution time: 0.34043382300000014 s.
    - Iteration 4/5: Kernel execution time: 0.34132589100000016 s.
[I] Only-sharded module 13 for stage 2, constructing entry XLA computation...
[I] Compiling HLO module...
[I] Profiling HLO modules...
    - Iteration 0/5: Kernel execution time: 0.22594312 s.
    - Iteration 1/5: Kernel execution time: 0.225106919 s.
    - Iteration 2/5: Kernel execution time: 0.22562343499999998 s.
    - Iteration 3/5: Kernel execution time: 0.225072877 s.
    - Iteration 4/5: Kernel execution time: 0.22569412200000002 s.
[I] Only-sharded module 14 for stage 1, constructing entry XLA computation...
[I] Compiling HLO module...
[I] Profiling HLO modules...
    - Iteration 0/5: Kernel execution time: 0.29489299899999993 s.
    - Iteration 1/5: Kernel execution time: 0.29261404499999993 s.
    - Iteration 2/5: Kernel execution time: 0.295359126 s.
    - Iteration 3/5: Kernel execution time: 0.29507041400000006 s.
    - Iteration 4/5: Kernel execution time: 0.29565349700000004 s.
[I] Only-sharded module 15 for stage 0, constructing entry XLA computation...
[I] Compiling HLO module...
[I] Profiling HLO modules...
    - Iteration 0/5: Kernel execution time: 0.24641727299999996 s.
    - Iteration 1/5: Kernel execution time: 0.24470458699999997 s.
    - Iteration 2/5: Kernel execution time: 0.24579211500000006 s.
    - Iteration 3/5: Kernel execution time: 0.2446223410000001 s.
    - Iteration 4/5: Kernel execution time: 0.24636268800000002 s.
[I] Only-sharded module 16 for stage 0, constructing entry XLA computation...
[I] Compiling HLO module...
[I] Profiling HLO modules...
    - Iteration 0/5: Kernel execution time: 0.000506693 s.
    - Iteration 1/5: Kernel execution time: 0.0005085830000000001 s.
    - Iteration 2/5: Kernel execution time: 0.000508451 s.
    - Iteration 3/5: Kernel execution time: 0.000503844 s.
    - Iteration 4/5: Kernel execution time: 0.000507171 s.
[I] Only-sharded module 17 for stage 1, constructing entry XLA computation...
[I] Compiling HLO module...
[I] Profiling HLO modules...
    - Iteration 0/5: Kernel execution time: 0.00138382 s.
    - Iteration 1/5: Kernel execution time: 0.001385708 s.
    - Iteration 2/5: Kernel execution time: 0.0013851330000000002 s.
    - Iteration 3/5: Kernel execution time: 0.001382028 s.
    - Iteration 4/5: Kernel execution time: 0.001385196 s.
[I] Only-sharded module 18 for stage 2, constructing entry XLA computation...
[I] Compiling HLO module...
[I] Profiling HLO modules...
    - Iteration 0/5: Kernel execution time: 0.001893298 s.
    - Iteration 1/5: Kernel execution time: 0.0018883370000000003 s.
    - Iteration 2/5: Kernel execution time: 0.0018873120000000004 s.
    - Iteration 3/5: Kernel execution time: 0.001884785 s.
    - Iteration 4/5: Kernel execution time: 0.001887953 s.
[I] Only-sharded module 19 for stage 3, constructing entry XLA computation...
[I] Compiling HLO module...
[I] Profiling HLO modules...
    - Iteration 0/5: Kernel execution time: 0.0055023550000000004 s.
    - Iteration 1/5: Kernel execution time: 0.005498898 s.
    - Iteration 2/5: Kernel execution time: 0.00549797 s.
    - Iteration 3/5: Kernel execution time: 0.005502034 s.
    - Iteration 4/5: Kernel execution time: 0.0054936180000000005 s.
[I] Only-sharded module 20 for stage 4, constructing entry XLA computation...
[I] Compiling HLO module...
[I] Profiling HLO modules...
    - Iteration 0/5: Kernel execution time: 0.007650375000000001 s.
    - Iteration 1/5: Kernel execution time: 0.007651973 s.
    - Iteration 2/5: Kernel execution time: 0.007640837000000001 s.
    - Iteration 3/5: Kernel execution time: 0.007656582 s.
    - Iteration 4/5: Kernel execution time: 0.007652998 s.
[I] Only-sharded module 21 for stage 5, constructing entry XLA computation...
[I] Compiling HLO module...
[I] Profiling HLO modules...
    - Iteration 0/5: Kernel execution time: 0.007647396000000001 s.
    - Iteration 1/5: Kernel execution time: 0.007650854 s.
    - Iteration 2/5: Kernel execution time: 0.007641765 s.
    - Iteration 3/5: Kernel execution time: 0.007644485000000001 s.
    - Iteration 4/5: Kernel execution time: 0.007646725 s.
[I] Only-sharded module 22 for stage 6, constructing entry XLA computation...
[I] Compiling HLO module...
[I] Profiling HLO modules...
    - Iteration 0/5: Kernel execution time: 0.031107482 s.
    - Iteration 1/5: Kernel execution time: 0.031140379 s.
    - Iteration 2/5: Kernel execution time: 0.031118873000000002 s.
    - Iteration 3/5: Kernel execution time: 0.031125531 s.
    - Iteration 4/5: Kernel execution time: 0.031109912000000003 s.
[I] Only-sharded module 23 for stage 7, constructing entry XLA computation...
[I] Compiling HLO module...
[I] Profiling HLO modules...
    - Iteration 0/5: Kernel execution time: 0.031176281000000004 s.
    - Iteration 1/5: Kernel execution time: 0.031188475 s.
    - Iteration 2/5: Kernel execution time: 0.031154778 s.
    - Iteration 3/5: Kernel execution time: 0.031197178000000002 s.
    - Iteration 4/5: Kernel execution time: 0.031178106000000004 s.
[I] Constructing single-device HLO modules concurrently takes 0.010517358779907227 s.
[I] Compile single-device HLO modules concurrently takes 1.1901416778564453 s.
[I] Profile all compiled sequentially on one GPU takes 47.519490003585815 s.
[I] Estimated e2e pipeline iteration time is: 28.135250569667765 s.
    - Kernel computation time is: -1.0 s.
    - Communication time is: -1.0 s.
    - Cross-stages communication time is: -1.0 s.
