
[I] Loading Crius kernel-level profiler...
[TMP] Profiling results not found in `None`, creating it...

[I] Loading model and generating sharded HLO module...
[I] Initializing XLA devices takes 0.6784977912902832 s.
[I] Loading flax model....
[I] Model 'wide_resnet' loads sucessfully. Model Info: 

WideResNet(
    # attributes
    stage_sizes = [3, 4, 6, 3]
    block_cls = BottleneckResNetBlock
    num_classes = 1024
    num_filters = 640
    width_factor = 2
    dtype = float32
    act = relu
) 

[I] Initialize training state...
[I] Training state initialization is completed.
[I] Constructing general train step func...
[I] General train step func construction is completed.
[I] Model has been loaded, begin Jaxpr transformation...

[I] Pipeline partition mode: forced | Layer-to-stage partition: [[0, 1], [2, 3], [4, 5], [6, 7], [8, 9], [10, 11], [12, 13], [14, 15]]
[I] Pipeline partition mode: auto | Cell-generated physical mesh shapes: [(1, 2), (1, 2), (1, 2), (1, 2), (1, 2), (1, 2), (1, 2), (1, 2)]
[I] Loading model and transform to Jaxpr stages takes 14.482913255691528 s.
[I] The GPU sharding of pipeline stages is: [2, 2, 2, 2, 2, 2, 2, 2]
[I] Pipeline partition mode: auto | Parallel enum mode: auto | Parallel plans: [[StageShape(type='single', stage_shape=(2, 1), layer_shape=None), StageShape(type='single', stage_shape=(2, 1), layer_shape=None), StageShape(type='single', stage_shape=(2, 1), layer_shape=None), StageShape(type='single', stage_shape=(2, 1), layer_shape=None), StageShape(type='single', stage_shape=(2, 1), layer_shape=None), StageShape(type='single', stage_shape=(1, 2), layer_shape=None), StageShape(type='single', stage_shape=(2, 1), layer_shape=None), StageShape(type='single', stage_shape=(2, 1), layer_shape=None)]]

[I] (Parallel plan idx: 0) Sharding stages...
[I] Sharding stages takes 6.887587070465088 s.
[I] (Parallel plan idx: 0) SPMD partitioning and compiling (kernel fusing) HLO stages...
[I] SPMD partitioning and pre-compiling HLO modules concurrently takes 3.3189549446105957 s.

[I] All parallel plans in the cell have been sharded and compiled.
[TMP] Writing only-sharded HLO text to '/home/cyxue/Projects/crius/Crius/runtime/jaxpr/tmp/wide_resnet_4B_256_sharded_stages.pkl'...
[TMP] Writing optimized HLO text to '/home/cyxue/Projects/crius/Crius/runtime/jaxpr/tmp/wide_resnet_4B_256_optimized_stages.pkl'...
[TMP] Writing inter-stages communicated vars to '/home/cyxue/Projects/crius/Crius/runtime/jaxpr/tmp/wide_resnet_4B_256_inter_stages_comm_vars.pkl'

[I] Parallel plan idx: 0 | Parallelism: [(2, 1), (2, 1), (2, 1), (2, 1), (2, 1), (1, 2), (2, 1), (2, 1)]

[I] (Parallel plan idx: 0) Parsing HLO texts and profiling XLA operators...
[I] Pipeline partition mode: auto | Preset physical mesh shapes: [(1, 2), (1, 2), (1, 2), (1, 2), (1, 2), (1, 2), (1, 2), (1, 2)]
[TMP] Loading offline profiled communication data: `1_a40_1_n_2_d_ib.pkl`...
[TMP] Loading offline profiled communication data: `2_a40_2_n_1_d_ib.pkl`...
\Time of module 0 (stage 0):
Intra-stage comm time: 0.0007580183446407318
Grad sync time: 0

[I] Optimized module 0 for stage 0, comm time has been statically analyzed.
\Time of module 1 (stage 1):
Intra-stage comm time: 0.0006677791476249695
Grad sync time: 0

[I] Optimized module 1 for stage 1, comm time has been statically analyzed.
\Time of module 2 (stage 2):
Intra-stage comm time: 0.0006656631827354431
Grad sync time: 0

[I] Optimized module 2 for stage 2, comm time has been statically analyzed.
\Time of module 3 (stage 3):
Intra-stage comm time: 0.0006955355405807494
Grad sync time: 0

[I] Optimized module 3 for stage 3, comm time has been statically analyzed.
\Time of module 4 (stage 4):
Intra-stage comm time: 0.0007000371813774108
Grad sync time: 0

[I] Optimized module 4 for stage 4, comm time has been statically analyzed.
\Time of module 5 (stage 5):
Intra-stage comm time: 0.013578391913324595
Grad sync time: 0

[I] Optimized module 5 for stage 5, comm time has been statically analyzed.
\Time of module 6 (stage 6):
Intra-stage comm time: 0.0007482144981622695
Grad sync time: 0

[I] Optimized module 6 for stage 6, comm time has been statically analyzed.
\Time of module 7 (stage 7):
Intra-stage comm time: 0.0008619621396064759
Grad sync time: 0

[I] Optimized module 7 for stage 7, comm time has been statically analyzed.
[WARN] Communication size of 'all-reduce' excceeds the maximum profiled size. Linear scaling is applied.
       - Communication size of the operator: 1593979904 | Estimated comm time: 0.7899283531317175
       - Max profiled communication size: 267386880 | Comm time: 0.08228549003601074
\Time of module 8 (stage 7):
Intra-stage comm time: 0.0014546453952789529
Grad sync time: 0.7899283531317175

[I] Optimized module 8 for stage 7, comm time has been statically analyzed.
[WARN] Communication size of 'all-reduce' excceeds the maximum profiled size. Linear scaling is applied.
       - Communication size of the operator: 1140433920 | Estimated comm time: 0.5139975713675067
       - Max profiled communication size: 267386880 | Comm time: 0.08228549003601074
\Time of module 9 (stage 6):
Intra-stage comm time: 0.0014615632593631966
Grad sync time: 0.5139975713675067

[I] Optimized module 9 for stage 6, comm time has been statically analyzed.
\Time of module 10 (stage 5):
Intra-stage comm time: 0.03008424649015069
Grad sync time: 0

[I] Optimized module 10 for stage 5, comm time has been statically analyzed.
[WARN] Communication size of 'all-reduce' excceeds the maximum profiled size. Linear scaling is applied.
       - Communication size of the operator: 393287680 | Estimated comm time: 0.1331228062019218
       - Max profiled communication size: 267386880 | Comm time: 0.08228549003601074
\Time of module 11 (stage 4):
Intra-stage comm time: 0.0013657003641128485
Grad sync time: 0.1331228062019218

[I] Optimized module 11 for stage 4, comm time has been statically analyzed.
[WARN] Communication size of 'all-reduce' excceeds the maximum profiled size. Linear scaling is applied.
       - Communication size of the operator: 285135360 | Estimated comm time: 0.09779390051748488
       - Max profiled communication size: 267386880 | Comm time: 0.08228549003601074
\Time of module 12 (stage 3):
Intra-stage comm time: 0.0013669651001691763
Grad sync time: 0.09779390051748488

[I] Optimized module 12 for stage 3, comm time has been statically analyzed.
\Time of module 13 (stage 2):
Intra-stage comm time: 0.001308351755142212
Grad sync time: 0.030452021535231986

[I] Optimized module 13 for stage 2, comm time has been statically analyzed.
\Time of module 14 (stage 1):
Intra-stage comm time: 0.001316172070801258
Grad sync time: 0.022064089264410235

[I] Optimized module 14 for stage 1, comm time has been statically analyzed.
\Time of module 15 (stage 0):
Intra-stage comm time: 0.001507845148444176
Grad sync time: 0.008554695884959074

[I] Optimized module 15 for stage 0, comm time has been statically analyzed.
\Time of module 16 (stage 0):
Intra-stage comm time: 0.004880981147289276
Grad sync time: 0

[I] Optimized module 16 for stage 0, comm time has been statically analyzed.
\Time of module 17 (stage 1):
Intra-stage comm time: 0.01288060247898102
Grad sync time: 0

[I] Optimized module 17 for stage 1, comm time has been statically analyzed.
\Time of module 18 (stage 2):
Intra-stage comm time: 0.017891987413167956
Grad sync time: 0

[I] Optimized module 18 for stage 2, comm time has been statically analyzed.
\Time of module 19 (stage 3):
Intra-stage comm time: 0.048361211477054494
Grad sync time: 0

[I] Optimized module 19 for stage 3, comm time has been statically analyzed.
\Time of module 20 (stage 4):
Intra-stage comm time: 0.06619054194953707
Grad sync time: 0

[I] Optimized module 20 for stage 4, comm time has been statically analyzed.
\Time of module 21 (stage 5):
Intra-stage comm time: 0.0001316666603088379
Grad sync time: 0

[I] Optimized module 21 for stage 5, comm time has been statically analyzed.
[WARN] Communication size of 'all-gather' excceeds the maximum profiled size. Linear scaling is applied.
       - Communication size of the operator: 471859200 | Estimated comm time: 0.08268975067138672
       - Max profiled communication size: 267386880 | Comm time: 0.042454824447631836
\Time of module 22 (stage 6):
Intra-stage comm time: 0.19307800920142065
Grad sync time: 0

[I] Optimized module 22 for stage 6, comm time has been statically analyzed.
[WARN] Communication size of 'all-gather' excceeds the maximum profiled size. Linear scaling is applied.
       - Communication size of the operator: 471859200 | Estimated comm time: 0.08268975067138672
       - Max profiled communication size: 267386880 | Comm time: 0.042454824447631836
[WARN] Communication size of 'all-gather' excceeds the maximum profiled size. Linear scaling is applied.
       - Communication size of the operator: 471859200 | Estimated comm time: 0.08268975067138672
       - Max profiled communication size: 267386880 | Comm time: 0.042454824447631836
\Time of module 23 (stage 7):
Intra-stage comm time: 0.27111198103427886
Grad sync time: 0

[I] Optimized module 23 for stage 7, comm time has been statically analyzed.
[TMP] Memory footprint of the stage 0 is 0.9424107111990452 GB, while the available memory of the XLA device is 35.33237304631621 GB.
[TMP] Memory footprint of the stage 1 is 2.2987210787832737 GB, while the available memory of the XLA device is 35.33237304631621 GB.
[TMP] Memory footprint of the stage 2 is 2.493691448122263 GB, while the available memory of the XLA device is 35.33237304631621 GB.
[TMP] Memory footprint of the stage 3 is 6.261870864778757 GB, while the available memory of the XLA device is 35.33237304631621 GB.
[TMP] Memory footprint of the stage 4 is 8.297929767519236 GB, while the available memory of the XLA device is 35.33237304631621 GB.
[TMP] Memory footprint of the stage 5 is 4.755039218813181 GB, while the available memory of the XLA device is 35.33237304631621 GB.
[TMP] Memory footprint of the stage 6 is 23.577818874269724 GB, while the available memory of the XLA device is 35.33237304631621 GB.
[TMP] Memory footprint of the stage 7 is 32.75013170018792 GB, while the available memory of the XLA device is 35.33237304631621 GB.
[I] Only-sharded module 0 for stage 0, constructing entry XLA computation...
[I] Compiling HLO module...
[I] Profiling HLO modules...
    - Iteration 0/5: Kernel execution time: 0.08152157200000001 s.
    - Iteration 1/5: Kernel execution time: 0.08159459800000003 s.
    - Iteration 2/5: Kernel execution time: 0.08250843000000001 s.
    - Iteration 3/5: Kernel execution time: 0.08326277000000001 s.
    - Iteration 4/5: Kernel execution time: 0.083646998 s.
[I] Only-sharded module 1 for stage 1, constructing entry XLA computation...
[I] Compiling HLO module...
[I] Profiling HLO modules...
    - Iteration 0/5: Kernel execution time: 0.092636679 s.
    - Iteration 1/5: Kernel execution time: 0.09203625800000002 s.
    - Iteration 2/5: Kernel execution time: 0.09198950900000001 s.
    - Iteration 3/5: Kernel execution time: 0.09219216400000002 s.
    - Iteration 4/5: Kernel execution time: 0.09167379 s.
[I] Only-sharded module 2 for stage 2, constructing entry XLA computation...
[I] Compiling HLO module...
[I] Profiling HLO modules...
    - Iteration 0/5: Kernel execution time: 0.07682344600000002 s.
    - Iteration 1/5: Kernel execution time: 0.07627342800000003 s.
    - Iteration 2/5: Kernel execution time: 0.075126757 s.
    - Iteration 3/5: Kernel execution time: 0.07594203000000002 s.
    - Iteration 4/5: Kernel execution time: 0.076044113 s.
[I] Only-sharded module 3 for stage 3, constructing entry XLA computation...
[I] Compiling HLO module...
[I] Profiling HLO modules...
    - Iteration 0/5: Kernel execution time: 0.112417818 s.
    - Iteration 1/5: Kernel execution time: 0.113015971 s.
    - Iteration 2/5: Kernel execution time: 0.113275103 s.
    - Iteration 3/5: Kernel execution time: 0.11273801400000003 s.
    - Iteration 4/5: Kernel execution time: 0.11327273700000001 s.
[I] Only-sharded module 4 for stage 4, constructing entry XLA computation...
[I] Compiling HLO module...
[I] Profiling HLO modules...
    - Iteration 0/5: Kernel execution time: 0.11799063500000001 s.
    - Iteration 1/5: Kernel execution time: 0.11859298000000003 s.
    - Iteration 2/5: Kernel execution time: 0.11799239499999999 s.
    - Iteration 3/5: Kernel execution time: 0.11816686199999998 s.
    - Iteration 4/5: Kernel execution time: 0.11818049400000002 s.
[I] Only-sharded module 5 for stage 5, constructing entry XLA computation...
[I] Compiling HLO module...
[I] Profiling HLO modules...
    - Iteration 0/5: Kernel execution time: 0.080649982 s.
    - Iteration 1/5: Kernel execution time: 0.081527107 s.
    - Iteration 2/5: Kernel execution time: 0.08102396599999999 s.
    - Iteration 3/5: Kernel execution time: 0.081029375 s.
    - Iteration 4/5: Kernel execution time: 0.08122732599999999 s.
[I] Only-sharded module 6 for stage 6, constructing entry XLA computation...
[I] Compiling HLO module...
[I] Profiling HLO modules...
    - Iteration 0/5: Kernel execution time: 0.26717201900000004 s.
    - Iteration 1/5: Kernel execution time: 0.267744573 s.
    - Iteration 2/5: Kernel execution time: 0.268092383 s.
    - Iteration 3/5: Kernel execution time: 0.26779109700000003 s.
    - Iteration 4/5: Kernel execution time: 0.268222714 s.
[I] Only-sharded module 7 for stage 7, constructing entry XLA computation...
[I] Compiling HLO module...
[I] Profiling HLO modules...
    - Iteration 0/5: Kernel execution time: 0.3430329919999999 s.
    - Iteration 1/5: Kernel execution time: 0.3431184989999999 s.
    - Iteration 2/5: Kernel execution time: 0.34397252399999984 s.
    - Iteration 3/5: Kernel execution time: 0.3437824120000001 s.
    - Iteration 4/5: Kernel execution time: 0.3435387580000001 s.
[I] Only-sharded module 8 for stage 7, constructing entry XLA computation...
[I] Compiling HLO module...
[I] Profiling HLO modules...
    - Iteration 0/5: Kernel execution time: 0.9934047919999999 s.
    - Iteration 1/5: Kernel execution time: 0.991906798 s.
    - Iteration 2/5: Kernel execution time: 0.9927524069999999 s.
    - Iteration 3/5: Kernel execution time: 0.9934956140000001 s.
    - Iteration 4/5: Kernel execution time: 0.993684988 s.
[I] Only-sharded module 9 for stage 6, constructing entry XLA computation...
[I] Compiling HLO module...
[I] Profiling HLO modules...
    - Iteration 0/5: Kernel execution time: 0.8050534530000002 s.
    - Iteration 1/5: Kernel execution time: 0.8067414340000001 s.
    - Iteration 2/5: Kernel execution time: 0.8052861020000003 s.
    - Iteration 3/5: Kernel execution time: 0.8045450320000002 s.
    - Iteration 4/5: Kernel execution time: 0.8049475340000002 s.
[I] Only-sharded module 10 for stage 5, constructing entry XLA computation...
[I] Compiling HLO module...
[I] Profiling HLO modules...
    - Iteration 0/5: Kernel execution time: 0.28223625700000005 s.
    - Iteration 1/5: Kernel execution time: 0.28266966600000004 s.
    - Iteration 2/5: Kernel execution time: 0.2832143770000001 s.
    - Iteration 3/5: Kernel execution time: 0.2829682940000001 s.
    - Iteration 4/5: Kernel execution time: 0.283123625 s.
[I] Only-sharded module 11 for stage 4, constructing entry XLA computation...
[I] Compiling HLO module...
[I] Profiling HLO modules...
    - Iteration 0/5: Kernel execution time: 0.35226506899999993 s.
    - Iteration 1/5: Kernel execution time: 0.35458556300000005 s.
    - Iteration 2/5: Kernel execution time: 0.35107890699999994 s.
    - Iteration 3/5: Kernel execution time: 0.35292158300000004 s.
    - Iteration 4/5: Kernel execution time: 0.3521224720000001 s.
[I] Only-sharded module 12 for stage 3, constructing entry XLA computation...
[I] Compiling HLO module...
[I] Profiling HLO modules...
    - Iteration 0/5: Kernel execution time: 0.37443174700000004 s.
    - Iteration 1/5: Kernel execution time: 0.37463840800000014 s.
    - Iteration 2/5: Kernel execution time: 0.37527428199999996 s.
    - Iteration 3/5: Kernel execution time: 0.3768330499999999 s.
    - Iteration 4/5: Kernel execution time: 0.37701455599999983 s.
[I] Only-sharded module 13 for stage 2, constructing entry XLA computation...
[I] Compiling HLO module...
[I] Profiling HLO modules...
    - Iteration 0/5: Kernel execution time: 0.23842025799999997 s.
    - Iteration 1/5: Kernel execution time: 0.23845613400000001 s.
    - Iteration 2/5: Kernel execution time: 0.236978044 s.
    - Iteration 3/5: Kernel execution time: 0.23745952399999995 s.
    - Iteration 4/5: Kernel execution time: 0.23884579900000008 s.
[I] Only-sharded module 14 for stage 1, constructing entry XLA computation...
[I] Compiling HLO module...
[I] Profiling HLO modules...
    - Iteration 0/5: Kernel execution time: 0.2998152930000001 s.
    - Iteration 1/5: Kernel execution time: 0.2989166919999999 s.
    - Iteration 2/5: Kernel execution time: 0.2996615370000001 s.
    - Iteration 3/5: Kernel execution time: 0.29772295600000004 s.
    - Iteration 4/5: Kernel execution time: 0.30155707400000004 s.
[I] Only-sharded module 15 for stage 0, constructing entry XLA computation...
[I] Compiling HLO module...
[I] Profiling HLO modules...
    - Iteration 0/5: Kernel execution time: 0.23910108300000005 s.
    - Iteration 1/5: Kernel execution time: 0.23802559199999998 s.
    - Iteration 2/5: Kernel execution time: 0.23914025700000005 s.
    - Iteration 3/5: Kernel execution time: 0.2400624089999999 s.
    - Iteration 4/5: Kernel execution time: 0.23981258999999996 s.
[I] Only-sharded module 16 for stage 0, constructing entry XLA computation...
[I] Compiling HLO module...
[I] Profiling HLO modules...
    - Iteration 0/5: Kernel execution time: 0.000759752 s.
    - Iteration 1/5: Kernel execution time: 0.000761287 s.
    - Iteration 2/5: Kernel execution time: 0.000759787 s.
    - Iteration 3/5: Kernel execution time: 0.000760742 s.
    - Iteration 4/5: Kernel execution time: 0.000749029 s.
[I] Only-sharded module 17 for stage 1, constructing entry XLA computation...
[I] Compiling HLO module...
[I] Profiling HLO modules...
    - Iteration 0/5: Kernel execution time: 0.002018643 s.
    - Iteration 1/5: Kernel execution time: 0.00202159 s.
    - Iteration 2/5: Kernel execution time: 0.0020205 s.
    - Iteration 3/5: Kernel execution time: 0.002018675 s.
    - Iteration 4/5: Kernel execution time: 0.0020181970000000002 s.
[I] Only-sharded module 18 for stage 2, constructing entry XLA computation...
[I] Compiling HLO module...
[I] Profiling HLO modules...
    - Iteration 0/5: Kernel execution time: 0.002751547 s.
    - Iteration 1/5: Kernel execution time: 0.0027601550000000002 s.
    - Iteration 2/5: Kernel execution time: 0.0027623300000000003 s.
    - Iteration 3/5: Kernel execution time: 0.002760922 s.
    - Iteration 4/5: Kernel execution time: 0.0027591930000000005 s.
[I] Only-sharded module 19 for stage 3, constructing entry XLA computation...
[I] Compiling HLO module...
[I] Profiling HLO modules...
    - Iteration 0/5: Kernel execution time: 0.007838413 s.
    - Iteration 1/5: Kernel execution time: 0.007832522 s.
    - Iteration 2/5: Kernel execution time: 0.007840012000000002 s.
    - Iteration 3/5: Kernel execution time: 0.007839179 s.
    - Iteration 4/5: Kernel execution time: 0.007835565000000001 s.
[I] Only-sharded module 20 for stage 4, constructing entry XLA computation...
[I] Compiling HLO module...
[I] Profiling HLO modules...
    - Iteration 0/5: Kernel execution time: 0.010843688 s.
    - Iteration 1/5: Kernel execution time: 0.010830472 s.
    - Iteration 2/5: Kernel execution time: 0.010840744 s.
    - Iteration 3/5: Kernel execution time: 0.010838888000000001 s.
    - Iteration 4/5: Kernel execution time: 0.010847270000000001 s.
[I] Only-sharded module 21 for stage 5, constructing entry XLA computation...
[I] Compiling HLO module...
[I] Profiling HLO modules...
    - Iteration 0/5: Kernel execution time: 0.007638857000000001 s.
    - Iteration 1/5: Kernel execution time: 0.0076465080000000015 s.
    - Iteration 2/5: Kernel execution time: 0.007649930000000001 s.
    - Iteration 3/5: Kernel execution time: 0.007658794000000001 s.
    - Iteration 4/5: Kernel execution time: 0.007645225 s.
[I] Only-sharded module 22 for stage 6, constructing entry XLA computation...
[I] Compiling HLO module...
[I] Profiling HLO modules...
    - Iteration 0/5: Kernel execution time: 0.031176009 s.
    - Iteration 1/5: Kernel execution time: 0.031165994000000002 s.
    - Iteration 2/5: Kernel execution time: 0.031100584000000004 s.
    - Iteration 3/5: Kernel execution time: 0.031107433 s.
    - Iteration 4/5: Kernel execution time: 0.031110600000000002 s.
[I] Only-sharded module 23 for stage 7, constructing entry XLA computation...
[I] Compiling HLO module...
[I] Profiling HLO modules...
    - Iteration 0/5: Kernel execution time: 0.043830721 s.
    - Iteration 1/5: Kernel execution time: 0.043787555000000006 s.
    - Iteration 2/5: Kernel execution time: 0.043777571 s.
    - Iteration 3/5: Kernel execution time: 0.043776226 s.
    - Iteration 4/5: Kernel execution time: 0.043800706 s.
[I] Constructing single-device HLO modules concurrently takes 0.010356903076171875 s.
[I] Compile single-device HLO modules concurrently takes 0.9187510013580322 s.
[I] Profile all compiled sequentially on one GPU takes 55.22872185707092 s.
[I] Estimated e2e pipeline iteration time is: 31.27245747043926 s.
    - Kernel computation time is: -1.0 s.
    - Communication time is: -1.0 s.
    - Cross-stages communication time is: -1.0 s.
