
[I] Loading Crius kernel-level profiler...
[TMP] Profiling results not found in `None`, creating it...

[I] Loading model and generating sharded HLO module...
[I] Initializing XLA devices takes 0.5037686824798584 s.
[I] Loading flax model....
[I] Model 'wide_resnet' loads sucessfully. Model Info: 

WideResNet(
    # attributes
    stage_sizes = [3, 4, 6, 3]
    block_cls = BottleneckResNetBlock
    num_classes = 1024
    num_filters = 640
    width_factor = 2
    dtype = float32
    act = relu
) 

[I] Initialize training state...
[I] Training state initialization is completed.
[I] Constructing general train step func...
[I] General train step func construction is completed.
[I] Model has been loaded, begin Jaxpr transformation...

[I] Pipeline partition mode: forced | Layer-to-stage partition: [[0, 1], [2, 3], [4, 5], [6, 7], [8, 9], [10, 11], [12, 13], [14, 15]]
[I] Pipeline partition mode: auto | Cell-generated physical mesh shapes: [(1, 2), (1, 2), (1, 2), (1, 2), (1, 2), (1, 2), (1, 2), (1, 2)]
[I] Loading model and transform to Jaxpr stages takes 14.77005410194397 s.
[I] The GPU sharding of pipeline stages is: [2, 2, 2, 2, 2, 2, 2, 2]
[I] Pipeline partition mode: auto | Parallel enum mode: auto | Parallel plans: [[StageShape(type='single', stage_shape=(2, 1), layer_shape=None), StageShape(type='single', stage_shape=(2, 1), layer_shape=None), StageShape(type='single', stage_shape=(2, 1), layer_shape=None), StageShape(type='single', stage_shape=(2, 1), layer_shape=None), StageShape(type='single', stage_shape=(2, 1), layer_shape=None), StageShape(type='single', stage_shape=(2, 1), layer_shape=None), StageShape(type='single', stage_shape=(2, 1), layer_shape=None), StageShape(type='single', stage_shape=(2, 1), layer_shape=None)]]

[I] (Parallel plan idx: 0) Sharding stages...
[I] Sharding stages takes 6.615415811538696 s.
[I] (Parallel plan idx: 0) SPMD partitioning and compiling (kernel fusing) HLO stages...
[I] SPMD partitioning and pre-compiling HLO modules concurrently takes 2.85776948928833 s.

[I] All parallel plans in the cell have been sharded and compiled.
[TMP] Writing only-sharded HLO text to '/home/cyxue/Projects/crius/Crius/runtime/jaxpr/tmp/wide_resnet_4B_256_sharded_stages.pkl'...
[TMP] Writing optimized HLO text to '/home/cyxue/Projects/crius/Crius/runtime/jaxpr/tmp/wide_resnet_4B_256_optimized_stages.pkl'...
[TMP] Writing inter-stages communicated vars to '/home/cyxue/Projects/crius/Crius/runtime/jaxpr/tmp/wide_resnet_4B_256_inter_stages_comm_vars.pkl'

[I] Parallel plan idx: 0 | Parallelism: [(2, 1), (2, 1), (2, 1), (2, 1), (2, 1), (2, 1), (2, 1), (2, 1)]

[I] (Parallel plan idx: 0) Parsing HLO texts and profiling XLA operators...
[I] Pipeline partition mode: auto | Preset physical mesh shapes: [(1, 2), (1, 2), (1, 2), (1, 2), (1, 2), (1, 2), (1, 2), (1, 2)]
[TMP] Loading offline profiled communication data: `1_a40_1_n_2_d_ib.pkl`...
[TMP] Loading offline profiled communication data: `2_a40_2_n_1_d_ib.pkl`...
\Time of module 0 (stage 0):
Intra-stage comm time: 0.0007580183446407318
Grad sync time: 0

[I] Optimized module 0 for stage 0, comm time has been statically analyzed.
\Time of module 1 (stage 1):
Intra-stage comm time: 0.0006677791476249695
Grad sync time: 0

[I] Optimized module 1 for stage 1, comm time has been statically analyzed.
\Time of module 2 (stage 2):
Intra-stage comm time: 0.0006656631827354431
Grad sync time: 0

[I] Optimized module 2 for stage 2, comm time has been statically analyzed.
\Time of module 3 (stage 3):
Intra-stage comm time: 0.0006955355405807494
Grad sync time: 0

[I] Optimized module 3 for stage 3, comm time has been statically analyzed.
\Time of module 4 (stage 4):
Intra-stage comm time: 0.0007000371813774108
Grad sync time: 0

[I] Optimized module 4 for stage 4, comm time has been statically analyzed.
\Time of module 5 (stage 5):
Intra-stage comm time: 0.0007000371813774108
Grad sync time: 0

[I] Optimized module 5 for stage 5, comm time has been statically analyzed.
\Time of module 6 (stage 6):
Intra-stage comm time: 0.0007482144981622695
Grad sync time: 0

[I] Optimized module 6 for stage 6, comm time has been statically analyzed.
\Time of module 7 (stage 7):
Intra-stage comm time: 0.0008619621396064759
Grad sync time: 0

[I] Optimized module 7 for stage 7, comm time has been statically analyzed.
[WARN] Communication size of 'all-reduce' excceeds the maximum profiled size. Linear scaling is applied.
       - Communication size of the operator: 1593979904 | Estimated comm time: 0.7899283531317175
       - Max profiled communication size: 267386880 | Comm time: 0.08228549003601074
\Time of module 8 (stage 7):
Intra-stage comm time: 0.0014546453952789529
Grad sync time: 0.7899283531317175

[I] Optimized module 8 for stage 7, comm time has been statically analyzed.
[WARN] Communication size of 'all-reduce' excceeds the maximum profiled size. Linear scaling is applied.
       - Communication size of the operator: 1140433920 | Estimated comm time: 0.5139975713675067
       - Max profiled communication size: 267386880 | Comm time: 0.08228549003601074
\Time of module 9 (stage 6):
Intra-stage comm time: 0.0014615632593631966
Grad sync time: 0.5139975713675067

[I] Optimized module 9 for stage 6, comm time has been statically analyzed.
[WARN] Communication size of 'all-reduce' excceeds the maximum profiled size. Linear scaling is applied.
       - Communication size of the operator: 393287680 | Estimated comm time: 0.1331228062019218
       - Max profiled communication size: 267386880 | Comm time: 0.08228549003601074
\Time of module 10 (stage 5):
Intra-stage comm time: 0.0013657003641128485
Grad sync time: 0.1331228062019218

[I] Optimized module 10 for stage 5, comm time has been statically analyzed.
[WARN] Communication size of 'all-reduce' excceeds the maximum profiled size. Linear scaling is applied.
       - Communication size of the operator: 393287680 | Estimated comm time: 0.1331228062019218
       - Max profiled communication size: 267386880 | Comm time: 0.08228549003601074
\Time of module 11 (stage 4):
Intra-stage comm time: 0.0013657003641128485
Grad sync time: 0.1331228062019218

[I] Optimized module 11 for stage 4, comm time has been statically analyzed.
[WARN] Communication size of 'all-reduce' excceeds the maximum profiled size. Linear scaling is applied.
       - Communication size of the operator: 285135360 | Estimated comm time: 0.09779390051748488
       - Max profiled communication size: 267386880 | Comm time: 0.08228549003601074
\Time of module 12 (stage 3):
Intra-stage comm time: 0.0013669651001691763
Grad sync time: 0.09779390051748488

[I] Optimized module 12 for stage 3, comm time has been statically analyzed.
\Time of module 13 (stage 2):
Intra-stage comm time: 0.001308351755142212
Grad sync time: 0.030452021535231986

[I] Optimized module 13 for stage 2, comm time has been statically analyzed.
\Time of module 14 (stage 1):
Intra-stage comm time: 0.001316172070801258
Grad sync time: 0.022064089264410235

[I] Optimized module 14 for stage 1, comm time has been statically analyzed.
\Time of module 15 (stage 0):
Intra-stage comm time: 0.001507845148444176
Grad sync time: 0.008554695884959074

[I] Optimized module 15 for stage 0, comm time has been statically analyzed.
\Time of module 16 (stage 0):
Intra-stage comm time: 0.004880981147289276
Grad sync time: 0

[I] Optimized module 16 for stage 0, comm time has been statically analyzed.
\Time of module 17 (stage 1):
Intra-stage comm time: 0.01288060247898102
Grad sync time: 0

[I] Optimized module 17 for stage 1, comm time has been statically analyzed.
\Time of module 18 (stage 2):
Intra-stage comm time: 0.017891987413167956
Grad sync time: 0

[I] Optimized module 18 for stage 2, comm time has been statically analyzed.
\Time of module 19 (stage 3):
Intra-stage comm time: 0.048361211477054494
Grad sync time: 0

[I] Optimized module 19 for stage 3, comm time has been statically analyzed.
\Time of module 20 (stage 4):
Intra-stage comm time: 0.06619054194953707
Grad sync time: 0

[I] Optimized module 20 for stage 4, comm time has been statically analyzed.
\Time of module 21 (stage 5):
Intra-stage comm time: 0.06619054194953707
Grad sync time: 0

[I] Optimized module 21 for stage 5, comm time has been statically analyzed.
[WARN] Communication size of 'all-gather' excceeds the maximum profiled size. Linear scaling is applied.
       - Communication size of the operator: 471859200 | Estimated comm time: 0.08268975067138672
       - Max profiled communication size: 267386880 | Comm time: 0.042454824447631836
\Time of module 22 (stage 6):
Intra-stage comm time: 0.19307800920142065
Grad sync time: 0

[I] Optimized module 22 for stage 6, comm time has been statically analyzed.
[WARN] Communication size of 'all-gather' excceeds the maximum profiled size. Linear scaling is applied.
       - Communication size of the operator: 471859200 | Estimated comm time: 0.08268975067138672
       - Max profiled communication size: 267386880 | Comm time: 0.042454824447631836
[WARN] Communication size of 'all-gather' excceeds the maximum profiled size. Linear scaling is applied.
       - Communication size of the operator: 471859200 | Estimated comm time: 0.08268975067138672
       - Max profiled communication size: 267386880 | Comm time: 0.042454824447631836
\Time of module 23 (stage 7):
Intra-stage comm time: 0.27111198103427886
Grad sync time: 0

[I] Optimized module 23 for stage 7, comm time has been statically analyzed.
[TMP] Memory footprint of the stage 0 is 0.9424107111990452 GB, while the available memory of the XLA device is 35.33237304631621 GB.
[TMP] Memory footprint of the stage 1 is 2.2987210787832737 GB, while the available memory of the XLA device is 35.33237304631621 GB.
[TMP] Memory footprint of the stage 2 is 2.493691448122263 GB, while the available memory of the XLA device is 35.33237304631621 GB.
[TMP] Memory footprint of the stage 3 is 6.261870864778757 GB, while the available memory of the XLA device is 35.33237304631621 GB.
[TMP] Memory footprint of the stage 4 is 8.297929767519236 GB, while the available memory of the XLA device is 35.33237304631621 GB.
[TMP] Memory footprint of the stage 5 is 8.297967914491892 GB, while the available memory of the XLA device is 35.33237304631621 GB.
[TMP] Memory footprint of the stage 6 is 23.577818874269724 GB, while the available memory of the XLA device is 35.33237304631621 GB.
[TMP] Memory footprint of the stage 7 is 32.75013170018792 GB, while the available memory of the XLA device is 35.33237304631621 GB.
[I] Only-sharded module 0 for stage 0, constructing entry XLA computation...
[I] Compiling HLO module...
[I] Profiling HLO modules...
    - Iteration 0/5: Kernel execution time: 0.08163893400000001 s.
    - Iteration 1/5: Kernel execution time: 0.08258505499999999 s.
    - Iteration 2/5: Kernel execution time: 0.082494144 s.
    - Iteration 3/5: Kernel execution time: 0.083179559 s.
    - Iteration 4/5: Kernel execution time: 0.082890497 s.
[I] Only-sharded module 1 for stage 1, constructing entry XLA computation...
[I] Compiling HLO module...
[I] Profiling HLO modules...
    - Iteration 0/5: Kernel execution time: 0.09131646299999999 s.
    - Iteration 1/5: Kernel execution time: 0.09216472600000002 s.
    - Iteration 2/5: Kernel execution time: 0.09149105499999999 s.
    - Iteration 3/5: Kernel execution time: 0.09197358899999998 s.
    - Iteration 4/5: Kernel execution time: 0.09175566700000001 s.
[I] Only-sharded module 2 for stage 2, constructing entry XLA computation...
[I] Compiling HLO module...
[I] Profiling HLO modules...
    - Iteration 0/5: Kernel execution time: 0.07587136199999998 s.
    - Iteration 1/5: Kernel execution time: 0.07583862800000002 s.
    - Iteration 2/5: Kernel execution time: 0.076141831 s.
    - Iteration 3/5: Kernel execution time: 0.07606720400000001 s.
    - Iteration 4/5: Kernel execution time: 0.07594186 s.
[I] Only-sharded module 3 for stage 3, constructing entry XLA computation...
[I] Compiling HLO module...
[I] Profiling HLO modules...
    - Iteration 0/5: Kernel execution time: 0.11295559599999999 s.
    - Iteration 1/5: Kernel execution time: 0.11328647800000002 s.
    - Iteration 2/5: Kernel execution time: 0.11353217499999999 s.
    - Iteration 3/5: Kernel execution time: 0.11290999399999999 s.
    - Iteration 4/5: Kernel execution time: 0.113112077 s.
[I] Only-sharded module 4 for stage 4, constructing entry XLA computation...
[I] Compiling HLO module...
[I] Profiling HLO modules...
    - Iteration 0/5: Kernel execution time: 0.117781624 s.
    - Iteration 1/5: Kernel execution time: 0.117537206 s.
    - Iteration 2/5: Kernel execution time: 0.11800853500000003 s.
    - Iteration 3/5: Kernel execution time: 0.11736302600000001 s.
    - Iteration 4/5: Kernel execution time: 0.117734487 s.
[I] Only-sharded module 5 for stage 5, constructing entry XLA computation...
[I] Compiling HLO module...
[I] Profiling HLO modules...
    - Iteration 0/5: Kernel execution time: 0.117564053 s.
    - Iteration 1/5: Kernel execution time: 0.117938872 s.
    - Iteration 2/5: Kernel execution time: 0.11714519700000003 s.
    - Iteration 3/5: Kernel execution time: 0.11749352300000002 s.
    - Iteration 4/5: Kernel execution time: 0.11749627600000002 s.
[I] Only-sharded module 6 for stage 6, constructing entry XLA computation...
[I] Compiling HLO module...
[I] Profiling HLO modules...
    - Iteration 0/5: Kernel execution time: 0.268078387 s.
    - Iteration 1/5: Kernel execution time: 0.2689232570000001 s.
    - Iteration 2/5: Kernel execution time: 0.26757998000000005 s.
    - Iteration 3/5: Kernel execution time: 0.26800821 s.
    - Iteration 4/5: Kernel execution time: 0.268188979 s.
[I] Only-sharded module 7 for stage 7, constructing entry XLA computation...
[I] Compiling HLO module...
[I] Profiling HLO modules...
    - Iteration 0/5: Kernel execution time: 0.3436426059999999 s.
    - Iteration 1/5: Kernel execution time: 0.3431781890000001 s.
    - Iteration 2/5: Kernel execution time: 0.3429914659999999 s.
    - Iteration 3/5: Kernel execution time: 0.343034536 s.
    - Iteration 4/5: Kernel execution time: 0.343826351 s.
[I] Only-sharded module 8 for stage 7, constructing entry XLA computation...
[I] Compiling HLO module...
[I] Profiling HLO modules...
    - Iteration 0/5: Kernel execution time: 0.9941161890000002 s.
    - Iteration 1/5: Kernel execution time: 0.9933996740000002 s.
    - Iteration 2/5: Kernel execution time: 0.9944024629999998 s.
    - Iteration 3/5: Kernel execution time: 0.9942492479999999 s.
    - Iteration 4/5: Kernel execution time: 0.993710141 s.
[I] Only-sharded module 9 for stage 6, constructing entry XLA computation...
[I] Compiling HLO module...
[I] Profiling HLO modules...
    - Iteration 0/5: Kernel execution time: 0.8049486140000001 s.
    - Iteration 1/5: Kernel execution time: 0.805758384 s.
    - Iteration 2/5: Kernel execution time: 0.806136304 s.
    - Iteration 3/5: Kernel execution time: 0.8057719779999998 s.
    - Iteration 4/5: Kernel execution time: 0.805112974 s.
[I] Only-sharded module 10 for stage 5, constructing entry XLA computation...
[I] Compiling HLO module...
[I] Profiling HLO modules...
    - Iteration 0/5: Kernel execution time: 0.35226862200000003 s.
    - Iteration 1/5: Kernel execution time: 0.3519962679999999 s.
    - Iteration 2/5: Kernel execution time: 0.35490643800000005 s.
    - Iteration 3/5: Kernel execution time: 0.35220839800000014 s.
    - Iteration 4/5: Kernel execution time: 0.35181562299999997 s.
[I] Only-sharded module 11 for stage 4, constructing entry XLA computation...
[I] Compiling HLO module...
[I] Profiling HLO modules...
    - Iteration 0/5: Kernel execution time: 0.354244668 s.
    - Iteration 1/5: Kernel execution time: 0.35173021100000007 s.
    - Iteration 2/5: Kernel execution time: 0.35245073299999996 s.
    - Iteration 3/5: Kernel execution time: 0.352855349 s.
    - Iteration 4/5: Kernel execution time: 0.35462387300000003 s.
[I] Only-sharded module 12 for stage 3, constructing entry XLA computation...
[I] Compiling HLO module...
[I] Profiling HLO modules...
    - Iteration 0/5: Kernel execution time: 0.3756742129999999 s.
    - Iteration 1/5: Kernel execution time: 0.37531961299999994 s.
    - Iteration 2/5: Kernel execution time: 0.3745627480000001 s.
    - Iteration 3/5: Kernel execution time: 0.37634858500000007 s.
    - Iteration 4/5: Kernel execution time: 0.37600631199999995 s.
[I] Only-sharded module 13 for stage 2, constructing entry XLA computation...
[I] Compiling HLO module...
[I] Profiling HLO modules...
    - Iteration 0/5: Kernel execution time: 0.23760414400000002 s.
    - Iteration 1/5: Kernel execution time: 0.23987925200000004 s.
    - Iteration 2/5: Kernel execution time: 0.23755856400000003 s.
    - Iteration 3/5: Kernel execution time: 0.23717747299999997 s.
    - Iteration 4/5: Kernel execution time: 0.240133117 s.
[I] Only-sharded module 14 for stage 1, constructing entry XLA computation...
[I] Compiling HLO module...
[I] Profiling HLO modules...
    - Iteration 0/5: Kernel execution time: 0.30055438800000017 s.
    - Iteration 1/5: Kernel execution time: 0.300681516 s.
    - Iteration 2/5: Kernel execution time: 0.2993281000000001 s.
    - Iteration 3/5: Kernel execution time: 0.299532257 s.
    - Iteration 4/5: Kernel execution time: 0.3016479560000002 s.
[I] Only-sharded module 15 for stage 0, constructing entry XLA computation...
[I] Compiling HLO module...
[I] Profiling HLO modules...
    - Iteration 0/5: Kernel execution time: 0.239287843 s.
    - Iteration 1/5: Kernel execution time: 0.23820025099999997 s.
    - Iteration 2/5: Kernel execution time: 0.23908656300000009 s.
    - Iteration 3/5: Kernel execution time: 0.23875413699999995 s.
    - Iteration 4/5: Kernel execution time: 0.23989201700000007 s.
[I] Only-sharded module 16 for stage 0, constructing entry XLA computation...
[I] Compiling HLO module...
[I] Profiling HLO modules...
    - Iteration 0/5: Kernel execution time: 0.000758471 s.
    - Iteration 1/5: Kernel execution time: 0.000766566 s.
    - Iteration 2/5: Kernel execution time: 0.0007654490000000001 s.
    - Iteration 3/5: Kernel execution time: 0.0007580880000000001 s.
    - Iteration 4/5: Kernel execution time: 0.000765061 s.
[I] Only-sharded module 17 for stage 1, constructing entry XLA computation...
[I] Compiling HLO module...
[I] Profiling HLO modules...
    - Iteration 0/5: Kernel execution time: 0.0020193470000000003 s.
    - Iteration 1/5: Kernel execution time: 0.0020198910000000002 s.
    - Iteration 2/5: Kernel execution time: 0.002021939 s.
    - Iteration 3/5: Kernel execution time: 0.002018512 s.
    - Iteration 4/5: Kernel execution time: 0.0020185150000000002 s.
[I] Only-sharded module 18 for stage 2, constructing entry XLA computation...
[I] Compiling HLO module...
[I] Profiling HLO modules...
    - Iteration 0/5: Kernel execution time: 0.002758043 s.
    - Iteration 1/5: Kernel execution time: 0.0027688920000000002 s.
    - Iteration 2/5: Kernel execution time: 0.002756057 s.
    - Iteration 3/5: Kernel execution time: 0.0027454970000000004 s.
    - Iteration 4/5: Kernel execution time: 0.002758808 s.
[I] Only-sharded module 19 for stage 3, constructing entry XLA computation...
[I] Compiling HLO module...
[I] Profiling HLO modules...
    - Iteration 0/5: Kernel execution time: 0.007840616 s.
    - Iteration 1/5: Kernel execution time: 0.007840521 s.
    - Iteration 2/5: Kernel execution time: 0.007838186 s.
    - Iteration 3/5: Kernel execution time: 0.007842667000000001 s.
    - Iteration 4/5: Kernel execution time: 0.007841578 s.
[I] Only-sharded module 20 for stage 4, constructing entry XLA computation...
[I] Compiling HLO module...
[I] Profiling HLO modules...
    - Iteration 0/5: Kernel execution time: 0.010829286 s.
    - Iteration 1/5: Kernel execution time: 0.010839718 s.
    - Iteration 2/5: Kernel execution time: 0.010869125 s.
    - Iteration 3/5: Kernel execution time: 0.010850052 s.
    - Iteration 4/5: Kernel execution time: 0.010853702000000002 s.
[I] Only-sharded module 21 for stage 5, constructing entry XLA computation...
[I] Compiling HLO module...
[I] Profiling HLO modules...
    - Iteration 0/5: Kernel execution time: 0.010845413000000002 s.
    - Iteration 1/5: Kernel execution time: 0.010837028 s.
    - Iteration 2/5: Kernel execution time: 0.010830086 s.
    - Iteration 3/5: Kernel execution time: 0.010837606000000001 s.
    - Iteration 4/5: Kernel execution time: 0.01084036 s.
[I] Only-sharded module 22 for stage 6, constructing entry XLA computation...
[I] Compiling HLO module...
[I] Profiling HLO modules...
    - Iteration 0/5: Kernel execution time: 0.031113958 s.
    - Iteration 1/5: Kernel execution time: 0.031145828000000004 s.
    - Iteration 2/5: Kernel execution time: 0.031105028000000003 s.
    - Iteration 3/5: Kernel execution time: 0.03114253 s.
    - Iteration 4/5: Kernel execution time: 0.031109027000000004 s.
[I] Only-sharded module 23 for stage 7, constructing entry XLA computation...
[I] Compiling HLO module...
[I] Profiling HLO modules...
    - Iteration 0/5: Kernel execution time: 0.043735034000000006 s.
    - Iteration 1/5: Kernel execution time: 0.04372655600000001 s.
    - Iteration 2/5: Kernel execution time: 0.043750874999999995 s.
    - Iteration 3/5: Kernel execution time: 0.043734523000000004 s.
    - Iteration 4/5: Kernel execution time: 0.043741915000000006 s.
[I] Constructing single-device HLO modules concurrently takes 0.010707378387451172 s.
[I] Compile single-device HLO modules concurrently takes 0.9048864841461182 s.
[I] Profile all compiled sequentially on one GPU takes 56.05888652801514 s.
[I] Estimated e2e pipeline iteration time is: 31.383780852795006 s.
    - Kernel computation time is: -1.0 s.
    - Communication time is: -1.0 s.
    - Cross-stages communication time is: -1.0 s.
