
[I] Loading Crius kernel-level profiler...
[TMP] Profiling results not found in `None`, creating it...

[I] Loading model and generating sharded HLO module...
[I] Initializing XLA devices takes 0.9323101043701172 s.
[I] Loading flax model....
[I] Model 'wide_resnet' loads sucessfully. Model Info: 

WideResNet(
    # attributes
    stage_sizes = [3, 4, 6, 3]
    block_cls = BottleneckResNetBlock
    num_classes = 1024
    num_filters = 640
    width_factor = 2
    dtype = float32
    act = relu
) 

[I] Initialize training state...
[I] Training state initialization is completed.
[I] Constructing general train step func...
[I] General train step func construction is completed.
[I] Model has been loaded, begin Jaxpr transformation...

[I] Pipeline partition mode: forced | Layer-to-stage partition: [[0, 1], [2, 3], [4, 5], [6, 7], [8, 9], [10, 11], [12, 13], [14, 15]]
[I] Pipeline partition mode: auto | Cell-generated physical mesh shapes: [(1, 2), (1, 2), (1, 2), (1, 2), (1, 2), (1, 2), (1, 2), (1, 2)]
[I] Loading model and transform to Jaxpr stages takes 14.593011617660522 s.
[I] The GPU sharding of pipeline stages is: [2, 2, 2, 2, 2, 2, 2, 2]
[I] Pipeline partition mode: auto | Parallel enum mode: auto | Parallel plans: [[StageShape(type='single', stage_shape=(1, 2), layer_shape=None), StageShape(type='single', stage_shape=(1, 2), layer_shape=None), StageShape(type='single', stage_shape=(1, 2), layer_shape=None), StageShape(type='single', stage_shape=(1, 2), layer_shape=None), StageShape(type='single', stage_shape=(2, 1), layer_shape=None), StageShape(type='single', stage_shape=(1, 2), layer_shape=None), StageShape(type='single', stage_shape=(1, 2), layer_shape=None), StageShape(type='single', stage_shape=(1, 2), layer_shape=None)]]

[I] (Parallel plan idx: 0) Sharding stages...
[I] Sharding stages takes 8.460608005523682 s.
[I] (Parallel plan idx: 0) SPMD partitioning and compiling (kernel fusing) HLO stages...
[I] SPMD partitioning and pre-compiling HLO modules concurrently takes 3.0269196033477783 s.

[I] All parallel plans in the cell have been sharded and compiled.
[TMP] Writing only-sharded HLO text to '/home/cyxue/Projects/crius/Crius/runtime/jaxpr/tmp/wide_resnet_4B_256_sharded_stages.pkl'...
[TMP] Writing optimized HLO text to '/home/cyxue/Projects/crius/Crius/runtime/jaxpr/tmp/wide_resnet_4B_256_optimized_stages.pkl'...
[TMP] Writing inter-stages communicated vars to '/home/cyxue/Projects/crius/Crius/runtime/jaxpr/tmp/wide_resnet_4B_256_inter_stages_comm_vars.pkl'

[I] Parallel plan idx: 0 | Parallelism: [(1, 2), (1, 2), (1, 2), (1, 2), (2, 1), (1, 2), (1, 2), (1, 2)]

[I] (Parallel plan idx: 0) Parsing HLO texts and profiling XLA operators...
[I] Pipeline partition mode: auto | Preset physical mesh shapes: [(1, 2), (1, 2), (1, 2), (1, 2), (1, 2), (1, 2), (1, 2), (1, 2)]
[TMP] Loading offline profiled communication data: `1_a40_1_n_2_d_ib.pkl`...
[TMP] Loading offline profiled communication data: `2_a40_2_n_1_d_ib.pkl`...
\Time of module 0 (stage 0):
Intra-stage comm time: 0.04816402653232217
Grad sync time: 0

[I] Optimized module 0 for stage 0, comm time has been statically analyzed.
\Time of module 1 (stage 1):
Intra-stage comm time: 0.057498734910041094
Grad sync time: 0

[I] Optimized module 1 for stage 1, comm time has been statically analyzed.
\Time of module 2 (stage 2):
Intra-stage comm time: 0.022961602732539173
Grad sync time: 0

[I] Optimized module 2 for stage 2, comm time has been statically analyzed.
\Time of module 3 (stage 3):
Intra-stage comm time: 0.03253108970820904
Grad sync time: 0

[I] Optimized module 3 for stage 3, comm time has been statically analyzed.
\Time of module 4 (stage 4):
Intra-stage comm time: 0.0007000371813774108
Grad sync time: 0

[I] Optimized module 4 for stage 4, comm time has been statically analyzed.
\Time of module 5 (stage 5):
Intra-stage comm time: 0.013578391913324595
Grad sync time: 0

[I] Optimized module 5 for stage 5, comm time has been statically analyzed.
\Time of module 6 (stage 6):
Intra-stage comm time: 0.01945804348215461
Grad sync time: 0

[I] Optimized module 6 for stage 6, comm time has been statically analyzed.
\Time of module 7 (stage 7):
Intra-stage comm time: 0.007966617587953806
Grad sync time: 0

[I] Optimized module 7 for stage 7, comm time has been statically analyzed.
\Time of module 8 (stage 7):
Intra-stage comm time: 0.01476860653433505
Grad sync time: 0

[I] Optimized module 8 for stage 7, comm time has been statically analyzed.
\Time of module 9 (stage 6):
Intra-stage comm time: 0.034559381194412715
Grad sync time: 0

[I] Optimized module 9 for stage 6, comm time has been statically analyzed.
\Time of module 10 (stage 5):
Intra-stage comm time: 0.03008424649015069
Grad sync time: 0

[I] Optimized module 10 for stage 5, comm time has been statically analyzed.
[WARN] Communication size of 'all-reduce' excceeds the maximum profiled size. Linear scaling is applied.
       - Communication size of the operator: 393287680 | Estimated comm time: 0.1331228062019218
       - Max profiled communication size: 267386880 | Comm time: 0.08228549003601074
\Time of module 11 (stage 4):
Intra-stage comm time: 0.0013657003641128485
Grad sync time: 0.1331228062019218

[I] Optimized module 11 for stage 4, comm time has been statically analyzed.
\Time of module 12 (stage 3):
Intra-stage comm time: 0.053827217780053616
Grad sync time: 0

[I] Optimized module 12 for stage 3, comm time has been statically analyzed.
\Time of module 13 (stage 2):
Intra-stage comm time: 0.05338655654340982
Grad sync time: 0

[I] Optimized module 13 for stage 2, comm time has been statically analyzed.
\Time of module 14 (stage 1):
Intra-stage comm time: 0.09035358615219592
Grad sync time: 0

[I] Optimized module 14 for stage 1, comm time has been statically analyzed.
\Time of module 15 (stage 0):
Intra-stage comm time: 0.11107181720435619
Grad sync time: 0

[I] Optimized module 15 for stage 0, comm time has been statically analyzed.
\Time of module 16 (stage 0):
Intra-stage comm time: 0.00019350349903106688
Grad sync time: 0

[I] Optimized module 16 for stage 0, comm time has been statically analyzed.
\Time of module 17 (stage 1):
Intra-stage comm time: 0.00013055279850959778
Grad sync time: 0

[I] Optimized module 17 for stage 1, comm time has been statically analyzed.
\Time of module 18 (stage 2):
Intra-stage comm time: 0.00013055279850959778
Grad sync time: 0

[I] Optimized module 18 for stage 2, comm time has been statically analyzed.
\Time of module 19 (stage 3):
Intra-stage comm time: 0.00013184249401092528
Grad sync time: 0

[I] Optimized module 19 for stage 3, comm time has been statically analyzed.
\Time of module 20 (stage 4):
Intra-stage comm time: 0.06619054194953707
Grad sync time: 0

[I] Optimized module 20 for stage 4, comm time has been statically analyzed.
\Time of module 21 (stage 5):
Intra-stage comm time: 0.0001316666603088379
Grad sync time: 0

[I] Optimized module 21 for stage 5, comm time has been statically analyzed.
\Time of module 22 (stage 6):
Intra-stage comm time: 0.00013191029429435728
Grad sync time: 0

[I] Optimized module 22 for stage 6, comm time has been statically analyzed.
\Time of module 23 (stage 7):
Intra-stage comm time: 0.00013201832771301267
Grad sync time: 0

[I] Optimized module 23 for stage 7, comm time has been statically analyzed.
[TMP] Memory footprint of the stage 0 is 0.8370564021170139 GB, while the available memory of the XLA device is 35.33237304631621 GB.
[TMP] Memory footprint of the stage 1 is 2.3524642027914524 GB, while the available memory of the XLA device is 35.33237304631621 GB.
[TMP] Memory footprint of the stage 2 is 1.8171715773642063 GB, while the available memory of the XLA device is 35.33237304631621 GB.
[TMP] Memory footprint of the stage 3 is 3.9651823081076145 GB, while the available memory of the XLA device is 35.33237304631621 GB.
[TMP] Memory footprint of the stage 4 is 8.297929767519236 GB, while the available memory of the XLA device is 35.33237304631621 GB.
[TMP] Memory footprint of the stage 5 is 4.755039218813181 GB, while the available memory of the XLA device is 35.33237304631621 GB.
[TMP] Memory footprint of the stage 6 is 13.10704231634736 GB, while the available memory of the XLA device is 35.33237304631621 GB.
[TMP] Memory footprint of the stage 7 is 17.90554443374276 GB, while the available memory of the XLA device is 35.33237304631621 GB.
[I] Only-sharded module 0 for stage 0, constructing entry XLA computation...
[I] Compiling HLO module...
[I] Profiling HLO modules...
    - Iteration 0/5: Kernel execution time: 0.077323839 s.
    - Iteration 1/5: Kernel execution time: 0.07737424200000001 s.
    - Iteration 2/5: Kernel execution time: 0.07926792399999999 s.
    - Iteration 3/5: Kernel execution time: 0.07884750400000001 s.
    - Iteration 4/5: Kernel execution time: 0.078989105 s.
[I] Only-sharded module 1 for stage 1, constructing entry XLA computation...
[I] Compiling HLO module...
[I] Profiling HLO modules...
    - Iteration 0/5: Kernel execution time: 0.09448981400000002 s.
    - Iteration 1/5: Kernel execution time: 0.09455605699999999 s.
    - Iteration 2/5: Kernel execution time: 0.09513199700000004 s.
    - Iteration 3/5: Kernel execution time: 0.094418803 s.
    - Iteration 4/5: Kernel execution time: 0.093902195 s.
[I] Only-sharded module 2 for stage 2, constructing entry XLA computation...
[I] Compiling HLO module...
[I] Profiling HLO modules...
    - Iteration 0/5: Kernel execution time: 0.06801499200000001 s.
    - Iteration 1/5: Kernel execution time: 0.06785220800000002 s.
    - Iteration 2/5: Kernel execution time: 0.067527438 s.
    - Iteration 3/5: Kernel execution time: 0.06620966400000002 s.
    - Iteration 4/5: Kernel execution time: 0.066756806 s.
[I] Only-sharded module 3 for stage 3, constructing entry XLA computation...
[I] Compiling HLO module...
[I] Profiling HLO modules...
    - Iteration 0/5: Kernel execution time: 0.08850044900000001 s.
    - Iteration 1/5: Kernel execution time: 0.08826022199999999 s.
    - Iteration 2/5: Kernel execution time: 0.08729394499999998 s.
    - Iteration 3/5: Kernel execution time: 0.088658335 s.
    - Iteration 4/5: Kernel execution time: 0.08843696000000002 s.
[I] Only-sharded module 4 for stage 4, constructing entry XLA computation...
[I] Compiling HLO module...
[I] Profiling HLO modules...
    - Iteration 0/5: Kernel execution time: 0.118098849 s.
    - Iteration 1/5: Kernel execution time: 0.11765263599999999 s.
    - Iteration 2/5: Kernel execution time: 0.11762972500000003 s.
    - Iteration 3/5: Kernel execution time: 0.11756825400000001 s.
    - Iteration 4/5: Kernel execution time: 0.11814057600000004 s.
[I] Only-sharded module 5 for stage 5, constructing entry XLA computation...
[I] Compiling HLO module...
[I] Profiling HLO modules...
    - Iteration 0/5: Kernel execution time: 0.080847649 s.
    - Iteration 1/5: Kernel execution time: 0.08100566099999999 s.
    - Iteration 2/5: Kernel execution time: 0.081517698 s.
    - Iteration 3/5: Kernel execution time: 0.08102454600000002 s.
    - Iteration 4/5: Kernel execution time: 0.08031723999999998 s.
[I] Only-sharded module 6 for stage 6, constructing entry XLA computation...
[I] Compiling HLO module...
[I] Profiling HLO modules...
    - Iteration 0/5: Kernel execution time: 0.14179438099999997 s.
    - Iteration 1/5: Kernel execution time: 0.14110199599999995 s.
    - Iteration 2/5: Kernel execution time: 0.14020717200000002 s.
    - Iteration 3/5: Kernel execution time: 0.14090627900000002 s.
    - Iteration 4/5: Kernel execution time: 0.140847369 s.
[I] Only-sharded module 7 for stage 7, constructing entry XLA computation...
[I] Compiling HLO module...
[I] Profiling HLO modules...
    - Iteration 0/5: Kernel execution time: 0.16102258100000003 s.
    - Iteration 1/5: Kernel execution time: 0.160699125 s.
    - Iteration 2/5: Kernel execution time: 0.160713587 s.
    - Iteration 3/5: Kernel execution time: 0.16081435600000002 s.
    - Iteration 4/5: Kernel execution time: 0.16051653200000005 s.
[I] Only-sharded module 8 for stage 7, constructing entry XLA computation...
[I] Compiling HLO module...
[I] Profiling HLO modules...
    - Iteration 0/5: Kernel execution time: 0.7327072740000002 s.
    - Iteration 1/5: Kernel execution time: 0.7319186930000001 s.
    - Iteration 2/5: Kernel execution time: 0.7324750509999999 s.
    - Iteration 3/5: Kernel execution time: 0.7334625780000001 s.
    - Iteration 4/5: Kernel execution time: 0.7312142760000002 s.
[I] Only-sharded module 9 for stage 6, constructing entry XLA computation...
[I] Compiling HLO module...
[I] Profiling HLO modules...
    - Iteration 0/5: Kernel execution time: 0.5835851760000001 s.
    - Iteration 1/5: Kernel execution time: 0.5830850440000002 s.
    - Iteration 2/5: Kernel execution time: 0.583767741 s.
    - Iteration 3/5: Kernel execution time: 0.5842945209999999 s.
    - Iteration 4/5: Kernel execution time: 0.5820313719999999 s.
[I] Only-sharded module 10 for stage 5, constructing entry XLA computation...
[I] Compiling HLO module...
[I] Profiling HLO modules...
    - Iteration 0/5: Kernel execution time: 0.28372242400000014 s.
    - Iteration 1/5: Kernel execution time: 0.2848288230000001 s.
    - Iteration 2/5: Kernel execution time: 0.28369353399999997 s.
    - Iteration 3/5: Kernel execution time: 0.28271187700000006 s.
    - Iteration 4/5: Kernel execution time: 0.28410254999999995 s.
[I] Only-sharded module 11 for stage 4, constructing entry XLA computation...
[I] Compiling HLO module...
[I] Profiling HLO modules...
    - Iteration 0/5: Kernel execution time: 0.3531524060000001 s.
    - Iteration 1/5: Kernel execution time: 0.35180378199999995 s.
    - Iteration 2/5: Kernel execution time: 0.3518939270000001 s.
    - Iteration 3/5: Kernel execution time: 0.35100454099999995 s.
    - Iteration 4/5: Kernel execution time: 0.35564291700000006 s.
[I] Only-sharded module 12 for stage 3, constructing entry XLA computation...
[I] Compiling HLO module...
[I] Profiling HLO modules...
    - Iteration 0/5: Kernel execution time: 0.3412179329999999 s.
    - Iteration 1/5: Kernel execution time: 0.34098353500000006 s.
    - Iteration 2/5: Kernel execution time: 0.34188674499999994 s.
    - Iteration 3/5: Kernel execution time: 0.3405760720000002 s.
    - Iteration 4/5: Kernel execution time: 0.34111304100000023 s.
[I] Only-sharded module 13 for stage 2, constructing entry XLA computation...
[I] Compiling HLO module...
[I] Profiling HLO modules...
    - Iteration 0/5: Kernel execution time: 0.22332718199999996 s.
    - Iteration 1/5: Kernel execution time: 0.22429256599999997 s.
    - Iteration 2/5: Kernel execution time: 0.22558227800000016 s.
    - Iteration 3/5: Kernel execution time: 0.22645233399999995 s.
    - Iteration 4/5: Kernel execution time: 0.22574292 s.
[I] Only-sharded module 14 for stage 1, constructing entry XLA computation...
[I] Compiling HLO module...
[I] Profiling HLO modules...
    - Iteration 0/5: Kernel execution time: 0.295722495 s.
    - Iteration 1/5: Kernel execution time: 0.29438148500000005 s.
    - Iteration 2/5: Kernel execution time: 0.29562319899999995 s.
    - Iteration 3/5: Kernel execution time: 0.29606431799999994 s.
    - Iteration 4/5: Kernel execution time: 0.29579254399999994 s.
[I] Only-sharded module 15 for stage 0, constructing entry XLA computation...
[I] Compiling HLO module...
[I] Profiling HLO modules...
    - Iteration 0/5: Kernel execution time: 0.24671942099999994 s.
    - Iteration 1/5: Kernel execution time: 0.24579944399999995 s.
    - Iteration 2/5: Kernel execution time: 0.24699872800000006 s.
    - Iteration 3/5: Kernel execution time: 0.24465210800000003 s.
    - Iteration 4/5: Kernel execution time: 0.24648313100000002 s.
[I] Only-sharded module 16 for stage 0, constructing entry XLA computation...
[I] Compiling HLO module...
[I] Profiling HLO modules...
    - Iteration 0/5: Kernel execution time: 0.000508837 s.
    - Iteration 1/5: Kernel execution time: 0.0005096359999999999 s.
    - Iteration 2/5: Kernel execution time: 0.000509156 s.
    - Iteration 3/5: Kernel execution time: 0.000513445 s.
    - Iteration 4/5: Kernel execution time: 0.000508677 s.
[I] Only-sharded module 17 for stage 1, constructing entry XLA computation...
[I] Compiling HLO module...
[I] Profiling HLO modules...
    - Iteration 0/5: Kernel execution time: 0.001385389 s.
    - Iteration 1/5: Kernel execution time: 0.001386797 s.
    - Iteration 2/5: Kernel execution time: 0.001382926 s.
    - Iteration 3/5: Kernel execution time: 0.0013856460000000001 s.
    - Iteration 4/5: Kernel execution time: 0.0013872749999999999 s.
[I] Only-sharded module 18 for stage 2, constructing entry XLA computation...
[I] Compiling HLO module...
[I] Profiling HLO modules...
    - Iteration 0/5: Kernel execution time: 0.0018928810000000001 s.
    - Iteration 1/5: Kernel execution time: 0.001890034 s.
    - Iteration 2/5: Kernel execution time: 0.0018883050000000003 s.
    - Iteration 3/5: Kernel execution time: 0.001898097 s.
    - Iteration 4/5: Kernel execution time: 0.0018861610000000001 s.
[I] Only-sharded module 19 for stage 3, constructing entry XLA computation...
[I] Compiling HLO module...
[I] Profiling HLO modules...
    - Iteration 0/5: Kernel execution time: 0.005503346000000001 s.
    - Iteration 1/5: Kernel execution time: 0.0054937779999999995 s.
    - Iteration 2/5: Kernel execution time: 0.005508306 s.
    - Iteration 3/5: Kernel execution time: 0.0055025130000000005 s.
    - Iteration 4/5: Kernel execution time: 0.0055036980000000004 s.
[I] Only-sharded module 20 for stage 4, constructing entry XLA computation...
[I] Compiling HLO module...
[I] Profiling HLO modules...
    - Iteration 0/5: Kernel execution time: 0.010831426 s.
    - Iteration 1/5: Kernel execution time: 0.010828642000000001 s.
    - Iteration 2/5: Kernel execution time: 0.01083738 s.
    - Iteration 3/5: Kernel execution time: 0.01083965 s.
    - Iteration 4/5: Kernel execution time: 0.010851236 s.
[I] Only-sharded module 21 for stage 5, constructing entry XLA computation...
[I] Compiling HLO module...
[I] Profiling HLO modules...
    - Iteration 0/5: Kernel execution time: 0.007663748000000001 s.
    - Iteration 1/5: Kernel execution time: 0.007648294999999999 s.
    - Iteration 2/5: Kernel execution time: 0.007652901000000001 s.
    - Iteration 3/5: Kernel execution time: 0.0076536700000000004 s.
    - Iteration 4/5: Kernel execution time: 0.007652455000000001 s.
[I] Only-sharded module 22 for stage 6, constructing entry XLA computation...
[I] Compiling HLO module...
[I] Profiling HLO modules...
    - Iteration 0/5: Kernel execution time: 0.021998120000000003 s.
    - Iteration 1/5: Kernel execution time: 0.022017515 s.
    - Iteration 2/5: Kernel execution time: 0.021995019000000005 s.
    - Iteration 3/5: Kernel execution time: 0.022036235 s.
    - Iteration 4/5: Kernel execution time: 0.022006154 s.
[I] Only-sharded module 23 for stage 7, constructing entry XLA computation...
[I] Compiling HLO module...
[I] Profiling HLO modules...
    - Iteration 0/5: Kernel execution time: 0.031157826000000003 s.
    - Iteration 1/5: Kernel execution time: 0.031169698000000003 s.
    - Iteration 2/5: Kernel execution time: 0.031166978 s.
    - Iteration 3/5: Kernel execution time: 0.031181122000000002 s.
    - Iteration 4/5: Kernel execution time: 0.031169027000000002 s.
[I] Constructing single-device HLO modules concurrently takes 0.010555505752563477 s.
[I] Compile single-device HLO modules concurrently takes 1.0819497108459473 s.
[I] Profile all compiled sequentially on one GPU takes 45.79155397415161 s.
[I] Estimated e2e pipeline iteration time is: 24.960004691582796 s.
    - Kernel computation time is: -1.0 s.
    - Communication time is: -1.0 s.
    - Cross-stages communication time is: -1.0 s.
