
[I] Loading Crius kernel-level profiler...
[TMP] Profiling results not found in `None`, creating it...

[I] Loading model and generating sharded HLO module...
[I] Initializing XLA devices takes 0.5374925136566162 s.
[I] Loading flax model....
[I] Model 'wide_resnet' loads sucessfully. Model Info: 

WideResNet(
    # attributes
    stage_sizes = [3, 4, 6, 3]
    block_cls = BottleneckResNetBlock
    num_classes = 1024
    num_filters = 640
    width_factor = 2
    dtype = float32
    act = relu
) 

[I] Initialize training state...
[I] Training state initialization is completed.
[I] Constructing general train step func...
[I] General train step func construction is completed.
[I] Model has been loaded, begin Jaxpr transformation...

[I] Pipeline partition mode: forced | Layer-to-stage partition: [[0, 1], [2, 3], [4, 5], [6, 7], [8, 9], [10, 11], [12, 13], [14, 15]]
[I] Pipeline partition mode: auto | Cell-generated physical mesh shapes: [(1, 2), (1, 2), (1, 2), (1, 2), (1, 2), (1, 2), (1, 2), (1, 2)]
[I] Loading model and transform to Jaxpr stages takes 14.449524164199829 s.
[I] The GPU sharding of pipeline stages is: [2, 2, 2, 2, 2, 2, 2, 2]
[I] Pipeline partition mode: auto | Parallel enum mode: auto | Parallel plans: [[StageShape(type='single', stage_shape=(2, 1), layer_shape=None), StageShape(type='single', stage_shape=(2, 1), layer_shape=None), StageShape(type='single', stage_shape=(2, 1), layer_shape=None), StageShape(type='single', stage_shape=(2, 1), layer_shape=None), StageShape(type='single', stage_shape=(1, 2), layer_shape=None), StageShape(type='single', stage_shape=(1, 2), layer_shape=None), StageShape(type='single', stage_shape=(2, 1), layer_shape=None), StageShape(type='single', stage_shape=(1, 2), layer_shape=None)]]

[I] (Parallel plan idx: 0) Sharding stages...
[I] Sharding stages takes 7.312944173812866 s.
[I] (Parallel plan idx: 0) SPMD partitioning and compiling (kernel fusing) HLO stages...
[I] SPMD partitioning and pre-compiling HLO modules concurrently takes 2.8494560718536377 s.

[I] All parallel plans in the cell have been sharded and compiled.
[TMP] Writing only-sharded HLO text to '/home/cyxue/Projects/crius/Crius/runtime/jaxpr/tmp/wide_resnet_4B_256_sharded_stages.pkl'...
[TMP] Writing optimized HLO text to '/home/cyxue/Projects/crius/Crius/runtime/jaxpr/tmp/wide_resnet_4B_256_optimized_stages.pkl'...
[TMP] Writing inter-stages communicated vars to '/home/cyxue/Projects/crius/Crius/runtime/jaxpr/tmp/wide_resnet_4B_256_inter_stages_comm_vars.pkl'

[I] Parallel plan idx: 0 | Parallelism: [(2, 1), (2, 1), (2, 1), (2, 1), (1, 2), (1, 2), (2, 1), (1, 2)]

[I] (Parallel plan idx: 0) Parsing HLO texts and profiling XLA operators...
[I] Pipeline partition mode: auto | Preset physical mesh shapes: [(1, 2), (1, 2), (1, 2), (1, 2), (1, 2), (1, 2), (1, 2), (1, 2)]
[TMP] Loading offline profiled communication data: `1_a40_1_n_2_d_ib.pkl`...
[TMP] Loading offline profiled communication data: `2_a40_2_n_1_d_ib.pkl`...
\Time of module 0 (stage 0):
Intra-stage comm time: 0.0007580183446407318
Grad sync time: 0

[I] Optimized module 0 for stage 0, comm time has been statically analyzed.
\Time of module 1 (stage 1):
Intra-stage comm time: 0.0006677791476249695
Grad sync time: 0

[I] Optimized module 1 for stage 1, comm time has been statically analyzed.
\Time of module 2 (stage 2):
Intra-stage comm time: 0.0006656631827354431
Grad sync time: 0

[I] Optimized module 2 for stage 2, comm time has been statically analyzed.
\Time of module 3 (stage 3):
Intra-stage comm time: 0.0006955355405807494
Grad sync time: 0

[I] Optimized module 3 for stage 3, comm time has been statically analyzed.
\Time of module 4 (stage 4):
Intra-stage comm time: 0.013578391913324595
Grad sync time: 0

[I] Optimized module 4 for stage 4, comm time has been statically analyzed.
\Time of module 5 (stage 5):
Intra-stage comm time: 0.013578391913324595
Grad sync time: 0

[I] Optimized module 5 for stage 5, comm time has been statically analyzed.
\Time of module 6 (stage 6):
Intra-stage comm time: 0.0007482144981622695
Grad sync time: 0

[I] Optimized module 6 for stage 6, comm time has been statically analyzed.
\Time of module 7 (stage 7):
Intra-stage comm time: 0.007966617587953806
Grad sync time: 0

[I] Optimized module 7 for stage 7, comm time has been statically analyzed.
\Time of module 8 (stage 7):
Intra-stage comm time: 0.01476860653433505
Grad sync time: 0

[I] Optimized module 8 for stage 7, comm time has been statically analyzed.
[WARN] Communication size of 'all-reduce' excceeds the maximum profiled size. Linear scaling is applied.
       - Communication size of the operator: 1140433920 | Estimated comm time: 0.5139975713675067
       - Max profiled communication size: 267386880 | Comm time: 0.08228549003601074
\Time of module 9 (stage 6):
Intra-stage comm time: 0.0014615632593631966
Grad sync time: 0.5139975713675067

[I] Optimized module 9 for stage 6, comm time has been statically analyzed.
\Time of module 10 (stage 5):
Intra-stage comm time: 0.03008424649015069
Grad sync time: 0

[I] Optimized module 10 for stage 5, comm time has been statically analyzed.
\Time of module 11 (stage 4):
Intra-stage comm time: 0.03008424649015069
Grad sync time: 0

[I] Optimized module 11 for stage 4, comm time has been statically analyzed.
[WARN] Communication size of 'all-reduce' excceeds the maximum profiled size. Linear scaling is applied.
       - Communication size of the operator: 285135360 | Estimated comm time: 0.09779390051748488
       - Max profiled communication size: 267386880 | Comm time: 0.08228549003601074
\Time of module 12 (stage 3):
Intra-stage comm time: 0.0013669651001691763
Grad sync time: 0.09779390051748488

[I] Optimized module 12 for stage 3, comm time has been statically analyzed.
\Time of module 13 (stage 2):
Intra-stage comm time: 0.001308351755142212
Grad sync time: 0.030452021535231986

[I] Optimized module 13 for stage 2, comm time has been statically analyzed.
\Time of module 14 (stage 1):
Intra-stage comm time: 0.001316172070801258
Grad sync time: 0.022064089264410235

[I] Optimized module 14 for stage 1, comm time has been statically analyzed.
\Time of module 15 (stage 0):
Intra-stage comm time: 0.001507845148444176
Grad sync time: 0.008554695884959074

[I] Optimized module 15 for stage 0, comm time has been statically analyzed.
\Time of module 16 (stage 0):
Intra-stage comm time: 0.004880981147289276
Grad sync time: 0

[I] Optimized module 16 for stage 0, comm time has been statically analyzed.
\Time of module 17 (stage 1):
Intra-stage comm time: 0.01288060247898102
Grad sync time: 0

[I] Optimized module 17 for stage 1, comm time has been statically analyzed.
\Time of module 18 (stage 2):
Intra-stage comm time: 0.017891987413167956
Grad sync time: 0

[I] Optimized module 18 for stage 2, comm time has been statically analyzed.
\Time of module 19 (stage 3):
Intra-stage comm time: 0.048361211477054494
Grad sync time: 0

[I] Optimized module 19 for stage 3, comm time has been statically analyzed.
\Time of module 20 (stage 4):
Intra-stage comm time: 0.0001316666603088379
Grad sync time: 0

[I] Optimized module 20 for stage 4, comm time has been statically analyzed.
\Time of module 21 (stage 5):
Intra-stage comm time: 0.0001316666603088379
Grad sync time: 0

[I] Optimized module 21 for stage 5, comm time has been statically analyzed.
[WARN] Communication size of 'all-gather' excceeds the maximum profiled size. Linear scaling is applied.
       - Communication size of the operator: 471859200 | Estimated comm time: 0.08268975067138672
       - Max profiled communication size: 267386880 | Comm time: 0.042454824447631836
\Time of module 22 (stage 6):
Intra-stage comm time: 0.19307800920142065
Grad sync time: 0

[I] Optimized module 22 for stage 6, comm time has been statically analyzed.
\Time of module 23 (stage 7):
Intra-stage comm time: 0.00013201832771301267
Grad sync time: 0

[I] Optimized module 23 for stage 7, comm time has been statically analyzed.
[TMP] Memory footprint of the stage 0 is 0.9424107111990452 GB, while the available memory of the XLA device is 35.33237304631621 GB.
[TMP] Memory footprint of the stage 1 is 2.2987210787832737 GB, while the available memory of the XLA device is 35.33237304631621 GB.
[TMP] Memory footprint of the stage 2 is 2.493691448122263 GB, while the available memory of the XLA device is 35.33237304631621 GB.
[TMP] Memory footprint of the stage 3 is 6.261870864778757 GB, while the available memory of the XLA device is 35.33237304631621 GB.
[TMP] Memory footprint of the stage 4 is 4.755020145326853 GB, while the available memory of the XLA device is 35.33237304631621 GB.
[TMP] Memory footprint of the stage 5 is 4.755039218813181 GB, while the available memory of the XLA device is 35.33237304631621 GB.
[TMP] Memory footprint of the stage 6 is 23.577818874269724 GB, while the available memory of the XLA device is 35.33237304631621 GB.
[TMP] Memory footprint of the stage 7 is 17.90554443374276 GB, while the available memory of the XLA device is 35.33237304631621 GB.
[I] Only-sharded module 0 for stage 0, constructing entry XLA computation...
[I] Compiling HLO module...
[I] Profiling HLO modules...
    - Iteration 0/5: Kernel execution time: 0.08083713700000002 s.
    - Iteration 1/5: Kernel execution time: 0.081590236 s.
    - Iteration 2/5: Kernel execution time: 0.082689705 s.
    - Iteration 3/5: Kernel execution time: 0.08197974 s.
    - Iteration 4/5: Kernel execution time: 0.08230338999999999 s.
[I] Only-sharded module 1 for stage 1, constructing entry XLA computation...
[I] Compiling HLO module...
[I] Profiling HLO modules...
    - Iteration 0/5: Kernel execution time: 0.09040266300000002 s.
    - Iteration 1/5: Kernel execution time: 0.09170783199999999 s.
    - Iteration 2/5: Kernel execution time: 0.09187922400000001 s.
    - Iteration 3/5: Kernel execution time: 0.09131579399999998 s.
    - Iteration 4/5: Kernel execution time: 0.09301011 s.
[I] Only-sharded module 2 for stage 2, constructing entry XLA computation...
[I] Compiling HLO module...
[I] Profiling HLO modules...
    - Iteration 0/5: Kernel execution time: 0.07606314400000003 s.
    - Iteration 1/5: Kernel execution time: 0.07616468000000001 s.
    - Iteration 2/5: Kernel execution time: 0.07557927099999999 s.
    - Iteration 3/5: Kernel execution time: 0.075201857 s.
    - Iteration 4/5: Kernel execution time: 0.076611471 s.
[I] Only-sharded module 3 for stage 3, constructing entry XLA computation...
[I] Compiling HLO module...
[I] Profiling HLO modules...
    - Iteration 0/5: Kernel execution time: 0.11252513700000003 s.
    - Iteration 1/5: Kernel execution time: 0.11339960799999997 s.
    - Iteration 2/5: Kernel execution time: 0.11287541 s.
    - Iteration 3/5: Kernel execution time: 0.11350926700000001 s.
    - Iteration 4/5: Kernel execution time: 0.11297044699999999 s.
[I] Only-sharded module 4 for stage 4, constructing entry XLA computation...
[I] Compiling HLO module...
[I] Profiling HLO modules...
    - Iteration 0/5: Kernel execution time: 0.08139666000000001 s.
    - Iteration 1/5: Kernel execution time: 0.08258943999999997 s.
    - Iteration 2/5: Kernel execution time: 0.08062683 s.
    - Iteration 3/5: Kernel execution time: 0.08059067000000002 s.
    - Iteration 4/5: Kernel execution time: 0.08257516800000003 s.
[I] Only-sharded module 5 for stage 5, constructing entry XLA computation...
[I] Compiling HLO module...
[I] Profiling HLO modules...
    - Iteration 0/5: Kernel execution time: 0.08085304200000001 s.
    - Iteration 1/5: Kernel execution time: 0.08140606900000001 s.
    - Iteration 2/5: Kernel execution time: 0.08148037200000001 s.
    - Iteration 3/5: Kernel execution time: 0.082232221 s.
    - Iteration 4/5: Kernel execution time: 0.08205157899999999 s.
[I] Only-sharded module 6 for stage 6, constructing entry XLA computation...
[I] Compiling HLO module...
[I] Profiling HLO modules...
    - Iteration 0/5: Kernel execution time: 0.267781652 s.
    - Iteration 1/5: Kernel execution time: 0.26724657600000007 s.
    - Iteration 2/5: Kernel execution time: 0.268336281 s.
    - Iteration 3/5: Kernel execution time: 0.26842300199999997 s.
    - Iteration 4/5: Kernel execution time: 0.2680849180000001 s.
[I] Only-sharded module 7 for stage 7, constructing entry XLA computation...
[I] Compiling HLO module...
[I] Profiling HLO modules...
    - Iteration 0/5: Kernel execution time: 0.16095766300000003 s.
    - Iteration 1/5: Kernel execution time: 0.16092918100000003 s.
    - Iteration 2/5: Kernel execution time: 0.16100175499999997 s.
    - Iteration 3/5: Kernel execution time: 0.16123532500000007 s.
    - Iteration 4/5: Kernel execution time: 0.160751611 s.
[I] Only-sharded module 8 for stage 7, constructing entry XLA computation...
[I] Compiling HLO module...
[I] Profiling HLO modules...
    - Iteration 0/5: Kernel execution time: 0.7312855450000003 s.
    - Iteration 1/5: Kernel execution time: 0.7314334800000001 s.
    - Iteration 2/5: Kernel execution time: 0.731681677 s.
    - Iteration 3/5: Kernel execution time: 0.729960159 s.
    - Iteration 4/5: Kernel execution time: 0.7326299999999999 s.
[I] Only-sharded module 9 for stage 6, constructing entry XLA computation...
[I] Compiling HLO module...
[I] Profiling HLO modules...
    - Iteration 0/5: Kernel execution time: 0.805533938 s.
    - Iteration 1/5: Kernel execution time: 0.8039172820000001 s.
    - Iteration 2/5: Kernel execution time: 0.8066735630000001 s.
    - Iteration 3/5: Kernel execution time: 0.8040891879999997 s.
    - Iteration 4/5: Kernel execution time: 0.8047258680000002 s.
[I] Only-sharded module 10 for stage 5, constructing entry XLA computation...
[I] Compiling HLO module...
[I] Profiling HLO modules...
    - Iteration 0/5: Kernel execution time: 0.28169677600000004 s.
    - Iteration 1/5: Kernel execution time: 0.28212525299999996 s.
    - Iteration 2/5: Kernel execution time: 0.2824426729999999 s.
    - Iteration 3/5: Kernel execution time: 0.2826398570000001 s.
    - Iteration 4/5: Kernel execution time: 0.28292715500000004 s.
[I] Only-sharded module 11 for stage 4, constructing entry XLA computation...
[I] Compiling HLO module...
[I] Profiling HLO modules...
    - Iteration 0/5: Kernel execution time: 0.28420258500000006 s.
    - Iteration 1/5: Kernel execution time: 0.283726517 s.
    - Iteration 2/5: Kernel execution time: 0.283342063 s.
    - Iteration 3/5: Kernel execution time: 0.285216741 s.
    - Iteration 4/5: Kernel execution time: 0.28403548 s.
[I] Only-sharded module 12 for stage 3, constructing entry XLA computation...
[I] Compiling HLO module...
[I] Profiling HLO modules...
    - Iteration 0/5: Kernel execution time: 0.374761564 s.
    - Iteration 1/5: Kernel execution time: 0.374825624 s.
    - Iteration 2/5: Kernel execution time: 0.37605610500000003 s.
    - Iteration 3/5: Kernel execution time: 0.37526057400000007 s.
    - Iteration 4/5: Kernel execution time: 0.376466057 s.
[I] Only-sharded module 13 for stage 2, constructing entry XLA computation...
[I] Compiling HLO module...
[I] Profiling HLO modules...
    - Iteration 0/5: Kernel execution time: 0.23786020900000004 s.
    - Iteration 1/5: Kernel execution time: 0.238996409 s.
    - Iteration 2/5: Kernel execution time: 0.23610367899999998 s.
    - Iteration 3/5: Kernel execution time: 0.23816001700000006 s.
    - Iteration 4/5: Kernel execution time: 0.23709817600000002 s.
[I] Only-sharded module 14 for stage 1, constructing entry XLA computation...
[I] Compiling HLO module...
[I] Profiling HLO modules...
    - Iteration 0/5: Kernel execution time: 0.299775463 s.
    - Iteration 1/5: Kernel execution time: 0.29838409400000004 s.
    - Iteration 2/5: Kernel execution time: 0.2978120199999999 s.
    - Iteration 3/5: Kernel execution time: 0.29886517799999995 s.
    - Iteration 4/5: Kernel execution time: 0.2986615000000001 s.
[I] Only-sharded module 15 for stage 0, constructing entry XLA computation...
[I] Compiling HLO module...
[I] Profiling HLO modules...
    - Iteration 0/5: Kernel execution time: 0.24129274299999998 s.
    - Iteration 1/5: Kernel execution time: 0.23880295900000004 s.
    - Iteration 2/5: Kernel execution time: 0.23959314500000006 s.
    - Iteration 3/5: Kernel execution time: 0.23992722500000008 s.
    - Iteration 4/5: Kernel execution time: 0.23859837999999997 s.
[I] Only-sharded module 16 for stage 0, constructing entry XLA computation...
[I] Compiling HLO module...
[I] Profiling HLO modules...
    - Iteration 0/5: Kernel execution time: 0.0007630150000000001 s.
    - Iteration 1/5: Kernel execution time: 0.000757128 s.
    - Iteration 2/5: Kernel execution time: 0.0007602310000000001 s.
    - Iteration 3/5: Kernel execution time: 0.0007584080000000001 s.
    - Iteration 4/5: Kernel execution time: 0.000762374 s.
[I] Only-sharded module 17 for stage 1, constructing entry XLA computation...
[I] Compiling HLO module...
[I] Profiling HLO modules...
    - Iteration 0/5: Kernel execution time: 0.0020190570000000003 s.
    - Iteration 1/5: Kernel execution time: 0.00201202 s.
    - Iteration 2/5: Kernel execution time: 0.0020197319999999998 s.
    - Iteration 3/5: Kernel execution time: 0.002019729 s.
    - Iteration 4/5: Kernel execution time: 0.0020221310000000004 s.
[I] Only-sharded module 18 for stage 2, constructing entry XLA computation...
[I] Compiling HLO module...
[I] Profiling HLO modules...
    - Iteration 0/5: Kernel execution time: 0.002758908 s.
    - Iteration 1/5: Kernel execution time: 0.002767674 s.
    - Iteration 2/5: Kernel execution time: 0.0027667130000000005 s.
    - Iteration 3/5: Kernel execution time: 0.0027661070000000003 s.
    - Iteration 4/5: Kernel execution time: 0.0027584590000000004 s.
[I] Only-sharded module 19 for stage 3, constructing entry XLA computation...
[I] Compiling HLO module...
[I] Profiling HLO modules...
    - Iteration 0/5: Kernel execution time: 0.007841417 s.
    - Iteration 1/5: Kernel execution time: 0.007821385 s.
    - Iteration 2/5: Kernel execution time: 0.007840558000000001 s.
    - Iteration 3/5: Kernel execution time: 0.007832298000000001 s.
    - Iteration 4/5: Kernel execution time: 0.0078371 s.
[I] Only-sharded module 20 for stage 4, constructing entry XLA computation...
[I] Compiling HLO module...
[I] Profiling HLO modules...
    - Iteration 0/5: Kernel execution time: 0.007656263999999999 s.
    - Iteration 1/5: Kernel execution time: 0.007662951 s.
    - Iteration 2/5: Kernel execution time: 0.007662856 s.
    - Iteration 3/5: Kernel execution time: 0.0076487130000000006 s.
    - Iteration 4/5: Kernel execution time: 0.0076482650000000004 s.
[I] Only-sharded module 21 for stage 5, constructing entry XLA computation...
[I] Compiling HLO module...
[I] Profiling HLO modules...
    - Iteration 0/5: Kernel execution time: 0.007664359000000001 s.
    - Iteration 1/5: Kernel execution time: 0.007658728 s.
    - Iteration 2/5: Kernel execution time: 0.007652330000000001 s.
    - Iteration 3/5: Kernel execution time: 0.007646825 s.
    - Iteration 4/5: Kernel execution time: 0.0076532860000000005 s.
[I] Only-sharded module 22 for stage 6, constructing entry XLA computation...
[I] Compiling HLO module...
[I] Profiling HLO modules...
    - Iteration 0/5: Kernel execution time: 0.031114372000000005 s.
    - Iteration 1/5: Kernel execution time: 0.03114791 s.
    - Iteration 2/5: Kernel execution time: 0.031127141 s.
    - Iteration 3/5: Kernel execution time: 0.031146981 s.
    - Iteration 4/5: Kernel execution time: 0.031133189000000006 s.
[I] Only-sharded module 23 for stage 7, constructing entry XLA computation...
[I] Compiling HLO module...
[I] Profiling HLO modules...
    - Iteration 0/5: Kernel execution time: 0.031166597000000004 s.
    - Iteration 1/5: Kernel execution time: 0.031193029000000004 s.
    - Iteration 2/5: Kernel execution time: 0.031181094000000003 s.
    - Iteration 3/5: Kernel execution time: 0.031159394000000003 s.
    - Iteration 4/5: Kernel execution time: 0.031175366 s.
[I] Constructing single-device HLO modules concurrently takes 0.010939836502075195 s.
[I] Compile single-device HLO modules concurrently takes 0.8387224674224854 s.
[I] Profile all compiled sequentially on one GPU takes 48.12691807746887 s.
[I] Estimated e2e pipeline iteration time is: 25.86366078169087 s.
    - Kernel computation time is: -1.0 s.
    - Communication time is: -1.0 s.
    - Cross-stages communication time is: -1.0 s.
