
[I] Loading Crius kernel-level profiler...
[TMP] Profiling results not found in `None`, creating it...

[I] Loading model and generating sharded HLO module...
[I] Initializing XLA devices takes 0.35032105445861816 s.
[I] Loading flax model....
[I] Model 'wide_resnet' loads sucessfully. Model Info: 

WideResNet(
    # attributes
    stage_sizes = [3, 4, 6, 3]
    block_cls = BottleneckResNetBlock
    num_classes = 1024
    num_filters = 640
    width_factor = 2
    dtype = float32
    act = relu
) 

[I] Initialize training state...
[I] Training state initialization is completed.
[I] Constructing general train step func...
[I] General train step func construction is completed.
[I] Model has been loaded, begin Jaxpr transformation...

[I] Pipeline partition mode: forced | Layer-to-stage partition: [[0, 1], [2, 3], [4, 5], [6, 7], [8, 9], [10, 11], [12, 13], [14, 15]]
[I] Pipeline partition mode: auto | Cell-generated physical mesh shapes: [(1, 2), (1, 2), (1, 2), (1, 2), (1, 2), (1, 2), (1, 2), (1, 2)]
[I] Loading model and transform to Jaxpr stages takes 14.180870532989502 s.
[I] The GPU sharding of pipeline stages is: [2, 2, 2, 2, 2, 2, 2, 2]
[I] Pipeline partition mode: auto | Parallel enum mode: auto | Parallel plans: [[StageShape(type='single', stage_shape=(1, 2), layer_shape=None), StageShape(type='single', stage_shape=(1, 2), layer_shape=None), StageShape(type='single', stage_shape=(1, 2), layer_shape=None), StageShape(type='single', stage_shape=(1, 2), layer_shape=None), StageShape(type='single', stage_shape=(2, 1), layer_shape=None), StageShape(type='single', stage_shape=(1, 2), layer_shape=None), StageShape(type='single', stage_shape=(1, 2), layer_shape=None), StageShape(type='single', stage_shape=(2, 1), layer_shape=None)]]

[I] (Parallel plan idx: 0) Sharding stages...
[I] Sharding stages takes 8.057348489761353 s.
[I] (Parallel plan idx: 0) SPMD partitioning and compiling (kernel fusing) HLO stages...
[I] SPMD partitioning and pre-compiling HLO modules concurrently takes 3.3219125270843506 s.

[I] All parallel plans in the cell have been sharded and compiled.
[TMP] Writing only-sharded HLO text to '/home/cyxue/Projects/crius/Crius/runtime/jaxpr/tmp/wide_resnet_4B_256_sharded_stages.pkl'...
[TMP] Writing optimized HLO text to '/home/cyxue/Projects/crius/Crius/runtime/jaxpr/tmp/wide_resnet_4B_256_optimized_stages.pkl'...
[TMP] Writing inter-stages communicated vars to '/home/cyxue/Projects/crius/Crius/runtime/jaxpr/tmp/wide_resnet_4B_256_inter_stages_comm_vars.pkl'

[I] Parallel plan idx: 0 | Parallelism: [(1, 2), (1, 2), (1, 2), (1, 2), (2, 1), (1, 2), (1, 2), (2, 1)]

[I] (Parallel plan idx: 0) Parsing HLO texts and profiling XLA operators...
[I] Pipeline partition mode: auto | Preset physical mesh shapes: [(1, 2), (1, 2), (1, 2), (1, 2), (1, 2), (1, 2), (1, 2), (1, 2)]
[TMP] Loading offline profiled communication data: `1_a40_1_n_2_d_ib.pkl`...
[TMP] Loading offline profiled communication data: `2_a40_2_n_1_d_ib.pkl`...
\Time of module 0 (stage 0):
Intra-stage comm time: 0.04816402653232217
Grad sync time: 0

[I] Optimized module 0 for stage 0, comm time has been statically analyzed.
\Time of module 1 (stage 1):
Intra-stage comm time: 0.057498734910041094
Grad sync time: 0

[I] Optimized module 1 for stage 1, comm time has been statically analyzed.
\Time of module 2 (stage 2):
Intra-stage comm time: 0.022961602732539173
Grad sync time: 0

[I] Optimized module 2 for stage 2, comm time has been statically analyzed.
\Time of module 3 (stage 3):
Intra-stage comm time: 0.03253108970820904
Grad sync time: 0

[I] Optimized module 3 for stage 3, comm time has been statically analyzed.
\Time of module 4 (stage 4):
Intra-stage comm time: 0.0007000371813774108
Grad sync time: 0

[I] Optimized module 4 for stage 4, comm time has been statically analyzed.
\Time of module 5 (stage 5):
Intra-stage comm time: 0.013578391913324595
Grad sync time: 0

[I] Optimized module 5 for stage 5, comm time has been statically analyzed.
\Time of module 6 (stage 6):
Intra-stage comm time: 0.01945804348215461
Grad sync time: 0

[I] Optimized module 6 for stage 6, comm time has been statically analyzed.
\Time of module 7 (stage 7):
Intra-stage comm time: 0.0008619621396064759
Grad sync time: 0

[I] Optimized module 7 for stage 7, comm time has been statically analyzed.
[WARN] Communication size of 'all-reduce' excceeds the maximum profiled size. Linear scaling is applied.
       - Communication size of the operator: 1593979904 | Estimated comm time: 0.7899283531317175
       - Max profiled communication size: 267386880 | Comm time: 0.08228549003601074
\Time of module 8 (stage 7):
Intra-stage comm time: 0.0014546453952789529
Grad sync time: 0.7899283531317175

[I] Optimized module 8 for stage 7, comm time has been statically analyzed.
\Time of module 9 (stage 6):
Intra-stage comm time: 0.034559381194412715
Grad sync time: 0

[I] Optimized module 9 for stage 6, comm time has been statically analyzed.
\Time of module 10 (stage 5):
Intra-stage comm time: 0.03008424649015069
Grad sync time: 0

[I] Optimized module 10 for stage 5, comm time has been statically analyzed.
[WARN] Communication size of 'all-reduce' excceeds the maximum profiled size. Linear scaling is applied.
       - Communication size of the operator: 393287680 | Estimated comm time: 0.1331228062019218
       - Max profiled communication size: 267386880 | Comm time: 0.08228549003601074
\Time of module 11 (stage 4):
Intra-stage comm time: 0.0013657003641128485
Grad sync time: 0.1331228062019218

[I] Optimized module 11 for stage 4, comm time has been statically analyzed.
\Time of module 12 (stage 3):
Intra-stage comm time: 0.053827217780053616
Grad sync time: 0

[I] Optimized module 12 for stage 3, comm time has been statically analyzed.
\Time of module 13 (stage 2):
Intra-stage comm time: 0.05338655654340982
Grad sync time: 0

[I] Optimized module 13 for stage 2, comm time has been statically analyzed.
\Time of module 14 (stage 1):
Intra-stage comm time: 0.09035358615219592
Grad sync time: 0

[I] Optimized module 14 for stage 1, comm time has been statically analyzed.
\Time of module 15 (stage 0):
Intra-stage comm time: 0.11107181720435619
Grad sync time: 0

[I] Optimized module 15 for stage 0, comm time has been statically analyzed.
\Time of module 16 (stage 0):
Intra-stage comm time: 0.00019350349903106688
Grad sync time: 0

[I] Optimized module 16 for stage 0, comm time has been statically analyzed.
\Time of module 17 (stage 1):
Intra-stage comm time: 0.00013055279850959778
Grad sync time: 0

[I] Optimized module 17 for stage 1, comm time has been statically analyzed.
\Time of module 18 (stage 2):
Intra-stage comm time: 0.00013055279850959778
Grad sync time: 0

[I] Optimized module 18 for stage 2, comm time has been statically analyzed.
\Time of module 19 (stage 3):
Intra-stage comm time: 0.00013184249401092528
Grad sync time: 0

[I] Optimized module 19 for stage 3, comm time has been statically analyzed.
\Time of module 20 (stage 4):
Intra-stage comm time: 0.06619054194953707
Grad sync time: 0

[I] Optimized module 20 for stage 4, comm time has been statically analyzed.
\Time of module 21 (stage 5):
Intra-stage comm time: 0.0001316666603088379
Grad sync time: 0

[I] Optimized module 21 for stage 5, comm time has been statically analyzed.
\Time of module 22 (stage 6):
Intra-stage comm time: 0.00013191029429435728
Grad sync time: 0

[I] Optimized module 22 for stage 6, comm time has been statically analyzed.
[WARN] Communication size of 'all-gather' excceeds the maximum profiled size. Linear scaling is applied.
       - Communication size of the operator: 471859200 | Estimated comm time: 0.08268975067138672
       - Max profiled communication size: 267386880 | Comm time: 0.042454824447631836
[WARN] Communication size of 'all-gather' excceeds the maximum profiled size. Linear scaling is applied.
       - Communication size of the operator: 471859200 | Estimated comm time: 0.08268975067138672
       - Max profiled communication size: 267386880 | Comm time: 0.042454824447631836
\Time of module 23 (stage 7):
Intra-stage comm time: 0.27111198103427886
Grad sync time: 0

[I] Optimized module 23 for stage 7, comm time has been statically analyzed.
[TMP] Memory footprint of the stage 0 is 0.8370564021170139 GB, while the available memory of the XLA device is 35.33237304631621 GB.
[TMP] Memory footprint of the stage 1 is 2.3524642027914524 GB, while the available memory of the XLA device is 35.33237304631621 GB.
[TMP] Memory footprint of the stage 2 is 1.8171715773642063 GB, while the available memory of the XLA device is 35.33237304631621 GB.
[TMP] Memory footprint of the stage 3 is 3.9651823081076145 GB, while the available memory of the XLA device is 35.33237304631621 GB.
[TMP] Memory footprint of the stage 4 is 8.297929767519236 GB, while the available memory of the XLA device is 35.33237304631621 GB.
[TMP] Memory footprint of the stage 5 is 4.755039218813181 GB, while the available memory of the XLA device is 35.33237304631621 GB.
[TMP] Memory footprint of the stage 6 is 13.10704231634736 GB, while the available memory of the XLA device is 35.33237304631621 GB.
[TMP] Memory footprint of the stage 7 is 32.75013170018792 GB, while the available memory of the XLA device is 35.33237304631621 GB.
[I] Only-sharded module 0 for stage 0, constructing entry XLA computation...
[I] Compiling HLO module...
[I] Profiling HLO modules...
    - Iteration 0/5: Kernel execution time: 0.07701496799999999 s.
    - Iteration 1/5: Kernel execution time: 0.07731359700000003 s.
    - Iteration 2/5: Kernel execution time: 0.078332773 s.
    - Iteration 3/5: Kernel execution time: 0.078752907 s.
    - Iteration 4/5: Kernel execution time: 0.07850083700000002 s.
[I] Only-sharded module 1 for stage 1, constructing entry XLA computation...
[I] Compiling HLO module...
[I] Profiling HLO modules...
    - Iteration 0/5: Kernel execution time: 0.09500920500000001 s.
    - Iteration 1/5: Kernel execution time: 0.09523404 s.
    - Iteration 2/5: Kernel execution time: 0.09547813700000005 s.
    - Iteration 3/5: Kernel execution time: 0.09438682699999998 s.
    - Iteration 4/5: Kernel execution time: 0.09541631400000002 s.
[I] Only-sharded module 2 for stage 2, constructing entry XLA computation...
[I] Compiling HLO module...
[I] Profiling HLO modules...
    - Iteration 0/5: Kernel execution time: 0.067790794 s.
    - Iteration 1/5: Kernel execution time: 0.068396144 s.
    - Iteration 2/5: Kernel execution time: 0.06738861400000001 s.
    - Iteration 3/5: Kernel execution time: 0.06661993699999999 s.
    - Iteration 4/5: Kernel execution time: 0.06715821200000001 s.
[I] Only-sharded module 3 for stage 3, constructing entry XLA computation...
[I] Compiling HLO module...
[I] Profiling HLO modules...
    - Iteration 0/5: Kernel execution time: 0.08729684799999998 s.
    - Iteration 1/5: Kernel execution time: 0.08799820400000002 s.
    - Iteration 2/5: Kernel execution time: 0.08849724900000001 s.
    - Iteration 3/5: Kernel execution time: 0.08902623999999999 s.
    - Iteration 4/5: Kernel execution time: 0.088701113 s.
[I] Only-sharded module 4 for stage 4, constructing entry XLA computation...
[I] Compiling HLO module...
[I] Profiling HLO modules...
    - Iteration 0/5: Kernel execution time: 0.117706135 s.
    - Iteration 1/5: Kernel execution time: 0.117244854 s.
    - Iteration 2/5: Kernel execution time: 0.117509397 s.
    - Iteration 3/5: Kernel execution time: 0.117757945 s.
    - Iteration 4/5: Kernel execution time: 0.11724497900000003 s.
[I] Only-sharded module 5 for stage 5, constructing entry XLA computation...
[I] Compiling HLO module...
[I] Profiling HLO modules...
    - Iteration 0/5: Kernel execution time: 0.08156015900000003 s.
    - Iteration 1/5: Kernel execution time: 0.082087171 s.
    - Iteration 2/5: Kernel execution time: 0.08143804800000001 s.
    - Iteration 3/5: Kernel execution time: 0.081358941 s.
    - Iteration 4/5: Kernel execution time: 0.081452993 s.
[I] Only-sharded module 6 for stage 6, constructing entry XLA computation...
[I] Compiling HLO module...
[I] Profiling HLO modules...
    - Iteration 0/5: Kernel execution time: 0.14159165399999998 s.
    - Iteration 1/5: Kernel execution time: 0.14084870400000002 s.
    - Iteration 2/5: Kernel execution time: 0.14123158900000002 s.
    - Iteration 3/5: Kernel execution time: 0.140782046 s.
    - Iteration 4/5: Kernel execution time: 0.14052377300000005 s.
[I] Only-sharded module 7 for stage 7, constructing entry XLA computation...
[I] Compiling HLO module...
[I] Profiling HLO modules...
    - Iteration 0/5: Kernel execution time: 0.34339515800000014 s.
    - Iteration 1/5: Kernel execution time: 0.34329403699999994 s.
    - Iteration 2/5: Kernel execution time: 0.3428101610000001 s.
    - Iteration 3/5: Kernel execution time: 0.3440208930000001 s.
    - Iteration 4/5: Kernel execution time: 0.3428775210000001 s.
[I] Only-sharded module 8 for stage 7, constructing entry XLA computation...
[I] Compiling HLO module...
[I] Profiling HLO modules...
    - Iteration 0/5: Kernel execution time: 0.993679797 s.
    - Iteration 1/5: Kernel execution time: 0.994480182 s.
    - Iteration 2/5: Kernel execution time: 0.9951437399999997 s.
    - Iteration 3/5: Kernel execution time: 0.9935231849999999 s.
    - Iteration 4/5: Kernel execution time: 0.992871563 s.
[I] Only-sharded module 9 for stage 6, constructing entry XLA computation...
[I] Compiling HLO module...
[I] Profiling HLO modules...
    - Iteration 0/5: Kernel execution time: 0.5834617190000002 s.
    - Iteration 1/5: Kernel execution time: 0.5843264299999998 s.
    - Iteration 2/5: Kernel execution time: 0.5831203099999999 s.
    - Iteration 3/5: Kernel execution time: 0.583951999 s.
    - Iteration 4/5: Kernel execution time: 0.582308402 s.
[I] Only-sharded module 10 for stage 5, constructing entry XLA computation...
[I] Compiling HLO module...
[I] Profiling HLO modules...
    - Iteration 0/5: Kernel execution time: 0.283701391 s.
    - Iteration 1/5: Kernel execution time: 0.2831943519999999 s.
    - Iteration 2/5: Kernel execution time: 0.2843425509999999 s.
    - Iteration 3/5: Kernel execution time: 0.281711169 s.
    - Iteration 4/5: Kernel execution time: 0.28537238500000006 s.
[I] Only-sharded module 11 for stage 4, constructing entry XLA computation...
[I] Compiling HLO module...
[I] Profiling HLO modules...
    - Iteration 0/5: Kernel execution time: 0.353562684 s.
    - Iteration 1/5: Kernel execution time: 0.352454894 s.
    - Iteration 2/5: Kernel execution time: 0.35383328100000006 s.
    - Iteration 3/5: Kernel execution time: 0.353853722 s.
    - Iteration 4/5: Kernel execution time: 0.35195527500000007 s.
[I] Only-sharded module 12 for stage 3, constructing entry XLA computation...
[I] Compiling HLO module...
[I] Profiling HLO modules...
    - Iteration 0/5: Kernel execution time: 0.343239394 s.
    - Iteration 1/5: Kernel execution time: 0.33982791100000004 s.
    - Iteration 2/5: Kernel execution time: 0.3417071189999999 s.
    - Iteration 3/5: Kernel execution time: 0.34417709700000015 s.
    - Iteration 4/5: Kernel execution time: 0.3408949880000002 s.
[I] Only-sharded module 13 for stage 2, constructing entry XLA computation...
[I] Compiling HLO module...
[I] Profiling HLO modules...
    - Iteration 0/5: Kernel execution time: 0.22636791100000006 s.
    - Iteration 1/5: Kernel execution time: 0.22438188499999998 s.
    - Iteration 2/5: Kernel execution time: 0.22609220399999994 s.
    - Iteration 3/5: Kernel execution time: 0.22464037800000006 s.
    - Iteration 4/5: Kernel execution time: 0.22605643299999995 s.
[I] Only-sharded module 14 for stage 1, constructing entry XLA computation...
[I] Compiling HLO module...
[I] Profiling HLO modules...
    - Iteration 0/5: Kernel execution time: 0.2949338760000001 s.
    - Iteration 1/5: Kernel execution time: 0.29263734300000005 s.
    - Iteration 2/5: Kernel execution time: 0.296139774 s.
    - Iteration 3/5: Kernel execution time: 0.29541199200000007 s.
    - Iteration 4/5: Kernel execution time: 0.29664553200000016 s.
[I] Only-sharded module 15 for stage 0, constructing entry XLA computation...
[I] Compiling HLO module...
[I] Profiling HLO modules...
    - Iteration 0/5: Kernel execution time: 0.24610389900000001 s.
    - Iteration 1/5: Kernel execution time: 0.24534705499999998 s.
    - Iteration 2/5: Kernel execution time: 0.24536251500000017 s.
    - Iteration 3/5: Kernel execution time: 0.245059825 s.
    - Iteration 4/5: Kernel execution time: 0.24759558999999995 s.
[I] Only-sharded module 16 for stage 0, constructing entry XLA computation...
[I] Compiling HLO module...
[I] Profiling HLO modules...
    - Iteration 0/5: Kernel execution time: 0.00050759 s.
    - Iteration 1/5: Kernel execution time: 0.000507364 s.
    - Iteration 2/5: Kernel execution time: 0.00050871 s.
    - Iteration 3/5: Kernel execution time: 0.0005075580000000001 s.
    - Iteration 4/5: Kernel execution time: 0.000508101 s.
[I] Only-sharded module 17 for stage 1, constructing entry XLA computation...
[I] Compiling HLO module...
[I] Profiling HLO modules...
    - Iteration 0/5: Kernel execution time: 0.001383278 s.
    - Iteration 1/5: Kernel execution time: 0.001384332 s.
    - Iteration 2/5: Kernel execution time: 0.0013860930000000001 s.
    - Iteration 3/5: Kernel execution time: 0.001383085 s.
    - Iteration 4/5: Kernel execution time: 0.0013859940000000002 s.
[I] Only-sharded module 18 for stage 2, constructing entry XLA computation...
[I] Compiling HLO module...
[I] Profiling HLO modules...
    - Iteration 0/5: Kernel execution time: 0.001888785 s.
    - Iteration 1/5: Kernel execution time: 0.0018883060000000002 s.
    - Iteration 2/5: Kernel execution time: 0.001885938 s.
    - Iteration 3/5: Kernel execution time: 0.0018843030000000001 s.
    - Iteration 4/5: Kernel execution time: 0.001887474 s.
[I] Only-sharded module 19 for stage 3, constructing entry XLA computation...
[I] Compiling HLO module...
[I] Profiling HLO modules...
    - Iteration 0/5: Kernel execution time: 0.005504209 s.
    - Iteration 1/5: Kernel execution time: 0.005492945000000001 s.
    - Iteration 2/5: Kernel execution time: 0.005499024999999999 s.
    - Iteration 3/5: Kernel execution time: 0.005491314000000001 s.
    - Iteration 4/5: Kernel execution time: 0.005507122 s.
[I] Only-sharded module 20 for stage 4, constructing entry XLA computation...
[I] Compiling HLO module...
[I] Profiling HLO modules...
    - Iteration 0/5: Kernel execution time: 0.01083597 s.
    - Iteration 1/5: Kernel execution time: 0.01084026 s.
    - Iteration 2/5: Kernel execution time: 0.010836644 s.
    - Iteration 3/5: Kernel execution time: 0.010835075000000001 s.
    - Iteration 4/5: Kernel execution time: 0.010849250000000001 s.
[I] Only-sharded module 21 for stage 5, constructing entry XLA computation...
[I] Compiling HLO module...
[I] Profiling HLO modules...
    - Iteration 0/5: Kernel execution time: 0.007648902 s.
    - Iteration 1/5: Kernel execution time: 0.007650854 s.
    - Iteration 2/5: Kernel execution time: 0.007652038000000001 s.
    - Iteration 3/5: Kernel execution time: 0.007645894 s.
    - Iteration 4/5: Kernel execution time: 0.007658823 s.
[I] Only-sharded module 22 for stage 6, constructing entry XLA computation...
[I] Compiling HLO module...
[I] Profiling HLO modules...
    - Iteration 0/5: Kernel execution time: 0.022037001 s.
    - Iteration 1/5: Kernel execution time: 0.02201569 s.
    - Iteration 2/5: Kernel execution time: 0.022012619000000004 s.
    - Iteration 3/5: Kernel execution time: 0.022005707 s.
    - Iteration 4/5: Kernel execution time: 0.022003658000000002 s.
[I] Only-sharded module 23 for stage 7, constructing entry XLA computation...
[I] Compiling HLO module...
[I] Profiling HLO modules...
    - Iteration 0/5: Kernel execution time: 0.04377310399999999 s.
    - Iteration 1/5: Kernel execution time: 0.043771793 s.
    - Iteration 2/5: Kernel execution time: 0.043714831999999995 s.
    - Iteration 3/5: Kernel execution time: 0.043752594000000006 s.
    - Iteration 4/5: Kernel execution time: 0.043720433 s.
[I] Constructing single-device HLO modules concurrently takes 0.011154413223266602 s.
[I] Compile single-device HLO modules concurrently takes 1.1152565479278564 s.
[I] Profile all compiled sequentially on one GPU takes 49.4168438911438 s.
[I] Estimated e2e pipeline iteration time is: 32.78488165717119 s.
    - Kernel computation time is: -1.0 s.
    - Communication time is: -1.0 s.
    - Cross-stages communication time is: -1.0 s.
