
[I] Loading Crius kernel-level profiler...
[TMP] Profiling results not found in `None`, creating it...

[I] Loading model and generating sharded HLO module...
[I] Initializing XLA devices takes 0.7175607681274414 s.
[I] Loading flax model....
[I] Model 'wide_resnet' loads sucessfully. Model Info: 

WideResNet(
    # attributes
    stage_sizes = [3, 4, 6, 3]
    block_cls = BottleneckResNetBlock
    num_classes = 1024
    num_filters = 640
    width_factor = 2
    dtype = float32
    act = relu
) 

[I] Initialize training state...
[I] Training state initialization is completed.
[I] Constructing general train step func...
[I] General train step func construction is completed.
[I] Model has been loaded, begin Jaxpr transformation...

[I] Pipeline partition mode: forced | Layer-to-stage partition: [[0, 1], [2, 3], [4, 5], [6, 7], [8, 9], [10, 11], [12, 13], [14, 15]]
[I] Pipeline partition mode: auto | Cell-generated physical mesh shapes: [(1, 2), (1, 2), (1, 2), (1, 2), (1, 2), (1, 2), (1, 2), (1, 2)]
[I] Loading model and transform to Jaxpr stages takes 14.40858793258667 s.
[I] The GPU sharding of pipeline stages is: [2, 2, 2, 2, 2, 2, 2, 2]
[I] Pipeline partition mode: auto | Parallel enum mode: auto | Parallel plans: [[StageShape(type='single', stage_shape=(2, 1), layer_shape=None), StageShape(type='single', stage_shape=(2, 1), layer_shape=None), StageShape(type='single', stage_shape=(2, 1), layer_shape=None), StageShape(type='single', stage_shape=(2, 1), layer_shape=None), StageShape(type='single', stage_shape=(2, 1), layer_shape=None), StageShape(type='single', stage_shape=(2, 1), layer_shape=None), StageShape(type='single', stage_shape=(1, 2), layer_shape=None), StageShape(type='single', stage_shape=(2, 1), layer_shape=None)]]

[I] (Parallel plan idx: 0) Sharding stages...
[I] Sharding stages takes 6.943852186203003 s.
[I] (Parallel plan idx: 0) SPMD partitioning and compiling (kernel fusing) HLO stages...
[I] SPMD partitioning and pre-compiling HLO modules concurrently takes 2.8750057220458984 s.

[I] All parallel plans in the cell have been sharded and compiled.
[TMP] Writing only-sharded HLO text to '/home/cyxue/Projects/crius/Crius/runtime/jaxpr/tmp/wide_resnet_4B_256_sharded_stages.pkl'...
[TMP] Writing optimized HLO text to '/home/cyxue/Projects/crius/Crius/runtime/jaxpr/tmp/wide_resnet_4B_256_optimized_stages.pkl'...
[TMP] Writing inter-stages communicated vars to '/home/cyxue/Projects/crius/Crius/runtime/jaxpr/tmp/wide_resnet_4B_256_inter_stages_comm_vars.pkl'

[I] Parallel plan idx: 0 | Parallelism: [(2, 1), (2, 1), (2, 1), (2, 1), (2, 1), (2, 1), (1, 2), (2, 1)]

[I] (Parallel plan idx: 0) Parsing HLO texts and profiling XLA operators...
[I] Pipeline partition mode: auto | Preset physical mesh shapes: [(1, 2), (1, 2), (1, 2), (1, 2), (1, 2), (1, 2), (1, 2), (1, 2)]
[TMP] Loading offline profiled communication data: `1_a40_1_n_2_d_ib.pkl`...
[TMP] Loading offline profiled communication data: `2_a40_2_n_1_d_ib.pkl`...
\Time of module 0 (stage 0):
Intra-stage comm time: 0.0007580183446407318
Grad sync time: 0

[I] Optimized module 0 for stage 0, comm time has been statically analyzed.
\Time of module 1 (stage 1):
Intra-stage comm time: 0.0006677791476249695
Grad sync time: 0

[I] Optimized module 1 for stage 1, comm time has been statically analyzed.
\Time of module 2 (stage 2):
Intra-stage comm time: 0.0006656631827354431
Grad sync time: 0

[I] Optimized module 2 for stage 2, comm time has been statically analyzed.
\Time of module 3 (stage 3):
Intra-stage comm time: 0.0006955355405807494
Grad sync time: 0

[I] Optimized module 3 for stage 3, comm time has been statically analyzed.
\Time of module 4 (stage 4):
Intra-stage comm time: 0.0007000371813774108
Grad sync time: 0

[I] Optimized module 4 for stage 4, comm time has been statically analyzed.
\Time of module 5 (stage 5):
Intra-stage comm time: 0.0007000371813774108
Grad sync time: 0

[I] Optimized module 5 for stage 5, comm time has been statically analyzed.
\Time of module 6 (stage 6):
Intra-stage comm time: 0.01945804348215461
Grad sync time: 0

[I] Optimized module 6 for stage 6, comm time has been statically analyzed.
\Time of module 7 (stage 7):
Intra-stage comm time: 0.0008619621396064759
Grad sync time: 0

[I] Optimized module 7 for stage 7, comm time has been statically analyzed.
[WARN] Communication size of 'all-reduce' excceeds the maximum profiled size. Linear scaling is applied.
       - Communication size of the operator: 1593979904 | Estimated comm time: 0.7899283531317175
       - Max profiled communication size: 267386880 | Comm time: 0.08228549003601074
\Time of module 8 (stage 7):
Intra-stage comm time: 0.0014546453952789529
Grad sync time: 0.7899283531317175

[I] Optimized module 8 for stage 7, comm time has been statically analyzed.
\Time of module 9 (stage 6):
Intra-stage comm time: 0.034559381194412715
Grad sync time: 0

[I] Optimized module 9 for stage 6, comm time has been statically analyzed.
[WARN] Communication size of 'all-reduce' excceeds the maximum profiled size. Linear scaling is applied.
       - Communication size of the operator: 393287680 | Estimated comm time: 0.1331228062019218
       - Max profiled communication size: 267386880 | Comm time: 0.08228549003601074
\Time of module 10 (stage 5):
Intra-stage comm time: 0.0013657003641128485
Grad sync time: 0.1331228062019218

[I] Optimized module 10 for stage 5, comm time has been statically analyzed.
[WARN] Communication size of 'all-reduce' excceeds the maximum profiled size. Linear scaling is applied.
       - Communication size of the operator: 393287680 | Estimated comm time: 0.1331228062019218
       - Max profiled communication size: 267386880 | Comm time: 0.08228549003601074
\Time of module 11 (stage 4):
Intra-stage comm time: 0.0013657003641128485
Grad sync time: 0.1331228062019218

[I] Optimized module 11 for stage 4, comm time has been statically analyzed.
[WARN] Communication size of 'all-reduce' excceeds the maximum profiled size. Linear scaling is applied.
       - Communication size of the operator: 285135360 | Estimated comm time: 0.09779390051748488
       - Max profiled communication size: 267386880 | Comm time: 0.08228549003601074
\Time of module 12 (stage 3):
Intra-stage comm time: 0.0013669651001691763
Grad sync time: 0.09779390051748488

[I] Optimized module 12 for stage 3, comm time has been statically analyzed.
\Time of module 13 (stage 2):
Intra-stage comm time: 0.001308351755142212
Grad sync time: 0.030452021535231986

[I] Optimized module 13 for stage 2, comm time has been statically analyzed.
\Time of module 14 (stage 1):
Intra-stage comm time: 0.001316172070801258
Grad sync time: 0.022064089264410235

[I] Optimized module 14 for stage 1, comm time has been statically analyzed.
\Time of module 15 (stage 0):
Intra-stage comm time: 0.001507845148444176
Grad sync time: 0.008554695884959074

[I] Optimized module 15 for stage 0, comm time has been statically analyzed.
\Time of module 16 (stage 0):
Intra-stage comm time: 0.004880981147289276
Grad sync time: 0

[I] Optimized module 16 for stage 0, comm time has been statically analyzed.
\Time of module 17 (stage 1):
Intra-stage comm time: 0.01288060247898102
Grad sync time: 0

[I] Optimized module 17 for stage 1, comm time has been statically analyzed.
\Time of module 18 (stage 2):
Intra-stage comm time: 0.017891987413167956
Grad sync time: 0

[I] Optimized module 18 for stage 2, comm time has been statically analyzed.
\Time of module 19 (stage 3):
Intra-stage comm time: 0.048361211477054494
Grad sync time: 0

[I] Optimized module 19 for stage 3, comm time has been statically analyzed.
\Time of module 20 (stage 4):
Intra-stage comm time: 0.06619054194953707
Grad sync time: 0

[I] Optimized module 20 for stage 4, comm time has been statically analyzed.
\Time of module 21 (stage 5):
Intra-stage comm time: 0.06619054194953707
Grad sync time: 0

[I] Optimized module 21 for stage 5, comm time has been statically analyzed.
\Time of module 22 (stage 6):
Intra-stage comm time: 0.00013191029429435728
Grad sync time: 0

[I] Optimized module 22 for stage 6, comm time has been statically analyzed.
[WARN] Communication size of 'all-gather' excceeds the maximum profiled size. Linear scaling is applied.
       - Communication size of the operator: 471859200 | Estimated comm time: 0.08268975067138672
       - Max profiled communication size: 267386880 | Comm time: 0.042454824447631836
[WARN] Communication size of 'all-gather' excceeds the maximum profiled size. Linear scaling is applied.
       - Communication size of the operator: 471859200 | Estimated comm time: 0.08268975067138672
       - Max profiled communication size: 267386880 | Comm time: 0.042454824447631836
\Time of module 23 (stage 7):
Intra-stage comm time: 0.27111198103427886
Grad sync time: 0

[I] Optimized module 23 for stage 7, comm time has been statically analyzed.
[TMP] Memory footprint of the stage 0 is 0.9424107111990452 GB, while the available memory of the XLA device is 35.33237304631621 GB.
[TMP] Memory footprint of the stage 1 is 2.2987210787832737 GB, while the available memory of the XLA device is 35.33237304631621 GB.
[TMP] Memory footprint of the stage 2 is 2.493691448122263 GB, while the available memory of the XLA device is 35.33237304631621 GB.
[TMP] Memory footprint of the stage 3 is 6.261870864778757 GB, while the available memory of the XLA device is 35.33237304631621 GB.
[TMP] Memory footprint of the stage 4 is 8.297929767519236 GB, while the available memory of the XLA device is 35.33237304631621 GB.
[TMP] Memory footprint of the stage 5 is 8.297967914491892 GB, while the available memory of the XLA device is 35.33237304631621 GB.
[TMP] Memory footprint of the stage 6 is 13.10704231634736 GB, while the available memory of the XLA device is 35.33237304631621 GB.
[TMP] Memory footprint of the stage 7 is 32.75013170018792 GB, while the available memory of the XLA device is 35.33237304631621 GB.
[I] Only-sharded module 0 for stage 0, constructing entry XLA computation...
[I] Compiling HLO module...
[I] Profiling HLO modules...
    - Iteration 0/5: Kernel execution time: 0.08104289100000003 s.
    - Iteration 1/5: Kernel execution time: 0.08195269200000001 s.
    - Iteration 2/5: Kernel execution time: 0.08219707999999999 s.
    - Iteration 3/5: Kernel execution time: 0.08099626700000001 s.
    - Iteration 4/5: Kernel execution time: 0.08378007499999998 s.
[I] Only-sharded module 1 for stage 1, constructing entry XLA computation...
[I] Compiling HLO module...
[I] Profiling HLO modules...
    - Iteration 0/5: Kernel execution time: 0.092853911 s.
    - Iteration 1/5: Kernel execution time: 0.09069273599999998 s.
    - Iteration 2/5: Kernel execution time: 0.092080653 s.
    - Iteration 3/5: Kernel execution time: 0.09203517999999998 s.
    - Iteration 4/5: Kernel execution time: 0.09248136400000001 s.
[I] Only-sharded module 2 for stage 2, constructing entry XLA computation...
[I] Compiling HLO module...
[I] Profiling HLO modules...
    - Iteration 0/5: Kernel execution time: 0.0764921 s.
    - Iteration 1/5: Kernel execution time: 0.07482325399999999 s.
    - Iteration 2/5: Kernel execution time: 0.075472381 s.
    - Iteration 3/5: Kernel execution time: 0.07609497600000002 s.
    - Iteration 4/5: Kernel execution time: 0.07642080100000001 s.
[I] Only-sharded module 3 for stage 3, constructing entry XLA computation...
[I] Compiling HLO module...
[I] Profiling HLO modules...
    - Iteration 0/5: Kernel execution time: 0.114306834 s.
    - Iteration 1/5: Kernel execution time: 0.113164875 s.
    - Iteration 2/5: Kernel execution time: 0.11305220499999999 s.
    - Iteration 3/5: Kernel execution time: 0.113068329 s.
    - Iteration 4/5: Kernel execution time: 0.11270845699999998 s.
[I] Only-sharded module 4 for stage 4, constructing entry XLA computation...
[I] Compiling HLO module...
[I] Profiling HLO modules...
    - Iteration 0/5: Kernel execution time: 0.11814495500000002 s.
    - Iteration 1/5: Kernel execution time: 0.11787419700000001 s.
    - Iteration 2/5: Kernel execution time: 0.11803794499999999 s.
    - Iteration 3/5: Kernel execution time: 0.11771646699999998 s.
    - Iteration 4/5: Kernel execution time: 0.11780321900000003 s.
[I] Only-sharded module 5 for stage 5, constructing entry XLA computation...
[I] Compiling HLO module...
[I] Profiling HLO modules...
    - Iteration 0/5: Kernel execution time: 0.11727777500000003 s.
    - Iteration 1/5: Kernel execution time: 0.11709297499999999 s.
    - Iteration 2/5: Kernel execution time: 0.11746299500000001 s.
    - Iteration 3/5: Kernel execution time: 0.11723864099999999 s.
    - Iteration 4/5: Kernel execution time: 0.117850708 s.
[I] Only-sharded module 6 for stage 6, constructing entry XLA computation...
[I] Compiling HLO module...
[I] Profiling HLO modules...
    - Iteration 0/5: Kernel execution time: 0.14099389099999998 s.
    - Iteration 1/5: Kernel execution time: 0.141084034 s.
    - Iteration 2/5: Kernel execution time: 0.14075286600000006 s.
    - Iteration 3/5: Kernel execution time: 0.14079603299999996 s.
    - Iteration 4/5: Kernel execution time: 0.14135508000000002 s.
[I] Only-sharded module 7 for stage 7, constructing entry XLA computation...
[I] Compiling HLO module...
[I] Profiling HLO modules...
    - Iteration 0/5: Kernel execution time: 0.34383901900000013 s.
    - Iteration 1/5: Kernel execution time: 0.34253241500000003 s.
    - Iteration 2/5: Kernel execution time: 0.34281693600000007 s.
    - Iteration 3/5: Kernel execution time: 0.343146922 s.
    - Iteration 4/5: Kernel execution time: 0.34368171100000006 s.
[I] Only-sharded module 8 for stage 7, constructing entry XLA computation...
[I] Compiling HLO module...
[I] Profiling HLO modules...
    - Iteration 0/5: Kernel execution time: 0.9939222159999999 s.
    - Iteration 1/5: Kernel execution time: 0.99394746 s.
    - Iteration 2/5: Kernel execution time: 0.994734542 s.
    - Iteration 3/5: Kernel execution time: 0.9932549770000001 s.
    - Iteration 4/5: Kernel execution time: 0.993762502 s.
[I] Only-sharded module 9 for stage 6, constructing entry XLA computation...
[I] Compiling HLO module...
[I] Profiling HLO modules...
    - Iteration 0/5: Kernel execution time: 0.5822222269999999 s.
    - Iteration 1/5: Kernel execution time: 0.5832160569999999 s.
    - Iteration 2/5: Kernel execution time: 0.581824622 s.
    - Iteration 3/5: Kernel execution time: 0.583410331 s.
    - Iteration 4/5: Kernel execution time: 0.5829039579999999 s.
[I] Only-sharded module 10 for stage 5, constructing entry XLA computation...
[I] Compiling HLO module...
[I] Profiling HLO modules...
    - Iteration 0/5: Kernel execution time: 0.352388444 s.
    - Iteration 1/5: Kernel execution time: 0.35117307600000003 s.
    - Iteration 2/5: Kernel execution time: 0.352677892 s.
    - Iteration 3/5: Kernel execution time: 0.350737581 s.
    - Iteration 4/5: Kernel execution time: 0.351791737 s.
[I] Only-sharded module 11 for stage 4, constructing entry XLA computation...
[I] Compiling HLO module...
[I] Profiling HLO modules...
    - Iteration 0/5: Kernel execution time: 0.3516554480000001 s.
    - Iteration 1/5: Kernel execution time: 0.35273586300000004 s.
    - Iteration 2/5: Kernel execution time: 0.35162379700000007 s.
    - Iteration 3/5: Kernel execution time: 0.3532687720000001 s.
    - Iteration 4/5: Kernel execution time: 0.35317894600000005 s.
[I] Only-sharded module 12 for stage 3, constructing entry XLA computation...
[I] Compiling HLO module...
[I] Profiling HLO modules...
    - Iteration 0/5: Kernel execution time: 0.3752518269999999 s.
    - Iteration 1/5: Kernel execution time: 0.37670185500000014 s.
    - Iteration 2/5: Kernel execution time: 0.37504878800000013 s.
    - Iteration 3/5: Kernel execution time: 0.37418480900000006 s.
    - Iteration 4/5: Kernel execution time: 0.3769584410000001 s.
[I] Only-sharded module 13 for stage 2, constructing entry XLA computation...
[I] Compiling HLO module...
[I] Profiling HLO modules...
    - Iteration 0/5: Kernel execution time: 0.24003693199999998 s.
    - Iteration 1/5: Kernel execution time: 0.23822833200000004 s.
    - Iteration 2/5: Kernel execution time: 0.23781034699999998 s.
    - Iteration 3/5: Kernel execution time: 0.23998587800000007 s.
    - Iteration 4/5: Kernel execution time: 0.23597686100000004 s.
[I] Only-sharded module 14 for stage 1, constructing entry XLA computation...
[I] Compiling HLO module...
[I] Profiling HLO modules...
    - Iteration 0/5: Kernel execution time: 0.3008477230000002 s.
    - Iteration 1/5: Kernel execution time: 0.29939804499999995 s.
    - Iteration 2/5: Kernel execution time: 0.2985771400000001 s.
    - Iteration 3/5: Kernel execution time: 0.298436598 s.
    - Iteration 4/5: Kernel execution time: 0.30081252300000005 s.
[I] Only-sharded module 15 for stage 0, constructing entry XLA computation...
[I] Compiling HLO module...
[I] Profiling HLO modules...
    - Iteration 0/5: Kernel execution time: 0.23796589399999998 s.
    - Iteration 1/5: Kernel execution time: 0.24014763999999994 s.
    - Iteration 2/5: Kernel execution time: 0.239662513 s.
    - Iteration 3/5: Kernel execution time: 0.23989419499999995 s.
    - Iteration 4/5: Kernel execution time: 0.23971643499999998 s.
[I] Only-sharded module 16 for stage 0, constructing entry XLA computation...
[I] Compiling HLO module...
[I] Profiling HLO modules...
    - Iteration 0/5: Kernel execution time: 0.000755911 s.
    - Iteration 1/5: Kernel execution time: 0.000763685 s.
    - Iteration 2/5: Kernel execution time: 0.000756006 s.
    - Iteration 3/5: Kernel execution time: 0.000755655 s.
    - Iteration 4/5: Kernel execution time: 0.000761671 s.
[I] Only-sharded module 17 for stage 1, constructing entry XLA computation...
[I] Compiling HLO module...
[I] Profiling HLO modules...
    - Iteration 0/5: Kernel execution time: 0.002018898 s.
    - Iteration 1/5: Kernel execution time: 0.002019154 s.
    - Iteration 2/5: Kernel execution time: 0.0020196030000000005 s.
    - Iteration 3/5: Kernel execution time: 0.0020183260000000004 s.
    - Iteration 4/5: Kernel execution time: 0.0020138120000000002 s.
[I] Only-sharded module 18 for stage 2, constructing entry XLA computation...
[I] Compiling HLO module...
[I] Profiling HLO modules...
    - Iteration 0/5: Kernel execution time: 0.002762266 s.
    - Iteration 1/5: Kernel execution time: 0.002758682 s.
    - Iteration 2/5: Kernel execution time: 0.002756473 s.
    - Iteration 3/5: Kernel execution time: 0.0027622320000000003 s.
    - Iteration 4/5: Kernel execution time: 0.0027614030000000004 s.
[I] Only-sharded module 19 for stage 3, constructing entry XLA computation...
[I] Compiling HLO module...
[I] Profiling HLO modules...
    - Iteration 0/5: Kernel execution time: 0.007844109 s.
    - Iteration 1/5: Kernel execution time: 0.007843146 s.
    - Iteration 2/5: Kernel execution time: 0.007829163 s.
    - Iteration 3/5: Kernel execution time: 0.007836842 s.
    - Iteration 4/5: Kernel execution time: 0.007826986000000001 s.
[I] Only-sharded module 20 for stage 4, constructing entry XLA computation...
[I] Compiling HLO module...
[I] Profiling HLO modules...
    - Iteration 0/5: Kernel execution time: 0.010845829000000001 s.
    - Iteration 1/5: Kernel execution time: 0.010848646 s.
    - Iteration 2/5: Kernel execution time: 0.010829189 s.
    - Iteration 3/5: Kernel execution time: 0.010844836 s.
    - Iteration 4/5: Kernel execution time: 0.010835654 s.
[I] Only-sharded module 21 for stage 5, constructing entry XLA computation...
[I] Compiling HLO module...
[I] Profiling HLO modules...
    - Iteration 0/5: Kernel execution time: 0.010841414 s.
    - Iteration 1/5: Kernel execution time: 0.010841347000000001 s.
    - Iteration 2/5: Kernel execution time: 0.01085975 s.
    - Iteration 3/5: Kernel execution time: 0.010859302000000001 s.
    - Iteration 4/5: Kernel execution time: 0.010839334 s.
[I] Only-sharded module 22 for stage 6, constructing entry XLA computation...
[I] Compiling HLO module...
[I] Profiling HLO modules...
    - Iteration 0/5: Kernel execution time: 0.022013294000000003 s.
    - Iteration 1/5: Kernel execution time: 0.022016880000000003 s.
    - Iteration 2/5: Kernel execution time: 0.021985518000000003 s.
    - Iteration 3/5: Kernel execution time: 0.022044655 s.
    - Iteration 4/5: Kernel execution time: 0.022027246 s.
[I] Only-sharded module 23 for stage 7, constructing entry XLA computation...
[I] Compiling HLO module...
[I] Profiling HLO modules...
    - Iteration 0/5: Kernel execution time: 0.043742715 s.
    - Iteration 1/5: Kernel execution time: 0.04372648900000001 s.
    - Iteration 2/5: Kernel execution time: 0.043734524000000004 s.
    - Iteration 3/5: Kernel execution time: 0.043707418 s.
    - Iteration 4/5: Kernel execution time: 0.04374063 s.
[I] Constructing single-device HLO modules concurrently takes 0.010207414627075195 s.
[I] Compile single-device HLO modules concurrently takes 0.8061494827270508 s.
[I] Profile all compiled sequentially on one GPU takes 51.71305322647095 s.
[I] Estimated e2e pipeline iteration time is: 30.632411075550046 s.
    - Kernel computation time is: -1.0 s.
    - Communication time is: -1.0 s.
    - Cross-stages communication time is: -1.0 s.
