
[I] Loading Crius kernel-level profiler...
[TMP] Profiling results not found in `None`, creating it...

[I] Loading model and generating sharded HLO module...
[I] Initializing XLA devices takes 0.6451082229614258 s.
[I] Loading flax model....
[I] Model 'wide_resnet' loads sucessfully. Model Info: 

WideResNet(
    # attributes
    stage_sizes = [3, 4, 6, 3]
    block_cls = BottleneckResNetBlock
    num_classes = 1024
    num_filters = 640
    width_factor = 2
    dtype = float32
    act = relu
) 

[I] Initialize training state...
[I] Training state initialization is completed.
[I] Constructing general train step func...
[I] General train step func construction is completed.
[I] Model has been loaded, begin Jaxpr transformation...

[I] Pipeline partition mode: forced | Layer-to-stage partition: [[0, 1], [2, 3], [4, 5], [6, 7], [8, 9], [10, 11], [12, 13], [14, 15]]
[I] Pipeline partition mode: auto | Cell-generated physical mesh shapes: [(1, 2), (1, 2), (1, 2), (1, 2), (1, 2), (1, 2), (1, 2), (1, 2)]
[I] Loading model and transform to Jaxpr stages takes 14.202550649642944 s.
[I] The GPU sharding of pipeline stages is: [2, 2, 2, 2, 2, 2, 2, 2]
[I] Pipeline partition mode: auto | Parallel enum mode: auto | Parallel plans: [[StageShape(type='single', stage_shape=(2, 1), layer_shape=None), StageShape(type='single', stage_shape=(2, 1), layer_shape=None), StageShape(type='single', stage_shape=(2, 1), layer_shape=None), StageShape(type='single', stage_shape=(2, 1), layer_shape=None), StageShape(type='single', stage_shape=(2, 1), layer_shape=None), StageShape(type='single', stage_shape=(1, 2), layer_shape=None), StageShape(type='single', stage_shape=(1, 2), layer_shape=None), StageShape(type='single', stage_shape=(1, 2), layer_shape=None)]]

[I] (Parallel plan idx: 0) Sharding stages...
[I] Sharding stages takes 7.177670478820801 s.
[I] (Parallel plan idx: 0) SPMD partitioning and compiling (kernel fusing) HLO stages...
[I] SPMD partitioning and pre-compiling HLO modules concurrently takes 3.3129944801330566 s.

[I] All parallel plans in the cell have been sharded and compiled.
[TMP] Writing only-sharded HLO text to '/home/cyxue/Projects/crius/Crius/runtime/jaxpr/tmp/wide_resnet_4B_256_sharded_stages.pkl'...
[TMP] Writing optimized HLO text to '/home/cyxue/Projects/crius/Crius/runtime/jaxpr/tmp/wide_resnet_4B_256_optimized_stages.pkl'...
[TMP] Writing inter-stages communicated vars to '/home/cyxue/Projects/crius/Crius/runtime/jaxpr/tmp/wide_resnet_4B_256_inter_stages_comm_vars.pkl'

[I] Parallel plan idx: 0 | Parallelism: [(2, 1), (2, 1), (2, 1), (2, 1), (2, 1), (1, 2), (1, 2), (1, 2)]

[I] (Parallel plan idx: 0) Parsing HLO texts and profiling XLA operators...
[I] Pipeline partition mode: auto | Preset physical mesh shapes: [(1, 2), (1, 2), (1, 2), (1, 2), (1, 2), (1, 2), (1, 2), (1, 2)]
[TMP] Loading offline profiled communication data: `1_a40_1_n_2_d_ib.pkl`...
[TMP] Loading offline profiled communication data: `2_a40_2_n_1_d_ib.pkl`...
\Time of module 0 (stage 0):
Intra-stage comm time: 0.0007580183446407318
Grad sync time: 0

[I] Optimized module 0 for stage 0, comm time has been statically analyzed.
\Time of module 1 (stage 1):
Intra-stage comm time: 0.0006677791476249695
Grad sync time: 0

[I] Optimized module 1 for stage 1, comm time has been statically analyzed.
\Time of module 2 (stage 2):
Intra-stage comm time: 0.0006656631827354431
Grad sync time: 0

[I] Optimized module 2 for stage 2, comm time has been statically analyzed.
\Time of module 3 (stage 3):
Intra-stage comm time: 0.0006955355405807494
Grad sync time: 0

[I] Optimized module 3 for stage 3, comm time has been statically analyzed.
\Time of module 4 (stage 4):
Intra-stage comm time: 0.0007000371813774108
Grad sync time: 0

[I] Optimized module 4 for stage 4, comm time has been statically analyzed.
\Time of module 5 (stage 5):
Intra-stage comm time: 0.013578391913324595
Grad sync time: 0

[I] Optimized module 5 for stage 5, comm time has been statically analyzed.
\Time of module 6 (stage 6):
Intra-stage comm time: 0.01945804348215461
Grad sync time: 0

[I] Optimized module 6 for stage 6, comm time has been statically analyzed.
\Time of module 7 (stage 7):
Intra-stage comm time: 0.007966617587953806
Grad sync time: 0

[I] Optimized module 7 for stage 7, comm time has been statically analyzed.
\Time of module 8 (stage 7):
Intra-stage comm time: 0.01476860653433505
Grad sync time: 0

[I] Optimized module 8 for stage 7, comm time has been statically analyzed.
\Time of module 9 (stage 6):
Intra-stage comm time: 0.034559381194412715
Grad sync time: 0

[I] Optimized module 9 for stage 6, comm time has been statically analyzed.
\Time of module 10 (stage 5):
Intra-stage comm time: 0.03008424649015069
Grad sync time: 0

[I] Optimized module 10 for stage 5, comm time has been statically analyzed.
[WARN] Communication size of 'all-reduce' excceeds the maximum profiled size. Linear scaling is applied.
       - Communication size of the operator: 393287680 | Estimated comm time: 0.1331228062019218
       - Max profiled communication size: 267386880 | Comm time: 0.08228549003601074
\Time of module 11 (stage 4):
Intra-stage comm time: 0.0013657003641128485
Grad sync time: 0.1331228062019218

[I] Optimized module 11 for stage 4, comm time has been statically analyzed.
[WARN] Communication size of 'all-reduce' excceeds the maximum profiled size. Linear scaling is applied.
       - Communication size of the operator: 285135360 | Estimated comm time: 0.09779390051748488
       - Max profiled communication size: 267386880 | Comm time: 0.08228549003601074
\Time of module 12 (stage 3):
Intra-stage comm time: 0.0013669651001691763
Grad sync time: 0.09779390051748488

[I] Optimized module 12 for stage 3, comm time has been statically analyzed.
\Time of module 13 (stage 2):
Intra-stage comm time: 0.001308351755142212
Grad sync time: 0.030452021535231986

[I] Optimized module 13 for stage 2, comm time has been statically analyzed.
\Time of module 14 (stage 1):
Intra-stage comm time: 0.001316172070801258
Grad sync time: 0.022064089264410235

[I] Optimized module 14 for stage 1, comm time has been statically analyzed.
\Time of module 15 (stage 0):
Intra-stage comm time: 0.001507845148444176
Grad sync time: 0.008554695884959074

[I] Optimized module 15 for stage 0, comm time has been statically analyzed.
\Time of module 16 (stage 0):
Intra-stage comm time: 0.004880981147289276
Grad sync time: 0

[I] Optimized module 16 for stage 0, comm time has been statically analyzed.
\Time of module 17 (stage 1):
Intra-stage comm time: 0.01288060247898102
Grad sync time: 0

[I] Optimized module 17 for stage 1, comm time has been statically analyzed.
\Time of module 18 (stage 2):
Intra-stage comm time: 0.017891987413167956
Grad sync time: 0

[I] Optimized module 18 for stage 2, comm time has been statically analyzed.
\Time of module 19 (stage 3):
Intra-stage comm time: 0.048361211477054494
Grad sync time: 0

[I] Optimized module 19 for stage 3, comm time has been statically analyzed.
\Time of module 20 (stage 4):
Intra-stage comm time: 0.06619054194953707
Grad sync time: 0

[I] Optimized module 20 for stage 4, comm time has been statically analyzed.
\Time of module 21 (stage 5):
Intra-stage comm time: 0.0001316666603088379
Grad sync time: 0

[I] Optimized module 21 for stage 5, comm time has been statically analyzed.
\Time of module 22 (stage 6):
Intra-stage comm time: 0.00013191029429435728
Grad sync time: 0

[I] Optimized module 22 for stage 6, comm time has been statically analyzed.
\Time of module 23 (stage 7):
Intra-stage comm time: 0.00013201832771301267
Grad sync time: 0

[I] Optimized module 23 for stage 7, comm time has been statically analyzed.
[TMP] Memory footprint of the stage 0 is 0.9424107111990452 GB, while the available memory of the XLA device is 35.33237304631621 GB.
[TMP] Memory footprint of the stage 1 is 2.2987210787832737 GB, while the available memory of the XLA device is 35.33237304631621 GB.
[TMP] Memory footprint of the stage 2 is 2.493691448122263 GB, while the available memory of the XLA device is 35.33237304631621 GB.
[TMP] Memory footprint of the stage 3 is 6.261870864778757 GB, while the available memory of the XLA device is 35.33237304631621 GB.
[TMP] Memory footprint of the stage 4 is 8.297929767519236 GB, while the available memory of the XLA device is 35.33237304631621 GB.
[TMP] Memory footprint of the stage 5 is 4.755039218813181 GB, while the available memory of the XLA device is 35.33237304631621 GB.
[TMP] Memory footprint of the stage 6 is 13.10704231634736 GB, while the available memory of the XLA device is 35.33237304631621 GB.
[TMP] Memory footprint of the stage 7 is 17.90554443374276 GB, while the available memory of the XLA device is 35.33237304631621 GB.
[I] Only-sharded module 0 for stage 0, constructing entry XLA computation...
[I] Compiling HLO module...
[I] Profiling HLO modules...
    - Iteration 0/5: Kernel execution time: 0.08060373900000002 s.
    - Iteration 1/5: Kernel execution time: 0.08222337 s.
    - Iteration 2/5: Kernel execution time: 0.08215271399999999 s.
    - Iteration 3/5: Kernel execution time: 0.08374015300000003 s.
    - Iteration 4/5: Kernel execution time: 0.082808751 s.
[I] Only-sharded module 1 for stage 1, constructing entry XLA computation...
[I] Compiling HLO module...
[I] Profiling HLO modules...
    - Iteration 0/5: Kernel execution time: 0.09348405000000001 s.
    - Iteration 1/5: Kernel execution time: 0.09159209800000002 s.
    - Iteration 2/5: Kernel execution time: 0.092364265 s.
    - Iteration 3/5: Kernel execution time: 0.091547294 s.
    - Iteration 4/5: Kernel execution time: 0.09160083699999999 s.
[I] Only-sharded module 2 for stage 2, constructing entry XLA computation...
[I] Compiling HLO module...
[I] Profiling HLO modules...
    - Iteration 0/5: Kernel execution time: 0.07720953499999995 s.
    - Iteration 1/5: Kernel execution time: 0.07698402600000001 s.
    - Iteration 2/5: Kernel execution time: 0.076588281 s.
    - Iteration 3/5: Kernel execution time: 0.07666137 s.
    - Iteration 4/5: Kernel execution time: 0.07590731499999998 s.
[I] Only-sharded module 3 for stage 3, constructing entry XLA computation...
[I] Compiling HLO module...
[I] Profiling HLO modules...
    - Iteration 0/5: Kernel execution time: 0.11271680200000002 s.
    - Iteration 1/5: Kernel execution time: 0.11289811300000001 s.
    - Iteration 2/5: Kernel execution time: 0.11338557400000002 s.
    - Iteration 3/5: Kernel execution time: 0.11405761300000003 s.
    - Iteration 4/5: Kernel execution time: 0.11294023 s.
[I] Only-sharded module 4 for stage 4, constructing entry XLA computation...
[I] Compiling HLO module...
[I] Profiling HLO modules...
    - Iteration 0/5: Kernel execution time: 0.11729901899999999 s.
    - Iteration 1/5: Kernel execution time: 0.11760439800000001 s.
    - Iteration 2/5: Kernel execution time: 0.11756417300000001 s.
    - Iteration 3/5: Kernel execution time: 0.11785892999999999 s.
    - Iteration 4/5: Kernel execution time: 0.11775608000000003 s.
[I] Only-sharded module 5 for stage 5, constructing entry XLA computation...
[I] Compiling HLO module...
[I] Profiling HLO modules...
    - Iteration 0/5: Kernel execution time: 0.08168515999999998 s.
    - Iteration 1/5: Kernel execution time: 0.081311108 s.
    - Iteration 2/5: Kernel execution time: 0.080888356 s.
    - Iteration 3/5: Kernel execution time: 0.080685601 s.
    - Iteration 4/5: Kernel execution time: 0.08168250600000002 s.
[I] Only-sharded module 6 for stage 6, constructing entry XLA computation...
[I] Compiling HLO module...
[I] Profiling HLO modules...
    - Iteration 0/5: Kernel execution time: 0.141730093 s.
    - Iteration 1/5: Kernel execution time: 0.14050678400000002 s.
    - Iteration 2/5: Kernel execution time: 0.140541916 s.
    - Iteration 3/5: Kernel execution time: 0.141664108 s.
    - Iteration 4/5: Kernel execution time: 0.14128250600000003 s.
[I] Only-sharded module 7 for stage 7, constructing entry XLA computation...
[I] Compiling HLO module...
[I] Profiling HLO modules...
    - Iteration 0/5: Kernel execution time: 0.16109561 s.
    - Iteration 1/5: Kernel execution time: 0.16088092099999998 s.
    - Iteration 2/5: Kernel execution time: 0.160618357 s.
    - Iteration 3/5: Kernel execution time: 0.160855066 s.
    - Iteration 4/5: Kernel execution time: 0.16062962399999994 s.
[I] Only-sharded module 8 for stage 7, constructing entry XLA computation...
[I] Compiling HLO module...
[I] Profiling HLO modules...
    - Iteration 0/5: Kernel execution time: 0.7333249089999999 s.
    - Iteration 1/5: Kernel execution time: 0.7332603009999998 s.
    - Iteration 2/5: Kernel execution time: 0.7306256529999999 s.
    - Iteration 3/5: Kernel execution time: 0.730932667 s.
    - Iteration 4/5: Kernel execution time: 0.7299953720000001 s.
[I] Only-sharded module 9 for stage 6, constructing entry XLA computation...
[I] Compiling HLO module...
[I] Profiling HLO modules...
    - Iteration 0/5: Kernel execution time: 0.5838272539999999 s.
    - Iteration 1/5: Kernel execution time: 0.5828126500000002 s.
    - Iteration 2/5: Kernel execution time: 0.5843844750000002 s.
    - Iteration 3/5: Kernel execution time: 0.5816571159999999 s.
    - Iteration 4/5: Kernel execution time: 0.5845244079999999 s.
[I] Only-sharded module 10 for stage 5, constructing entry XLA computation...
[I] Compiling HLO module...
[I] Profiling HLO modules...
    - Iteration 0/5: Kernel execution time: 0.28307175 s.
    - Iteration 1/5: Kernel execution time: 0.28448607100000006 s.
    - Iteration 2/5: Kernel execution time: 0.28530745100000005 s.
    - Iteration 3/5: Kernel execution time: 0.283170281 s.
    - Iteration 4/5: Kernel execution time: 0.283573795 s.
[I] Only-sharded module 11 for stage 4, constructing entry XLA computation...
[I] Compiling HLO module...
[I] Profiling HLO modules...
    - Iteration 0/5: Kernel execution time: 0.35356359899999995 s.
    - Iteration 1/5: Kernel execution time: 0.3525780590000001 s.
    - Iteration 2/5: Kernel execution time: 0.35298567500000005 s.
    - Iteration 3/5: Kernel execution time: 0.35198899200000006 s.
    - Iteration 4/5: Kernel execution time: 0.352640043 s.
[I] Only-sharded module 12 for stage 3, constructing entry XLA computation...
[I] Compiling HLO module...
[I] Profiling HLO modules...
    - Iteration 0/5: Kernel execution time: 0.374726937 s.
    - Iteration 1/5: Kernel execution time: 0.37321044700000006 s.
    - Iteration 2/5: Kernel execution time: 0.37723586 s.
    - Iteration 3/5: Kernel execution time: 0.3749063000000001 s.
    - Iteration 4/5: Kernel execution time: 0.376147335 s.
[I] Only-sharded module 13 for stage 2, constructing entry XLA computation...
[I] Compiling HLO module...
[I] Profiling HLO modules...
    - Iteration 0/5: Kernel execution time: 0.23572758699999996 s.
    - Iteration 1/5: Kernel execution time: 0.23833867699999994 s.
    - Iteration 2/5: Kernel execution time: 0.23761707600000007 s.
    - Iteration 3/5: Kernel execution time: 0.23773077499999998 s.
    - Iteration 4/5: Kernel execution time: 0.23760270799999997 s.
[I] Only-sharded module 14 for stage 1, constructing entry XLA computation...
[I] Compiling HLO module...
[I] Profiling HLO modules...
    - Iteration 0/5: Kernel execution time: 0.300418759 s.
    - Iteration 1/5: Kernel execution time: 0.29796023800000004 s.
    - Iteration 2/5: Kernel execution time: 0.29967314700000003 s.
    - Iteration 3/5: Kernel execution time: 0.298171506 s.
    - Iteration 4/5: Kernel execution time: 0.296571551 s.
[I] Only-sharded module 15 for stage 0, constructing entry XLA computation...
[I] Compiling HLO module...
[I] Profiling HLO modules...
    - Iteration 0/5: Kernel execution time: 0.23885721099999999 s.
    - Iteration 1/5: Kernel execution time: 0.23859042400000002 s.
    - Iteration 2/5: Kernel execution time: 0.23731543900000004 s.
    - Iteration 3/5: Kernel execution time: 0.23986963600000008 s.
    - Iteration 4/5: Kernel execution time: 0.23869858700000002 s.
[I] Only-sharded module 16 for stage 0, constructing entry XLA computation...
[I] Compiling HLO module...
[I] Profiling HLO modules...
    - Iteration 0/5: Kernel execution time: 0.000756935 s.
    - Iteration 1/5: Kernel execution time: 0.0009587300000000001 s.
    - Iteration 2/5: Kernel execution time: 0.000765864 s.
    - Iteration 3/5: Kernel execution time: 0.000756678 s.
    - Iteration 4/5: Kernel execution time: 0.000759782 s.
[I] Only-sharded module 17 for stage 1, constructing entry XLA computation...
[I] Compiling HLO module...
[I] Profiling HLO modules...
    - Iteration 0/5: Kernel execution time: 0.002020086 s.
    - Iteration 1/5: Kernel execution time: 0.002017554 s.
    - Iteration 2/5: Kernel execution time: 0.002022226 s.
    - Iteration 3/5: Kernel execution time: 0.0020231240000000003 s.
    - Iteration 4/5: Kernel execution time: 0.0020149 s.
[I] Only-sharded module 18 for stage 2, constructing entry XLA computation...
[I] Compiling HLO module...
[I] Profiling HLO modules...
    - Iteration 0/5: Kernel execution time: 0.002759132 s.
    - Iteration 1/5: Kernel execution time: 0.002761111 s.
    - Iteration 2/5: Kernel execution time: 0.002761851 s.
    - Iteration 3/5: Kernel execution time: 0.00276281 s.
    - Iteration 4/5: Kernel execution time: 0.002751707 s.
[I] Only-sharded module 19 for stage 3, constructing entry XLA computation...
[I] Compiling HLO module...
[I] Profiling HLO modules...
    - Iteration 0/5: Kernel execution time: 0.007836523000000001 s.
    - Iteration 1/5: Kernel execution time: 0.007833868 s.
    - Iteration 2/5: Kernel execution time: 0.007847531000000001 s.
    - Iteration 3/5: Kernel execution time: 0.007846443000000002 s.
    - Iteration 4/5: Kernel execution time: 0.007836139 s.
[I] Only-sharded module 20 for stage 4, constructing entry XLA computation...
[I] Compiling HLO module...
[I] Profiling HLO modules...
    - Iteration 0/5: Kernel execution time: 0.010855336 s.
    - Iteration 1/5: Kernel execution time: 0.010853289000000002 s.
    - Iteration 2/5: Kernel execution time: 0.010842759 s.
    - Iteration 3/5: Kernel execution time: 0.010861194000000001 s.
    - Iteration 4/5: Kernel execution time: 0.010840264 s.
[I] Only-sharded module 21 for stage 5, constructing entry XLA computation...
[I] Compiling HLO module...
[I] Profiling HLO modules...
    - Iteration 0/5: Kernel execution time: 0.007660074 s.
    - Iteration 1/5: Kernel execution time: 0.007655786 s.
    - Iteration 2/5: Kernel execution time: 0.007635913 s.
    - Iteration 3/5: Kernel execution time: 0.007653450000000001 s.
    - Iteration 4/5: Kernel execution time: 0.007660360000000001 s.
[I] Only-sharded module 22 for stage 6, constructing entry XLA computation...
[I] Compiling HLO module...
[I] Profiling HLO modules...
    - Iteration 0/5: Kernel execution time: 0.022012979 s.
    - Iteration 1/5: Kernel execution time: 0.02203413 s.
    - Iteration 2/5: Kernel execution time: 0.021997618000000004 s.
    - Iteration 3/5: Kernel execution time: 0.022010227 s.
    - Iteration 4/5: Kernel execution time: 0.022009778 s.
[I] Only-sharded module 23 for stage 7, constructing entry XLA computation...
[I] Compiling HLO module...
[I] Profiling HLO modules...
    - Iteration 0/5: Kernel execution time: 0.031167662000000002 s.
    - Iteration 1/5: Kernel execution time: 0.031202126000000004 s.
    - Iteration 2/5: Kernel execution time: 0.031172718000000002 s.
    - Iteration 3/5: Kernel execution time: 0.031175726 s.
    - Iteration 4/5: Kernel execution time: 0.031161550000000003 s.
[I] Constructing single-device HLO modules concurrently takes 0.010143280029296875 s.
[I] Compile single-device HLO modules concurrently takes 0.8060219287872314 s.
[I] Profile all compiled sequentially on one GPU takes 44.688544034957886 s.
[I] Estimated e2e pipeline iteration time is: 22.636882531680445 s.
    - Kernel computation time is: -1.0 s.
    - Communication time is: -1.0 s.
    - Cross-stages communication time is: -1.0 s.
