
[I] Loading Crius kernel-level profiler...
[TMP] Profiling results not found in `None`, creating it...

[I] Loading model and generating sharded HLO module...
[I] Initializing XLA devices takes 0.6749579906463623 s.
[I] Loading flax model....
[I] Model 'wide_resnet' loads sucessfully. Model Info: 

WideResNet(
    # attributes
    stage_sizes = [3, 4, 6, 3]
    block_cls = BottleneckResNetBlock
    num_classes = 1024
    num_filters = 640
    width_factor = 2
    dtype = float32
    act = relu
) 

[I] Initialize training state...
[I] Training state initialization is completed.
[I] Constructing general train step func...
[I] General train step func construction is completed.
[I] Model has been loaded, begin Jaxpr transformation...

[I] Pipeline partition mode: forced | Layer-to-stage partition: [[0, 1], [2, 3], [4, 5], [6, 7], [8, 9], [10, 11], [12, 13], [14, 15]]
[I] Pipeline partition mode: auto | Cell-generated physical mesh shapes: [(1, 2), (1, 2), (1, 2), (1, 2), (1, 2), (1, 2), (1, 2), (1, 2)]
[I] Loading model and transform to Jaxpr stages takes 14.090293645858765 s.
[I] The GPU sharding of pipeline stages is: [2, 2, 2, 2, 2, 2, 2, 2]
[I] Pipeline partition mode: auto | Parallel enum mode: auto | Parallel plans: [[StageShape(type='single', stage_shape=(1, 2), layer_shape=None), StageShape(type='single', stage_shape=(1, 2), layer_shape=None), StageShape(type='single', stage_shape=(1, 2), layer_shape=None), StageShape(type='single', stage_shape=(1, 2), layer_shape=None), StageShape(type='single', stage_shape=(1, 2), layer_shape=None), StageShape(type='single', stage_shape=(1, 2), layer_shape=None), StageShape(type='single', stage_shape=(1, 2), layer_shape=None), StageShape(type='single', stage_shape=(2, 1), layer_shape=None)]]

[I] (Parallel plan idx: 0) Sharding stages...
[I] Sharding stages takes 8.172502517700195 s.
[I] (Parallel plan idx: 0) SPMD partitioning and compiling (kernel fusing) HLO stages...
[I] SPMD partitioning and pre-compiling HLO modules concurrently takes 3.323009729385376 s.

[I] All parallel plans in the cell have been sharded and compiled.
[TMP] Writing only-sharded HLO text to '/home/cyxue/Projects/crius/Crius/runtime/jaxpr/tmp/wide_resnet_4B_256_sharded_stages.pkl'...
[TMP] Writing optimized HLO text to '/home/cyxue/Projects/crius/Crius/runtime/jaxpr/tmp/wide_resnet_4B_256_optimized_stages.pkl'...
[TMP] Writing inter-stages communicated vars to '/home/cyxue/Projects/crius/Crius/runtime/jaxpr/tmp/wide_resnet_4B_256_inter_stages_comm_vars.pkl'

[I] Parallel plan idx: 0 | Parallelism: [(1, 2), (1, 2), (1, 2), (1, 2), (1, 2), (1, 2), (1, 2), (2, 1)]

[I] (Parallel plan idx: 0) Parsing HLO texts and profiling XLA operators...
[I] Pipeline partition mode: auto | Preset physical mesh shapes: [(1, 2), (1, 2), (1, 2), (1, 2), (1, 2), (1, 2), (1, 2), (1, 2)]
[TMP] Loading offline profiled communication data: `1_a40_1_n_2_d_ib.pkl`...
[TMP] Loading offline profiled communication data: `2_a40_2_n_1_d_ib.pkl`...
\Time of module 0 (stage 0):
Intra-stage comm time: 0.04816402653232217
Grad sync time: 0

[I] Optimized module 0 for stage 0, comm time has been statically analyzed.
\Time of module 1 (stage 1):
Intra-stage comm time: 0.057498734910041094
Grad sync time: 0

[I] Optimized module 1 for stage 1, comm time has been statically analyzed.
\Time of module 2 (stage 2):
Intra-stage comm time: 0.022961602732539173
Grad sync time: 0

[I] Optimized module 2 for stage 2, comm time has been statically analyzed.
\Time of module 3 (stage 3):
Intra-stage comm time: 0.03253108970820904
Grad sync time: 0

[I] Optimized module 3 for stage 3, comm time has been statically analyzed.
\Time of module 4 (stage 4):
Intra-stage comm time: 0.013578391913324595
Grad sync time: 0

[I] Optimized module 4 for stage 4, comm time has been statically analyzed.
\Time of module 5 (stage 5):
Intra-stage comm time: 0.013578391913324595
Grad sync time: 0

[I] Optimized module 5 for stage 5, comm time has been statically analyzed.
\Time of module 6 (stage 6):
Intra-stage comm time: 0.01945804348215461
Grad sync time: 0

[I] Optimized module 6 for stage 6, comm time has been statically analyzed.
\Time of module 7 (stage 7):
Intra-stage comm time: 0.0008619621396064759
Grad sync time: 0

[I] Optimized module 7 for stage 7, comm time has been statically analyzed.
[WARN] Communication size of 'all-reduce' excceeds the maximum profiled size. Linear scaling is applied.
       - Communication size of the operator: 1593979904 | Estimated comm time: 0.7899283531317175
       - Max profiled communication size: 267386880 | Comm time: 0.08228549003601074
\Time of module 8 (stage 7):
Intra-stage comm time: 0.0014546453952789529
Grad sync time: 0.7899283531317175

[I] Optimized module 8 for stage 7, comm time has been statically analyzed.
\Time of module 9 (stage 6):
Intra-stage comm time: 0.034559381194412715
Grad sync time: 0

[I] Optimized module 9 for stage 6, comm time has been statically analyzed.
\Time of module 10 (stage 5):
Intra-stage comm time: 0.03008424649015069
Grad sync time: 0

[I] Optimized module 10 for stage 5, comm time has been statically analyzed.
\Time of module 11 (stage 4):
Intra-stage comm time: 0.03008424649015069
Grad sync time: 0

[I] Optimized module 11 for stage 4, comm time has been statically analyzed.
\Time of module 12 (stage 3):
Intra-stage comm time: 0.053827217780053616
Grad sync time: 0

[I] Optimized module 12 for stage 3, comm time has been statically analyzed.
\Time of module 13 (stage 2):
Intra-stage comm time: 0.05338655654340982
Grad sync time: 0

[I] Optimized module 13 for stage 2, comm time has been statically analyzed.
\Time of module 14 (stage 1):
Intra-stage comm time: 0.09035358615219592
Grad sync time: 0

[I] Optimized module 14 for stage 1, comm time has been statically analyzed.
\Time of module 15 (stage 0):
Intra-stage comm time: 0.11107181720435619
Grad sync time: 0

[I] Optimized module 15 for stage 0, comm time has been statically analyzed.
\Time of module 16 (stage 0):
Intra-stage comm time: 0.00019350349903106688
Grad sync time: 0

[I] Optimized module 16 for stage 0, comm time has been statically analyzed.
\Time of module 17 (stage 1):
Intra-stage comm time: 0.00013055279850959778
Grad sync time: 0

[I] Optimized module 17 for stage 1, comm time has been statically analyzed.
\Time of module 18 (stage 2):
Intra-stage comm time: 0.00013055279850959778
Grad sync time: 0

[I] Optimized module 18 for stage 2, comm time has been statically analyzed.
\Time of module 19 (stage 3):
Intra-stage comm time: 0.00013184249401092528
Grad sync time: 0

[I] Optimized module 19 for stage 3, comm time has been statically analyzed.
\Time of module 20 (stage 4):
Intra-stage comm time: 0.0001316666603088379
Grad sync time: 0

[I] Optimized module 20 for stage 4, comm time has been statically analyzed.
\Time of module 21 (stage 5):
Intra-stage comm time: 0.0001316666603088379
Grad sync time: 0

[I] Optimized module 21 for stage 5, comm time has been statically analyzed.
\Time of module 22 (stage 6):
Intra-stage comm time: 0.00013191029429435728
Grad sync time: 0

[I] Optimized module 22 for stage 6, comm time has been statically analyzed.
[WARN] Communication size of 'all-gather' excceeds the maximum profiled size. Linear scaling is applied.
       - Communication size of the operator: 471859200 | Estimated comm time: 0.08268975067138672
       - Max profiled communication size: 267386880 | Comm time: 0.042454824447631836
[WARN] Communication size of 'all-gather' excceeds the maximum profiled size. Linear scaling is applied.
       - Communication size of the operator: 471859200 | Estimated comm time: 0.08268975067138672
       - Max profiled communication size: 267386880 | Comm time: 0.042454824447631836
\Time of module 23 (stage 7):
Intra-stage comm time: 0.27111198103427886
Grad sync time: 0

[I] Optimized module 23 for stage 7, comm time has been statically analyzed.
[TMP] Memory footprint of the stage 0 is 0.8370564021170139 GB, while the available memory of the XLA device is 35.33237304631621 GB.
[TMP] Memory footprint of the stage 1 is 2.3524642027914524 GB, while the available memory of the XLA device is 35.33237304631621 GB.
[TMP] Memory footprint of the stage 2 is 1.8171715773642063 GB, while the available memory of the XLA device is 35.33237304631621 GB.
[TMP] Memory footprint of the stage 3 is 3.9651823081076145 GB, while the available memory of the XLA device is 35.33237304631621 GB.
[TMP] Memory footprint of the stage 4 is 4.755020145326853 GB, while the available memory of the XLA device is 35.33237304631621 GB.
[TMP] Memory footprint of the stage 5 is 4.755039218813181 GB, while the available memory of the XLA device is 35.33237304631621 GB.
[TMP] Memory footprint of the stage 6 is 13.10704231634736 GB, while the available memory of the XLA device is 35.33237304631621 GB.
[TMP] Memory footprint of the stage 7 is 32.75013170018792 GB, while the available memory of the XLA device is 35.33237304631621 GB.
[I] Only-sharded module 0 for stage 0, constructing entry XLA computation...
[I] Compiling HLO module...
[I] Profiling HLO modules...
    - Iteration 0/5: Kernel execution time: 0.077614878 s.
    - Iteration 1/5: Kernel execution time: 0.07694991500000001 s.
    - Iteration 2/5: Kernel execution time: 0.07687359499999998 s.
    - Iteration 3/5: Kernel execution time: 0.07703161300000003 s.
    - Iteration 4/5: Kernel execution time: 0.07910961 s.
[I] Only-sharded module 1 for stage 1, constructing entry XLA computation...
[I] Compiling HLO module...
[I] Profiling HLO modules...
    - Iteration 0/5: Kernel execution time: 0.093135961 s.
    - Iteration 1/5: Kernel execution time: 0.09327660300000001 s.
    - Iteration 2/5: Kernel execution time: 0.09392953799999999 s.
    - Iteration 3/5: Kernel execution time: 0.09444486800000002 s.
    - Iteration 4/5: Kernel execution time: 0.094130726 s.
[I] Only-sharded module 2 for stage 2, constructing entry XLA computation...
[I] Compiling HLO module...
[I] Profiling HLO modules...
    - Iteration 0/5: Kernel execution time: 0.06789125199999999 s.
    - Iteration 1/5: Kernel execution time: 0.06759371200000001 s.
    - Iteration 2/5: Kernel execution time: 0.068128213 s.
    - Iteration 3/5: Kernel execution time: 0.066265606 s.
    - Iteration 4/5: Kernel execution time: 0.06680356400000001 s.
[I] Only-sharded module 3 for stage 3, constructing entry XLA computation...
[I] Compiling HLO module...
[I] Profiling HLO modules...
    - Iteration 0/5: Kernel execution time: 0.08908005900000002 s.
    - Iteration 1/5: Kernel execution time: 0.088059059 s.
    - Iteration 2/5: Kernel execution time: 0.08815352500000002 s.
    - Iteration 3/5: Kernel execution time: 0.08709051000000001 s.
    - Iteration 4/5: Kernel execution time: 0.08724388400000004 s.
[I] Only-sharded module 4 for stage 4, constructing entry XLA computation...
[I] Compiling HLO module...
[I] Profiling HLO modules...
    - Iteration 0/5: Kernel execution time: 0.08055714700000001 s.
    - Iteration 1/5: Kernel execution time: 0.08116771299999999 s.
    - Iteration 2/5: Kernel execution time: 0.08227386399999997 s.
    - Iteration 3/5: Kernel execution time: 0.08133654100000003 s.
    - Iteration 4/5: Kernel execution time: 0.08196797399999999 s.
[I] Only-sharded module 5 for stage 5, constructing entry XLA computation...
[I] Compiling HLO module...
[I] Profiling HLO modules...
    - Iteration 0/5: Kernel execution time: 0.08090950100000001 s.
    - Iteration 1/5: Kernel execution time: 0.08014860099999999 s.
    - Iteration 2/5: Kernel execution time: 0.08092863799999998 s.
    - Iteration 3/5: Kernel execution time: 0.08042562500000003 s.
    - Iteration 4/5: Kernel execution time: 0.08063542299999996 s.
[I] Only-sharded module 6 for stage 6, constructing entry XLA computation...
[I] Compiling HLO module...
[I] Profiling HLO modules...
    - Iteration 0/5: Kernel execution time: 0.142028192 s.
    - Iteration 1/5: Kernel execution time: 0.140812758 s.
    - Iteration 2/5: Kernel execution time: 0.14180092300000002 s.
    - Iteration 3/5: Kernel execution time: 0.14142658500000002 s.
    - Iteration 4/5: Kernel execution time: 0.14186838500000004 s.
[I] Only-sharded module 7 for stage 7, constructing entry XLA computation...
[I] Compiling HLO module...
[I] Profiling HLO modules...
    - Iteration 0/5: Kernel execution time: 0.34313753599999997 s.
    - Iteration 1/5: Kernel execution time: 0.34318383599999996 s.
    - Iteration 2/5: Kernel execution time: 0.34355314800000003 s.
    - Iteration 3/5: Kernel execution time: 0.34350758100000006 s.
    - Iteration 4/5: Kernel execution time: 0.3431513889999999 s.
[I] Only-sharded module 8 for stage 7, constructing entry XLA computation...
[I] Compiling HLO module...
[I] Profiling HLO modules...
    - Iteration 0/5: Kernel execution time: 0.9940304839999998 s.
    - Iteration 1/5: Kernel execution time: 0.9932292669999997 s.
    - Iteration 2/5: Kernel execution time: 0.9938669360000001 s.
    - Iteration 3/5: Kernel execution time: 0.9938373670000004 s.
    - Iteration 4/5: Kernel execution time: 0.9939610089999998 s.
[I] Only-sharded module 9 for stage 6, constructing entry XLA computation...
[I] Compiling HLO module...
[I] Profiling HLO modules...
    - Iteration 0/5: Kernel execution time: 0.5836050080000001 s.
    - Iteration 1/5: Kernel execution time: 0.5828344049999998 s.
    - Iteration 2/5: Kernel execution time: 0.5839815160000001 s.
    - Iteration 3/5: Kernel execution time: 0.5825670450000001 s.
    - Iteration 4/5: Kernel execution time: 0.582145893 s.
[I] Only-sharded module 10 for stage 5, constructing entry XLA computation...
[I] Compiling HLO module...
[I] Profiling HLO modules...
    - Iteration 0/5: Kernel execution time: 0.2826497099999999 s.
    - Iteration 1/5: Kernel execution time: 0.283151539 s.
    - Iteration 2/5: Kernel execution time: 0.282651441 s.
    - Iteration 3/5: Kernel execution time: 0.28271856500000003 s.
    - Iteration 4/5: Kernel execution time: 0.2821105990000001 s.
[I] Only-sharded module 11 for stage 4, constructing entry XLA computation...
[I] Compiling HLO module...
[I] Profiling HLO modules...
    - Iteration 0/5: Kernel execution time: 0.28535408500000004 s.
    - Iteration 1/5: Kernel execution time: 0.28413989599999995 s.
    - Iteration 2/5: Kernel execution time: 0.28390847100000005 s.
    - Iteration 3/5: Kernel execution time: 0.286770411 s.
    - Iteration 4/5: Kernel execution time: 0.285201761 s.
[I] Only-sharded module 12 for stage 3, constructing entry XLA computation...
[I] Compiling HLO module...
[I] Profiling HLO modules...
    - Iteration 0/5: Kernel execution time: 0.34353625800000015 s.
    - Iteration 1/5: Kernel execution time: 0.3413579710000001 s.
    - Iteration 2/5: Kernel execution time: 0.3402378340000002 s.
    - Iteration 3/5: Kernel execution time: 0.340636783 s.
    - Iteration 4/5: Kernel execution time: 0.3416035709999999 s.
[I] Only-sharded module 13 for stage 2, constructing entry XLA computation...
[I] Compiling HLO module...
[I] Profiling HLO modules...
    - Iteration 0/5: Kernel execution time: 0.22519290500000005 s.
    - Iteration 1/5: Kernel execution time: 0.225483117 s.
    - Iteration 2/5: Kernel execution time: 0.22460477700000006 s.
    - Iteration 3/5: Kernel execution time: 0.22611673200000004 s.
    - Iteration 4/5: Kernel execution time: 0.22504189699999996 s.
[I] Only-sharded module 14 for stage 1, constructing entry XLA computation...
[I] Compiling HLO module...
[I] Profiling HLO modules...
    - Iteration 0/5: Kernel execution time: 0.2963628470000001 s.
    - Iteration 1/5: Kernel execution time: 0.29276710500000014 s.
    - Iteration 2/5: Kernel execution time: 0.29446574099999995 s.
    - Iteration 3/5: Kernel execution time: 0.29567005099999993 s.
    - Iteration 4/5: Kernel execution time: 0.2963597720000001 s.
[I] Only-sharded module 15 for stage 0, constructing entry XLA computation...
[I] Compiling HLO module...
[I] Profiling HLO modules...
    - Iteration 0/5: Kernel execution time: 0.24614204399999998 s.
    - Iteration 1/5: Kernel execution time: 0.245511795 s.
    - Iteration 2/5: Kernel execution time: 0.24574239099999998 s.
    - Iteration 3/5: Kernel execution time: 0.2450865170000001 s.
    - Iteration 4/5: Kernel execution time: 0.24426250499999994 s.
[I] Only-sharded module 16 for stage 0, constructing entry XLA computation...
[I] Compiling HLO module...
[I] Profiling HLO modules...
    - Iteration 0/5: Kernel execution time: 0.000510245 s.
    - Iteration 1/5: Kernel execution time: 0.000506723 s.
    - Iteration 2/5: Kernel execution time: 0.0005090000000000001 s.
    - Iteration 3/5: Kernel execution time: 0.0005102770000000001 s.
    - Iteration 4/5: Kernel execution time: 0.000509317 s.
[I] Only-sharded module 17 for stage 1, constructing entry XLA computation...
[I] Compiling HLO module...
[I] Profiling HLO modules...
    - Iteration 0/5: Kernel execution time: 0.001386924 s.
    - Iteration 1/5: Kernel execution time: 0.001385579 s.
    - Iteration 2/5: Kernel execution time: 0.0013840740000000001 s.
    - Iteration 3/5: Kernel execution time: 0.001390284 s.
    - Iteration 4/5: Kernel execution time: 0.001382028 s.
[I] Only-sharded module 18 for stage 2, constructing entry XLA computation...
[I] Compiling HLO module...
[I] Profiling HLO modules...
    - Iteration 0/5: Kernel execution time: 0.0018860320000000002 s.
    - Iteration 1/5: Kernel execution time: 0.0018908630000000002 s.
    - Iteration 2/5: Kernel execution time: 0.0018868000000000001 s.
    - Iteration 3/5: Kernel execution time: 0.0018933910000000003 s.
    - Iteration 4/5: Kernel execution time: 0.0018936790000000001 s.
[I] Only-sharded module 19 for stage 3, constructing entry XLA computation...
[I] Compiling HLO module...
[I] Profiling HLO modules...
    - Iteration 0/5: Kernel execution time: 0.00549739 s.
    - Iteration 1/5: Kernel execution time: 0.005503374 s.
    - Iteration 2/5: Kernel execution time: 0.005501904 s.
    - Iteration 3/5: Kernel execution time: 0.0054982880000000005 s.
    - Iteration 4/5: Kernel execution time: 0.0054945110000000005 s.
[I] Only-sharded module 20 for stage 4, constructing entry XLA computation...
[I] Compiling HLO module...
[I] Profiling HLO modules...
    - Iteration 0/5: Kernel execution time: 0.007643138 s.
    - Iteration 1/5: Kernel execution time: 0.007655714000000001 s.
    - Iteration 2/5: Kernel execution time: 0.007652192 s.
    - Iteration 3/5: Kernel execution time: 0.007658848000000001 s.
    - Iteration 4/5: Kernel execution time: 0.007651937 s.
[I] Only-sharded module 21 for stage 5, constructing entry XLA computation...
[I] Compiling HLO module...
[I] Profiling HLO modules...
    - Iteration 0/5: Kernel execution time: 0.007652192 s.
    - Iteration 1/5: Kernel execution time: 0.007651042 s.
    - Iteration 2/5: Kernel execution time: 0.007645633000000001 s.
    - Iteration 3/5: Kernel execution time: 0.007646209000000001 s.
    - Iteration 4/5: Kernel execution time: 0.007650818 s.
[I] Only-sharded module 22 for stage 6, constructing entry XLA computation...
[I] Compiling HLO module...
[I] Profiling HLO modules...
    - Iteration 0/5: Kernel execution time: 0.022014877000000002 s.
    - Iteration 1/5: Kernel execution time: 0.022026301 s.
    - Iteration 2/5: Kernel execution time: 0.022036252000000003 s.
    - Iteration 3/5: Kernel execution time: 0.02202614 s.
    - Iteration 4/5: Kernel execution time: 0.022014398 s.
[I] Only-sharded module 23 for stage 7, constructing entry XLA computation...
[I] Compiling HLO module...
[I] Profiling HLO modules...
    - Iteration 0/5: Kernel execution time: 0.04371986 s.
    - Iteration 1/5: Kernel execution time: 0.04374853100000001 s.
    - Iteration 2/5: Kernel execution time: 0.043763701 s.
    - Iteration 3/5: Kernel execution time: 0.04377637400000001 s.
    - Iteration 4/5: Kernel execution time: 0.043783799 s.
[I] Constructing single-device HLO modules concurrently takes 0.01029658317565918 s.
[I] Compile single-device HLO modules concurrently takes 1.1169452667236328 s.
[I] Profile all compiled sequentially on one GPU takes 48.472885608673096 s.
[I] Estimated e2e pipeline iteration time is: 32.54844035876452 s.
    - Kernel computation time is: -1.0 s.
    - Communication time is: -1.0 s.
    - Cross-stages communication time is: -1.0 s.
