
[I] Loading Crius kernel-level profiler...
[TMP] Profiling results not found in `None`, creating it...

[I] Loading model and generating sharded HLO module...
[I] Initializing XLA devices takes 0.6642622947692871 s.
[I] Loading flax model....
[I] Model 'wide_resnet' loads sucessfully. Model Info: 

WideResNet(
    # attributes
    stage_sizes = [3, 4, 6, 3]
    block_cls = BottleneckResNetBlock
    num_classes = 1024
    num_filters = 640
    width_factor = 2
    dtype = float32
    act = relu
) 

[I] Initialize training state...
[I] Training state initialization is completed.
[I] Constructing general train step func...
[I] General train step func construction is completed.
[I] Model has been loaded, begin Jaxpr transformation...

[I] Pipeline partition mode: forced | Layer-to-stage partition: [[0, 1], [2, 3], [4, 5], [6, 7], [8, 9], [10, 11], [12, 13], [14, 15]]
[I] Pipeline partition mode: auto | Cell-generated physical mesh shapes: [(1, 2), (1, 2), (1, 2), (1, 2), (1, 2), (1, 2), (1, 2), (1, 2)]
[I] Loading model and transform to Jaxpr stages takes 14.441140413284302 s.
[I] The GPU sharding of pipeline stages is: [2, 2, 2, 2, 2, 2, 2, 2]
[I] Pipeline partition mode: auto | Parallel enum mode: auto | Parallel plans: [[StageShape(type='single', stage_shape=(2, 1), layer_shape=None), StageShape(type='single', stage_shape=(2, 1), layer_shape=None), StageShape(type='single', stage_shape=(2, 1), layer_shape=None), StageShape(type='single', stage_shape=(2, 1), layer_shape=None), StageShape(type='single', stage_shape=(2, 1), layer_shape=None), StageShape(type='single', stage_shape=(1, 2), layer_shape=None), StageShape(type='single', stage_shape=(1, 2), layer_shape=None), StageShape(type='single', stage_shape=(2, 1), layer_shape=None)]]

[I] (Parallel plan idx: 0) Sharding stages...
[I] Sharding stages takes 7.17292332649231 s.
[I] (Parallel plan idx: 0) SPMD partitioning and compiling (kernel fusing) HLO stages...
[I] SPMD partitioning and pre-compiling HLO modules concurrently takes 3.090440511703491 s.

[I] All parallel plans in the cell have been sharded and compiled.
[TMP] Writing only-sharded HLO text to '/home/cyxue/Projects/crius/Crius/runtime/jaxpr/tmp/wide_resnet_4B_256_sharded_stages.pkl'...
[TMP] Writing optimized HLO text to '/home/cyxue/Projects/crius/Crius/runtime/jaxpr/tmp/wide_resnet_4B_256_optimized_stages.pkl'...
[TMP] Writing inter-stages communicated vars to '/home/cyxue/Projects/crius/Crius/runtime/jaxpr/tmp/wide_resnet_4B_256_inter_stages_comm_vars.pkl'

[I] Parallel plan idx: 0 | Parallelism: [(2, 1), (2, 1), (2, 1), (2, 1), (2, 1), (1, 2), (1, 2), (2, 1)]

[I] (Parallel plan idx: 0) Parsing HLO texts and profiling XLA operators...
[I] Pipeline partition mode: auto | Preset physical mesh shapes: [(1, 2), (1, 2), (1, 2), (1, 2), (1, 2), (1, 2), (1, 2), (1, 2)]
[TMP] Loading offline profiled communication data: `1_a40_1_n_2_d_ib.pkl`...
[TMP] Loading offline profiled communication data: `2_a40_2_n_1_d_ib.pkl`...
\Time of module 0 (stage 0):
Intra-stage comm time: 0.0007580183446407318
Grad sync time: 0

[I] Optimized module 0 for stage 0, comm time has been statically analyzed.
\Time of module 1 (stage 1):
Intra-stage comm time: 0.0006677791476249695
Grad sync time: 0

[I] Optimized module 1 for stage 1, comm time has been statically analyzed.
\Time of module 2 (stage 2):
Intra-stage comm time: 0.0006656631827354431
Grad sync time: 0

[I] Optimized module 2 for stage 2, comm time has been statically analyzed.
\Time of module 3 (stage 3):
Intra-stage comm time: 0.0006955355405807494
Grad sync time: 0

[I] Optimized module 3 for stage 3, comm time has been statically analyzed.
\Time of module 4 (stage 4):
Intra-stage comm time: 0.0007000371813774108
Grad sync time: 0

[I] Optimized module 4 for stage 4, comm time has been statically analyzed.
\Time of module 5 (stage 5):
Intra-stage comm time: 0.013578391913324595
Grad sync time: 0

[I] Optimized module 5 for stage 5, comm time has been statically analyzed.
\Time of module 6 (stage 6):
Intra-stage comm time: 0.01945804348215461
Grad sync time: 0

[I] Optimized module 6 for stage 6, comm time has been statically analyzed.
\Time of module 7 (stage 7):
Intra-stage comm time: 0.0008619621396064759
Grad sync time: 0

[I] Optimized module 7 for stage 7, comm time has been statically analyzed.
[WARN] Communication size of 'all-reduce' excceeds the maximum profiled size. Linear scaling is applied.
       - Communication size of the operator: 1593979904 | Estimated comm time: 0.7899283531317175
       - Max profiled communication size: 267386880 | Comm time: 0.08228549003601074
\Time of module 8 (stage 7):
Intra-stage comm time: 0.0014546453952789529
Grad sync time: 0.7899283531317175

[I] Optimized module 8 for stage 7, comm time has been statically analyzed.
\Time of module 9 (stage 6):
Intra-stage comm time: 0.034559381194412715
Grad sync time: 0

[I] Optimized module 9 for stage 6, comm time has been statically analyzed.
\Time of module 10 (stage 5):
Intra-stage comm time: 0.03008424649015069
Grad sync time: 0

[I] Optimized module 10 for stage 5, comm time has been statically analyzed.
[WARN] Communication size of 'all-reduce' excceeds the maximum profiled size. Linear scaling is applied.
       - Communication size of the operator: 393287680 | Estimated comm time: 0.1331228062019218
       - Max profiled communication size: 267386880 | Comm time: 0.08228549003601074
\Time of module 11 (stage 4):
Intra-stage comm time: 0.0013657003641128485
Grad sync time: 0.1331228062019218

[I] Optimized module 11 for stage 4, comm time has been statically analyzed.
[WARN] Communication size of 'all-reduce' excceeds the maximum profiled size. Linear scaling is applied.
       - Communication size of the operator: 285135360 | Estimated comm time: 0.09779390051748488
       - Max profiled communication size: 267386880 | Comm time: 0.08228549003601074
\Time of module 12 (stage 3):
Intra-stage comm time: 0.0013669651001691763
Grad sync time: 0.09779390051748488

[I] Optimized module 12 for stage 3, comm time has been statically analyzed.
\Time of module 13 (stage 2):
Intra-stage comm time: 0.001308351755142212
Grad sync time: 0.030452021535231986

[I] Optimized module 13 for stage 2, comm time has been statically analyzed.
\Time of module 14 (stage 1):
Intra-stage comm time: 0.001316172070801258
Grad sync time: 0.022064089264410235

[I] Optimized module 14 for stage 1, comm time has been statically analyzed.
\Time of module 15 (stage 0):
Intra-stage comm time: 0.001507845148444176
Grad sync time: 0.008554695884959074

[I] Optimized module 15 for stage 0, comm time has been statically analyzed.
\Time of module 16 (stage 0):
Intra-stage comm time: 0.004880981147289276
Grad sync time: 0

[I] Optimized module 16 for stage 0, comm time has been statically analyzed.
\Time of module 17 (stage 1):
Intra-stage comm time: 0.01288060247898102
Grad sync time: 0

[I] Optimized module 17 for stage 1, comm time has been statically analyzed.
\Time of module 18 (stage 2):
Intra-stage comm time: 0.017891987413167956
Grad sync time: 0

[I] Optimized module 18 for stage 2, comm time has been statically analyzed.
\Time of module 19 (stage 3):
Intra-stage comm time: 0.048361211477054494
Grad sync time: 0

[I] Optimized module 19 for stage 3, comm time has been statically analyzed.
\Time of module 20 (stage 4):
Intra-stage comm time: 0.06619054194953707
Grad sync time: 0

[I] Optimized module 20 for stage 4, comm time has been statically analyzed.
\Time of module 21 (stage 5):
Intra-stage comm time: 0.0001316666603088379
Grad sync time: 0

[I] Optimized module 21 for stage 5, comm time has been statically analyzed.
\Time of module 22 (stage 6):
Intra-stage comm time: 0.00013191029429435728
Grad sync time: 0

[I] Optimized module 22 for stage 6, comm time has been statically analyzed.
[WARN] Communication size of 'all-gather' excceeds the maximum profiled size. Linear scaling is applied.
       - Communication size of the operator: 471859200 | Estimated comm time: 0.08268975067138672
       - Max profiled communication size: 267386880 | Comm time: 0.042454824447631836
[WARN] Communication size of 'all-gather' excceeds the maximum profiled size. Linear scaling is applied.
       - Communication size of the operator: 471859200 | Estimated comm time: 0.08268975067138672
       - Max profiled communication size: 267386880 | Comm time: 0.042454824447631836
\Time of module 23 (stage 7):
Intra-stage comm time: 0.27111198103427886
Grad sync time: 0

[I] Optimized module 23 for stage 7, comm time has been statically analyzed.
[TMP] Memory footprint of the stage 0 is 0.9424107111990452 GB, while the available memory of the XLA device is 35.33237304631621 GB.
[TMP] Memory footprint of the stage 1 is 2.2987210787832737 GB, while the available memory of the XLA device is 35.33237304631621 GB.
[TMP] Memory footprint of the stage 2 is 2.493691448122263 GB, while the available memory of the XLA device is 35.33237304631621 GB.
[TMP] Memory footprint of the stage 3 is 6.261870864778757 GB, while the available memory of the XLA device is 35.33237304631621 GB.
[TMP] Memory footprint of the stage 4 is 8.297929767519236 GB, while the available memory of the XLA device is 35.33237304631621 GB.
[TMP] Memory footprint of the stage 5 is 4.755039218813181 GB, while the available memory of the XLA device is 35.33237304631621 GB.
[TMP] Memory footprint of the stage 6 is 13.10704231634736 GB, while the available memory of the XLA device is 35.33237304631621 GB.
[TMP] Memory footprint of the stage 7 is 32.75013170018792 GB, while the available memory of the XLA device is 35.33237304631621 GB.
[I] Only-sharded module 0 for stage 0, constructing entry XLA computation...
[I] Compiling HLO module...
[I] Profiling HLO modules...
    - Iteration 0/5: Kernel execution time: 0.08095599300000002 s.
    - Iteration 1/5: Kernel execution time: 0.080887353 s.
    - Iteration 2/5: Kernel execution time: 0.082229251 s.
    - Iteration 3/5: Kernel execution time: 0.081971171 s.
    - Iteration 4/5: Kernel execution time: 0.083595191 s.
[I] Only-sharded module 1 for stage 1, constructing entry XLA computation...
[I] Compiling HLO module...
[I] Profiling HLO modules...
    - Iteration 0/5: Kernel execution time: 0.09059185600000001 s.
    - Iteration 1/5: Kernel execution time: 0.091836989 s.
    - Iteration 2/5: Kernel execution time: 0.09300029400000001 s.
    - Iteration 3/5: Kernel execution time: 0.093177704 s.
    - Iteration 4/5: Kernel execution time: 0.09255274000000002 s.
[I] Only-sharded module 2 for stage 2, constructing entry XLA computation...
[I] Compiling HLO module...
[I] Profiling HLO modules...
    - Iteration 0/5: Kernel execution time: 0.077403516 s.
    - Iteration 1/5: Kernel execution time: 0.07577326000000002 s.
    - Iteration 2/5: Kernel execution time: 0.076085328 s.
    - Iteration 3/5: Kernel execution time: 0.07686657999999999 s.
    - Iteration 4/5: Kernel execution time: 0.076797554 s.
[I] Only-sharded module 3 for stage 3, constructing entry XLA computation...
[I] Compiling HLO module...
[I] Profiling HLO modules...
    - Iteration 0/5: Kernel execution time: 0.11332281299999998 s.
    - Iteration 1/5: Kernel execution time: 0.11305222000000002 s.
    - Iteration 2/5: Kernel execution time: 0.112468183 s.
    - Iteration 3/5: Kernel execution time: 0.113254848 s.
    - Iteration 4/5: Kernel execution time: 0.11316713500000003 s.
[I] Only-sharded module 4 for stage 4, constructing entry XLA computation...
[I] Compiling HLO module...
[I] Profiling HLO modules...
    - Iteration 0/5: Kernel execution time: 0.118148169 s.
    - Iteration 1/5: Kernel execution time: 0.118180139 s.
    - Iteration 2/5: Kernel execution time: 0.11722826 s.
    - Iteration 3/5: Kernel execution time: 0.11731030799999997 s.
    - Iteration 4/5: Kernel execution time: 0.11734963500000004 s.
[I] Only-sharded module 5 for stage 5, constructing entry XLA computation...
[I] Compiling HLO module...
[I] Profiling HLO modules...
    - Iteration 0/5: Kernel execution time: 0.08115970800000001 s.
    - Iteration 1/5: Kernel execution time: 0.08087276100000002 s.
    - Iteration 2/5: Kernel execution time: 0.08049547900000001 s.
    - Iteration 3/5: Kernel execution time: 0.08191437200000003 s.
    - Iteration 4/5: Kernel execution time: 0.081281567 s.
[I] Only-sharded module 6 for stage 6, constructing entry XLA computation...
[I] Compiling HLO module...
[I] Profiling HLO modules...
    - Iteration 0/5: Kernel execution time: 0.14195411400000002 s.
    - Iteration 1/5: Kernel execution time: 0.14085964100000004 s.
    - Iteration 2/5: Kernel execution time: 0.14081612000000002 s.
    - Iteration 3/5: Kernel execution time: 0.14142300700000002 s.
    - Iteration 4/5: Kernel execution time: 0.14137446299999998 s.
[I] Only-sharded module 7 for stage 7, constructing entry XLA computation...
[I] Compiling HLO module...
[I] Profiling HLO modules...
    - Iteration 0/5: Kernel execution time: 0.3430562510000001 s.
    - Iteration 1/5: Kernel execution time: 0.34301439100000014 s.
    - Iteration 2/5: Kernel execution time: 0.3445743779999999 s.
    - Iteration 3/5: Kernel execution time: 0.3429757390000001 s.
    - Iteration 4/5: Kernel execution time: 0.343648836 s.
[I] Only-sharded module 8 for stage 7, constructing entry XLA computation...
[I] Compiling HLO module...
[I] Profiling HLO modules...
    - Iteration 0/5: Kernel execution time: 0.9943255060000001 s.
    - Iteration 1/5: Kernel execution time: 0.9927044320000001 s.
    - Iteration 2/5: Kernel execution time: 0.99505681 s.
    - Iteration 3/5: Kernel execution time: 0.9930090810000002 s.
    - Iteration 4/5: Kernel execution time: 0.9938872960000001 s.
[I] Only-sharded module 9 for stage 6, constructing entry XLA computation...
[I] Compiling HLO module...
[I] Profiling HLO modules...
    - Iteration 0/5: Kernel execution time: 0.581732586 s.
    - Iteration 1/5: Kernel execution time: 0.582024617 s.
    - Iteration 2/5: Kernel execution time: 0.582959827 s.
    - Iteration 3/5: Kernel execution time: 0.5843179900000003 s.
    - Iteration 4/5: Kernel execution time: 0.5824838300000001 s.
[I] Only-sharded module 10 for stage 5, constructing entry XLA computation...
[I] Compiling HLO module...
[I] Profiling HLO modules...
    - Iteration 0/5: Kernel execution time: 0.282711292 s.
    - Iteration 1/5: Kernel execution time: 0.28117531300000004 s.
    - Iteration 2/5: Kernel execution time: 0.283685538 s.
    - Iteration 3/5: Kernel execution time: 0.282812542 s.
    - Iteration 4/5: Kernel execution time: 0.28142753099999995 s.
[I] Only-sharded module 11 for stage 4, constructing entry XLA computation...
[I] Compiling HLO module...
[I] Profiling HLO modules...
    - Iteration 0/5: Kernel execution time: 0.35315701999999993 s.
    - Iteration 1/5: Kernel execution time: 0.35113889000000004 s.
    - Iteration 2/5: Kernel execution time: 0.35268079 s.
    - Iteration 3/5: Kernel execution time: 0.351825617 s.
    - Iteration 4/5: Kernel execution time: 0.352749592 s.
[I] Only-sharded module 12 for stage 3, constructing entry XLA computation...
[I] Compiling HLO module...
[I] Profiling HLO modules...
    - Iteration 0/5: Kernel execution time: 0.37657081100000017 s.
    - Iteration 1/5: Kernel execution time: 0.3733499450000002 s.
    - Iteration 2/5: Kernel execution time: 0.374959817 s.
    - Iteration 3/5: Kernel execution time: 0.37443738 s.
    - Iteration 4/5: Kernel execution time: 0.3742445110000001 s.
[I] Only-sharded module 13 for stage 2, constructing entry XLA computation...
[I] Compiling HLO module...
[I] Profiling HLO modules...
    - Iteration 0/5: Kernel execution time: 0.239105141 s.
    - Iteration 1/5: Kernel execution time: 0.23741623200000003 s.
    - Iteration 2/5: Kernel execution time: 0.237433665 s.
    - Iteration 3/5: Kernel execution time: 0.23705399000000002 s.
    - Iteration 4/5: Kernel execution time: 0.23945372100000004 s.
[I] Only-sharded module 14 for stage 1, constructing entry XLA computation...
[I] Compiling HLO module...
[I] Profiling HLO modules...
    - Iteration 0/5: Kernel execution time: 0.29993144299999996 s.
    - Iteration 1/5: Kernel execution time: 0.297804153 s.
    - Iteration 2/5: Kernel execution time: 0.300554355 s.
    - Iteration 3/5: Kernel execution time: 0.30017131099999994 s.
    - Iteration 4/5: Kernel execution time: 0.29904803300000016 s.
[I] Only-sharded module 15 for stage 0, constructing entry XLA computation...
[I] Compiling HLO module...
[I] Profiling HLO modules...
    - Iteration 0/5: Kernel execution time: 0.23803056700000003 s.
    - Iteration 1/5: Kernel execution time: 0.238016804 s.
    - Iteration 2/5: Kernel execution time: 0.24053068799999996 s.
    - Iteration 3/5: Kernel execution time: 0.2385949600000001 s.
    - Iteration 4/5: Kernel execution time: 0.24072290899999998 s.
[I] Only-sharded module 16 for stage 0, constructing entry XLA computation...
[I] Compiling HLO module...
[I] Profiling HLO modules...
    - Iteration 0/5: Kernel execution time: 0.000757224 s.
    - Iteration 1/5: Kernel execution time: 0.0007591429999999999 s.
    - Iteration 2/5: Kernel execution time: 0.0007596230000000001 s.
    - Iteration 3/5: Kernel execution time: 0.000760999 s.
    - Iteration 4/5: Kernel execution time: 0.0007594630000000002 s.
[I] Only-sharded module 17 for stage 1, constructing entry XLA computation...
[I] Compiling HLO module...
[I] Profiling HLO modules...
    - Iteration 0/5: Kernel execution time: 0.002011475 s.
    - Iteration 1/5: Kernel execution time: 0.002021492 s.
    - Iteration 2/5: Kernel execution time: 0.002024787 s.
    - Iteration 3/5: Kernel execution time: 0.002013206 s.
    - Iteration 4/5: Kernel execution time: 0.0020233150000000004 s.
[I] Only-sharded module 18 for stage 2, constructing entry XLA computation...
[I] Compiling HLO module...
[I] Profiling HLO modules...
    - Iteration 0/5: Kernel execution time: 0.002753756 s.
    - Iteration 1/5: Kernel execution time: 0.002753113 s.
    - Iteration 2/5: Kernel execution time: 0.002764695 s.
    - Iteration 3/5: Kernel execution time: 0.002749595 s.
    - Iteration 4/5: Kernel execution time: 0.00275916 s.
[I] Only-sharded module 19 for stage 3, constructing entry XLA computation...
[I] Compiling HLO module...
[I] Profiling HLO modules...
    - Iteration 0/5: Kernel execution time: 0.00784545 s.
    - Iteration 1/5: Kernel execution time: 0.007844715 s.
    - Iteration 2/5: Kernel execution time: 0.007833321 s.
    - Iteration 3/5: Kernel execution time: 0.007838123 s.
    - Iteration 4/5: Kernel execution time: 0.007835147 s.
[I] Only-sharded module 20 for stage 4, constructing entry XLA computation...
[I] Compiling HLO module...
[I] Profiling HLO modules...
    - Iteration 0/5: Kernel execution time: 0.010842535 s.
    - Iteration 1/5: Kernel execution time: 0.010847367 s.
    - Iteration 2/5: Kernel execution time: 0.010826503000000001 s.
    - Iteration 3/5: Kernel execution time: 0.010832038000000002 s.
    - Iteration 4/5: Kernel execution time: 0.010825671000000002 s.
[I] Only-sharded module 21 for stage 5, constructing entry XLA computation...
[I] Compiling HLO module...
[I] Profiling HLO modules...
    - Iteration 0/5: Kernel execution time: 0.007655688 s.
    - Iteration 1/5: Kernel execution time: 0.0076520730000000006 s.
    - Iteration 2/5: Kernel execution time: 0.007665097000000001 s.
    - Iteration 3/5: Kernel execution time: 0.007651113000000001 s.
    - Iteration 4/5: Kernel execution time: 0.007653448 s.
[I] Only-sharded module 22 for stage 6, constructing entry XLA computation...
[I] Compiling HLO module...
[I] Profiling HLO modules...
    - Iteration 0/5: Kernel execution time: 0.022059793 s.
    - Iteration 1/5: Kernel execution time: 0.022016434 s.
    - Iteration 2/5: Kernel execution time: 0.022009777 s.
    - Iteration 3/5: Kernel execution time: 0.022029586000000004 s.
    - Iteration 4/5: Kernel execution time: 0.02201637 s.
[I] Only-sharded module 23 for stage 7, constructing entry XLA computation...
[I] Compiling HLO module...
[I] Profiling HLO modules...
    - Iteration 0/5: Kernel execution time: 0.04372832 s.
    - Iteration 1/5: Kernel execution time: 0.043759232 s.
    - Iteration 2/5: Kernel execution time: 0.043761089 s.
    - Iteration 3/5: Kernel execution time: 0.043766724 s.
    - Iteration 4/5: Kernel execution time: 0.043704004000000005 s.
[I] Constructing single-device HLO modules concurrently takes 0.010584115982055664 s.
[I] Compile single-device HLO modules concurrently takes 0.8202145099639893 s.
[I] Profile all compiled sequentially on one GPU takes 50.3419976234436 s.
[I] Estimated e2e pipeline iteration time is: 30.46948298886884 s.
    - Kernel computation time is: -1.0 s.
    - Communication time is: -1.0 s.
    - Cross-stages communication time is: -1.0 s.
