
[I] Loading Crius kernel-level profiler...
[TMP] Profiling results not found in `None`, creating it...

[I] Loading model and generating sharded HLO module...
[I] Initializing XLA devices takes 0.6345436573028564 s.
[I] Loading flax model....
[I] Model 'wide_resnet' loads sucessfully. Model Info: 

WideResNet(
    # attributes
    stage_sizes = [3, 4, 6, 3]
    block_cls = BottleneckResNetBlock
    num_classes = 1024
    num_filters = 640
    width_factor = 2
    dtype = float32
    act = relu
) 

[I] Initialize training state...
[I] Training state initialization is completed.
[I] Constructing general train step func...
[I] General train step func construction is completed.
[I] Model has been loaded, begin Jaxpr transformation...

[I] Pipeline partition mode: forced | Layer-to-stage partition: [[0, 1], [2, 3], [4, 5], [6, 7], [8, 9], [10, 11], [12, 13], [14, 15]]
[I] Pipeline partition mode: auto | Cell-generated physical mesh shapes: [(1, 2), (1, 2), (1, 2), (1, 2), (1, 2), (1, 2), (1, 2), (1, 2)]
[I] Loading model and transform to Jaxpr stages takes 14.7269868850708 s.
[I] The GPU sharding of pipeline stages is: [2, 2, 2, 2, 2, 2, 2, 2]
[I] Pipeline partition mode: auto | Parallel enum mode: auto | Parallel plans: [[StageShape(type='single', stage_shape=(1, 2), layer_shape=None), StageShape(type='single', stage_shape=(1, 2), layer_shape=None), StageShape(type='single', stage_shape=(1, 2), layer_shape=None), StageShape(type='single', stage_shape=(1, 2), layer_shape=None), StageShape(type='single', stage_shape=(2, 1), layer_shape=None), StageShape(type='single', stage_shape=(2, 1), layer_shape=None), StageShape(type='single', stage_shape=(1, 2), layer_shape=None), StageShape(type='single', stage_shape=(1, 2), layer_shape=None)]]

[I] (Parallel plan idx: 0) Sharding stages...
[I] Sharding stages takes 8.123164892196655 s.
[I] (Parallel plan idx: 0) SPMD partitioning and compiling (kernel fusing) HLO stages...
[I] SPMD partitioning and pre-compiling HLO modules concurrently takes 3.441131830215454 s.

[I] All parallel plans in the cell have been sharded and compiled.
[TMP] Writing only-sharded HLO text to '/home/cyxue/Projects/crius/Crius/runtime/jaxpr/tmp/wide_resnet_4B_256_sharded_stages.pkl'...
[TMP] Writing optimized HLO text to '/home/cyxue/Projects/crius/Crius/runtime/jaxpr/tmp/wide_resnet_4B_256_optimized_stages.pkl'...
[TMP] Writing inter-stages communicated vars to '/home/cyxue/Projects/crius/Crius/runtime/jaxpr/tmp/wide_resnet_4B_256_inter_stages_comm_vars.pkl'

[I] Parallel plan idx: 0 | Parallelism: [(1, 2), (1, 2), (1, 2), (1, 2), (2, 1), (2, 1), (1, 2), (1, 2)]

[I] (Parallel plan idx: 0) Parsing HLO texts and profiling XLA operators...
[I] Pipeline partition mode: auto | Preset physical mesh shapes: [(1, 2), (1, 2), (1, 2), (1, 2), (1, 2), (1, 2), (1, 2), (1, 2)]
[TMP] Loading offline profiled communication data: `1_a40_1_n_2_d_ib.pkl`...
[TMP] Loading offline profiled communication data: `2_a40_2_n_1_d_ib.pkl`...
\Time of module 0 (stage 0):
Intra-stage comm time: 0.04816402653232217
Grad sync time: 0

[I] Optimized module 0 for stage 0, comm time has been statically analyzed.
\Time of module 1 (stage 1):
Intra-stage comm time: 0.057498734910041094
Grad sync time: 0

[I] Optimized module 1 for stage 1, comm time has been statically analyzed.
\Time of module 2 (stage 2):
Intra-stage comm time: 0.022961602732539173
Grad sync time: 0

[I] Optimized module 2 for stage 2, comm time has been statically analyzed.
\Time of module 3 (stage 3):
Intra-stage comm time: 0.03253108970820904
Grad sync time: 0

[I] Optimized module 3 for stage 3, comm time has been statically analyzed.
\Time of module 4 (stage 4):
Intra-stage comm time: 0.0007000371813774108
Grad sync time: 0

[I] Optimized module 4 for stage 4, comm time has been statically analyzed.
\Time of module 5 (stage 5):
Intra-stage comm time: 0.0007000371813774108
Grad sync time: 0

[I] Optimized module 5 for stage 5, comm time has been statically analyzed.
\Time of module 6 (stage 6):
Intra-stage comm time: 0.01945804348215461
Grad sync time: 0

[I] Optimized module 6 for stage 6, comm time has been statically analyzed.
\Time of module 7 (stage 7):
Intra-stage comm time: 0.007966617587953806
Grad sync time: 0

[I] Optimized module 7 for stage 7, comm time has been statically analyzed.
\Time of module 8 (stage 7):
Intra-stage comm time: 0.01476860653433505
Grad sync time: 0

[I] Optimized module 8 for stage 7, comm time has been statically analyzed.
\Time of module 9 (stage 6):
Intra-stage comm time: 0.034559381194412715
Grad sync time: 0

[I] Optimized module 9 for stage 6, comm time has been statically analyzed.
[WARN] Communication size of 'all-reduce' excceeds the maximum profiled size. Linear scaling is applied.
       - Communication size of the operator: 393287680 | Estimated comm time: 0.1331228062019218
       - Max profiled communication size: 267386880 | Comm time: 0.08228549003601074
\Time of module 10 (stage 5):
Intra-stage comm time: 0.0013657003641128485
Grad sync time: 0.1331228062019218

[I] Optimized module 10 for stage 5, comm time has been statically analyzed.
[WARN] Communication size of 'all-reduce' excceeds the maximum profiled size. Linear scaling is applied.
       - Communication size of the operator: 393287680 | Estimated comm time: 0.1331228062019218
       - Max profiled communication size: 267386880 | Comm time: 0.08228549003601074
\Time of module 11 (stage 4):
Intra-stage comm time: 0.0013657003641128485
Grad sync time: 0.1331228062019218

[I] Optimized module 11 for stage 4, comm time has been statically analyzed.
\Time of module 12 (stage 3):
Intra-stage comm time: 0.053827217780053616
Grad sync time: 0

[I] Optimized module 12 for stage 3, comm time has been statically analyzed.
\Time of module 13 (stage 2):
Intra-stage comm time: 0.05338655654340982
Grad sync time: 0

[I] Optimized module 13 for stage 2, comm time has been statically analyzed.
\Time of module 14 (stage 1):
Intra-stage comm time: 0.09035358615219592
Grad sync time: 0

[I] Optimized module 14 for stage 1, comm time has been statically analyzed.
\Time of module 15 (stage 0):
Intra-stage comm time: 0.11107181720435619
Grad sync time: 0

[I] Optimized module 15 for stage 0, comm time has been statically analyzed.
\Time of module 16 (stage 0):
Intra-stage comm time: 0.00019350349903106688
Grad sync time: 0

[I] Optimized module 16 for stage 0, comm time has been statically analyzed.
\Time of module 17 (stage 1):
Intra-stage comm time: 0.00013055279850959778
Grad sync time: 0

[I] Optimized module 17 for stage 1, comm time has been statically analyzed.
\Time of module 18 (stage 2):
Intra-stage comm time: 0.00013055279850959778
Grad sync time: 0

[I] Optimized module 18 for stage 2, comm time has been statically analyzed.
\Time of module 19 (stage 3):
Intra-stage comm time: 0.00013184249401092528
Grad sync time: 0

[I] Optimized module 19 for stage 3, comm time has been statically analyzed.
\Time of module 20 (stage 4):
Intra-stage comm time: 0.06619054194953707
Grad sync time: 0

[I] Optimized module 20 for stage 4, comm time has been statically analyzed.
\Time of module 21 (stage 5):
Intra-stage comm time: 0.06619054194953707
Grad sync time: 0

[I] Optimized module 21 for stage 5, comm time has been statically analyzed.
\Time of module 22 (stage 6):
Intra-stage comm time: 0.00013191029429435728
Grad sync time: 0

[I] Optimized module 22 for stage 6, comm time has been statically analyzed.
\Time of module 23 (stage 7):
Intra-stage comm time: 0.00013201832771301267
Grad sync time: 0

[I] Optimized module 23 for stage 7, comm time has been statically analyzed.
[TMP] Memory footprint of the stage 0 is 0.8370564021170139 GB, while the available memory of the XLA device is 35.33237304631621 GB.
[TMP] Memory footprint of the stage 1 is 2.3524642027914524 GB, while the available memory of the XLA device is 35.33237304631621 GB.
[TMP] Memory footprint of the stage 2 is 1.8171715773642063 GB, while the available memory of the XLA device is 35.33237304631621 GB.
[TMP] Memory footprint of the stage 3 is 3.9651823081076145 GB, while the available memory of the XLA device is 35.33237304631621 GB.
[TMP] Memory footprint of the stage 4 is 8.297929767519236 GB, while the available memory of the XLA device is 35.33237304631621 GB.
[TMP] Memory footprint of the stage 5 is 8.297967914491892 GB, while the available memory of the XLA device is 35.33237304631621 GB.
[TMP] Memory footprint of the stage 6 is 13.10704231634736 GB, while the available memory of the XLA device is 35.33237304631621 GB.
[TMP] Memory footprint of the stage 7 is 17.90554443374276 GB, while the available memory of the XLA device is 35.33237304631621 GB.
[I] Only-sharded module 0 for stage 0, constructing entry XLA computation...
[I] Compiling HLO module...
[I] Profiling HLO modules...
    - Iteration 0/5: Kernel execution time: 0.076938877 s.
    - Iteration 1/5: Kernel execution time: 0.077812675 s.
    - Iteration 2/5: Kernel execution time: 0.07870813899999998 s.
    - Iteration 3/5: Kernel execution time: 0.07835489000000002 s.
    - Iteration 4/5: Kernel execution time: 0.079298547 s.
[I] Only-sharded module 1 for stage 1, constructing entry XLA computation...
[I] Compiling HLO module...
[I] Profiling HLO modules...
    - Iteration 0/5: Kernel execution time: 0.09453234600000003 s.
    - Iteration 1/5: Kernel execution time: 0.094520341 s.
    - Iteration 2/5: Kernel execution time: 0.093361197 s.
    - Iteration 3/5: Kernel execution time: 0.09381143700000001 s.
    - Iteration 4/5: Kernel execution time: 0.094527672 s.
[I] Only-sharded module 2 for stage 2, constructing entry XLA computation...
[I] Compiling HLO module...
[I] Profiling HLO modules...
    - Iteration 0/5: Kernel execution time: 0.065613211 s.
    - Iteration 1/5: Kernel execution time: 0.06646892799999998 s.
    - Iteration 2/5: Kernel execution time: 0.06826290100000001 s.
    - Iteration 3/5: Kernel execution time: 0.06821166600000002 s.
    - Iteration 4/5: Kernel execution time: 0.067666381 s.
[I] Only-sharded module 3 for stage 3, constructing entry XLA computation...
[I] Compiling HLO module...
[I] Profiling HLO modules...
    - Iteration 0/5: Kernel execution time: 0.08826387100000002 s.
    - Iteration 1/5: Kernel execution time: 0.087993663 s.
    - Iteration 2/5: Kernel execution time: 0.08688270499999999 s.
    - Iteration 3/5: Kernel execution time: 0.08799055600000001 s.
    - Iteration 4/5: Kernel execution time: 0.088816099 s.
[I] Only-sharded module 4 for stage 4, constructing entry XLA computation...
[I] Compiling HLO module...
[I] Profiling HLO modules...
    - Iteration 0/5: Kernel execution time: 0.11827542599999999 s.
    - Iteration 1/5: Kernel execution time: 0.11814643199999998 s.
    - Iteration 2/5: Kernel execution time: 0.118177825 s.
    - Iteration 3/5: Kernel execution time: 0.11770713500000002 s.
    - Iteration 4/5: Kernel execution time: 0.117262649 s.
[I] Only-sharded module 5 for stage 5, constructing entry XLA computation...
[I] Compiling HLO module...
[I] Profiling HLO modules...
    - Iteration 0/5: Kernel execution time: 0.117369242 s.
    - Iteration 1/5: Kernel execution time: 0.11776092699999999 s.
    - Iteration 2/5: Kernel execution time: 0.117726974 s.
    - Iteration 3/5: Kernel execution time: 0.11725045900000002 s.
    - Iteration 4/5: Kernel execution time: 0.11745260399999999 s.
[I] Only-sharded module 6 for stage 6, constructing entry XLA computation...
[I] Compiling HLO module...
[I] Profiling HLO modules...
    - Iteration 0/5: Kernel execution time: 0.140394177 s.
    - Iteration 1/5: Kernel execution time: 0.141779536 s.
    - Iteration 2/5: Kernel execution time: 0.14153466999999997 s.
    - Iteration 3/5: Kernel execution time: 0.14171204800000003 s.
    - Iteration 4/5: Kernel execution time: 0.14096263200000003 s.
[I] Only-sharded module 7 for stage 7, constructing entry XLA computation...
[I] Compiling HLO module...
[I] Profiling HLO modules...
    - Iteration 0/5: Kernel execution time: 0.16085996000000002 s.
    - Iteration 1/5: Kernel execution time: 0.160920599 s.
    - Iteration 2/5: Kernel execution time: 0.16074389200000005 s.
    - Iteration 3/5: Kernel execution time: 0.160928341 s.
    - Iteration 4/5: Kernel execution time: 0.16089333600000003 s.
[I] Only-sharded module 8 for stage 7, constructing entry XLA computation...
[I] Compiling HLO module...
[I] Profiling HLO modules...
    - Iteration 0/5: Kernel execution time: 0.7326251700000003 s.
    - Iteration 1/5: Kernel execution time: 0.731890098 s.
    - Iteration 2/5: Kernel execution time: 0.7342115869999999 s.
    - Iteration 3/5: Kernel execution time: 0.7325142279999999 s.
    - Iteration 4/5: Kernel execution time: 0.7322514050000001 s.
[I] Only-sharded module 9 for stage 6, constructing entry XLA computation...
[I] Compiling HLO module...
[I] Profiling HLO modules...
    - Iteration 0/5: Kernel execution time: 0.5825476119999997 s.
    - Iteration 1/5: Kernel execution time: 0.5820784900000001 s.
    - Iteration 2/5: Kernel execution time: 0.5817542319999999 s.
    - Iteration 3/5: Kernel execution time: 0.5838142440000001 s.
    - Iteration 4/5: Kernel execution time: 0.5841549519999999 s.
[I] Only-sharded module 10 for stage 5, constructing entry XLA computation...
[I] Compiling HLO module...
[I] Profiling HLO modules...
    - Iteration 0/5: Kernel execution time: 0.35350780300000006 s.
    - Iteration 1/5: Kernel execution time: 0.351284106 s.
    - Iteration 2/5: Kernel execution time: 0.35346463300000003 s.
    - Iteration 3/5: Kernel execution time: 0.351806764 s.
    - Iteration 4/5: Kernel execution time: 0.351337293 s.
[I] Only-sharded module 11 for stage 4, constructing entry XLA computation...
[I] Compiling HLO module...
[I] Profiling HLO modules...
    - Iteration 0/5: Kernel execution time: 0.3534198009999999 s.
    - Iteration 1/5: Kernel execution time: 0.35233381100000005 s.
    - Iteration 2/5: Kernel execution time: 0.353416442 s.
    - Iteration 3/5: Kernel execution time: 0.3531160550000001 s.
    - Iteration 4/5: Kernel execution time: 0.352367186 s.
[I] Only-sharded module 12 for stage 3, constructing entry XLA computation...
[I] Compiling HLO module...
[I] Profiling HLO modules...
    - Iteration 0/5: Kernel execution time: 0.3419884780000001 s.
    - Iteration 1/5: Kernel execution time: 0.339799438 s.
    - Iteration 2/5: Kernel execution time: 0.34153459 s.
    - Iteration 3/5: Kernel execution time: 0.3388970280000001 s.
    - Iteration 4/5: Kernel execution time: 0.3415073529999999 s.
[I] Only-sharded module 13 for stage 2, constructing entry XLA computation...
[I] Compiling HLO module...
[I] Profiling HLO modules...
    - Iteration 0/5: Kernel execution time: 0.22383695800000006 s.
    - Iteration 1/5: Kernel execution time: 0.22604887999999995 s.
    - Iteration 2/5: Kernel execution time: 0.22447856300000002 s.
    - Iteration 3/5: Kernel execution time: 0.22536951199999994 s.
    - Iteration 4/5: Kernel execution time: 0.2246594630000001 s.
[I] Only-sharded module 14 for stage 1, constructing entry XLA computation...
[I] Compiling HLO module...
[I] Profiling HLO modules...
    - Iteration 0/5: Kernel execution time: 0.294391446 s.
    - Iteration 1/5: Kernel execution time: 0.29337450299999995 s.
    - Iteration 2/5: Kernel execution time: 0.2951831629999999 s.
    - Iteration 3/5: Kernel execution time: 0.2962815760000001 s.
    - Iteration 4/5: Kernel execution time: 0.29701232599999994 s.
[I] Only-sharded module 15 for stage 0, constructing entry XLA computation...
[I] Compiling HLO module...
[I] Profiling HLO modules...
    - Iteration 0/5: Kernel execution time: 0.24489173399999997 s.
    - Iteration 1/5: Kernel execution time: 0.245810167 s.
    - Iteration 2/5: Kernel execution time: 0.24662963399999988 s.
    - Iteration 3/5: Kernel execution time: 0.244053351 s.
    - Iteration 4/5: Kernel execution time: 0.24487333700000002 s.
[I] Only-sharded module 16 for stage 0, constructing entry XLA computation...
[I] Compiling HLO module...
[I] Profiling HLO modules...
    - Iteration 0/5: Kernel execution time: 0.000505572 s.
    - Iteration 1/5: Kernel execution time: 0.000504964 s.
    - Iteration 2/5: Kernel execution time: 0.000505508 s.
    - Iteration 3/5: Kernel execution time: 0.000506245 s.
    - Iteration 4/5: Kernel execution time: 0.000506817 s.
[I] Only-sharded module 17 for stage 1, constructing entry XLA computation...
[I] Compiling HLO module...
[I] Profiling HLO modules...
    - Iteration 0/5: Kernel execution time: 0.001382473 s.
    - Iteration 1/5: Kernel execution time: 0.0013845890000000003 s.
    - Iteration 2/5: Kernel execution time: 0.0013874360000000001 s.
    - Iteration 3/5: Kernel execution time: 0.0013840760000000001 s.
    - Iteration 4/5: Kernel execution time: 0.0013852310000000002 s.
[I] Only-sharded module 18 for stage 2, constructing entry XLA computation...
[I] Compiling HLO module...
[I] Profiling HLO modules...
    - Iteration 0/5: Kernel execution time: 0.0018959870000000002 s.
    - Iteration 1/5: Kernel execution time: 0.001885777 s.
    - Iteration 2/5: Kernel execution time: 0.0018939680000000002 s.
    - Iteration 3/5: Kernel execution time: 0.0018891370000000002 s.
    - Iteration 4/5: Kernel execution time: 0.0018881460000000003 s.
[I] Only-sharded module 19 for stage 3, constructing entry XLA computation...
[I] Compiling HLO module...
[I] Profiling HLO modules...
    - Iteration 0/5: Kernel execution time: 0.005500051000000001 s.
    - Iteration 1/5: Kernel execution time: 0.005496498000000001 s.
    - Iteration 2/5: Kernel execution time: 0.005503987 s.
    - Iteration 3/5: Kernel execution time: 0.0054939410000000004 s.
    - Iteration 4/5: Kernel execution time: 0.005503027000000001 s.
[I] Only-sharded module 20 for stage 4, constructing entry XLA computation...
[I] Compiling HLO module...
[I] Profiling HLO modules...
    - Iteration 0/5: Kernel execution time: 0.010833187000000001 s.
    - Iteration 1/5: Kernel execution time: 0.010837635 s.
    - Iteration 2/5: Kernel execution time: 0.010867205 s.
    - Iteration 3/5: Kernel execution time: 0.010856259 s.
    - Iteration 4/5: Kernel execution time: 0.010847621000000002 s.
[I] Only-sharded module 21 for stage 5, constructing entry XLA computation...
[I] Compiling HLO module...
[I] Profiling HLO modules...
    - Iteration 0/5: Kernel execution time: 0.010834180000000002 s.
    - Iteration 1/5: Kernel execution time: 0.010848038 s.
    - Iteration 2/5: Kernel execution time: 0.010842403 s.
    - Iteration 3/5: Kernel execution time: 0.010823395999999999 s.
    - Iteration 4/5: Kernel execution time: 0.010839044 s.
[I] Only-sharded module 22 for stage 6, constructing entry XLA computation...
[I] Compiling HLO module...
[I] Profiling HLO modules...
    - Iteration 0/5: Kernel execution time: 0.022025290000000003 s.
    - Iteration 1/5: Kernel execution time: 0.022013898000000004 s.
    - Iteration 2/5: Kernel execution time: 0.022022731000000004 s.
    - Iteration 3/5: Kernel execution time: 0.021997929 s.
    - Iteration 4/5: Kernel execution time: 0.022006539000000002 s.
[I] Only-sharded module 23 for stage 7, constructing entry XLA computation...
[I] Compiling HLO module...
[I] Profiling HLO modules...
    - Iteration 0/5: Kernel execution time: 0.031163589000000005 s.
    - Iteration 1/5: Kernel execution time: 0.031161729000000003 s.
    - Iteration 2/5: Kernel execution time: 0.031157603000000002 s.
    - Iteration 3/5: Kernel execution time: 0.031158306000000004 s.
    - Iteration 4/5: Kernel execution time: 0.031163619000000004 s.
[I] Constructing single-device HLO modules concurrently takes 0.011433839797973633 s.
[I] Compile single-device HLO modules concurrently takes 1.1693978309631348 s.
[I] Profile all compiled sequentially on one GPU takes 47.01499557495117 s.
[I] Estimated e2e pipeline iteration time is: 25.128142453464005 s.
    - Kernel computation time is: -1.0 s.
    - Communication time is: -1.0 s.
    - Cross-stages communication time is: -1.0 s.
