
[I] Loading Crius kernel-level profiler...
[TMP] Profiling results not found in `None`, creating it...

[I] Loading model and generating sharded HLO module...
[I] Initializing XLA devices takes 0.7277650833129883 s.
[I] Loading flax model....
[I] Model 'wide_resnet' loads sucessfully. Model Info: 

WideResNet(
    # attributes
    stage_sizes = [3, 4, 6, 3]
    block_cls = BottleneckResNetBlock
    num_classes = 1024
    num_filters = 640
    width_factor = 2
    dtype = float32
    act = relu
) 

[I] Initialize training state...
[I] Training state initialization is completed.
[I] Constructing general train step func...
[I] General train step func construction is completed.
[I] Model has been loaded, begin Jaxpr transformation...

[I] Pipeline partition mode: forced | Layer-to-stage partition: [[0, 1], [2, 3], [4, 5], [6, 7], [8, 9], [10, 11], [12, 13], [14, 15]]
[I] Pipeline partition mode: auto | Cell-generated physical mesh shapes: [(1, 2), (1, 2), (1, 2), (1, 2), (1, 2), (1, 2), (1, 2), (1, 2)]
[I] Loading model and transform to Jaxpr stages takes 14.26532769203186 s.
[I] The GPU sharding of pipeline stages is: [2, 2, 2, 2, 2, 2, 2, 2]
[I] Pipeline partition mode: auto | Parallel enum mode: auto | Parallel plans: [[StageShape(type='single', stage_shape=(1, 2), layer_shape=None), StageShape(type='single', stage_shape=(1, 2), layer_shape=None), StageShape(type='single', stage_shape=(1, 2), layer_shape=None), StageShape(type='single', stage_shape=(1, 2), layer_shape=None), StageShape(type='single', stage_shape=(2, 1), layer_shape=None), StageShape(type='single', stage_shape=(1, 2), layer_shape=None), StageShape(type='single', stage_shape=(2, 1), layer_shape=None), StageShape(type='single', stage_shape=(2, 1), layer_shape=None)]]

[I] (Parallel plan idx: 0) Sharding stages...
[I] Sharding stages takes 7.91581392288208 s.
[I] (Parallel plan idx: 0) SPMD partitioning and compiling (kernel fusing) HLO stages...
[I] SPMD partitioning and pre-compiling HLO modules concurrently takes 3.3568661212921143 s.

[I] All parallel plans in the cell have been sharded and compiled.
[TMP] Writing only-sharded HLO text to '/home/cyxue/Projects/crius/Crius/runtime/jaxpr/tmp/wide_resnet_4B_256_sharded_stages.pkl'...
[TMP] Writing optimized HLO text to '/home/cyxue/Projects/crius/Crius/runtime/jaxpr/tmp/wide_resnet_4B_256_optimized_stages.pkl'...
[TMP] Writing inter-stages communicated vars to '/home/cyxue/Projects/crius/Crius/runtime/jaxpr/tmp/wide_resnet_4B_256_inter_stages_comm_vars.pkl'

[I] Parallel plan idx: 0 | Parallelism: [(1, 2), (1, 2), (1, 2), (1, 2), (2, 1), (1, 2), (2, 1), (2, 1)]

[I] (Parallel plan idx: 0) Parsing HLO texts and profiling XLA operators...
[I] Pipeline partition mode: auto | Preset physical mesh shapes: [(1, 2), (1, 2), (1, 2), (1, 2), (1, 2), (1, 2), (1, 2), (1, 2)]
[TMP] Loading offline profiled communication data: `1_a40_1_n_2_d_ib.pkl`...
[TMP] Loading offline profiled communication data: `2_a40_2_n_1_d_ib.pkl`...
\Time of module 0 (stage 0):
Intra-stage comm time: 0.04816402653232217
Grad sync time: 0

[I] Optimized module 0 for stage 0, comm time has been statically analyzed.
\Time of module 1 (stage 1):
Intra-stage comm time: 0.057498734910041094
Grad sync time: 0

[I] Optimized module 1 for stage 1, comm time has been statically analyzed.
\Time of module 2 (stage 2):
Intra-stage comm time: 0.022961602732539173
Grad sync time: 0

[I] Optimized module 2 for stage 2, comm time has been statically analyzed.
\Time of module 3 (stage 3):
Intra-stage comm time: 0.03253108970820904
Grad sync time: 0

[I] Optimized module 3 for stage 3, comm time has been statically analyzed.
\Time of module 4 (stage 4):
Intra-stage comm time: 0.0007000371813774108
Grad sync time: 0

[I] Optimized module 4 for stage 4, comm time has been statically analyzed.
\Time of module 5 (stage 5):
Intra-stage comm time: 0.013578391913324595
Grad sync time: 0

[I] Optimized module 5 for stage 5, comm time has been statically analyzed.
\Time of module 6 (stage 6):
Intra-stage comm time: 0.0007482144981622695
Grad sync time: 0

[I] Optimized module 6 for stage 6, comm time has been statically analyzed.
\Time of module 7 (stage 7):
Intra-stage comm time: 0.0008619621396064759
Grad sync time: 0

[I] Optimized module 7 for stage 7, comm time has been statically analyzed.
[WARN] Communication size of 'all-reduce' excceeds the maximum profiled size. Linear scaling is applied.
       - Communication size of the operator: 1593979904 | Estimated comm time: 0.7899283531317175
       - Max profiled communication size: 267386880 | Comm time: 0.08228549003601074
\Time of module 8 (stage 7):
Intra-stage comm time: 0.0014546453952789529
Grad sync time: 0.7899283531317175

[I] Optimized module 8 for stage 7, comm time has been statically analyzed.
[WARN] Communication size of 'all-reduce' excceeds the maximum profiled size. Linear scaling is applied.
       - Communication size of the operator: 1140433920 | Estimated comm time: 0.5139975713675067
       - Max profiled communication size: 267386880 | Comm time: 0.08228549003601074
\Time of module 9 (stage 6):
Intra-stage comm time: 0.0014615632593631966
Grad sync time: 0.5139975713675067

[I] Optimized module 9 for stage 6, comm time has been statically analyzed.
\Time of module 10 (stage 5):
Intra-stage comm time: 0.03008424649015069
Grad sync time: 0

[I] Optimized module 10 for stage 5, comm time has been statically analyzed.
[WARN] Communication size of 'all-reduce' excceeds the maximum profiled size. Linear scaling is applied.
       - Communication size of the operator: 393287680 | Estimated comm time: 0.1331228062019218
       - Max profiled communication size: 267386880 | Comm time: 0.08228549003601074
\Time of module 11 (stage 4):
Intra-stage comm time: 0.0013657003641128485
Grad sync time: 0.1331228062019218

[I] Optimized module 11 for stage 4, comm time has been statically analyzed.
\Time of module 12 (stage 3):
Intra-stage comm time: 0.053827217780053616
Grad sync time: 0

[I] Optimized module 12 for stage 3, comm time has been statically analyzed.
\Time of module 13 (stage 2):
Intra-stage comm time: 0.05338655654340982
Grad sync time: 0

[I] Optimized module 13 for stage 2, comm time has been statically analyzed.
\Time of module 14 (stage 1):
Intra-stage comm time: 0.09035358615219592
Grad sync time: 0

[I] Optimized module 14 for stage 1, comm time has been statically analyzed.
\Time of module 15 (stage 0):
Intra-stage comm time: 0.11107181720435619
Grad sync time: 0

[I] Optimized module 15 for stage 0, comm time has been statically analyzed.
\Time of module 16 (stage 0):
Intra-stage comm time: 0.00019350349903106688
Grad sync time: 0

[I] Optimized module 16 for stage 0, comm time has been statically analyzed.
\Time of module 17 (stage 1):
Intra-stage comm time: 0.00013055279850959778
Grad sync time: 0

[I] Optimized module 17 for stage 1, comm time has been statically analyzed.
\Time of module 18 (stage 2):
Intra-stage comm time: 0.00013055279850959778
Grad sync time: 0

[I] Optimized module 18 for stage 2, comm time has been statically analyzed.
\Time of module 19 (stage 3):
Intra-stage comm time: 0.00013184249401092528
Grad sync time: 0

[I] Optimized module 19 for stage 3, comm time has been statically analyzed.
\Time of module 20 (stage 4):
Intra-stage comm time: 0.06619054194953707
Grad sync time: 0

[I] Optimized module 20 for stage 4, comm time has been statically analyzed.
\Time of module 21 (stage 5):
Intra-stage comm time: 0.0001316666603088379
Grad sync time: 0

[I] Optimized module 21 for stage 5, comm time has been statically analyzed.
[WARN] Communication size of 'all-gather' excceeds the maximum profiled size. Linear scaling is applied.
       - Communication size of the operator: 471859200 | Estimated comm time: 0.08268975067138672
       - Max profiled communication size: 267386880 | Comm time: 0.042454824447631836
\Time of module 22 (stage 6):
Intra-stage comm time: 0.19307800920142065
Grad sync time: 0

[I] Optimized module 22 for stage 6, comm time has been statically analyzed.
[WARN] Communication size of 'all-gather' excceeds the maximum profiled size. Linear scaling is applied.
       - Communication size of the operator: 471859200 | Estimated comm time: 0.08268975067138672
       - Max profiled communication size: 267386880 | Comm time: 0.042454824447631836
[WARN] Communication size of 'all-gather' excceeds the maximum profiled size. Linear scaling is applied.
       - Communication size of the operator: 471859200 | Estimated comm time: 0.08268975067138672
       - Max profiled communication size: 267386880 | Comm time: 0.042454824447631836
\Time of module 23 (stage 7):
Intra-stage comm time: 0.27111198103427886
Grad sync time: 0

[I] Optimized module 23 for stage 7, comm time has been statically analyzed.
[TMP] Memory footprint of the stage 0 is 0.8370564021170139 GB, while the available memory of the XLA device is 35.33237304631621 GB.
[TMP] Memory footprint of the stage 1 is 2.3524642027914524 GB, while the available memory of the XLA device is 35.33237304631621 GB.
[TMP] Memory footprint of the stage 2 is 1.8171715773642063 GB, while the available memory of the XLA device is 35.33237304631621 GB.
[TMP] Memory footprint of the stage 3 is 3.9651823081076145 GB, while the available memory of the XLA device is 35.33237304631621 GB.
[TMP] Memory footprint of the stage 4 is 8.297929767519236 GB, while the available memory of the XLA device is 35.33237304631621 GB.
[TMP] Memory footprint of the stage 5 is 4.755039218813181 GB, while the available memory of the XLA device is 35.33237304631621 GB.
[TMP] Memory footprint of the stage 6 is 23.577818874269724 GB, while the available memory of the XLA device is 35.33237304631621 GB.
[TMP] Memory footprint of the stage 7 is 32.75013170018792 GB, while the available memory of the XLA device is 35.33237304631621 GB.
[I] Only-sharded module 0 for stage 0, constructing entry XLA computation...
[I] Compiling HLO module...
[I] Profiling HLO modules...
    - Iteration 0/5: Kernel execution time: 0.07716132099999999 s.
    - Iteration 1/5: Kernel execution time: 0.07674451800000001 s.
    - Iteration 2/5: Kernel execution time: 0.07759412500000001 s.
    - Iteration 3/5: Kernel execution time: 0.07859262999999998 s.
    - Iteration 4/5: Kernel execution time: 0.078920473 s.
[I] Only-sharded module 1 for stage 1, constructing entry XLA computation...
[I] Compiling HLO module...
[I] Profiling HLO modules...
    - Iteration 0/5: Kernel execution time: 0.093302841 s.
    - Iteration 1/5: Kernel execution time: 0.093985404 s.
    - Iteration 2/5: Kernel execution time: 0.09414038400000001 s.
    - Iteration 3/5: Kernel execution time: 0.09480742700000001 s.
    - Iteration 4/5: Kernel execution time: 0.09566292299999998 s.
[I] Only-sharded module 2 for stage 2, constructing entry XLA computation...
[I] Compiling HLO module...
[I] Profiling HLO modules...
    - Iteration 0/5: Kernel execution time: 0.066497165 s.
    - Iteration 1/5: Kernel execution time: 0.06805724200000002 s.
    - Iteration 2/5: Kernel execution time: 0.06677175300000002 s.
    - Iteration 3/5: Kernel execution time: 0.06642093600000001 s.
    - Iteration 4/5: Kernel execution time: 0.066816271 s.
[I] Only-sharded module 3 for stage 3, constructing entry XLA computation...
[I] Compiling HLO module...
[I] Profiling HLO modules...
    - Iteration 0/5: Kernel execution time: 0.08645880900000001 s.
    - Iteration 1/5: Kernel execution time: 0.08784582999999999 s.
    - Iteration 2/5: Kernel execution time: 0.08802285900000001 s.
    - Iteration 3/5: Kernel execution time: 0.08680697799999999 s.
    - Iteration 4/5: Kernel execution time: 0.088513456 s.
[I] Only-sharded module 4 for stage 4, constructing entry XLA computation...
[I] Compiling HLO module...
[I] Profiling HLO modules...
    - Iteration 0/5: Kernel execution time: 0.117825766 s.
    - Iteration 1/5: Kernel execution time: 0.11764474199999998 s.
    - Iteration 2/5: Kernel execution time: 0.11753616500000003 s.
    - Iteration 3/5: Kernel execution time: 0.11784730100000002 s.
    - Iteration 4/5: Kernel execution time: 0.117899109 s.
[I] Only-sharded module 5 for stage 5, constructing entry XLA computation...
[I] Compiling HLO module...
[I] Profiling HLO modules...
    - Iteration 0/5: Kernel execution time: 0.081285768 s.
    - Iteration 1/5: Kernel execution time: 0.08109437300000001 s.
    - Iteration 2/5: Kernel execution time: 0.081270314 s.
    - Iteration 3/5: Kernel execution time: 0.08018057499999999 s.
    - Iteration 4/5: Kernel execution time: 0.07998911400000001 s.
[I] Only-sharded module 6 for stage 6, constructing entry XLA computation...
[I] Compiling HLO module...
[I] Profiling HLO modules...
    - Iteration 0/5: Kernel execution time: 0.26735571699999994 s.
    - Iteration 1/5: Kernel execution time: 0.26804503400000007 s.
    - Iteration 2/5: Kernel execution time: 0.267911883 s.
    - Iteration 3/5: Kernel execution time: 0.267696326 s.
    - Iteration 4/5: Kernel execution time: 0.26782739800000005 s.
[I] Only-sharded module 7 for stage 7, constructing entry XLA computation...
[I] Compiling HLO module...
[I] Profiling HLO modules...
    - Iteration 0/5: Kernel execution time: 0.342613044 s.
    - Iteration 1/5: Kernel execution time: 0.34375026999999997 s.
    - Iteration 2/5: Kernel execution time: 0.3431247300000001 s.
    - Iteration 3/5: Kernel execution time: 0.34415417700000006 s.
    - Iteration 4/5: Kernel execution time: 0.3437700749999999 s.
[I] Only-sharded module 8 for stage 7, constructing entry XLA computation...
[I] Compiling HLO module...
[I] Profiling HLO modules...
    - Iteration 0/5: Kernel execution time: 0.9937058280000001 s.
    - Iteration 1/5: Kernel execution time: 0.9936105310000001 s.
    - Iteration 2/5: Kernel execution time: 0.9936341460000001 s.
    - Iteration 3/5: Kernel execution time: 0.9937444869999998 s.
    - Iteration 4/5: Kernel execution time: 0.9932984330000001 s.
[I] Only-sharded module 9 for stage 6, constructing entry XLA computation...
[I] Compiling HLO module...
[I] Profiling HLO modules...
    - Iteration 0/5: Kernel execution time: 0.8045053540000001 s.
    - Iteration 1/5: Kernel execution time: 0.8049675970000001 s.
    - Iteration 2/5: Kernel execution time: 0.80553436 s.
    - Iteration 3/5: Kernel execution time: 0.804815763 s.
    - Iteration 4/5: Kernel execution time: 0.8065793579999999 s.
[I] Only-sharded module 10 for stage 5, constructing entry XLA computation...
[I] Compiling HLO module...
[I] Profiling HLO modules...
    - Iteration 0/5: Kernel execution time: 0.28260836300000003 s.
    - Iteration 1/5: Kernel execution time: 0.2822856100000001 s.
    - Iteration 2/5: Kernel execution time: 0.28300977800000005 s.
    - Iteration 3/5: Kernel execution time: 0.28272253899999994 s.
    - Iteration 4/5: Kernel execution time: 0.28262346399999994 s.
[I] Only-sharded module 11 for stage 4, constructing entry XLA computation...
[I] Compiling HLO module...
[I] Profiling HLO modules...
    - Iteration 0/5: Kernel execution time: 0.35284905800000005 s.
    - Iteration 1/5: Kernel execution time: 0.353141699 s.
    - Iteration 2/5: Kernel execution time: 0.35217797900000003 s.
    - Iteration 3/5: Kernel execution time: 0.3509162720000001 s.
    - Iteration 4/5: Kernel execution time: 0.353299908 s.
[I] Only-sharded module 12 for stage 3, constructing entry XLA computation...
[I] Compiling HLO module...
[I] Profiling HLO modules...
    - Iteration 0/5: Kernel execution time: 0.3412043900000002 s.
    - Iteration 1/5: Kernel execution time: 0.3423528409999999 s.
    - Iteration 2/5: Kernel execution time: 0.341319461 s.
    - Iteration 3/5: Kernel execution time: 0.3419750800000001 s.
    - Iteration 4/5: Kernel execution time: 0.3428647529999999 s.
[I] Only-sharded module 13 for stage 2, constructing entry XLA computation...
[I] Compiling HLO module...
[I] Profiling HLO modules...
    - Iteration 0/5: Kernel execution time: 0.22536826199999996 s.
    - Iteration 1/5: Kernel execution time: 0.22671296800000001 s.
    - Iteration 2/5: Kernel execution time: 0.226173967 s.
    - Iteration 3/5: Kernel execution time: 0.22484690899999998 s.
    - Iteration 4/5: Kernel execution time: 0.22560199000000003 s.
[I] Only-sharded module 14 for stage 1, constructing entry XLA computation...
[I] Compiling HLO module...
[I] Profiling HLO modules...
    - Iteration 0/5: Kernel execution time: 0.297568308 s.
    - Iteration 1/5: Kernel execution time: 0.296087587 s.
    - Iteration 2/5: Kernel execution time: 0.29561042899999995 s.
    - Iteration 3/5: Kernel execution time: 0.29619769800000006 s.
    - Iteration 4/5: Kernel execution time: 0.297156498 s.
[I] Only-sharded module 15 for stage 0, constructing entry XLA computation...
[I] Compiling HLO module...
[I] Profiling HLO modules...
    - Iteration 0/5: Kernel execution time: 0.246113619 s.
    - Iteration 1/5: Kernel execution time: 0.24741479500000002 s.
    - Iteration 2/5: Kernel execution time: 0.24531999300000007 s.
    - Iteration 3/5: Kernel execution time: 0.24464023900000006 s.
    - Iteration 4/5: Kernel execution time: 0.2462798969999999 s.
[I] Only-sharded module 16 for stage 0, constructing entry XLA computation...
[I] Compiling HLO module...
[I] Profiling HLO modules...
    - Iteration 0/5: Kernel execution time: 0.000508194 s.
    - Iteration 1/5: Kernel execution time: 0.00050509 s.
    - Iteration 2/5: Kernel execution time: 0.000504326 s.
    - Iteration 3/5: Kernel execution time: 0.0005045500000000001 s.
    - Iteration 4/5: Kernel execution time: 0.000506726 s.
[I] Only-sharded module 17 for stage 1, constructing entry XLA computation...
[I] Compiling HLO module...
[I] Profiling HLO modules...
    - Iteration 0/5: Kernel execution time: 0.0013882360000000002 s.
    - Iteration 1/5: Kernel execution time: 0.001385484 s.
    - Iteration 2/5: Kernel execution time: 0.0013858660000000001 s.
    - Iteration 3/5: Kernel execution time: 0.0013870520000000002 s.
    - Iteration 4/5: Kernel execution time: 0.0013855500000000001 s.
[I] Only-sharded module 18 for stage 2, constructing entry XLA computation...
[I] Compiling HLO module...
[I] Profiling HLO modules...
    - Iteration 0/5: Kernel execution time: 0.0018905480000000001 s.
    - Iteration 1/5: Kernel execution time: 0.0018902580000000001 s.
    - Iteration 2/5: Kernel execution time: 0.001890898 s.
    - Iteration 3/5: Kernel execution time: 0.001889586 s.
    - Iteration 4/5: Kernel execution time: 0.0018857140000000001 s.
[I] Only-sharded module 19 for stage 3, constructing entry XLA computation...
[I] Compiling HLO module...
[I] Profiling HLO modules...
    - Iteration 0/5: Kernel execution time: 0.005494963 s.
    - Iteration 1/5: Kernel execution time: 0.005503476 s.
    - Iteration 2/5: Kernel execution time: 0.00550754 s.
    - Iteration 3/5: Kernel execution time: 0.005498196 s.
    - Iteration 4/5: Kernel execution time: 0.0054989950000000004 s.
[I] Only-sharded module 20 for stage 4, constructing entry XLA computation...
[I] Compiling HLO module...
[I] Profiling HLO modules...
    - Iteration 0/5: Kernel execution time: 0.010851652 s.
    - Iteration 1/5: Kernel execution time: 0.010835557999999999 s.
    - Iteration 2/5: Kernel execution time: 0.010854276 s.
    - Iteration 3/5: Kernel execution time: 0.010832900000000001 s.
    - Iteration 4/5: Kernel execution time: 0.010831684000000001 s.
[I] Only-sharded module 21 for stage 5, constructing entry XLA computation...
[I] Compiling HLO module...
[I] Profiling HLO modules...
    - Iteration 0/5: Kernel execution time: 0.007652488000000001 s.
    - Iteration 1/5: Kernel execution time: 0.007649287 s.
    - Iteration 2/5: Kernel execution time: 0.00764759 s.
    - Iteration 3/5: Kernel execution time: 0.007645639 s.
    - Iteration 4/5: Kernel execution time: 0.007648454000000001 s.
[I] Only-sharded module 22 for stage 6, constructing entry XLA computation...
[I] Compiling HLO module...
[I] Profiling HLO modules...
    - Iteration 0/5: Kernel execution time: 0.031127779 s.
    - Iteration 1/5: Kernel execution time: 0.031184419 s.
    - Iteration 2/5: Kernel execution time: 0.031094915 s.
    - Iteration 3/5: Kernel execution time: 0.031146467 s.
    - Iteration 4/5: Kernel execution time: 0.031124512000000003 s.
[I] Only-sharded module 23 for stage 7, constructing entry XLA computation...
[I] Compiling HLO module...
[I] Profiling HLO modules...
    - Iteration 0/5: Kernel execution time: 0.043748729 s.
    - Iteration 1/5: Kernel execution time: 0.043749782 s.
    - Iteration 2/5: Kernel execution time: 0.043742841000000005 s.
    - Iteration 3/5: Kernel execution time: 0.04375583300000001 s.
    - Iteration 4/5: Kernel execution time: 0.043745209 s.
[I] Constructing single-device HLO modules concurrently takes 0.011304855346679688 s.
[I] Compile single-device HLO modules concurrently takes 1.054455280303955 s.
[I] Profile all compiled sequentially on one GPU takes 53.256632804870605 s.
[I] Estimated e2e pipeline iteration time is: 33.59165982234161 s.
    - Kernel computation time is: -1.0 s.
    - Communication time is: -1.0 s.
    - Cross-stages communication time is: -1.0 s.
