
[I] Loading Crius kernel-level profiler...
[TMP] Profiling results not found in `None`, creating it...

[I] Loading model and generating sharded HLO module...
[I] Initializing XLA devices takes 0.6534786224365234 s.
[I] Loading flax model....
[I] Model 'wide_resnet' loads sucessfully. Model Info: 

WideResNet(
    # attributes
    stage_sizes = [3, 4, 6, 3]
    block_cls = BottleneckResNetBlock
    num_classes = 1024
    num_filters = 640
    width_factor = 2
    dtype = float32
    act = relu
) 

[I] Initialize training state...
[I] Training state initialization is completed.
[I] Constructing general train step func...
[I] General train step func construction is completed.
[I] Model has been loaded, begin Jaxpr transformation...

[I] Pipeline partition mode: forced | Layer-to-stage partition: [[0, 1], [2, 3], [4, 5], [6, 7], [8, 9], [10, 11], [12, 13], [14, 15]]
[I] Pipeline partition mode: auto | Cell-generated physical mesh shapes: [(1, 2), (1, 2), (1, 2), (1, 2), (1, 2), (1, 2), (1, 2), (1, 2)]
[I] Loading model and transform to Jaxpr stages takes 14.526811599731445 s.
[I] The GPU sharding of pipeline stages is: [2, 2, 2, 2, 2, 2, 2, 2]
[I] Pipeline partition mode: auto | Parallel enum mode: auto | Parallel plans: [[StageShape(type='single', stage_shape=(1, 2), layer_shape=None), StageShape(type='single', stage_shape=(1, 2), layer_shape=None), StageShape(type='single', stage_shape=(1, 2), layer_shape=None), StageShape(type='single', stage_shape=(1, 2), layer_shape=None), StageShape(type='single', stage_shape=(1, 2), layer_shape=None), StageShape(type='single', stage_shape=(2, 1), layer_shape=None), StageShape(type='single', stage_shape=(2, 1), layer_shape=None), StageShape(type='single', stage_shape=(1, 2), layer_shape=None)]]

[I] (Parallel plan idx: 0) Sharding stages...
[I] Sharding stages takes 8.042862892150879 s.
[I] (Parallel plan idx: 0) SPMD partitioning and compiling (kernel fusing) HLO stages...
[I] SPMD partitioning and pre-compiling HLO modules concurrently takes 3.070988416671753 s.

[I] All parallel plans in the cell have been sharded and compiled.
[TMP] Writing only-sharded HLO text to '/home/cyxue/Projects/crius/Crius/runtime/jaxpr/tmp/wide_resnet_4B_256_sharded_stages.pkl'...
[TMP] Writing optimized HLO text to '/home/cyxue/Projects/crius/Crius/runtime/jaxpr/tmp/wide_resnet_4B_256_optimized_stages.pkl'...
[TMP] Writing inter-stages communicated vars to '/home/cyxue/Projects/crius/Crius/runtime/jaxpr/tmp/wide_resnet_4B_256_inter_stages_comm_vars.pkl'

[I] Parallel plan idx: 0 | Parallelism: [(1, 2), (1, 2), (1, 2), (1, 2), (1, 2), (2, 1), (2, 1), (1, 2)]

[I] (Parallel plan idx: 0) Parsing HLO texts and profiling XLA operators...
[I] Pipeline partition mode: auto | Preset physical mesh shapes: [(1, 2), (1, 2), (1, 2), (1, 2), (1, 2), (1, 2), (1, 2), (1, 2)]
[TMP] Loading offline profiled communication data: `1_a40_1_n_2_d_ib.pkl`...
[TMP] Loading offline profiled communication data: `2_a40_2_n_1_d_ib.pkl`...
\Time of module 0 (stage 0):
Intra-stage comm time: 0.04816402653232217
Grad sync time: 0

[I] Optimized module 0 for stage 0, comm time has been statically analyzed.
\Time of module 1 (stage 1):
Intra-stage comm time: 0.057498734910041094
Grad sync time: 0

[I] Optimized module 1 for stage 1, comm time has been statically analyzed.
\Time of module 2 (stage 2):
Intra-stage comm time: 0.022961602732539173
Grad sync time: 0

[I] Optimized module 2 for stage 2, comm time has been statically analyzed.
\Time of module 3 (stage 3):
Intra-stage comm time: 0.03253108970820904
Grad sync time: 0

[I] Optimized module 3 for stage 3, comm time has been statically analyzed.
\Time of module 4 (stage 4):
Intra-stage comm time: 0.013578391913324595
Grad sync time: 0

[I] Optimized module 4 for stage 4, comm time has been statically analyzed.
\Time of module 5 (stage 5):
Intra-stage comm time: 0.0007000371813774108
Grad sync time: 0

[I] Optimized module 5 for stage 5, comm time has been statically analyzed.
\Time of module 6 (stage 6):
Intra-stage comm time: 0.0007482144981622695
Grad sync time: 0

[I] Optimized module 6 for stage 6, comm time has been statically analyzed.
\Time of module 7 (stage 7):
Intra-stage comm time: 0.007966617587953806
Grad sync time: 0

[I] Optimized module 7 for stage 7, comm time has been statically analyzed.
\Time of module 8 (stage 7):
Intra-stage comm time: 0.01476860653433505
Grad sync time: 0

[I] Optimized module 8 for stage 7, comm time has been statically analyzed.
[WARN] Communication size of 'all-reduce' excceeds the maximum profiled size. Linear scaling is applied.
       - Communication size of the operator: 1140433920 | Estimated comm time: 0.5139975713675067
       - Max profiled communication size: 267386880 | Comm time: 0.08228549003601074
\Time of module 9 (stage 6):
Intra-stage comm time: 0.0014615632593631966
Grad sync time: 0.5139975713675067

[I] Optimized module 9 for stage 6, comm time has been statically analyzed.
[WARN] Communication size of 'all-reduce' excceeds the maximum profiled size. Linear scaling is applied.
       - Communication size of the operator: 393287680 | Estimated comm time: 0.1331228062019218
       - Max profiled communication size: 267386880 | Comm time: 0.08228549003601074
\Time of module 10 (stage 5):
Intra-stage comm time: 0.0013657003641128485
Grad sync time: 0.1331228062019218

[I] Optimized module 10 for stage 5, comm time has been statically analyzed.
\Time of module 11 (stage 4):
Intra-stage comm time: 0.03008424649015069
Grad sync time: 0

[I] Optimized module 11 for stage 4, comm time has been statically analyzed.
\Time of module 12 (stage 3):
Intra-stage comm time: 0.053827217780053616
Grad sync time: 0

[I] Optimized module 12 for stage 3, comm time has been statically analyzed.
\Time of module 13 (stage 2):
Intra-stage comm time: 0.05338655654340982
Grad sync time: 0

[I] Optimized module 13 for stage 2, comm time has been statically analyzed.
\Time of module 14 (stage 1):
Intra-stage comm time: 0.09035358615219592
Grad sync time: 0

[I] Optimized module 14 for stage 1, comm time has been statically analyzed.
\Time of module 15 (stage 0):
Intra-stage comm time: 0.11107181720435619
Grad sync time: 0

[I] Optimized module 15 for stage 0, comm time has been statically analyzed.
\Time of module 16 (stage 0):
Intra-stage comm time: 0.00019350349903106688
Grad sync time: 0

[I] Optimized module 16 for stage 0, comm time has been statically analyzed.
\Time of module 17 (stage 1):
Intra-stage comm time: 0.00013055279850959778
Grad sync time: 0

[I] Optimized module 17 for stage 1, comm time has been statically analyzed.
\Time of module 18 (stage 2):
Intra-stage comm time: 0.00013055279850959778
Grad sync time: 0

[I] Optimized module 18 for stage 2, comm time has been statically analyzed.
\Time of module 19 (stage 3):
Intra-stage comm time: 0.00013184249401092528
Grad sync time: 0

[I] Optimized module 19 for stage 3, comm time has been statically analyzed.
\Time of module 20 (stage 4):
Intra-stage comm time: 0.0001316666603088379
Grad sync time: 0

[I] Optimized module 20 for stage 4, comm time has been statically analyzed.
\Time of module 21 (stage 5):
Intra-stage comm time: 0.06619054194953707
Grad sync time: 0

[I] Optimized module 21 for stage 5, comm time has been statically analyzed.
[WARN] Communication size of 'all-gather' excceeds the maximum profiled size. Linear scaling is applied.
       - Communication size of the operator: 471859200 | Estimated comm time: 0.08268975067138672
       - Max profiled communication size: 267386880 | Comm time: 0.042454824447631836
\Time of module 22 (stage 6):
Intra-stage comm time: 0.19307800920142065
Grad sync time: 0

[I] Optimized module 22 for stage 6, comm time has been statically analyzed.
\Time of module 23 (stage 7):
Intra-stage comm time: 0.00013201832771301267
Grad sync time: 0

[I] Optimized module 23 for stage 7, comm time has been statically analyzed.
[TMP] Memory footprint of the stage 0 is 0.8370564021170139 GB, while the available memory of the XLA device is 35.33237304631621 GB.
[TMP] Memory footprint of the stage 1 is 2.3524642027914524 GB, while the available memory of the XLA device is 35.33237304631621 GB.
[TMP] Memory footprint of the stage 2 is 1.8171715773642063 GB, while the available memory of the XLA device is 35.33237304631621 GB.
[TMP] Memory footprint of the stage 3 is 3.9651823081076145 GB, while the available memory of the XLA device is 35.33237304631621 GB.
[TMP] Memory footprint of the stage 4 is 4.755020145326853 GB, while the available memory of the XLA device is 35.33237304631621 GB.
[TMP] Memory footprint of the stage 5 is 8.297967914491892 GB, while the available memory of the XLA device is 35.33237304631621 GB.
[TMP] Memory footprint of the stage 6 is 23.577818874269724 GB, while the available memory of the XLA device is 35.33237304631621 GB.
[TMP] Memory footprint of the stage 7 is 17.90554443374276 GB, while the available memory of the XLA device is 35.33237304631621 GB.
[I] Only-sharded module 0 for stage 0, constructing entry XLA computation...
[I] Compiling HLO module...
[I] Profiling HLO modules...
    - Iteration 0/5: Kernel execution time: 0.07714266499999999 s.
    - Iteration 1/5: Kernel execution time: 0.077135972 s.
    - Iteration 2/5: Kernel execution time: 0.07692518999999998 s.
    - Iteration 3/5: Kernel execution time: 0.077565901 s.
    - Iteration 4/5: Kernel execution time: 0.078915062 s.
[I] Only-sharded module 1 for stage 1, constructing entry XLA computation...
[I] Compiling HLO module...
[I] Profiling HLO modules...
    - Iteration 0/5: Kernel execution time: 0.09443542599999999 s.
    - Iteration 1/5: Kernel execution time: 0.09460867099999998 s.
    - Iteration 2/5: Kernel execution time: 0.095235081 s.
    - Iteration 3/5: Kernel execution time: 0.09469702399999999 s.
    - Iteration 4/5: Kernel execution time: 0.09380021900000002 s.
[I] Only-sharded module 2 for stage 2, constructing entry XLA computation...
[I] Compiling HLO module...
[I] Profiling HLO modules...
    - Iteration 0/5: Kernel execution time: 0.06771870900000002 s.
    - Iteration 1/5: Kernel execution time: 0.067744277 s.
    - Iteration 2/5: Kernel execution time: 0.068604093 s.
    - Iteration 3/5: Kernel execution time: 0.06775035700000001 s.
    - Iteration 4/5: Kernel execution time: 0.065319682 s.
[I] Only-sharded module 3 for stage 3, constructing entry XLA computation...
[I] Compiling HLO module...
[I] Profiling HLO modules...
    - Iteration 0/5: Kernel execution time: 0.08763933100000001 s.
    - Iteration 1/5: Kernel execution time: 0.087972039 s.
    - Iteration 2/5: Kernel execution time: 0.088256453 s.
    - Iteration 3/5: Kernel execution time: 0.08876391600000001 s.
    - Iteration 4/5: Kernel execution time: 0.08820471199999998 s.
[I] Only-sharded module 4 for stage 4, constructing entry XLA computation...
[I] Compiling HLO module...
[I] Profiling HLO modules...
    - Iteration 0/5: Kernel execution time: 0.08175383400000003 s.
    - Iteration 1/5: Kernel execution time: 0.08190641400000001 s.
    - Iteration 2/5: Kernel execution time: 0.08150045700000003 s.
    - Iteration 3/5: Kernel execution time: 0.08168676000000001 s.
    - Iteration 4/5: Kernel execution time: 0.081828141 s.
[I] Only-sharded module 5 for stage 5, constructing entry XLA computation...
[I] Compiling HLO module...
[I] Profiling HLO modules...
    - Iteration 0/5: Kernel execution time: 0.11723299500000002 s.
    - Iteration 1/5: Kernel execution time: 0.11798029600000003 s.
    - Iteration 2/5: Kernel execution time: 0.11822394600000001 s.
    - Iteration 3/5: Kernel execution time: 0.117061152 s.
    - Iteration 4/5: Kernel execution time: 0.116839997 s.
[I] Only-sharded module 6 for stage 6, constructing entry XLA computation...
[I] Compiling HLO module...
[I] Profiling HLO modules...
    - Iteration 0/5: Kernel execution time: 0.268392843 s.
    - Iteration 1/5: Kernel execution time: 0.268575406 s.
    - Iteration 2/5: Kernel execution time: 0.26824752799999996 s.
    - Iteration 3/5: Kernel execution time: 0.267908806 s.
    - Iteration 4/5: Kernel execution time: 0.26850810700000005 s.
[I] Only-sharded module 7 for stage 7, constructing entry XLA computation...
[I] Compiling HLO module...
[I] Profiling HLO modules...
    - Iteration 0/5: Kernel execution time: 0.16041465 s.
    - Iteration 1/5: Kernel execution time: 0.16050277999999998 s.
    - Iteration 2/5: Kernel execution time: 0.16053865299999998 s.
    - Iteration 3/5: Kernel execution time: 0.16059817399999998 s.
    - Iteration 4/5: Kernel execution time: 0.160683582 s.
[I] Only-sharded module 8 for stage 7, constructing entry XLA computation...
[I] Compiling HLO module...
[I] Profiling HLO modules...
    - Iteration 0/5: Kernel execution time: 0.7322012710000002 s.
    - Iteration 1/5: Kernel execution time: 0.7306387610000001 s.
    - Iteration 2/5: Kernel execution time: 0.7301497990000003 s.
    - Iteration 3/5: Kernel execution time: 0.7310164600000001 s.
    - Iteration 4/5: Kernel execution time: 0.7315753140000002 s.
[I] Only-sharded module 9 for stage 6, constructing entry XLA computation...
[I] Compiling HLO module...
[I] Profiling HLO modules...
    - Iteration 0/5: Kernel execution time: 0.8072471200000002 s.
    - Iteration 1/5: Kernel execution time: 0.8053607060000001 s.
    - Iteration 2/5: Kernel execution time: 0.8059733519999998 s.
    - Iteration 3/5: Kernel execution time: 0.805861956 s.
    - Iteration 4/5: Kernel execution time: 0.804836413 s.
[I] Only-sharded module 10 for stage 5, constructing entry XLA computation...
[I] Compiling HLO module...
[I] Profiling HLO modules...
    - Iteration 0/5: Kernel execution time: 0.352569803 s.
    - Iteration 1/5: Kernel execution time: 0.3525960130000001 s.
    - Iteration 2/5: Kernel execution time: 0.35120509299999997 s.
    - Iteration 3/5: Kernel execution time: 0.3521650009999999 s.
    - Iteration 4/5: Kernel execution time: 0.35165622799999996 s.
[I] Only-sharded module 11 for stage 4, constructing entry XLA computation...
[I] Compiling HLO module...
[I] Profiling HLO modules...
    - Iteration 0/5: Kernel execution time: 0.28432294999999996 s.
    - Iteration 1/5: Kernel execution time: 0.28364198899999993 s.
    - Iteration 2/5: Kernel execution time: 0.28787761100000003 s.
    - Iteration 3/5: Kernel execution time: 0.284591722 s.
    - Iteration 4/5: Kernel execution time: 0.28422548400000003 s.
[I] Only-sharded module 12 for stage 3, constructing entry XLA computation...
[I] Compiling HLO module...
[I] Profiling HLO modules...
    - Iteration 0/5: Kernel execution time: 0.34038103300000006 s.
    - Iteration 1/5: Kernel execution time: 0.3416233230000001 s.
    - Iteration 2/5: Kernel execution time: 0.341265324 s.
    - Iteration 3/5: Kernel execution time: 0.34140238200000006 s.
    - Iteration 4/5: Kernel execution time: 0.34052784799999986 s.
[I] Only-sharded module 13 for stage 2, constructing entry XLA computation...
[I] Compiling HLO module...
[I] Profiling HLO modules...
    - Iteration 0/5: Kernel execution time: 0.22684934900000006 s.
    - Iteration 1/5: Kernel execution time: 0.22535781400000005 s.
    - Iteration 2/5: Kernel execution time: 0.225380117 s.
    - Iteration 3/5: Kernel execution time: 0.22521861899999998 s.
    - Iteration 4/5: Kernel execution time: 0.22450078199999995 s.
[I] Only-sharded module 14 for stage 1, constructing entry XLA computation...
[I] Compiling HLO module...
[I] Profiling HLO modules...
    - Iteration 0/5: Kernel execution time: 0.2969511399999999 s.
    - Iteration 1/5: Kernel execution time: 0.29296066800000004 s.
    - Iteration 2/5: Kernel execution time: 0.2949421880000001 s.
    - Iteration 3/5: Kernel execution time: 0.2940005749999998 s.
    - Iteration 4/5: Kernel execution time: 0.29700950499999995 s.
[I] Only-sharded module 15 for stage 0, constructing entry XLA computation...
[I] Compiling HLO module...
[I] Profiling HLO modules...
    - Iteration 0/5: Kernel execution time: 0.24737106900000008 s.
    - Iteration 1/5: Kernel execution time: 0.244087997 s.
    - Iteration 2/5: Kernel execution time: 0.24419823499999999 s.
    - Iteration 3/5: Kernel execution time: 0.24427225099999994 s.
    - Iteration 4/5: Kernel execution time: 0.24674830599999992 s.
[I] Only-sharded module 16 for stage 0, constructing entry XLA computation...
[I] Compiling HLO module...
[I] Profiling HLO modules...
    - Iteration 0/5: Kernel execution time: 0.000508004 s.
    - Iteration 1/5: Kernel execution time: 0.000509957 s.
    - Iteration 2/5: Kernel execution time: 0.000510309 s.
    - Iteration 3/5: Kernel execution time: 0.0005093820000000001 s.
    - Iteration 4/5: Kernel execution time: 0.000508421 s.
[I] Only-sharded module 17 for stage 1, constructing entry XLA computation...
[I] Compiling HLO module...
[I] Profiling HLO modules...
    - Iteration 0/5: Kernel execution time: 0.00138494 s.
    - Iteration 1/5: Kernel execution time: 0.00138318 s.
    - Iteration 2/5: Kernel execution time: 0.001388174 s.
    - Iteration 3/5: Kernel execution time: 0.001386633 s.
    - Iteration 4/5: Kernel execution time: 0.001384204 s.
[I] Only-sharded module 18 for stage 2, constructing entry XLA computation...
[I] Compiling HLO module...
[I] Profiling HLO modules...
    - Iteration 0/5: Kernel execution time: 0.0018937130000000002 s.
    - Iteration 1/5: Kernel execution time: 0.001891761 s.
    - Iteration 2/5: Kernel execution time: 0.0018924660000000002 s.
    - Iteration 3/5: Kernel execution time: 0.001894738 s.
    - Iteration 4/5: Kernel execution time: 0.0018940329999999998 s.
[I] Only-sharded module 19 for stage 3, constructing entry XLA computation...
[I] Compiling HLO module...
[I] Profiling HLO modules...
    - Iteration 0/5: Kernel execution time: 0.005500435000000001 s.
    - Iteration 1/5: Kernel execution time: 0.005497682 s.
    - Iteration 2/5: Kernel execution time: 0.005494452 s.
    - Iteration 3/5: Kernel execution time: 0.005501364 s.
    - Iteration 4/5: Kernel execution time: 0.005494003 s.
[I] Only-sharded module 20 for stage 4, constructing entry XLA computation...
[I] Compiling HLO module...
[I] Profiling HLO modules...
    - Iteration 0/5: Kernel execution time: 0.007651399 s.
    - Iteration 1/5: Kernel execution time: 0.0076565190000000005 s.
    - Iteration 2/5: Kernel execution time: 0.007646149000000001 s.
    - Iteration 3/5: Kernel execution time: 0.007654215000000001 s.
    - Iteration 4/5: Kernel execution time: 0.007648455 s.
[I] Only-sharded module 21 for stage 5, constructing entry XLA computation...
[I] Compiling HLO module...
[I] Profiling HLO modules...
    - Iteration 0/5: Kernel execution time: 0.010841414 s.
    - Iteration 1/5: Kernel execution time: 0.010854501000000003 s.
    - Iteration 2/5: Kernel execution time: 0.010837347 s.
    - Iteration 3/5: Kernel execution time: 0.010853955 s.
    - Iteration 4/5: Kernel execution time: 0.010824804 s.
[I] Only-sharded module 22 for stage 6, constructing entry XLA computation...
[I] Compiling HLO module...
[I] Profiling HLO modules...
    - Iteration 0/5: Kernel execution time: 0.031098334999999998 s.
    - Iteration 1/5: Kernel execution time: 0.031119582000000003 s.
    - Iteration 2/5: Kernel execution time: 0.031106558 s.
    - Iteration 3/5: Kernel execution time: 0.031100224000000003 s.
    - Iteration 4/5: Kernel execution time: 0.031110942000000003 s.
[I] Only-sharded module 23 for stage 7, constructing entry XLA computation...
[I] Compiling HLO module...
[I] Profiling HLO modules...
    - Iteration 0/5: Kernel execution time: 0.031166239000000002 s.
    - Iteration 1/5: Kernel execution time: 0.031172096000000003 s.
    - Iteration 2/5: Kernel execution time: 0.03115184 s.
    - Iteration 3/5: Kernel execution time: 0.031133985000000003 s.
    - Iteration 4/5: Kernel execution time: 0.031171201000000003 s.
[I] Constructing single-device HLO modules concurrently takes 0.010736465454101562 s.
[I] Compile single-device HLO modules concurrently takes 1.1803205013275146 s.
[I] Profile all compiled sequentially on one GPU takes 48.52739429473877 s.
[I] Estimated e2e pipeline iteration time is: 28.29192555294897 s.
    - Kernel computation time is: -1.0 s.
    - Communication time is: -1.0 s.
    - Cross-stages communication time is: -1.0 s.
