[I] Ray Cluster & Alpa backend initialization is completed.
[I] Device Info:
    - Devices num per node: 1
    - Nodes num: 1
[I] Loading flax model....
[I] Model 'wide_resnet' loads sucessfully. Model Info: 

WideResNet(
    # attributes
    stage_sizes = [3, 4, 6, 3]
    block_cls = BottleneckResNetBlock
    num_classes = 1024
    num_filters = 224
    width_factor = 2
    dtype = float32
    act = relu
) 

[I] Dump debug file path: ./profile_result/debug/1_nodes_1_devices_per_node/1_a40/wide_resnet_none/bs_1024_nmb_16_pln_16_param_num_500M
[I] Manually construct dummy batch with the shape of (1024, 224, 224, 3).
[I] Initialize training state...
[I] Training state initialization is completed.
[I] Constructing Alpa parallelized train step func...
[I] Alpa parallelized train step func construction is completed.
-------------------- Automatic stage clustering --------------------
submesh_choices: ((1, 1),)
- Profiling for submesh 0 (1, 1):
- Generate all stage infos (Jaxpr -> HLO)
- Compile all stages
- Profile all stages
result[(0, 15, 0, 0), 1] = ModuleProfileResult(compute_cost=0.000, peak_memory=13.611 GB, invar_size=8.079 GB, outvar_size=1.844 GB, temp_buffer_size=5.533 GB, available_memory=35.130 GB)
result[(0, 15, 0, 0), 0] = ModuleProfileResult(compute_cost=0.000, peak_memory=9.200 GB, invar_size=1.882 GB, outvar_size=4.355 GB, temp_buffer_size=2.964 GB, available_memory=35.130 GB)
result[(0, 15, 0, 1), 1] = ModuleProfileResult(compute_cost=0.000, peak_memory=13.611 GB, invar_size=8.079 GB, outvar_size=1.844 GB, temp_buffer_size=5.533 GB, available_memory=35.130 GB)
result[(0, 15, 0, 1), 0] = ModuleProfileResult(compute_cost=0.000, peak_memory=9.200 GB, invar_size=1.882 GB, outvar_size=4.355 GB, temp_buffer_size=2.964 GB, available_memory=35.130 GB)
Profiling for submesh 0 (1, 1) takes 30.88 seconds
--------------------------------------------------
Profile result saved to: ./profile_result/profile-results-2023-10-30-23-10-36.npy
----------------------------------------------------------------------
Result forward_stage_layer_ids: [[0, 1, 2, 3, 4, 5, 6, 7, 8, 9, 10, 11, 12, 13, 14, 15]]
Result mesh_shapes: [(1, 1)]
Result logical_mesh_shapes: [(1, 1)]
Result autosharding_option_dicts: [{}]
 - Compile (driver): 48.02 s
compilation time breakdown: {'stage-construction': '32.69', 'stage-construction-dp': '1.09', 'stage-construction-compilation': '3.39', 'stage-construction-profiling': '24.06'}
 - Compile (worker): 24.31 s
[I] Ready to perform training process.
[I] Benchmark the training process with entire dataset and profile with driver overhead...
    - Iteration 1 / 2 is performed...
 - Benchmark: 115.90 s

[I] Performance metrics:
 - Iteration count: 2.
 - Total e2e training time : 115.892 s.
 - Average e2e iteration time: 57.94600296020508 s.
 - Total local training time: 109.19000244140625 s.
 - Average local iteration time: 54.595001220703125 s.
 - Max allocated memory among devices: 15.996 GB.
 - Compilation times:  {'stage-construction': 32.69305419921875, 'stage-construction-dp': 1.0880098342895508, 'stage-construction-compilation': 3.3949553966522217, 'stage-construction-profiling': 24.064604997634888}
 - Metadata:  []
 - Is need save result:  True

