
[I] Loading Crius kernel-level profiler...
[TMP] Profiling results not found in `None`, creating it...

[I] Loading model and generating sharded HLO module...
[I] Initializing XLA devices takes 0.3885366916656494 s.
[I] Loading flax model....
[I] Model 'wide_resnet' loads sucessfully. Model Info: 

WideResNet(
    # attributes
    stage_sizes = [3, 4, 6, 3]
    block_cls = BottleneckResNetBlock
    num_classes = 1024
    num_filters = 640
    width_factor = 2
    dtype = float32
    act = relu
) 

[I] Initialize training state...
[I] Training state initialization is completed.
[I] Constructing general train step func...
[I] General train step func construction is completed.
[I] Model has been loaded, begin Jaxpr transformation...


Layer 0:
Eqn 2 in layer 0: Primitive: conv_general_dilated | FLOPs (GB): 34.63462829589844 | Memory access (GB): 0.4878382682800293 | Attainable performance: 37400 | Computation load: 0.0009260595801042363
Eqn 27 in layer 0: Primitive: custom_jvp_call | FLOPs (GB): 0.11962890625 | Memory access (GB): 1.9140625 | Attainable performance: 43.5 | Computation load: 0.0027500897988505745
Eqn 29 in layer 0: Primitive: conv_general_dilated | FLOPs (GB): 38.28125 | Memory access (GB): 0.24078369140625 | Attainable performance: 37400 | Computation load: 0.001023562834224599
Eqn 54 in layer 0: Primitive: custom_jvp_call | FLOPs (GB): 0.0299072265625 | Memory access (GB): 0.478515625 | Attainable performance: 43.5 | Computation load: 0.0006875224497126436
Eqn 55 in layer 0: Primitive: conv_general_dilated | FLOPs (GB): 672.75390625 | Memory access (GB): 0.3863525390625 | Attainable performance: 37400 | Computation load: 0.017988072359625667
Eqn 80 in layer 0: Primitive: custom_jvp_call | FLOPs (GB): 0.059814453125 | Memory access (GB): 0.95703125 | Attainable performance: 43.5 | Computation load: 0.0013750448994252872
Eqn 89 in layer 0: Primitive: remat2 | FLOPs (GB): 2202.5242614746094 | Memory access (GB): 5.249663352966309 | Attainable performance: 37400 | Computation load: 0.05889102303408046
Layer computation load: 0.08364137495602347

Layer 1:
Eqn 1 in layer 1: Primitive: conv_general_dilated | FLOPs (GB): 306.25 | Memory access (GB): 0.72998046875 | Attainable performance: 37400 | Computation load: 0.008188502673796791
Eqn 26 in layer 1: Primitive: conv_general_dilated | FLOPs (GB): 153.125 | Memory access (GB): 0.604248046875 | Attainable performance: 37400 | Computation load: 0.004094251336898396
Eqn 52 in layer 1: Primitive: custom_jvp_call | FLOPs (GB): 0.11962890625 | Memory access (GB): 1.9140625 | Attainable performance: 43.5 | Computation load: 0.0027500897988505745
Eqn 53 in layer 1: Primitive: conv_general_dilated | FLOPs (GB): 153.125 | Memory access (GB): 0.604248046875 | Attainable performance: 37400 | Computation load: 0.004094251336898396
Eqn 78 in layer 1: Primitive: custom_jvp_call | FLOPs (GB): 0.0299072265625 | Memory access (GB): 0.478515625 | Attainable performance: 43.5 | Computation load: 0.0006875224497126436
Eqn 79 in layer 1: Primitive: conv_general_dilated | FLOPs (GB): 672.75390625 | Memory access (GB): 0.3863525390625 | Attainable performance: 37400 | Computation load: 0.017988072359625667
Eqn 104 in layer 1: Primitive: custom_jvp_call | FLOPs (GB): 0.059814453125 | Memory access (GB): 0.95703125 | Attainable performance: 43.5 | Computation load: 0.0013750448994252872
Eqn 105 in layer 1: Primitive: conv_general_dilated | FLOPs (GB): 306.25 | Memory access (GB): 0.72998046875 | Attainable performance: 37400 | Computation load: 0.008188502673796791
Eqn 143 in layer 1: Primitive: remat2 | FLOPs (GB): 4774.7210693359375 | Memory access (GB): 12.5140380859375 | Attainable performance: 37400 | Computation load: 0.1276663387522978
Layer computation load: 0.17503257628130234

Layer 2:
Eqn 1 in layer 2: Primitive: custom_jvp_call | FLOPs (GB): 0.11962890625 | Memory access (GB): 1.9140625 | Attainable performance: 43.5 | Computation load: 0.0027500897988505745
Eqn 2 in layer 2: Primitive: conv_general_dilated | FLOPs (GB): 153.125 | Memory access (GB): 0.604248046875 | Attainable performance: 37400 | Computation load: 0.004094251336898396
Eqn 27 in layer 2: Primitive: custom_jvp_call | FLOPs (GB): 0.0299072265625 | Memory access (GB): 0.478515625 | Attainable performance: 43.5 | Computation load: 0.0006875224497126436
Eqn 28 in layer 2: Primitive: conv_general_dilated | FLOPs (GB): 672.75390625 | Memory access (GB): 0.3863525390625 | Attainable performance: 37400 | Computation load: 0.017988072359625667
Eqn 53 in layer 2: Primitive: custom_jvp_call | FLOPs (GB): 0.059814453125 | Memory access (GB): 0.95703125 | Attainable performance: 43.5 | Computation load: 0.0013750448994252872
Eqn 54 in layer 2: Primitive: conv_general_dilated | FLOPs (GB): 306.25 | Memory access (GB): 0.72998046875 | Attainable performance: 37400 | Computation load: 0.008188502673796791
Eqn 80 in layer 2: Primitive: custom_jvp_call | FLOPs (GB): 0.11962890625 | Memory access (GB): 1.9140625 | Attainable performance: 43.5 | Computation load: 0.0027500897988505745
Eqn 89 in layer 2: Primitive: remat2 | FLOPs (GB): 3396.5960693359375 | Memory access (GB): 8.5113525390625 | Attainable performance: 37400 | Computation load: 0.09081807672021223
Layer computation load: 0.12865165003737217

Layer 3:
Eqn 1 in layer 3: Primitive: conv_general_dilated | FLOPs (GB): 306.25 | Memory access (GB): 0.72998046875 | Attainable performance: 37400 | Computation load: 0.008188502673796791
Eqn 26 in layer 3: Primitive: custom_jvp_call | FLOPs (GB): 0.059814453125 | Memory access (GB): 0.95703125 | Attainable performance: 43.5 | Computation load: 0.0013750448994252872
Eqn 27 in layer 3: Primitive: conv_general_dilated | FLOPs (GB): 672.75390625 | Memory access (GB): 0.46875 | Attainable performance: 37400 | Computation load: 0.017988072359625667
Eqn 52 in layer 3: Primitive: custom_jvp_call | FLOPs (GB): 0.0299072265625 | Memory access (GB): 0.478515625 | Attainable performance: 43.5 | Computation load: 0.0006875224497126436
Eqn 53 in layer 3: Primitive: conv_general_dilated | FLOPs (GB): 306.25 | Memory access (GB): 0.40771484375 | Attainable performance: 37400 | Computation load: 0.008188502673796791
Eqn 78 in layer 3: Primitive: conv_general_dilated | FLOPs (GB): 306.25 | Memory access (GB): 0.7666015625 | Attainable performance: 37400 | Computation load: 0.008188502673796791
Eqn 114 in layer 3: Primitive: remat2 | FLOPs (GB): 4774.6014404296875 | Memory access (GB): 8.5546875 | Attainable performance: 37400 | Computation load: 0.12766314011844085
Layer computation load: 0.1722792878485948

Layer 4:
Eqn 1 in layer 4: Primitive: custom_jvp_call | FLOPs (GB): 0.059814453125 | Memory access (GB): 0.95703125 | Attainable performance: 43.5 | Computation load: 0.0013750448994252872
Eqn 2 in layer 4: Primitive: conv_general_dilated | FLOPs (GB): 153.125 | Memory access (GB): 0.323486328125 | Attainable performance: 37400 | Computation load: 0.004094251336898396
Eqn 27 in layer 4: Primitive: custom_jvp_call | FLOPs (GB): 0.01495361328125 | Memory access (GB): 0.2392578125 | Attainable performance: 43.5 | Computation load: 0.0003437612248563218
Eqn 28 in layer 4: Primitive: conv_general_dilated | FLOPs (GB): 656.640625 | Memory access (GB): 0.289306640625 | Attainable performance: 37400 | Computation load: 0.017557235962566847
Eqn 53 in layer 4: Primitive: custom_jvp_call | FLOPs (GB): 0.0299072265625 | Memory access (GB): 0.478515625 | Attainable performance: 43.5 | Computation load: 0.0006875224497126436
Eqn 54 in layer 4: Primitive: conv_general_dilated | FLOPs (GB): 306.25 | Memory access (GB): 0.40771484375 | Attainable performance: 37400 | Computation load: 0.008188502673796791
Eqn 88 in layer 4: Primitive: remat2 | FLOPs (GB): 3348.1515502929688 | Memory access (GB): 4.736328125 | Attainable performance: 37400 | Computation load: 0.08952276872441092
Layer computation load: 0.12176908727166721

Layer 5:
Eqn 1 in layer 5: Primitive: custom_jvp_call | FLOPs (GB): 0.059814453125 | Memory access (GB): 0.95703125 | Attainable performance: 43.5 | Computation load: 0.0013750448994252872
Eqn 2 in layer 5: Primitive: conv_general_dilated | FLOPs (GB): 153.125 | Memory access (GB): 0.323486328125 | Attainable performance: 37400 | Computation load: 0.004094251336898396
Eqn 27 in layer 5: Primitive: custom_jvp_call | FLOPs (GB): 0.01495361328125 | Memory access (GB): 0.2392578125 | Attainable performance: 43.5 | Computation load: 0.0003437612248563218
Eqn 28 in layer 5: Primitive: conv_general_dilated | FLOPs (GB): 656.640625 | Memory access (GB): 0.289306640625 | Attainable performance: 37400 | Computation load: 0.017557235962566847
Eqn 53 in layer 5: Primitive: custom_jvp_call | FLOPs (GB): 0.0299072265625 | Memory access (GB): 0.478515625 | Attainable performance: 43.5 | Computation load: 0.0006875224497126436
Eqn 54 in layer 5: Primitive: conv_general_dilated | FLOPs (GB): 306.25 | Memory access (GB): 0.40771484375 | Attainable performance: 37400 | Computation load: 0.008188502673796791
Eqn 80 in layer 5: Primitive: custom_jvp_call | FLOPs (GB): 0.059814453125 | Memory access (GB): 0.95703125 | Attainable performance: 43.5 | Computation load: 0.0013750448994252872
Eqn 89 in layer 5: Primitive: remat2 | FLOPs (GB): 3348.1515502929688 | Memory access (GB): 4.736328125 | Attainable performance: 37400 | Computation load: 0.08952276872441092
Layer computation load: 0.12314413217109249

Layer 6:
Eqn 1 in layer 6: Primitive: conv_general_dilated | FLOPs (GB): 153.125 | Memory access (GB): 0.323486328125 | Attainable performance: 37400 | Computation load: 0.004094251336898396
Eqn 26 in layer 6: Primitive: custom_jvp_call | FLOPs (GB): 0.01495361328125 | Memory access (GB): 0.2392578125 | Attainable performance: 43.5 | Computation load: 0.0003437612248563218
Eqn 27 in layer 6: Primitive: conv_general_dilated | FLOPs (GB): 656.640625 | Memory access (GB): 0.289306640625 | Attainable performance: 37400 | Computation load: 0.017557235962566847
Eqn 52 in layer 6: Primitive: custom_jvp_call | FLOPs (GB): 0.0299072265625 | Memory access (GB): 0.478515625 | Attainable performance: 43.5 | Computation load: 0.0006875224497126436
Eqn 53 in layer 6: Primitive: conv_general_dilated | FLOPs (GB): 306.25 | Memory access (GB): 0.40771484375 | Attainable performance: 37400 | Computation load: 0.008188502673796791
Eqn 79 in layer 6: Primitive: custom_jvp_call | FLOPs (GB): 0.059814453125 | Memory access (GB): 0.95703125 | Attainable performance: 43.5 | Computation load: 0.0013750448994252872
Eqn 88 in layer 6: Primitive: remat2 | FLOPs (GB): 3348.0917358398438 | Memory access (GB): 3.779296875 | Attainable performance: 37400 | Computation load: 0.08952116940748245
Layer computation load: 0.12176748795473874

Layer 7:
Eqn 1 in layer 7: Primitive: conv_general_dilated | FLOPs (GB): 306.25 | Memory access (GB): 0.40771484375 | Attainable performance: 37400 | Computation load: 0.008188502673796791
Eqn 26 in layer 7: Primitive: custom_jvp_call | FLOPs (GB): 0.0299072265625 | Memory access (GB): 0.478515625 | Attainable performance: 43.5 | Computation load: 0.0006875224497126436
Eqn 27 in layer 7: Primitive: conv_general_dilated | FLOPs (GB): 656.640625 | Memory access (GB): 0.618896484375 | Attainable performance: 37400 | Computation load: 0.017557235962566847
Eqn 52 in layer 7: Primitive: custom_jvp_call | FLOPs (GB): 0.01495361328125 | Memory access (GB): 0.2392578125 | Attainable performance: 43.5 | Computation load: 0.0003437612248563218
Eqn 53 in layer 7: Primitive: conv_general_dilated | FLOPs (GB): 306.25 | Memory access (GB): 0.374755859375 | Attainable performance: 37400 | Computation load: 0.008188502673796791
Eqn 78 in layer 7: Primitive: conv_general_dilated | FLOPs (GB): 306.25 | Memory access (GB): 0.55419921875 | Attainable performance: 37400 | Computation load: 0.008188502673796791
Eqn 114 in layer 7: Primitive: remat2 | FLOPs (GB): 4726.216735839844 | Memory access (GB): 6.58447265625 | Attainable performance: 37400 | Computation load: 0.12636943143956803
Layer computation load: 0.16952345909809421

Layer 8:
Eqn 1 in layer 8: Primitive: custom_jvp_call | FLOPs (GB): 0.0299072265625 | Memory access (GB): 0.478515625 | Attainable performance: 43.5 | Computation load: 0.0006875224497126436
Eqn 2 in layer 8: Primitive: conv_general_dilated | FLOPs (GB): 153.125 | Memory access (GB): 0.2471923828125 | Attainable performance: 37400 | Computation load: 0.004094251336898396
Eqn 27 in layer 8: Primitive: custom_jvp_call | FLOPs (GB): 0.007476806640625 | Memory access (GB): 0.1196289137005806 | Attainable performance: 43.4999972907866 | Computation load: 0.0001718806231330181
Eqn 28 in layer 8: Primitive: conv_general_dilated | FLOPs (GB): 625.0 | Memory access (GB): 0.5291748046875 | Attainable performance: 37400 | Computation load: 0.016711229946524065
Eqn 53 in layer 8: Primitive: custom_jvp_call | FLOPs (GB): 0.01495361328125 | Memory access (GB): 0.2392578125 | Attainable performance: 43.5 | Computation load: 0.0003437612248563218
Eqn 54 in layer 8: Primitive: conv_general_dilated | FLOPs (GB): 306.25 | Memory access (GB): 0.374755859375 | Attainable performance: 37400 | Computation load: 0.008188502673796791
Eqn 88 in layer 8: Primitive: remat2 | FLOPs (GB): 3253.1773376464844 | Memory access (GB): 4.290771491825581 | Attainable performance: 37400 | Computation load: 0.08698335127397017
Layer computation load: 0.1171804995288914

Layer 9:
Eqn 1 in layer 9: Primitive: custom_jvp_call | FLOPs (GB): 0.0299072265625 | Memory access (GB): 0.478515625 | Attainable performance: 43.5 | Computation load: 0.0006875224497126436
Eqn 2 in layer 9: Primitive: conv_general_dilated | FLOPs (GB): 153.125 | Memory access (GB): 0.2471923828125 | Attainable performance: 37400 | Computation load: 0.004094251336898396
Eqn 27 in layer 9: Primitive: custom_jvp_call | FLOPs (GB): 0.007476806640625 | Memory access (GB): 0.1196289137005806 | Attainable performance: 43.4999972907866 | Computation load: 0.0001718806231330181
Eqn 28 in layer 9: Primitive: conv_general_dilated | FLOPs (GB): 625.0 | Memory access (GB): 0.5291748046875 | Attainable performance: 37400 | Computation load: 0.016711229946524065
Eqn 53 in layer 9: Primitive: custom_jvp_call | FLOPs (GB): 0.01495361328125 | Memory access (GB): 0.2392578125 | Attainable performance: 43.5 | Computation load: 0.0003437612248563218
Eqn 54 in layer 9: Primitive: conv_general_dilated | FLOPs (GB): 306.25 | Memory access (GB): 0.374755859375 | Attainable performance: 37400 | Computation load: 0.008188502673796791
Eqn 80 in layer 9: Primitive: custom_jvp_call | FLOPs (GB): 0.0299072265625 | Memory access (GB): 0.478515625 | Attainable performance: 43.5 | Computation load: 0.0006875224497126436
Eqn 89 in layer 9: Primitive: remat2 | FLOPs (GB): 3253.1773376464844 | Memory access (GB): 4.290771491825581 | Attainable performance: 37400 | Computation load: 0.08698335127397017
Layer computation load: 0.11786802197860405

Layer 10:
Eqn 1 in layer 10: Primitive: conv_general_dilated | FLOPs (GB): 153.125 | Memory access (GB): 0.2471923828125 | Attainable performance: 37400 | Computation load: 0.004094251336898396
Eqn 26 in layer 10: Primitive: custom_jvp_call | FLOPs (GB): 0.007476806640625 | Memory access (GB): 0.1196289137005806 | Attainable performance: 43.4999972907866 | Computation load: 0.0001718806231330181
Eqn 27 in layer 10: Primitive: conv_general_dilated | FLOPs (GB): 625.0 | Memory access (GB): 0.5291748046875 | Attainable performance: 37400 | Computation load: 0.016711229946524065
Eqn 52 in layer 10: Primitive: custom_jvp_call | FLOPs (GB): 0.01495361328125 | Memory access (GB): 0.2392578125 | Attainable performance: 43.5 | Computation load: 0.0003437612248563218
Eqn 53 in layer 10: Primitive: conv_general_dilated | FLOPs (GB): 306.25 | Memory access (GB): 0.374755859375 | Attainable performance: 37400 | Computation load: 0.008188502673796791
Eqn 79 in layer 10: Primitive: custom_jvp_call | FLOPs (GB): 0.0299072265625 | Memory access (GB): 0.478515625 | Attainable performance: 43.5 | Computation load: 0.0006875224497126436
Eqn 88 in layer 10: Primitive: remat2 | FLOPs (GB): 3253.147430419922 | Memory access (GB): 3.8122558668255806 | Attainable performance: 37400 | Computation load: 0.08698255161550593
Layer computation load: 0.11717969987042717

Layer 11:
Eqn 1 in layer 11: Primitive: conv_general_dilated | FLOPs (GB): 153.125 | Memory access (GB): 0.2471923828125 | Attainable performance: 37400 | Computation load: 0.004094251336898396
Eqn 26 in layer 11: Primitive: custom_jvp_call | FLOPs (GB): 0.007476806640625 | Memory access (GB): 0.1196289137005806 | Attainable performance: 43.4999972907866 | Computation load: 0.0001718806231330181
Eqn 27 in layer 11: Primitive: conv_general_dilated | FLOPs (GB): 625.0 | Memory access (GB): 0.5291748046875 | Attainable performance: 37400 | Computation load: 0.016711229946524065
Eqn 52 in layer 11: Primitive: custom_jvp_call | FLOPs (GB): 0.01495361328125 | Memory access (GB): 0.2392578125 | Attainable performance: 43.5 | Computation load: 0.0003437612248563218
Eqn 53 in layer 11: Primitive: conv_general_dilated | FLOPs (GB): 306.25 | Memory access (GB): 0.374755859375 | Attainable performance: 37400 | Computation load: 0.008188502673796791
Eqn 79 in layer 11: Primitive: custom_jvp_call | FLOPs (GB): 0.0299072265625 | Memory access (GB): 0.478515625 | Attainable performance: 43.5 | Computation load: 0.0006875224497126436
Eqn 88 in layer 11: Primitive: remat2 | FLOPs (GB): 3253.147430419922 | Memory access (GB): 3.8122558668255806 | Attainable performance: 37400 | Computation load: 0.08698255161550593
Layer computation load: 0.11717969987042717

Layer 12:
Eqn 1 in layer 12: Primitive: conv_general_dilated | FLOPs (GB): 153.125 | Memory access (GB): 0.2471923828125 | Attainable performance: 37400 | Computation load: 0.004094251336898396
Eqn 26 in layer 12: Primitive: custom_jvp_call | FLOPs (GB): 0.007476806640625 | Memory access (GB): 0.1196289137005806 | Attainable performance: 43.4999972907866 | Computation load: 0.0001718806231330181
Eqn 27 in layer 12: Primitive: conv_general_dilated | FLOPs (GB): 625.0 | Memory access (GB): 0.5291748046875 | Attainable performance: 37400 | Computation load: 0.016711229946524065
Eqn 52 in layer 12: Primitive: custom_jvp_call | FLOPs (GB): 0.01495361328125 | Memory access (GB): 0.2392578125 | Attainable performance: 43.5 | Computation load: 0.0003437612248563218
Eqn 53 in layer 12: Primitive: conv_general_dilated | FLOPs (GB): 306.25 | Memory access (GB): 0.374755859375 | Attainable performance: 37400 | Computation load: 0.008188502673796791
Eqn 79 in layer 12: Primitive: custom_jvp_call | FLOPs (GB): 0.0299072265625 | Memory access (GB): 0.478515625 | Attainable performance: 43.5 | Computation load: 0.0006875224497126436
Eqn 88 in layer 12: Primitive: remat2 | FLOPs (GB): 3253.147430419922 | Memory access (GB): 3.8122558668255806 | Attainable performance: 37400 | Computation load: 0.08698255161550593
Layer computation load: 0.11717969987042717

Layer 13:
Eqn 1 in layer 13: Primitive: conv_general_dilated | FLOPs (GB): 306.25 | Memory access (GB): 0.374755859375 | Attainable performance: 37400 | Computation load: 0.008188502673796791
Eqn 26 in layer 13: Primitive: custom_jvp_call | FLOPs (GB): 0.01495361328125 | Memory access (GB): 0.2392578125 | Attainable performance: 43.5 | Computation load: 0.0003437612248563218
Eqn 27 in layer 13: Primitive: conv_general_dilated | FLOPs (GB): 625.0 | Memory access (GB): 1.8475341796875 | Attainable performance: 37400 | Computation load: 0.016711229946524065
Eqn 52 in layer 13: Primitive: custom_jvp_call | FLOPs (GB): 0.007476806640625 | Memory access (GB): 0.1196289137005806 | Attainable performance: 43.4999972907866 | Computation load: 0.0001718806231330181
Eqn 53 in layer 13: Primitive: conv_general_dilated | FLOPs (GB): 306.25 | Memory access (GB): 0.8709716796875 | Attainable performance: 37400 | Computation load: 0.008188502673796791
Eqn 78 in layer 13: Primitive: conv_general_dilated | FLOPs (GB): 306.25 | Memory access (GB): 0.960693359375 | Attainable performance: 37400 | Computation load: 0.008188502673796791
Eqn 114 in layer 13: Primitive: remat2 | FLOPs (GB): 4631.272430419922 | Memory access (GB): 12.52075196057558 | Attainable performance: 37400 | Computation load: 0.12383081364759149
Layer computation load: 0.16562319346349527

Layer 14:
Eqn 1 in layer 14: Primitive: custom_jvp_call | FLOPs (GB): 0.01495361328125 | Memory access (GB): 0.2392578125 | Attainable performance: 43.5 | Computation load: 0.0003437612248563218
Eqn 2 in layer 14: Primitive: conv_general_dilated | FLOPs (GB): 153.125 | Memory access (GB): 0.46539306640625 | Attainable performance: 37400 | Computation load: 0.004094251336898396
Eqn 27 in layer 14: Primitive: custom_jvp_call | FLOPs (GB): 0.0037384033203125 | Memory access (GB): 0.059814464300870895 | Attainable performance: 0 | Computation load: 8.594032227136623e-05
Eqn 28 in layer 14: Primitive: conv_general_dilated | FLOPs (GB): 564.0625 | Memory access (GB): 1.80267333984375 | Attainable performance: 37400 | Computation load: 0.015081885026737967
Eqn 53 in layer 14: Primitive: custom_jvp_call | FLOPs (GB): 0.007476806640625 | Memory access (GB): 0.1196289137005806 | Attainable performance: 43.4999972907866 | Computation load: 0.0001718806231330181
Eqn 54 in layer 14: Primitive: conv_general_dilated | FLOPs (GB): 306.25 | Memory access (GB): 0.8709716796875 | Attainable performance: 37400 | Computation load: 0.008188502673796791
Eqn 80 in layer 14: Primitive: custom_jvp_call | FLOPs (GB): 0.01495361328125 | Memory access (GB): 0.2392578125 | Attainable performance: 43.5 | Computation load: 0.0003437612248563218
Eqn 89 in layer 14: Primitive: remat2 | FLOPs (GB): 3070.338668823242 | Memory access (GB): 9.835815448313951 | Attainable performance: 37400 | Computation load: 0.08209461681345567
Layer computation load: 0.11040459924600586

Layer 15:
Eqn 1 in layer 15: Primitive: conv_general_dilated | FLOPs (GB): 153.125 | Memory access (GB): 0.46539306640625 | Attainable performance: 37400 | Computation load: 0.004094251336898396
Eqn 26 in layer 15: Primitive: custom_jvp_call | FLOPs (GB): 0.0037384033203125 | Memory access (GB): 0.059814464300870895 | Attainable performance: 0 | Computation load: 8.594032227136623e-05
Eqn 27 in layer 15: Primitive: conv_general_dilated | FLOPs (GB): 564.0625 | Memory access (GB): 1.80267333984375 | Attainable performance: 37400 | Computation load: 0.015081885026737967
Eqn 52 in layer 15: Primitive: custom_jvp_call | FLOPs (GB): 0.007476806640625 | Memory access (GB): 0.1196289137005806 | Attainable performance: 43.4999972907866 | Computation load: 0.0001718806231330181
Eqn 53 in layer 15: Primitive: conv_general_dilated | FLOPs (GB): 306.25 | Memory access (GB): 0.8709716796875 | Attainable performance: 37400 | Computation load: 0.008188502673796791
Eqn 79 in layer 15: Primitive: custom_jvp_call | FLOPs (GB): 0.01495361328125 | Memory access (GB): 0.2392578125 | Attainable performance: 43.5 | Computation load: 0.0003437612248563218
Eqn 82 in layer 15: Primitive: dot_general | FLOPs (GB): 0.625 | Memory access (GB): 0.0794067457318306 | Attainable performance: 5478.124005598533 | Computation load: 0.0001140901519135497
Eqn 148 in layer 15: Primitive: remat2 | FLOPs (GB): 3072.213668823242 | Memory access (GB): 10.074035685509443 | Attainable performance: 37400 | Computation load: 0.08214475050329524
Layer computation load: 0.11022506186290265
Layer memory access: [3.972059726715088, 12.21923828125, 6.88232421875, 9.4921875, 4.08203125, 4.08203125, 4.08203125, 7.822265625, 4.6044921875, 4.6044921875, 4.6044921875, 4.6044921875, 4.6044921875, 16.2158203125, 12.55615234375, 12.873779326677322]
[TMP] Optimization status of GPU fraction: optimal

Layer GPU fractions:
[0.139, 0.435, 0.426, 0.713, 0.605, 0.714, 0.807, 1.263, 0.97, 1.074, 1.164, 1.261, 1.358, 2.057, 1.463, 1.552]

Layer GPU fractions:
[0.139, 0.435, 0.426, 0.713, 0.605, 0.714, 0.807, 1.263, 0.97, 1.074, 1.164, 1.261, 1.358, 2.057, 1.463, 1.552]

[[0, 1, 2, 3], [4, 5, 6], [7, 8], [9, 10], [11, 12], [13], [14], [15]]
919229408.0
1.041470594880143
([2, 2, 2, 2, 2, 2, 2, 2], 1.041470594880143)

[[0, 1, 2, 3, 4], [5, 6], [7, 8], [9, 10], [11, 12], [13], [14], [15]]
919229408.0
1.1475979261047833
([2, 2, 2, 2, 2, 2, 2, 2], 1.1475979261047833)

[I] Pipeline partition mode: auto | Layer-to-stage partition: [[0, 1, 2, 3], [4, 5, 6], [7, 8], [9, 10], [11, 12], [13], [14], [15]]
[I] Pipeline partition mode: auto | Cell-generated physical mesh shapes: [(1, 2), (1, 2), (1, 2), (1, 2), (1, 2), (1, 2), (1, 2), (1, 2)]
[I] Loading model and transform to Jaxpr stages takes 56.8008131980896 s.
[I] The GPU sharding of pipeline stages is: [2, 2, 2, 2, 2, 2, 2, 2]
[TMP] Plans in the non-dominated set:
0_3__4_6__7_8__9_10__11_12__13_13__14_14__15_15::1_2__1_2__1_2__1_2__1_2__1_2__1_2__1_2
[[0, 1, 2, 3], [4, 5, 6], [7, 8], [9, 10], [11, 12], [13], [14], [15]]
[StageShape(type='single', stage_shape=(1, 2), layer_shape=None), StageShape(type='single', stage_shape=(1, 2), layer_shape=None), StageShape(type='single', stage_shape=(1, 2), layer_shape=None), StageShape(type='single', stage_shape=(1, 2), layer_shape=None), StageShape(type='single', stage_shape=(1, 2), layer_shape=None), StageShape(type='single', stage_shape=(1, 2), layer_shape=None), StageShape(type='single', stage_shape=(1, 2), layer_shape=None), StageShape(type='single', stage_shape=(1, 2), layer_shape=None)]
1.041470594880143
34681651200.0

0_3__4_6__7_8__9_10__11_12__13_13__14_14__15_15::2_1__2_1__2_1__2_1__2_1__2_1__2_1__2_1
[[0, 1, 2, 3], [4, 5, 6], [7, 8], [9, 10], [11, 12], [13], [14], [15]]
[StageShape(type='single', stage_shape=(2, 1), layer_shape=None), StageShape(type='single', stage_shape=(2, 1), layer_shape=None), StageShape(type='single', stage_shape=(2, 1), layer_shape=None), StageShape(type='single', stage_shape=(2, 1), layer_shape=None), StageShape(type='single', stage_shape=(2, 1), layer_shape=None), StageShape(type='single', stage_shape=(2, 1), layer_shape=None), StageShape(type='single', stage_shape=(2, 1), layer_shape=None), StageShape(type='single', stage_shape=(2, 1), layer_shape=None)]
1.041470594880143
26250439200.0

0_4__5_6__7_8__9_10__11_12__13_13__14_14__15_15::2_1__2_1__2_1__2_1__2_1__2_1__2_1__2_1
[[0, 1, 2, 3, 4], [5, 6], [7, 8], [9, 10], [11, 12], [13], [14], [15]]
[StageShape(type='single', stage_shape=(2, 1), layer_shape=None), StageShape(type='single', stage_shape=(2, 1), layer_shape=None), StageShape(type='single', stage_shape=(2, 1), layer_shape=None), StageShape(type='single', stage_shape=(2, 1), layer_shape=None), StageShape(type='single', stage_shape=(2, 1), layer_shape=None), StageShape(type='single', stage_shape=(2, 1), layer_shape=None), StageShape(type='single', stage_shape=(2, 1), layer_shape=None), StageShape(type='single', stage_shape=(2, 1), layer_shape=None)]
1.1475979261047833
26250439200.0

[TMP] Existed tuning database in `/home/cyxue/Projects/crius/Crius/runtime/jaxpr/tuning_database/tuning_database.pkl`, updating/rewriting it...
{'plan_set': {'wide_resnet__1B::256__16::1::a40__2__2': ['0_15::4_1'], 'wide_resnet__1B::256__16::2::a40__2__2': ['0_9__10_15::1_2__1_2', '0_9__10_15::2_1__2_1', '0_8__9_15::2_1__2_1', '0_10__11_15::2_1__2_1', '0_7__8_15::2_1__2_1', '0_11__12_15::2_1__2_1'], 'wide_resnet__1B::256__16::3::a40__2__2': ['0_5__6_9__10_15::2_1__1_1__1_1', '0_6__7_9__10_15::2_1__1_1__1_1', '0_5__6_10__11_15::2_1__1_1__1_1', '0_6__7_10__11_15::2_1__1_1__1_1', '0_3__4_11__12_15::1_1__1_2__1_1', '0_3__4_11__12_15::1_1__2_1__1_1', '0_5__6_11__12_15::2_1__1_1__1_1', '0_6__7_11__12_15::2_1__1_1__1_1', '0_7__8_11__12_15::2_1__1_1__1_1', '0_7__8_12__13_15::2_1__1_1__1_1'], 'wide_resnet__1B::256__16::4::a40__2__2': ['0_4__5_8__9_10__11_15::1_1__1_1__1_1__1_1', '0_3__4_7__8_11__12_15::1_1__1_1__1_1__1_1', '0_4__5_7__8_11__12_15::1_1__1_1__1_1__1_1', '0_4__5_8__9_11__12_15::1_1__1_1__1_1__1_1', '0_5__6_8__9_11__12_15::1_1__1_1__1_1__1_1', '0_3__4_7__8_12__13_15::1_1__1_1__1_1__1_1', '0_3__4_8__9_12__13_15::1_1__1_1__1_1__1_1', '0_4__5_8__9_12__13_15::1_1__1_1__1_1__1_1', '0_5__6_8__9_12__13_15::1_1__1_1__1_1__1_1', '0_4__5_9__10_12__13_15::1_1__1_1__1_1__1_1', '0_5__6_9__10_12__13_15::1_1__1_1__1_1__1_1', '0_3__4_8__9_13__14_15::1_1__1_1__1_1__1_1', '0_4__5_8__9_13__14_15::1_1__1_1__1_1__1_1', '0_5__6_8__9_13__14_15::1_1__1_1__1_1__1_1', '0_4__5_9__10_13__14_15::1_1__1_1__1_1__1_1', '0_5__6_9__10_13__14_15::1_1__1_1__1_1__1_1', '0_4__5_10__11_13__14_15::1_1__1_1__1_1__1_1', '0_5__6_10__11_13__14_15::1_1__1_1__1_1__1_1', '0_7__8_10__11_13__14_15::1_1__1_1__1_1__1_1', '0_4__5_8__9_14__15_15::1_1__1_1__1_1__1_1', '0_5__6_8__9_14__15_15::1_1__1_1__1_1__1_1', '0_4__5_9__10_14__15_15::1_1__1_1__1_1__1_1', '0_5__6_9__10_14__15_15::1_1__1_1__1_1__1_1', '0_4__5_10__11_14__15_15::1_1__1_1__1_1__1_1', '0_5__6_10__11_14__15_15::1_1__1_1__1_1__1_1', '0_6__7_10__11_14__15_15::1_1__1_1__1_1__1_1', '0_4__5_11__12_14__15_15::1_1__1_1__1_1__1_1', '0_5__6_11__12_14__15_15::1_1__1_1__1_1__1_1', '0_8__9_11__12_14__15_15::1_1__1_1__1_1__1_1', '0_7__8_12__13_14__15_15::1_1__1_1__1_1__1_1', '0_10__11_13__14_14__15_15::1_1__1_1__1_1__1_1', '0_12__13_13__14_14__15_15::1_1__1_1__1_1__1_1'], 'wide_resnet__500M::256__16::2::a40__2__2': ['0_7__8_15::2_1__2_1', '0_8__9_15::2_1__2_1'], 'wide_resnet__500M::512__16::2::a40__2__2': ['0_7__8_15::2_1__2_1', '0_8__9_15::2_1__2_1'], 'wide_resnet__2B::512__16::4::a40__4__2': ['0_5__6_9__10_12__13_15::1_2__1_2__1_2__1_2', '0_5__6_9__10_12__13_15::2_1__2_1__2_1__2_1', '0_4__5_8__9_12__13_15::2_1__2_1__2_1__2_1', '0_5__6_8__9_12__13_15::2_1__2_1__2_1__2_1', '0_4__5_9__10_12__13_15::2_1__2_1__2_1__2_1', '0_6__7_9__10_12__13_15::2_1__2_1__2_1__2_1', '0_3__4_8__9_12__13_15::2_1__2_1__2_1__2_1', '0_6__7_10__11_13__14_15::2_1__2_1__2_1__2_1', '0_5__6_10__11_13__14_15::2_1__2_1__2_1__2_1', '0_4__5_8__9_11__12_15::2_1__2_1__2_1__2_1', '0_5__6_9__10_13__14_15::2_1__2_1__2_1__2_1', '0_4__5_7__8_12__13_15::2_1__2_1__2_1__2_1', '0_5__6_8__9_11__12_15::2_1__2_1__2_1__2_1', '0_6__7_10__11_12__13_15::2_1__2_1__2_1__2_1', '0_4__5_7__8_11__12_15::2_1__2_1__2_1__2_1', '0_3__4_7__8_12__13_15::2_1__2_1__2_1__2_1', '0_5__6_10__11_12__13_15::2_1__2_1__2_1__2_1', '0_6__7_8__9_12__13_15::2_1__2_1__2_1__2_1', '0_3__4_7__8_11__12_15::2_1__2_1__2_1__2_1', '0_4__5_9__10_13__14_15::2_1__2_1__2_1__2_1', '0_3__4_9__10_12__13_15::2_1__2_1__2_1__2_1', '0_6__7_9__10_13__14_15::2_1__2_1__2_1__2_1', '0_3__4_8__9_11__12_15::2_1__2_1__2_1__2_1', '0_5__6_7__8_12__13_15::2_1__2_1__2_1__2_1', '0_5__6_9__10_11__12_15::2_1__2_1__2_1__2_1', '0_5__6_7__8_11__12_15::2_1__2_1__2_1__2_1', '0_6__7_11__12_13__14_15::2_1__2_1__2_1__2_1', '0_4__5_9__10_11__12_15::2_1__2_1__2_1__2_1', '0_6__7_8__9_11__12_15::2_1__2_1__2_1__2_1', '0_6__7_9__10_11__12_15::2_1__2_1__2_1__2_1', '0_2__3_7__8_12__13_15::2_1__2_1__2_1__2_1', '0_2__3_8__9_12__13_15::2_1__2_1__2_1__2_1'], 'wide_resnet__2B::256__16::4::a40__4__2': ['0_6__7_10__11_13__14_15::1_2__1_2__1_2__1_2', '0_6__7_10__11_13__14_15::2_1__2_1__2_1__2_1', '0_6__7_9__10_12__13_15::2_1__2_1__2_1__2_1', '0_5__6_9__10_12__13_15::2_1__2_1__2_1__2_1', '0_7__8_11__12_13__14_15::2_1__2_1__2_1__2_1', '0_7__8_10__11_13__14_15::2_1__2_1__2_1__2_1', '0_5__6_8__9_12__13_15::2_1__2_1__2_1__2_1', '0_5__6_10__11_13__14_15::2_1__2_1__2_1__2_1', '0_6__7_11__12_13__14_15::2_1__2_1__2_1__2_1', '0_6__7_9__10_13__14_15::2_1__2_1__2_1__2_1', '0_5__6_9__10_13__14_15::2_1__2_1__2_1__2_1', '0_8__9_11__12_13__14_15::2_1__2_1__2_1__2_1'], 'wide_resnet__4B::256__16::8::a40__8__2': ['0_3__4_6__7_8__9_10__11_12__13_13__14_14__15_15::1_2__1_2__1_2__1_2__1_2__1_2__1_2__1_2', '0_3__4_6__7_8__9_10__11_12__13_13__14_14__15_15::2_1__2_1__2_1__2_1__2_1__2_1__2_1__2_1', '0_4__5_6__7_8__9_10__11_12__13_13__14_14__15_15::2_1__2_1__2_1__2_1__2_1__2_1__2_1__2_1']}, 'selected_cell_num_stages': {'wide_resnet__1B::256__16::a40__2__2': 2}}
[TMP] Storing tuning database to '/home/cyxue/Projects/crius/Crius/runtime/jaxpr/tuning_database/tuning_database.pkl'...
[I] Pipeline partition mode: auto | Parallel enum mode: auto | Parallel plans: [[StageShape(type='single', stage_shape=(2, 1), layer_shape=None), StageShape(type='single', stage_shape=(2, 1), layer_shape=None), StageShape(type='single', stage_shape=(2, 1), layer_shape=None), StageShape(type='single', stage_shape=(2, 1), layer_shape=None), StageShape(type='single', stage_shape=(2, 1), layer_shape=None), StageShape(type='single', stage_shape=(1, 2), layer_shape=None), StageShape(type='single', stage_shape=(1, 2), layer_shape=None), StageShape(type='single', stage_shape=(1, 2), layer_shape=None)]]

[I] (Parallel plan idx: 0) Sharding stages...
[I] Sharding stages takes 7.023803472518921 s.
[I] (Parallel plan idx: 0) SPMD partitioning and compiling (kernel fusing) HLO stages...
[I] SPMD partitioning and pre-compiling HLO modules concurrently takes 4.284984111785889 s.

[I] All parallel plans in the cell have been sharded and compiled.
[TMP] Writing only-sharded HLO text to '/home/cyxue/Projects/crius/Crius/runtime/jaxpr/tmp/wide_resnet_4B_256_sharded_stages.pkl'...
[TMP] Writing optimized HLO text to '/home/cyxue/Projects/crius/Crius/runtime/jaxpr/tmp/wide_resnet_4B_256_optimized_stages.pkl'...
[TMP] Writing inter-stages communicated vars to '/home/cyxue/Projects/crius/Crius/runtime/jaxpr/tmp/wide_resnet_4B_256_inter_stages_comm_vars.pkl'

[I] Parallel plan idx: 0 | Parallelism: [(2, 1), (2, 1), (2, 1), (2, 1), (2, 1), (1, 2), (1, 2), (1, 2)]

[I] (Parallel plan idx: 0) Parsing HLO texts and profiling XLA operators...
[I] Pipeline partition mode: auto | Preset physical mesh shapes: [(1, 2), (1, 2), (1, 2), (1, 2), (1, 2), (1, 2), (1, 2), (1, 2)]
[TMP] Loading offline profiled communication data: `1_a40_1_n_2_d_ib.pkl`...
[TMP] Loading offline profiled communication data: `2_a40_2_n_1_d_ib.pkl`...
\Time of module 0 (stage 0):
Intra-stage comm time: 0.0014257974922657012
Grad sync time: 0

[I] Optimized module 0 for stage 0, comm time has been statically analyzed.
\Time of module 1 (stage 1):
Intra-stage comm time: 0.0009984947741031648
Grad sync time: 0

[I] Optimized module 1 for stage 1, comm time has been statically analyzed.
\Time of module 2 (stage 2):
Intra-stage comm time: 0.0007106937468051911
Grad sync time: 0

[I] Optimized module 2 for stage 2, comm time has been statically analyzed.
\Time of module 3 (stage 3):
Intra-stage comm time: 0.0007000371813774108
Grad sync time: 0

[I] Optimized module 3 for stage 3, comm time has been statically analyzed.
\Time of module 4 (stage 4):
Intra-stage comm time: 0.0007000371813774108
Grad sync time: 0

[I] Optimized module 4 for stage 4, comm time has been statically analyzed.
\Time of module 5 (stage 5):
Intra-stage comm time: 0.0025571015663444995
Grad sync time: 0

[I] Optimized module 5 for stage 5, comm time has been statically analyzed.
\Time of module 6 (stage 6):
Intra-stage comm time: 0.003888726653531194
Grad sync time: 0

[I] Optimized module 6 for stage 6, comm time has been statically analyzed.
\Time of module 7 (stage 7):
Intra-stage comm time: 0.004077890934422613
Grad sync time: 0

[I] Optimized module 7 for stage 7, comm time has been statically analyzed.
\Time of module 8 (stage 7):
Intra-stage comm time: 0.007478887930619749
Grad sync time: 0

[I] Optimized module 8 for stage 7, comm time has been statically analyzed.
\Time of module 9 (stage 6):
Intra-stage comm time: 0.0072897186037153
Grad sync time: 0

[I] Optimized module 9 for stage 6, comm time has been statically analyzed.
\Time of module 10 (stage 5):
Intra-stage comm time: 0.015528674982488156
Grad sync time: 0

[I] Optimized module 10 for stage 5, comm time has been statically analyzed.
[WARN] Communication size of 'all-reduce' excceeds the maximum profiled size. Linear scaling is applied.
       - Communication size of the operator: 393287680 | Estimated comm time: 0.1331228062019218
       - Max profiled communication size: 267386880 | Comm time: 0.08228549003601074
\Time of module 11 (stage 4):
Intra-stage comm time: 0.0013657003641128485
Grad sync time: 0.1331228062019218

[I] Optimized module 11 for stage 4, comm time has been statically analyzed.
[WARN] Communication size of 'all-reduce' excceeds the maximum profiled size. Linear scaling is applied.
       - Communication size of the operator: 393287680 | Estimated comm time: 0.1331228062019218
       - Max profiled communication size: 267386880 | Comm time: 0.08228549003601074
\Time of module 12 (stage 3):
Intra-stage comm time: 0.0013657003641128485
Grad sync time: 0.1331228062019218

[I] Optimized module 12 for stage 3, comm time has been statically analyzed.
[WARN] Communication size of 'all-reduce' excceeds the maximum profiled size. Linear scaling is applied.
       - Communication size of the operator: 432609280 | Estimated comm time: 0.14631830219427744
       - Max profiled communication size: 267386880 | Comm time: 0.08228549003601074
\Time of module 13 (stage 2):
Intra-stage comm time: 0.0013956394046545084
Grad sync time: 0.14631830219427744

[I] Optimized module 13 for stage 2, comm time has been statically analyzed.
\Time of module 14 (stage 1):
Intra-stage comm time: 0.001962527632713318
Grad sync time: 0.0454226752044633

[I] Optimized module 14 for stage 1, comm time has been statically analyzed.
\Time of module 15 (stage 0):
Intra-stage comm time: 0.0028187902644276584
Grad sync time: 0.02976296785636805

[I] Optimized module 15 for stage 0, comm time has been statically analyzed.
\Time of module 16 (stage 0):
Intra-stage comm time: 0.017761583626270293
Grad sync time: 0

[I] Optimized module 16 for stage 0, comm time has been statically analyzed.
\Time of module 17 (stage 1):
Intra-stage comm time: 0.026837981119751938
Grad sync time: 0

[I] Optimized module 17 for stage 1, comm time has been statically analyzed.
\Time of module 18 (stage 2):
Intra-stage comm time: 0.07251048874523905
Grad sync time: 0

[I] Optimized module 18 for stage 2, comm time has been statically analyzed.
\Time of module 19 (stage 3):
Intra-stage comm time: 0.06619054194953707
Grad sync time: 0

[I] Optimized module 19 for stage 3, comm time has been statically analyzed.
\Time of module 20 (stage 4):
Intra-stage comm time: 0.06619054194953707
Grad sync time: 0

[I] Optimized module 20 for stage 4, comm time has been statically analyzed.
\Time of module 21 (stage 5):
Intra-stage comm time: 0
Grad sync time: 0

[I] Optimized module 21 for stage 5, comm time has been statically analyzed.
\Time of module 22 (stage 6):
Intra-stage comm time: 6.600916385650634e-05
Grad sync time: 0

[I] Optimized module 22 for stage 6, comm time has been statically analyzed.
\Time of module 23 (stage 7):
Intra-stage comm time: 6.600916385650634e-05
Grad sync time: 0

[I] Optimized module 23 for stage 7, comm time has been statically analyzed.
[TMP] Memory footprint of the stage 0 is 2.7626161612570286 GB, while the available memory of the XLA device is 35.33237304631621 GB.
[TMP] Memory footprint of the stage 1 is 3.6209178008139133 GB, while the available memory of the XLA device is 35.33237304631621 GB.
[TMP] Memory footprint of the stage 2 is 9.223775867372751 GB, while the available memory of the XLA device is 35.33237304631621 GB.
[TMP] Memory footprint of the stage 3 is 8.297967914491892 GB, while the available memory of the XLA device is 35.33237304631621 GB.
[TMP] Memory footprint of the stage 4 is 8.297967914491892 GB, while the available memory of the XLA device is 35.33237304631621 GB.
[TMP] Memory footprint of the stage 5 is 10.818290714174509 GB, while the available memory of the XLA device is 35.33237304631621 GB.
[TMP] Memory footprint of the stage 6 is 8.880434039980173 GB, while the available memory of the XLA device is 35.33237304631621 GB.
[TMP] Memory footprint of the stage 7 is 9.084924850612879 GB, while the available memory of the XLA device is 35.33237304631621 GB.
[I] Only-sharded module 0 for stage 0, constructing entry XLA computation...
[I] Compiling HLO module...
[I] Profiling HLO modules...
    - Iteration 0/5: Kernel execution time: 0.176072371 s.
    - Iteration 1/5: Kernel execution time: 0.174626214 s.
    - Iteration 2/5: Kernel execution time: 0.176506417 s.
    - Iteration 3/5: Kernel execution time: 0.176031636 s.
    - Iteration 4/5: Kernel execution time: 0.17630110699999998 s.
[I] Only-sharded module 1 for stage 1, constructing entry XLA computation...
[I] Compiling HLO module...
[I] Profiling HLO modules...
    - Iteration 0/5: Kernel execution time: 0.114540096 s.
    - Iteration 1/5: Kernel execution time: 0.11451341200000004 s.
    - Iteration 2/5: Kernel execution time: 0.11471862499999999 s.
    - Iteration 3/5: Kernel execution time: 0.11452118500000007 s.
    - Iteration 4/5: Kernel execution time: 0.11409967600000002 s.
[I] Only-sharded module 2 for stage 2, constructing entry XLA computation...
[I] Compiling HLO module...
[I] Profiling HLO modules...
    - Iteration 0/5: Kernel execution time: 0.13428246800000002 s.
    - Iteration 1/5: Kernel execution time: 0.134000829 s.
    - Iteration 2/5: Kernel execution time: 0.13441651300000002 s.
    - Iteration 3/5: Kernel execution time: 0.13422972900000002 s.
    - Iteration 4/5: Kernel execution time: 0.134297919 s.
[I] Only-sharded module 3 for stage 3, constructing entry XLA computation...
[I] Compiling HLO module...
[I] Profiling HLO modules...
    - Iteration 0/5: Kernel execution time: 0.11777516699999999 s.
    - Iteration 1/5: Kernel execution time: 0.117962235 s.
    - Iteration 2/5: Kernel execution time: 0.11819875600000002 s.
    - Iteration 3/5: Kernel execution time: 0.11827033700000002 s.
    - Iteration 4/5: Kernel execution time: 0.11851415100000003 s.
[I] Only-sharded module 4 for stage 4, constructing entry XLA computation...
[I] Compiling HLO module...
[I] Profiling HLO modules...
    - Iteration 0/5: Kernel execution time: 0.11762066900000001 s.
    - Iteration 1/5: Kernel execution time: 0.11721048799999999 s.
    - Iteration 2/5: Kernel execution time: 0.11725605499999998 s.
    - Iteration 3/5: Kernel execution time: 0.11757737299999999 s.
    - Iteration 4/5: Kernel execution time: 0.11789932599999997 s.
[I] Only-sharded module 5 for stage 5, constructing entry XLA computation...
[I] Compiling HLO module...
[I] Profiling HLO modules...
    - Iteration 0/5: Kernel execution time: 0.08926719100000002 s.
    - Iteration 1/5: Kernel execution time: 0.08977381699999996 s.
    - Iteration 2/5: Kernel execution time: 0.08941221500000002 s.
    - Iteration 3/5: Kernel execution time: 0.08975016999999999 s.
    - Iteration 4/5: Kernel execution time: 0.08911285299999998 s.
[I] Only-sharded module 6 for stage 6, constructing entry XLA computation...
[I] Compiling HLO module...
[I] Profiling HLO modules...
    - Iteration 0/5: Kernel execution time: 0.080383536 s.
    - Iteration 1/5: Kernel execution time: 0.08052839800000003 s.
    - Iteration 2/5: Kernel execution time: 0.08057710300000001 s.
    - Iteration 3/5: Kernel execution time: 0.08061566500000002 s.
    - Iteration 4/5: Kernel execution time: 0.08060343899999999 s.
[I] Only-sharded module 7 for stage 7, constructing entry XLA computation...
[I] Compiling HLO module...
[I] Profiling HLO modules...
    - Iteration 0/5: Kernel execution time: 0.080409009 s.
    - Iteration 1/5: Kernel execution time: 0.08034094300000001 s.
    - Iteration 2/5: Kernel execution time: 0.080420653 s.
    - Iteration 3/5: Kernel execution time: 0.08028055999999999 s.
    - Iteration 4/5: Kernel execution time: 0.080309072 s.
[I] Only-sharded module 8 for stage 7, constructing entry XLA computation...
[I] Compiling HLO module...
[I] Profiling HLO modules...
    - Iteration 0/5: Kernel execution time: 0.366413457 s.
    - Iteration 1/5: Kernel execution time: 0.36540407100000005 s.
    - Iteration 2/5: Kernel execution time: 0.3658547600000001 s.
    - Iteration 3/5: Kernel execution time: 0.36469356599999997 s.
    - Iteration 4/5: Kernel execution time: 0.36450162499999994 s.
[I] Only-sharded module 9 for stage 6, constructing entry XLA computation...
[I] Compiling HLO module...
[I] Profiling HLO modules...
    - Iteration 0/5: Kernel execution time: 0.364462418 s.
    - Iteration 1/5: Kernel execution time: 0.36501189300000003 s.
    - Iteration 2/5: Kernel execution time: 0.3646871239999999 s.
    - Iteration 3/5: Kernel execution time: 0.36471121900000003 s.
    - Iteration 4/5: Kernel execution time: 0.36404878100000004 s.
[I] Only-sharded module 10 for stage 5, constructing entry XLA computation...
[I] Compiling HLO module...
[I] Profiling HLO modules...
    - Iteration 0/5: Kernel execution time: 0.456251938 s.
    - Iteration 1/5: Kernel execution time: 0.457200825 s.
    - Iteration 2/5: Kernel execution time: 0.4567610730000001 s.
    - Iteration 3/5: Kernel execution time: 0.45731913 s.
    - Iteration 4/5: Kernel execution time: 0.458268546 s.
[I] Only-sharded module 11 for stage 4, constructing entry XLA computation...
[I] Compiling HLO module...
[I] Profiling HLO modules...
    - Iteration 0/5: Kernel execution time: 0.35117965100000004 s.
    - Iteration 1/5: Kernel execution time: 0.352508178 s.
    - Iteration 2/5: Kernel execution time: 0.351666221 s.
    - Iteration 3/5: Kernel execution time: 0.3508504689999999 s.
    - Iteration 4/5: Kernel execution time: 0.35071168300000005 s.
[I] Only-sharded module 12 for stage 3, constructing entry XLA computation...
[I] Compiling HLO module...
[I] Profiling HLO modules...
    - Iteration 0/5: Kernel execution time: 0.351916123 s.
    - Iteration 1/5: Kernel execution time: 0.35090655100000007 s.
    - Iteration 2/5: Kernel execution time: 0.35152876099999997 s.
    - Iteration 3/5: Kernel execution time: 0.35312202699999995 s.
    - Iteration 4/5: Kernel execution time: 0.35292228099999995 s.
[I] Only-sharded module 13 for stage 2, constructing entry XLA computation...
[I] Compiling HLO module...
[I] Profiling HLO modules...
    - Iteration 0/5: Kernel execution time: 0.4347607010000001 s.
    - Iteration 1/5: Kernel execution time: 0.43412722200000015 s.
    - Iteration 2/5: Kernel execution time: 0.435021689 s.
    - Iteration 3/5: Kernel execution time: 0.43546012700000003 s.
    - Iteration 4/5: Kernel execution time: 0.43581372 s.
[I] Only-sharded module 14 for stage 1, constructing entry XLA computation...
[I] Compiling HLO module...
[I] Profiling HLO modules...
    - Iteration 0/5: Kernel execution time: 0.35448479900000013 s.
    - Iteration 1/5: Kernel execution time: 0.355403213 s.
    - Iteration 2/5: Kernel execution time: 0.35597339000000006 s.
    - Iteration 3/5: Kernel execution time: 0.3570143940000002 s.
    - Iteration 4/5: Kernel execution time: 0.35553352 s.
[I] Only-sharded module 15 for stage 0, constructing entry XLA computation...
[I] Compiling HLO module...
[I] Profiling HLO modules...
    - Iteration 0/5: Kernel execution time: 0.536412109 s.
    - Iteration 1/5: Kernel execution time: 0.5369077700000001 s.
    - Iteration 2/5: Kernel execution time: 0.536834136 s.
    - Iteration 3/5: Kernel execution time: 0.5356452190000004 s.
    - Iteration 4/5: Kernel execution time: 0.539588789 s.
[I] Only-sharded module 16 for stage 0, constructing entry XLA computation...
[I] Compiling HLO module...
[I] Profiling HLO modules...
    - Iteration 0/5: Kernel execution time: 0.002748153 s.
    - Iteration 1/5: Kernel execution time: 0.0027451130000000004 s.
    - Iteration 2/5: Kernel execution time: 0.0027481190000000003 s.
    - Iteration 3/5: Kernel execution time: 0.002749464 s.
    - Iteration 4/5: Kernel execution time: 0.0027663590000000004 s.
[I] Only-sharded module 17 for stage 1, constructing entry XLA computation...
[I] Compiling HLO module...
[I] Profiling HLO modules...
    - Iteration 0/5: Kernel execution time: 0.004138308 s.
    - Iteration 1/5: Kernel execution time: 0.004135781 s.
    - Iteration 2/5: Kernel execution time: 0.00413613 s.
    - Iteration 3/5: Kernel execution time: 0.004127461000000001 s.
    - Iteration 4/5: Kernel execution time: 0.004147749 s.
[I] Only-sharded module 18 for stage 2, constructing entry XLA computation...
[I] Compiling HLO module...
[I] Profiling HLO modules...
    - Iteration 0/5: Kernel execution time: 0.011924553000000001 s.
    - Iteration 1/5: Kernel execution time: 0.011936745000000002 s.
    - Iteration 2/5: Kernel execution time: 0.011935561 s.
    - Iteration 3/5: Kernel execution time: 0.011913609 s.
    - Iteration 4/5: Kernel execution time: 0.011912776 s.
[I] Only-sharded module 19 for stage 3, constructing entry XLA computation...
[I] Compiling HLO module...
[I] Profiling HLO modules...
    - Iteration 0/5: Kernel execution time: 0.010845183000000001 s.
    - Iteration 1/5: Kernel execution time: 0.010844640000000001 s.
    - Iteration 2/5: Kernel execution time: 0.010838718 s.
    - Iteration 3/5: Kernel execution time: 0.010843039 s.
    - Iteration 4/5: Kernel execution time: 0.010831775 s.
[I] Only-sharded module 20 for stage 4, constructing entry XLA computation...
[I] Compiling HLO module...
[I] Profiling HLO modules...
    - Iteration 0/5: Kernel execution time: 0.010849985 s.
    - Iteration 1/5: Kernel execution time: 0.010825823 s.
    - Iteration 2/5: Kernel execution time: 0.010841408 s.
    - Iteration 3/5: Kernel execution time: 0.010849408000000001 s.
    - Iteration 4/5: Kernel execution time: 0.010838273 s.
[I] Only-sharded module 21 for stage 5, constructing entry XLA computation...
[I] Compiling HLO module...
[I] Profiling HLO modules...
    - Iteration 0/5: Kernel execution time: 0.018314402 s.
    - Iteration 1/5: Kernel execution time: 0.018336163000000003 s.
    - Iteration 2/5: Kernel execution time: 0.018342081000000003 s.
    - Iteration 3/5: Kernel execution time: 0.01833485 s.
    - Iteration 4/5: Kernel execution time: 0.018312420000000003 s.
[I] Only-sharded module 22 for stage 6, constructing entry XLA computation...
[I] Compiling HLO module...
[I] Profiling HLO modules...
    - Iteration 0/5: Kernel execution time: 0.015187558000000002 s.
    - Iteration 1/5: Kernel execution time: 0.015224359000000002 s.
    - Iteration 2/5: Kernel execution time: 0.015191781 s.
    - Iteration 3/5: Kernel execution time: 0.015217064 s.
    - Iteration 4/5: Kernel execution time: 0.015181927 s.
[I] Only-sharded module 23 for stage 7, constructing entry XLA computation...
[I] Compiling HLO module...
[I] Profiling HLO modules...
    - Iteration 0/5: Kernel execution time: 0.015575180000000003 s.
    - Iteration 1/5: Kernel execution time: 0.015581226 s.
    - Iteration 2/5: Kernel execution time: 0.015561033000000002 s.
    - Iteration 3/5: Kernel execution time: 0.015591019000000001 s.
    - Iteration 4/5: Kernel execution time: 0.015581642000000001 s.
[I] Constructing single-device HLO modules concurrently takes 0.018176555633544922 s.
[I] Compile single-device HLO modules concurrently takes 3.7510883808135986 s.
[I] Profile all compiled sequentially on one GPU takes 40.21051073074341 s.
[I] Estimated e2e pipeline iteration time is: 18.100684718010754 s.
    - Kernel computation time is: -1.0 s.
    - Communication time is: -1.0 s.
    - Cross-stages communication time is: -1.0 s.
