
[I] Loading Crius kernel-level profiler...
[TMP] Profiling results not found in `None`, creating it...

[I] Loading model and generating sharded HLO module...
[I] Initializing XLA devices takes 0.8989923000335693 s.
[I] Loading flax model....
[I] Model 'moe' loads sucessfully. Model Info: 

FlaxMoEForLMModule(
    # attributes
    config = <model.moe_model.MoEConfig object at 0x7f35f9a41640>
    dtype = float16
    bias_init = zeros
) 

[I] Initialize training state...
[I] Training state initialization is completed.
[I] Constructing general train step func...
[I] General train step func construction is completed.
[I] Model has been loaded, begin Jaxpr transformation...


Layer 0:
Eqn 5 in layer 0: Primitive: dot_general | FLOPs (GB): 1000.0 | Memory access (GB): 1.06884765625 | Attainable performance: 37400 | Computation load: 0.026737967914438502
Eqn 10 in layer 0: Primitive: dot_general | FLOPs (GB): 1000.0 | Memory access (GB): 1.06884765625 | Attainable performance: 37400 | Computation load: 0.026737967914438502
Eqn 36 in layer 0: Primitive: dot_general | FLOPs (GB): 96.0 | Memory access (GB): 0.130859375 | Attainable performance: 37400 | Computation load: 0.0025668449197860962
Eqn 56 in layer 0: Primitive: dot_general | FLOPs (GB): 32.0 | Memory access (GB): 0.5625 | Attainable performance: 37400 | Computation load: 0.000855614973262032
Eqn 68 in layer 0: Primitive: dot_general | FLOPs (GB): 32.0 | Memory access (GB): 0.5625 | Attainable performance: 37400 | Computation load: 0.000855614973262032
Eqn 71 in layer 0: Primitive: dot_general | FLOPs (GB): 1000.0 | Memory access (GB): 1.06884765625 | Attainable performance: 37400 | Computation load: 0.026737967914438502
Eqn 100 in layer 0: Primitive: remat2 | FLOPs (GB): 6448.0 | Memory access (GB): 10.178710952401161 | Attainable performance: 37400 | Computation load: 0.17240641711229945
Layer computation load: 0.25689839572192513

Layer 1:
Eqn 2 in layer 1: Primitive: dot_general | FLOPs (GB): 0.5 | Memory access (GB): 0.0317688062787056 | Attainable performance: 10954.141523197928 | Computation load: 4.5644836607335626e-05
Eqn 69 in layer 1: Primitive: dot_general | FLOPs (GB): 0.125 | Memory access (GB): 0.13330078125 | Attainable performance: 652.6593406593406 | Computation load: 0.00019152411099137933
Eqn 82 in layer 1: Primitive: dot_general | FLOPs (GB): 0.125 | Memory access (GB): 0.13330078125 | Attainable performance: 652.6593406593406 | Computation load: 0.00019152411099137933
Eqn 86 in layer 1: Primitive: dot_general | FLOPs (GB): 128.0 | Memory access (GB): 0.21875 | Attainable performance: 37400 | Computation load: 0.003422459893048128
Eqn 88 in layer 1: Primitive: dot_general | FLOPs (GB): 512.0 | Memory access (GB): 0.8125 | Attainable performance: 37400 | Computation load: 0.013689839572192513
Eqn 89 in layer 1: Primitive: custom_jvp_call | FLOPs (GB): 0.25 | Memory access (GB): 2.0 | Attainable performance: 87.0 | Computation load: 0.0028735632183908046
Eqn 90 in layer 1: Primitive: dot_general | FLOPs (GB): 512.0 | Memory access (GB): 0.8125 | Attainable performance: 37400 | Computation load: 0.013689839572192513
Eqn 92 in layer 1: Primitive: dot_general | FLOPs (GB): 128.0 | Memory access (GB): 0.21875 | Attainable performance: 37400 | Computation load: 0.003422459893048128
Eqn 118 in layer 1: Primitive: dot_general | FLOPs (GB): 96.0 | Memory access (GB): 0.130859375 | Attainable performance: 37400 | Computation load: 0.0025668449197860962
Eqn 138 in layer 1: Primitive: dot_general | FLOPs (GB): 32.0 | Memory access (GB): 0.5625 | Attainable performance: 37400 | Computation load: 0.000855614973262032
Eqn 150 in layer 1: Primitive: dot_general | FLOPs (GB): 32.0 | Memory access (GB): 0.5625 | Attainable performance: 37400 | Computation load: 0.000855614973262032
Eqn 153 in layer 1: Primitive: dot_general | FLOPs (GB): 1000.0 | Memory access (GB): 1.06884765625 | Attainable performance: 37400 | Computation load: 0.026737967914438502
Eqn 180 in layer 1: Primitive: dot_general | FLOPs (GB): 256.0 | Memory access (GB): 0.296875 | Attainable performance: 37400 | Computation load: 0.006844919786096256
Eqn 189 in layer 1: Primitive: remat2 | FLOPs (GB): 8642.2529296875 | Memory access (GB): 17.17562873661518 | Attainable performance: 37400 | Computation load: 0.23107628154244653
Layer computation load: 0.3064640993167536

Layer 2:
Eqn 2 in layer 2: Primitive: dot_general | FLOPs (GB): 1000.0 | Memory access (GB): 1.06884765625 | Attainable performance: 37400 | Computation load: 0.026737967914438502
Eqn 29 in layer 2: Primitive: dot_general | FLOPs (GB): 96.0 | Memory access (GB): 0.130859375 | Attainable performance: 37400 | Computation load: 0.0025668449197860962
Eqn 49 in layer 2: Primitive: dot_general | FLOPs (GB): 32.0 | Memory access (GB): 0.5625 | Attainable performance: 37400 | Computation load: 0.000855614973262032
Eqn 61 in layer 2: Primitive: dot_general | FLOPs (GB): 32.0 | Memory access (GB): 0.5625 | Attainable performance: 37400 | Computation load: 0.000855614973262032
Eqn 64 in layer 2: Primitive: dot_general | FLOPs (GB): 1000.0 | Memory access (GB): 1.06884765625 | Attainable performance: 37400 | Computation load: 0.026737967914438502
Eqn 92 in layer 2: Primitive: dot_general | FLOPs (GB): 0.5 | Memory access (GB): 0.0317688062787056 | Attainable performance: 10954.141523197928 | Computation load: 4.5644836607335626e-05
Eqn 159 in layer 2: Primitive: dot_general | FLOPs (GB): 0.125 | Memory access (GB): 0.13330078125 | Attainable performance: 652.6593406593406 | Computation load: 0.00019152411099137933
Eqn 172 in layer 2: Primitive: dot_general | FLOPs (GB): 0.125 | Memory access (GB): 0.13330078125 | Attainable performance: 652.6593406593406 | Computation load: 0.00019152411099137933
Eqn 176 in layer 2: Primitive: dot_general | FLOPs (GB): 128.0 | Memory access (GB): 0.21875 | Attainable performance: 37400 | Computation load: 0.003422459893048128
Eqn 178 in layer 2: Primitive: dot_general | FLOPs (GB): 512.0 | Memory access (GB): 0.8125 | Attainable performance: 37400 | Computation load: 0.013689839572192513
Eqn 179 in layer 2: Primitive: custom_jvp_call | FLOPs (GB): 0.25 | Memory access (GB): 2.0 | Attainable performance: 87.0 | Computation load: 0.0028735632183908046
Eqn 180 in layer 2: Primitive: dot_general | FLOPs (GB): 512.0 | Memory access (GB): 0.8125 | Attainable performance: 37400 | Computation load: 0.013689839572192513
Eqn 182 in layer 2: Primitive: dot_general | FLOPs (GB): 128.0 | Memory access (GB): 0.21875 | Attainable performance: 37400 | Computation load: 0.003422459893048128
Eqn 187 in layer 2: Primitive: remat2 | FLOPs (GB): 8514.2529296875 | Memory access (GB): 16.95687873661518 | Attainable performance: 37400 | Computation load: 0.2276538216493984
Layer computation load: 0.32293468755204774

Layer 3:
Eqn 24 in layer 3: Primitive: dot_general | FLOPs (GB): 96.0 | Memory access (GB): 0.130859375 | Attainable performance: 37400 | Computation load: 0.0025668449197860962
Eqn 44 in layer 3: Primitive: dot_general | FLOPs (GB): 32.0 | Memory access (GB): 0.5625 | Attainable performance: 37400 | Computation load: 0.000855614973262032
Eqn 56 in layer 3: Primitive: dot_general | FLOPs (GB): 32.0 | Memory access (GB): 0.5625 | Attainable performance: 37400 | Computation load: 0.000855614973262032
Eqn 59 in layer 3: Primitive: dot_general | FLOPs (GB): 1000.0 | Memory access (GB): 1.06884765625 | Attainable performance: 37400 | Computation load: 0.026737967914438502
Eqn 86 in layer 3: Primitive: dot_general | FLOPs (GB): 256.0 | Memory access (GB): 0.296875 | Attainable performance: 37400 | Computation load: 0.006844919786096256
Eqn 94 in layer 3: Primitive: dot_general | FLOPs (GB): 1000.0 | Memory access (GB): 1.06884765625 | Attainable performance: 37400 | Computation load: 0.026737967914438502
Eqn 121 in layer 3: Primitive: dot_general | FLOPs (GB): 96.0 | Memory access (GB): 0.130859375 | Attainable performance: 37400 | Computation load: 0.0025668449197860962
Eqn 141 in layer 3: Primitive: dot_general | FLOPs (GB): 32.0 | Memory access (GB): 0.5625 | Attainable performance: 37400 | Computation load: 0.000855614973262032
Eqn 153 in layer 3: Primitive: dot_general | FLOPs (GB): 32.0 | Memory access (GB): 0.5625 | Attainable performance: 37400 | Computation load: 0.000855614973262032
Eqn 156 in layer 3: Primitive: dot_general | FLOPs (GB): 1000.0 | Memory access (GB): 1.06884765625 | Attainable performance: 37400 | Computation load: 0.026737967914438502
Eqn 162 in layer 3: Primitive: remat2 | FLOPs (GB): 8856.0 | Memory access (GB): 16.07177735865116 | Attainable performance: 37400 | Computation load: 0.23679144385026737
Layer computation load: 0.33240641711229946

Layer 4:
Eqn 25 in layer 4: Primitive: dot_general | FLOPs (GB): 0.5 | Memory access (GB): 0.0317688062787056 | Attainable performance: 10954.141523197928 | Computation load: 4.5644836607335626e-05
Eqn 92 in layer 4: Primitive: dot_general | FLOPs (GB): 0.125 | Memory access (GB): 0.13330078125 | Attainable performance: 652.6593406593406 | Computation load: 0.00019152411099137933
Eqn 105 in layer 4: Primitive: dot_general | FLOPs (GB): 0.125 | Memory access (GB): 0.13330078125 | Attainable performance: 652.6593406593406 | Computation load: 0.00019152411099137933
Eqn 109 in layer 4: Primitive: dot_general | FLOPs (GB): 128.0 | Memory access (GB): 0.21875 | Attainable performance: 37400 | Computation load: 0.003422459893048128
Eqn 111 in layer 4: Primitive: dot_general | FLOPs (GB): 512.0 | Memory access (GB): 0.8125 | Attainable performance: 37400 | Computation load: 0.013689839572192513
Eqn 112 in layer 4: Primitive: custom_jvp_call | FLOPs (GB): 0.25 | Memory access (GB): 2.0 | Attainable performance: 87.0 | Computation load: 0.0028735632183908046
Eqn 113 in layer 4: Primitive: dot_general | FLOPs (GB): 512.0 | Memory access (GB): 0.8125 | Attainable performance: 37400 | Computation load: 0.013689839572192513
Eqn 115 in layer 4: Primitive: dot_general | FLOPs (GB): 128.0 | Memory access (GB): 0.21875 | Attainable performance: 37400 | Computation load: 0.003422459893048128
Eqn 143 in layer 4: Primitive: remat2 | FLOPs (GB): 3714.2529296875 | Memory access (GB): 8.6053162291646 | Attainable performance: 37400 | Computation load: 0.09931157566009358
Layer computation load: 0.13683843086755576

Layer 5:
Eqn 1 in layer 5: Primitive: dot_general | FLOPs (GB): 96.0 | Memory access (GB): 0.130859375 | Attainable performance: 37400 | Computation load: 0.0025668449197860962
Eqn 21 in layer 5: Primitive: dot_general | FLOPs (GB): 32.0 | Memory access (GB): 0.5625 | Attainable performance: 37400 | Computation load: 0.000855614973262032
Eqn 33 in layer 5: Primitive: dot_general | FLOPs (GB): 32.0 | Memory access (GB): 0.5625 | Attainable performance: 37400 | Computation load: 0.000855614973262032
Eqn 36 in layer 5: Primitive: dot_general | FLOPs (GB): 1000.0 | Memory access (GB): 1.06884765625 | Attainable performance: 37400 | Computation load: 0.026737967914438502
Eqn 63 in layer 5: Primitive: dot_general | FLOPs (GB): 256.0 | Memory access (GB): 0.296875 | Attainable performance: 37400 | Computation load: 0.006844919786096256
Eqn 71 in layer 5: Primitive: dot_general | FLOPs (GB): 1000.0 | Memory access (GB): 1.06884765625 | Attainable performance: 37400 | Computation load: 0.026737967914438502
Eqn 98 in layer 5: Primitive: dot_general | FLOPs (GB): 96.0 | Memory access (GB): 0.130859375 | Attainable performance: 37400 | Computation load: 0.0025668449197860962
Eqn 118 in layer 5: Primitive: dot_general | FLOPs (GB): 32.0 | Memory access (GB): 0.5625 | Attainable performance: 37400 | Computation load: 0.000855614973262032
Eqn 130 in layer 5: Primitive: dot_general | FLOPs (GB): 32.0 | Memory access (GB): 0.5625 | Attainable performance: 37400 | Computation load: 0.000855614973262032
Eqn 133 in layer 5: Primitive: dot_general | FLOPs (GB): 1000.0 | Memory access (GB): 1.06884765625 | Attainable performance: 37400 | Computation load: 0.026737967914438502
Eqn 139 in layer 5: Primitive: remat2 | FLOPs (GB): 8856.0 | Memory access (GB): 16.07177735865116 | Attainable performance: 37400 | Computation load: 0.23679144385026737
Layer computation load: 0.33240641711229946

Layer 6:
Eqn 25 in layer 6: Primitive: dot_general | FLOPs (GB): 0.5 | Memory access (GB): 0.0317688062787056 | Attainable performance: 10954.141523197928 | Computation load: 4.5644836607335626e-05
Eqn 92 in layer 6: Primitive: dot_general | FLOPs (GB): 0.125 | Memory access (GB): 0.13330078125 | Attainable performance: 652.6593406593406 | Computation load: 0.00019152411099137933
Eqn 105 in layer 6: Primitive: dot_general | FLOPs (GB): 0.125 | Memory access (GB): 0.13330078125 | Attainable performance: 652.6593406593406 | Computation load: 0.00019152411099137933
Eqn 109 in layer 6: Primitive: dot_general | FLOPs (GB): 128.0 | Memory access (GB): 0.21875 | Attainable performance: 37400 | Computation load: 0.003422459893048128
Eqn 111 in layer 6: Primitive: dot_general | FLOPs (GB): 512.0 | Memory access (GB): 0.8125 | Attainable performance: 37400 | Computation load: 0.013689839572192513
Eqn 112 in layer 6: Primitive: custom_jvp_call | FLOPs (GB): 0.25 | Memory access (GB): 2.0 | Attainable performance: 87.0 | Computation load: 0.0028735632183908046
Eqn 113 in layer 6: Primitive: dot_general | FLOPs (GB): 512.0 | Memory access (GB): 0.8125 | Attainable performance: 37400 | Computation load: 0.013689839572192513
Eqn 115 in layer 6: Primitive: dot_general | FLOPs (GB): 128.0 | Memory access (GB): 0.21875 | Attainable performance: 37400 | Computation load: 0.003422459893048128
Eqn 143 in layer 6: Primitive: remat2 | FLOPs (GB): 3714.2529296875 | Memory access (GB): 8.6053162291646 | Attainable performance: 37400 | Computation load: 0.09931157566009358
Layer computation load: 0.13683843086755576

Layer 7:
Eqn 1 in layer 7: Primitive: dot_general | FLOPs (GB): 96.0 | Memory access (GB): 0.130859375 | Attainable performance: 37400 | Computation load: 0.0025668449197860962
Eqn 21 in layer 7: Primitive: dot_general | FLOPs (GB): 32.0 | Memory access (GB): 0.5625 | Attainable performance: 37400 | Computation load: 0.000855614973262032
Eqn 33 in layer 7: Primitive: dot_general | FLOPs (GB): 32.0 | Memory access (GB): 0.5625 | Attainable performance: 37400 | Computation load: 0.000855614973262032
Eqn 36 in layer 7: Primitive: dot_general | FLOPs (GB): 1000.0 | Memory access (GB): 1.06884765625 | Attainable performance: 37400 | Computation load: 0.026737967914438502
Eqn 63 in layer 7: Primitive: dot_general | FLOPs (GB): 256.0 | Memory access (GB): 0.296875 | Attainable performance: 37400 | Computation load: 0.006844919786096256
Eqn 71 in layer 7: Primitive: dot_general | FLOPs (GB): 1000.0 | Memory access (GB): 1.06884765625 | Attainable performance: 37400 | Computation load: 0.026737967914438502
Eqn 98 in layer 7: Primitive: dot_general | FLOPs (GB): 96.0 | Memory access (GB): 0.130859375 | Attainable performance: 37400 | Computation load: 0.0025668449197860962
Eqn 118 in layer 7: Primitive: dot_general | FLOPs (GB): 32.0 | Memory access (GB): 0.5625 | Attainable performance: 37400 | Computation load: 0.000855614973262032
Eqn 130 in layer 7: Primitive: dot_general | FLOPs (GB): 32.0 | Memory access (GB): 0.5625 | Attainable performance: 37400 | Computation load: 0.000855614973262032
Eqn 133 in layer 7: Primitive: dot_general | FLOPs (GB): 1000.0 | Memory access (GB): 1.06884765625 | Attainable performance: 37400 | Computation load: 0.026737967914438502
Eqn 139 in layer 7: Primitive: remat2 | FLOPs (GB): 8856.0 | Memory access (GB): 16.07177735865116 | Attainable performance: 37400 | Computation load: 0.23679144385026737
Layer computation load: 0.33240641711229946

Layer 8:
Eqn 25 in layer 8: Primitive: dot_general | FLOPs (GB): 0.5 | Memory access (GB): 0.0317688062787056 | Attainable performance: 10954.141523197928 | Computation load: 4.5644836607335626e-05
Eqn 92 in layer 8: Primitive: dot_general | FLOPs (GB): 0.125 | Memory access (GB): 0.13330078125 | Attainable performance: 652.6593406593406 | Computation load: 0.00019152411099137933
Eqn 105 in layer 8: Primitive: dot_general | FLOPs (GB): 0.125 | Memory access (GB): 0.13330078125 | Attainable performance: 652.6593406593406 | Computation load: 0.00019152411099137933
Eqn 109 in layer 8: Primitive: dot_general | FLOPs (GB): 128.0 | Memory access (GB): 0.21875 | Attainable performance: 37400 | Computation load: 0.003422459893048128
Eqn 111 in layer 8: Primitive: dot_general | FLOPs (GB): 512.0 | Memory access (GB): 0.8125 | Attainable performance: 37400 | Computation load: 0.013689839572192513
Eqn 112 in layer 8: Primitive: custom_jvp_call | FLOPs (GB): 0.25 | Memory access (GB): 2.0 | Attainable performance: 87.0 | Computation load: 0.0028735632183908046
Eqn 113 in layer 8: Primitive: dot_general | FLOPs (GB): 512.0 | Memory access (GB): 0.8125 | Attainable performance: 37400 | Computation load: 0.013689839572192513
Eqn 115 in layer 8: Primitive: dot_general | FLOPs (GB): 128.0 | Memory access (GB): 0.21875 | Attainable performance: 37400 | Computation load: 0.003422459893048128
Eqn 143 in layer 8: Primitive: remat2 | FLOPs (GB): 3714.2529296875 | Memory access (GB): 8.6053162291646 | Attainable performance: 37400 | Computation load: 0.09931157566009358
Layer computation load: 0.13683843086755576

Layer 9:
Eqn 1 in layer 9: Primitive: dot_general | FLOPs (GB): 96.0 | Memory access (GB): 0.130859375 | Attainable performance: 37400 | Computation load: 0.0025668449197860962
Eqn 21 in layer 9: Primitive: dot_general | FLOPs (GB): 32.0 | Memory access (GB): 0.5625 | Attainable performance: 37400 | Computation load: 0.000855614973262032
Eqn 33 in layer 9: Primitive: dot_general | FLOPs (GB): 32.0 | Memory access (GB): 0.5625 | Attainable performance: 37400 | Computation load: 0.000855614973262032
Eqn 36 in layer 9: Primitive: dot_general | FLOPs (GB): 1000.0 | Memory access (GB): 1.06884765625 | Attainable performance: 37400 | Computation load: 0.026737967914438502
Eqn 63 in layer 9: Primitive: dot_general | FLOPs (GB): 256.0 | Memory access (GB): 0.296875 | Attainable performance: 37400 | Computation load: 0.006844919786096256
Eqn 71 in layer 9: Primitive: dot_general | FLOPs (GB): 1000.0 | Memory access (GB): 1.06884765625 | Attainable performance: 37400 | Computation load: 0.026737967914438502
Eqn 98 in layer 9: Primitive: dot_general | FLOPs (GB): 96.0 | Memory access (GB): 0.130859375 | Attainable performance: 37400 | Computation load: 0.0025668449197860962
Eqn 118 in layer 9: Primitive: dot_general | FLOPs (GB): 32.0 | Memory access (GB): 0.5625 | Attainable performance: 37400 | Computation load: 0.000855614973262032
Eqn 130 in layer 9: Primitive: dot_general | FLOPs (GB): 32.0 | Memory access (GB): 0.5625 | Attainable performance: 37400 | Computation load: 0.000855614973262032
Eqn 133 in layer 9: Primitive: dot_general | FLOPs (GB): 1000.0 | Memory access (GB): 1.06884765625 | Attainable performance: 37400 | Computation load: 0.026737967914438502
Eqn 139 in layer 9: Primitive: remat2 | FLOPs (GB): 8856.0 | Memory access (GB): 16.07177735865116 | Attainable performance: 37400 | Computation load: 0.23679144385026737
Layer computation load: 0.33240641711229946

Layer 10:
Eqn 25 in layer 10: Primitive: dot_general | FLOPs (GB): 0.5 | Memory access (GB): 0.0317688062787056 | Attainable performance: 10954.141523197928 | Computation load: 4.5644836607335626e-05
Eqn 92 in layer 10: Primitive: dot_general | FLOPs (GB): 0.125 | Memory access (GB): 0.13330078125 | Attainable performance: 652.6593406593406 | Computation load: 0.00019152411099137933
Eqn 105 in layer 10: Primitive: dot_general | FLOPs (GB): 0.125 | Memory access (GB): 0.13330078125 | Attainable performance: 652.6593406593406 | Computation load: 0.00019152411099137933
Eqn 109 in layer 10: Primitive: dot_general | FLOPs (GB): 128.0 | Memory access (GB): 0.21875 | Attainable performance: 37400 | Computation load: 0.003422459893048128
Eqn 111 in layer 10: Primitive: dot_general | FLOPs (GB): 512.0 | Memory access (GB): 0.8125 | Attainable performance: 37400 | Computation load: 0.013689839572192513
Eqn 112 in layer 10: Primitive: custom_jvp_call | FLOPs (GB): 0.25 | Memory access (GB): 2.0 | Attainable performance: 87.0 | Computation load: 0.0028735632183908046
Eqn 113 in layer 10: Primitive: dot_general | FLOPs (GB): 512.0 | Memory access (GB): 0.8125 | Attainable performance: 37400 | Computation load: 0.013689839572192513
Eqn 115 in layer 10: Primitive: dot_general | FLOPs (GB): 128.0 | Memory access (GB): 0.21875 | Attainable performance: 37400 | Computation load: 0.003422459893048128
Eqn 143 in layer 10: Primitive: remat2 | FLOPs (GB): 3714.2529296875 | Memory access (GB): 8.6053162291646 | Attainable performance: 37400 | Computation load: 0.09931157566009358
Layer computation load: 0.13683843086755576

Layer 11:
Eqn 1 in layer 11: Primitive: dot_general | FLOPs (GB): 96.0 | Memory access (GB): 0.130859375 | Attainable performance: 37400 | Computation load: 0.0025668449197860962
Eqn 21 in layer 11: Primitive: dot_general | FLOPs (GB): 32.0 | Memory access (GB): 0.5625 | Attainable performance: 37400 | Computation load: 0.000855614973262032
Eqn 33 in layer 11: Primitive: dot_general | FLOPs (GB): 32.0 | Memory access (GB): 0.5625 | Attainable performance: 37400 | Computation load: 0.000855614973262032
Eqn 36 in layer 11: Primitive: dot_general | FLOPs (GB): 1000.0 | Memory access (GB): 1.06884765625 | Attainable performance: 37400 | Computation load: 0.026737967914438502
Eqn 63 in layer 11: Primitive: dot_general | FLOPs (GB): 256.0 | Memory access (GB): 0.296875 | Attainable performance: 37400 | Computation load: 0.006844919786096256
Eqn 71 in layer 11: Primitive: dot_general | FLOPs (GB): 1000.0 | Memory access (GB): 1.06884765625 | Attainable performance: 37400 | Computation load: 0.026737967914438502
Eqn 98 in layer 11: Primitive: dot_general | FLOPs (GB): 96.0 | Memory access (GB): 0.130859375 | Attainable performance: 37400 | Computation load: 0.0025668449197860962
Eqn 118 in layer 11: Primitive: dot_general | FLOPs (GB): 32.0 | Memory access (GB): 0.5625 | Attainable performance: 37400 | Computation load: 0.000855614973262032
Eqn 130 in layer 11: Primitive: dot_general | FLOPs (GB): 32.0 | Memory access (GB): 0.5625 | Attainable performance: 37400 | Computation load: 0.000855614973262032
Eqn 133 in layer 11: Primitive: dot_general | FLOPs (GB): 1000.0 | Memory access (GB): 1.06884765625 | Attainable performance: 37400 | Computation load: 0.026737967914438502
Eqn 139 in layer 11: Primitive: remat2 | FLOPs (GB): 8856.0 | Memory access (GB): 16.07177735865116 | Attainable performance: 37400 | Computation load: 0.23679144385026737
Layer computation load: 0.33240641711229946

Layer 12:
Eqn 25 in layer 12: Primitive: dot_general | FLOPs (GB): 0.5 | Memory access (GB): 0.0317688062787056 | Attainable performance: 10954.141523197928 | Computation load: 4.5644836607335626e-05
Eqn 92 in layer 12: Primitive: dot_general | FLOPs (GB): 0.125 | Memory access (GB): 0.13330078125 | Attainable performance: 652.6593406593406 | Computation load: 0.00019152411099137933
Eqn 105 in layer 12: Primitive: dot_general | FLOPs (GB): 0.125 | Memory access (GB): 0.13330078125 | Attainable performance: 652.6593406593406 | Computation load: 0.00019152411099137933
Eqn 109 in layer 12: Primitive: dot_general | FLOPs (GB): 128.0 | Memory access (GB): 0.21875 | Attainable performance: 37400 | Computation load: 0.003422459893048128
Eqn 111 in layer 12: Primitive: dot_general | FLOPs (GB): 512.0 | Memory access (GB): 0.8125 | Attainable performance: 37400 | Computation load: 0.013689839572192513
Eqn 112 in layer 12: Primitive: custom_jvp_call | FLOPs (GB): 0.25 | Memory access (GB): 2.0 | Attainable performance: 87.0 | Computation load: 0.0028735632183908046
Eqn 113 in layer 12: Primitive: dot_general | FLOPs (GB): 512.0 | Memory access (GB): 0.8125 | Attainable performance: 37400 | Computation load: 0.013689839572192513
Eqn 115 in layer 12: Primitive: dot_general | FLOPs (GB): 128.0 | Memory access (GB): 0.21875 | Attainable performance: 37400 | Computation load: 0.003422459893048128
Eqn 143 in layer 12: Primitive: remat2 | FLOPs (GB): 3714.2529296875 | Memory access (GB): 8.6053162291646 | Attainable performance: 37400 | Computation load: 0.09931157566009358
Layer computation load: 0.13683843086755576

Layer 13:
Eqn 1 in layer 13: Primitive: dot_general | FLOPs (GB): 96.0 | Memory access (GB): 0.130859375 | Attainable performance: 37400 | Computation load: 0.0025668449197860962
Eqn 21 in layer 13: Primitive: dot_general | FLOPs (GB): 32.0 | Memory access (GB): 0.5625 | Attainable performance: 37400 | Computation load: 0.000855614973262032
Eqn 33 in layer 13: Primitive: dot_general | FLOPs (GB): 32.0 | Memory access (GB): 0.5625 | Attainable performance: 37400 | Computation load: 0.000855614973262032
Eqn 36 in layer 13: Primitive: dot_general | FLOPs (GB): 1000.0 | Memory access (GB): 1.06884765625 | Attainable performance: 37400 | Computation load: 0.026737967914438502
Eqn 63 in layer 13: Primitive: dot_general | FLOPs (GB): 256.0 | Memory access (GB): 0.296875 | Attainable performance: 37400 | Computation load: 0.006844919786096256
Eqn 71 in layer 13: Primitive: dot_general | FLOPs (GB): 1000.0 | Memory access (GB): 1.06884765625 | Attainable performance: 37400 | Computation load: 0.026737967914438502
Eqn 98 in layer 13: Primitive: dot_general | FLOPs (GB): 96.0 | Memory access (GB): 0.130859375 | Attainable performance: 37400 | Computation load: 0.0025668449197860962
Eqn 118 in layer 13: Primitive: dot_general | FLOPs (GB): 32.0 | Memory access (GB): 0.5625 | Attainable performance: 37400 | Computation load: 0.000855614973262032
Eqn 130 in layer 13: Primitive: dot_general | FLOPs (GB): 32.0 | Memory access (GB): 0.5625 | Attainable performance: 37400 | Computation load: 0.000855614973262032
Eqn 133 in layer 13: Primitive: dot_general | FLOPs (GB): 1000.0 | Memory access (GB): 1.06884765625 | Attainable performance: 37400 | Computation load: 0.026737967914438502
Eqn 139 in layer 13: Primitive: remat2 | FLOPs (GB): 8856.0 | Memory access (GB): 16.07177735865116 | Attainable performance: 37400 | Computation load: 0.23679144385026737
Layer computation load: 0.33240641711229946

Layer 14:
Eqn 25 in layer 14: Primitive: dot_general | FLOPs (GB): 0.5 | Memory access (GB): 0.0317688062787056 | Attainable performance: 10954.141523197928 | Computation load: 4.5644836607335626e-05
Eqn 92 in layer 14: Primitive: dot_general | FLOPs (GB): 0.125 | Memory access (GB): 0.13330078125 | Attainable performance: 652.6593406593406 | Computation load: 0.00019152411099137933
Eqn 105 in layer 14: Primitive: dot_general | FLOPs (GB): 0.125 | Memory access (GB): 0.13330078125 | Attainable performance: 652.6593406593406 | Computation load: 0.00019152411099137933
Eqn 109 in layer 14: Primitive: dot_general | FLOPs (GB): 128.0 | Memory access (GB): 0.21875 | Attainable performance: 37400 | Computation load: 0.003422459893048128
Eqn 111 in layer 14: Primitive: dot_general | FLOPs (GB): 512.0 | Memory access (GB): 0.8125 | Attainable performance: 37400 | Computation load: 0.013689839572192513
Eqn 112 in layer 14: Primitive: custom_jvp_call | FLOPs (GB): 0.25 | Memory access (GB): 2.0 | Attainable performance: 87.0 | Computation load: 0.0028735632183908046
Eqn 113 in layer 14: Primitive: dot_general | FLOPs (GB): 512.0 | Memory access (GB): 0.8125 | Attainable performance: 37400 | Computation load: 0.013689839572192513
Eqn 115 in layer 14: Primitive: dot_general | FLOPs (GB): 128.0 | Memory access (GB): 0.21875 | Attainable performance: 37400 | Computation load: 0.003422459893048128
Eqn 143 in layer 14: Primitive: remat2 | FLOPs (GB): 3714.2529296875 | Memory access (GB): 8.6053162291646 | Attainable performance: 37400 | Computation load: 0.09931157566009358
Layer computation load: 0.13683843086755576

Layer 15:
Eqn 3 in layer 15: Primitive: remat2 | FLOPs (GB): 9440.0 | Memory access (GB): 13.43945313245058 | Attainable performance: 37400 | Computation load: 0.25240641711229944
Layer computation load: 0.25240641711229944
Layer memory access: [14.641113296151161, 20.16412364691496, 20.71734630316496, 22.08691407740116, 8.972229108214378, 22.08691407740116, 8.972229108214378, 22.08691407740116, 8.972229108214378, 22.08691407740116, 8.972229108214378, 22.08691407740116, 8.972229108214378, 22.08691407740116, 8.972229108214378, 13.43945313245058]

Layer GPU fractions:
[0.52, 0.62, 0.653, 0.673, 0.277, 0.673, 0.277, 0.673, 0.277, 0.673, 0.277, 0.673, 0.277, 0.673, 0.277, 0.511]

Layer GPU fractions:
[0.52, 0.62, 0.653, 0.673, 0.277, 0.673, 0.277, 0.673, 0.277, 0.673, 0.277, 0.673, 0.277, 0.673, 0.277, 0.511]

[]

[]

{}
[I] Pipeline partition mode: auto | Layer-to-stage partition: [[0, 1, 2, 3, 4, 5, 6], [7, 8, 9], [10, 11, 12], [13, 14, 15]]
[I] Pipeline partition mode: auto | Cell-generated physical mesh shapes: [(1, 2), (1, 2), (1, 2), (1, 2)]
[I] Loading model and transform to Jaxpr stages takes 29.529354572296143 s.
[I] The GPU sharding of pipeline stages is: [2, 2, 2, 2]
[I] Pipeline partition mode: auto | Parallel enum mode: auto | Parallel plans: [[StageShape(type='single', stage_shape=(1, 2), layer_shape=None), StageShape(type='single', stage_shape=(1, 2), layer_shape=None), StageShape(type='single', stage_shape=(2, 1), layer_shape=None), StageShape(type='single', stage_shape=(2, 1), layer_shape=None)]]

[I] (Parallel plan idx: 0) Sharding stages...
[I] Sharding stages takes 23.36684012413025 s.
[I] (Parallel plan idx: 0) SPMD partitioning and compiling (kernel fusing) HLO stages...
[I] SPMD partitioning and pre-compiling HLO modules concurrently takes 18.79001760482788 s.

[I] All parallel plans in the cell have been sharded and compiled.
[TMP] Writing only-sharded HLO text to '/home/cyxue/Projects/crius/Crius/runtime/jaxpr/tmp/moe_2.4B_256_sharded_stages.pkl'...
[TMP] Writing optimized HLO text to '/home/cyxue/Projects/crius/Crius/runtime/jaxpr/tmp/moe_2.4B_256_optimized_stages.pkl'...
[TMP] Writing inter-stages communicated vars to '/home/cyxue/Projects/crius/Crius/runtime/jaxpr/tmp/moe_2.4B_256_inter_stages_comm_vars.pkl'

[I] Parallel plan idx: 0 | Parallelism: [(1, 2), (1, 2), (2, 1), (2, 1)]

[I] (Parallel plan idx: 0) Parsing HLO texts and profiling XLA operators...
[I] Pipeline partition mode: auto | Preset physical mesh shapes: [(1, 2), (1, 2), (1, 2), (1, 2)]
[TMP] Loading offline profiled communication data: `1_a40_1_n_2_d_ib.pkl`...
[TMP] Loading offline profiled communication data: `2_a40_2_n_1_d_ib.pkl`...
\Time of module 0 (stage 0):
Intra-stage comm time: 0.047738355398178084
Grad sync time: 0

[I] Optimized module 0 for stage 0, comm time has been statically analyzed.
\Time of module 1 (stage 1):
Intra-stage comm time: 0.020100334286689756
Grad sync time: 0

[I] Optimized module 1 for stage 1, comm time has been statically analyzed.
\Time of module 2 (stage 2):
Intra-stage comm time: 0
Grad sync time: 0

[I] Optimized module 2 for stage 2, comm time has been statically analyzed.
\Time of module 3 (stage 3):
Intra-stage comm time: 0
Grad sync time: 0

[I] Optimized module 3 for stage 3, comm time has been statically analyzed.
\Time of module 4 (stage 3):
Intra-stage comm time: 0.00010043978691100935
Grad sync time: 0.05340785434915839

[I] Optimized module 4 for stage 3, comm time has been statically analyzed.
[WARN] Communication size of 'all-reduce' excceeds the maximum profiled size. Linear scaling is applied.
       - Communication size of the operator: 281049600.0 | Estimated comm time: 0.09605972390846
       - Max profiled communication size: 267386880 | Comm time: 0.08228549003601074
\Time of module 5 (stage 2):
Intra-stage comm time: 0.0
Grad sync time: 0.09605972390846

[I] Optimized module 5 for stage 2, comm time has been statically analyzed.
\Time of module 6 (stage 1):
Intra-stage comm time: 0.033743753330782056
Grad sync time: 0

[I] Optimized module 6 for stage 1, comm time has been statically analyzed.
\Time of module 7 (stage 0):
Intra-stage comm time: 0.0763259002473205
Grad sync time: 0

[I] Optimized module 7 for stage 0, comm time has been statically analyzed.
\Time of module 8 (stage 0):
Intra-stage comm time: 0.0060612844645220295
Grad sync time: 0

[I] Optimized module 8 for stage 0, comm time has been statically analyzed.
\Time of module 9 (stage 1):
Intra-stage comm time: 0.003047989455808421
Grad sync time: 0

[I] Optimized module 9 for stage 1, comm time has been statically analyzed.
\Time of module 10 (stage 2):
Intra-stage comm time: 0.05271983893693459
Grad sync time: 0

[I] Optimized module 10 for stage 2, comm time has been statically analyzed.
\Time of module 11 (stage 3):
Intra-stage comm time: 0.0359635481846908
Grad sync time: 0

[I] Optimized module 11 for stage 3, comm time has been statically analyzed.
[TMP] Memory footprint of the stage 0 is 8.088209848850965 GB, while the available memory of the XLA device is 35.33237304631621 GB.
[TMP] Memory footprint of the stage 1 is 2.235864643007517 GB, while the available memory of the XLA device is 35.33237304631621 GB.
[TMP] Memory footprint of the stage 2 is 6.3625564612448215 GB, while the available memory of the XLA device is 35.33237304631621 GB.
[TMP] Memory footprint of the stage 3 is 3.8468532599508762 GB, while the available memory of the XLA device is 35.33237304631621 GB.
[I] Only-sharded module 0 for stage 0, constructing entry XLA computation...
[I] Compiling HLO module...
[I] Profiling HLO modules...
    - Iteration 0/5: Kernel execution time: 0.08559624900000004 s.
    - Iteration 1/5: Kernel execution time: 0.08536380400000002 s.
    - Iteration 2/5: Kernel execution time: 0.08537638500000003 s.
    - Iteration 3/5: Kernel execution time: 0.08545359499999997 s.
    - Iteration 4/5: Kernel execution time: 0.08557398100000002 s.
[I] Only-sharded module 1 for stage 1, constructing entry XLA computation...
[I] Compiling HLO module...
[I] Profiling HLO modules...
    - Iteration 0/5: Kernel execution time: 0.03525236800000001 s.
    - Iteration 1/5: Kernel execution time: 0.035299309000000015 s.
    - Iteration 2/5: Kernel execution time: 0.03529117899999999 s.
    - Iteration 3/5: Kernel execution time: 0.035354222 s.
    - Iteration 4/5: Kernel execution time: 0.03522408100000002 s.
[I] Only-sharded module 2 for stage 2, constructing entry XLA computation...
[I] Compiling HLO module...
[I] Profiling HLO modules...
    - Iteration 0/5: Kernel execution time: 0.029232195999999995 s.
    - Iteration 1/5: Kernel execution time: 0.029389764000000006 s.
    - Iteration 2/5: Kernel execution time: 0.029373986000000005 s.
    - Iteration 3/5: Kernel execution time: 0.0294049 s.
    - Iteration 4/5: Kernel execution time: 0.02926631 s.
[I] Only-sharded module 3 for stage 3, constructing entry XLA computation...
[I] Compiling HLO module...
[I] Profiling HLO modules...
    - Iteration 0/5: Kernel execution time: 0.021047214999999998 s.
    - Iteration 1/5: Kernel execution time: 0.021088976000000002 s.
    - Iteration 2/5: Kernel execution time: 0.020995404000000002 s.
    - Iteration 3/5: Kernel execution time: 0.02096062100000001 s.
    - Iteration 4/5: Kernel execution time: 0.021105326 s.
[I] Only-sharded module 4 for stage 3, constructing entry XLA computation...
[I] Compiling HLO module...
[I] Profiling HLO modules...
    - Iteration 0/5: Kernel execution time: 0.10108581500000002 s.
    - Iteration 1/5: Kernel execution time: 0.10106562699999994 s.
    - Iteration 2/5: Kernel execution time: 0.10085771799999999 s.
    - Iteration 3/5: Kernel execution time: 0.101182141 s.
    - Iteration 4/5: Kernel execution time: 0.101320516 s.
[I] Only-sharded module 5 for stage 2, constructing entry XLA computation...
[I] Compiling HLO module...
[I] Profiling HLO modules...
    - Iteration 0/5: Kernel execution time: 0.08562248099999999 s.
    - Iteration 1/5: Kernel execution time: 0.08569310599999998 s.
    - Iteration 2/5: Kernel execution time: 0.08676347400000001 s.
    - Iteration 3/5: Kernel execution time: 0.0861029 s.
    - Iteration 4/5: Kernel execution time: 0.08615848900000003 s.
[I] Only-sharded module 6 for stage 1, constructing entry XLA computation...
[I] Compiling HLO module...
[I] Profiling HLO modules...
    - Iteration 0/5: Kernel execution time: 0.08979067599999996 s.
    - Iteration 1/5: Kernel execution time: 0.08987359 s.
    - Iteration 2/5: Kernel execution time: 0.08975665200000002 s.
    - Iteration 3/5: Kernel execution time: 0.08946541099999993 s.
    - Iteration 4/5: Kernel execution time: 0.08946691899999996 s.
[I] Only-sharded module 7 for stage 0, constructing entry XLA computation...
[I] Compiling HLO module...
[I] Profiling HLO modules...
    - Iteration 0/5: Kernel execution time: 0.22524638200000016 s.
    - Iteration 1/5: Kernel execution time: 0.22474965199999997 s.
    - Iteration 2/5: Kernel execution time: 0.22424205499999997 s.
    - Iteration 3/5: Kernel execution time: 0.22492800599999993 s.
    - Iteration 4/5: Kernel execution time: 0.22434926599999983 s.
[I] Only-sharded module 8 for stage 0, constructing entry XLA computation...
[I] Compiling HLO module...
[I] Profiling HLO modules...
    - Iteration 0/5: Kernel execution time: 0.032714764 s.
    - Iteration 1/5: Kernel execution time: 0.032719258000000015 s.
    - Iteration 2/5: Kernel execution time: 0.032732989000000004 s.
    - Iteration 3/5: Kernel execution time: 0.032736453 s.
    - Iteration 4/5: Kernel execution time: 0.032882716000000006 s.
[I] Only-sharded module 9 for stage 1, constructing entry XLA computation...
[I] Compiling HLO module...
[I] Profiling HLO modules...
    - Iteration 0/5: Kernel execution time: 0.009101791 s.
    - Iteration 1/5: Kernel execution time: 0.009084764999999998 s.
    - Iteration 2/5: Kernel execution time: 0.009083392 s.
    - Iteration 3/5: Kernel execution time: 0.009090135 s.
    - Iteration 4/5: Kernel execution time: 0.009096802999999999 s.
[I] Only-sharded module 10 for stage 2, constructing entry XLA computation...
[I] Compiling HLO module...
[I] Profiling HLO modules...
    - Iteration 0/5: Kernel execution time: 0.017383291000000006 s.
    - Iteration 1/5: Kernel execution time: 0.017384784000000004 s.
    - Iteration 2/5: Kernel execution time: 0.017367992999999998 s.
    - Iteration 3/5: Kernel execution time: 0.017400122 s.
    - Iteration 4/5: Kernel execution time: 0.017394874 s.
[I] Only-sharded module 11 for stage 3, constructing entry XLA computation...
[I] Compiling HLO module...
[I] Profiling HLO modules...
    - Iteration 0/5: Kernel execution time: 0.011139652 s.
    - Iteration 1/5: Kernel execution time: 0.011145267000000002 s.
    - Iteration 2/5: Kernel execution time: 0.011148242 s.
    - Iteration 3/5: Kernel execution time: 0.011137065000000002 s.
    - Iteration 4/5: Kernel execution time: 0.011146986999999999 s.
[I] Constructing single-device HLO modules concurrently takes 0.1609177589416504 s.
[I] Compile single-device HLO modules concurrently takes 7.170913457870483 s.
[I] Profile all compiled sequentially on one GPU takes 14.78983998298645 s.
[I] Estimated e2e pipeline iteration time is: 8.187197335908651 s.
    - Kernel computation time is: -1.0 s.
    - Communication time is: -1.0 s.
    - Cross-stages communication time is: -1.0 s.
