
[I] Loading Crius kernel-level profiler...
[TMP] Profiling results not found in `None`, creating it...

[I] Loading model and generating sharded HLO module...
[I] Initializing XLA devices takes 0.7270307540893555 s.
[I] Loading flax model....
[I] Model 'moe' loads sucessfully. Model Info: 

FlaxMoEForLMModule(
    # attributes
    config = <model.moe_model.MoEConfig object at 0x7f330c1b7670>
    dtype = float16
    bias_init = zeros
) 

[I] Initialize training state...
[I] Training state initialization is completed.
[I] Constructing general train step func...
[I] General train step func construction is completed.
[I] Model has been loaded, begin Jaxpr transformation...


Layer 0:
Eqn 5 in layer 0: Primitive: dot_general | FLOPs (GB): 1000.0 | Memory access (GB): 1.06884765625 | Attainable performance: 37400 | Computation load: 0.026737967914438502
Eqn 10 in layer 0: Primitive: dot_general | FLOPs (GB): 1000.0 | Memory access (GB): 1.06884765625 | Attainable performance: 37400 | Computation load: 0.026737967914438502
Eqn 36 in layer 0: Primitive: dot_general | FLOPs (GB): 96.0 | Memory access (GB): 0.130859375 | Attainable performance: 37400 | Computation load: 0.0025668449197860962
Eqn 56 in layer 0: Primitive: dot_general | FLOPs (GB): 32.0 | Memory access (GB): 0.5625 | Attainable performance: 37400 | Computation load: 0.000855614973262032
Eqn 68 in layer 0: Primitive: dot_general | FLOPs (GB): 32.0 | Memory access (GB): 0.5625 | Attainable performance: 37400 | Computation load: 0.000855614973262032
Eqn 71 in layer 0: Primitive: dot_general | FLOPs (GB): 1000.0 | Memory access (GB): 1.06884765625 | Attainable performance: 37400 | Computation load: 0.026737967914438502
Eqn 100 in layer 0: Primitive: remat2 | FLOPs (GB): 6448.0 | Memory access (GB): 10.178710952401161 | Attainable performance: 37400 | Computation load: 0.17240641711229945
Layer computation load: 0.25689839572192513

Layer 1:
Eqn 2 in layer 1: Primitive: dot_general | FLOPs (GB): 0.5 | Memory access (GB): 0.0317688062787056 | Attainable performance: 10954.141523197928 | Computation load: 4.5644836607335626e-05
Eqn 69 in layer 1: Primitive: dot_general | FLOPs (GB): 0.125 | Memory access (GB): 0.13330078125 | Attainable performance: 652.6593406593406 | Computation load: 0.00019152411099137933
Eqn 82 in layer 1: Primitive: dot_general | FLOPs (GB): 0.125 | Memory access (GB): 0.13330078125 | Attainable performance: 652.6593406593406 | Computation load: 0.00019152411099137933
Eqn 86 in layer 1: Primitive: dot_general | FLOPs (GB): 128.0 | Memory access (GB): 0.21875 | Attainable performance: 37400 | Computation load: 0.003422459893048128
Eqn 88 in layer 1: Primitive: dot_general | FLOPs (GB): 512.0 | Memory access (GB): 0.8125 | Attainable performance: 37400 | Computation load: 0.013689839572192513
Eqn 89 in layer 1: Primitive: custom_jvp_call | FLOPs (GB): 0.25 | Memory access (GB): 2.0 | Attainable performance: 87.0 | Computation load: 0.0028735632183908046
Eqn 90 in layer 1: Primitive: dot_general | FLOPs (GB): 512.0 | Memory access (GB): 0.8125 | Attainable performance: 37400 | Computation load: 0.013689839572192513
Eqn 92 in layer 1: Primitive: dot_general | FLOPs (GB): 128.0 | Memory access (GB): 0.21875 | Attainable performance: 37400 | Computation load: 0.003422459893048128
Eqn 118 in layer 1: Primitive: dot_general | FLOPs (GB): 96.0 | Memory access (GB): 0.130859375 | Attainable performance: 37400 | Computation load: 0.0025668449197860962
Eqn 138 in layer 1: Primitive: dot_general | FLOPs (GB): 32.0 | Memory access (GB): 0.5625 | Attainable performance: 37400 | Computation load: 0.000855614973262032
Eqn 150 in layer 1: Primitive: dot_general | FLOPs (GB): 32.0 | Memory access (GB): 0.5625 | Attainable performance: 37400 | Computation load: 0.000855614973262032
Eqn 153 in layer 1: Primitive: dot_general | FLOPs (GB): 1000.0 | Memory access (GB): 1.06884765625 | Attainable performance: 37400 | Computation load: 0.026737967914438502
Eqn 180 in layer 1: Primitive: dot_general | FLOPs (GB): 256.0 | Memory access (GB): 0.296875 | Attainable performance: 37400 | Computation load: 0.006844919786096256
Eqn 189 in layer 1: Primitive: remat2 | FLOPs (GB): 8642.2529296875 | Memory access (GB): 17.17562873661518 | Attainable performance: 37400 | Computation load: 0.23107628154244653
Layer computation load: 0.3064640993167536

Layer 2:
Eqn 2 in layer 2: Primitive: dot_general | FLOPs (GB): 1000.0 | Memory access (GB): 1.06884765625 | Attainable performance: 37400 | Computation load: 0.026737967914438502
Eqn 29 in layer 2: Primitive: dot_general | FLOPs (GB): 96.0 | Memory access (GB): 0.130859375 | Attainable performance: 37400 | Computation load: 0.0025668449197860962
Eqn 49 in layer 2: Primitive: dot_general | FLOPs (GB): 32.0 | Memory access (GB): 0.5625 | Attainable performance: 37400 | Computation load: 0.000855614973262032
Eqn 61 in layer 2: Primitive: dot_general | FLOPs (GB): 32.0 | Memory access (GB): 0.5625 | Attainable performance: 37400 | Computation load: 0.000855614973262032
Eqn 64 in layer 2: Primitive: dot_general | FLOPs (GB): 1000.0 | Memory access (GB): 1.06884765625 | Attainable performance: 37400 | Computation load: 0.026737967914438502
Eqn 92 in layer 2: Primitive: dot_general | FLOPs (GB): 0.5 | Memory access (GB): 0.0317688062787056 | Attainable performance: 10954.141523197928 | Computation load: 4.5644836607335626e-05
Eqn 159 in layer 2: Primitive: dot_general | FLOPs (GB): 0.125 | Memory access (GB): 0.13330078125 | Attainable performance: 652.6593406593406 | Computation load: 0.00019152411099137933
Eqn 172 in layer 2: Primitive: dot_general | FLOPs (GB): 0.125 | Memory access (GB): 0.13330078125 | Attainable performance: 652.6593406593406 | Computation load: 0.00019152411099137933
Eqn 176 in layer 2: Primitive: dot_general | FLOPs (GB): 128.0 | Memory access (GB): 0.21875 | Attainable performance: 37400 | Computation load: 0.003422459893048128
Eqn 178 in layer 2: Primitive: dot_general | FLOPs (GB): 512.0 | Memory access (GB): 0.8125 | Attainable performance: 37400 | Computation load: 0.013689839572192513
Eqn 179 in layer 2: Primitive: custom_jvp_call | FLOPs (GB): 0.25 | Memory access (GB): 2.0 | Attainable performance: 87.0 | Computation load: 0.0028735632183908046
Eqn 180 in layer 2: Primitive: dot_general | FLOPs (GB): 512.0 | Memory access (GB): 0.8125 | Attainable performance: 37400 | Computation load: 0.013689839572192513
Eqn 182 in layer 2: Primitive: dot_general | FLOPs (GB): 128.0 | Memory access (GB): 0.21875 | Attainable performance: 37400 | Computation load: 0.003422459893048128
Eqn 187 in layer 2: Primitive: remat2 | FLOPs (GB): 8514.2529296875 | Memory access (GB): 16.95687873661518 | Attainable performance: 37400 | Computation load: 0.2276538216493984
Layer computation load: 0.32293468755204774

Layer 3:
Eqn 24 in layer 3: Primitive: dot_general | FLOPs (GB): 96.0 | Memory access (GB): 0.130859375 | Attainable performance: 37400 | Computation load: 0.0025668449197860962
Eqn 44 in layer 3: Primitive: dot_general | FLOPs (GB): 32.0 | Memory access (GB): 0.5625 | Attainable performance: 37400 | Computation load: 0.000855614973262032
Eqn 56 in layer 3: Primitive: dot_general | FLOPs (GB): 32.0 | Memory access (GB): 0.5625 | Attainable performance: 37400 | Computation load: 0.000855614973262032
Eqn 59 in layer 3: Primitive: dot_general | FLOPs (GB): 1000.0 | Memory access (GB): 1.06884765625 | Attainable performance: 37400 | Computation load: 0.026737967914438502
Eqn 86 in layer 3: Primitive: dot_general | FLOPs (GB): 256.0 | Memory access (GB): 0.296875 | Attainable performance: 37400 | Computation load: 0.006844919786096256
Eqn 94 in layer 3: Primitive: dot_general | FLOPs (GB): 1000.0 | Memory access (GB): 1.06884765625 | Attainable performance: 37400 | Computation load: 0.026737967914438502
Eqn 121 in layer 3: Primitive: dot_general | FLOPs (GB): 96.0 | Memory access (GB): 0.130859375 | Attainable performance: 37400 | Computation load: 0.0025668449197860962
Eqn 141 in layer 3: Primitive: dot_general | FLOPs (GB): 32.0 | Memory access (GB): 0.5625 | Attainable performance: 37400 | Computation load: 0.000855614973262032
Eqn 153 in layer 3: Primitive: dot_general | FLOPs (GB): 32.0 | Memory access (GB): 0.5625 | Attainable performance: 37400 | Computation load: 0.000855614973262032
Eqn 156 in layer 3: Primitive: dot_general | FLOPs (GB): 1000.0 | Memory access (GB): 1.06884765625 | Attainable performance: 37400 | Computation load: 0.026737967914438502
Eqn 162 in layer 3: Primitive: remat2 | FLOPs (GB): 8856.0 | Memory access (GB): 16.07177735865116 | Attainable performance: 37400 | Computation load: 0.23679144385026737
Layer computation load: 0.33240641711229946

Layer 4:
Eqn 25 in layer 4: Primitive: dot_general | FLOPs (GB): 0.5 | Memory access (GB): 0.0317688062787056 | Attainable performance: 10954.141523197928 | Computation load: 4.5644836607335626e-05
Eqn 92 in layer 4: Primitive: dot_general | FLOPs (GB): 0.125 | Memory access (GB): 0.13330078125 | Attainable performance: 652.6593406593406 | Computation load: 0.00019152411099137933
Eqn 105 in layer 4: Primitive: dot_general | FLOPs (GB): 0.125 | Memory access (GB): 0.13330078125 | Attainable performance: 652.6593406593406 | Computation load: 0.00019152411099137933
Eqn 109 in layer 4: Primitive: dot_general | FLOPs (GB): 128.0 | Memory access (GB): 0.21875 | Attainable performance: 37400 | Computation load: 0.003422459893048128
Eqn 111 in layer 4: Primitive: dot_general | FLOPs (GB): 512.0 | Memory access (GB): 0.8125 | Attainable performance: 37400 | Computation load: 0.013689839572192513
Eqn 112 in layer 4: Primitive: custom_jvp_call | FLOPs (GB): 0.25 | Memory access (GB): 2.0 | Attainable performance: 87.0 | Computation load: 0.0028735632183908046
Eqn 113 in layer 4: Primitive: dot_general | FLOPs (GB): 512.0 | Memory access (GB): 0.8125 | Attainable performance: 37400 | Computation load: 0.013689839572192513
Eqn 115 in layer 4: Primitive: dot_general | FLOPs (GB): 128.0 | Memory access (GB): 0.21875 | Attainable performance: 37400 | Computation load: 0.003422459893048128
Eqn 143 in layer 4: Primitive: remat2 | FLOPs (GB): 3714.2529296875 | Memory access (GB): 8.6053162291646 | Attainable performance: 37400 | Computation load: 0.09931157566009358
Layer computation load: 0.13683843086755576

Layer 5:
Eqn 1 in layer 5: Primitive: dot_general | FLOPs (GB): 96.0 | Memory access (GB): 0.130859375 | Attainable performance: 37400 | Computation load: 0.0025668449197860962
Eqn 21 in layer 5: Primitive: dot_general | FLOPs (GB): 32.0 | Memory access (GB): 0.5625 | Attainable performance: 37400 | Computation load: 0.000855614973262032
Eqn 33 in layer 5: Primitive: dot_general | FLOPs (GB): 32.0 | Memory access (GB): 0.5625 | Attainable performance: 37400 | Computation load: 0.000855614973262032
Eqn 36 in layer 5: Primitive: dot_general | FLOPs (GB): 1000.0 | Memory access (GB): 1.06884765625 | Attainable performance: 37400 | Computation load: 0.026737967914438502
Eqn 63 in layer 5: Primitive: dot_general | FLOPs (GB): 256.0 | Memory access (GB): 0.296875 | Attainable performance: 37400 | Computation load: 0.006844919786096256
Eqn 71 in layer 5: Primitive: dot_general | FLOPs (GB): 1000.0 | Memory access (GB): 1.06884765625 | Attainable performance: 37400 | Computation load: 0.026737967914438502
Eqn 98 in layer 5: Primitive: dot_general | FLOPs (GB): 96.0 | Memory access (GB): 0.130859375 | Attainable performance: 37400 | Computation load: 0.0025668449197860962
Eqn 118 in layer 5: Primitive: dot_general | FLOPs (GB): 32.0 | Memory access (GB): 0.5625 | Attainable performance: 37400 | Computation load: 0.000855614973262032
Eqn 130 in layer 5: Primitive: dot_general | FLOPs (GB): 32.0 | Memory access (GB): 0.5625 | Attainable performance: 37400 | Computation load: 0.000855614973262032
Eqn 133 in layer 5: Primitive: dot_general | FLOPs (GB): 1000.0 | Memory access (GB): 1.06884765625 | Attainable performance: 37400 | Computation load: 0.026737967914438502
Eqn 139 in layer 5: Primitive: remat2 | FLOPs (GB): 8856.0 | Memory access (GB): 16.07177735865116 | Attainable performance: 37400 | Computation load: 0.23679144385026737
Layer computation load: 0.33240641711229946

Layer 6:
Eqn 25 in layer 6: Primitive: dot_general | FLOPs (GB): 0.5 | Memory access (GB): 0.0317688062787056 | Attainable performance: 10954.141523197928 | Computation load: 4.5644836607335626e-05
Eqn 92 in layer 6: Primitive: dot_general | FLOPs (GB): 0.125 | Memory access (GB): 0.13330078125 | Attainable performance: 652.6593406593406 | Computation load: 0.00019152411099137933
Eqn 105 in layer 6: Primitive: dot_general | FLOPs (GB): 0.125 | Memory access (GB): 0.13330078125 | Attainable performance: 652.6593406593406 | Computation load: 0.00019152411099137933
Eqn 109 in layer 6: Primitive: dot_general | FLOPs (GB): 128.0 | Memory access (GB): 0.21875 | Attainable performance: 37400 | Computation load: 0.003422459893048128
Eqn 111 in layer 6: Primitive: dot_general | FLOPs (GB): 512.0 | Memory access (GB): 0.8125 | Attainable performance: 37400 | Computation load: 0.013689839572192513
Eqn 112 in layer 6: Primitive: custom_jvp_call | FLOPs (GB): 0.25 | Memory access (GB): 2.0 | Attainable performance: 87.0 | Computation load: 0.0028735632183908046
Eqn 113 in layer 6: Primitive: dot_general | FLOPs (GB): 512.0 | Memory access (GB): 0.8125 | Attainable performance: 37400 | Computation load: 0.013689839572192513
Eqn 115 in layer 6: Primitive: dot_general | FLOPs (GB): 128.0 | Memory access (GB): 0.21875 | Attainable performance: 37400 | Computation load: 0.003422459893048128
Eqn 143 in layer 6: Primitive: remat2 | FLOPs (GB): 3714.2529296875 | Memory access (GB): 8.6053162291646 | Attainable performance: 37400 | Computation load: 0.09931157566009358
Layer computation load: 0.13683843086755576

Layer 7:
Eqn 1 in layer 7: Primitive: dot_general | FLOPs (GB): 96.0 | Memory access (GB): 0.130859375 | Attainable performance: 37400 | Computation load: 0.0025668449197860962
Eqn 21 in layer 7: Primitive: dot_general | FLOPs (GB): 32.0 | Memory access (GB): 0.5625 | Attainable performance: 37400 | Computation load: 0.000855614973262032
Eqn 33 in layer 7: Primitive: dot_general | FLOPs (GB): 32.0 | Memory access (GB): 0.5625 | Attainable performance: 37400 | Computation load: 0.000855614973262032
Eqn 36 in layer 7: Primitive: dot_general | FLOPs (GB): 1000.0 | Memory access (GB): 1.06884765625 | Attainable performance: 37400 | Computation load: 0.026737967914438502
Eqn 63 in layer 7: Primitive: dot_general | FLOPs (GB): 256.0 | Memory access (GB): 0.296875 | Attainable performance: 37400 | Computation load: 0.006844919786096256
Eqn 71 in layer 7: Primitive: dot_general | FLOPs (GB): 1000.0 | Memory access (GB): 1.06884765625 | Attainable performance: 37400 | Computation load: 0.026737967914438502
Eqn 98 in layer 7: Primitive: dot_general | FLOPs (GB): 96.0 | Memory access (GB): 0.130859375 | Attainable performance: 37400 | Computation load: 0.0025668449197860962
Eqn 118 in layer 7: Primitive: dot_general | FLOPs (GB): 32.0 | Memory access (GB): 0.5625 | Attainable performance: 37400 | Computation load: 0.000855614973262032
Eqn 130 in layer 7: Primitive: dot_general | FLOPs (GB): 32.0 | Memory access (GB): 0.5625 | Attainable performance: 37400 | Computation load: 0.000855614973262032
Eqn 133 in layer 7: Primitive: dot_general | FLOPs (GB): 1000.0 | Memory access (GB): 1.06884765625 | Attainable performance: 37400 | Computation load: 0.026737967914438502
Eqn 139 in layer 7: Primitive: remat2 | FLOPs (GB): 8856.0 | Memory access (GB): 16.07177735865116 | Attainable performance: 37400 | Computation load: 0.23679144385026737
Layer computation load: 0.33240641711229946

Layer 8:
Eqn 25 in layer 8: Primitive: dot_general | FLOPs (GB): 0.5 | Memory access (GB): 0.0317688062787056 | Attainable performance: 10954.141523197928 | Computation load: 4.5644836607335626e-05
Eqn 92 in layer 8: Primitive: dot_general | FLOPs (GB): 0.125 | Memory access (GB): 0.13330078125 | Attainable performance: 652.6593406593406 | Computation load: 0.00019152411099137933
Eqn 105 in layer 8: Primitive: dot_general | FLOPs (GB): 0.125 | Memory access (GB): 0.13330078125 | Attainable performance: 652.6593406593406 | Computation load: 0.00019152411099137933
Eqn 109 in layer 8: Primitive: dot_general | FLOPs (GB): 128.0 | Memory access (GB): 0.21875 | Attainable performance: 37400 | Computation load: 0.003422459893048128
Eqn 111 in layer 8: Primitive: dot_general | FLOPs (GB): 512.0 | Memory access (GB): 0.8125 | Attainable performance: 37400 | Computation load: 0.013689839572192513
Eqn 112 in layer 8: Primitive: custom_jvp_call | FLOPs (GB): 0.25 | Memory access (GB): 2.0 | Attainable performance: 87.0 | Computation load: 0.0028735632183908046
Eqn 113 in layer 8: Primitive: dot_general | FLOPs (GB): 512.0 | Memory access (GB): 0.8125 | Attainable performance: 37400 | Computation load: 0.013689839572192513
Eqn 115 in layer 8: Primitive: dot_general | FLOPs (GB): 128.0 | Memory access (GB): 0.21875 | Attainable performance: 37400 | Computation load: 0.003422459893048128
Eqn 143 in layer 8: Primitive: remat2 | FLOPs (GB): 3714.2529296875 | Memory access (GB): 8.6053162291646 | Attainable performance: 37400 | Computation load: 0.09931157566009358
Layer computation load: 0.13683843086755576

Layer 9:
Eqn 1 in layer 9: Primitive: dot_general | FLOPs (GB): 96.0 | Memory access (GB): 0.130859375 | Attainable performance: 37400 | Computation load: 0.0025668449197860962
Eqn 21 in layer 9: Primitive: dot_general | FLOPs (GB): 32.0 | Memory access (GB): 0.5625 | Attainable performance: 37400 | Computation load: 0.000855614973262032
Eqn 33 in layer 9: Primitive: dot_general | FLOPs (GB): 32.0 | Memory access (GB): 0.5625 | Attainable performance: 37400 | Computation load: 0.000855614973262032
Eqn 36 in layer 9: Primitive: dot_general | FLOPs (GB): 1000.0 | Memory access (GB): 1.06884765625 | Attainable performance: 37400 | Computation load: 0.026737967914438502
Eqn 63 in layer 9: Primitive: dot_general | FLOPs (GB): 256.0 | Memory access (GB): 0.296875 | Attainable performance: 37400 | Computation load: 0.006844919786096256
Eqn 71 in layer 9: Primitive: dot_general | FLOPs (GB): 1000.0 | Memory access (GB): 1.06884765625 | Attainable performance: 37400 | Computation load: 0.026737967914438502
Eqn 98 in layer 9: Primitive: dot_general | FLOPs (GB): 96.0 | Memory access (GB): 0.130859375 | Attainable performance: 37400 | Computation load: 0.0025668449197860962
Eqn 118 in layer 9: Primitive: dot_general | FLOPs (GB): 32.0 | Memory access (GB): 0.5625 | Attainable performance: 37400 | Computation load: 0.000855614973262032
Eqn 130 in layer 9: Primitive: dot_general | FLOPs (GB): 32.0 | Memory access (GB): 0.5625 | Attainable performance: 37400 | Computation load: 0.000855614973262032
Eqn 133 in layer 9: Primitive: dot_general | FLOPs (GB): 1000.0 | Memory access (GB): 1.06884765625 | Attainable performance: 37400 | Computation load: 0.026737967914438502
Eqn 139 in layer 9: Primitive: remat2 | FLOPs (GB): 8856.0 | Memory access (GB): 16.07177735865116 | Attainable performance: 37400 | Computation load: 0.23679144385026737
Layer computation load: 0.33240641711229946

Layer 10:
Eqn 25 in layer 10: Primitive: dot_general | FLOPs (GB): 0.5 | Memory access (GB): 0.0317688062787056 | Attainable performance: 10954.141523197928 | Computation load: 4.5644836607335626e-05
Eqn 92 in layer 10: Primitive: dot_general | FLOPs (GB): 0.125 | Memory access (GB): 0.13330078125 | Attainable performance: 652.6593406593406 | Computation load: 0.00019152411099137933
Eqn 105 in layer 10: Primitive: dot_general | FLOPs (GB): 0.125 | Memory access (GB): 0.13330078125 | Attainable performance: 652.6593406593406 | Computation load: 0.00019152411099137933
Eqn 109 in layer 10: Primitive: dot_general | FLOPs (GB): 128.0 | Memory access (GB): 0.21875 | Attainable performance: 37400 | Computation load: 0.003422459893048128
Eqn 111 in layer 10: Primitive: dot_general | FLOPs (GB): 512.0 | Memory access (GB): 0.8125 | Attainable performance: 37400 | Computation load: 0.013689839572192513
Eqn 112 in layer 10: Primitive: custom_jvp_call | FLOPs (GB): 0.25 | Memory access (GB): 2.0 | Attainable performance: 87.0 | Computation load: 0.0028735632183908046
Eqn 113 in layer 10: Primitive: dot_general | FLOPs (GB): 512.0 | Memory access (GB): 0.8125 | Attainable performance: 37400 | Computation load: 0.013689839572192513
Eqn 115 in layer 10: Primitive: dot_general | FLOPs (GB): 128.0 | Memory access (GB): 0.21875 | Attainable performance: 37400 | Computation load: 0.003422459893048128
Eqn 143 in layer 10: Primitive: remat2 | FLOPs (GB): 3714.2529296875 | Memory access (GB): 8.6053162291646 | Attainable performance: 37400 | Computation load: 0.09931157566009358
Layer computation load: 0.13683843086755576

Layer 11:
Eqn 1 in layer 11: Primitive: dot_general | FLOPs (GB): 96.0 | Memory access (GB): 0.130859375 | Attainable performance: 37400 | Computation load: 0.0025668449197860962
Eqn 21 in layer 11: Primitive: dot_general | FLOPs (GB): 32.0 | Memory access (GB): 0.5625 | Attainable performance: 37400 | Computation load: 0.000855614973262032
Eqn 33 in layer 11: Primitive: dot_general | FLOPs (GB): 32.0 | Memory access (GB): 0.5625 | Attainable performance: 37400 | Computation load: 0.000855614973262032
Eqn 36 in layer 11: Primitive: dot_general | FLOPs (GB): 1000.0 | Memory access (GB): 1.06884765625 | Attainable performance: 37400 | Computation load: 0.026737967914438502
Eqn 63 in layer 11: Primitive: dot_general | FLOPs (GB): 256.0 | Memory access (GB): 0.296875 | Attainable performance: 37400 | Computation load: 0.006844919786096256
Eqn 71 in layer 11: Primitive: dot_general | FLOPs (GB): 1000.0 | Memory access (GB): 1.06884765625 | Attainable performance: 37400 | Computation load: 0.026737967914438502
Eqn 98 in layer 11: Primitive: dot_general | FLOPs (GB): 96.0 | Memory access (GB): 0.130859375 | Attainable performance: 37400 | Computation load: 0.0025668449197860962
Eqn 118 in layer 11: Primitive: dot_general | FLOPs (GB): 32.0 | Memory access (GB): 0.5625 | Attainable performance: 37400 | Computation load: 0.000855614973262032
Eqn 130 in layer 11: Primitive: dot_general | FLOPs (GB): 32.0 | Memory access (GB): 0.5625 | Attainable performance: 37400 | Computation load: 0.000855614973262032
Eqn 133 in layer 11: Primitive: dot_general | FLOPs (GB): 1000.0 | Memory access (GB): 1.06884765625 | Attainable performance: 37400 | Computation load: 0.026737967914438502
Eqn 139 in layer 11: Primitive: remat2 | FLOPs (GB): 8856.0 | Memory access (GB): 16.07177735865116 | Attainable performance: 37400 | Computation load: 0.23679144385026737
Layer computation load: 0.33240641711229946

Layer 12:
Eqn 25 in layer 12: Primitive: dot_general | FLOPs (GB): 0.5 | Memory access (GB): 0.0317688062787056 | Attainable performance: 10954.141523197928 | Computation load: 4.5644836607335626e-05
Eqn 92 in layer 12: Primitive: dot_general | FLOPs (GB): 0.125 | Memory access (GB): 0.13330078125 | Attainable performance: 652.6593406593406 | Computation load: 0.00019152411099137933
Eqn 105 in layer 12: Primitive: dot_general | FLOPs (GB): 0.125 | Memory access (GB): 0.13330078125 | Attainable performance: 652.6593406593406 | Computation load: 0.00019152411099137933
Eqn 109 in layer 12: Primitive: dot_general | FLOPs (GB): 128.0 | Memory access (GB): 0.21875 | Attainable performance: 37400 | Computation load: 0.003422459893048128
Eqn 111 in layer 12: Primitive: dot_general | FLOPs (GB): 512.0 | Memory access (GB): 0.8125 | Attainable performance: 37400 | Computation load: 0.013689839572192513
Eqn 112 in layer 12: Primitive: custom_jvp_call | FLOPs (GB): 0.25 | Memory access (GB): 2.0 | Attainable performance: 87.0 | Computation load: 0.0028735632183908046
Eqn 113 in layer 12: Primitive: dot_general | FLOPs (GB): 512.0 | Memory access (GB): 0.8125 | Attainable performance: 37400 | Computation load: 0.013689839572192513
Eqn 115 in layer 12: Primitive: dot_general | FLOPs (GB): 128.0 | Memory access (GB): 0.21875 | Attainable performance: 37400 | Computation load: 0.003422459893048128
Eqn 143 in layer 12: Primitive: remat2 | FLOPs (GB): 3714.2529296875 | Memory access (GB): 8.6053162291646 | Attainable performance: 37400 | Computation load: 0.09931157566009358
Layer computation load: 0.13683843086755576

Layer 13:
Eqn 1 in layer 13: Primitive: dot_general | FLOPs (GB): 96.0 | Memory access (GB): 0.130859375 | Attainable performance: 37400 | Computation load: 0.0025668449197860962
Eqn 21 in layer 13: Primitive: dot_general | FLOPs (GB): 32.0 | Memory access (GB): 0.5625 | Attainable performance: 37400 | Computation load: 0.000855614973262032
Eqn 33 in layer 13: Primitive: dot_general | FLOPs (GB): 32.0 | Memory access (GB): 0.5625 | Attainable performance: 37400 | Computation load: 0.000855614973262032
Eqn 36 in layer 13: Primitive: dot_general | FLOPs (GB): 1000.0 | Memory access (GB): 1.06884765625 | Attainable performance: 37400 | Computation load: 0.026737967914438502
Eqn 63 in layer 13: Primitive: dot_general | FLOPs (GB): 256.0 | Memory access (GB): 0.296875 | Attainable performance: 37400 | Computation load: 0.006844919786096256
Eqn 71 in layer 13: Primitive: dot_general | FLOPs (GB): 1000.0 | Memory access (GB): 1.06884765625 | Attainable performance: 37400 | Computation load: 0.026737967914438502
Eqn 98 in layer 13: Primitive: dot_general | FLOPs (GB): 96.0 | Memory access (GB): 0.130859375 | Attainable performance: 37400 | Computation load: 0.0025668449197860962
Eqn 118 in layer 13: Primitive: dot_general | FLOPs (GB): 32.0 | Memory access (GB): 0.5625 | Attainable performance: 37400 | Computation load: 0.000855614973262032
Eqn 130 in layer 13: Primitive: dot_general | FLOPs (GB): 32.0 | Memory access (GB): 0.5625 | Attainable performance: 37400 | Computation load: 0.000855614973262032
Eqn 133 in layer 13: Primitive: dot_general | FLOPs (GB): 1000.0 | Memory access (GB): 1.06884765625 | Attainable performance: 37400 | Computation load: 0.026737967914438502
Eqn 139 in layer 13: Primitive: remat2 | FLOPs (GB): 8856.0 | Memory access (GB): 16.07177735865116 | Attainable performance: 37400 | Computation load: 0.23679144385026737
Layer computation load: 0.33240641711229946

Layer 14:
Eqn 25 in layer 14: Primitive: dot_general | FLOPs (GB): 0.5 | Memory access (GB): 0.0317688062787056 | Attainable performance: 10954.141523197928 | Computation load: 4.5644836607335626e-05
Eqn 92 in layer 14: Primitive: dot_general | FLOPs (GB): 0.125 | Memory access (GB): 0.13330078125 | Attainable performance: 652.6593406593406 | Computation load: 0.00019152411099137933
Eqn 105 in layer 14: Primitive: dot_general | FLOPs (GB): 0.125 | Memory access (GB): 0.13330078125 | Attainable performance: 652.6593406593406 | Computation load: 0.00019152411099137933
Eqn 109 in layer 14: Primitive: dot_general | FLOPs (GB): 128.0 | Memory access (GB): 0.21875 | Attainable performance: 37400 | Computation load: 0.003422459893048128
Eqn 111 in layer 14: Primitive: dot_general | FLOPs (GB): 512.0 | Memory access (GB): 0.8125 | Attainable performance: 37400 | Computation load: 0.013689839572192513
Eqn 112 in layer 14: Primitive: custom_jvp_call | FLOPs (GB): 0.25 | Memory access (GB): 2.0 | Attainable performance: 87.0 | Computation load: 0.0028735632183908046
Eqn 113 in layer 14: Primitive: dot_general | FLOPs (GB): 512.0 | Memory access (GB): 0.8125 | Attainable performance: 37400 | Computation load: 0.013689839572192513
Eqn 115 in layer 14: Primitive: dot_general | FLOPs (GB): 128.0 | Memory access (GB): 0.21875 | Attainable performance: 37400 | Computation load: 0.003422459893048128
Eqn 143 in layer 14: Primitive: remat2 | FLOPs (GB): 3714.2529296875 | Memory access (GB): 8.6053162291646 | Attainable performance: 37400 | Computation load: 0.09931157566009358
Layer computation load: 0.13683843086755576

Layer 15:
Eqn 3 in layer 15: Primitive: remat2 | FLOPs (GB): 9440.0 | Memory access (GB): 13.43945313245058 | Attainable performance: 37400 | Computation load: 0.25240641711229944
Layer computation load: 0.25240641711229944
Layer memory access: [14.641113296151161, 20.16412364691496, 20.71734630316496, 22.08691407740116, 8.972229108214378, 22.08691407740116, 8.972229108214378, 22.08691407740116, 8.972229108214378, 22.08691407740116, 8.972229108214378, 22.08691407740116, 8.972229108214378, 22.08691407740116, 8.972229108214378, 13.43945313245058]

Layer GPU fractions:
[0.52, 0.62, 0.653, 0.673, 0.277, 0.673, 0.277, 0.673, 0.277, 0.673, 0.277, 0.673, 0.277, 0.673, 0.277, 0.511]

Layer GPU fractions:
[0.52, 0.62, 0.653, 0.673, 0.277, 0.673, 0.277, 0.673, 0.277, 0.673, 0.277, 0.673, 0.277, 0.673, 0.277, 0.511]

[[[0, 1, 2], [3, 4, 5], [6, 7, 8, 9], [10, 11, 12, 13, 14, 15]], [[0, 1, 2], [3, 4, 5, 6], [7, 8, 9], [10, 11, 12, 13, 14, 15]], [[0, 1, 2], [3, 4, 5], [6, 7, 8, 9, 10], [11, 12, 13, 14, 15]], [[0, 1, 2], [3, 4, 5, 6], [7, 8, 9, 10], [11, 12, 13, 14, 15]], [[0, 1, 2], [3, 4, 5], [6, 7, 8, 9, 10, 11], [12, 13, 14, 15]], [[0, 1, 2], [3, 4, 5, 6], [7, 8, 9, 10, 11], [12, 13, 14, 15]], [[0, 1, 2], [3, 4, 5, 6, 7], [8, 9, 10, 11], [12, 13, 14, 15]], [[0, 1, 2, 3], [4, 5, 6, 7], [8, 9, 10, 11], [12, 13, 14, 15]], [[0, 1, 2, 3, 4], [5, 6, 7], [8, 9, 10, 11], [12, 13, 14, 15]], [[0, 1, 2], [3, 4, 5, 6, 7, 8], [9, 10, 11], [12, 13, 14, 15]], [[0, 1, 2, 3], [4, 5, 6, 7, 8], [9, 10, 11], [12, 13, 14, 15]], [[0, 1, 2, 3, 4], [5, 6, 7, 8], [9, 10, 11], [12, 13, 14, 15]], [[0, 1, 2], [3, 4, 5], [6, 7, 8, 9, 10, 11, 12], [13, 14, 15]], [[0, 1, 2], [3, 4, 5, 6], [7, 8, 9, 10, 11, 12], [13, 14, 15]], [[0, 1, 2], [3, 4, 5, 6, 7], [8, 9, 10, 11, 12], [13, 14, 15]], [[0, 1, 2, 3], [4, 5, 6, 7], [8, 9, 10, 11, 12], [13, 14, 15]], [[0, 1, 2, 3, 4], [5, 6, 7], [8, 9, 10, 11, 12], [13, 14, 15]], [[0, 1, 2], [3, 4, 5, 6, 7, 8], [9, 10, 11, 12], [13, 14, 15]], [[0, 1, 2, 3], [4, 5, 6, 7, 8], [9, 10, 11, 12], [13, 14, 15]], [[0, 1, 2, 3, 4], [5, 6, 7, 8], [9, 10, 11, 12], [13, 14, 15]]]

[[[0, 1, 2], [3, 4, 5, 6], [7, 8, 9, 10], [11, 12, 13, 14, 15]], [[0, 1, 2, 3], [4, 5, 6, 7], [8, 9, 10, 11], [12, 13, 14, 15]], [[0, 1, 2], [3, 4, 5], [6, 7, 8, 9, 10], [11, 12, 13, 14, 15]], [[0, 1, 2], [3, 4, 5, 6], [7, 8, 9, 10, 11], [12, 13, 14, 15]], [[0, 1, 2], [3, 4, 5, 6, 7], [8, 9, 10, 11], [12, 13, 14, 15]], [[0, 1, 2, 3], [4, 5, 6, 7, 8], [9, 10, 11], [12, 13, 14, 15]], [[0, 1, 2, 3], [4, 5, 6, 7], [8, 9, 10, 11, 12], [13, 14, 15]], [[0, 1, 2, 3], [4, 5, 6, 7, 8], [9, 10, 11, 12], [13, 14, 15]], [[0, 1, 2], [3, 4, 5], [6, 7, 8, 9], [10, 11, 12, 13, 14, 15]], [[0, 1, 2], [3, 4, 5, 6], [7, 8, 9], [10, 11, 12, 13, 14, 15]], [[0, 1, 2], [3, 4, 5, 6, 7], [8, 9, 10, 11, 12], [13, 14, 15]], [[0, 1, 2, 3, 4], [5, 6, 7], [8, 9, 10, 11], [12, 13, 14, 15]], [[0, 1, 2, 3, 4], [5, 6, 7, 8], [9, 10, 11], [12, 13, 14, 15]], [[0, 1, 2, 3, 4], [5, 6, 7, 8], [9, 10, 11, 12], [13, 14, 15]], [[0, 1, 2], [3, 4, 5], [6, 7, 8, 9, 10, 11], [12, 13, 14, 15]], [[0, 1, 2], [3, 4, 5, 6, 7, 8], [9, 10, 11], [12, 13, 14, 15]], [[0, 1, 2, 3, 4], [5, 6, 7], [8, 9, 10, 11, 12], [13, 14, 15]], [[0, 1, 2], [3, 4, 5, 6], [7, 8, 9, 10, 11, 12], [13, 14, 15]], [[0, 1, 2], [3, 4, 5, 6, 7, 8], [9, 10, 11, 12], [13, 14, 15]], [[0, 1, 2], [3, 4, 5], [6, 7, 8, 9, 10, 11, 12], [13, 14, 15]]]

[[0, 1, 2], [3, 4, 5], [6, 7, 8, 9, 10, 11, 12], [13, 14, 15]]
1815371776.0
1.1855918353295118
([2, 1, 4, 1], 1.1855918353295118)

{'0_2__3_6__7_10__11_15': {0: {'1_2': (1.7930000000000001, 2, 0.8863145461259883, 2215313408.0, 0, 0), '2_1': (1.7930000000000001, 2, 0.8863145461259883, 0, 479647744.0, 0)}, 1: {'1_2': (1.9000000000000004, 2, 0.9385070594949723, 2685075456.0, 0, 0), '2_1': (1.9000000000000004, 2, 0.9385070594949723, 0, 519051264.0, 0)}, 2: {'1_2': (1.9000000000000004, 2, 0.9385070594949723, 2685075456.0, 0, 0), '2_1': (1.9000000000000004, 2, 0.9385070594949723, 0, 519051264.0, 0)}, 3: {'1_2': (2.4110000000000005, 2, 1.1909134766072718, 2685075456.0, 0, 0), '2_1': (2.4110000000000005, 2, 1.1909134766072718, 0, 584964096.0, 0)}}, '0_3__4_7__8_11__12_15': {0: {'1_2': (2.466, 2, 1.2187209632382876, 3070951424.0, 0, 0), '2_1': (2.466, 2, 1.2187209632382876, 0, 627267584.0, 0)}, 1: {'1_2': (1.9000000000000001, 2, 0.9385070594949722, 2685075456.0, 0, 0), '2_1': (1.9000000000000001, 2, 0.9385070594949722, 0, 519051264.0, 0)}, 2: {'1_2': (1.9000000000000001, 2, 0.9385070594949722, 2685075456.0, 0, 0), '2_1': (1.9000000000000001, 2, 0.9385070594949722, 0, 519051264.0, 0)}, 3: {'1_2': (1.738, 2, 0.8585070594949722, 1829437440.0, 0, 0), '2_1': (1.738, 2, 0.8585070594949722, 0, 437344256.0, 0)}}, '0_2__3_5__6_10__11_15': {0: {'1_2': (1.7930000000000001, 2, 0.8863145461259883, 2215313408.0, 0, 0), '2_1': (1.7930000000000001, 2, 0.8863145461259883, 0, 479647744.0, 0)}, 1: {'1_2': (1.6230000000000002, 2, 0.8016599468597856, 2198175744.0, 0, 0), '2_1': (1.6230000000000002, 2, 0.8016599468597856, 0, 407145472.0, 0)}, 2: {'1_2': (2.177, 2, 1.0753541721301587, 3171975168.0, 0, 0), '2_1': (2.177, 2, 1.0753541721301587, 0, 630957056.0, 0)}, 3: {'1_2': (2.4110000000000005, 2, 1.1909134766072718, 2685075456.0, 0, 0), '2_1': (2.4110000000000005, 2, 1.1909134766072718, 0, 584964096.0, 0)}}, '0_2__3_6__7_11__12_15': {0: {'1_2': (1.7930000000000001, 2, 0.8863145461259883, 2215313408.0, 0, 0), '2_1': (1.7930000000000001, 2, 0.8863145461259883, 0, 479647744.0, 0)}, 1: {'1_2': (1.9000000000000004, 2, 0.9385070594949723, 2685075456.0, 0, 0), '2_1': (1.9000000000000004, 2, 0.9385070594949723, 0, 519051264.0, 0)}, 2: {'1_2': (2.5730000000000004, 2, 1.2709134766072716, 3540713472.0, 0, 0), '2_1': (2.5730000000000004, 2, 1.2709134766072716, 0, 666671104.0, 0)}, 3: {'1_2': (1.738, 2, 0.8585070594949722, 1829437440.0, 0, 0), '2_1': (1.738, 2, 0.8585070594949722, 0, 437344256.0, 0)}}, '0_2__3_7__8_11__12_15': {0: {'1_2': (1.7930000000000001, 2, 0.8863145461259883, 2215313408.0, 0, 0), '2_1': (1.7930000000000001, 2, 0.8863145461259883, 0, 479647744.0, 0)}, 1: {'1_2': (2.5730000000000004, 2, 1.2709134766072716, 3540713472.0, 0, 0), '2_1': (2.5730000000000004, 2, 1.2709134766072716, 0, 666671104.0, 0)}, 2: {'1_2': (1.9000000000000001, 2, 0.9385070594949722, 2685075456.0, 0, 0), '2_1': (1.9000000000000001, 2, 0.9385070594949722, 0, 519051264.0, 0)}, 3: {'1_2': (1.738, 2, 0.8585070594949722, 1829437440.0, 0, 0), '2_1': (1.738, 2, 0.8585070594949722, 0, 437344256.0, 0)}}, '0_3__4_8__9_11__12_15': {0: {'1_2': (2.466, 2, 1.2187209632382876, 3070951424.0, 0, 0), '2_1': (2.466, 2, 1.2187209632382876, 0, 627267584.0, 0)}, 1: {'1_2': (2.177, 2, 1.0753541721301587, 3171975168.0, 0, 0), '2_1': (2.177, 2, 1.0753541721301587, 0, 630957056.0, 0)}, 2: {'1_2': (1.6230000000000002, 2, 0.8016599468597856, 2198175744.0, 0, 0), '2_1': (1.6230000000000002, 2, 0.8016599468597856, 0, 407145472.0, 0)}, 3: {'1_2': (1.738, 2, 0.8585070594949722, 1829437440.0, 0, 0), '2_1': (1.738, 2, 0.8585070594949722, 0, 437344256.0, 0)}}, '0_3__4_7__8_12__13_15': {0: {'1_2': (2.466, 2, 1.2187209632382876, 3070951424.0, 0, 0), '2_1': (2.466, 2, 1.2187209632382876, 0, 627267584.0, 0)}, 1: {'1_2': (1.9000000000000001, 2, 0.9385070594949722, 2685075456.0, 0, 0), '2_1': (1.9000000000000001, 2, 0.9385070594949722, 0, 519051264.0, 0)}, 2: {'1_2': (2.177, 2, 1.0753541721301587, 3171975168.0, 0, 0), '2_1': (2.177, 2, 1.0753541721301587, 0, 630957056.0, 0)}, 3: {'1_2': (1.461, 2, 0.7216599468597855, 1342537728.0, 0, 0), '2_1': (1.461, 2, 0.7216599468597855, 0, 325438464.0, 0)}}, '0_3__4_8__9_12__13_15': {0: {'1_2': (2.466, 2, 1.2187209632382876, 3070951424.0, 0, 0), '2_1': (2.466, 2, 1.2187209632382876, 0, 627267584.0, 0)}, 1: {'1_2': (2.177, 2, 1.0753541721301587, 3171975168.0, 0, 0), '2_1': (2.177, 2, 1.0753541721301587, 0, 630957056.0, 0)}, 2: {'1_2': (1.9000000000000004, 2, 0.9385070594949723, 2685075456.0, 0, 0), '2_1': (1.9000000000000004, 2, 0.9385070594949723, 0, 519051264.0, 0)}, 3: {'1_2': (1.461, 2, 0.7216599468597855, 1342537728.0, 0, 0), '2_1': (1.461, 2, 0.7216599468597855, 0, 325438464.0, 0)}}, '0_2__3_5__6_9__10_15': {0: {'1_2': (1.7930000000000001, 2, 0.8863145461259883, 2215313408.0, 0, 0), '2_1': (1.7930000000000001, 2, 0.8863145461259883, 0, 479647744.0, 0)}, 1: {'1_2': (1.6230000000000002, 2, 0.8016599468597856, 2198175744.0, 0, 0), '2_1': (1.6230000000000002, 2, 0.8016599468597856, 0, 407145472.0, 0)}, 2: {'1_2': (1.9000000000000001, 2, 0.9385070594949722, 2685075456.0, 0, 0), '2_1': (1.9000000000000001, 2, 0.9385070594949722, 0, 519051264.0, 0)}, 3: {'1_2': (2.688, 2, 1.3277605892424582, 3171975168.0, 0, 0), '2_1': (2.688, 2, 1.3277605892424582, 0, 696869888.0, 0)}}, '0_2__3_6__7_9__10_15': {0: {'1_2': (1.7930000000000001, 2, 0.8863145461259883, 2215313408.0, 0, 0), '2_1': (1.7930000000000001, 2, 0.8863145461259883, 0, 479647744.0, 0)}, 1: {'1_2': (1.9000000000000004, 2, 0.9385070594949723, 2685075456.0, 0, 0), '2_1': (1.9000000000000004, 2, 0.9385070594949723, 0, 519051264.0, 0)}, 2: {'1_2': (1.6230000000000002, 2, 0.8016599468597856, 2198175744.0, 0, 0), '2_1': (1.6230000000000002, 2, 0.8016599468597856, 0, 407145472.0, 0)}, 3: {'1_2': (2.688, 2, 1.3277605892424582, 3171975168.0, 0, 0), '2_1': (2.688, 2, 1.3277605892424582, 0, 696869888.0, 0)}}, '0_2__3_7__8_12__13_15': {0: {'1_2': (1.7930000000000001, 2, 0.8863145461259883, 2215313408.0, 0, 0), '2_1': (1.7930000000000001, 2, 0.8863145461259883, 0, 479647744.0, 0)}, 1: {'1_2': (2.5730000000000004, 2, 1.2709134766072716, 3540713472.0, 0, 0), '2_1': (2.5730000000000004, 2, 1.2709134766072716, 0, 666671104.0, 0)}, 2: {'1_2': (2.177, 2, 1.0753541721301587, 3171975168.0, 0, 0), '2_1': (2.177, 2, 1.0753541721301587, 0, 630957056.0, 0)}, 3: {'1_2': (1.461, 2, 0.7216599468597855, 1342537728.0, 0, 0), '2_1': (1.461, 2, 0.7216599468597855, 0, 325438464.0, 0)}}, '0_4__5_7__8_11__12_15': {0: {'1_2': (2.7430000000000003, 2, 1.3555680758734743, 3557851136.0, 0, 0), '2_1': (2.7430000000000003, 2, 1.3555680758734743, 0, 739173376.0, 0)}, 1: {'1_2': (1.6230000000000002, 2, 0.8016599468597856, 2198175744.0, 0, 0), '2_1': (1.6230000000000002, 2, 0.8016599468597856, 0, 407145472.0, 0)}, 2: {'1_2': (1.9000000000000001, 2, 0.9385070594949722, 2685075456.0, 0, 0), '2_1': (1.9000000000000001, 2, 0.9385070594949722, 0, 519051264.0, 0)}, 3: {'1_2': (1.738, 2, 0.8585070594949722, 1829437440.0, 0, 0), '2_1': (1.738, 2, 0.8585070594949722, 0, 437344256.0, 0)}}, '0_4__5_8__9_11__12_15': {0: {'1_2': (2.7430000000000003, 2, 1.3555680758734743, 3557851136.0, 0, 0), '2_1': (2.7430000000000003, 2, 1.3555680758734743, 0, 739173376.0, 0)}, 1: {'1_2': (1.9000000000000004, 2, 0.9385070594949723, 2685075456.0, 0, 0), '2_1': (1.9000000000000004, 2, 0.9385070594949723, 0, 519051264.0, 0)}, 2: {'1_2': (1.6230000000000002, 2, 0.8016599468597856, 2198175744.0, 0, 0), '2_1': (1.6230000000000002, 2, 0.8016599468597856, 0, 407145472.0, 0)}, 3: {'1_2': (1.738, 2, 0.8585070594949722, 1829437440.0, 0, 0), '2_1': (1.738, 2, 0.8585070594949722, 0, 437344256.0, 0)}}, '0_4__5_8__9_12__13_15': {0: {'1_2': (2.7430000000000003, 2, 1.3555680758734743, 3557851136.0, 0, 0), '2_1': (2.7430000000000003, 2, 1.3555680758734743, 0, 739173376.0, 0)}, 1: {'1_2': (1.9000000000000004, 2, 0.9385070594949723, 2685075456.0, 0, 0), '2_1': (1.9000000000000004, 2, 0.9385070594949723, 0, 519051264.0, 0)}, 2: {'1_2': (1.9000000000000004, 2, 0.9385070594949723, 2685075456.0, 0, 0), '2_1': (1.9000000000000004, 2, 0.9385070594949723, 0, 519051264.0, 0)}, 3: {'1_2': (1.461, 2, 0.7216599468597855, 1342537728.0, 0, 0), '2_1': (1.461, 2, 0.7216599468597855, 0, 325438464.0, 0)}}, '0_2__3_5__6_11__12_15': {0: {'1_2': (1.7930000000000001, 2, 0.8863145461259883, 2215313408.0, 0, 0), '2_1': (1.7930000000000001, 2, 0.8863145461259883, 0, 479647744.0, 0)}, 1: {'1_2': (1.6230000000000002, 2, 0.8016599468597856, 2198175744.0, 0, 0), '2_1': (1.6230000000000002, 2, 0.8016599468597856, 0, 407145472.0, 0)}, 2: {'1_2': (2.85, 2, 1.407760589242458, 4027613184.0, 0, 0), '2_1': (2.85, 2, 1.407760589242458, 0, 778576896.0, 0)}, 3: {'1_2': (1.738, 2, 0.8585070594949722, 1829437440.0, 0, 0), '2_1': (1.738, 2, 0.8585070594949722, 0, 437344256.0, 0)}}, '0_2__3_8__9_11__12_15': {0: {'1_2': (1.7930000000000001, 2, 0.8863145461259883, 2215313408.0, 0, 0), '2_1': (1.7930000000000001, 2, 0.8863145461259883, 0, 479647744.0, 0)}, 1: {'1_2': (2.8500000000000005, 2, 1.4077605892424583, 4027613184.0, 0, 0), '2_1': (2.8500000000000005, 2, 1.4077605892424583, 0, 778576896.0, 0)}, 2: {'1_2': (1.6230000000000002, 2, 0.8016599468597856, 2198175744.0, 0, 0), '2_1': (1.6230000000000002, 2, 0.8016599468597856, 0, 407145472.0, 0)}, 3: {'1_2': (1.738, 2, 0.8585070594949722, 1829437440.0, 0, 0), '2_1': (1.738, 2, 0.8585070594949722, 0, 437344256.0, 0)}}, '0_4__5_7__8_12__13_15': {0: {'1_2': (2.7430000000000003, 2, 1.3555680758734743, 3557851136.0, 0, 0), '2_1': (2.7430000000000003, 2, 1.3555680758734743, 0, 739173376.0, 0)}, 1: {'1_2': (1.6230000000000002, 2, 0.8016599468597856, 2198175744.0, 0, 0), '2_1': (1.6230000000000002, 2, 0.8016599468597856, 0, 407145472.0, 0)}, 2: {'1_2': (2.177, 2, 1.0753541721301587, 3171975168.0, 0, 0), '2_1': (2.177, 2, 1.0753541721301587, 0, 630957056.0, 0)}, 3: {'1_2': (1.461, 2, 0.7216599468597855, 1342537728.0, 0, 0), '2_1': (1.461, 2, 0.7216599468597855, 0, 325438464.0, 0)}}, '0_2__3_6__7_12__13_15': {0: {'1_2': (1.7930000000000001, 2, 0.8863145461259883, 2215313408.0, 0, 0), '2_1': (1.7930000000000001, 2, 0.8863145461259883, 0, 479647744.0, 0)}, 1: {'1_2': (1.9000000000000004, 2, 0.9385070594949723, 2685075456.0, 0, 0), '2_1': (1.9000000000000004, 2, 0.9385070594949723, 0, 519051264.0, 0)}, 2: {'1_2': (2.8500000000000005, 2, 1.4077605892424583, 4027613184.0, 0, 0), '2_1': (2.8500000000000005, 2, 1.4077605892424583, 0, 778576896.0, 0)}, 3: {'1_2': (1.461, 2, 0.7216599468597855, 1342537728.0, 0, 0), '2_1': (1.461, 2, 0.7216599468597855, 0, 325438464.0, 0)}}, '0_2__3_8__9_12__13_15': {0: {'1_2': (1.7930000000000001, 2, 0.8863145461259883, 2215313408.0, 0, 0), '2_1': (1.7930000000000001, 2, 0.8863145461259883, 0, 479647744.0, 0)}, 1: {'1_2': (2.8500000000000005, 2, 1.4077605892424583, 4027613184.0, 0, 0), '2_1': (2.8500000000000005, 2, 1.4077605892424583, 0, 778576896.0, 0)}, 2: {'1_2': (1.9000000000000004, 2, 0.9385070594949723, 2685075456.0, 0, 0), '2_1': (1.9000000000000004, 2, 0.9385070594949723, 0, 519051264.0, 0)}, 3: {'1_2': (1.461, 2, 0.7216599468597855, 1342537728.0, 0, 0), '2_1': (1.461, 2, 0.7216599468597855, 0, 325438464.0, 0)}}, '0_2__3_5__6_12__13_15': {0: {'1_2': (1.7930000000000001, 2, 0.8863145461259883, 2215313408.0, 0, 0), '2_1': (1.7930000000000001, 2, 0.8863145461259883, 0, 479647744.0, 0)}, 1: {'1_1': (1.6230000000000002, 1, 0.8016599468597856, 0, 0, 0)}, 2: {'1_4': (3.1270000000000002, 4, 1.5446077018776447, 6771769344.0, 0, 0), '2_2': (3.1270000000000002, 4, 1.5446077018776447, 4514512896.0, 890482688.0, 0), '4_1': (3.1270000000000002, 4, 1.5446077018776447, 0, 1335724032.0, 0)}, 3: {'1_1': (1.461, 1, 0.7216599468597855, 0, 0, 0)}}}
[I] Pipeline partition mode: auto | Layer-to-stage partition: [[0, 1, 2, 3, 4, 5, 6, 7], [8, 9, 10, 11], [12, 13], [14, 15]]
[I] Pipeline partition mode: auto | Cell-generated physical mesh shapes: [(1, 2), (1, 2), (1, 2), (1, 2)]
[I] Loading model and transform to Jaxpr stages takes 29.617180585861206 s.
[I] The GPU sharding of pipeline stages is: [2, 2, 2, 2]
[I] Pipeline partition mode: auto | Parallel enum mode: auto | Parallel plans: [[StageShape(type='single', stage_shape=(1, 2), layer_shape=None), StageShape(type='single', stage_shape=(1, 2), layer_shape=None), StageShape(type='single', stage_shape=(2, 1), layer_shape=None), StageShape(type='single', stage_shape=(2, 1), layer_shape=None)]]

[I] (Parallel plan idx: 0) Sharding stages...
[I] Sharding stages takes 23.888571977615356 s.
[I] (Parallel plan idx: 0) SPMD partitioning and compiling (kernel fusing) HLO stages...
[I] SPMD partitioning and pre-compiling HLO modules concurrently takes 22.657012939453125 s.

[I] All parallel plans in the cell have been sharded and compiled.
[TMP] Writing only-sharded HLO text to '/home/cyxue/Projects/crius/Crius/runtime/jaxpr/tmp/moe_2.4B_256_sharded_stages.pkl'...
[TMP] Writing optimized HLO text to '/home/cyxue/Projects/crius/Crius/runtime/jaxpr/tmp/moe_2.4B_256_optimized_stages.pkl'...
[TMP] Writing inter-stages communicated vars to '/home/cyxue/Projects/crius/Crius/runtime/jaxpr/tmp/moe_2.4B_256_inter_stages_comm_vars.pkl'

[I] Parallel plan idx: 0 | Parallelism: [(1, 2), (1, 2), (2, 1), (2, 1)]

[I] (Parallel plan idx: 0) Parsing HLO texts and profiling XLA operators...
[I] Pipeline partition mode: auto | Preset physical mesh shapes: [(1, 2), (1, 2), (1, 2), (1, 2)]
[TMP] Loading offline profiled communication data: `1_a40_1_n_2_d_ib.pkl`...
[TMP] Loading offline profiled communication data: `2_a40_2_n_1_d_ib.pkl`...
\Time of module 0 (stage 0):
Intra-stage comm time: 0.05729950368404386
Grad sync time: 0

[I] Optimized module 0 for stage 0, comm time has been statically analyzed.
\Time of module 1 (stage 1):
Intra-stage comm time: 0.02524590194225311
Grad sync time: 0

[I] Optimized module 1 for stage 1, comm time has been statically analyzed.
\Time of module 2 (stage 2):
Intra-stage comm time: 0
Grad sync time: 0

[I] Optimized module 2 for stage 2, comm time has been statically analyzed.
\Time of module 3 (stage 3):
Intra-stage comm time: 0
Grad sync time: 0

[I] Optimized module 3 for stage 3, comm time has been statically analyzed.
\Time of module 4 (stage 3):
Intra-stage comm time: 0.00010043978691100935
Grad sync time: 0.049673261383820014

[I] Optimized module 4 for stage 3, comm time has been statically analyzed.
\Time of module 5 (stage 2):
Intra-stage comm time: 0.0
Grad sync time: 0.04512701083440333

[I] Optimized module 5 for stage 2, comm time has been statically analyzed.
\Time of module 6 (stage 1):
Intra-stage comm time: 0.038903751270845534
Grad sync time: 0

[I] Optimized module 6 for stage 1, comm time has been statically analyzed.
\Time of module 7 (stage 0):
Intra-stage comm time: 0.08965236633084711
Grad sync time: 0

[I] Optimized module 7 for stage 0, comm time has been statically analyzed.
\Time of module 8 (stage 0):
Intra-stage comm time: 0.007370764129154844
Grad sync time: 0

[I] Optimized module 8 for stage 0, comm time has been statically analyzed.
\Time of module 9 (stage 1):
Intra-stage comm time: 0.003355249458400068
Grad sync time: 0

[I] Optimized module 9 for stage 1, comm time has been statically analyzed.
\Time of module 10 (stage 2):
Intra-stage comm time: 0.028947355423906623
Grad sync time: 0

[I] Optimized module 10 for stage 2, comm time has been statically analyzed.
\Time of module 11 (stage 3):
Intra-stage comm time: 0.030825563124699324
Grad sync time: 0

[I] Optimized module 11 for stage 3, comm time has been statically analyzed.
[TMP] Memory footprint of the stage 0 is 8.283829431980848 GB, while the available memory of the XLA device is 35.33237304631621 GB.
[TMP] Memory footprint of the stage 1 is 4.017868045717478 GB, while the available memory of the XLA device is 35.33237304631621 GB.
[TMP] Memory footprint of the stage 2 is 3.3455677069723606 GB, while the available memory of the XLA device is 35.33237304631621 GB.
[TMP] Memory footprint of the stage 3 is 3.549554828554392 GB, while the available memory of the XLA device is 35.33237304631621 GB.
[I] Only-sharded module 0 for stage 0, constructing entry XLA computation...
[I] Compiling HLO module...
[I] Profiling HLO modules...
    - Iteration 0/5: Kernel execution time: 0.09934416300000003 s.
    - Iteration 1/5: Kernel execution time: 0.09888783399999992 s.
    - Iteration 2/5: Kernel execution time: 0.0991159960000001 s.
    - Iteration 3/5: Kernel execution time: 0.09933891300000004 s.
    - Iteration 4/5: Kernel execution time: 0.09949676700000004 s.
[I] Only-sharded module 1 for stage 1, constructing entry XLA computation...
[I] Compiling HLO module...
[I] Profiling HLO modules...
    - Iteration 0/5: Kernel execution time: 0.04464295499999999 s.
    - Iteration 1/5: Kernel execution time: 0.04453028199999999 s.
    - Iteration 2/5: Kernel execution time: 0.044705930000000005 s.
    - Iteration 3/5: Kernel execution time: 0.04461623099999999 s.
    - Iteration 4/5: Kernel execution time: 0.04469780300000001 s.
[I] Only-sharded module 2 for stage 2, constructing entry XLA computation...
[I] Compiling HLO module...
[I] Profiling HLO modules...
    - Iteration 0/5: Kernel execution time: 0.021129661000000008 s.
    - Iteration 1/5: Kernel execution time: 0.021135288000000006 s.
    - Iteration 2/5: Kernel execution time: 0.021057184000000003 s.
    - Iteration 3/5: Kernel execution time: 0.021077215000000007 s.
    - Iteration 4/5: Kernel execution time: 0.021140159000000016 s.
[I] Only-sharded module 3 for stage 3, constructing entry XLA computation...
[I] Compiling HLO module...
[I] Profiling HLO modules...
    - Iteration 0/5: Kernel execution time: 0.008395358000000002 s.
    - Iteration 1/5: Kernel execution time: 0.008362623000000003 s.
    - Iteration 2/5: Kernel execution time: 0.008513216 s.
    - Iteration 3/5: Kernel execution time: 0.008449118 s.
    - Iteration 4/5: Kernel execution time: 0.008374877000000001 s.
[I] Only-sharded module 4 for stage 3, constructing entry XLA computation...
[I] Compiling HLO module...
[I] Profiling HLO modules...
    - Iteration 0/5: Kernel execution time: 0.070877454 s.
    - Iteration 1/5: Kernel execution time: 0.07072587600000001 s.
    - Iteration 2/5: Kernel execution time: 0.07056871999999999 s.
    - Iteration 3/5: Kernel execution time: 0.070848106 s.
    - Iteration 4/5: Kernel execution time: 0.07083572700000004 s.
[I] Only-sharded module 5 for stage 2, constructing entry XLA computation...
[I] Compiling HLO module...
[I] Profiling HLO modules...
    - Iteration 0/5: Kernel execution time: 0.05789313400000001 s.
    - Iteration 1/5: Kernel execution time: 0.05824498299999999 s.
    - Iteration 2/5: Kernel execution time: 0.05778881500000002 s.
    - Iteration 3/5: Kernel execution time: 0.05775981700000002 s.
    - Iteration 4/5: Kernel execution time: 0.05794081600000002 s.
[I] Only-sharded module 6 for stage 1, constructing entry XLA computation...
[I] Compiling HLO module...
[I] Profiling HLO modules...
    - Iteration 0/5: Kernel execution time: 0.11757146399999997 s.
    - Iteration 1/5: Kernel execution time: 0.11800227599999993 s.
    - Iteration 2/5: Kernel execution time: 0.117867343 s.
    - Iteration 3/5: Kernel execution time: 0.11850715999999996 s.
    - Iteration 4/5: Kernel execution time: 0.11833707499999996 s.
[I] Only-sharded module 7 for stage 0, constructing entry XLA computation...
[I] Compiling HLO module...
[I] Profiling HLO modules...
    - Iteration 0/5: Kernel execution time: 0.25518870099999996 s.
    - Iteration 1/5: Kernel execution time: 0.2550904869999999 s.
    - Iteration 2/5: Kernel execution time: 0.25605364399999986 s.
    - Iteration 3/5: Kernel execution time: 0.2552037959999999 s.
    - Iteration 4/5: Kernel execution time: 0.255842974 s.
[I] Only-sharded module 8 for stage 0, constructing entry XLA computation...
[I] Compiling HLO module...
[I] Profiling HLO modules...
    - Iteration 0/5: Kernel execution time: 0.033643291 s.
    - Iteration 1/5: Kernel execution time: 0.03363027500000001 s.
    - Iteration 2/5: Kernel execution time: 0.033615073 s.
    - Iteration 3/5: Kernel execution time: 0.033638429000000004 s.
    - Iteration 4/5: Kernel execution time: 0.033645354999999995 s.
[I] Only-sharded module 9 for stage 1, constructing entry XLA computation...
[I] Compiling HLO module...
[I] Profiling HLO modules...
    - Iteration 0/5: Kernel execution time: 0.016231858999999998 s.
    - Iteration 1/5: Kernel execution time: 0.016238258999999998 s.
    - Iteration 2/5: Kernel execution time: 0.016219959 s.
    - Iteration 3/5: Kernel execution time: 0.016223774000000003 s.
    - Iteration 4/5: Kernel execution time: 0.016216124000000002 s.
[I] Only-sharded module 10 for stage 2, constructing entry XLA computation...
[I] Compiling HLO module...
[I] Profiling HLO modules...
    - Iteration 0/5: Kernel execution time: 0.009216646999999998 s.
    - Iteration 1/5: Kernel execution time: 0.009222890000000003 s.
    - Iteration 2/5: Kernel execution time: 0.009226945 s.
    - Iteration 3/5: Kernel execution time: 0.009229603999999999 s.
    - Iteration 4/5: Kernel execution time: 0.009220166000000002 s.
[I] Only-sharded module 11 for stage 3, constructing entry XLA computation...
[I] Compiling HLO module...
[I] Profiling HLO modules...
    - Iteration 0/5: Kernel execution time: 0.010056015000000001 s.
    - Iteration 1/5: Kernel execution time: 0.010072520000000003 s.
    - Iteration 2/5: Kernel execution time: 0.010059334000000001 s.
    - Iteration 3/5: Kernel execution time: 0.010062313 s.
    - Iteration 4/5: Kernel execution time: 0.010072777000000002 s.
[I] Constructing single-device HLO modules concurrently takes 0.18825817108154297 s.
[I] Compile single-device HLO modules concurrently takes 8.302091121673584 s.
[I] Profile all compiled sequentially on one GPU takes 14.90144658088684 s.
[I] Estimated e2e pipeline iteration time is: 9.150946161167383 s.
    - Kernel computation time is: -1.0 s.
    - Communication time is: -1.0 s.
    - Cross-stages communication time is: -1.0 s.
