[I] Ray Cluster & Alpa backend initialization is completed.
[I] Device Info:
    - Devices num per node: 2
    - Nodes num: 1
[I] Loading flax model....
[I] Model 'wide_resnet' loads sucessfully. Model Info: 

WideResNet(
    # attributes
    stage_sizes = [3, 4, 6, 3]
    block_cls = BottleneckResNetBlock
    num_classes = 1024
    num_filters = 224
    width_factor = 2
    dtype = float32
    act = relu
) 

[I] Loading PyTorch dataset and constructing torch data loader....
[I] Dump debug file path: ./profile_result/debug/1_nodes_2_devices_per_node/1_a40/wide_resnet_CIFAR10/bs_256_nmb_16_pln_16_param_num_500M
[I] Manually construct dummy batch with the shape of (256, 224, 224, 3).
[I] Initialize training state...
[I] Training state initialization is completed.
[I] Manually slice pipeline and sharding, the related specs are as follows:
    - 'forward_stage_layer_id': [[0, 1, 2, 3, 4, 5, 6, 7], [8, 9, 10, 11, 12, 13, 14, 15]]
    - 'submesh_physical_shapes': [(1, 1), (1, 1)]
    - 'submesh_logical_shapes': [(1, 1), (1, 1)]
    - 'submesh_autosharding_option_dicts': [{}, {}]
[I] Constructing Alpa parallelized train step func...
[I] Alpa parallelized train step func construction is completed.
 - Compile (driver): 19.20 s
compilation time breakdown: {'stage-construction': '0.02', 'stage-construction-dp': '0.00', 'stage-construction-compilation': '0.00', 'stage-construction-profiling': '0.00'}
 - Compile (worker): 6.78 s
[I] Training process warmup (0 rounds) with dummy input batch...
[I] Ready to perform training process.
[I] Benchmark the training process with entire dataset and profile with driver overhead...
[I] The result of the last dynamic programming is as follows:
(None, None, None, None, None)
 - Benchmark: 13.08 s

[I] Performance metrics:
 - Iteration count: 1.
 - Total e2e training time : 0.0 s.
 - Average e2e iteration time: 0.0 s.
 - Total local training time: 12.62700080871582 s.
 - Average local iteration time: 12.62700080871582 s.
 - Max allocated memory among devices: 5.811 GB.
 - Compilation times:  {'stage-construction': 0.015611648559570312, 'stage-construction-dp': 0.0, 'stage-construction-compilation': 0.0, 'stage-construction-profiling': 0.0}
 - Metadata:  None
 - Is need save result:  True

