
[I] Loading Crius kernel-level profiler...
[TMP] Profiling results not found in `None`, creating it...

[I] Loading model and generating sharded HLO module...
[I] Initializing XLA devices takes 0.38163256645202637 s.
[I] Loading flax model....
[I] Model 'bert' loads sucessfully. Model Info: 

FlaxBertForMaskedLMModule(
    # attributes
    config = <model.bert_model.BertConfig object at 0x7f0019cf2940>
    dtype = float16
) 

[I] Initialize training state...
[I] Training state initialization is completed.
[I] Constructing general train step func...
[I] General train step func construction is completed.
[I] Model has been loaded, begin Jaxpr transformation...


Layer 0:
Eqn 5 in layer 0: Primitive: dot_general | FLOPs (GB): 3200.0 | Memory access (GB): 1.8203125 | Attainable performance: 37400 | Computation load: 0.0855614973262032
Eqn 10 in layer 0: Primitive: dot_general | FLOPs (GB): 3200.0 | Memory access (GB): 1.8203125 | Attainable performance: 37400 | Computation load: 0.0855614973262032
Eqn 36 in layer 0: Primitive: dot_general | FLOPs (GB): 384.0 | Memory access (GB): 0.2734375 | Attainable performance: 37400 | Computation load: 0.010267379679144385
Eqn 56 in layer 0: Primitive: dot_general | FLOPs (GB): 64.0 | Memory access (GB): 1.125 | Attainable performance: 37400 | Computation load: 0.001711229946524064
Eqn 68 in layer 0: Primitive: dot_general | FLOPs (GB): 64.0 | Memory access (GB): 1.125 | Attainable performance: 37400 | Computation load: 0.001711229946524064
Eqn 71 in layer 0: Primitive: dot_general | FLOPs (GB): 3200.0 | Memory access (GB): 1.8203125 | Attainable performance: 37400 | Computation load: 0.0855614973262032
Eqn 100 in layer 0: Primitive: remat2 | FLOPs (GB): 20512.0 | Memory access (GB): 18.43164063245058 | Attainable performance: 37400 | Computation load: 0.5484491978609626
Layer computation load: 0.8188235294117647

Layer 1:
Eqn 1 in layer 1: Primitive: dot_general | FLOPs (GB): 512.0 | Memory access (GB): 0.34375 | Attainable performance: 37400 | Computation load: 0.013689839572192513
Eqn 9 in layer 1: Primitive: dot_general | FLOPs (GB): 3200.0 | Memory access (GB): 1.8203125 | Attainable performance: 37400 | Computation load: 0.0855614973262032
Eqn 36 in layer 1: Primitive: dot_general | FLOPs (GB): 384.0 | Memory access (GB): 0.2734375 | Attainable performance: 37400 | Computation load: 0.010267379679144385
Eqn 56 in layer 1: Primitive: dot_general | FLOPs (GB): 64.0 | Memory access (GB): 1.125 | Attainable performance: 37400 | Computation load: 0.001711229946524064
Eqn 68 in layer 1: Primitive: dot_general | FLOPs (GB): 64.0 | Memory access (GB): 1.125 | Attainable performance: 37400 | Computation load: 0.001711229946524064
Eqn 71 in layer 1: Primitive: dot_general | FLOPs (GB): 3200.0 | Memory access (GB): 1.8203125 | Attainable performance: 37400 | Computation load: 0.0855614973262032
Eqn 98 in layer 1: Primitive: dot_general | FLOPs (GB): 512.0 | Memory access (GB): 0.34375 | Attainable performance: 37400 | Computation load: 0.013689839572192513
Eqn 106 in layer 1: Primitive: dot_general | FLOPs (GB): 3200.0 | Memory access (GB): 1.8203125 | Attainable performance: 37400 | Computation load: 0.0855614973262032
Eqn 133 in layer 1: Primitive: dot_general | FLOPs (GB): 384.0 | Memory access (GB): 0.2734375 | Attainable performance: 37400 | Computation load: 0.010267379679144385
Eqn 153 in layer 1: Primitive: dot_general | FLOPs (GB): 64.0 | Memory access (GB): 1.125 | Attainable performance: 37400 | Computation load: 0.001711229946524064
Eqn 165 in layer 1: Primitive: dot_general | FLOPs (GB): 64.0 | Memory access (GB): 1.125 | Attainable performance: 37400 | Computation load: 0.001711229946524064
Eqn 168 in layer 1: Primitive: dot_general | FLOPs (GB): 3200.0 | Memory access (GB): 1.8203125 | Attainable performance: 37400 | Computation load: 0.0855614973262032
Eqn 174 in layer 1: Primitive: remat2 | FLOPs (GB): 35456.0 | Memory access (GB): 33.9921875 | Attainable performance: 37400 | Computation load: 0.9480213903743315
Layer computation load: 1.3450267379679144

Layer 2:
Eqn 24 in layer 2: Primitive: dot_general | FLOPs (GB): 512.0 | Memory access (GB): 0.34375 | Attainable performance: 37400 | Computation load: 0.013689839572192513
Eqn 32 in layer 2: Primitive: dot_general | FLOPs (GB): 3200.0 | Memory access (GB): 1.8203125 | Attainable performance: 37400 | Computation load: 0.0855614973262032
Eqn 59 in layer 2: Primitive: dot_general | FLOPs (GB): 384.0 | Memory access (GB): 0.2734375 | Attainable performance: 37400 | Computation load: 0.010267379679144385
Eqn 79 in layer 2: Primitive: dot_general | FLOPs (GB): 64.0 | Memory access (GB): 1.125 | Attainable performance: 37400 | Computation load: 0.001711229946524064
Eqn 91 in layer 2: Primitive: dot_general | FLOPs (GB): 64.0 | Memory access (GB): 1.125 | Attainable performance: 37400 | Computation load: 0.001711229946524064
Eqn 94 in layer 2: Primitive: dot_general | FLOPs (GB): 3200.0 | Memory access (GB): 1.8203125 | Attainable performance: 37400 | Computation load: 0.0855614973262032
Eqn 121 in layer 2: Primitive: dot_general | FLOPs (GB): 512.0 | Memory access (GB): 0.34375 | Attainable performance: 37400 | Computation load: 0.013689839572192513
Eqn 129 in layer 2: Primitive: dot_general | FLOPs (GB): 3200.0 | Memory access (GB): 1.8203125 | Attainable performance: 37400 | Computation load: 0.0855614973262032
Eqn 158 in layer 2: Primitive: remat2 | FLOPs (GB): 27776.0 | Memory access (GB): 22.921875 | Attainable performance: 37400 | Computation load: 0.7426737967914439
Layer computation load: 1.040427807486631

Layer 3:
Eqn 1 in layer 3: Primitive: dot_general | FLOPs (GB): 384.0 | Memory access (GB): 0.2734375 | Attainable performance: 37400 | Computation load: 0.010267379679144385
Eqn 21 in layer 3: Primitive: dot_general | FLOPs (GB): 64.0 | Memory access (GB): 1.125 | Attainable performance: 37400 | Computation load: 0.001711229946524064
Eqn 33 in layer 3: Primitive: dot_general | FLOPs (GB): 64.0 | Memory access (GB): 1.125 | Attainable performance: 37400 | Computation load: 0.001711229946524064
Eqn 36 in layer 3: Primitive: dot_general | FLOPs (GB): 3200.0 | Memory access (GB): 1.8203125 | Attainable performance: 37400 | Computation load: 0.0855614973262032
Eqn 63 in layer 3: Primitive: dot_general | FLOPs (GB): 512.0 | Memory access (GB): 0.34375 | Attainable performance: 37400 | Computation load: 0.013689839572192513
Eqn 71 in layer 3: Primitive: dot_general | FLOPs (GB): 3200.0 | Memory access (GB): 1.8203125 | Attainable performance: 37400 | Computation load: 0.0855614973262032
Eqn 98 in layer 3: Primitive: dot_general | FLOPs (GB): 384.0 | Memory access (GB): 0.2734375 | Attainable performance: 37400 | Computation load: 0.010267379679144385
Eqn 118 in layer 3: Primitive: dot_general | FLOPs (GB): 64.0 | Memory access (GB): 1.125 | Attainable performance: 37400 | Computation load: 0.001711229946524064
Eqn 130 in layer 3: Primitive: dot_general | FLOPs (GB): 64.0 | Memory access (GB): 1.125 | Attainable performance: 37400 | Computation load: 0.001711229946524064
Eqn 133 in layer 3: Primitive: dot_general | FLOPs (GB): 3200.0 | Memory access (GB): 1.8203125 | Attainable performance: 37400 | Computation load: 0.0855614973262032
Eqn 162 in layer 3: Primitive: remat2 | FLOPs (GB): 30208.0 | Memory access (GB): 30.796875 | Attainable performance: 37400 | Computation load: 0.8077005347593583
Layer computation load: 1.1054545454545455

Layer 4:
Eqn 1 in layer 4: Primitive: dot_general | FLOPs (GB): 512.0 | Memory access (GB): 0.34375 | Attainable performance: 37400 | Computation load: 0.013689839572192513
Eqn 9 in layer 4: Primitive: dot_general | FLOPs (GB): 3200.0 | Memory access (GB): 1.8203125 | Attainable performance: 37400 | Computation load: 0.0855614973262032
Eqn 36 in layer 4: Primitive: dot_general | FLOPs (GB): 384.0 | Memory access (GB): 0.2734375 | Attainable performance: 37400 | Computation load: 0.010267379679144385
Eqn 56 in layer 4: Primitive: dot_general | FLOPs (GB): 64.0 | Memory access (GB): 1.125 | Attainable performance: 37400 | Computation load: 0.001711229946524064
Eqn 68 in layer 4: Primitive: dot_general | FLOPs (GB): 64.0 | Memory access (GB): 1.125 | Attainable performance: 37400 | Computation load: 0.001711229946524064
Eqn 71 in layer 4: Primitive: dot_general | FLOPs (GB): 3200.0 | Memory access (GB): 1.8203125 | Attainable performance: 37400 | Computation load: 0.0855614973262032
Eqn 98 in layer 4: Primitive: dot_general | FLOPs (GB): 512.0 | Memory access (GB): 0.34375 | Attainable performance: 37400 | Computation load: 0.013689839572192513
Eqn 106 in layer 4: Primitive: dot_general | FLOPs (GB): 3200.0 | Memory access (GB): 1.8203125 | Attainable performance: 37400 | Computation load: 0.0855614973262032
Eqn 133 in layer 4: Primitive: dot_general | FLOPs (GB): 384.0 | Memory access (GB): 0.2734375 | Attainable performance: 37400 | Computation load: 0.010267379679144385
Eqn 153 in layer 4: Primitive: dot_general | FLOPs (GB): 64.0 | Memory access (GB): 1.125 | Attainable performance: 37400 | Computation load: 0.001711229946524064
Eqn 165 in layer 4: Primitive: dot_general | FLOPs (GB): 64.0 | Memory access (GB): 1.125 | Attainable performance: 37400 | Computation load: 0.001711229946524064
Eqn 168 in layer 4: Primitive: dot_general | FLOPs (GB): 3200.0 | Memory access (GB): 1.8203125 | Attainable performance: 37400 | Computation load: 0.0855614973262032
Eqn 174 in layer 4: Primitive: remat2 | FLOPs (GB): 35456.0 | Memory access (GB): 33.9921875 | Attainable performance: 37400 | Computation load: 0.9480213903743315
Layer computation load: 1.3450267379679144

Layer 5:
Eqn 24 in layer 5: Primitive: dot_general | FLOPs (GB): 512.0 | Memory access (GB): 0.34375 | Attainable performance: 37400 | Computation load: 0.013689839572192513
Eqn 32 in layer 5: Primitive: dot_general | FLOPs (GB): 3200.0 | Memory access (GB): 1.8203125 | Attainable performance: 37400 | Computation load: 0.0855614973262032
Eqn 59 in layer 5: Primitive: dot_general | FLOPs (GB): 384.0 | Memory access (GB): 0.2734375 | Attainable performance: 37400 | Computation load: 0.010267379679144385
Eqn 79 in layer 5: Primitive: dot_general | FLOPs (GB): 64.0 | Memory access (GB): 1.125 | Attainable performance: 37400 | Computation load: 0.001711229946524064
Eqn 91 in layer 5: Primitive: dot_general | FLOPs (GB): 64.0 | Memory access (GB): 1.125 | Attainable performance: 37400 | Computation load: 0.001711229946524064
Eqn 94 in layer 5: Primitive: dot_general | FLOPs (GB): 3200.0 | Memory access (GB): 1.8203125 | Attainable performance: 37400 | Computation load: 0.0855614973262032
Eqn 121 in layer 5: Primitive: dot_general | FLOPs (GB): 512.0 | Memory access (GB): 0.34375 | Attainable performance: 37400 | Computation load: 0.013689839572192513
Eqn 129 in layer 5: Primitive: dot_general | FLOPs (GB): 3200.0 | Memory access (GB): 1.8203125 | Attainable performance: 37400 | Computation load: 0.0855614973262032
Eqn 158 in layer 5: Primitive: remat2 | FLOPs (GB): 27776.0 | Memory access (GB): 22.921875 | Attainable performance: 37400 | Computation load: 0.7426737967914439
Layer computation load: 1.040427807486631

Layer 6:
Eqn 1 in layer 6: Primitive: dot_general | FLOPs (GB): 384.0 | Memory access (GB): 0.2734375 | Attainable performance: 37400 | Computation load: 0.010267379679144385
Eqn 21 in layer 6: Primitive: dot_general | FLOPs (GB): 64.0 | Memory access (GB): 1.125 | Attainable performance: 37400 | Computation load: 0.001711229946524064
Eqn 33 in layer 6: Primitive: dot_general | FLOPs (GB): 64.0 | Memory access (GB): 1.125 | Attainable performance: 37400 | Computation load: 0.001711229946524064
Eqn 36 in layer 6: Primitive: dot_general | FLOPs (GB): 3200.0 | Memory access (GB): 1.8203125 | Attainable performance: 37400 | Computation load: 0.0855614973262032
Eqn 63 in layer 6: Primitive: dot_general | FLOPs (GB): 512.0 | Memory access (GB): 0.34375 | Attainable performance: 37400 | Computation load: 0.013689839572192513
Eqn 71 in layer 6: Primitive: dot_general | FLOPs (GB): 3200.0 | Memory access (GB): 1.8203125 | Attainable performance: 37400 | Computation load: 0.0855614973262032
Eqn 98 in layer 6: Primitive: dot_general | FLOPs (GB): 384.0 | Memory access (GB): 0.2734375 | Attainable performance: 37400 | Computation load: 0.010267379679144385
Eqn 118 in layer 6: Primitive: dot_general | FLOPs (GB): 64.0 | Memory access (GB): 1.125 | Attainable performance: 37400 | Computation load: 0.001711229946524064
Eqn 130 in layer 6: Primitive: dot_general | FLOPs (GB): 64.0 | Memory access (GB): 1.125 | Attainable performance: 37400 | Computation load: 0.001711229946524064
Eqn 133 in layer 6: Primitive: dot_general | FLOPs (GB): 3200.0 | Memory access (GB): 1.8203125 | Attainable performance: 37400 | Computation load: 0.0855614973262032
Eqn 160 in layer 6: Primitive: dot_general | FLOPs (GB): 512.0 | Memory access (GB): 0.34375 | Attainable performance: 37400 | Computation load: 0.013689839572192513
Eqn 168 in layer 6: Primitive: dot_general | FLOPs (GB): 3200.0 | Memory access (GB): 1.8203125 | Attainable performance: 37400 | Computation load: 0.0855614973262032
Eqn 174 in layer 6: Primitive: remat2 | FLOPs (GB): 35456.0 | Memory access (GB): 33.9921875 | Attainable performance: 37400 | Computation load: 0.9480213903743315
Layer computation load: 1.3450267379679144

Layer 7:
Eqn 24 in layer 7: Primitive: dot_general | FLOPs (GB): 384.0 | Memory access (GB): 0.2734375 | Attainable performance: 37400 | Computation load: 0.010267379679144385
Eqn 44 in layer 7: Primitive: dot_general | FLOPs (GB): 64.0 | Memory access (GB): 1.125 | Attainable performance: 37400 | Computation load: 0.001711229946524064
Eqn 56 in layer 7: Primitive: dot_general | FLOPs (GB): 64.0 | Memory access (GB): 1.125 | Attainable performance: 37400 | Computation load: 0.001711229946524064
Eqn 59 in layer 7: Primitive: dot_general | FLOPs (GB): 3200.0 | Memory access (GB): 1.8203125 | Attainable performance: 37400 | Computation load: 0.0855614973262032
Eqn 86 in layer 7: Primitive: dot_general | FLOPs (GB): 512.0 | Memory access (GB): 0.34375 | Attainable performance: 37400 | Computation load: 0.013689839572192513
Eqn 94 in layer 7: Primitive: dot_general | FLOPs (GB): 3200.0 | Memory access (GB): 1.8203125 | Attainable performance: 37400 | Computation load: 0.0855614973262032
Eqn 121 in layer 7: Primitive: dot_general | FLOPs (GB): 384.0 | Memory access (GB): 0.2734375 | Attainable performance: 37400 | Computation load: 0.010267379679144385
Eqn 141 in layer 7: Primitive: dot_general | FLOPs (GB): 64.0 | Memory access (GB): 1.125 | Attainable performance: 37400 | Computation load: 0.001711229946524064
Eqn 153 in layer 7: Primitive: dot_general | FLOPs (GB): 64.0 | Memory access (GB): 1.125 | Attainable performance: 37400 | Computation load: 0.001711229946524064
Eqn 156 in layer 7: Primitive: dot_general | FLOPs (GB): 3200.0 | Memory access (GB): 1.8203125 | Attainable performance: 37400 | Computation load: 0.0855614973262032
Eqn 162 in layer 7: Primitive: remat2 | FLOPs (GB): 27008.0 | Memory access (GB): 28.9765625 | Attainable performance: 37400 | Computation load: 0.7221390374331551
Layer computation load: 1.0198930481283424

Layer 8:
Eqn 24 in layer 8: Primitive: dot_general | FLOPs (GB): 512.0 | Memory access (GB): 0.34375 | Attainable performance: 37400 | Computation load: 0.013689839572192513
Eqn 32 in layer 8: Primitive: dot_general | FLOPs (GB): 3200.0 | Memory access (GB): 1.8203125 | Attainable performance: 37400 | Computation load: 0.0855614973262032
Eqn 59 in layer 8: Primitive: dot_general | FLOPs (GB): 384.0 | Memory access (GB): 0.2734375 | Attainable performance: 37400 | Computation load: 0.010267379679144385
Eqn 79 in layer 8: Primitive: dot_general | FLOPs (GB): 64.0 | Memory access (GB): 1.125 | Attainable performance: 37400 | Computation load: 0.001711229946524064
Eqn 91 in layer 8: Primitive: dot_general | FLOPs (GB): 64.0 | Memory access (GB): 1.125 | Attainable performance: 37400 | Computation load: 0.001711229946524064
Eqn 94 in layer 8: Primitive: dot_general | FLOPs (GB): 3200.0 | Memory access (GB): 1.8203125 | Attainable performance: 37400 | Computation load: 0.0855614973262032
Eqn 121 in layer 8: Primitive: dot_general | FLOPs (GB): 512.0 | Memory access (GB): 0.34375 | Attainable performance: 37400 | Computation load: 0.013689839572192513
Eqn 129 in layer 8: Primitive: dot_general | FLOPs (GB): 3200.0 | Memory access (GB): 1.8203125 | Attainable performance: 37400 | Computation load: 0.0855614973262032
Eqn 158 in layer 8: Primitive: remat2 | FLOPs (GB): 27776.0 | Memory access (GB): 22.921875 | Attainable performance: 37400 | Computation load: 0.7426737967914439
Layer computation load: 1.040427807486631

Layer 9:
Eqn 1 in layer 9: Primitive: dot_general | FLOPs (GB): 384.0 | Memory access (GB): 0.2734375 | Attainable performance: 37400 | Computation load: 0.010267379679144385
Eqn 21 in layer 9: Primitive: dot_general | FLOPs (GB): 64.0 | Memory access (GB): 1.125 | Attainable performance: 37400 | Computation load: 0.001711229946524064
Eqn 33 in layer 9: Primitive: dot_general | FLOPs (GB): 64.0 | Memory access (GB): 1.125 | Attainable performance: 37400 | Computation load: 0.001711229946524064
Eqn 36 in layer 9: Primitive: dot_general | FLOPs (GB): 3200.0 | Memory access (GB): 1.8203125 | Attainable performance: 37400 | Computation load: 0.0855614973262032
Eqn 63 in layer 9: Primitive: dot_general | FLOPs (GB): 512.0 | Memory access (GB): 0.34375 | Attainable performance: 37400 | Computation load: 0.013689839572192513
Eqn 71 in layer 9: Primitive: dot_general | FLOPs (GB): 3200.0 | Memory access (GB): 1.8203125 | Attainable performance: 37400 | Computation load: 0.0855614973262032
Eqn 98 in layer 9: Primitive: dot_general | FLOPs (GB): 384.0 | Memory access (GB): 0.2734375 | Attainable performance: 37400 | Computation load: 0.010267379679144385
Eqn 118 in layer 9: Primitive: dot_general | FLOPs (GB): 64.0 | Memory access (GB): 1.125 | Attainable performance: 37400 | Computation load: 0.001711229946524064
Eqn 130 in layer 9: Primitive: dot_general | FLOPs (GB): 64.0 | Memory access (GB): 1.125 | Attainable performance: 37400 | Computation load: 0.001711229946524064
Eqn 133 in layer 9: Primitive: dot_general | FLOPs (GB): 3200.0 | Memory access (GB): 1.8203125 | Attainable performance: 37400 | Computation load: 0.0855614973262032
Eqn 139 in layer 9: Primitive: remat2 | FLOPs (GB): 27008.0 | Memory access (GB): 28.9765625 | Attainable performance: 37400 | Computation load: 0.7221390374331551
Layer computation load: 1.0198930481283424

Layer 10:
Eqn 24 in layer 10: Primitive: dot_general | FLOPs (GB): 512.0 | Memory access (GB): 0.34375 | Attainable performance: 37400 | Computation load: 0.013689839572192513
Eqn 32 in layer 10: Primitive: dot_general | FLOPs (GB): 3200.0 | Memory access (GB): 1.8203125 | Attainable performance: 37400 | Computation load: 0.0855614973262032
Eqn 59 in layer 10: Primitive: dot_general | FLOPs (GB): 384.0 | Memory access (GB): 0.2734375 | Attainable performance: 37400 | Computation load: 0.010267379679144385
Eqn 79 in layer 10: Primitive: dot_general | FLOPs (GB): 64.0 | Memory access (GB): 1.125 | Attainable performance: 37400 | Computation load: 0.001711229946524064
Eqn 91 in layer 10: Primitive: dot_general | FLOPs (GB): 64.0 | Memory access (GB): 1.125 | Attainable performance: 37400 | Computation load: 0.001711229946524064
Eqn 94 in layer 10: Primitive: dot_general | FLOPs (GB): 3200.0 | Memory access (GB): 1.8203125 | Attainable performance: 37400 | Computation load: 0.0855614973262032
Eqn 121 in layer 10: Primitive: dot_general | FLOPs (GB): 512.0 | Memory access (GB): 0.34375 | Attainable performance: 37400 | Computation load: 0.013689839572192513
Eqn 129 in layer 10: Primitive: dot_general | FLOPs (GB): 3200.0 | Memory access (GB): 1.8203125 | Attainable performance: 37400 | Computation load: 0.0855614973262032
Eqn 158 in layer 10: Primitive: remat2 | FLOPs (GB): 27776.0 | Memory access (GB): 22.921875 | Attainable performance: 37400 | Computation load: 0.7426737967914439
Layer computation load: 1.040427807486631

Layer 11:
Eqn 1 in layer 11: Primitive: dot_general | FLOPs (GB): 384.0 | Memory access (GB): 0.2734375 | Attainable performance: 37400 | Computation load: 0.010267379679144385
Eqn 21 in layer 11: Primitive: dot_general | FLOPs (GB): 64.0 | Memory access (GB): 1.125 | Attainable performance: 37400 | Computation load: 0.001711229946524064
Eqn 33 in layer 11: Primitive: dot_general | FLOPs (GB): 64.0 | Memory access (GB): 1.125 | Attainable performance: 37400 | Computation load: 0.001711229946524064
Eqn 36 in layer 11: Primitive: dot_general | FLOPs (GB): 3200.0 | Memory access (GB): 1.8203125 | Attainable performance: 37400 | Computation load: 0.0855614973262032
Eqn 63 in layer 11: Primitive: dot_general | FLOPs (GB): 512.0 | Memory access (GB): 0.34375 | Attainable performance: 37400 | Computation load: 0.013689839572192513
Eqn 71 in layer 11: Primitive: dot_general | FLOPs (GB): 3200.0 | Memory access (GB): 1.8203125 | Attainable performance: 37400 | Computation load: 0.0855614973262032
Eqn 98 in layer 11: Primitive: dot_general | FLOPs (GB): 384.0 | Memory access (GB): 0.2734375 | Attainable performance: 37400 | Computation load: 0.010267379679144385
Eqn 118 in layer 11: Primitive: dot_general | FLOPs (GB): 64.0 | Memory access (GB): 1.125 | Attainable performance: 37400 | Computation load: 0.001711229946524064
Eqn 130 in layer 11: Primitive: dot_general | FLOPs (GB): 64.0 | Memory access (GB): 1.125 | Attainable performance: 37400 | Computation load: 0.001711229946524064
Eqn 133 in layer 11: Primitive: dot_general | FLOPs (GB): 3200.0 | Memory access (GB): 1.8203125 | Attainable performance: 37400 | Computation load: 0.0855614973262032
Eqn 162 in layer 11: Primitive: remat2 | FLOPs (GB): 30208.0 | Memory access (GB): 30.796875 | Attainable performance: 37400 | Computation load: 0.8077005347593583
Layer computation load: 1.1054545454545455

Layer 12:
Eqn 1 in layer 12: Primitive: dot_general | FLOPs (GB): 512.0 | Memory access (GB): 0.34375 | Attainable performance: 37400 | Computation load: 0.013689839572192513
Eqn 9 in layer 12: Primitive: dot_general | FLOPs (GB): 3200.0 | Memory access (GB): 1.8203125 | Attainable performance: 37400 | Computation load: 0.0855614973262032
Eqn 36 in layer 12: Primitive: dot_general | FLOPs (GB): 384.0 | Memory access (GB): 0.2734375 | Attainable performance: 37400 | Computation load: 0.010267379679144385
Eqn 56 in layer 12: Primitive: dot_general | FLOPs (GB): 64.0 | Memory access (GB): 1.125 | Attainable performance: 37400 | Computation load: 0.001711229946524064
Eqn 68 in layer 12: Primitive: dot_general | FLOPs (GB): 64.0 | Memory access (GB): 1.125 | Attainable performance: 37400 | Computation load: 0.001711229946524064
Eqn 71 in layer 12: Primitive: dot_general | FLOPs (GB): 3200.0 | Memory access (GB): 1.8203125 | Attainable performance: 37400 | Computation load: 0.0855614973262032
Eqn 98 in layer 12: Primitive: dot_general | FLOPs (GB): 512.0 | Memory access (GB): 0.34375 | Attainable performance: 37400 | Computation load: 0.013689839572192513
Eqn 106 in layer 12: Primitive: dot_general | FLOPs (GB): 3200.0 | Memory access (GB): 1.8203125 | Attainable performance: 37400 | Computation load: 0.0855614973262032
Eqn 133 in layer 12: Primitive: dot_general | FLOPs (GB): 384.0 | Memory access (GB): 0.2734375 | Attainable performance: 37400 | Computation load: 0.010267379679144385
Eqn 153 in layer 12: Primitive: dot_general | FLOPs (GB): 64.0 | Memory access (GB): 1.125 | Attainable performance: 37400 | Computation load: 0.001711229946524064
Eqn 165 in layer 12: Primitive: dot_general | FLOPs (GB): 64.0 | Memory access (GB): 1.125 | Attainable performance: 37400 | Computation load: 0.001711229946524064
Eqn 168 in layer 12: Primitive: dot_general | FLOPs (GB): 3200.0 | Memory access (GB): 1.8203125 | Attainable performance: 37400 | Computation load: 0.0855614973262032
Eqn 174 in layer 12: Primitive: remat2 | FLOPs (GB): 35456.0 | Memory access (GB): 33.9921875 | Attainable performance: 37400 | Computation load: 0.9480213903743315
Layer computation load: 1.3450267379679144

Layer 13:
Eqn 24 in layer 13: Primitive: dot_general | FLOPs (GB): 512.0 | Memory access (GB): 0.34375 | Attainable performance: 37400 | Computation load: 0.013689839572192513
Eqn 32 in layer 13: Primitive: dot_general | FLOPs (GB): 3200.0 | Memory access (GB): 1.8203125 | Attainable performance: 37400 | Computation load: 0.0855614973262032
Eqn 59 in layer 13: Primitive: dot_general | FLOPs (GB): 384.0 | Memory access (GB): 0.2734375 | Attainable performance: 37400 | Computation load: 0.010267379679144385
Eqn 79 in layer 13: Primitive: dot_general | FLOPs (GB): 64.0 | Memory access (GB): 1.125 | Attainable performance: 37400 | Computation load: 0.001711229946524064
Eqn 91 in layer 13: Primitive: dot_general | FLOPs (GB): 64.0 | Memory access (GB): 1.125 | Attainable performance: 37400 | Computation load: 0.001711229946524064
Eqn 94 in layer 13: Primitive: dot_general | FLOPs (GB): 3200.0 | Memory access (GB): 1.8203125 | Attainable performance: 37400 | Computation load: 0.0855614973262032
Eqn 121 in layer 13: Primitive: dot_general | FLOPs (GB): 512.0 | Memory access (GB): 0.34375 | Attainable performance: 37400 | Computation load: 0.013689839572192513
Eqn 129 in layer 13: Primitive: dot_general | FLOPs (GB): 3200.0 | Memory access (GB): 1.8203125 | Attainable performance: 37400 | Computation load: 0.0855614973262032
Eqn 158 in layer 13: Primitive: remat2 | FLOPs (GB): 27776.0 | Memory access (GB): 22.921875 | Attainable performance: 37400 | Computation load: 0.7426737967914439
Layer computation load: 1.040427807486631

Layer 14:
Eqn 1 in layer 14: Primitive: dot_general | FLOPs (GB): 384.0 | Memory access (GB): 0.2734375 | Attainable performance: 37400 | Computation load: 0.010267379679144385
Eqn 21 in layer 14: Primitive: dot_general | FLOPs (GB): 64.0 | Memory access (GB): 1.125 | Attainable performance: 37400 | Computation load: 0.001711229946524064
Eqn 33 in layer 14: Primitive: dot_general | FLOPs (GB): 64.0 | Memory access (GB): 1.125 | Attainable performance: 37400 | Computation load: 0.001711229946524064
Eqn 36 in layer 14: Primitive: dot_general | FLOPs (GB): 3200.0 | Memory access (GB): 1.8203125 | Attainable performance: 37400 | Computation load: 0.0855614973262032
Eqn 63 in layer 14: Primitive: dot_general | FLOPs (GB): 512.0 | Memory access (GB): 0.34375 | Attainable performance: 37400 | Computation load: 0.013689839572192513
Eqn 71 in layer 14: Primitive: dot_general | FLOPs (GB): 3200.0 | Memory access (GB): 1.8203125 | Attainable performance: 37400 | Computation load: 0.0855614973262032
Eqn 98 in layer 14: Primitive: dot_general | FLOPs (GB): 384.0 | Memory access (GB): 0.2734375 | Attainable performance: 37400 | Computation load: 0.010267379679144385
Eqn 118 in layer 14: Primitive: dot_general | FLOPs (GB): 64.0 | Memory access (GB): 1.125 | Attainable performance: 37400 | Computation load: 0.001711229946524064
Eqn 130 in layer 14: Primitive: dot_general | FLOPs (GB): 64.0 | Memory access (GB): 1.125 | Attainable performance: 37400 | Computation load: 0.001711229946524064
Eqn 133 in layer 14: Primitive: dot_general | FLOPs (GB): 3200.0 | Memory access (GB): 1.8203125 | Attainable performance: 37400 | Computation load: 0.0855614973262032
Eqn 139 in layer 14: Primitive: remat2 | FLOPs (GB): 27008.0 | Memory access (GB): 28.9765625 | Attainable performance: 37400 | Computation load: 0.7221390374331551
Layer computation load: 1.0198930481283424

Layer 15:
Eqn 3 in layer 15: Primitive: remat2 | FLOPs (GB): 24576.0 | Memory access (GB): 14.25 | Attainable performance: 37400 | Computation load: 0.6571122994652406
Layer computation load: 0.6571122994652406
Layer memory access: [26.41601563245058, 47.0078125, 31.59375, 41.6484375, 47.0078125, 31.59375, 47.0078125, 39.828125, 31.59375, 39.828125, 31.59375, 41.6484375, 47.0078125, 31.59375, 39.828125, 14.25]

Layer GPU fractions:
[0.378, 0.621, 0.48, 0.51, 0.621, 0.48, 0.621, 0.471, 0.48, 0.471, 0.48, 0.51, 0.621, 0.48, 0.471, 0.303]

Layer GPU fractions:
[0.378, 0.621, 0.48, 0.51, 0.621, 0.48, 0.621, 0.471, 0.48, 0.471, 0.48, 0.51, 0.621, 0.48, 0.471, 0.303]

[]

[]

{}
[I] Pipeline partition mode: auto | Layer-to-stage partition: [[0, 1, 2, 3, 4, 5, 6], [7, 8, 9, 10], [11, 12, 13], [14, 15]]
[I] Pipeline partition mode: auto | Cell-generated physical mesh shapes: [(1, 2), (1, 2), (1, 2), (1, 2)]
[I] Loading model and transform to Jaxpr stages takes 29.308571577072144 s.
[I] The GPU sharding of pipeline stages is: [2, 2, 2, 2]
[I] Pipeline partition mode: auto | Parallel enum mode: auto | Parallel plans: [[StageShape(type='single', stage_shape=(1, 2), layer_shape=None), StageShape(type='single', stage_shape=(2, 1), layer_shape=None), StageShape(type='single', stage_shape=(2, 1), layer_shape=None), StageShape(type='single', stage_shape=(1, 2), layer_shape=None)]]

[I] (Parallel plan idx: 0) Sharding stages...
[I] Sharding stages takes 18.699498653411865 s.
[I] (Parallel plan idx: 0) SPMD partitioning and compiling (kernel fusing) HLO stages...
[I] SPMD partitioning and pre-compiling HLO modules concurrently takes 10.104176759719849 s.

[I] All parallel plans in the cell have been sharded and compiled.
[TMP] Writing only-sharded HLO text to '/home/cyxue/Projects/crius/Crius/runtime/jaxpr/tmp/bert_1.3B_256_sharded_stages.pkl'...
[TMP] Writing optimized HLO text to '/home/cyxue/Projects/crius/Crius/runtime/jaxpr/tmp/bert_1.3B_256_optimized_stages.pkl'...
[TMP] Writing inter-stages communicated vars to '/home/cyxue/Projects/crius/Crius/runtime/jaxpr/tmp/bert_1.3B_256_inter_stages_comm_vars.pkl'

[I] Parallel plan idx: 0 | Parallelism: [(1, 2), (2, 1), (2, 1), (1, 2)]

[I] (Parallel plan idx: 0) Parsing HLO texts and profiling XLA operators...
[I] Pipeline partition mode: auto | Preset physical mesh shapes: [(1, 2), (1, 2), (1, 2), (1, 2)]
[TMP] Loading offline profiled communication data: `1_a40_1_n_2_d_ib.pkl`...
[TMP] Loading offline profiled communication data: `2_a40_2_n_1_d_ib.pkl`...
\Time of module 0 (stage 0):
Intra-stage comm time: 0.13860519230365753
Grad sync time: 0

[I] Optimized module 0 for stage 0, comm time has been statically analyzed.
\Time of module 1 (stage 1):
Intra-stage comm time: 0
Grad sync time: 0

[I] Optimized module 1 for stage 1, comm time has been statically analyzed.
\Time of module 2 (stage 2):
Intra-stage comm time: 0
Grad sync time: 0

[I] Optimized module 2 for stage 2, comm time has been statically analyzed.
\Time of module 3 (stage 3):
Intra-stage comm time: 0.018078938126564026
Grad sync time: 0

[I] Optimized module 3 for stage 3, comm time has been statically analyzed.
\Time of module 4 (stage 3):
Intra-stage comm time: 0.05747578053269535
Grad sync time: 0

[I] Optimized module 4 for stage 3, comm time has been statically analyzed.
\Time of module 5 (stage 2):
Intra-stage comm time: 0.0
Grad sync time: 0.03873252687626518

[I] Optimized module 5 for stage 2, comm time has been statically analyzed.
\Time of module 6 (stage 1):
Intra-stage comm time: 0.0
Grad sync time: 0.04659829033272607

[I] Optimized module 6 for stage 1, comm time has been statically analyzed.
\Time of module 7 (stage 0):
Intra-stage comm time: 0.25310513377189636
Grad sync time: 0

[I] Optimized module 7 for stage 0, comm time has been statically analyzed.
\Time of module 8 (stage 0):
Intra-stage comm time: 0
Grad sync time: 0

[I] Optimized module 8 for stage 0, comm time has been statically analyzed.
\Time of module 9 (stage 1):
Intra-stage comm time: 0.029076987504959115
Grad sync time: 0

[I] Optimized module 9 for stage 1, comm time has been statically analyzed.
\Time of module 10 (stage 2):
Intra-stage comm time: 0.024123519659042365
Grad sync time: 0

[I] Optimized module 10 for stage 2, comm time has been statically analyzed.
\Time of module 11 (stage 3):
Intra-stage comm time: 0
Grad sync time: 0

[I] Optimized module 11 for stage 3, comm time has been statically analyzed.
[TMP] Memory footprint of the stage 0 is 7.199060447514057 GB, while the available memory of the XLA device is 35.33237304631621 GB.
[TMP] Memory footprint of the stage 1 is 4.689987186342478 GB, while the available memory of the XLA device is 35.33237304631621 GB.
[TMP] Memory footprint of the stage 2 is 3.9082832373678684 GB, while the available memory of the XLA device is 35.33237304631621 GB.
[TMP] Memory footprint of the stage 3 is 2.2046089209616184 GB, while the available memory of the XLA device is 35.33237304631621 GB.
[I] Only-sharded module 0 for stage 0, constructing entry XLA computation...
[I] Compiling HLO module...
[I] Profiling HLO modules...
    - Iteration 0/5: Kernel execution time: 0.19830287699999985 s.
    - Iteration 1/5: Kernel execution time: 0.19851377299999998 s.
    - Iteration 2/5: Kernel execution time: 0.19854540899999995 s.
    - Iteration 3/5: Kernel execution time: 0.19832003600000003 s.
    - Iteration 4/5: Kernel execution time: 0.1984316500000001 s.
[I] Only-sharded module 1 for stage 1, constructing entry XLA computation...
[I] Compiling HLO module...
[I] Profiling HLO modules...
    - Iteration 0/5: Kernel execution time: 0.09851446400000001 s.
    - Iteration 1/5: Kernel execution time: 0.09869961500000006 s.
    - Iteration 2/5: Kernel execution time: 0.09860647100000003 s.
    - Iteration 3/5: Kernel execution time: 0.09850330100000002 s.
    - Iteration 4/5: Kernel execution time: 0.098651681 s.
[I] Only-sharded module 2 for stage 2, constructing entry XLA computation...
[I] Compiling HLO module...
[I] Profiling HLO modules...
    - Iteration 0/5: Kernel execution time: 0.08191686299999998 s.
    - Iteration 1/5: Kernel execution time: 0.08207280200000003 s.
    - Iteration 2/5: Kernel execution time: 0.08193709299999999 s.
    - Iteration 3/5: Kernel execution time: 0.08204998700000002 s.
    - Iteration 4/5: Kernel execution time: 0.082057849 s.
[I] Only-sharded module 3 for stage 3, constructing entry XLA computation...
[I] Compiling HLO module...
[I] Profiling HLO modules...
    - Iteration 0/5: Kernel execution time: 0.026908287 s.
    - Iteration 1/5: Kernel execution time: 0.026750018999999996 s.
    - Iteration 2/5: Kernel execution time: 0.026821216 s.
    - Iteration 3/5: Kernel execution time: 0.026880446 s.
    - Iteration 4/5: Kernel execution time: 0.026836097000000007 s.
[I] Only-sharded module 4 for stage 3, constructing entry XLA computation...
[I] Compiling HLO module...
[I] Profiling HLO modules...
    - Iteration 0/5: Kernel execution time: 0.135872626 s.
    - Iteration 1/5: Kernel execution time: 0.1359977179999999 s.
    - Iteration 2/5: Kernel execution time: 0.135953525 s.
    - Iteration 3/5: Kernel execution time: 0.13580271200000005 s.
    - Iteration 4/5: Kernel execution time: 0.13611265800000005 s.
[I] Only-sharded module 5 for stage 2, constructing entry XLA computation...
[I] Compiling HLO module...
[I] Profiling HLO modules...
    - Iteration 0/5: Kernel execution time: 0.20481721200000003 s.
    - Iteration 1/5: Kernel execution time: 0.20542856600000006 s.
    - Iteration 2/5: Kernel execution time: 0.2054654990000001 s.
    - Iteration 3/5: Kernel execution time: 0.205564255 s.
    - Iteration 4/5: Kernel execution time: 0.20523542099999992 s.
[I] Only-sharded module 6 for stage 1, constructing entry XLA computation...
[I] Compiling HLO module...
[I] Profiling HLO modules...
    - Iteration 0/5: Kernel execution time: 0.24547590100000008 s.
    - Iteration 1/5: Kernel execution time: 0.24620901499999984 s.
    - Iteration 2/5: Kernel execution time: 0.24627429899999986 s.
    - Iteration 3/5: Kernel execution time: 0.24521043200000003 s.
    - Iteration 4/5: Kernel execution time: 0.24599289900000001 s.
[I] Only-sharded module 7 for stage 0, constructing entry XLA computation...
[I] Compiling HLO module...
[I] Profiling HLO modules...
    - Iteration 0/5: Kernel execution time: 0.47088061000000003 s.
    - Iteration 1/5: Kernel execution time: 0.4716033709999997 s.
    - Iteration 2/5: Kernel execution time: 0.47112946099999975 s.
    - Iteration 3/5: Kernel execution time: 0.4708862310000005 s.
    - Iteration 4/5: Kernel execution time: 0.47106225000000046 s.
[I] Only-sharded module 8 for stage 0, constructing entry XLA computation...
[I] Compiling HLO module...
[I] Profiling HLO modules...
    - Iteration 0/5: Kernel execution time: 0.021785765000000002 s.
    - Iteration 1/5: Kernel execution time: 0.021753797 s.
    - Iteration 2/5: Kernel execution time: 0.021785188 s.
    - Iteration 3/5: Kernel execution time: 0.021774150000000003 s.
    - Iteration 4/5: Kernel execution time: 0.021788962 s.
[I] Only-sharded module 9 for stage 1, constructing entry XLA computation...
[I] Compiling HLO module...
[I] Profiling HLO modules...
    - Iteration 0/5: Kernel execution time: 0.009996260999999998 s.
    - Iteration 1/5: Kernel execution time: 0.009980772999999998 s.
    - Iteration 2/5: Kernel execution time: 0.009990183000000003 s.
    - Iteration 3/5: Kernel execution time: 0.009986116 s.
    - Iteration 4/5: Kernel execution time: 0.010010852 s.
[I] Only-sharded module 10 for stage 2, constructing entry XLA computation...
[I] Compiling HLO module...
[I] Profiling HLO modules...
    - Iteration 0/5: Kernel execution time: 0.008313665999999999 s.
    - Iteration 1/5: Kernel execution time: 0.008322756 s.
    - Iteration 2/5: Kernel execution time: 0.008323102999999998 s.
    - Iteration 3/5: Kernel execution time: 0.008368327000000002 s.
    - Iteration 4/5: Kernel execution time: 0.008351651 s.
[I] Only-sharded module 11 for stage 3, constructing entry XLA computation...
[I] Compiling HLO module...
[I] Profiling HLO modules...
    - Iteration 0/5: Kernel execution time: 0.006026558000000001 s.
    - Iteration 1/5: Kernel execution time: 0.005831586000000001 s.
    - Iteration 2/5: Kernel execution time: 0.005826562 s.
    - Iteration 3/5: Kernel execution time: 0.00582477 s.
    - Iteration 4/5: Kernel execution time: 0.00582704 s.
[I] Constructing single-device HLO modules concurrently takes 0.13040566444396973 s.
[I] Compile single-device HLO modules concurrently takes 2.0849084854125977 s.
[I] Profile all compiled sequentially on one GPU takes 15.423547983169556 s.
[I] Estimated e2e pipeline iteration time is: 19.14531848065737 s.
    - Kernel computation time is: -1.0 s.
    - Communication time is: -1.0 s.
    - Cross-stages communication time is: -1.0 s.
