
------------------------------------------------------------------
- (1/3) Profiling wide_resnet_500M with batch size: 256...
------------------------------------------------------------------
[TMP] Existed profiling results in `./jaxpr/prof_log/optimal/wide_resnet_500M_256.pkl`, updating/rewriting it...
[I] Ray Cluster & Alpa backend initialization is completed.
[I] Device Info:
    - Devices num per node: 1
    - Nodes num: 1
[I] Loading flax model....
[I] Model 'wide_resnet' loads sucessfully. Model Info: 

WideResNet(
    # attributes
    stage_sizes = [3, 4, 6, 3]
    block_cls = BottleneckResNetBlock
    num_classes = 1024
    num_filters = 224
    width_factor = 2
    dtype = float32
    act = relu
) 

[I] Manually construct dummy batch with the shape of (256, 224, 224, 3).
[I] Initialize training state...
[I] Training state initialization is completed.
[I] Constructing Alpa parallelized train step func...
[I] Alpa parallelized train step func construction is completed.
-------------------- Automatic stage clustering --------------------
submesh_choices: ((1, 1),)
- Profiling for submesh 0 (1, 1):
- Generate all stage infos (Jaxpr -> HLO)
- Compile all stages
- Profile all stages
result[(0, 15, 0, 0), 0] = ModuleProfileResult(compute_cost=0.000, peak_memory=3.892 GB, invar_size=1.855 GB, outvar_size=1.089 GB, temp_buffer_size=0.948 GB, available_memory=19.578 GB)
result[(0, 15, 0, 1), 0] = ModuleProfileResult(compute_cost=0.000, peak_memory=3.892 GB, invar_size=1.855 GB, outvar_size=1.089 GB, temp_buffer_size=0.948 GB, available_memory=19.578 GB)
result[(0, 15, 0, 0), 1] = ModuleProfileResult(compute_cost=0.000, peak_memory=6.209 GB, invar_size=4.786 GB, outvar_size=1.844 GB, temp_buffer_size=1.423 GB, available_memory=19.578 GB)
result[(0, 15, 0, 1), 1] = ModuleProfileResult(compute_cost=0.000, peak_memory=6.209 GB, invar_size=4.786 GB, outvar_size=1.844 GB, temp_buffer_size=1.423 GB, available_memory=19.578 GB)
Profiling for submesh 0 (1, 1) takes 21.68 seconds
--------------------------------------------------
Profile result saved to: profile-results-2023-11-15-00-26-12.npy
----------------------------------------------------------------------
Result forward_stage_layer_ids: [[0, 1, 2, 3, 4, 5, 6, 7, 8, 9, 10, 11, 12, 13, 14, 15]]
Result mesh_shapes: [(1, 1)]
Result logical_mesh_shapes: [(1, 1)]
Result autosharding_option_dicts: [{}]
 - Compile (driver): 37.87 s
compilation time breakdown: {'stage-construction': '23.59', 'stage-construction-dp': '1.08', 'stage-construction-compilation': '2.24', 'stage-construction-profiling': '16.10'}
 - Compile (worker): 11.38 s
[I] Training process warmup (2 rounds) with dummy input batch...
    - Warmup iteration: 1/2
[E] Meet unexpected error in profiling executables...

[E] Unexpected error occurred in compiling or profiling executables...
[E] Meet unexpected error in compiling and executing model...
[TMP] Current profiling results of key `1_a10_1_n_1_d`: none
[TMP] Updated profiling results stored in `./jaxpr/prof_log/optimal/wide_resnet_500M_256.pkl`...

------------------------------------------------------------------
- (2/3) Profiling wide_resnet_500M with batch size: 512...
------------------------------------------------------------------
