
------------------------------------------------------------------
- (1/3) Profiling moe_1.3B with batch size: 256...
------------------------------------------------------------------
[TMP] Existed profiling results in `./jaxpr/prof_log/optimal/moe_1.3B_256.pkl`, updating/rewriting it...
[I] Ray Cluster & Alpa backend initialization is completed.
[I] Device Info:
    - Devices num per node: 2
    - Nodes num: 1
[I] Loading flax model....
[I] Model 'moe' loads sucessfully. Model Info: 

FlaxMoEForLMModule(
    # attributes
    config = <model.moe_model.MoEConfig object at 0x7fb4527a1cd0>
    dtype = float16
    bias_init = zeros
) 

[I] Manually constructing dummy batch...
[I] Initialize training state...
[I] Training state initialization is completed.
[I] Constructing Alpa parallelized train step func...
[I] Alpa parallelized train step func construction is completed.
-------------------- Automatic stage clustering --------------------
submesh_choices: ((1, 1), (1, 2))
- Profiling for submesh 1 (1, 2):
- Generate all stage infos (Jaxpr -> HLO)
- Compile all stages
- Profile all stages
result[(0, 7, 1, 0), 0] = ModuleProfileResult(compute_cost=0.043, peak_memory=2.787 GB, invar_size=2.201 GB, outvar_size=0.082 GB, temp_buffer_size=0.504 GB, available_memory=35.242 GB)
result[(0, 7, 1, 1), 0] = ModuleProfileResult(compute_cost=0.148, peak_memory=1.753 GB, invar_size=1.101 GB, outvar_size=0.164 GB, temp_buffer_size=0.488 GB, available_memory=35.242 GB)
result[(0, 7, 1, 2), 0] = ModuleProfileResult(compute_cost=0.060, peak_memory=1.803 GB, invar_size=1.217 GB, outvar_size=0.082 GB, temp_buffer_size=0.504 GB, available_memory=35.242 GB)
result[(0, 7, 1, 0), 1] = ModuleProfileResult(compute_cost=0.173, peak_memory=8.092 GB, invar_size=5.191 GB, outvar_size=2.554 GB, temp_buffer_size=2.901 GB, available_memory=35.242 GB)
result[(0, 7, 1, 1), 1] = ModuleProfileResult(compute_cost=0.382, peak_memory=5.917 GB, invar_size=2.719 GB, outvar_size=1.277 GB, temp_buffer_size=3.198 GB, available_memory=35.242 GB)
result[(0, 7, 1, 2), 1] = ModuleProfileResult(compute_cost=0.189, peak_memory=5.842 GB, invar_size=2.941 GB, outvar_size=1.429 GB, temp_buffer_size=2.901 GB, available_memory=35.242 GB)
Profiling for submesh 1 (1, 2) takes 58.16 seconds
--------------------------------------------------
- Profiling for submesh 0 (1, 1):
- Generate all stage infos (Jaxpr -> HLO)
- Compile all stages
- Profile all stages
result[(1, 4, 0, 0), 0] = ModuleProfileResult(compute_cost=0.045, peak_memory=2.140 GB, invar_size=1.272 GB, outvar_size=0.094 GB, temp_buffer_size=0.774 GB, available_memory=35.242 GB)
result[(1, 4, 0, 1), 0] = ModuleProfileResult(compute_cost=0.045, peak_memory=2.140 GB, invar_size=1.272 GB, outvar_size=0.094 GB, temp_buffer_size=0.774 GB, available_memory=35.242 GB)
result[(0, 3, 0, 1), 0] = ModuleProfileResult(compute_cost=0.046, peak_memory=2.362 GB, invar_size=1.261 GB, outvar_size=0.094 GB, temp_buffer_size=1.008 GB, available_memory=35.242 GB)
result[(0, 3, 0, 0), 0] = ModuleProfileResult(compute_cost=0.046, peak_memory=2.362 GB, invar_size=1.261 GB, outvar_size=0.094 GB, temp_buffer_size=1.008 GB, available_memory=35.242 GB)
result[(0, 3, 0, 0), 1] = ModuleProfileResult(compute_cost=0.129, peak_memory=7.686 GB, invar_size=2.615 GB, outvar_size=1.260 GB, temp_buffer_size=5.071 GB, available_memory=35.242 GB)
result[(1, 4, 0, 0), 1] = ModuleProfileResult(compute_cost=0.130, peak_memory=7.847 GB, invar_size=2.614 GB, outvar_size=1.272 GB, temp_buffer_size=5.210 GB, available_memory=35.242 GB)
result[(0, 3, 0, 1), 1] = ModuleProfileResult(compute_cost=0.129, peak_memory=7.686 GB, invar_size=2.615 GB, outvar_size=1.260 GB, temp_buffer_size=5.071 GB, available_memory=35.242 GB)
result[(1, 5, 0, 1), 0] = ModuleProfileResult(compute_cost=0.055, peak_memory=2.471 GB, invar_size=1.579 GB, outvar_size=0.117 GB, temp_buffer_size=0.774 GB, available_memory=35.242 GB)
result[(1, 5, 0, 0), 0] = ModuleProfileResult(compute_cost=0.055, peak_memory=2.471 GB, invar_size=1.579 GB, outvar_size=0.117 GB, temp_buffer_size=0.774 GB, available_memory=35.242 GB)
result[(2, 5, 0, 0), 0] = ModuleProfileResult(compute_cost=0.045, peak_memory=2.140 GB, invar_size=1.272 GB, outvar_size=0.094 GB, temp_buffer_size=0.774 GB, available_memory=35.242 GB)
result[(1, 4, 0, 1), 1] = ModuleProfileResult(compute_cost=0.130, peak_memory=7.847 GB, invar_size=2.614 GB, outvar_size=1.272 GB, temp_buffer_size=5.210 GB, available_memory=35.242 GB)
result[(2, 5, 0, 1), 0] = ModuleProfileResult(compute_cost=0.045, peak_memory=2.140 GB, invar_size=1.272 GB, outvar_size=0.094 GB, temp_buffer_size=0.774 GB, available_memory=35.242 GB)
result[(1, 5, 0, 0), 1] = ModuleProfileResult(compute_cost=0.161, peak_memory=8.793 GB, invar_size=3.253 GB, outvar_size=1.579 GB, temp_buffer_size=5.516 GB, available_memory=35.242 GB)
result[(2, 5, 0, 0), 1] = ModuleProfileResult(compute_cost=0.130, peak_memory=7.778 GB, invar_size=2.614 GB, outvar_size=1.272 GB, temp_buffer_size=5.141 GB, available_memory=35.242 GB)
result[(1, 5, 0, 1), 1] = ModuleProfileResult(compute_cost=0.161, peak_memory=8.793 GB, invar_size=3.253 GB, outvar_size=1.579 GB, temp_buffer_size=5.516 GB, available_memory=35.242 GB)
result[(2, 5, 0, 1), 1] = ModuleProfileResult(compute_cost=0.130, peak_memory=7.778 GB, invar_size=2.614 GB, outvar_size=1.272 GB, temp_buffer_size=5.141 GB, available_memory=35.242 GB)
result[(2, 6, 0, 0), 0] = ModuleProfileResult(compute_cost=0.055, peak_memory=2.471 GB, invar_size=1.579 GB, outvar_size=0.117 GB, temp_buffer_size=0.774 GB, available_memory=35.242 GB)
result[(2, 6, 0, 1), 0] = ModuleProfileResult(compute_cost=0.055, peak_memory=2.471 GB, invar_size=1.579 GB, outvar_size=0.117 GB, temp_buffer_size=0.774 GB, available_memory=35.242 GB)
result[(3, 6, 0, 0), 0] = ModuleProfileResult(compute_cost=0.045, peak_memory=2.140 GB, invar_size=1.272 GB, outvar_size=0.094 GB, temp_buffer_size=0.774 GB, available_memory=35.242 GB)
result[(4, 7, 0, 0), 0] = ModuleProfileResult(compute_cost=0.034, peak_memory=1.808 GB, invar_size=0.964 GB, outvar_size=0.070 GB, temp_buffer_size=0.774 GB, available_memory=35.242 GB)
result[(3, 6, 0, 1), 0] = ModuleProfileResult(compute_cost=0.045, peak_memory=2.140 GB, invar_size=1.272 GB, outvar_size=0.094 GB, temp_buffer_size=0.774 GB, available_memory=35.242 GB)
result[(2, 6, 0, 0), 1] = ModuleProfileResult(compute_cost=0.161, peak_memory=8.909 GB, invar_size=3.253 GB, outvar_size=1.579 GB, temp_buffer_size=5.632 GB, available_memory=35.242 GB)
result[(2, 6, 0, 1), 1] = ModuleProfileResult(compute_cost=0.161, peak_memory=8.909 GB, invar_size=3.253 GB, outvar_size=1.579 GB, temp_buffer_size=5.632 GB, available_memory=35.242 GB)
result[(4, 7, 0, 1), 0] = ModuleProfileResult(compute_cost=0.034, peak_memory=1.808 GB, invar_size=0.964 GB, outvar_size=0.070 GB, temp_buffer_size=0.774 GB, available_memory=35.242 GB)
result[(3, 6, 0, 0), 1] = ModuleProfileResult(compute_cost=0.130, peak_memory=7.989 GB, invar_size=2.614 GB, outvar_size=1.272 GB, temp_buffer_size=5.352 GB, available_memory=35.242 GB)
result[(3, 6, 0, 1), 1] = ModuleProfileResult(compute_cost=0.130, peak_memory=7.989 GB, invar_size=2.614 GB, outvar_size=1.272 GB, temp_buffer_size=5.352 GB, available_memory=35.242 GB)
result[(4, 7, 0, 0), 1] = ModuleProfileResult(compute_cost=0.147, peak_memory=8.545 GB, invar_size=2.682 GB, outvar_size=1.318 GB, temp_buffer_size=5.839 GB, available_memory=35.242 GB)
result[(4, 7, 0, 1), 1] = ModuleProfileResult(compute_cost=0.147, peak_memory=8.545 GB, invar_size=2.682 GB, outvar_size=1.318 GB, temp_buffer_size=5.839 GB, available_memory=35.242 GB)
Profiling for submesh 0 (1, 1) takes 57.62 seconds
--------------------------------------------------
Profile result saved to: profile-results-2023-11-17-15-57-17.npy
----------------------------------------------------------------------
Result forward_stage_layer_ids: [[0, 1, 2, 3], [4, 5, 6, 7]]
Result mesh_shapes: [(1, 1), (1, 1)]
Result logical_mesh_shapes: [(1, 1), (1, 1)]
Result autosharding_option_dicts: [{'force_batch_dim_to_mesh_dim': 0}, {}]
 - Compile (driver): 151.13 s
compilation time breakdown: {'stage-construction': '119.79', 'stage-construction-dp': '1.26', 'stage-construction-compilation': '35.94', 'stage-construction-profiling': '44.80'}
 - Compile (worker): 14.78 s
[I] Training process warmup (2 rounds) with dummy input batch...
    - Warmup iteration: 1/2
    - Warmup iteration: 2/2
[I] Ready to perform training process.
[I] Benchmark the training process with entire dataset and profile with driver overhead...
    - Iteration 1 / 5 is performed...
    - Iteration 2 / 5 is performed...
    - Iteration 3 / 5 is performed...
    - Iteration 4 / 5 is performed...
 - Benchmark: 65.44 s

[10.372988224029541, 8.553615808486938, 8.550040483474731, 8.551556587219238, 8.551674604415894, 8.548884153366089, 8.551494359970093]


[I] Performance metrics:
 - Iteration count: 5.
 - Total e2e training time : 44.237 s.
 - Average e2e iteration time: 8.847000122070312 s.
 - Total local training time: 42.75400161743164 s.
 - Average local iteration time: 8.551000595092773 s.
 - Max allocated memory among devices: 12.545 GB.
 - Compilation times:  {'stage-construction': 119.79424238204956, 'stage-construction-dp': 1.26456618309021, 'stage-construction-compilation': 35.94285988807678, 'stage-construction-profiling': 44.80262613296509}
 - Metadata:  []
 - Is need save result:  True

[TMP] Current profiling results of key `1_a40_1_n_2_d`: 8.55073070526123
[TMP] Updated profiling results stored in `./jaxpr/prof_log/optimal/moe_1.3B_256.pkl`...

------------------------------------------------------------------
- (2/3) Profiling moe_1.3B with batch size: 512...
------------------------------------------------------------------
[TMP] Existed profiling results in `./jaxpr/prof_log/optimal/moe_1.3B_512.pkl`, updating/rewriting it...
[I] Ray Cluster & Alpa backend initialization is completed.
[I] Device Info:
    - Devices num per node: 2
    - Nodes num: 1
[I] Loading flax model....
[I] Model 'moe' loads sucessfully. Model Info: 

FlaxMoEForLMModule(
    # attributes
    config = <model.moe_model.MoEConfig object at 0x7fa0c2884c40>
    dtype = float16
    bias_init = zeros
) 

[I] Manually constructing dummy batch...
[I] Initialize training state...
[I] Training state initialization is completed.
[I] Constructing Alpa parallelized train step func...
[I] Alpa parallelized train step func construction is completed.
-------------------- Automatic stage clustering --------------------
submesh_choices: ((1, 1), (1, 2))
- Profiling for submesh 1 (1, 2):
- Generate all stage infos (Jaxpr -> HLO)
- Compile all stages
- Profile all stages
result[(0, 7, 1, 0), 0] = ModuleProfileResult(compute_cost=0.080, peak_memory=3.373 GB, invar_size=2.201 GB, outvar_size=0.164 GB, temp_buffer_size=1.008 GB, available_memory=35.242 GB)
result[(0, 7, 1, 1), 0] = ModuleProfileResult(compute_cost=0.285, peak_memory=2.406 GB, invar_size=1.101 GB, outvar_size=0.328 GB, temp_buffer_size=0.977 GB, available_memory=35.242 GB)
result[(0, 7, 1, 2), 0] = ModuleProfileResult(compute_cost=0.112, peak_memory=2.389 GB, invar_size=1.217 GB, outvar_size=0.164 GB, temp_buffer_size=1.008 GB, available_memory=35.242 GB)
result[(0, 7, 1, 0), 1] = ModuleProfileResult(compute_cost=0.300, peak_memory=11.075 GB, invar_size=5.273 GB, outvar_size=2.554 GB, temp_buffer_size=5.801 GB, available_memory=35.242 GB)
result[(0, 7, 1, 1), 1] = ModuleProfileResult(compute_cost=0.737, peak_memory=9.274 GB, invar_size=2.883 GB, outvar_size=1.277 GB, temp_buffer_size=6.391 GB, available_memory=35.242 GB)
result[(0, 7, 1, 2), 1] = ModuleProfileResult(compute_cost=0.351, peak_memory=8.825 GB, invar_size=3.023 GB, outvar_size=1.429 GB, temp_buffer_size=5.801 GB, available_memory=35.242 GB)
Profiling for submesh 1 (1, 2) takes 58.25 seconds
--------------------------------------------------
- Profiling for submesh 0 (1, 1):
- Generate all stage infos (Jaxpr -> HLO)
- Compile all stages
- Profile all stages
result[(1, 4, 0, 0), 0] = ModuleProfileResult(compute_cost=0.086, peak_memory=3.031 GB, invar_size=1.295 GB, outvar_size=0.188 GB, temp_buffer_size=1.548 GB, available_memory=35.242 GB)
result[(0, 3, 0, 0), 0] = ModuleProfileResult(compute_cost=0.089, peak_memory=3.464 GB, invar_size=1.261 GB, outvar_size=0.188 GB, temp_buffer_size=2.016 GB, available_memory=35.242 GB)
result[(0, 3, 0, 1), 0] = ModuleProfileResult(compute_cost=0.089, peak_memory=3.464 GB, invar_size=1.261 GB, outvar_size=0.188 GB, temp_buffer_size=2.016 GB, available_memory=35.242 GB)
result[(1, 4, 0, 1), 0] = ModuleProfileResult(compute_cost=0.086, peak_memory=3.031 GB, invar_size=1.295 GB, outvar_size=0.188 GB, temp_buffer_size=1.548 GB, available_memory=35.242 GB)
result[(0, 3, 0, 1), 1] = ModuleProfileResult(compute_cost=0.249, peak_memory=12.849 GB, invar_size=2.709 GB, outvar_size=1.260 GB, temp_buffer_size=10.140 GB, available_memory=35.242 GB)
result[(0, 3, 0, 0), 1] = ModuleProfileResult(compute_cost=0.249, peak_memory=12.849 GB, invar_size=2.709 GB, outvar_size=1.260 GB, temp_buffer_size=10.140 GB, available_memory=35.242 GB)
result[(1, 4, 0, 0), 1] = ModuleProfileResult(compute_cost=0.251, peak_memory=13.196 GB, invar_size=2.731 GB, outvar_size=1.295 GB, temp_buffer_size=10.418 GB, available_memory=35.242 GB)
result[(1, 5, 0, 0), 0] = ModuleProfileResult(compute_cost=0.107, peak_memory=3.385 GB, invar_size=1.603 GB, outvar_size=0.234 GB, temp_buffer_size=1.548 GB, available_memory=35.242 GB)
result[(1, 5, 0, 1), 0] = ModuleProfileResult(compute_cost=0.107, peak_memory=3.385 GB, invar_size=1.603 GB, outvar_size=0.234 GB, temp_buffer_size=1.548 GB, available_memory=35.242 GB)
result[(1, 4, 0, 1), 1] = ModuleProfileResult(compute_cost=0.251, peak_memory=13.196 GB, invar_size=2.731 GB, outvar_size=1.295 GB, temp_buffer_size=10.418 GB, available_memory=35.242 GB)
result[(2, 5, 0, 0), 0] = ModuleProfileResult(compute_cost=0.086, peak_memory=3.031 GB, invar_size=1.295 GB, outvar_size=0.188 GB, temp_buffer_size=1.548 GB, available_memory=35.242 GB)
result[(2, 5, 0, 1), 0] = ModuleProfileResult(compute_cost=0.086, peak_memory=3.031 GB, invar_size=1.295 GB, outvar_size=0.188 GB, temp_buffer_size=1.548 GB, available_memory=35.242 GB)
result[(1, 5, 0, 0), 1] = ModuleProfileResult(compute_cost=0.310, peak_memory=14.471 GB, invar_size=3.393 GB, outvar_size=1.603 GB, temp_buffer_size=11.031 GB, available_memory=35.242 GB)
result[(2, 5, 0, 0), 1] = ModuleProfileResult(compute_cost=0.251, peak_memory=13.058 GB, invar_size=2.731 GB, outvar_size=1.295 GB, temp_buffer_size=10.280 GB, available_memory=35.242 GB)
result[(2, 6, 0, 0), 0] = ModuleProfileResult(compute_cost=0.107, peak_memory=3.385 GB, invar_size=1.603 GB, outvar_size=0.234 GB, temp_buffer_size=1.548 GB, available_memory=35.242 GB)
result[(1, 5, 0, 1), 1] = ModuleProfileResult(compute_cost=0.310, peak_memory=14.471 GB, invar_size=3.393 GB, outvar_size=1.603 GB, temp_buffer_size=11.031 GB, available_memory=35.242 GB)
result[(2, 5, 0, 1), 1] = ModuleProfileResult(compute_cost=0.251, peak_memory=13.058 GB, invar_size=2.731 GB, outvar_size=1.295 GB, temp_buffer_size=10.280 GB, available_memory=35.242 GB)
result[(2, 6, 0, 1), 0] = ModuleProfileResult(compute_cost=0.107, peak_memory=3.385 GB, invar_size=1.603 GB, outvar_size=0.234 GB, temp_buffer_size=1.548 GB, available_memory=35.242 GB)
result[(3, 6, 0, 0), 0] = ModuleProfileResult(compute_cost=0.086, peak_memory=3.031 GB, invar_size=1.295 GB, outvar_size=0.188 GB, temp_buffer_size=1.548 GB, available_memory=35.242 GB)
result[(3, 6, 0, 1), 0] = ModuleProfileResult(compute_cost=0.086, peak_memory=3.031 GB, invar_size=1.295 GB, outvar_size=0.188 GB, temp_buffer_size=1.548 GB, available_memory=35.242 GB)
result[(4, 7, 0, 0), 0] = ModuleProfileResult(compute_cost=0.066, peak_memory=2.676 GB, invar_size=0.988 GB, outvar_size=0.141 GB, temp_buffer_size=1.548 GB, available_memory=35.242 GB)
result[(2, 6, 0, 0), 1] = ModuleProfileResult(compute_cost=0.310, peak_memory=14.704 GB, invar_size=3.393 GB, outvar_size=1.603 GB, temp_buffer_size=11.263 GB, available_memory=35.242 GB)
result[(4, 7, 0, 1), 0] = ModuleProfileResult(compute_cost=0.066, peak_memory=2.676 GB, invar_size=0.988 GB, outvar_size=0.141 GB, temp_buffer_size=1.548 GB, available_memory=35.242 GB)
result[(2, 6, 0, 1), 1] = ModuleProfileResult(compute_cost=0.310, peak_memory=14.704 GB, invar_size=3.393 GB, outvar_size=1.603 GB, temp_buffer_size=11.263 GB, available_memory=35.242 GB)
result[(3, 6, 0, 0), 1] = ModuleProfileResult(compute_cost=0.251, peak_memory=13.480 GB, invar_size=2.731 GB, outvar_size=1.295 GB, temp_buffer_size=10.702 GB, available_memory=35.242 GB)
result[(3, 6, 0, 1), 1] = ModuleProfileResult(compute_cost=0.251, peak_memory=13.480 GB, invar_size=2.731 GB, outvar_size=1.295 GB, temp_buffer_size=10.702 GB, available_memory=35.242 GB)
result[(4, 7, 0, 1), 1] = ModuleProfileResult(compute_cost=0.285, peak_memory=14.499 GB, invar_size=2.776 GB, outvar_size=1.341 GB, temp_buffer_size=11.676 GB, available_memory=35.242 GB)
result[(4, 7, 0, 0), 1] = ModuleProfileResult(compute_cost=0.285, peak_memory=14.499 GB, invar_size=2.776 GB, outvar_size=1.341 GB, temp_buffer_size=11.676 GB, available_memory=35.242 GB)
Profiling for submesh 0 (1, 1) takes 56.48 seconds
--------------------------------------------------
Profile result saved to: profile-results-2023-11-17-16-01-17.npy
----------------------------------------------------------------------
Result forward_stage_layer_ids: [[0, 1, 2, 3], [4, 5, 6, 7]]
Result mesh_shapes: [(1, 1), (1, 1)]
Result logical_mesh_shapes: [(1, 1), (1, 1)]
Result autosharding_option_dicts: [{'force_batch_dim_to_mesh_dim': 0}, {}]
 - Compile (driver): 149.57 s
compilation time breakdown: {'stage-construction': '118.15', 'stage-construction-dp': '1.11', 'stage-construction-compilation': '36.83', 'stage-construction-profiling': '44.08'}
 - Compile (worker): 14.77 s
[I] Training process warmup (2 rounds) with dummy input batch...
    - Warmup iteration: 1/2
    - Warmup iteration: 2/2
[I] Ready to perform training process.
[I] Benchmark the training process with entire dataset and profile with driver overhead...
    - Iteration 1 / 5 is performed...
    - Iteration 2 / 5 is performed...
    - Iteration 3 / 5 is performed...
    - Iteration 4 / 5 is performed...
 - Benchmark: 125.95 s

[18.97723937034607, 16.969797134399414, 16.971240520477295, 16.978509187698364, 16.974533557891846, 16.974849939346313, 16.974584102630615]


[I] Performance metrics:
 - Iteration count: 5.
 - Total e2e training time : 87.523 s.
 - Average e2e iteration time: 17.505001068115234 s.
 - Total local training time: 84.8740005493164 s.
 - Average local iteration time: 16.975000381469727 s.
 - Max allocated memory among devices: 19.908 GB.
 - Compilation times:  {'stage-construction': 118.14950752258301, 'stage-construction-dp': 1.111785650253296, 'stage-construction-compilation': 36.83127570152283, 'stage-construction-profiling': 44.08327651023865}
 - Metadata:  []
 - Is need save result:  True

[TMP] Current profiling results of key `1_a40_1_n_2_d`: 16.97474479675293
[TMP] Updated profiling results stored in `./jaxpr/prof_log/optimal/moe_1.3B_512.pkl`...

------------------------------------------------------------------
- (3/3) Profiling moe_1.3B with batch size: 1024...
------------------------------------------------------------------
[TMP] Existed profiling results in `./jaxpr/prof_log/optimal/moe_1.3B_1024.pkl`, updating/rewriting it...
[I] Ray Cluster & Alpa backend initialization is completed.
[I] Device Info:
    - Devices num per node: 2
    - Nodes num: 1
[I] Loading flax model....
[I] Model 'moe' loads sucessfully. Model Info: 

FlaxMoEForLMModule(
    # attributes
    config = <model.moe_model.MoEConfig object at 0x7f990fee4bb0>
    dtype = float16
    bias_init = zeros
) 

[I] Manually constructing dummy batch...
[I] Initialize training state...
[I] Training state initialization is completed.
[I] Constructing Alpa parallelized train step func...
[I] Alpa parallelized train step func construction is completed.
-------------------- Automatic stage clustering --------------------
submesh_choices: ((1, 1), (1, 2))
- Profiling for submesh 1 (1, 2):
- Generate all stage infos (Jaxpr -> HLO)
- Compile all stages
- Profile all stages
result[(0, 7, 1, 1), 0] = ModuleProfileResult(compute_cost=0.560, peak_memory=3.711 GB, invar_size=1.101 GB, outvar_size=0.656 GB, temp_buffer_size=1.953 GB, available_memory=35.242 GB)
result[(0, 7, 1, 0), 0] = ModuleProfileResult(compute_cost=0.155, peak_memory=4.545 GB, invar_size=2.201 GB, outvar_size=0.328 GB, temp_buffer_size=2.016 GB, available_memory=35.242 GB)
result[(0, 7, 1, 2), 0] = ModuleProfileResult(compute_cost=0.217, peak_memory=3.561 GB, invar_size=1.217 GB, outvar_size=0.328 GB, temp_buffer_size=2.016 GB, available_memory=35.242 GB)
result[(0, 7, 1, 0), 1] = ModuleProfileResult(compute_cost=0.558, peak_memory=17.041 GB, invar_size=5.438 GB, outvar_size=2.554 GB, temp_buffer_size=11.603 GB, available_memory=35.242 GB)
result[(0, 7, 1, 1), 1] = ModuleProfileResult(compute_cost=1.451, peak_memory=15.991 GB, invar_size=3.212 GB, outvar_size=1.277 GB, temp_buffer_size=12.779 GB, available_memory=35.242 GB)
result[(0, 7, 1, 2), 1] = ModuleProfileResult(compute_cost=0.680, peak_memory=14.791 GB, invar_size=3.188 GB, outvar_size=1.429 GB, temp_buffer_size=11.603 GB, available_memory=35.242 GB)
Profiling for submesh 1 (1, 2) takes 57.05 seconds
--------------------------------------------------
- Profiling for submesh 0 (1, 1):
- Generate all stage infos (Jaxpr -> HLO)
- Compile all stages
- Profile all stages
result[(0, 3, 0, 0), 0] = ModuleProfileResult(compute_cost=0.175, peak_memory=5.667 GB, invar_size=1.261 GB, outvar_size=0.375 GB, temp_buffer_size=4.031 GB, available_memory=35.242 GB)
result[(1, 4, 0, 1), 0] = ModuleProfileResult(compute_cost=0.169, peak_memory=4.813 GB, invar_size=1.342 GB, outvar_size=0.375 GB, temp_buffer_size=3.096 GB, available_memory=35.242 GB)
result[(1, 4, 0, 0), 0] = ModuleProfileResult(compute_cost=0.169, peak_memory=4.813 GB, invar_size=1.342 GB, outvar_size=0.375 GB, temp_buffer_size=3.096 GB, available_memory=35.242 GB)
result[(0, 3, 0, 1), 0] = ModuleProfileResult(compute_cost=0.175, peak_memory=5.667 GB, invar_size=1.261 GB, outvar_size=0.375 GB, temp_buffer_size=4.031 GB, available_memory=35.242 GB)
result[(1, 4, 0, 0), 1] = ModuleProfileResult(compute_cost=0.490, peak_memory=23.894 GB, invar_size=2.966 GB, outvar_size=1.342 GB, temp_buffer_size=20.835 GB, available_memory=35.242 GB)
result[(0, 3, 0, 1), 1] = ModuleProfileResult(compute_cost=0.489, peak_memory=23.173 GB, invar_size=2.896 GB, outvar_size=1.260 GB, temp_buffer_size=20.276 GB, available_memory=35.242 GB)
result[(0, 3, 0, 0), 1] = ModuleProfileResult(compute_cost=0.489, peak_memory=23.173 GB, invar_size=2.896 GB, outvar_size=1.260 GB, temp_buffer_size=20.276 GB, available_memory=35.242 GB)
result[(1, 5, 0, 0), 0] = ModuleProfileResult(compute_cost=0.209, peak_memory=5.215 GB, invar_size=1.650 GB, outvar_size=0.469 GB, temp_buffer_size=3.096 GB, available_memory=35.242 GB)
result[(1, 5, 0, 1), 0] = ModuleProfileResult(compute_cost=0.209, peak_memory=5.215 GB, invar_size=1.650 GB, outvar_size=0.469 GB, temp_buffer_size=3.096 GB, available_memory=35.242 GB)
result[(2, 5, 0, 0), 0] = ModuleProfileResult(compute_cost=0.169, peak_memory=4.813 GB, invar_size=1.342 GB, outvar_size=0.375 GB, temp_buffer_size=3.096 GB, available_memory=35.242 GB)
result[(1, 4, 0, 1), 1] = ModuleProfileResult(compute_cost=0.490, peak_memory=23.894 GB, invar_size=2.966 GB, outvar_size=1.342 GB, temp_buffer_size=20.835 GB, available_memory=35.242 GB)
result[(2, 5, 0, 1), 0] = ModuleProfileResult(compute_cost=0.169, peak_memory=4.813 GB, invar_size=1.342 GB, outvar_size=0.375 GB, temp_buffer_size=3.096 GB, available_memory=35.242 GB)
result[(1, 5, 0, 0), 1] = ModuleProfileResult(compute_cost=0.606, peak_memory=25.826 GB, invar_size=3.675 GB, outvar_size=1.650 GB, temp_buffer_size=22.058 GB, available_memory=35.242 GB)
result[(2, 5, 0, 0), 1] = ModuleProfileResult(compute_cost=0.490, peak_memory=23.616 GB, invar_size=2.966 GB, outvar_size=1.342 GB, temp_buffer_size=20.556 GB, available_memory=35.242 GB)
result[(2, 6, 0, 0), 0] = ModuleProfileResult(compute_cost=0.209, peak_memory=5.215 GB, invar_size=1.650 GB, outvar_size=0.469 GB, temp_buffer_size=3.096 GB, available_memory=35.242 GB)
result[(1, 5, 0, 1), 1] = ModuleProfileResult(compute_cost=0.606, peak_memory=25.826 GB, invar_size=3.675 GB, outvar_size=1.650 GB, temp_buffer_size=22.058 GB, available_memory=35.242 GB)
result[(2, 6, 0, 1), 0] = ModuleProfileResult(compute_cost=0.209, peak_memory=5.215 GB, invar_size=1.650 GB, outvar_size=0.469 GB, temp_buffer_size=3.096 GB, available_memory=35.242 GB)
result[(2, 5, 0, 1), 1] = ModuleProfileResult(compute_cost=0.490, peak_memory=23.616 GB, invar_size=2.966 GB, outvar_size=1.342 GB, temp_buffer_size=20.556 GB, available_memory=35.242 GB)
result[(3, 6, 0, 0), 0] = ModuleProfileResult(compute_cost=0.169, peak_memory=4.813 GB, invar_size=1.342 GB, outvar_size=0.375 GB, temp_buffer_size=3.096 GB, available_memory=35.242 GB)
result[(4, 7, 0, 0), 0] = ModuleProfileResult(compute_cost=0.129, peak_memory=4.412 GB, invar_size=1.035 GB, outvar_size=0.281 GB, temp_buffer_size=3.096 GB, available_memory=35.242 GB)
result[(3, 6, 0, 1), 0] = ModuleProfileResult(compute_cost=0.169, peak_memory=4.813 GB, invar_size=1.342 GB, outvar_size=0.375 GB, temp_buffer_size=3.096 GB, available_memory=35.242 GB)
result[(2, 6, 0, 0), 1] = ModuleProfileResult(compute_cost=0.606, peak_memory=26.293 GB, invar_size=3.675 GB, outvar_size=1.650 GB, temp_buffer_size=22.524 GB, available_memory=35.242 GB)
result[(4, 7, 0, 1), 0] = ModuleProfileResult(compute_cost=0.129, peak_memory=4.412 GB, invar_size=1.035 GB, outvar_size=0.281 GB, temp_buffer_size=3.096 GB, available_memory=35.242 GB)
result[(2, 6, 0, 1), 1] = ModuleProfileResult(compute_cost=0.606, peak_memory=26.293 GB, invar_size=3.675 GB, outvar_size=1.650 GB, temp_buffer_size=22.524 GB, available_memory=35.242 GB)
result[(3, 6, 0, 0), 1] = ModuleProfileResult(compute_cost=0.490, peak_memory=24.460 GB, invar_size=2.966 GB, outvar_size=1.342 GB, temp_buffer_size=21.400 GB, available_memory=35.242 GB)
result[(3, 6, 0, 1), 1] = ModuleProfileResult(compute_cost=0.490, peak_memory=24.460 GB, invar_size=2.966 GB, outvar_size=1.342 GB, temp_buffer_size=21.400 GB, available_memory=35.242 GB)
result[(4, 7, 0, 0), 1] = ModuleProfileResult(compute_cost=0.558, peak_memory=26.407 GB, invar_size=2.964 GB, outvar_size=1.388 GB, temp_buffer_size=23.350 GB, available_memory=35.242 GB)
result[(4, 7, 0, 1), 1] = ModuleProfileResult(compute_cost=0.558, peak_memory=26.407 GB, invar_size=2.964 GB, outvar_size=1.388 GB, temp_buffer_size=23.350 GB, available_memory=35.242 GB)
Profiling for submesh 0 (1, 1) takes 57.30 seconds
--------------------------------------------------
Profile result saved to: profile-results-2023-11-17-16-06-16.npy
----------------------------------------------------------------------
Result forward_stage_layer_ids: [[0, 1, 2, 3, 4, 5, 6, 7]]
Result mesh_shapes: [(1, 2)]
Result logical_mesh_shapes: [(2, 1)]
Result autosharding_option_dicts: [{'force_batch_dim_to_mesh_dim': 0}]
 - Compile (driver): 160.77 s
compilation time breakdown: {'stage-construction': '118.05', 'stage-construction-dp': '1.34', 'stage-construction-compilation': '37.27', 'stage-construction-profiling': '43.67'}
 - Compile (worker): 30.64 s
[I] Training process warmup (2 rounds) with dummy input batch...
    - Warmup iteration: 1/2
    - Warmup iteration: 2/2
[I] Ready to perform training process.
[I] Benchmark the training process with entire dataset and profile with driver overhead...
    - Iteration 1 / 5 is performed...
    - Iteration 2 / 5 is performed...
    - Iteration 3 / 5 is performed...
    - Iteration 4 / 5 is performed...
 - Benchmark: 223.61 s

[32.92933177947998, 31.049829244613647, 31.051992416381836, 31.04442310333252, 31.044835567474365, 31.049471139907837, 31.03580927848816]


[I] Performance metrics:
 - Iteration count: 5.
 - Total e2e training time : 156.034 s.
 - Average e2e iteration time: 31.207000732421875 s.
 - Total local training time: 155.2270050048828 s.
 - Average local iteration time: 31.045001983642578 s.
 - Max allocated memory among devices: 24.532 GB.
 - Compilation times:  {'stage-construction': 118.04712677001953, 'stage-construction-dp': 1.3426504135131836, 'stage-construction-compilation': 37.2654230594635, 'stage-construction-profiling': 43.66514468193054}
 - Metadata:  []
 - Is need save result:  True

[TMP] Current profiling results of key `1_a40_1_n_2_d`: 31.045307159423828
[TMP] Updated profiling results stored in `./jaxpr/prof_log/optimal/moe_1.3B_1024.pkl`...
