
------------------------------------------------------------------
- (1/3) Profiling wide_resnet_500M with batch size: 256...
------------------------------------------------------------------
[TMP] Profiling results not found in `./jaxpr/prof_log/optimal_prune_no_prof/wide_resnet_500M_256.pkl`, creating it...
[I] Alpa's built-in profiling database is disabled.
[I] Ray Cluster & Alpa backend initialization is completed.
[I] Device Info:
    - Devices num per node: 1
    - Nodes num: 1
[I] Loading flax model....
[I] Model 'wide_resnet' loads sucessfully. Model Info: 

WideResNet(
    # attributes
    stage_sizes = [3, 4, 6, 3]
    block_cls = BottleneckResNetBlock
    num_classes = 1024
    num_filters = 224
    width_factor = 2
    dtype = float32
    act = relu
) 

[I] Compiling and executing model with timeout = 1200 s...
[I] Manually construct dummy batch with the shape of (256, 224, 224, 3).
[I] Initialize training state...
[I] Training state initialization is completed.
[I] Constructing Alpa parallelized train step func...
[I] Alpa parallelized train step func construction is completed.
[TMP] The range of stage num is (min #stage -> max #stage): 1 -> 1
[I] Coarsening pipeline layers from 16 to 4...
[I] Coarsened scheme: [[0, 1, 2, 3], [4, 5, 6, 7], [8, 9, 10, 11], [12, 13, 14, 15]]
-------------------- Automatic stage clustering --------------------
submesh_choices: ((1, 1),)
[TMP] The range of device num per stage is (min #gpu -> max #gpu): 1 -> 1
- Profiling for submesh 0 (1, 1):
- Generate all stage infos (Jaxpr -> HLO)
- Compile all stages
- Profile all stages
result[(0, 15, 0, 0), 0] = ModuleProfileResult(compute_cost=0.157, peak_memory=4.141 GB, invar_size=1.855 GB, outvar_size=1.089 GB, temp_buffer_size=1.198 GB, available_memory=35.242 GB)
result[(0, 15, 0, 0), 1] = ModuleProfileResult(compute_cost=0.433, peak_memory=6.332 GB, invar_size=4.786 GB, outvar_size=1.844 GB, temp_buffer_size=1.546 GB, available_memory=35.242 GB)
result[(0, 15, 0, 1), 0] = ModuleProfileResult(compute_cost=0.163, peak_memory=4.141 GB, invar_size=1.855 GB, outvar_size=1.089 GB, temp_buffer_size=1.198 GB, available_memory=35.242 GB)
result[(0, 15, 0, 1), 1] = ModuleProfileResult(compute_cost=0.423, peak_memory=6.332 GB, invar_size=4.786 GB, outvar_size=1.844 GB, temp_buffer_size=1.546 GB, available_memory=35.242 GB)
Profiling for submesh 0 (1, 1) takes 53.08 seconds
--------------------------------------------------
----------------------------------------------------------------------
Result forward_stage_layer_ids: [[0, 1, 2, 3, 4, 5, 6, 7, 8, 9, 10, 11, 12, 13, 14, 15]]
Result mesh_shapes: [(1, 1)]
Result logical_mesh_shapes: [(1, 1)]
Result autosharding_option_dicts: [{}]
 - Compile (driver): 73.32 s
compilation time breakdown: {'stage-construction': '56.02', 'stage-construction-dp': '1.34', 'stage-construction-compilation': '2.80', 'stage-construction-profiling': '46.81'}
 - Compile (worker): 13.56 s
[I] Training process warmup (2 rounds) with dummy input batch...
    - Warmup iteration: 1/2
    - Warmup iteration: 2/2
[I] Ready to perform training process.
[I] Benchmark the training process with entire dataset and profile with driver overhead...
    - Iteration 1 / 5 is performed...
    - Iteration 2 / 5 is performed...
    - Iteration 3 / 5 is performed...
    - Iteration 4 / 5 is performed...
 - Benchmark: 123.54 s

[19.95672869682312, 15.993197441101074, 15.957729578018188, 15.948714256286621, 15.923718929290771, 15.902632236480713, 15.901898622512817]


[I] Performance metrics:
 - Iteration count: 5.
 - Total e2e training time : 85.134 s.
 - Average e2e iteration time: 17.027000427246094 s.
 - Total local training time: 79.63500213623047 s.
 - Average local iteration time: 15.927000999450684 s.
 - Max allocated memory among devices: 24.519 GB.
 - Compilation times:  {'stage-construction': 56.01921844482422, 'stage-construction-dp': 1.3441591262817383, 'stage-construction-compilation': 2.7974164485931396, 'stage-construction-profiling': 46.81231880187988}
 - Metadata:  []
 - Is need save result:  True

[TMP] Current profiling results of key `1_a40_1_n_1_d`: 15.9269380569458
[TMP] Updated profiling results stored in `./jaxpr/prof_log/optimal_prune_no_prof/wide_resnet_500M_256.pkl`...

------------------------------------------------------------------
- (2/3) Profiling wide_resnet_500M with batch size: 512...
------------------------------------------------------------------
