
------------------------------------------------------------------
- (1/3) Profiling wide_resnet_500M with batch size: 256...
------------------------------------------------------------------
[TMP] Existed profiling results in `./jaxpr/prof_log/optimal_prune_no_prof/wide_resnet_500M_256.pkl`, updating/rewriting it...
[I] Alpa's built-in profiling database is disabled.
[I] Ray Cluster & Alpa backend initialization is completed.
[I] Device Info:
    - Devices num per node: 2
    - Nodes num: 1
[I] Loading flax model....
[I] Model 'wide_resnet' loads sucessfully. Model Info: 

WideResNet(
    # attributes
    stage_sizes = [3, 4, 6, 3]
    block_cls = BottleneckResNetBlock
    num_classes = 1024
    num_filters = 224
    width_factor = 2
    dtype = float32
    act = relu
) 

[I] Compiling and executing model with timeout = 1200 s...
[I] Manually construct dummy batch with the shape of (256, 224, 224, 3).
[I] Initialize training state...
[I] Training state initialization is completed.
[I] Constructing Alpa parallelized train step func...
[I] Alpa parallelized train step func construction is completed.
[TMP] The range of stage num is (min #stage -> max #stage): 1 -> 2
[I] Coarsening pipeline layers from 16 to 4...
[I] Coarsened scheme: [[0, 1, 2, 3], [4, 5, 6, 7], [8, 9, 10, 11], [12, 13, 14, 15]]
-------------------- Automatic stage clustering --------------------
submesh_choices: ((1, 1), (1, 2))
[TMP] The range of device num per stage is (min #gpu -> max #gpu): 1 -> 2
- Profiling for submesh 1 (1, 2):
- Generate all stage infos (Jaxpr -> HLO)
- Compile all stages
- Profile all stages
result[(0, 15, 1, 0), 0] = ModuleProfileResult(compute_cost=0.124, peak_memory=3.198 GB, invar_size=1.849 GB, outvar_size=0.545 GB, temp_buffer_size=0.804 GB, available_memory=35.242 GB)
result[(0, 15, 1, 0), 1] = ModuleProfileResult(compute_cost=0.353, peak_memory=7.030 GB, invar_size=4.237 GB, outvar_size=1.844 GB, temp_buffer_size=2.792 GB, available_memory=35.242 GB)
result[(0, 15, 1, 1), 0] = ModuleProfileResult(compute_cost=0.169, peak_memory=2.170 GB, invar_size=0.932 GB, outvar_size=0.733 GB, temp_buffer_size=0.506 GB, available_memory=35.242 GB)
result[(0, 15, 1, 1), 1] = ModuleProfileResult(compute_cost=0.374, peak_memory=3.938 GB, invar_size=2.586 GB, outvar_size=0.922 GB, temp_buffer_size=1.352 GB, available_memory=35.242 GB)
result[(0, 15, 1, 2), 0] = ModuleProfileResult(compute_cost=0.097, peak_memory=2.431 GB, invar_size=1.261 GB, outvar_size=0.566 GB, temp_buffer_size=0.605 GB, available_memory=35.242 GB)
result[(0, 15, 1, 2), 1] = ModuleProfileResult(compute_cost=0.269, peak_memory=4.077 GB, invar_size=3.082 GB, outvar_size=1.256 GB, temp_buffer_size=0.995 GB, available_memory=35.242 GB)
Profiling for submesh 1 (1, 2) takes 76.67 seconds
--------------------------------------------------
- Profiling for submesh 0 (1, 1):
[TMP] Layer indices [0, 1, 2, 3, 4, 5, 6] violates the layer coarsening rules, pruned.
[TMP] Layer indices [0, 1, 2, 3, 4, 5, 6, 7, 8] violates the layer coarsening rules, pruned.
[TMP] Layer indices [1, 2, 3, 4, 5, 6] violates the layer coarsening rules, pruned.
[TMP] Layer indices [1, 2, 3, 4, 5, 6, 7] violates the layer coarsening rules, pruned.
[TMP] Layer indices [1, 2, 3, 4, 5, 6, 7, 8] violates the layer coarsening rules, pruned.
[TMP] Layer indices [1, 2, 3, 4, 5, 6, 7, 8, 9] violates the layer coarsening rules, pruned.
[TMP] Layer indices [2, 3, 4, 5, 6, 7] violates the layer coarsening rules, pruned.
[TMP] Layer indices [2, 3, 4, 5, 6, 7, 8] violates the layer coarsening rules, pruned.
[TMP] Layer indices [2, 3, 4, 5, 6, 7, 8, 9] violates the layer coarsening rules, pruned.
[TMP] Layer indices [2, 3, 4, 5, 6, 7, 8, 9, 10] violates the layer coarsening rules, pruned.
[TMP] Layer indices [3, 4, 5, 6, 7, 8, 9] violates the layer coarsening rules, pruned.
[TMP] Layer indices [3, 4, 5, 6, 7, 8, 9, 10] violates the layer coarsening rules, pruned.
[TMP] Layer indices [3, 4, 5, 6, 7, 8, 9, 10, 11] violates the layer coarsening rules, pruned.
[TMP] Layer indices [4, 5, 6, 7, 8, 9, 10] violates the layer coarsening rules, pruned.
[TMP] Layer indices [4, 5, 6, 7, 8, 9, 10, 11, 12] violates the layer coarsening rules, pruned.
[TMP] Layer indices [4, 5, 6, 7, 8, 9, 10, 11, 12, 13] violates the layer coarsening rules, pruned.
[TMP] Layer indices [5, 6, 7, 8, 9, 10, 11] violates the layer coarsening rules, pruned.
[TMP] Layer indices [5, 6, 7, 8, 9, 10, 11, 12] violates the layer coarsening rules, pruned.
[TMP] Layer indices [5, 6, 7, 8, 9, 10, 11, 12, 13] violates the layer coarsening rules, pruned.
[TMP] Layer indices [5, 6, 7, 8, 9, 10, 11, 12, 13, 14] violates the layer coarsening rules, pruned.
[TMP] Layer indices [6, 7, 8, 9, 10, 11, 12] violates the layer coarsening rules, pruned.
[TMP] Layer indices [6, 7, 8, 9, 10, 11, 12, 13] violates the layer coarsening rules, pruned.
[TMP] Layer indices [6, 7, 8, 9, 10, 11, 12, 13, 14] violates the layer coarsening rules, pruned.
[TMP] Layer indices [6, 7, 8, 9, 10, 11, 12, 13, 14, 15] violates the layer coarsening rules, pruned.
[TMP] Layer indices [7, 8, 9, 10, 11, 12, 13] violates the layer coarsening rules, pruned.
[TMP] Layer indices [7, 8, 9, 10, 11, 12, 13, 14] violates the layer coarsening rules, pruned.
[TMP] Layer indices [7, 8, 9, 10, 11, 12, 13, 14, 15] violates the layer coarsening rules, pruned.
[TMP] Layer indices [8, 9, 10, 11, 12, 13, 14] violates the layer coarsening rules, pruned.
[TMP] Layer indices [9, 10, 11, 12, 13, 14, 15] violates the layer coarsening rules, pruned.
- Generate all stage infos (Jaxpr -> HLO)
- Compile all stages
- Profile all stages
result[(0, 7, 0, 0), 0] = ModuleProfileResult(compute_cost=0.057, peak_memory=1.805 GB, invar_size=0.229 GB, outvar_size=0.838 GB, temp_buffer_size=0.739 GB, available_memory=35.242 GB)
result[(0, 7, 0, 1), 0] = ModuleProfileResult(compute_cost=0.057, peak_memory=1.805 GB, invar_size=0.229 GB, outvar_size=0.838 GB, temp_buffer_size=0.739 GB, available_memory=35.242 GB)
result[(0, 7, 0, 0), 1] = ModuleProfileResult(compute_cost=0.198, peak_memory=2.763 GB, invar_size=1.285 GB, outvar_size=0.219 GB, temp_buffer_size=1.478 GB, available_memory=35.242 GB)
result[(4, 11, 0, 0), 0] = ModuleProfileResult(compute_cost=0.076, peak_memory=1.501 GB, invar_size=0.619 GB, outvar_size=0.461 GB, temp_buffer_size=0.422 GB, available_memory=35.242 GB)
result[(0, 7, 0, 1), 1] = ModuleProfileResult(compute_cost=0.191, peak_memory=2.763 GB, invar_size=1.285 GB, outvar_size=0.219 GB, temp_buffer_size=1.478 GB, available_memory=35.242 GB)
result[(4, 11, 0, 1), 0] = ModuleProfileResult(compute_cost=0.051, peak_memory=1.501 GB, invar_size=0.619 GB, outvar_size=0.461 GB, temp_buffer_size=0.422 GB, available_memory=35.242 GB)
result[(4, 11, 0, 0), 1] = ModuleProfileResult(compute_cost=0.165, peak_memory=2.326 GB, invar_size=1.613 GB, outvar_size=0.618 GB, temp_buffer_size=0.630 GB, available_memory=35.242 GB)
result[(8, 15, 0, 0), 0] = ModuleProfileResult(compute_cost=0.105, peak_memory=2.489 GB, invar_size=1.668 GB, outvar_size=0.252 GB, temp_buffer_size=0.570 GB, available_memory=35.242 GB)
result[(4, 11, 0, 1), 1] = ModuleProfileResult(compute_cost=0.161, peak_memory=2.389 GB, invar_size=1.613 GB, outvar_size=0.618 GB, temp_buffer_size=0.692 GB, available_memory=35.242 GB)
result[(8, 15, 0, 1), 0] = ModuleProfileResult(compute_cost=0.100, peak_memory=2.489 GB, invar_size=1.668 GB, outvar_size=0.252 GB, temp_buffer_size=0.570 GB, available_memory=35.242 GB)
result[(8, 15, 0, 0), 1] = ModuleProfileResult(compute_cost=0.257, peak_memory=4.416 GB, invar_size=3.543 GB, outvar_size=1.667 GB, temp_buffer_size=0.831 GB, available_memory=35.242 GB)
result[(8, 15, 0, 1), 1] = ModuleProfileResult(compute_cost=0.245, peak_memory=4.416 GB, invar_size=3.543 GB, outvar_size=1.667 GB, temp_buffer_size=0.831 GB, available_memory=35.242 GB)
Profiling for submesh 0 (1, 1) takes 47.59 seconds
--------------------------------------------------
----------------------------------------------------------------------
[TMP] Stage (0, 6, 0, 0) has been pruned...
[TMP] Stage (0, 6, 0, 1) has been pruned...
[TMP] Stage (0, 8, 0, 0) has been pruned...
[TMP] Stage (0, 8, 0, 1) has been pruned...
[TMP] Stage (1, 6, 0, 0) has been pruned...
[TMP] Stage (1, 6, 0, 1) has been pruned...
[TMP] Stage (1, 7, 0, 0) has been pruned...
[TMP] Stage (1, 7, 0, 1) has been pruned...
[TMP] Stage (1, 8, 0, 0) has been pruned...
[TMP] Stage (1, 8, 0, 1) has been pruned...
[TMP] Stage (1, 9, 0, 0) has been pruned...
[TMP] Stage (1, 9, 0, 1) has been pruned...
[TMP] Stage (2, 7, 0, 0) has been pruned...
[TMP] Stage (2, 7, 0, 1) has been pruned...
[TMP] Stage (2, 8, 0, 0) has been pruned...
[TMP] Stage (2, 8, 0, 1) has been pruned...
[TMP] Stage (2, 9, 0, 0) has been pruned...
[TMP] Stage (2, 9, 0, 1) has been pruned...
[TMP] Stage (2, 10, 0, 0) has been pruned...
[TMP] Stage (2, 10, 0, 1) has been pruned...
[TMP] Stage (3, 9, 0, 0) has been pruned...
[TMP] Stage (3, 9, 0, 1) has been pruned...
[TMP] Stage (3, 10, 0, 0) has been pruned...
[TMP] Stage (3, 10, 0, 1) has been pruned...
[TMP] Stage (3, 11, 0, 0) has been pruned...
[TMP] Stage (3, 11, 0, 1) has been pruned...
[TMP] Stage (4, 10, 0, 0) has been pruned...
[TMP] Stage (4, 10, 0, 1) has been pruned...
[TMP] Stage (4, 12, 0, 0) has been pruned...
[TMP] Stage (4, 12, 0, 1) has been pruned...
[TMP] Stage (4, 13, 0, 0) has been pruned...
[TMP] Stage (4, 13, 0, 1) has been pruned...
[TMP] Stage (5, 11, 0, 0) has been pruned...
[TMP] Stage (5, 11, 0, 1) has been pruned...
[TMP] Stage (5, 12, 0, 0) has been pruned...
[TMP] Stage (5, 12, 0, 1) has been pruned...
[TMP] Stage (5, 13, 0, 0) has been pruned...
[TMP] Stage (5, 13, 0, 1) has been pruned...
[TMP] Stage (5, 14, 0, 0) has been pruned...
[TMP] Stage (5, 14, 0, 1) has been pruned...
[TMP] Stage (6, 12, 0, 0) has been pruned...
[TMP] Stage (6, 12, 0, 1) has been pruned...
[TMP] Stage (6, 13, 0, 0) has been pruned...
[TMP] Stage (6, 13, 0, 1) has been pruned...
[TMP] Stage (6, 14, 0, 0) has been pruned...
[TMP] Stage (6, 14, 0, 1) has been pruned...
[TMP] Stage (6, 15, 0, 0) has been pruned...
[TMP] Stage (6, 15, 0, 1) has been pruned...
[TMP] Stage (7, 13, 0, 0) has been pruned...
[TMP] Stage (7, 13, 0, 1) has been pruned...
[TMP] Stage (7, 14, 0, 0) has been pruned...
[TMP] Stage (7, 14, 0, 1) has been pruned...
[TMP] Stage (7, 15, 0, 0) has been pruned...
[TMP] Stage (7, 15, 0, 1) has been pruned...
[TMP] Stage (8, 14, 0, 0) has been pruned...
[TMP] Stage (8, 14, 0, 1) has been pruned...
[TMP] Stage (9, 15, 0, 0) has been pruned...
[TMP] Stage (9, 15, 0, 1) has been pruned...
Result forward_stage_layer_ids: [[0, 1, 2, 3, 4, 5, 6, 7], [8, 9, 10, 11, 12, 13, 14, 15]]
Result mesh_shapes: [(1, 1), (1, 1)]
Result logical_mesh_shapes: [(1, 1), (1, 1)]
Result autosharding_option_dicts: [{}, {}]
 - Compile (driver): 145.77 s
compilation time breakdown: {'stage-construction': '127.41', 'stage-construction-dp': '1.34', 'stage-construction-compilation': '14.26', 'stage-construction-profiling': '101.41'}
 - Compile (worker): 7.44 s
[I] Training process warmup (2 rounds) with dummy input batch...
    - Warmup iteration: 1/2
    - Warmup iteration: 2/2
[I] Ready to perform training process.
[I] Benchmark the training process with entire dataset and profile with driver overhead...
    - Iteration 1 / 5 is performed...
    - Iteration 2 / 5 is performed...
    - Iteration 3 / 5 is performed...
    - Iteration 4 / 5 is performed...
 - Benchmark: 81.47 s

[15.118901491165161, 10.571656942367554, 10.673607349395752, 10.5737943649292, 10.577667236328125, 10.574064493179321, 10.676403045654297]


[I] Performance metrics:
 - Iteration count: 5.
 - Total e2e training time : 55.001 s.
 - Average e2e iteration time: 11.000000953674316 s.
 - Total local training time: 53.07600402832031 s.
 - Average local iteration time: 10.61500072479248 s.
 - Max allocated memory among devices: 15.0 GB.
 - Compilation times:  {'stage-construction': 127.40568423271179, 'stage-construction-dp': 1.3409740924835205, 'stage-construction-compilation': 14.262072801589966, 'stage-construction-profiling': 101.41170716285706}
 - Metadata:  []
 - Is need save result:  True

[TMP] Current profiling results of key `1_a40_1_n_2_d`: 10.615107536315918
[TMP] Updated profiling results stored in `./jaxpr/prof_log/optimal_prune_no_prof/wide_resnet_500M_256.pkl`...

------------------------------------------------------------------
- (2/3) Profiling wide_resnet_500M with batch size: 512...
------------------------------------------------------------------
