
------------------------------------------------------------------
- (1/3) Profiling wide_resnet_500M with batch size: 256...
------------------------------------------------------------------
[TMP] Existed profiling results in `./jaxpr/prof_log/optimal/wide_resnet_500M_256.pkl`, updating/rewriting it...
[I] Ray Cluster & Alpa backend initialization is completed.
[I] Device Info:
    - Devices num per node: 1
    - Nodes num: 1
[I] Loading flax model....
[I] Model 'wide_resnet' loads sucessfully. Model Info: 

WideResNet(
    # attributes
    stage_sizes = [3, 4, 6, 3]
    block_cls = BottleneckResNetBlock
    num_classes = 1024
    num_filters = 224
    width_factor = 2
    dtype = float32
    act = relu
) 

[I] Manually construct dummy batch with the shape of (256, 224, 224, 3).
[I] Initialize training state...
[I] Training state initialization is completed.
[I] Constructing Alpa parallelized train step func...
[I] Alpa parallelized train step func construction is completed.
-------------------- Automatic stage clustering --------------------
submesh_choices: ((1, 1),)
- Profiling for submesh 0 (1, 1):
- Generate all stage infos (Jaxpr -> HLO)
- Compile all stages
- Profile all stages
result[(0, 15, 0, 0), 0] = ModuleProfileResult(compute_cost=0.000, peak_memory=3.892 GB, invar_size=1.855 GB, outvar_size=1.089 GB, temp_buffer_size=0.948 GB, available_memory=35.242 GB)
result[(0, 15, 0, 1), 0] = ModuleProfileResult(compute_cost=0.000, peak_memory=3.892 GB, invar_size=1.855 GB, outvar_size=1.089 GB, temp_buffer_size=0.948 GB, available_memory=35.242 GB)
result[(0, 15, 0, 0), 1] = ModuleProfileResult(compute_cost=0.000, peak_memory=6.209 GB, invar_size=4.786 GB, outvar_size=1.844 GB, temp_buffer_size=1.423 GB, available_memory=35.242 GB)
result[(0, 15, 0, 1), 1] = ModuleProfileResult(compute_cost=0.000, peak_memory=6.209 GB, invar_size=4.786 GB, outvar_size=1.844 GB, temp_buffer_size=1.423 GB, available_memory=35.242 GB)
Profiling for submesh 0 (1, 1) takes 89.80 seconds
--------------------------------------------------
Profile result saved to: profile-results-2023-11-17-13-19-39.npy
----------------------------------------------------------------------
Result forward_stage_layer_ids: [[0, 1, 2, 3, 4, 5, 6, 7, 8, 9, 10, 11, 12, 13, 14, 15]]
Result mesh_shapes: [(1, 1)]
Result logical_mesh_shapes: [(1, 1)]
Result autosharding_option_dicts: [{}]
 - Compile (driver): 106.54 s
compilation time breakdown: {'stage-construction': '91.89', 'stage-construction-dp': '1.27', 'stage-construction-compilation': '2.60', 'stage-construction-profiling': '83.83'}
 - Compile (worker): 12.50 s
[I] Training process warmup (2 rounds) with dummy input batch...
    - Warmup iteration: 1/2
    - Warmup iteration: 2/2
[I] Ready to perform training process.
[I] Benchmark the training process with entire dataset and profile with driver overhead...
    - Iteration 1 / 5 is performed...
    - Iteration 2 / 5 is performed...
    - Iteration 3 / 5 is performed...
    - Iteration 4 / 5 is performed...
 - Benchmark: 143.06 s

[40.48345494270325, 15.879536628723145, 15.872168779373169, 15.835962533950806, 15.790304183959961, 15.769746541976929, 15.772721767425537]


[I] Performance metrics:
 - Iteration count: 5.
 - Total e2e training time : 84.267 s.
 - Average e2e iteration time: 16.85300064086914 s.
 - Total local training time: 79.04100036621094 s.
 - Average local iteration time: 15.808000564575195 s.
 - Max allocated memory among devices: 24.519 GB.
 - Compilation times:  {'stage-construction': 91.89125204086304, 'stage-construction-dp': 1.2684845924377441, 'stage-construction-compilation': 2.5962038040161133, 'stage-construction-profiling': 83.83421444892883}
 - Metadata:  []
 - Is need save result:  True

[TMP] Current profiling results of key `1_a40_1_n_1_d`: 15.808181762695312
[TMP] Updated profiling results stored in `./jaxpr/prof_log/optimal/wide_resnet_500M_256.pkl`...

------------------------------------------------------------------
- (2/3) Profiling wide_resnet_500M with batch size: 512...
------------------------------------------------------------------
[TMP] Existed profiling results in `./jaxpr/prof_log/optimal/wide_resnet_500M_512.pkl`, updating/rewriting it...
[I] Ray Cluster & Alpa backend initialization is completed.
[I] Device Info:
    - Devices num per node: 1
    - Nodes num: 1
[I] Loading flax model....
[I] Model 'wide_resnet' loads sucessfully. Model Info: 

WideResNet(
    # attributes
    stage_sizes = [3, 4, 6, 3]
    block_cls = BottleneckResNetBlock
    num_classes = 1024
    num_filters = 224
    width_factor = 2
    dtype = float32
    act = relu
) 

[I] Manually construct dummy batch with the shape of (512, 224, 224, 3).
[I] Initialize training state...
[I] Training state initialization is completed.
[I] Constructing Alpa parallelized train step func...
[I] Alpa parallelized train step func construction is completed.
-------------------- Automatic stage clustering --------------------
submesh_choices: ((1, 1),)
- Profiling for submesh 0 (1, 1):
- Generate all stage infos (Jaxpr -> HLO)
- Compile all stages
- Profile all stages
result[(0, 15, 0, 0), 1] = ModuleProfileResult(compute_cost=0.000, peak_memory=8.652 GB, invar_size=5.883 GB, outvar_size=1.844 GB, temp_buffer_size=2.768 GB, available_memory=35.242 GB)
result[(0, 15, 0, 0), 0] = ModuleProfileResult(compute_cost=0.000, peak_memory=5.465 GB, invar_size=1.864 GB, outvar_size=2.178 GB, temp_buffer_size=1.424 GB, available_memory=35.242 GB)
result[(0, 15, 0, 1), 0] = ModuleProfileResult(compute_cost=0.000, peak_memory=5.465 GB, invar_size=1.864 GB, outvar_size=2.178 GB, temp_buffer_size=1.424 GB, available_memory=35.242 GB)
result[(0, 15, 0, 1), 1] = ModuleProfileResult(compute_cost=0.000, peak_memory=8.652 GB, invar_size=5.883 GB, outvar_size=1.844 GB, temp_buffer_size=2.768 GB, available_memory=35.242 GB)
Profiling for submesh 0 (1, 1) takes 28.86 seconds
--------------------------------------------------
Profile result saved to: profile-results-2023-11-17-13-23-09.npy
----------------------------------------------------------------------
Result forward_stage_layer_ids: [[0, 1, 2, 3, 4, 5, 6, 7, 8, 9, 10, 11, 12, 13, 14, 15]]
Result mesh_shapes: [(1, 1)]
Result logical_mesh_shapes: [(1, 1)]
Result autosharding_option_dicts: [{}]
 - Compile (driver): 45.70 s
compilation time breakdown: {'stage-construction': '31.00', 'stage-construction-dp': '1.29', 'stage-construction-compilation': '2.62', 'stage-construction-profiling': '22.56'}
 - Compile (worker): 23.31 s
[I] Training process warmup (2 rounds) with dummy input batch...
    - Warmup iteration: 1/2
[E] Meet unexpected error in profiling executables...

[E] Unexpected error occurred in compiling or profiling executables...
[E] Meet unexpected error in compiling and executing model...
[TMP] Current profiling results of key `1_a40_1_n_1_d`: none
[TMP] Updated profiling results stored in `./jaxpr/prof_log/optimal/wide_resnet_500M_512.pkl`...

------------------------------------------------------------------
- (3/3) Profiling wide_resnet_500M with batch size: 1024...
------------------------------------------------------------------
[TMP] Existed profiling results in `./jaxpr/prof_log/optimal/wide_resnet_500M_1024.pkl`, updating/rewriting it...
[I] Ray Cluster & Alpa backend initialization is completed.
[I] Device Info:
    - Devices num per node: 1
    - Nodes num: 1
[I] Loading flax model....
[I] Model 'wide_resnet' loads sucessfully. Model Info: 

WideResNet(
    # attributes
    stage_sizes = [3, 4, 6, 3]
    block_cls = BottleneckResNetBlock
    num_classes = 1024
    num_filters = 224
    width_factor = 2
    dtype = float32
    act = relu
) 

[I] Manually construct dummy batch with the shape of (1024, 224, 224, 3).
[I] Initialize training state...
[I] Training state initialization is completed.
[I] Constructing Alpa parallelized train step func...
[I] Alpa parallelized train step func construction is completed.
-------------------- Automatic stage clustering --------------------
submesh_choices: ((1, 1),)
- Profiling for submesh 0 (1, 1):
- Generate all stage infos (Jaxpr -> HLO)
- Compile all stages
- Profile all stages
result[(0, 15, 0, 0), 1] = ModuleProfileResult(compute_cost=0.000, peak_memory=13.611 GB, invar_size=8.079 GB, outvar_size=1.844 GB, temp_buffer_size=5.533 GB, available_memory=35.242 GB)
result[(0, 15, 0, 0), 0] = ModuleProfileResult(compute_cost=0.000, peak_memory=9.200 GB, invar_size=1.882 GB, outvar_size=4.355 GB, temp_buffer_size=2.964 GB, available_memory=35.242 GB)
result[(0, 15, 0, 1), 1] = ModuleProfileResult(compute_cost=0.000, peak_memory=13.611 GB, invar_size=8.079 GB, outvar_size=1.844 GB, temp_buffer_size=5.533 GB, available_memory=35.242 GB)
result[(0, 15, 0, 1), 0] = ModuleProfileResult(compute_cost=0.000, peak_memory=9.200 GB, invar_size=1.882 GB, outvar_size=4.355 GB, temp_buffer_size=2.964 GB, available_memory=35.242 GB)
Profiling for submesh 0 (1, 1) takes 29.35 seconds
--------------------------------------------------
Profile result saved to: profile-results-2023-11-17-13-24-44.npy
----------------------------------------------------------------------
Result forward_stage_layer_ids: [[0, 1, 2, 3, 4, 5, 6, 7, 8, 9, 10, 11, 12, 13, 14, 15]]
Result mesh_shapes: [(1, 1)]
Result logical_mesh_shapes: [(1, 1)]
Result autosharding_option_dicts: [{'force_batch_dim_to_mesh_dim': 0}]
 - Compile (driver): 46.88 s
compilation time breakdown: {'stage-construction': '31.46', 'stage-construction-dp': '1.29', 'stage-construction-compilation': '2.64', 'stage-construction-profiling': '23.24'}
 - Compile (worker): 23.72 s
[I] Training process warmup (2 rounds) with dummy input batch...
    - Warmup iteration: 1/2
[E] Meet unexpected error in profiling executables...

[E] Unexpected error occurred in compiling or profiling executables...
[E] Meet unexpected error in compiling and executing model...
[TMP] Current profiling results of key `1_a40_1_n_1_d`: none
[TMP] Updated profiling results stored in `./jaxpr/prof_log/optimal/wide_resnet_500M_1024.pkl`...
