
------------------------------------------------------------------
- (1/3) Profiling bert_760M with batch size: 128...
------------------------------------------------------------------
[TMP] Existed profiling results in `./jaxpr/prof_log/optimal_no_prof/bert_760M_128.pkl`, updating/rewriting it...
[I] Alpa's built-in profiling database is disabled.
[I] Ray Cluster & Alpa backend initialization is completed.
[I] Device Info:
    - Devices num per node: 1
    - Nodes num: 1
[I] Loading flax model....
[I] Model 'bert' loads sucessfully. Model Info: 

FlaxBertForMaskedLMModule(
    # attributes
    config = <model.bert_model.BertConfig object at 0x7f3a28592940>
    dtype = float16
) 

[I] Compiling and executing model with timeout = 1200 s...
[I] Manually constructing dummy batch...
[I] Initialize training state...
[I] Training state initialization is completed.
[I] Constructing Alpa parallelized train step func...
[I] Alpa parallelized train step func construction is completed.
-------------------- Automatic stage clustering --------------------
submesh_choices: ((1, 1),)
- Profiling for submesh 0 (1, 1):
- Generate all stage infos (Jaxpr -> HLO)
- Compile all stages
- Profile all stages
result[(0, 15, 0, 0), 0] = ModuleProfileResult(compute_cost=0.248, peak_memory=2.694 GB, invar_size=1.397 GB, outvar_size=0.516 GB, temp_buffer_size=0.781 GB, available_memory=35.242 GB)
result[(0, 15, 0, 0), 1] = ModuleProfileResult(compute_cost=0.686, peak_memory=7.000 GB, invar_size=3.647 GB, outvar_size=1.565 GB, temp_buffer_size=3.354 GB, available_memory=35.242 GB)
result[(0, 15, 0, 1), 0] = ModuleProfileResult(compute_cost=0.227, peak_memory=2.694 GB, invar_size=1.397 GB, outvar_size=0.516 GB, temp_buffer_size=0.781 GB, available_memory=35.242 GB)
result[(0, 15, 0, 1), 1] = ModuleProfileResult(compute_cost=0.682, peak_memory=7.000 GB, invar_size=3.647 GB, outvar_size=1.565 GB, temp_buffer_size=3.354 GB, available_memory=35.242 GB)
Profiling for submesh 0 (1, 1) takes 59.39 seconds
--------------------------------------------------
----------------------------------------------------------------------
Result forward_stage_layer_ids: [[0, 1, 2, 3, 4, 5, 6, 7, 8, 9, 10, 11, 12, 13, 14, 15]]
Result mesh_shapes: [(1, 1)]
Result logical_mesh_shapes: [(1, 1)]
Result autosharding_option_dicts: [{}]
 - Compile (driver): 95.91 s
compilation time breakdown: {'stage-construction': '63.09', 'stage-construction-dp': '1.27', 'stage-construction-compilation': '3.81', 'stage-construction-profiling': '47.35'}
 - Compile (worker): 17.19 s
[I] Training process warmup (2 rounds) with dummy input batch...
    - Warmup iteration: 1/2
    - Warmup iteration: 2/2
[I] Ready to perform training process.
[I] Benchmark the training process with entire dataset and profile with driver overhead...
    - Iteration 1 / 5 is performed...
    - Iteration 2 / 5 is performed...
    - Iteration 3 / 5 is performed...
    - Iteration 4 / 5 is performed...
 - Benchmark: 104.35 s

[15.468353033065796, 13.865293502807617, 13.867940187454224, 13.834633588790894, 13.846096992492676, 13.850130558013916, 13.846830368041992]


[I] Performance metrics:
 - Iteration count: 5.
 - Total e2e training time : 71.731 s.
 - Average e2e iteration time: 14.346000671386719 s.
 - Total local training time: 69.24600219726562 s.
 - Average local iteration time: 13.849000930786133 s.
 - Max allocated memory among devices: 24.129 GB.
 - Compilation times:  {'stage-construction': 63.094115018844604, 'stage-construction-dp': 1.2727584838867188, 'stage-construction-compilation': 3.8128488063812256, 'stage-construction-profiling': 47.35231113433838}
 - Metadata:  []
 - Is need save result:  True

[TMP] Current profiling results of key `1_a40_1_n_1_d`: 13.849127769470215
[TMP] Updated profiling results stored in `./jaxpr/prof_log/optimal_no_prof/bert_760M_128.pkl`...

------------------------------------------------------------------
- (2/3) Profiling bert_760M with batch size: 256...
------------------------------------------------------------------
