
------------------------------------------------------------------
- (1/3) Profiling bert_1.3B with batch size: 128...
------------------------------------------------------------------
[TMP] Existed profiling results in `./jaxpr/prof_log/optimal/bert_1.3B_128.pkl`, updating/rewriting it...
[I] Ray Cluster & Alpa backend initialization is completed.
[I] Device Info:
    - Devices num per node: 1
    - Nodes num: 1
[I] Loading flax model....
[I] Model 'bert' loads sucessfully. Model Info: 

FlaxBertForMaskedLMModule(
    # attributes
    config = <model.bert_model.BertConfig object at 0x7f94c8c9c880>
    dtype = float16
) 

[I] Manually constructing dummy batch...
[I] Initialize training state...
[I] Training state initialization is completed.
[I] Constructing Alpa parallelized train step func...
[I] Alpa parallelized train step func construction is completed.
-------------------- Automatic stage clustering --------------------
submesh_choices: ((1, 1),)
- Profiling for submesh 0 (1, 1):
- Generate all stage infos (Jaxpr -> HLO)
- Compile all stages
- Profile all stages
result[(0, 5, 0, 0), 0] = ModuleProfileResult(compute_cost=0.222, peak_memory=3.042 GB, invar_size=2.105 GB, outvar_size=0.156 GB, temp_buffer_size=0.781 GB, available_memory=35.242 GB)
result[(0, 5, 0, 1), 0] = ModuleProfileResult(compute_cost=0.222, peak_memory=3.042 GB, invar_size=2.105 GB, outvar_size=0.156 GB, temp_buffer_size=0.781 GB, available_memory=35.242 GB)
result[(0, 5, 0, 0), 1] = ModuleProfileResult(compute_cost=0.807, peak_memory=14.736 GB, invar_size=5.460 GB, outvar_size=2.652 GB, temp_buffer_size=9.276 GB, available_memory=35.242 GB)
result[(0, 5, 0, 1), 1] = ModuleProfileResult(compute_cost=0.807, peak_memory=14.736 GB, invar_size=5.460 GB, outvar_size=2.652 GB, temp_buffer_size=9.276 GB, available_memory=35.242 GB)
Profiling for submesh 0 (1, 1) takes 26.60 seconds
--------------------------------------------------
Profile result saved to: profile-results-2023-11-17-13-50-48.npy
----------------------------------------------------------------------
Result forward_stage_layer_ids: [[0, 1, 2, 3, 4, 5]]
Result mesh_shapes: [(1, 1)]
Result logical_mesh_shapes: [(1, 1)]
Result autosharding_option_dicts: [{'force_batch_dim_to_mesh_dim': 0}]
 - Compile (driver): 60.43 s
compilation time breakdown: {'stage-construction': '29.79', 'stage-construction-dp': '1.08', 'stage-construction-compilation': '3.61', 'stage-construction-profiling': '15.83'}
 - Compile (worker): 17.75 s
[I] Training process warmup (2 rounds) with dummy input batch...
    - Warmup iteration: 1/2
    - Warmup iteration: 2/2
[I] Ready to perform training process.
[I] Benchmark the training process with entire dataset and profile with driver overhead...
    - Iteration 1 / 5 is performed...
    - Iteration 2 / 5 is performed...
    - Iteration 3 / 5 is performed...
    - Iteration 4 / 5 is performed...
 - Benchmark: 170.17 s

[24.361494064331055, 22.815837383270264, 22.801616668701172, 22.816633224487305, 22.808713674545288, 22.821808099746704, 22.80647087097168]


[I] Performance metrics:
 - Iteration count: 5.
 - Total e2e training time : 118.15 s.
 - Average e2e iteration time: 23.630001068115234 s.
 - Total local training time: 114.05500793457031 s.
 - Average local iteration time: 22.81100082397461 s.
 - Max allocated memory among devices: 32.992 GB.
 - Compilation times:  {'stage-construction': 29.79012107849121, 'stage-construction-dp': 1.0830297470092773, 'stage-construction-compilation': 3.6054868698120117, 'stage-construction-profiling': 15.825270175933838}
 - Metadata:  []
 - Is need save result:  True

[TMP] Current profiling results of key `1_a40_1_n_1_d`: 22.81104850769043
[TMP] Updated profiling results stored in `./jaxpr/prof_log/optimal/bert_1.3B_128.pkl`...

------------------------------------------------------------------
- (2/3) Profiling bert_1.3B with batch size: 256...
------------------------------------------------------------------
[TMP] Existed profiling results in `./jaxpr/prof_log/optimal/bert_1.3B_256.pkl`, updating/rewriting it...
[I] Ray Cluster & Alpa backend initialization is completed.
[I] Device Info:
    - Devices num per node: 1
    - Nodes num: 1
[I] Loading flax model....
[I] Model 'bert' loads sucessfully. Model Info: 

FlaxBertForMaskedLMModule(
    # attributes
    config = <model.bert_model.BertConfig object at 0x7f5ec63efbb0>
    dtype = float16
) 

[I] Manually constructing dummy batch...
[I] Initialize training state...
[I] Training state initialization is completed.
[I] Constructing Alpa parallelized train step func...
[I] Alpa parallelized train step func construction is completed.
-------------------- Automatic stage clustering --------------------
submesh_choices: ((1, 1),)
- Profiling for submesh 0 (1, 1):
- Generate all stage infos (Jaxpr -> HLO)
- Compile all stages
- Profile all stages
result[(0, 5, 0, 0), 0] = ModuleProfileResult(compute_cost=0.439, peak_memory=3.980 GB, invar_size=2.105 GB, outvar_size=0.312 GB, temp_buffer_size=1.563 GB, available_memory=35.242 GB)
result[(0, 5, 0, 1), 0] = ModuleProfileResult(compute_cost=0.439, peak_memory=3.980 GB, invar_size=2.105 GB, outvar_size=0.312 GB, temp_buffer_size=1.563 GB, available_memory=35.242 GB)
result[(0, 5, 0, 0), 1] = ModuleProfileResult(compute_cost=1.600, peak_memory=24.157 GB, invar_size=5.616 GB, outvar_size=2.652 GB, temp_buffer_size=18.541 GB, available_memory=35.242 GB)
result[(0, 5, 0, 1), 1] = ModuleProfileResult(compute_cost=1.600, peak_memory=24.157 GB, invar_size=5.616 GB, outvar_size=2.652 GB, temp_buffer_size=18.541 GB, available_memory=35.242 GB)
Profiling for submesh 0 (1, 1) takes 25.75 seconds
--------------------------------------------------
Profile result saved to: profile-results-2023-11-17-13-55-06.npy
----------------------------------------------------------------------
Result forward_stage_layer_ids: [[0, 1, 2, 3, 4, 5]]
Result mesh_shapes: [(1, 1)]
Result logical_mesh_shapes: [(1, 1)]
Result autosharding_option_dicts: [{}]
 - Compile (driver): 59.48 s
compilation time breakdown: {'stage-construction': '28.88', 'stage-construction-dp': '1.08', 'stage-construction-compilation': '3.58', 'stage-construction-profiling': '15.46'}
 - Compile (worker): 17.33 s
[I] Training process warmup (2 rounds) with dummy input batch...
    - Warmup iteration: 1/2
[E] Meet unexpected error in profiling executables...

[E] Unexpected error occurred in compiling or profiling executables...
[E] Meet unexpected error in compiling and executing model...
[TMP] Current profiling results of key `1_a40_1_n_1_d`: none
[TMP] Updated profiling results stored in `./jaxpr/prof_log/optimal/bert_1.3B_256.pkl`...

------------------------------------------------------------------
- (3/3) Profiling bert_1.3B with batch size: 512...
------------------------------------------------------------------
[TMP] Existed profiling results in `./jaxpr/prof_log/optimal/bert_1.3B_512.pkl`, updating/rewriting it...
[I] Ray Cluster & Alpa backend initialization is completed.
[I] Device Info:
    - Devices num per node: 1
    - Nodes num: 1
[I] Loading flax model....
[I] Model 'bert' loads sucessfully. Model Info: 

FlaxBertForMaskedLMModule(
    # attributes
    config = <model.bert_model.BertConfig object at 0x7f7c2fc8f2b0>
    dtype = float16
) 

[I] Manually constructing dummy batch...
[I] Initialize training state...
[I] Training state initialization is completed.
[I] Constructing Alpa parallelized train step func...
[I] Alpa parallelized train step func construction is completed.
-------------------- Automatic stage clustering --------------------
submesh_choices: ((1, 1),)
- Profiling for submesh 0 (1, 1):
- Generate all stage infos (Jaxpr -> HLO)
- Compile all stages
- Profile all stages
result[(0, 5, 0, 0), 0] = ModuleProfileResult(compute_cost=0.844, peak_memory=5.855 GB, invar_size=2.105 GB, outvar_size=0.625 GB, temp_buffer_size=3.125 GB, available_memory=35.242 GB)
result[(0, 5, 0, 1), 0] = ModuleProfileResult(compute_cost=0.844, peak_memory=5.855 GB, invar_size=2.105 GB, outvar_size=0.625 GB, temp_buffer_size=3.125 GB, available_memory=35.242 GB)
result[(0, 5, 0, 0), 1] = ModuleProfileResult(compute_cost=3.078, peak_memory=42.994 GB, invar_size=5.929 GB, outvar_size=2.652 GB, temp_buffer_size=37.065 GB, available_memory=35.242 GB)
result[(0, 5, 0, 1), 1] = ModuleProfileResult(compute_cost=3.078, peak_memory=42.994 GB, invar_size=5.929 GB, outvar_size=2.652 GB, temp_buffer_size=37.065 GB, available_memory=35.242 GB)
Profiling for submesh 0 (1, 1) takes 25.41 seconds
--------------------------------------------------
Profile result saved to: profile-results-2023-11-17-13-56-58.npy
----------------------------------------------------------------------
[E] Meet unexpected error in compiling executables...

[E] Unexpected error occurred in compiling or profiling executables...
[TMP] Current profiling results of key `1_a40_1_n_1_d`: none
[TMP] Updated profiling results stored in `./jaxpr/prof_log/optimal/bert_1.3B_512.pkl`...
