
------------------------------------------------------------------
- (1/3) Profiling moe_690M with batch size: 256...
------------------------------------------------------------------
[TMP] Existed profiling results in `./jaxpr/prof_log/optimal/moe_690M_256.pkl`, updating/rewriting it...
[I] Ray Cluster & Alpa backend initialization is completed.
[I] Device Info:
    - Devices num per node: 2
    - Nodes num: 1
[I] Loading flax model....
[I] Model 'moe' loads sucessfully. Model Info: 

FlaxMoEForLMModule(
    # attributes
    config = <model.moe_model.MoEConfig object at 0x7f59a8483850>
    dtype = float16
    bias_init = zeros
) 

[I] Manually constructing dummy batch...
[I] Initialize training state...
[I] Training state initialization is completed.
[I] Constructing Alpa parallelized train step func...
[I] Alpa parallelized train step func construction is completed.
-------------------- Automatic stage clustering --------------------
submesh_choices: ((1, 1), (1, 2))
- Profiling for submesh 1 (1, 2):
- Generate all stage infos (Jaxpr -> HLO)
- Compile all stages
- Profile all stages
result[(0, 7, 1, 0), 0] = ModuleProfileResult(compute_cost=0.024, peak_memory=1.842 GB, invar_size=1.256 GB, outvar_size=0.082 GB, temp_buffer_size=0.504 GB, available_memory=35.242 GB)
result[(0, 7, 1, 1), 0] = ModuleProfileResult(compute_cost=0.077, peak_memory=1.269 GB, invar_size=0.628 GB, outvar_size=0.152 GB, temp_buffer_size=0.488 GB, available_memory=35.242 GB)
result[(0, 7, 1, 0), 1] = ModuleProfileResult(compute_cost=0.094, peak_memory=4.488 GB, invar_size=2.730 GB, outvar_size=1.324 GB, temp_buffer_size=1.759 GB, available_memory=35.242 GB)
result[(0, 7, 1, 2), 0] = ModuleProfileResult(compute_cost=0.034, peak_memory=1.280 GB, invar_size=0.694 GB, outvar_size=0.082 GB, temp_buffer_size=0.504 GB, available_memory=35.242 GB)
result[(0, 7, 1, 1), 1] = ModuleProfileResult(compute_cost=0.191, peak_memory=3.531 GB, invar_size=1.476 GB, outvar_size=0.662 GB, temp_buffer_size=2.055 GB, available_memory=35.242 GB)
result[(0, 7, 1, 2), 1] = ModuleProfileResult(compute_cost=0.101, peak_memory=3.363 GB, invar_size=1.605 GB, outvar_size=0.761 GB, temp_buffer_size=1.759 GB, available_memory=35.242 GB)
Profiling for submesh 1 (1, 2) takes 31.34 seconds
--------------------------------------------------
- Profiling for submesh 0 (1, 1):
- Generate all stage infos (Jaxpr -> HLO)
- Compile all stages
- Profile all stages
result[(0, 2, 0, 1), 0] = ModuleProfileResult(compute_cost=0.024, peak_memory=1.719 GB, invar_size=0.641 GB, outvar_size=0.070 GB, temp_buffer_size=1.008 GB, available_memory=35.242 GB)
result[(0, 2, 0, 0), 0] = ModuleProfileResult(compute_cost=0.024, peak_memory=1.719 GB, invar_size=0.641 GB, outvar_size=0.070 GB, temp_buffer_size=1.008 GB, available_memory=35.242 GB)
result[(0, 3, 0, 0), 0] = ModuleProfileResult(compute_cost=0.028, peak_memory=1.769 GB, invar_size=0.667 GB, outvar_size=0.094 GB, temp_buffer_size=1.008 GB, available_memory=35.242 GB)
result[(0, 3, 0, 1), 0] = ModuleProfileResult(compute_cost=0.028, peak_memory=1.769 GB, invar_size=0.667 GB, outvar_size=0.094 GB, temp_buffer_size=1.008 GB, available_memory=35.242 GB)
result[(0, 2, 0, 0), 1] = ModuleProfileResult(compute_cost=0.063, peak_memory=4.261 GB, invar_size=1.352 GB, outvar_size=0.641 GB, temp_buffer_size=2.909 GB, available_memory=35.242 GB)
result[(0, 2, 0, 1), 1] = ModuleProfileResult(compute_cost=0.063, peak_memory=4.261 GB, invar_size=1.352 GB, outvar_size=0.641 GB, temp_buffer_size=2.909 GB, available_memory=35.242 GB)
result[(1, 3, 0, 0), 0] = ModuleProfileResult(compute_cost=0.021, peak_memory=1.460 GB, invar_size=0.639 GB, outvar_size=0.070 GB, temp_buffer_size=0.751 GB, available_memory=35.242 GB)
result[(0, 3, 0, 0), 1] = ModuleProfileResult(compute_cost=0.076, peak_memory=4.738 GB, invar_size=1.428 GB, outvar_size=0.667 GB, temp_buffer_size=3.310 GB, available_memory=35.242 GB)
result[(1, 3, 0, 1), 0] = ModuleProfileResult(compute_cost=0.021, peak_memory=1.460 GB, invar_size=0.639 GB, outvar_size=0.070 GB, temp_buffer_size=0.751 GB, available_memory=35.242 GB)
result[(0, 3, 0, 1), 1] = ModuleProfileResult(compute_cost=0.076, peak_memory=4.738 GB, invar_size=1.428 GB, outvar_size=0.667 GB, temp_buffer_size=3.310 GB, available_memory=35.242 GB)
result[(1, 4, 0, 0), 0] = ModuleProfileResult(compute_cost=0.027, peak_memory=1.788 GB, invar_size=0.920 GB, outvar_size=0.094 GB, temp_buffer_size=0.774 GB, available_memory=35.242 GB)
result[(1, 3, 0, 0), 1] = ModuleProfileResult(compute_cost=0.061, peak_memory=4.633 GB, invar_size=1.325 GB, outvar_size=0.639 GB, temp_buffer_size=3.285 GB, available_memory=35.242 GB)
result[(1, 3, 0, 1), 1] = ModuleProfileResult(compute_cost=0.061, peak_memory=4.633 GB, invar_size=1.325 GB, outvar_size=0.639 GB, temp_buffer_size=3.285 GB, available_memory=35.242 GB)
result[(1, 4, 0, 1), 0] = ModuleProfileResult(compute_cost=0.027, peak_memory=1.788 GB, invar_size=0.920 GB, outvar_size=0.094 GB, temp_buffer_size=0.774 GB, available_memory=35.242 GB)
result[(1, 4, 0, 0), 1] = ModuleProfileResult(compute_cost=0.079, peak_memory=5.243 GB, invar_size=1.910 GB, outvar_size=0.920 GB, temp_buffer_size=3.309 GB, available_memory=35.242 GB)
result[(1, 5, 0, 0), 0] = ModuleProfileResult(compute_cost=0.032, peak_memory=1.814 GB, invar_size=0.947 GB, outvar_size=0.117 GB, temp_buffer_size=0.751 GB, available_memory=35.242 GB)
result[(1, 5, 0, 1), 0] = ModuleProfileResult(compute_cost=0.032, peak_memory=1.814 GB, invar_size=0.947 GB, outvar_size=0.117 GB, temp_buffer_size=0.751 GB, available_memory=35.242 GB)
result[(1, 4, 0, 1), 1] = ModuleProfileResult(compute_cost=0.079, peak_memory=5.243 GB, invar_size=1.910 GB, outvar_size=0.920 GB, temp_buffer_size=3.309 GB, available_memory=35.242 GB)
result[(2, 5, 0, 0), 0] = ModuleProfileResult(compute_cost=0.025, peak_memory=1.505 GB, invar_size=0.661 GB, outvar_size=0.094 GB, temp_buffer_size=0.751 GB, available_memory=35.242 GB)
result[(2, 5, 0, 1), 0] = ModuleProfileResult(compute_cost=0.025, peak_memory=1.505 GB, invar_size=0.661 GB, outvar_size=0.094 GB, temp_buffer_size=0.751 GB, available_memory=35.242 GB)
result[(1, 5, 0, 0), 1] = ModuleProfileResult(compute_cost=0.092, peak_memory=5.740 GB, invar_size=1.987 GB, outvar_size=0.946 GB, temp_buffer_size=3.730 GB, available_memory=35.242 GB)
result[(2, 6, 0, 0), 0] = ModuleProfileResult(compute_cost=0.031, peak_memory=1.833 GB, invar_size=0.942 GB, outvar_size=0.117 GB, temp_buffer_size=0.774 GB, available_memory=35.242 GB)
result[(1, 5, 0, 1), 1] = ModuleProfileResult(compute_cost=0.092, peak_memory=5.740 GB, invar_size=1.987 GB, outvar_size=0.946 GB, temp_buffer_size=3.730 GB, available_memory=35.242 GB)
result[(2, 5, 0, 0), 1] = ModuleProfileResult(compute_cost=0.071, peak_memory=5.099 GB, invar_size=1.392 GB, outvar_size=0.661 GB, temp_buffer_size=3.684 GB, available_memory=35.242 GB)
result[(2, 5, 0, 1), 1] = ModuleProfileResult(compute_cost=0.071, peak_memory=5.099 GB, invar_size=1.392 GB, outvar_size=0.661 GB, temp_buffer_size=3.684 GB, available_memory=35.242 GB)
result[(2, 6, 0, 1), 0] = ModuleProfileResult(compute_cost=0.031, peak_memory=1.833 GB, invar_size=0.942 GB, outvar_size=0.117 GB, temp_buffer_size=0.774 GB, available_memory=35.242 GB)
result[(3, 6, 0, 0), 0] = ModuleProfileResult(compute_cost=0.021, peak_memory=1.507 GB, invar_size=0.639 GB, outvar_size=0.094 GB, temp_buffer_size=0.774 GB, available_memory=35.242 GB)
result[(2, 6, 0, 0), 1] = ModuleProfileResult(compute_cost=0.089, peak_memory=5.756 GB, invar_size=1.978 GB, outvar_size=0.942 GB, temp_buffer_size=3.755 GB, available_memory=35.242 GB)
result[(3, 6, 0, 1), 0] = ModuleProfileResult(compute_cost=0.021, peak_memory=1.507 GB, invar_size=0.639 GB, outvar_size=0.094 GB, temp_buffer_size=0.774 GB, available_memory=35.242 GB)
result[(3, 6, 0, 0), 1] = ModuleProfileResult(compute_cost=0.062, peak_memory=4.571 GB, invar_size=1.348 GB, outvar_size=0.639 GB, temp_buffer_size=3.199 GB, available_memory=35.242 GB)
result[(3, 7, 0, 0), 0] = ModuleProfileResult(compute_cost=0.021, peak_memory=1.507 GB, invar_size=0.639 GB, outvar_size=0.094 GB, temp_buffer_size=0.774 GB, available_memory=35.242 GB)
result[(3, 7, 0, 1), 0] = ModuleProfileResult(compute_cost=0.021, peak_memory=1.507 GB, invar_size=0.639 GB, outvar_size=0.094 GB, temp_buffer_size=0.774 GB, available_memory=35.242 GB)
result[(2, 6, 0, 1), 1] = ModuleProfileResult(compute_cost=0.089, peak_memory=5.756 GB, invar_size=1.978 GB, outvar_size=0.942 GB, temp_buffer_size=3.755 GB, available_memory=35.242 GB)
result[(3, 6, 0, 1), 1] = ModuleProfileResult(compute_cost=0.062, peak_memory=4.571 GB, invar_size=1.348 GB, outvar_size=0.639 GB, temp_buffer_size=3.199 GB, available_memory=35.242 GB)
result[(4, 7, 0, 0), 0] = ModuleProfileResult(compute_cost=0.017, peak_memory=1.457 GB, invar_size=0.612 GB, outvar_size=0.070 GB, temp_buffer_size=0.774 GB, available_memory=35.242 GB)
result[(4, 7, 0, 1), 0] = ModuleProfileResult(compute_cost=0.017, peak_memory=1.457 GB, invar_size=0.612 GB, outvar_size=0.070 GB, temp_buffer_size=0.774 GB, available_memory=35.242 GB)
result[(3, 7, 0, 0), 1] = ModuleProfileResult(compute_cost=0.089, peak_memory=5.025 GB, invar_size=1.484 GB, outvar_size=0.707 GB, temp_buffer_size=3.518 GB, available_memory=35.242 GB)
result[(3, 7, 0, 1), 1] = ModuleProfileResult(compute_cost=0.089, peak_memory=5.025 GB, invar_size=1.484 GB, outvar_size=0.707 GB, temp_buffer_size=3.518 GB, available_memory=35.242 GB)
result[(4, 7, 0, 0), 1] = ModuleProfileResult(compute_cost=0.076, peak_memory=4.926 GB, invar_size=1.407 GB, outvar_size=0.680 GB, temp_buffer_size=3.495 GB, available_memory=35.242 GB)
result[(4, 7, 0, 1), 1] = ModuleProfileResult(compute_cost=0.076, peak_memory=4.926 GB, invar_size=1.407 GB, outvar_size=0.680 GB, temp_buffer_size=3.495 GB, available_memory=35.242 GB)
Profiling for submesh 0 (1, 1) takes 43.72 seconds
--------------------------------------------------
Profile result saved to: profile-results-2023-11-17-15-13-18.npy
----------------------------------------------------------------------
Result forward_stage_layer_ids: [[0, 1, 2, 3], [4, 5, 6, 7]]
Result mesh_shapes: [(1, 1), (1, 1)]
Result logical_mesh_shapes: [(1, 1), (1, 1)]
Result autosharding_option_dicts: [{}, {'force_batch_dim_to_mesh_dim': 0}]
 - Compile (driver): 94.98 s
compilation time breakdown: {'stage-construction': '77.62', 'stage-construction-dp': '1.34', 'stage-construction-compilation': '21.28', 'stage-construction-profiling': '29.27'}
 - Compile (worker): 8.59 s
[I] Training process warmup (2 rounds) with dummy input batch...
    - Warmup iteration: 1/2
    - Warmup iteration: 2/2
[I] Ready to perform training process.
[I] Benchmark the training process with entire dataset and profile with driver overhead...
    - Iteration 1 / 5 is performed...
    - Iteration 2 / 5 is performed...
    - Iteration 3 / 5 is performed...
    - Iteration 4 / 5 is performed...
 - Benchmark: 36.64 s

[6.37287712097168, 4.620032548904419, 4.623608827590942, 4.620734214782715, 4.620835542678833, 4.624312162399292, 4.621642589569092]


[I] Performance metrics:
 - Iteration count: 5.
 - Total e2e training time : 24.315 s.
 - Average e2e iteration time: 4.863000392913818 s.
 - Total local training time: 23.11100196838379 s.
 - Average local iteration time: 4.622000217437744 s.
 - Max allocated memory among devices: 7.65 GB.
 - Compilation times:  {'stage-construction': 77.6209135055542, 'stage-construction-dp': 1.3420956134796143, 'stage-construction-compilation': 21.275289297103882, 'stage-construction-profiling': 29.270023345947266}
 - Metadata:  []
 - Is need save result:  True

[TMP] Current profiling results of key `1_a40_1_n_2_d`: 4.622226715087891
[TMP] Updated profiling results stored in `./jaxpr/prof_log/optimal/moe_690M_256.pkl`...

------------------------------------------------------------------
- (2/3) Profiling moe_690M with batch size: 512...
------------------------------------------------------------------
[TMP] Existed profiling results in `./jaxpr/prof_log/optimal/moe_690M_512.pkl`, updating/rewriting it...
[I] Ray Cluster & Alpa backend initialization is completed.
[I] Device Info:
    - Devices num per node: 2
    - Nodes num: 1
[I] Loading flax model....
[I] Model 'moe' loads sucessfully. Model Info: 

FlaxMoEForLMModule(
    # attributes
    config = <model.moe_model.MoEConfig object at 0x7f8304a74e20>
    dtype = float16
    bias_init = zeros
) 

[I] Manually constructing dummy batch...
[I] Initialize training state...
[I] Training state initialization is completed.
[I] Constructing Alpa parallelized train step func...
[I] Alpa parallelized train step func construction is completed.
-------------------- Automatic stage clustering --------------------
submesh_choices: ((1, 1), (1, 2))
- Profiling for submesh 1 (1, 2):
- Generate all stage infos (Jaxpr -> HLO)
- Compile all stages
- Profile all stages
result[(0, 7, 1, 0), 0] = ModuleProfileResult(compute_cost=0.045, peak_memory=2.428 GB, invar_size=1.256 GB, outvar_size=0.164 GB, temp_buffer_size=1.008 GB, available_memory=35.242 GB)
result[(0, 7, 1, 1), 0] = ModuleProfileResult(compute_cost=0.148, peak_memory=1.910 GB, invar_size=0.628 GB, outvar_size=0.305 GB, temp_buffer_size=0.977 GB, available_memory=35.242 GB)
result[(0, 7, 1, 2), 0] = ModuleProfileResult(compute_cost=0.063, peak_memory=1.866 GB, invar_size=0.694 GB, outvar_size=0.164 GB, temp_buffer_size=1.008 GB, available_memory=35.242 GB)
result[(0, 7, 1, 0), 1] = ModuleProfileResult(compute_cost=0.164, peak_memory=6.329 GB, invar_size=2.812 GB, outvar_size=1.324 GB, temp_buffer_size=3.517 GB, available_memory=35.242 GB)
result[(0, 7, 1, 1), 1] = ModuleProfileResult(compute_cost=0.369, peak_memory=5.738 GB, invar_size=1.629 GB, outvar_size=0.662 GB, temp_buffer_size=4.109 GB, available_memory=35.242 GB)
result[(0, 7, 1, 2), 1] = ModuleProfileResult(compute_cost=0.188, peak_memory=5.204 GB, invar_size=1.687 GB, outvar_size=0.761 GB, temp_buffer_size=3.517 GB, available_memory=35.242 GB)
Profiling for submesh 1 (1, 2) takes 30.22 seconds
--------------------------------------------------
- Profiling for submesh 0 (1, 1):
- Generate all stage infos (Jaxpr -> HLO)
- Compile all stages
- Profile all stages
result[(0, 2, 0, 1), 0] = ModuleProfileResult(compute_cost=0.046, peak_memory=2.797 GB, invar_size=0.641 GB, outvar_size=0.141 GB, temp_buffer_size=2.016 GB, available_memory=35.242 GB)
result[(0, 2, 0, 0), 0] = ModuleProfileResult(compute_cost=0.046, peak_memory=2.797 GB, invar_size=0.641 GB, outvar_size=0.141 GB, temp_buffer_size=2.016 GB, available_memory=35.242 GB)
result[(0, 3, 0, 0), 0] = ModuleProfileResult(compute_cost=0.055, peak_memory=2.870 GB, invar_size=0.667 GB, outvar_size=0.188 GB, temp_buffer_size=2.016 GB, available_memory=35.242 GB)
result[(0, 3, 0, 1), 0] = ModuleProfileResult(compute_cost=0.055, peak_memory=2.870 GB, invar_size=0.667 GB, outvar_size=0.188 GB, temp_buffer_size=2.016 GB, available_memory=35.242 GB)
result[(0, 2, 0, 1), 1] = ModuleProfileResult(compute_cost=0.122, peak_memory=7.240 GB, invar_size=1.422 GB, outvar_size=0.641 GB, temp_buffer_size=5.818 GB, available_memory=35.242 GB)
result[(0, 2, 0, 0), 1] = ModuleProfileResult(compute_cost=0.122, peak_memory=7.240 GB, invar_size=1.422 GB, outvar_size=0.641 GB, temp_buffer_size=5.818 GB, available_memory=35.242 GB)
result[(1, 3, 0, 0), 0] = ModuleProfileResult(compute_cost=0.041, peak_memory=2.304 GB, invar_size=0.662 GB, outvar_size=0.141 GB, temp_buffer_size=1.501 GB, available_memory=35.242 GB)
result[(0, 3, 0, 0), 1] = ModuleProfileResult(compute_cost=0.148, peak_memory=8.140 GB, invar_size=1.522 GB, outvar_size=0.667 GB, temp_buffer_size=6.618 GB, available_memory=35.242 GB)
result[(1, 3, 0, 1), 0] = ModuleProfileResult(compute_cost=0.041, peak_memory=2.304 GB, invar_size=0.662 GB, outvar_size=0.141 GB, temp_buffer_size=1.501 GB, available_memory=35.242 GB)
result[(0, 3, 0, 1), 1] = ModuleProfileResult(compute_cost=0.148, peak_memory=8.140 GB, invar_size=1.522 GB, outvar_size=0.667 GB, temp_buffer_size=6.618 GB, available_memory=35.242 GB)
result[(1, 3, 0, 0), 1] = ModuleProfileResult(compute_cost=0.118, peak_memory=8.034 GB, invar_size=1.418 GB, outvar_size=0.662 GB, temp_buffer_size=6.569 GB, available_memory=35.242 GB)
result[(1, 4, 0, 0), 0] = ModuleProfileResult(compute_cost=0.053, peak_memory=2.679 GB, invar_size=0.944 GB, outvar_size=0.188 GB, temp_buffer_size=1.548 GB, available_memory=35.242 GB)
result[(1, 4, 0, 1), 0] = ModuleProfileResult(compute_cost=0.053, peak_memory=2.679 GB, invar_size=0.944 GB, outvar_size=0.188 GB, temp_buffer_size=1.548 GB, available_memory=35.242 GB)
result[(1, 3, 0, 1), 1] = ModuleProfileResult(compute_cost=0.118, peak_memory=8.034 GB, invar_size=1.418 GB, outvar_size=0.662 GB, temp_buffer_size=6.569 GB, available_memory=35.242 GB)
result[(1, 5, 0, 0), 0] = ModuleProfileResult(compute_cost=0.061, peak_memory=2.705 GB, invar_size=0.970 GB, outvar_size=0.234 GB, temp_buffer_size=1.501 GB, available_memory=35.242 GB)
result[(1, 4, 0, 0), 1] = ModuleProfileResult(compute_cost=0.152, peak_memory=8.692 GB, invar_size=2.028 GB, outvar_size=0.944 GB, temp_buffer_size=6.617 GB, available_memory=35.242 GB)
result[(1, 5, 0, 1), 0] = ModuleProfileResult(compute_cost=0.061, peak_memory=2.705 GB, invar_size=0.970 GB, outvar_size=0.234 GB, temp_buffer_size=1.501 GB, available_memory=35.242 GB)
result[(1, 4, 0, 1), 1] = ModuleProfileResult(compute_cost=0.152, peak_memory=8.692 GB, invar_size=2.028 GB, outvar_size=0.944 GB, temp_buffer_size=6.617 GB, available_memory=35.242 GB)
result[(2, 5, 0, 0), 0] = ModuleProfileResult(compute_cost=0.048, peak_memory=2.373 GB, invar_size=0.684 GB, outvar_size=0.188 GB, temp_buffer_size=1.501 GB, available_memory=35.242 GB)
result[(2, 5, 0, 1), 0] = ModuleProfileResult(compute_cost=0.048, peak_memory=2.373 GB, invar_size=0.684 GB, outvar_size=0.188 GB, temp_buffer_size=1.501 GB, available_memory=35.242 GB)
result[(1, 5, 0, 0), 1] = ModuleProfileResult(compute_cost=0.177, peak_memory=9.634 GB, invar_size=2.127 GB, outvar_size=0.970 GB, temp_buffer_size=7.460 GB, available_memory=35.242 GB)
result[(2, 6, 0, 0), 0] = ModuleProfileResult(compute_cost=0.059, peak_memory=2.748 GB, invar_size=0.966 GB, outvar_size=0.234 GB, temp_buffer_size=1.548 GB, available_memory=35.242 GB)
result[(1, 5, 0, 1), 1] = ModuleProfileResult(compute_cost=0.177, peak_memory=9.634 GB, invar_size=2.127 GB, outvar_size=0.970 GB, temp_buffer_size=7.460 GB, available_memory=35.242 GB)
result[(2, 5, 0, 0), 1] = ModuleProfileResult(compute_cost=0.137, peak_memory=8.923 GB, invar_size=1.509 GB, outvar_size=0.684 GB, temp_buffer_size=7.367 GB, available_memory=35.242 GB)
result[(2, 5, 0, 1), 1] = ModuleProfileResult(compute_cost=0.137, peak_memory=8.923 GB, invar_size=1.509 GB, outvar_size=0.684 GB, temp_buffer_size=7.367 GB, available_memory=35.242 GB)
result[(2, 6, 0, 1), 0] = ModuleProfileResult(compute_cost=0.059, peak_memory=2.748 GB, invar_size=0.966 GB, outvar_size=0.234 GB, temp_buffer_size=1.548 GB, available_memory=35.242 GB)
result[(3, 6, 0, 0), 0] = ModuleProfileResult(compute_cost=0.041, peak_memory=2.398 GB, invar_size=0.662 GB, outvar_size=0.188 GB, temp_buffer_size=1.548 GB, available_memory=35.242 GB)
result[(2, 6, 0, 0), 1] = ModuleProfileResult(compute_cost=0.171, peak_memory=9.674 GB, invar_size=2.119 GB, outvar_size=0.965 GB, temp_buffer_size=7.509 GB, available_memory=35.242 GB)
result[(3, 6, 0, 1), 0] = ModuleProfileResult(compute_cost=0.041, peak_memory=2.398 GB, invar_size=0.662 GB, outvar_size=0.188 GB, temp_buffer_size=1.548 GB, available_memory=35.242 GB)
result[(3, 7, 0, 0), 0] = ModuleProfileResult(compute_cost=0.041, peak_memory=2.398 GB, invar_size=0.662 GB, outvar_size=0.188 GB, temp_buffer_size=1.548 GB, available_memory=35.242 GB)
result[(3, 6, 0, 0), 1] = ModuleProfileResult(compute_cost=0.119, peak_memory=7.909 GB, invar_size=1.465 GB, outvar_size=0.662 GB, temp_buffer_size=6.397 GB, available_memory=35.242 GB)
result[(2, 6, 0, 1), 1] = ModuleProfileResult(compute_cost=0.171, peak_memory=9.674 GB, invar_size=2.119 GB, outvar_size=0.965 GB, temp_buffer_size=7.509 GB, available_memory=35.242 GB)
result[(3, 7, 0, 1), 0] = ModuleProfileResult(compute_cost=0.041, peak_memory=2.398 GB, invar_size=0.662 GB, outvar_size=0.188 GB, temp_buffer_size=1.548 GB, available_memory=35.242 GB)
result[(3, 6, 0, 1), 1] = ModuleProfileResult(compute_cost=0.119, peak_memory=7.909 GB, invar_size=1.465 GB, outvar_size=0.662 GB, temp_buffer_size=6.397 GB, available_memory=35.242 GB)
result[(4, 7, 0, 0), 0] = ModuleProfileResult(compute_cost=0.032, peak_memory=2.324 GB, invar_size=0.636 GB, outvar_size=0.141 GB, temp_buffer_size=1.548 GB, available_memory=35.242 GB)
result[(4, 7, 0, 1), 0] = ModuleProfileResult(compute_cost=0.032, peak_memory=2.324 GB, invar_size=0.636 GB, outvar_size=0.141 GB, temp_buffer_size=1.548 GB, available_memory=35.242 GB)
result[(3, 7, 0, 0), 1] = ModuleProfileResult(compute_cost=0.173, peak_memory=8.682 GB, invar_size=1.601 GB, outvar_size=0.730 GB, temp_buffer_size=7.034 GB, available_memory=35.242 GB)
result[(3, 7, 0, 1), 1] = ModuleProfileResult(compute_cost=0.173, peak_memory=8.682 GB, invar_size=1.601 GB, outvar_size=0.730 GB, temp_buffer_size=7.034 GB, available_memory=35.242 GB)
result[(4, 7, 0, 0), 1] = ModuleProfileResult(compute_cost=0.147, peak_memory=8.537 GB, invar_size=1.501 GB, outvar_size=0.704 GB, temp_buffer_size=6.989 GB, available_memory=35.242 GB)
result[(4, 7, 0, 1), 1] = ModuleProfileResult(compute_cost=0.147, peak_memory=8.537 GB, invar_size=1.501 GB, outvar_size=0.704 GB, temp_buffer_size=6.989 GB, available_memory=35.242 GB)
Profiling for submesh 0 (1, 1) takes 44.12 seconds
--------------------------------------------------
Profile result saved to: profile-results-2023-11-17-15-15-45.npy
----------------------------------------------------------------------
Result forward_stage_layer_ids: [[0, 1, 2, 3, 4, 5, 6, 7]]
Result mesh_shapes: [(1, 2)]
Result logical_mesh_shapes: [(2, 1)]
Result autosharding_option_dicts: [{'force_batch_dim_to_mesh_dim': 0}]
 - Compile (driver): 98.43 s
compilation time breakdown: {'stage-construction': '76.92', 'stage-construction-dp': '1.36', 'stage-construction-compilation': '20.46', 'stage-construction-profiling': '29.68'}
 - Compile (worker): 16.13 s
[I] Training process warmup (2 rounds) with dummy input batch...
    - Warmup iteration: 1/2
    - Warmup iteration: 2/2
[I] Ready to perform training process.
[I] Benchmark the training process with entire dataset and profile with driver overhead...
    - Iteration 1 / 5 is performed...
    - Iteration 2 / 5 is performed...
    - Iteration 3 / 5 is performed...
    - Iteration 4 / 5 is performed...
 - Benchmark: 64.77 s

[10.359727382659912, 8.590614318847656, 8.595384359359741, 8.595341682434082, 8.590560913085938, 8.591384887695312, 8.5941903591156]


[I] Performance metrics:
 - Iteration count: 5.
 - Total e2e training time : 43.498 s.
 - Average e2e iteration time: 8.700000762939453 s.
 - Total local training time: 42.967002868652344 s.
 - Average local iteration time: 8.593000411987305 s.
 - Max allocated memory among devices: 10.122 GB.
 - Compilation times:  {'stage-construction': 76.91618776321411, 'stage-construction-dp': 1.360793113708496, 'stage-construction-compilation': 20.456636428833008, 'stage-construction-profiling': 29.681506156921387}
 - Metadata:  []
 - Is need save result:  True

[TMP] Current profiling results of key `1_a40_1_n_2_d`: 8.593372344970703
[TMP] Updated profiling results stored in `./jaxpr/prof_log/optimal/moe_690M_512.pkl`...

------------------------------------------------------------------
- (3/3) Profiling moe_690M with batch size: 1024...
------------------------------------------------------------------
[TMP] Existed profiling results in `./jaxpr/prof_log/optimal/moe_690M_1024.pkl`, updating/rewriting it...
[I] Ray Cluster & Alpa backend initialization is completed.
[I] Device Info:
    - Devices num per node: 2
    - Nodes num: 1
[I] Loading flax model....
[I] Model 'moe' loads sucessfully. Model Info: 

FlaxMoEForLMModule(
    # attributes
    config = <model.moe_model.MoEConfig object at 0x7fa1bcf37a30>
    dtype = float16
    bias_init = zeros
) 

[I] Manually constructing dummy batch...
[I] Initialize training state...
[I] Training state initialization is completed.
[I] Constructing Alpa parallelized train step func...
[I] Alpa parallelized train step func construction is completed.
-------------------- Automatic stage clustering --------------------
submesh_choices: ((1, 1), (1, 2))
- Profiling for submesh 1 (1, 2):
- Generate all stage infos (Jaxpr -> HLO)
- Compile all stages
- Profile all stages
result[(0, 7, 1, 0), 0] = ModuleProfileResult(compute_cost=0.087, peak_memory=3.600 GB, invar_size=1.256 GB, outvar_size=0.328 GB, temp_buffer_size=2.016 GB, available_memory=35.242 GB)
result[(0, 7, 1, 1), 0] = ModuleProfileResult(compute_cost=0.291, peak_memory=3.191 GB, invar_size=0.629 GB, outvar_size=0.609 GB, temp_buffer_size=1.953 GB, available_memory=35.242 GB)
result[(0, 7, 1, 2), 0] = ModuleProfileResult(compute_cost=0.123, peak_memory=3.038 GB, invar_size=0.694 GB, outvar_size=0.328 GB, temp_buffer_size=2.016 GB, available_memory=35.242 GB)
result[(0, 7, 1, 0), 1] = ModuleProfileResult(compute_cost=0.307, peak_memory=10.011 GB, invar_size=2.976 GB, outvar_size=1.324 GB, temp_buffer_size=7.035 GB, available_memory=35.242 GB)
result[(0, 7, 1, 1), 1] = ModuleProfileResult(compute_cost=0.726, peak_memory=10.151 GB, invar_size=1.934 GB, outvar_size=0.662 GB, temp_buffer_size=8.216 GB, available_memory=35.242 GB)
result[(0, 7, 1, 2), 1] = ModuleProfileResult(compute_cost=0.364, peak_memory=8.886 GB, invar_size=1.851 GB, outvar_size=0.761 GB, temp_buffer_size=7.035 GB, available_memory=35.242 GB)
Profiling for submesh 1 (1, 2) takes 31.55 seconds
--------------------------------------------------
- Profiling for submesh 0 (1, 1):
- Generate all stage infos (Jaxpr -> HLO)
- Compile all stages
- Profile all stages
result[(0, 2, 0, 0), 0] = ModuleProfileResult(compute_cost=0.091, peak_memory=4.954 GB, invar_size=0.641 GB, outvar_size=0.281 GB, temp_buffer_size=4.031 GB, available_memory=35.242 GB)
result[(0, 2, 0, 1), 0] = ModuleProfileResult(compute_cost=0.091, peak_memory=4.954 GB, invar_size=0.641 GB, outvar_size=0.281 GB, temp_buffer_size=4.031 GB, available_memory=35.242 GB)
result[(0, 3, 0, 0), 0] = ModuleProfileResult(compute_cost=0.107, peak_memory=5.074 GB, invar_size=0.668 GB, outvar_size=0.375 GB, temp_buffer_size=4.031 GB, available_memory=35.242 GB)
result[(0, 3, 0, 1), 0] = ModuleProfileResult(compute_cost=0.107, peak_memory=5.074 GB, invar_size=0.668 GB, outvar_size=0.375 GB, temp_buffer_size=4.031 GB, available_memory=35.242 GB)
result[(0, 2, 0, 0), 1] = ModuleProfileResult(compute_cost=0.240, peak_memory=13.199 GB, invar_size=1.563 GB, outvar_size=0.641 GB, temp_buffer_size=11.636 GB, available_memory=35.242 GB)
result[(0, 2, 0, 1), 1] = ModuleProfileResult(compute_cost=0.240, peak_memory=13.199 GB, invar_size=1.563 GB, outvar_size=0.641 GB, temp_buffer_size=11.636 GB, available_memory=35.242 GB)
result[(0, 3, 0, 0), 1] = ModuleProfileResult(compute_cost=0.289, peak_memory=14.944 GB, invar_size=1.710 GB, outvar_size=0.667 GB, temp_buffer_size=13.234 GB, available_memory=35.242 GB)
result[(1, 3, 0, 0), 0] = ModuleProfileResult(compute_cost=0.080, peak_memory=3.993 GB, invar_size=0.709 GB, outvar_size=0.281 GB, temp_buffer_size=3.002 GB, available_memory=35.242 GB)
result[(1, 3, 0, 1), 0] = ModuleProfileResult(compute_cost=0.080, peak_memory=3.993 GB, invar_size=0.709 GB, outvar_size=0.281 GB, temp_buffer_size=3.002 GB, available_memory=35.242 GB)
result[(0, 3, 0, 1), 1] = ModuleProfileResult(compute_cost=0.289, peak_memory=14.944 GB, invar_size=1.710 GB, outvar_size=0.667 GB, temp_buffer_size=13.234 GB, available_memory=35.242 GB)
result[(1, 3, 0, 0), 1] = ModuleProfileResult(compute_cost=0.230, peak_memory=14.837 GB, invar_size=1.606 GB, outvar_size=0.709 GB, temp_buffer_size=13.137 GB, available_memory=35.242 GB)
result[(1, 4, 0, 0), 0] = ModuleProfileResult(compute_cost=0.103, peak_memory=4.461 GB, invar_size=0.991 GB, outvar_size=0.375 GB, temp_buffer_size=3.096 GB, available_memory=35.242 GB)
result[(1, 4, 0, 1), 0] = ModuleProfileResult(compute_cost=0.103, peak_memory=4.461 GB, invar_size=0.991 GB, outvar_size=0.375 GB, temp_buffer_size=3.096 GB, available_memory=35.242 GB)
result[(1, 3, 0, 1), 1] = ModuleProfileResult(compute_cost=0.230, peak_memory=14.837 GB, invar_size=1.606 GB, outvar_size=0.709 GB, temp_buffer_size=13.137 GB, available_memory=35.242 GB)
result[(1, 4, 0, 0), 1] = ModuleProfileResult(compute_cost=0.298, peak_memory=15.589 GB, invar_size=2.262 GB, outvar_size=0.990 GB, temp_buffer_size=13.233 GB, available_memory=35.242 GB)
result[(1, 4, 0, 1), 1] = ModuleProfileResult(compute_cost=0.298, peak_memory=15.589 GB, invar_size=2.262 GB, outvar_size=0.990 GB, temp_buffer_size=13.233 GB, available_memory=35.242 GB)
result[(1, 5, 0, 1), 0] = ModuleProfileResult(compute_cost=0.120, peak_memory=4.488 GB, invar_size=1.017 GB, outvar_size=0.469 GB, temp_buffer_size=3.002 GB, available_memory=35.242 GB)
result[(1, 5, 0, 0), 0] = ModuleProfileResult(compute_cost=0.120, peak_memory=4.488 GB, invar_size=1.017 GB, outvar_size=0.469 GB, temp_buffer_size=3.002 GB, available_memory=35.242 GB)
result[(2, 5, 0, 0), 0] = ModuleProfileResult(compute_cost=0.093, peak_memory=4.108 GB, invar_size=0.731 GB, outvar_size=0.375 GB, temp_buffer_size=3.002 GB, available_memory=35.242 GB)
result[(2, 5, 0, 1), 0] = ModuleProfileResult(compute_cost=0.093, peak_memory=4.108 GB, invar_size=0.731 GB, outvar_size=0.375 GB, temp_buffer_size=3.002 GB, available_memory=35.242 GB)
result[(1, 5, 0, 0), 1] = ModuleProfileResult(compute_cost=0.347, peak_memory=17.422 GB, invar_size=2.409 GB, outvar_size=1.017 GB, temp_buffer_size=14.919 GB, available_memory=35.242 GB)
result[(2, 6, 0, 0), 0] = ModuleProfileResult(compute_cost=0.116, peak_memory=4.577 GB, invar_size=1.013 GB, outvar_size=0.469 GB, temp_buffer_size=3.096 GB, available_memory=35.242 GB)
result[(1, 5, 0, 1), 1] = ModuleProfileResult(compute_cost=0.347, peak_memory=17.422 GB, invar_size=2.409 GB, outvar_size=1.017 GB, temp_buffer_size=14.919 GB, available_memory=35.242 GB)
result[(2, 5, 0, 0), 1] = ModuleProfileResult(compute_cost=0.268, peak_memory=16.570 GB, invar_size=1.744 GB, outvar_size=0.731 GB, temp_buffer_size=14.733 GB, available_memory=35.242 GB)
result[(2, 5, 0, 1), 1] = ModuleProfileResult(compute_cost=0.268, peak_memory=16.570 GB, invar_size=1.744 GB, outvar_size=0.731 GB, temp_buffer_size=14.733 GB, available_memory=35.242 GB)
result[(3, 6, 0, 0), 0] = ModuleProfileResult(compute_cost=0.080, peak_memory=4.180 GB, invar_size=0.709 GB, outvar_size=0.375 GB, temp_buffer_size=3.096 GB, available_memory=35.242 GB)
result[(2, 6, 0, 1), 0] = ModuleProfileResult(compute_cost=0.116, peak_memory=4.577 GB, invar_size=1.013 GB, outvar_size=0.469 GB, temp_buffer_size=3.096 GB, available_memory=35.242 GB)
result[(2, 6, 0, 0), 1] = ModuleProfileResult(compute_cost=0.335, peak_memory=17.510 GB, invar_size=2.400 GB, outvar_size=1.012 GB, temp_buffer_size=15.016 GB, available_memory=35.242 GB)
result[(3, 6, 0, 1), 0] = ModuleProfileResult(compute_cost=0.080, peak_memory=4.180 GB, invar_size=0.709 GB, outvar_size=0.375 GB, temp_buffer_size=3.096 GB, available_memory=35.242 GB)
result[(3, 7, 0, 0), 0] = ModuleProfileResult(compute_cost=0.080, peak_memory=4.180 GB, invar_size=0.709 GB, outvar_size=0.375 GB, temp_buffer_size=3.096 GB, available_memory=35.242 GB)
result[(3, 6, 0, 0), 1] = ModuleProfileResult(compute_cost=0.233, peak_memory=14.586 GB, invar_size=1.700 GB, outvar_size=0.709 GB, temp_buffer_size=12.793 GB, available_memory=35.242 GB)
result[(2, 6, 0, 1), 1] = ModuleProfileResult(compute_cost=0.335, peak_memory=17.510 GB, invar_size=2.400 GB, outvar_size=1.012 GB, temp_buffer_size=15.016 GB, available_memory=35.242 GB)
result[(3, 7, 0, 1), 0] = ModuleProfileResult(compute_cost=0.080, peak_memory=4.180 GB, invar_size=0.709 GB, outvar_size=0.375 GB, temp_buffer_size=3.096 GB, available_memory=35.242 GB)
result[(3, 6, 0, 1), 1] = ModuleProfileResult(compute_cost=0.233, peak_memory=14.586 GB, invar_size=1.700 GB, outvar_size=0.709 GB, temp_buffer_size=12.793 GB, available_memory=35.242 GB)
result[(4, 7, 0, 0), 0] = ModuleProfileResult(compute_cost=0.063, peak_memory=4.060 GB, invar_size=0.683 GB, outvar_size=0.281 GB, temp_buffer_size=3.096 GB, available_memory=35.242 GB)
result[(4, 7, 0, 1), 0] = ModuleProfileResult(compute_cost=0.063, peak_memory=4.060 GB, invar_size=0.683 GB, outvar_size=0.281 GB, temp_buffer_size=3.096 GB, available_memory=35.242 GB)
result[(3, 7, 0, 0), 1] = ModuleProfileResult(compute_cost=0.339, peak_memory=15.996 GB, invar_size=1.836 GB, outvar_size=0.777 GB, temp_buffer_size=14.066 GB, available_memory=35.242 GB)
result[(4, 7, 0, 0), 1] = ModuleProfileResult(compute_cost=0.290, peak_memory=15.760 GB, invar_size=1.689 GB, outvar_size=0.751 GB, temp_buffer_size=13.977 GB, available_memory=35.242 GB)
result[(3, 7, 0, 1), 1] = ModuleProfileResult(compute_cost=0.339, peak_memory=15.996 GB, invar_size=1.836 GB, outvar_size=0.777 GB, temp_buffer_size=14.066 GB, available_memory=35.242 GB)
result[(4, 7, 0, 1), 1] = ModuleProfileResult(compute_cost=0.290, peak_memory=15.760 GB, invar_size=1.689 GB, outvar_size=0.751 GB, temp_buffer_size=13.977 GB, available_memory=35.242 GB)
Profiling for submesh 0 (1, 1) takes 44.48 seconds
--------------------------------------------------
Profile result saved to: profile-results-2023-11-17-15-18-54.npy
----------------------------------------------------------------------
Result forward_stage_layer_ids: [[0, 1, 2, 3, 4, 5, 6, 7]]
Result mesh_shapes: [(1, 2)]
Result logical_mesh_shapes: [(2, 1)]
Result autosharding_option_dicts: [{'force_batch_dim_to_mesh_dim': 0}]
 - Compile (driver): 99.89 s
compilation time breakdown: {'stage-construction': '78.73', 'stage-construction-dp': '1.32', 'stage-construction-compilation': '20.55', 'stage-construction-profiling': '30.41'}
 - Compile (worker): 15.92 s
[I] Training process warmup (2 rounds) with dummy input batch...
    - Warmup iteration: 1/2
    - Warmup iteration: 2/2
[I] Ready to perform training process.
[I] Benchmark the training process with entire dataset and profile with driver overhead...
    - Iteration 1 / 5 is performed...
    - Iteration 2 / 5 is performed...
    - Iteration 3 / 5 is performed...
    - Iteration 4 / 5 is performed...
 - Benchmark: 121.63 s

[18.58932876586914, 16.79929494857788, 16.772491216659546, 16.770267486572266, 16.76876926422119, 16.76941180229187, 16.766666650772095]


[I] Performance metrics:
 - Iteration count: 5.
 - Total e2e training time : 84.421 s.
 - Average e2e iteration time: 16.884000778198242 s.
 - Total local training time: 83.84800720214844 s.
 - Average local iteration time: 16.770000457763672 s.
 - Max allocated memory among devices: 16.268 GB.
 - Compilation times:  {'stage-construction': 78.72719407081604, 'stage-construction-dp': 1.3150410652160645, 'stage-construction-compilation': 20.548341989517212, 'stage-construction-profiling': 30.408143281936646}
 - Metadata:  []
 - Is need save result:  True

[TMP] Current profiling results of key `1_a40_1_n_2_d`: 16.769521713256836
[TMP] Updated profiling results stored in `./jaxpr/prof_log/optimal/moe_690M_1024.pkl`...
