
------------------------------------------------------------------
- (1/3) Profiling moe_1.3B with batch size: 256...
------------------------------------------------------------------
[TMP] Existed profiling results in `./jaxpr/prof_log/optimal/moe_1.3B_256.pkl`, updating/rewriting it...
[I] Ray Cluster & Alpa backend initialization is completed.
[I] Device Info:
    - Devices num per node: 2
    - Nodes num: 2
[I] Loading flax model....
[I] Model 'moe' loads sucessfully. Model Info: 

FlaxMoEForLMModule(
    # attributes
    config = <model.moe_model.MoEConfig object at 0x7fd0f82fedc0>
    dtype = float16
    bias_init = zeros
) 

[I] Manually constructing dummy batch...
[I] Initialize training state...
[I] Training state initialization is completed.
[I] Constructing Alpa parallelized train step func...
[I] Alpa parallelized train step func construction is completed.
-------------------- Automatic stage clustering --------------------
submesh_choices: ((1, 1), (1, 2), (2, 2))
- Profiling for submesh 2 (2, 2):
- Generate all stage infos (Jaxpr -> HLO)
- Compile all stages
- Profile all stages
result[(0, 7, 2, 0), 0] = ModuleProfileResult(compute_cost=0.033, peak_memory=2.494 GB, invar_size=2.201 GB, outvar_size=0.041 GB, temp_buffer_size=0.252 GB, available_memory=17.402 GB)
result[(0, 7, 2, 1), 0] = ModuleProfileResult(compute_cost=0.054, peak_memory=1.531 GB, invar_size=1.101 GB, outvar_size=0.041 GB, temp_buffer_size=0.389 GB, available_memory=17.402 GB)
result[(0, 7, 2, 2), 0] = ModuleProfileResult(compute_cost=0.066, peak_memory=1.017 GB, invar_size=0.724 GB, outvar_size=0.041 GB, temp_buffer_size=0.252 GB, available_memory=17.402 GB)
result[(0, 7, 2, 0), 1] = ModuleProfileResult(compute_cost=0.238, peak_memory=7.705 GB, invar_size=5.150 GB, outvar_size=2.554 GB, temp_buffer_size=2.555 GB, available_memory=17.402 GB)
result[(0, 7, 2, 1), 1] = ModuleProfileResult(compute_cost=0.332, peak_memory=4.284 GB, invar_size=2.596 GB, outvar_size=1.277 GB, temp_buffer_size=1.688 GB, available_memory=17.402 GB)
result[(0, 7, 2, 2), 1] = ModuleProfileResult(compute_cost=0.203, peak_memory=3.225 GB, invar_size=1.775 GB, outvar_size=0.867 GB, temp_buffer_size=1.450 GB, available_memory=17.402 GB)
Profiling for submesh 2 (2, 2) takes 84.83 seconds
--------------------------------------------------
- Profiling for submesh 1 (1, 2):
- Generate all stage infos (Jaxpr -> HLO)
- Compile all stages
- Profile all stages
result[(0, 3, 1, 2), 0] = ModuleProfileResult(compute_cost=0.046, peak_memory=1.249 GB, invar_size=0.698 GB, outvar_size=0.047 GB, temp_buffer_size=0.504 GB, available_memory=17.580 GB)
result[(1, 4, 1, 0), 0] = ModuleProfileResult(compute_cost=0.035, peak_memory=1.694 GB, invar_size=1.260 GB, outvar_size=0.047 GB, temp_buffer_size=0.387 GB, available_memory=17.580 GB)
result[(0, 3, 1, 0), 0] = ModuleProfileResult(compute_cost=0.036, peak_memory=1.811 GB, invar_size=1.260 GB, outvar_size=0.047 GB, temp_buffer_size=0.504 GB, available_memory=17.580 GB)
result[(0, 3, 1, 1), 0] = ModuleProfileResult(compute_cost=0.091, peak_memory=1.201 GB, invar_size=0.630 GB, outvar_size=0.082 GB, temp_buffer_size=0.488 GB, available_memory=17.580 GB)
result[(1, 4, 1, 2), 0] = ModuleProfileResult(compute_cost=0.045, peak_memory=1.131 GB, invar_size=0.698 GB, outvar_size=0.047 GB, temp_buffer_size=0.387 GB, available_memory=17.580 GB)
result[(1, 4, 1, 1), 0] = ModuleProfileResult(compute_cost=0.096, peak_memory=1.140 GB, invar_size=0.648 GB, outvar_size=0.094 GB, temp_buffer_size=0.399 GB, available_memory=17.580 GB)
result[(1, 5, 1, 0), 0] = ModuleProfileResult(compute_cost=0.043, peak_memory=2.013 GB, invar_size=1.568 GB, outvar_size=0.059 GB, temp_buffer_size=0.387 GB, available_memory=17.580 GB)
result[(1, 5, 1, 1), 0] = ModuleProfileResult(compute_cost=0.119, peak_memory=1.318 GB, invar_size=0.802 GB, outvar_size=0.117 GB, temp_buffer_size=0.399 GB, available_memory=17.580 GB)
result[(0, 3, 1, 0), 1] = ModuleProfileResult(compute_cost=0.113, peak_memory=4.832 GB, invar_size=2.568 GB, outvar_size=1.260 GB, temp_buffer_size=2.264 GB, available_memory=17.580 GB)
result[(0, 3, 1, 2), 1] = ModuleProfileResult(compute_cost=0.122, peak_memory=3.707 GB, invar_size=1.443 GB, outvar_size=0.698 GB, temp_buffer_size=2.264 GB, available_memory=17.580 GB)
result[(0, 3, 1, 1), 1] = ModuleProfileResult(compute_cost=0.213, peak_memory=4.001 GB, invar_size=1.354 GB, outvar_size=0.630 GB, temp_buffer_size=2.647 GB, available_memory=17.580 GB)
result[(2, 5, 1, 0), 0] = ModuleProfileResult(compute_cost=0.035, peak_memory=1.694 GB, invar_size=1.260 GB, outvar_size=0.047 GB, temp_buffer_size=0.387 GB, available_memory=17.580 GB)
result[(1, 4, 1, 1), 1] = ModuleProfileResult(compute_cost=0.221, peak_memory=4.163 GB, invar_size=1.366 GB, outvar_size=0.648 GB, temp_buffer_size=2.774 GB, available_memory=17.580 GB)
result[(2, 5, 1, 1), 0] = ModuleProfileResult(compute_cost=0.096, peak_memory=1.140 GB, invar_size=0.648 GB, outvar_size=0.094 GB, temp_buffer_size=0.399 GB, available_memory=17.580 GB)
result[(1, 4, 1, 0), 1] = ModuleProfileResult(compute_cost=0.114, peak_memory=4.772 GB, invar_size=2.555 GB, outvar_size=1.260 GB, temp_buffer_size=2.205 GB, available_memory=17.580 GB)
result[(1, 4, 1, 2), 1] = ModuleProfileResult(compute_cost=0.122, peak_memory=3.671 GB, invar_size=1.442 GB, outvar_size=0.698 GB, temp_buffer_size=2.217 GB, available_memory=17.580 GB)
result[(1, 5, 1, 2), 0] = ModuleProfileResult(compute_cost=0.055, peak_memory=1.310 GB, invar_size=0.865 GB, outvar_size=0.059 GB, temp_buffer_size=0.387 GB, available_memory=17.580 GB)
result[(2, 5, 1, 2), 0] = ModuleProfileResult(compute_cost=0.045, peak_memory=1.131 GB, invar_size=0.698 GB, outvar_size=0.047 GB, temp_buffer_size=0.387 GB, available_memory=17.580 GB)
result[(1, 5, 1, 0), 1] = ModuleProfileResult(compute_cost=0.141, peak_memory=5.411 GB, invar_size=3.182 GB, outvar_size=1.568 GB, temp_buffer_size=2.217 GB, available_memory=17.580 GB)
result[(2, 6, 1, 0), 0] = ModuleProfileResult(compute_cost=0.043, peak_memory=2.013 GB, invar_size=1.568 GB, outvar_size=0.059 GB, temp_buffer_size=0.387 GB, available_memory=17.580 GB)
result[(3, 6, 1, 0), 0] = ModuleProfileResult(compute_cost=0.035, peak_memory=1.694 GB, invar_size=1.260 GB, outvar_size=0.047 GB, temp_buffer_size=0.387 GB, available_memory=17.580 GB)
result[(2, 5, 1, 0), 1] = ModuleProfileResult(compute_cost=0.114, peak_memory=4.784 GB, invar_size=2.555 GB, outvar_size=1.260 GB, temp_buffer_size=2.217 GB, available_memory=17.580 GB)
result[(2, 5, 1, 1), 1] = ModuleProfileResult(compute_cost=0.221, peak_memory=4.093 GB, invar_size=1.366 GB, outvar_size=0.648 GB, temp_buffer_size=2.704 GB, available_memory=17.580 GB)
result[(2, 6, 1, 1), 0] = ModuleProfileResult(compute_cost=0.119, peak_memory=1.318 GB, invar_size=0.802 GB, outvar_size=0.117 GB, temp_buffer_size=0.399 GB, available_memory=17.580 GB)
result[(2, 6, 1, 2), 0] = ModuleProfileResult(compute_cost=0.055, peak_memory=1.310 GB, invar_size=0.865 GB, outvar_size=0.059 GB, temp_buffer_size=0.387 GB, available_memory=17.580 GB)
result[(1, 5, 1, 1), 1] = ModuleProfileResult(compute_cost=0.274, peak_memory=4.544 GB, invar_size=1.697 GB, outvar_size=0.801 GB, temp_buffer_size=2.824 GB, available_memory=17.580 GB)
result[(3, 6, 1, 1), 0] = ModuleProfileResult(compute_cost=0.096, peak_memory=1.140 GB, invar_size=0.648 GB, outvar_size=0.094 GB, temp_buffer_size=0.399 GB, available_memory=17.580 GB)
result[(1, 5, 1, 2), 1] = ModuleProfileResult(compute_cost=0.151, peak_memory=4.005 GB, invar_size=1.776 GB, outvar_size=0.865 GB, temp_buffer_size=2.217 GB, available_memory=17.580 GB)
result[(2, 5, 1, 2), 1] = ModuleProfileResult(compute_cost=0.122, peak_memory=3.659 GB, invar_size=1.430 GB, outvar_size=0.698 GB, temp_buffer_size=2.217 GB, available_memory=17.580 GB)
result[(4, 7, 1, 0), 0] = ModuleProfileResult(compute_cost=0.027, peak_memory=1.375 GB, invar_size=0.952 GB, outvar_size=0.035 GB, temp_buffer_size=0.387 GB, available_memory=17.580 GB)
result[(3, 6, 1, 2), 0] = ModuleProfileResult(compute_cost=0.045, peak_memory=1.131 GB, invar_size=0.698 GB, outvar_size=0.047 GB, temp_buffer_size=0.387 GB, available_memory=17.580 GB)
result[(4, 7, 1, 1), 0] = ModuleProfileResult(compute_cost=0.074, peak_memory=0.963 GB, invar_size=0.494 GB, outvar_size=0.070 GB, temp_buffer_size=0.399 GB, available_memory=17.580 GB)
result[(3, 6, 1, 0), 1] = ModuleProfileResult(compute_cost=0.114, peak_memory=4.784 GB, invar_size=2.555 GB, outvar_size=1.260 GB, temp_buffer_size=2.217 GB, available_memory=17.580 GB)
result[(4, 7, 1, 2), 0] = ModuleProfileResult(compute_cost=0.034, peak_memory=0.953 GB, invar_size=0.530 GB, outvar_size=0.035 GB, temp_buffer_size=0.387 GB, available_memory=17.580 GB)
result[(2, 6, 1, 0), 1] = ModuleProfileResult(compute_cost=0.141, peak_memory=5.411 GB, invar_size=3.182 GB, outvar_size=1.568 GB, temp_buffer_size=2.217 GB, available_memory=17.580 GB)
result[(3, 6, 1, 1), 1] = ModuleProfileResult(compute_cost=0.221, peak_memory=4.141 GB, invar_size=1.366 GB, outvar_size=0.648 GB, temp_buffer_size=2.752 GB, available_memory=17.580 GB)
result[(2, 6, 1, 2), 1] = ModuleProfileResult(compute_cost=0.151, peak_memory=4.005 GB, invar_size=1.776 GB, outvar_size=0.865 GB, temp_buffer_size=2.217 GB, available_memory=17.580 GB)
result[(2, 6, 1, 1), 1] = ModuleProfileResult(compute_cost=0.274, peak_memory=4.567 GB, invar_size=1.697 GB, outvar_size=0.801 GB, temp_buffer_size=2.847 GB, available_memory=17.580 GB)
result[(4, 7, 1, 0), 1] = ModuleProfileResult(compute_cost=0.128, peak_memory=5.536 GB, invar_size=2.635 GB, outvar_size=1.306 GB, temp_buffer_size=2.889 GB, available_memory=17.580 GB)
result[(3, 6, 1, 2), 1] = ModuleProfileResult(compute_cost=0.122, peak_memory=3.659 GB, invar_size=1.430 GB, outvar_size=0.698 GB, temp_buffer_size=2.217 GB, available_memory=17.580 GB)
result[(4, 7, 1, 1), 1] = ModuleProfileResult(compute_cost=0.238, peak_memory=4.385 GB, invar_size=1.388 GB, outvar_size=0.671 GB, temp_buffer_size=2.973 GB, available_memory=17.580 GB)
result[(4, 7, 1, 2), 1] = ModuleProfileResult(compute_cost=0.140, peak_memory=4.377 GB, invar_size=1.464 GB, outvar_size=0.720 GB, temp_buffer_size=2.901 GB, available_memory=17.580 GB)
Profiling for submesh 1 (1, 2) takes 65.15 seconds
--------------------------------------------------
- Profiling for submesh 0 (1, 1):
- Generate all stage infos (Jaxpr -> HLO)
- Compile all stages
- Profile all stages
result[(0, 1, 0, 0), 0] = ModuleProfileResult(compute_cost=0.037, peak_memory=1.700 GB, invar_size=0.645 GB, outvar_size=0.047 GB, temp_buffer_size=1.008 GB, available_memory=17.580 GB)
result[(0, 1, 0, 1), 0] = ModuleProfileResult(compute_cost=0.037, peak_memory=1.700 GB, invar_size=0.645 GB, outvar_size=0.047 GB, temp_buffer_size=1.008 GB, available_memory=17.580 GB)
result[(2, 3, 0, 0), 0] = ModuleProfileResult(compute_cost=0.032, peak_memory=1.460 GB, invar_size=0.639 GB, outvar_size=0.047 GB, temp_buffer_size=0.774 GB, available_memory=17.580 GB)
result[(1, 2, 0, 1), 0] = ModuleProfileResult(compute_cost=0.032, peak_memory=1.460 GB, invar_size=0.639 GB, outvar_size=0.047 GB, temp_buffer_size=0.774 GB, available_memory=17.580 GB)
result[(2, 3, 0, 1), 0] = ModuleProfileResult(compute_cost=0.032, peak_memory=1.460 GB, invar_size=0.639 GB, outvar_size=0.047 GB, temp_buffer_size=0.774 GB, available_memory=17.580 GB)
result[(1, 2, 0, 0), 0] = ModuleProfileResult(compute_cost=0.032, peak_memory=1.460 GB, invar_size=0.639 GB, outvar_size=0.047 GB, temp_buffer_size=0.774 GB, available_memory=17.580 GB)
result[(3, 4, 0, 0), 0] = ModuleProfileResult(compute_cost=0.035, peak_memory=1.477 GB, invar_size=0.656 GB, outvar_size=0.047 GB, temp_buffer_size=0.774 GB, available_memory=17.580 GB)
result[(1, 2, 0, 0), 1] = ModuleProfileResult(compute_cost=0.092, peak_memory=5.575 GB, invar_size=1.301 GB, outvar_size=0.639 GB, temp_buffer_size=4.250 GB, available_memory=17.580 GB)
result[(0, 1, 0, 0), 1] = ModuleProfileResult(compute_cost=0.100, peak_memory=6.123 GB, invar_size=1.337 GB, outvar_size=0.645 GB, temp_buffer_size=4.786 GB, available_memory=17.580 GB)
result[(0, 1, 0, 1), 1] = ModuleProfileResult(compute_cost=0.100, peak_memory=6.123 GB, invar_size=1.337 GB, outvar_size=0.645 GB, temp_buffer_size=4.786 GB, available_memory=17.580 GB)
result[(2, 3, 0, 0), 1] = ModuleProfileResult(compute_cost=0.092, peak_memory=5.575 GB, invar_size=1.301 GB, outvar_size=0.639 GB, temp_buffer_size=4.250 GB, available_memory=17.580 GB)
result[(1, 2, 0, 1), 1] = ModuleProfileResult(compute_cost=0.092, peak_memory=5.575 GB, invar_size=1.301 GB, outvar_size=0.639 GB, temp_buffer_size=4.250 GB, available_memory=17.580 GB)
result[(2, 3, 0, 1), 1] = ModuleProfileResult(compute_cost=0.092, peak_memory=5.575 GB, invar_size=1.301 GB, outvar_size=0.639 GB, temp_buffer_size=4.250 GB, available_memory=17.580 GB)
result[(3, 4, 0, 0), 1] = ModuleProfileResult(compute_cost=0.101, peak_memory=5.887 GB, invar_size=1.336 GB, outvar_size=0.656 GB, temp_buffer_size=4.527 GB, available_memory=17.580 GB)
result[(3, 4, 0, 1), 0] = ModuleProfileResult(compute_cost=0.035, peak_memory=1.477 GB, invar_size=0.656 GB, outvar_size=0.047 GB, temp_buffer_size=0.774 GB, available_memory=17.580 GB)
result[(4, 5, 0, 0), 0] = ModuleProfileResult(compute_cost=0.035, peak_memory=1.477 GB, invar_size=0.656 GB, outvar_size=0.047 GB, temp_buffer_size=0.774 GB, available_memory=17.580 GB)
result[(4, 5, 0, 1), 0] = ModuleProfileResult(compute_cost=0.035, peak_memory=1.477 GB, invar_size=0.656 GB, outvar_size=0.047 GB, temp_buffer_size=0.774 GB, available_memory=17.580 GB)
result[(5, 6, 0, 0), 0] = ModuleProfileResult(compute_cost=0.032, peak_memory=1.460 GB, invar_size=0.639 GB, outvar_size=0.047 GB, temp_buffer_size=0.774 GB, available_memory=17.580 GB)
result[(6, 7, 0, 0), 0] = ModuleProfileResult(compute_cost=0.016, peak_memory=1.129 GB, invar_size=0.331 GB, outvar_size=0.023 GB, temp_buffer_size=0.774 GB, available_memory=17.580 GB)
result[(6, 7, 0, 1), 0] = ModuleProfileResult(compute_cost=0.016, peak_memory=1.129 GB, invar_size=0.331 GB, outvar_size=0.023 GB, temp_buffer_size=0.774 GB, available_memory=17.580 GB)
result[(5, 6, 0, 1), 0] = ModuleProfileResult(compute_cost=0.032, peak_memory=1.460 GB, invar_size=0.639 GB, outvar_size=0.047 GB, temp_buffer_size=0.774 GB, available_memory=17.580 GB)
result[(3, 4, 0, 1), 1] = ModuleProfileResult(compute_cost=0.101, peak_memory=5.887 GB, invar_size=1.336 GB, outvar_size=0.656 GB, temp_buffer_size=4.527 GB, available_memory=17.580 GB)
result[(4, 5, 0, 0), 1] = ModuleProfileResult(compute_cost=0.101, peak_memory=6.240 GB, invar_size=1.336 GB, outvar_size=0.656 GB, temp_buffer_size=4.881 GB, available_memory=17.580 GB)
result[(4, 5, 0, 1), 1] = ModuleProfileResult(compute_cost=0.101, peak_memory=6.240 GB, invar_size=1.336 GB, outvar_size=0.656 GB, temp_buffer_size=4.881 GB, available_memory=17.580 GB)
result[(5, 6, 0, 0), 1] = ModuleProfileResult(compute_cost=0.092, peak_memory=5.762 GB, invar_size=1.301 GB, outvar_size=0.639 GB, temp_buffer_size=4.438 GB, available_memory=17.580 GB)
result[(5, 6, 0, 1), 1] = ModuleProfileResult(compute_cost=0.092, peak_memory=5.762 GB, invar_size=1.301 GB, outvar_size=0.639 GB, temp_buffer_size=4.438 GB, available_memory=17.580 GB)
result[(6, 7, 0, 0), 1] = ModuleProfileResult(compute_cost=0.118, peak_memory=7.195 GB, invar_size=1.369 GB, outvar_size=0.685 GB, temp_buffer_size=5.802 GB, available_memory=17.580 GB)
result[(6, 7, 0, 1), 1] = ModuleProfileResult(compute_cost=0.118, peak_memory=7.195 GB, invar_size=1.369 GB, outvar_size=0.685 GB, temp_buffer_size=5.802 GB, available_memory=17.580 GB)
Profiling for submesh 0 (1, 1) takes 23.05 seconds
--------------------------------------------------
Profile result saved to: profile-results-2023-11-17-02-56-18.npy
----------------------------------------------------------------------
Result forward_stage_layer_ids: [[0, 1], [2, 3], [4, 5], [6, 7]]
Result mesh_shapes: [(1, 1), (1, 1), (1, 1), (1, 1)]
Result logical_mesh_shapes: [(1, 1), (1, 1), (1, 1), (1, 1)]
Result autosharding_option_dicts: [{'force_batch_dim_to_mesh_dim': 0}, {'force_batch_dim_to_mesh_dim': 0}, {}, {}]
 - Compile (driver): 206.75 s
compilation time breakdown: {'stage-construction': '176.42', 'stage-construction-dp': '1.15', 'stage-construction-compilation': '88.66', 'stage-construction-profiling': '41.65'}
 - Compile (worker): 7.21 s
[I] Training process warmup (2 rounds) with dummy input batch...
    - Warmup iteration: 1/2
    - Warmup iteration: 2/2
[I] Ready to perform training process.
[I] Benchmark the training process with entire dataset and profile with driver overhead...
    - Iteration 1 / 5 is performed...
    - Iteration 2 / 5 is performed...
    - Iteration 3 / 5 is performed...
    - Iteration 4 / 5 is performed...
 - Benchmark: 56.24 s

[11.483942985534668, 6.880127668380737, 6.99403715133667, 7.050081491470337, 6.9244606494903564, 7.066751003265381, 6.943036794662476]


[I] Performance metrics:
 - Iteration count: 5.
 - Total e2e training time : 36.357 s.
 - Average e2e iteration time: 7.271000385284424 s.
 - Total local training time: 34.97800064086914 s.
 - Average local iteration time: 6.996000289916992 s.
 - Max allocated memory among devices: 9.224 GB.
 - Compilation times:  {'stage-construction': 176.42002773284912, 'stage-construction-dp': 1.150167465209961, 'stage-construction-compilation': 88.6636700630188, 'stage-construction-profiling': 41.647305488586426}
 - Metadata:  []
 - Is need save result:  True

[TMP] Current profiling results of key `2_a10_2_n_2_d`: 6.995673656463623
[TMP] Updated profiling results stored in `./jaxpr/prof_log/optimal/moe_1.3B_256.pkl`...

------------------------------------------------------------------
- (2/3) Profiling moe_1.3B with batch size: 512...
------------------------------------------------------------------
[TMP] Existed profiling results in `./jaxpr/prof_log/optimal/moe_1.3B_512.pkl`, updating/rewriting it...
[I] Ray Cluster & Alpa backend initialization is completed.
[I] Device Info:
    - Devices num per node: 2
    - Nodes num: 2
[I] Loading flax model....
[I] Model 'moe' loads sucessfully. Model Info: 

FlaxMoEForLMModule(
    # attributes
    config = <model.moe_model.MoEConfig object at 0x7f1973e1a2b0>
    dtype = float16
    bias_init = zeros
) 

[I] Manually constructing dummy batch...
[I] Initialize training state...
[I] Training state initialization is completed.
[I] Constructing Alpa parallelized train step func...
[I] Alpa parallelized train step func construction is completed.
-------------------- Automatic stage clustering --------------------
submesh_choices: ((1, 1), (1, 2), (2, 2))
- Profiling for submesh 2 (2, 2):
- Generate all stage infos (Jaxpr -> HLO)
- Compile all stages
- Profile all stages
result[(0, 7, 2, 0), 0] = ModuleProfileResult(compute_cost=0.063, peak_memory=2.787 GB, invar_size=2.201 GB, outvar_size=0.082 GB, temp_buffer_size=0.504 GB, available_memory=17.402 GB)
result[(0, 7, 2, 1), 0] = ModuleProfileResult(compute_cost=0.092, peak_memory=1.722 GB, invar_size=1.109 GB, outvar_size=0.082 GB, temp_buffer_size=0.532 GB, available_memory=17.402 GB)
result[(0, 7, 2, 2), 0] = ModuleProfileResult(compute_cost=0.123, peak_memory=1.310 GB, invar_size=0.725 GB, outvar_size=0.082 GB, temp_buffer_size=0.504 GB, available_memory=17.402 GB)
result[(0, 7, 2, 0), 1] = ModuleProfileResult(compute_cost=0.341, peak_memory=8.092 GB, invar_size=5.191 GB, outvar_size=2.554 GB, temp_buffer_size=2.901 GB, available_memory=17.402 GB)
result[(0, 7, 2, 1), 1] = ModuleProfileResult(compute_cost=0.499, peak_memory=6.472 GB, invar_size=2.655 GB, outvar_size=1.286 GB, temp_buffer_size=3.818 GB, available_memory=17.402 GB)
result[(0, 7, 2, 2), 1] = ModuleProfileResult(compute_cost=0.369, peak_memory=4.717 GB, invar_size=1.816 GB, outvar_size=0.867 GB, temp_buffer_size=2.901 GB, available_memory=17.402 GB)
Profiling for submesh 2 (2, 2) takes 82.00 seconds
--------------------------------------------------
- Profiling for submesh 1 (1, 2):
- Generate all stage infos (Jaxpr -> HLO)
- Compile all stages
- Profile all stages
result[(1, 4, 1, 2), 0] = ModuleProfileResult(compute_cost=0.085, peak_memory=1.577 GB, invar_size=0.709 GB, outvar_size=0.094 GB, temp_buffer_size=0.774 GB, available_memory=17.580 GB)
result[(1, 4, 1, 1), 0] = ModuleProfileResult(compute_cost=0.187, peak_memory=1.657 GB, invar_size=0.671 GB, outvar_size=0.188 GB, temp_buffer_size=0.798 GB, available_memory=17.580 GB)
result[(1, 5, 1, 0), 0] = ModuleProfileResult(compute_cost=0.082, peak_memory=2.471 GB, invar_size=1.579 GB, outvar_size=0.117 GB, temp_buffer_size=0.774 GB, available_memory=17.580 GB)
result[(0, 3, 1, 2), 0] = ModuleProfileResult(compute_cost=0.087, peak_memory=1.800 GB, invar_size=0.698 GB, outvar_size=0.094 GB, temp_buffer_size=1.008 GB, available_memory=17.580 GB)
result[(1, 5, 1, 1), 0] = ModuleProfileResult(compute_cost=0.231, peak_memory=1.857 GB, invar_size=0.825 GB, outvar_size=0.234 GB, temp_buffer_size=0.798 GB, available_memory=17.580 GB)
result[(0, 3, 1, 0), 0] = ModuleProfileResult(compute_cost=0.068, peak_memory=2.362 GB, invar_size=1.261 GB, outvar_size=0.094 GB, temp_buffer_size=1.008 GB, available_memory=17.580 GB)
result[(1, 4, 1, 0), 0] = ModuleProfileResult(compute_cost=0.067, peak_memory=2.140 GB, invar_size=1.272 GB, outvar_size=0.094 GB, temp_buffer_size=0.774 GB, available_memory=17.580 GB)
result[(0, 3, 1, 1), 0] = ModuleProfileResult(compute_cost=0.175, peak_memory=1.771 GB, invar_size=0.631 GB, outvar_size=0.164 GB, temp_buffer_size=0.977 GB, available_memory=17.580 GB)
result[(1, 4, 1, 0), 1] = ModuleProfileResult(compute_cost=0.205, peak_memory=7.048 GB, invar_size=2.614 GB, outvar_size=1.272 GB, temp_buffer_size=4.411 GB, available_memory=17.580 GB)
result[(1, 4, 1, 1), 1] = ModuleProfileResult(compute_cost=0.430, peak_memory=7.076 GB, invar_size=1.483 GB, outvar_size=0.671 GB, temp_buffer_size=5.546 GB, available_memory=17.580 GB)
result[(1, 4, 1, 2), 1] = ModuleProfileResult(compute_cost=0.232, peak_memory=5.970 GB, invar_size=1.512 GB, outvar_size=0.709 GB, temp_buffer_size=4.434 GB, available_memory=17.580 GB)
result[(2, 5, 1, 0), 0] = ModuleProfileResult(compute_cost=0.067, peak_memory=2.140 GB, invar_size=1.272 GB, outvar_size=0.094 GB, temp_buffer_size=0.774 GB, available_memory=17.580 GB)
result[(0, 3, 1, 1), 1] = ModuleProfileResult(compute_cost=0.414, peak_memory=6.738 GB, invar_size=1.448 GB, outvar_size=0.630 GB, temp_buffer_size=5.290 GB, available_memory=17.580 GB)
result[(0, 3, 1, 0), 1] = ModuleProfileResult(compute_cost=0.204, peak_memory=7.143 GB, invar_size=2.615 GB, outvar_size=1.260 GB, temp_buffer_size=4.528 GB, available_memory=17.580 GB)
result[(1, 5, 1, 2), 0] = ModuleProfileResult(compute_cost=0.106, peak_memory=1.768 GB, invar_size=0.876 GB, outvar_size=0.117 GB, temp_buffer_size=0.774 GB, available_memory=17.580 GB)
result[(0, 3, 1, 2), 1] = ModuleProfileResult(compute_cost=0.230, peak_memory=6.018 GB, invar_size=1.490 GB, outvar_size=0.698 GB, temp_buffer_size=4.528 GB, available_memory=17.580 GB)
result[(2, 5, 1, 1), 0] = ModuleProfileResult(compute_cost=0.187, peak_memory=1.657 GB, invar_size=0.671 GB, outvar_size=0.188 GB, temp_buffer_size=0.798 GB, available_memory=17.580 GB)
result[(2, 5, 1, 2), 0] = ModuleProfileResult(compute_cost=0.085, peak_memory=1.577 GB, invar_size=0.709 GB, outvar_size=0.094 GB, temp_buffer_size=0.774 GB, available_memory=17.580 GB)
result[(1, 5, 1, 0), 1] = ModuleProfileResult(compute_cost=0.254, peak_memory=7.710 GB, invar_size=3.253 GB, outvar_size=1.579 GB, temp_buffer_size=4.434 GB, available_memory=17.580 GB)
result[(2, 6, 1, 0), 0] = ModuleProfileResult(compute_cost=0.082, peak_memory=2.471 GB, invar_size=1.579 GB, outvar_size=0.117 GB, temp_buffer_size=0.774 GB, available_memory=17.580 GB)
result[(2, 5, 1, 0), 1] = ModuleProfileResult(compute_cost=0.205, peak_memory=7.071 GB, invar_size=2.614 GB, outvar_size=1.272 GB, temp_buffer_size=4.434 GB, available_memory=17.580 GB)
result[(3, 6, 1, 0), 0] = ModuleProfileResult(compute_cost=0.067, peak_memory=2.140 GB, invar_size=1.272 GB, outvar_size=0.094 GB, temp_buffer_size=0.774 GB, available_memory=17.580 GB)
result[(2, 5, 1, 1), 1] = ModuleProfileResult(compute_cost=0.430, peak_memory=6.935 GB, invar_size=1.483 GB, outvar_size=0.671 GB, temp_buffer_size=5.406 GB, available_memory=17.580 GB)
result[(3, 6, 1, 1), 0] = ModuleProfileResult(compute_cost=0.187, peak_memory=1.657 GB, invar_size=0.671 GB, outvar_size=0.188 GB, temp_buffer_size=0.798 GB, available_memory=17.580 GB)
result[(2, 6, 1, 2), 0] = ModuleProfileResult(compute_cost=0.106, peak_memory=1.768 GB, invar_size=0.876 GB, outvar_size=0.117 GB, temp_buffer_size=0.774 GB, available_memory=17.580 GB)
result[(2, 6, 1, 1), 0] = ModuleProfileResult(compute_cost=0.231, peak_memory=1.857 GB, invar_size=0.825 GB, outvar_size=0.234 GB, temp_buffer_size=0.798 GB, available_memory=17.580 GB)
result[(1, 5, 1, 1), 1] = ModuleProfileResult(compute_cost=0.533, peak_memory=7.528 GB, invar_size=1.837 GB, outvar_size=0.825 GB, temp_buffer_size=5.644 GB, available_memory=17.580 GB)
result[(1, 5, 1, 2), 1] = ModuleProfileResult(compute_cost=0.287, peak_memory=6.304 GB, invar_size=1.846 GB, outvar_size=0.876 GB, temp_buffer_size=4.434 GB, available_memory=17.580 GB)
result[(4, 7, 1, 0), 0] = ModuleProfileResult(compute_cost=0.051, peak_memory=1.808 GB, invar_size=0.964 GB, outvar_size=0.070 GB, temp_buffer_size=0.774 GB, available_memory=17.580 GB)
result[(2, 5, 1, 2), 1] = ModuleProfileResult(compute_cost=0.232, peak_memory=5.946 GB, invar_size=1.489 GB, outvar_size=0.709 GB, temp_buffer_size=4.434 GB, available_memory=17.580 GB)
result[(3, 6, 1, 2), 0] = ModuleProfileResult(compute_cost=0.085, peak_memory=1.577 GB, invar_size=0.709 GB, outvar_size=0.094 GB, temp_buffer_size=0.774 GB, available_memory=17.580 GB)
result[(4, 7, 1, 1), 0] = ModuleProfileResult(compute_cost=0.143, peak_memory=1.456 GB, invar_size=0.517 GB, outvar_size=0.141 GB, temp_buffer_size=0.798 GB, available_memory=17.580 GB)
result[(3, 6, 1, 0), 1] = ModuleProfileResult(compute_cost=0.205, peak_memory=7.072 GB, invar_size=2.614 GB, outvar_size=1.272 GB, temp_buffer_size=4.434 GB, available_memory=17.580 GB)
result[(4, 7, 1, 2), 0] = ModuleProfileResult(compute_cost=0.065, peak_memory=1.387 GB, invar_size=0.542 GB, outvar_size=0.070 GB, temp_buffer_size=0.774 GB, available_memory=17.580 GB)
result[(3, 6, 1, 1), 1] = ModuleProfileResult(compute_cost=0.430, peak_memory=7.030 GB, invar_size=1.483 GB, outvar_size=0.671 GB, temp_buffer_size=5.500 GB, available_memory=17.580 GB)
result[(2, 6, 1, 0), 1] = ModuleProfileResult(compute_cost=0.254, peak_memory=7.710 GB, invar_size=3.253 GB, outvar_size=1.579 GB, temp_buffer_size=4.434 GB, available_memory=17.580 GB)
result[(2, 6, 1, 1), 1] = ModuleProfileResult(compute_cost=0.533, peak_memory=7.575 GB, invar_size=1.837 GB, outvar_size=0.825 GB, temp_buffer_size=5.691 GB, available_memory=17.580 GB)
result[(2, 6, 1, 2), 1] = ModuleProfileResult(compute_cost=0.287, peak_memory=6.304 GB, invar_size=1.846 GB, outvar_size=0.876 GB, temp_buffer_size=4.434 GB, available_memory=17.580 GB)
result[(3, 6, 1, 2), 1] = ModuleProfileResult(compute_cost=0.232, peak_memory=5.947 GB, invar_size=1.489 GB, outvar_size=0.709 GB, temp_buffer_size=4.434 GB, available_memory=17.580 GB)
result[(4, 7, 1, 0), 1] = ModuleProfileResult(compute_cost=0.231, peak_memory=8.484 GB, invar_size=2.682 GB, outvar_size=1.318 GB, temp_buffer_size=5.778 GB, available_memory=17.580 GB)
result[(4, 7, 1, 1), 1] = ModuleProfileResult(compute_cost=0.462, peak_memory=7.474 GB, invar_size=1.482 GB, outvar_size=0.694 GB, temp_buffer_size=5.946 GB, available_memory=17.580 GB)
result[(4, 7, 1, 2), 1] = ModuleProfileResult(compute_cost=0.258, peak_memory=7.359 GB, invar_size=1.557 GB, outvar_size=0.755 GB, temp_buffer_size=5.778 GB, available_memory=17.580 GB)
Profiling for submesh 1 (1, 2) takes 65.80 seconds
--------------------------------------------------
- Profiling for submesh 0 (1, 1):
- Generate all stage infos (Jaxpr -> HLO)
- Compile all stages
- Profile all stages
result[(0, 1, 0, 1), 0] = ModuleProfileResult(compute_cost=0.071, peak_memory=2.755 GB, invar_size=0.645 GB, outvar_size=0.094 GB, temp_buffer_size=2.016 GB, available_memory=17.580 GB)
result[(1, 2, 0, 0), 0] = ModuleProfileResult(compute_cost=0.061, peak_memory=2.304 GB, invar_size=0.662 GB, outvar_size=0.094 GB, temp_buffer_size=1.548 GB, available_memory=17.580 GB)
result[(0, 1, 0, 0), 0] = ModuleProfileResult(compute_cost=0.071, peak_memory=2.755 GB, invar_size=0.645 GB, outvar_size=0.094 GB, temp_buffer_size=2.016 GB, available_memory=17.580 GB)
result[(1, 2, 0, 1), 0] = ModuleProfileResult(compute_cost=0.061, peak_memory=2.304 GB, invar_size=0.662 GB, outvar_size=0.094 GB, temp_buffer_size=1.548 GB, available_memory=17.580 GB)
result[(2, 3, 0, 1), 0] = ModuleProfileResult(compute_cost=0.061, peak_memory=2.304 GB, invar_size=0.662 GB, outvar_size=0.094 GB, temp_buffer_size=1.548 GB, available_memory=17.580 GB)
result[(2, 3, 0, 0), 0] = ModuleProfileResult(compute_cost=0.061, peak_memory=2.304 GB, invar_size=0.662 GB, outvar_size=0.094 GB, temp_buffer_size=1.548 GB, available_memory=17.580 GB)
result[(3, 4, 0, 0), 0] = ModuleProfileResult(compute_cost=0.068, peak_memory=2.322 GB, invar_size=0.680 GB, outvar_size=0.094 GB, temp_buffer_size=1.548 GB, available_memory=17.580 GB)
result[(1, 2, 0, 0), 1] = ModuleProfileResult(compute_cost=0.178, peak_memory=9.917 GB, invar_size=1.371 GB, outvar_size=0.662 GB, temp_buffer_size=8.498 GB, available_memory=17.580 GB)
result[(0, 1, 0, 1), 1] = ModuleProfileResult(compute_cost=0.192, peak_memory=10.956 GB, invar_size=1.384 GB, outvar_size=0.645 GB, temp_buffer_size=9.572 GB, available_memory=17.580 GB)
result[(0, 1, 0, 0), 1] = ModuleProfileResult(compute_cost=0.192, peak_memory=10.956 GB, invar_size=1.384 GB, outvar_size=0.645 GB, temp_buffer_size=9.572 GB, available_memory=17.580 GB)
result[(2, 3, 0, 1), 1] = ModuleProfileResult(compute_cost=0.178, peak_memory=9.917 GB, invar_size=1.371 GB, outvar_size=0.662 GB, temp_buffer_size=8.498 GB, available_memory=17.580 GB)
result[(2, 3, 0, 0), 1] = ModuleProfileResult(compute_cost=0.178, peak_memory=9.917 GB, invar_size=1.371 GB, outvar_size=0.662 GB, temp_buffer_size=8.498 GB, available_memory=17.580 GB)
result[(1, 2, 0, 1), 1] = ModuleProfileResult(compute_cost=0.178, peak_memory=9.917 GB, invar_size=1.371 GB, outvar_size=0.662 GB, temp_buffer_size=8.498 GB, available_memory=17.580 GB)
result[(4, 5, 0, 0), 0] = ModuleProfileResult(compute_cost=0.068, peak_memory=2.322 GB, invar_size=0.680 GB, outvar_size=0.094 GB, temp_buffer_size=1.548 GB, available_memory=17.580 GB)
result[(3, 4, 0, 1), 0] = ModuleProfileResult(compute_cost=0.068, peak_memory=2.322 GB, invar_size=0.680 GB, outvar_size=0.094 GB, temp_buffer_size=1.548 GB, available_memory=17.580 GB)
result[(3, 4, 0, 0), 1] = ModuleProfileResult(compute_cost=0.195, peak_memory=10.507 GB, invar_size=1.407 GB, outvar_size=0.680 GB, temp_buffer_size=9.054 GB, available_memory=17.580 GB)
result[(4, 5, 0, 1), 0] = ModuleProfileResult(compute_cost=0.068, peak_memory=2.322 GB, invar_size=0.680 GB, outvar_size=0.094 GB, temp_buffer_size=1.548 GB, available_memory=17.580 GB)
result[(5, 6, 0, 0), 0] = ModuleProfileResult(compute_cost=0.061, peak_memory=2.304 GB, invar_size=0.662 GB, outvar_size=0.094 GB, temp_buffer_size=1.548 GB, available_memory=17.580 GB)
result[(6, 7, 0, 0), 0] = ModuleProfileResult(compute_cost=0.030, peak_memory=1.949 GB, invar_size=0.355 GB, outvar_size=0.047 GB, temp_buffer_size=1.548 GB, available_memory=17.580 GB)
result[(6, 7, 0, 1), 0] = ModuleProfileResult(compute_cost=0.030, peak_memory=1.949 GB, invar_size=0.355 GB, outvar_size=0.047 GB, temp_buffer_size=1.548 GB, available_memory=17.580 GB)
result[(3, 4, 0, 1), 1] = ModuleProfileResult(compute_cost=0.195, peak_memory=10.507 GB, invar_size=1.407 GB, outvar_size=0.680 GB, temp_buffer_size=9.054 GB, available_memory=17.580 GB)
result[(5, 6, 0, 1), 0] = ModuleProfileResult(compute_cost=0.061, peak_memory=2.304 GB, invar_size=0.662 GB, outvar_size=0.094 GB, temp_buffer_size=1.548 GB, available_memory=17.580 GB)
result[(4, 5, 0, 0), 1] = ModuleProfileResult(compute_cost=0.195, peak_memory=11.214 GB, invar_size=1.407 GB, outvar_size=0.680 GB, temp_buffer_size=9.761 GB, available_memory=17.580 GB)
result[(4, 5, 0, 1), 1] = ModuleProfileResult(compute_cost=0.195, peak_memory=11.214 GB, invar_size=1.407 GB, outvar_size=0.680 GB, temp_buffer_size=9.761 GB, available_memory=17.580 GB)
result[(5, 6, 0, 0), 1] = ModuleProfileResult(compute_cost=0.178, peak_memory=10.292 GB, invar_size=1.371 GB, outvar_size=0.662 GB, temp_buffer_size=8.874 GB, available_memory=17.580 GB)
result[(5, 6, 0, 1), 1] = ModuleProfileResult(compute_cost=0.178, peak_memory=10.292 GB, invar_size=1.371 GB, outvar_size=0.662 GB, temp_buffer_size=8.874 GB, available_memory=17.580 GB)
result[(6, 7, 0, 1), 1] = ModuleProfileResult(compute_cost=0.228, peak_memory=13.066 GB, invar_size=1.416 GB, outvar_size=0.708 GB, temp_buffer_size=11.603 GB, available_memory=17.580 GB)
result[(6, 7, 0, 0), 1] = ModuleProfileResult(compute_cost=0.228, peak_memory=13.066 GB, invar_size=1.416 GB, outvar_size=0.708 GB, temp_buffer_size=11.603 GB, available_memory=17.580 GB)
Profiling for submesh 0 (1, 1) takes 23.00 seconds
--------------------------------------------------
Profile result saved to: profile-results-2023-11-17-03-00-57.npy
----------------------------------------------------------------------
Result forward_stage_layer_ids: [[0, 1, 2, 3], [4, 5, 6, 7]]
Result mesh_shapes: [(1, 2), (1, 2)]
Result logical_mesh_shapes: [(2, 1), (2, 1)]
Result autosharding_option_dicts: [{'force_batch_dim_to_mesh_dim': 0}, {'force_batch_dim_to_mesh_dim': 0}]
 - Compile (driver): 216.75 s
compilation time breakdown: {'stage-construction': '174.24', 'stage-construction-dp': '1.16', 'stage-construction-compilation': '85.37', 'stage-construction-profiling': '41.97'}
 - Compile (worker): 12.93 s
[I] Training process warmup (2 rounds) with dummy input batch...
    - Warmup iteration: 1/2
    - Warmup iteration: 2/2
[I] Ready to perform training process.
[I] Benchmark the training process with entire dataset and profile with driver overhead...
    - Iteration 1 / 5 is performed...
    - Iteration 2 / 5 is performed...
    - Iteration 3 / 5 is performed...
    - Iteration 4 / 5 is performed...
 - Benchmark: 93.66 s

[16.687438011169434, 12.333526372909546, 12.16266679763794, 12.143738269805908, 12.167711734771729, 12.20050859451294, 12.295942783355713]


[I] Performance metrics:
 - Iteration count: 5.
 - Total e2e training time : 62.219 s.
 - Average e2e iteration time: 12.444000244140625 s.
 - Total local training time: 60.971004486083984 s.
 - Average local iteration time: 12.194000244140625 s.
 - Max allocated memory among devices: 11.19 GB.
 - Compilation times:  {'stage-construction': 174.2402582168579, 'stage-construction-dp': 1.1637213230133057, 'stage-construction-compilation': 85.37151646614075, 'stage-construction-profiling': 41.972254276275635}
 - Metadata:  []
 - Is need save result:  True

[TMP] Current profiling results of key `2_a10_2_n_2_d`: 12.194113731384277
[TMP] Updated profiling results stored in `./jaxpr/prof_log/optimal/moe_1.3B_512.pkl`...

------------------------------------------------------------------
- (3/3) Profiling moe_1.3B with batch size: 1024...
------------------------------------------------------------------
[TMP] Profiling results not found in `./jaxpr/prof_log/optimal/moe_1.3B_1024.pkl`, creating it...
[I] Ray Cluster & Alpa backend initialization is completed.
[I] Device Info:
    - Devices num per node: 2
    - Nodes num: 2
[I] Loading flax model....
[I] Model 'moe' loads sucessfully. Model Info: 

FlaxMoEForLMModule(
    # attributes
    config = <model.moe_model.MoEConfig object at 0x7fb6b44ec970>
    dtype = float16
    bias_init = zeros
) 

[I] Manually constructing dummy batch...
[I] Initialize training state...
[I] Training state initialization is completed.
[I] Constructing Alpa parallelized train step func...
[I] Alpa parallelized train step func construction is completed.
-------------------- Automatic stage clustering --------------------
submesh_choices: ((1, 1), (1, 2), (2, 2))
- Profiling for submesh 2 (2, 2):
- Generate all stage infos (Jaxpr -> HLO)
- Compile all stages
- Profile all stages
result[(0, 7, 2, 0), 0] = ModuleProfileResult(compute_cost=0.119, peak_memory=3.373 GB, invar_size=2.201 GB, outvar_size=0.164 GB, temp_buffer_size=1.008 GB, available_memory=17.402 GB)
result[(0, 7, 2, 1), 0] = ModuleProfileResult(compute_cost=0.160, peak_memory=2.403 GB, invar_size=1.184 GB, outvar_size=0.164 GB, temp_buffer_size=1.055 GB, available_memory=17.402 GB)
result[(0, 7, 2, 2), 0] = ModuleProfileResult(compute_cost=0.221, peak_memory=1.897 GB, invar_size=0.725 GB, outvar_size=0.164 GB, temp_buffer_size=1.008 GB, available_memory=17.402 GB)
result[(0, 7, 2, 0), 1] = ModuleProfileResult(compute_cost=0.535, peak_memory=11.075 GB, invar_size=5.273 GB, outvar_size=2.554 GB, temp_buffer_size=5.801 GB, available_memory=17.402 GB)
result[(0, 7, 2, 1), 1] = ModuleProfileResult(compute_cost=0.618, peak_memory=8.738 GB, invar_size=2.913 GB, outvar_size=1.374 GB, temp_buffer_size=5.825 GB, available_memory=17.402 GB)
result[(0, 7, 2, 2), 1] = ModuleProfileResult(compute_cost=0.659, peak_memory=7.700 GB, invar_size=1.898 GB, outvar_size=0.867 GB, temp_buffer_size=5.801 GB, available_memory=17.402 GB)
Profiling for submesh 2 (2, 2) takes 82.54 seconds
--------------------------------------------------
- Profiling for submesh 1 (1, 2):
- Generate all stage infos (Jaxpr -> HLO)
- Compile all stages
- Profile all stages
result[(1, 4, 1, 2), 0] = ModuleProfileResult(compute_cost=0.165, peak_memory=2.468 GB, invar_size=0.733 GB, outvar_size=0.188 GB, temp_buffer_size=1.548 GB, available_memory=17.580 GB)
result[(1, 4, 1, 0), 0] = ModuleProfileResult(compute_cost=0.128, peak_memory=3.031 GB, invar_size=1.295 GB, outvar_size=0.188 GB, temp_buffer_size=1.548 GB, available_memory=17.580 GB)
result[(0, 3, 1, 2), 0] = ModuleProfileResult(compute_cost=0.169, peak_memory=2.901 GB, invar_size=0.698 GB, outvar_size=0.188 GB, temp_buffer_size=2.016 GB, available_memory=17.580 GB)
result[(0, 3, 1, 0), 0] = ModuleProfileResult(compute_cost=0.132, peak_memory=3.464 GB, invar_size=1.261 GB, outvar_size=0.188 GB, temp_buffer_size=2.016 GB, available_memory=17.580 GB)
result[(0, 3, 1, 1), 0] = ModuleProfileResult(compute_cost=0.342, peak_memory=2.912 GB, invar_size=0.631 GB, outvar_size=0.328 GB, temp_buffer_size=1.953 GB, available_memory=17.580 GB)
result[(1, 5, 1, 0), 0] = ModuleProfileResult(compute_cost=0.159, peak_memory=3.385 GB, invar_size=1.603 GB, outvar_size=0.234 GB, temp_buffer_size=1.548 GB, available_memory=17.580 GB)
result[(1, 4, 1, 1), 0] = ModuleProfileResult(compute_cost=0.367, peak_memory=2.689 GB, invar_size=0.718 GB, outvar_size=0.375 GB, temp_buffer_size=1.596 GB, available_memory=17.580 GB)
result[(1, 5, 1, 1), 0] = ModuleProfileResult(compute_cost=0.453, peak_memory=2.937 GB, invar_size=0.872 GB, outvar_size=0.469 GB, temp_buffer_size=1.596 GB, available_memory=17.580 GB)
result[(0, 3, 1, 0), 1] = ModuleProfileResult(compute_cost=0.382, peak_memory=11.765 GB, invar_size=2.709 GB, outvar_size=1.260 GB, temp_buffer_size=9.056 GB, available_memory=17.580 GB)
result[(1, 4, 1, 1), 1] = ModuleProfileResult(compute_cost=0.842, peak_memory=12.900 GB, invar_size=1.717 GB, outvar_size=0.718 GB, temp_buffer_size=11.089 GB, available_memory=17.580 GB)
result[(0, 3, 1, 1), 1] = ModuleProfileResult(compute_cost=0.811, peak_memory=12.212 GB, invar_size=1.636 GB, outvar_size=0.630 GB, temp_buffer_size=10.576 GB, available_memory=17.580 GB)
result[(0, 3, 1, 2), 1] = ModuleProfileResult(compute_cost=0.444, peak_memory=10.640 GB, invar_size=1.584 GB, outvar_size=0.698 GB, temp_buffer_size=9.056 GB, available_memory=17.580 GB)
result[(2, 5, 1, 0), 0] = ModuleProfileResult(compute_cost=0.128, peak_memory=3.031 GB, invar_size=1.295 GB, outvar_size=0.188 GB, temp_buffer_size=1.548 GB, available_memory=17.580 GB)
result[(1, 4, 1, 2), 1] = ModuleProfileResult(compute_cost=0.447, peak_memory=10.568 GB, invar_size=1.653 GB, outvar_size=0.733 GB, temp_buffer_size=8.868 GB, available_memory=17.580 GB)
result[(1, 4, 1, 0), 1] = ModuleProfileResult(compute_cost=0.384, peak_memory=11.599 GB, invar_size=2.731 GB, outvar_size=1.295 GB, temp_buffer_size=8.821 GB, available_memory=17.580 GB)
result[(2, 5, 1, 1), 0] = ModuleProfileResult(compute_cost=0.367, peak_memory=2.689 GB, invar_size=0.718 GB, outvar_size=0.375 GB, temp_buffer_size=1.596 GB, available_memory=17.580 GB)
result[(1, 5, 1, 2), 0] = ModuleProfileResult(compute_cost=0.204, peak_memory=2.682 GB, invar_size=0.900 GB, outvar_size=0.234 GB, temp_buffer_size=1.548 GB, available_memory=17.580 GB)
result[(2, 5, 1, 2), 0] = ModuleProfileResult(compute_cost=0.165, peak_memory=2.468 GB, invar_size=0.733 GB, outvar_size=0.188 GB, temp_buffer_size=1.548 GB, available_memory=17.580 GB)
result[(1, 5, 1, 0), 1] = ModuleProfileResult(compute_cost=0.476, peak_memory=12.309 GB, invar_size=3.393 GB, outvar_size=1.603 GB, temp_buffer_size=8.868 GB, available_memory=17.580 GB)
result[(2, 5, 1, 0), 1] = ModuleProfileResult(compute_cost=0.384, peak_memory=11.646 GB, invar_size=2.731 GB, outvar_size=1.295 GB, temp_buffer_size=8.868 GB, available_memory=17.580 GB)
result[(2, 6, 1, 0), 0] = ModuleProfileResult(compute_cost=0.159, peak_memory=3.385 GB, invar_size=1.603 GB, outvar_size=0.234 GB, temp_buffer_size=1.548 GB, available_memory=17.580 GB)
result[(3, 6, 1, 0), 0] = ModuleProfileResult(compute_cost=0.128, peak_memory=3.031 GB, invar_size=1.295 GB, outvar_size=0.188 GB, temp_buffer_size=1.548 GB, available_memory=17.580 GB)
result[(2, 5, 1, 1), 1] = ModuleProfileResult(compute_cost=0.842, peak_memory=12.619 GB, invar_size=1.717 GB, outvar_size=0.718 GB, temp_buffer_size=10.808 GB, available_memory=17.580 GB)
result[(2, 6, 1, 2), 0] = ModuleProfileResult(compute_cost=0.204, peak_memory=2.682 GB, invar_size=0.900 GB, outvar_size=0.234 GB, temp_buffer_size=1.548 GB, available_memory=17.580 GB)
result[(2, 6, 1, 1), 0] = ModuleProfileResult(compute_cost=0.453, peak_memory=2.937 GB, invar_size=0.872 GB, outvar_size=0.469 GB, temp_buffer_size=1.596 GB, available_memory=17.580 GB)
result[(3, 6, 1, 1), 0] = ModuleProfileResult(compute_cost=0.367, peak_memory=2.689 GB, invar_size=0.718 GB, outvar_size=0.375 GB, temp_buffer_size=1.596 GB, available_memory=17.580 GB)
result[(1, 5, 1, 2), 1] = ModuleProfileResult(compute_cost=0.554, peak_memory=10.902 GB, invar_size=1.987 GB, outvar_size=0.900 GB, temp_buffer_size=8.868 GB, available_memory=17.580 GB)
result[(1, 5, 1, 1), 1] = ModuleProfileResult(compute_cost=1.045, peak_memory=13.495 GB, invar_size=2.119 GB, outvar_size=0.872 GB, temp_buffer_size=11.283 GB, available_memory=17.580 GB)
result[(4, 7, 1, 0), 0] = ModuleProfileResult(compute_cost=0.098, peak_memory=2.676 GB, invar_size=0.988 GB, outvar_size=0.141 GB, temp_buffer_size=1.548 GB, available_memory=17.580 GB)
result[(4, 7, 1, 1), 0] = ModuleProfileResult(compute_cost=0.280, peak_memory=2.441 GB, invar_size=0.564 GB, outvar_size=0.281 GB, temp_buffer_size=1.596 GB, available_memory=17.580 GB)
result[(2, 5, 1, 2), 1] = ModuleProfileResult(compute_cost=0.447, peak_memory=10.521 GB, invar_size=1.606 GB, outvar_size=0.733 GB, temp_buffer_size=8.868 GB, available_memory=17.580 GB)
result[(3, 6, 1, 0), 1] = ModuleProfileResult(compute_cost=0.384, peak_memory=11.646 GB, invar_size=2.731 GB, outvar_size=1.295 GB, temp_buffer_size=8.868 GB, available_memory=17.580 GB)
result[(3, 6, 1, 2), 0] = ModuleProfileResult(compute_cost=0.165, peak_memory=2.468 GB, invar_size=0.733 GB, outvar_size=0.188 GB, temp_buffer_size=1.548 GB, available_memory=17.580 GB)
result[(4, 7, 1, 2), 0] = ModuleProfileResult(compute_cost=0.125, peak_memory=2.254 GB, invar_size=0.566 GB, outvar_size=0.141 GB, temp_buffer_size=1.548 GB, available_memory=17.580 GB)
result[(3, 6, 1, 1), 1] = ModuleProfileResult(compute_cost=0.842, peak_memory=12.807 GB, invar_size=1.717 GB, outvar_size=0.718 GB, temp_buffer_size=10.996 GB, available_memory=17.580 GB)
result[(2, 6, 1, 0), 1] = ModuleProfileResult(compute_cost=0.476, peak_memory=12.309 GB, invar_size=3.393 GB, outvar_size=1.603 GB, temp_buffer_size=8.868 GB, available_memory=17.580 GB)
result[(2, 6, 1, 2), 1] = ModuleProfileResult(compute_cost=0.554, peak_memory=10.902 GB, invar_size=1.987 GB, outvar_size=0.900 GB, temp_buffer_size=8.868 GB, available_memory=17.580 GB)
result[(2, 6, 1, 1), 1] = ModuleProfileResult(compute_cost=1.045, peak_memory=13.589 GB, invar_size=2.119 GB, outvar_size=0.872 GB, temp_buffer_size=11.376 GB, available_memory=17.580 GB)
result[(4, 7, 1, 0), 1] = ModuleProfileResult(compute_cost=0.435, peak_memory=14.379 GB, invar_size=2.776 GB, outvar_size=1.341 GB, temp_buffer_size=11.556 GB, available_memory=17.580 GB)
result[(3, 6, 1, 2), 1] = ModuleProfileResult(compute_cost=0.447, peak_memory=10.521 GB, invar_size=1.606 GB, outvar_size=0.733 GB, temp_buffer_size=8.868 GB, available_memory=17.580 GB)
result[(4, 7, 1, 1), 1] = ModuleProfileResult(compute_cost=0.907, peak_memory=13.653 GB, invar_size=1.670 GB, outvar_size=0.741 GB, temp_buffer_size=11.890 GB, available_memory=17.580 GB)
result[(4, 7, 1, 2), 1] = ModuleProfileResult(compute_cost=0.498, peak_memory=13.254 GB, invar_size=1.651 GB, outvar_size=0.779 GB, temp_buffer_size=11.556 GB, available_memory=17.580 GB)
Profiling for submesh 1 (1, 2) takes 65.14 seconds
--------------------------------------------------
- Profiling for submesh 0 (1, 1):
- Generate all stage infos (Jaxpr -> HLO)
- Compile all stages
- Profile all stages
result[(1, 2, 0, 0), 0] = ModuleProfileResult(compute_cost=0.119, peak_memory=3.993 GB, invar_size=0.709 GB, outvar_size=0.188 GB, temp_buffer_size=3.096 GB, available_memory=17.580 GB)
result[(0, 1, 0, 1), 0] = ModuleProfileResult(compute_cost=0.141, peak_memory=4.864 GB, invar_size=0.646 GB, outvar_size=0.188 GB, temp_buffer_size=4.031 GB, available_memory=17.580 GB)
result[(0, 1, 0, 0), 0] = ModuleProfileResult(compute_cost=0.141, peak_memory=4.864 GB, invar_size=0.646 GB, outvar_size=0.188 GB, temp_buffer_size=4.031 GB, available_memory=17.580 GB)
result[(2, 3, 0, 1), 0] = ModuleProfileResult(compute_cost=0.119, peak_memory=3.993 GB, invar_size=0.709 GB, outvar_size=0.188 GB, temp_buffer_size=3.096 GB, available_memory=17.580 GB)
result[(2, 3, 0, 0), 0] = ModuleProfileResult(compute_cost=0.119, peak_memory=3.993 GB, invar_size=0.709 GB, outvar_size=0.188 GB, temp_buffer_size=3.096 GB, available_memory=17.580 GB)
result[(1, 2, 0, 1), 0] = ModuleProfileResult(compute_cost=0.119, peak_memory=3.993 GB, invar_size=0.709 GB, outvar_size=0.188 GB, temp_buffer_size=3.096 GB, available_memory=17.580 GB)
result[(3, 4, 0, 0), 0] = ModuleProfileResult(compute_cost=0.132, peak_memory=4.010 GB, invar_size=0.727 GB, outvar_size=0.188 GB, temp_buffer_size=3.096 GB, available_memory=17.580 GB)
result[(0, 1, 0, 1), 1] = ModuleProfileResult(compute_cost=0.379, peak_memory=20.622 GB, invar_size=1.478 GB, outvar_size=0.645 GB, temp_buffer_size=19.143 GB, available_memory=17.580 GB)
result[(1, 2, 0, 0), 1] = ModuleProfileResult(compute_cost=0.348, peak_memory=18.600 GB, invar_size=1.512 GB, outvar_size=0.709 GB, temp_buffer_size=16.994 GB, available_memory=17.580 GB)
result[(2, 3, 0, 1), 1] = ModuleProfileResult(compute_cost=0.348, peak_memory=18.600 GB, invar_size=1.512 GB, outvar_size=0.709 GB, temp_buffer_size=16.994 GB, available_memory=17.580 GB)
result[(0, 1, 0, 0), 1] = ModuleProfileResult(compute_cost=0.379, peak_memory=20.622 GB, invar_size=1.478 GB, outvar_size=0.645 GB, temp_buffer_size=19.143 GB, available_memory=17.580 GB)
result[(1, 2, 0, 1), 1] = ModuleProfileResult(compute_cost=0.348, peak_memory=18.600 GB, invar_size=1.512 GB, outvar_size=0.709 GB, temp_buffer_size=16.994 GB, available_memory=17.580 GB)
result[(2, 3, 0, 0), 1] = ModuleProfileResult(compute_cost=0.348, peak_memory=18.600 GB, invar_size=1.512 GB, outvar_size=0.709 GB, temp_buffer_size=16.994 GB, available_memory=17.580 GB)
result[(3, 4, 0, 0), 1] = ModuleProfileResult(compute_cost=0.381, peak_memory=19.748 GB, invar_size=1.547 GB, outvar_size=0.727 GB, temp_buffer_size=18.107 GB, available_memory=17.580 GB)
result[(4, 5, 0, 0), 0] = ModuleProfileResult(compute_cost=0.132, peak_memory=4.010 GB, invar_size=0.727 GB, outvar_size=0.188 GB, temp_buffer_size=3.096 GB, available_memory=17.580 GB)
result[(3, 4, 0, 1), 0] = ModuleProfileResult(compute_cost=0.132, peak_memory=4.010 GB, invar_size=0.727 GB, outvar_size=0.188 GB, temp_buffer_size=3.096 GB, available_memory=17.580 GB)
result[(4, 5, 0, 1), 0] = ModuleProfileResult(compute_cost=0.132, peak_memory=4.010 GB, invar_size=0.727 GB, outvar_size=0.188 GB, temp_buffer_size=3.096 GB, available_memory=17.580 GB)
result[(5, 6, 0, 0), 0] = ModuleProfileResult(compute_cost=0.119, peak_memory=3.993 GB, invar_size=0.709 GB, outvar_size=0.188 GB, temp_buffer_size=3.096 GB, available_memory=17.580 GB)
result[(6, 7, 0, 0), 0] = ModuleProfileResult(compute_cost=0.060, peak_memory=3.591 GB, invar_size=0.402 GB, outvar_size=0.094 GB, temp_buffer_size=3.096 GB, available_memory=17.580 GB)
result[(6, 7, 0, 1), 0] = ModuleProfileResult(compute_cost=0.060, peak_memory=3.591 GB, invar_size=0.402 GB, outvar_size=0.094 GB, temp_buffer_size=3.096 GB, available_memory=17.580 GB)
result[(5, 6, 0, 1), 0] = ModuleProfileResult(compute_cost=0.119, peak_memory=3.993 GB, invar_size=0.709 GB, outvar_size=0.188 GB, temp_buffer_size=3.096 GB, available_memory=17.580 GB)
result[(3, 4, 0, 1), 1] = ModuleProfileResult(compute_cost=0.381, peak_memory=19.748 GB, invar_size=1.547 GB, outvar_size=0.727 GB, temp_buffer_size=18.107 GB, available_memory=17.580 GB)
result[(4, 5, 0, 0), 1] = ModuleProfileResult(compute_cost=0.381, peak_memory=21.162 GB, invar_size=1.547 GB, outvar_size=0.727 GB, temp_buffer_size=19.521 GB, available_memory=17.580 GB)
result[(4, 5, 0, 1), 1] = ModuleProfileResult(compute_cost=0.381, peak_memory=21.162 GB, invar_size=1.547 GB, outvar_size=0.727 GB, temp_buffer_size=19.521 GB, available_memory=17.580 GB)
result[(5, 6, 0, 0), 1] = ModuleProfileResult(compute_cost=0.348, peak_memory=19.350 GB, invar_size=1.512 GB, outvar_size=0.709 GB, temp_buffer_size=17.744 GB, available_memory=17.580 GB)
result[(5, 6, 0, 1), 1] = ModuleProfileResult(compute_cost=0.348, peak_memory=19.350 GB, invar_size=1.512 GB, outvar_size=0.709 GB, temp_buffer_size=17.744 GB, available_memory=17.580 GB)
result[(6, 7, 0, 0), 1] = ModuleProfileResult(compute_cost=0.449, peak_memory=24.810 GB, invar_size=1.510 GB, outvar_size=0.755 GB, temp_buffer_size=23.206 GB, available_memory=17.580 GB)
result[(6, 7, 0, 1), 1] = ModuleProfileResult(compute_cost=0.449, peak_memory=24.810 GB, invar_size=1.510 GB, outvar_size=0.755 GB, temp_buffer_size=23.206 GB, available_memory=17.580 GB)
Profiling for submesh 0 (1, 1) takes 22.53 seconds
--------------------------------------------------
Profile result saved to: profile-results-2023-11-17-03-06-30.npy
----------------------------------------------------------------------
Result forward_stage_layer_ids: [[0, 1, 2, 3], [4, 5, 6, 7]]
Result mesh_shapes: [(1, 2), (1, 2)]
Result logical_mesh_shapes: [(2, 1), (2, 1)]
Result autosharding_option_dicts: [{'force_batch_dim_to_mesh_dim': 0}, {'force_batch_dim_to_mesh_dim': 0}]
 - Compile (driver): 216.27 s
