
------------------------------------------------------------------
- (1/3) Profiling wide_resnet_1B with batch size: 256...
------------------------------------------------------------------
[TMP] Existed profiling results in `./jaxpr/prof_log/optimal/wide_resnet_1B_256.pkl`, updating/rewriting it...
[I] Ray Cluster & Alpa backend initialization is completed.
[I] Device Info:
    - Devices num per node: 1
    - Nodes num: 2
[I] Loading flax model....
[I] Model 'wide_resnet' loads sucessfully. Model Info: 

WideResNet(
    # attributes
    stage_sizes = [3, 4, 6, 3]
    block_cls = BottleneckResNetBlock
    num_classes = 1024
    num_filters = 320
    width_factor = 2
    dtype = float32
    act = relu
) 

[I] Manually construct dummy batch with the shape of (256, 224, 224, 3).
[I] Initialize training state...
[I] Training state initialization is completed.
[I] Constructing Alpa parallelized train step func...
[I] Alpa parallelized train step func construction is completed.
-------------------- Automatic stage clustering --------------------
submesh_choices: ((1, 1), (2, 1))
- Profiling for submesh 1 (2, 1):
- Generate all stage infos (Jaxpr -> HLO)
- Compile all stages
- Profile all stages
result[(0, 15, 1, 0), 0] = ModuleProfileResult(compute_cost=0.003, peak_memory=5.478 GB, invar_size=3.752 GB, outvar_size=0.778 GB, temp_buffer_size=0.949 GB, available_memory=35.242 GB)
result[(0, 15, 1, 1), 0] = ModuleProfileResult(compute_cost=0.084, peak_memory=3.636 GB, invar_size=2.115 GB, outvar_size=0.808 GB, temp_buffer_size=0.714 GB, available_memory=35.242 GB)
result[(0, 15, 1, 0), 1] = ModuleProfileResult(compute_cost=0.075, peak_memory=13.266 GB, invar_size=8.275 GB, outvar_size=3.746 GB, temp_buffer_size=4.992 GB, available_memory=35.242 GB)
result[(0, 15, 1, 1), 1] = ModuleProfileResult(compute_cost=0.160, peak_memory=6.228 GB, invar_size=5.030 GB, outvar_size=2.109 GB, temp_buffer_size=1.198 GB, available_memory=35.242 GB)
Profiling for submesh 1 (2, 1) takes 28.50 seconds
--------------------------------------------------
- Profiling for submesh 0 (1, 1):
- Generate all stage infos (Jaxpr -> HLO)
- Compile all stages
- Profile all stages
result[(1, 6, 0, 0), 0] = ModuleProfileResult(compute_cost=0.000, peak_memory=1.999 GB, invar_size=0.400 GB, outvar_size=0.957 GB, temp_buffer_size=0.643 GB, available_memory=35.446 GB)
result[(1, 6, 0, 1), 0] = ModuleProfileResult(compute_cost=0.000, peak_memory=1.999 GB, invar_size=0.400 GB, outvar_size=0.957 GB, temp_buffer_size=0.643 GB, available_memory=35.446 GB)
result[(0, 6, 0, 1), 0] = ModuleProfileResult(compute_cost=0.000, peak_memory=2.028 GB, invar_size=0.237 GB, outvar_size=1.137 GB, temp_buffer_size=0.655 GB, available_memory=35.446 GB)
result[(0, 6, 0, 0), 0] = ModuleProfileResult(compute_cost=0.000, peak_memory=2.028 GB, invar_size=0.237 GB, outvar_size=1.137 GB, temp_buffer_size=0.655 GB, available_memory=35.446 GB)
result[(0, 7, 0, 0), 0] = ModuleProfileResult(compute_cost=0.000, peak_memory=2.528 GB, invar_size=0.457 GB, outvar_size=1.197 GB, temp_buffer_size=0.874 GB, available_memory=35.446 GB)
result[(0, 7, 0, 1), 0] = ModuleProfileResult(compute_cost=0.000, peak_memory=2.528 GB, invar_size=0.457 GB, outvar_size=1.197 GB, temp_buffer_size=0.874 GB, available_memory=35.446 GB)
result[(0, 8, 0, 1), 0] = ModuleProfileResult(compute_cost=0.000, peak_memory=2.954 GB, invar_size=0.640 GB, outvar_size=1.256 GB, temp_buffer_size=1.058 GB, available_memory=35.446 GB)
result[(0, 8, 0, 0), 0] = ModuleProfileResult(compute_cost=0.000, peak_memory=2.954 GB, invar_size=0.640 GB, outvar_size=1.256 GB, temp_buffer_size=1.058 GB, available_memory=35.446 GB)
result[(1, 7, 0, 0), 0] = ModuleProfileResult(compute_cost=0.000, peak_memory=2.511 GB, invar_size=0.620 GB, outvar_size=1.017 GB, temp_buffer_size=0.874 GB, available_memory=35.446 GB)
result[(1, 7, 0, 1), 0] = ModuleProfileResult(compute_cost=0.000, peak_memory=2.511 GB, invar_size=0.620 GB, outvar_size=1.017 GB, temp_buffer_size=0.874 GB, available_memory=35.446 GB)
result[(1, 6, 0, 0), 1] = ModuleProfileResult(compute_cost=0.000, peak_memory=3.559 GB, invar_size=1.576 GB, outvar_size=0.399 GB, temp_buffer_size=1.803 GB, available_memory=35.446 GB)
result[(1, 8, 0, 0), 0] = ModuleProfileResult(compute_cost=0.000, peak_memory=2.931 GB, invar_size=0.803 GB, outvar_size=1.077 GB, temp_buffer_size=1.051 GB, available_memory=35.446 GB)
result[(0, 6, 0, 1), 1] = ModuleProfileResult(compute_cost=0.000, peak_memory=3.582 GB, invar_size=1.600 GB, outvar_size=0.227 GB, temp_buffer_size=1.982 GB, available_memory=35.446 GB)
result[(0, 6, 0, 0), 1] = ModuleProfileResult(compute_cost=0.000, peak_memory=3.582 GB, invar_size=1.600 GB, outvar_size=0.227 GB, temp_buffer_size=1.982 GB, available_memory=35.446 GB)
result[(1, 8, 0, 1), 0] = ModuleProfileResult(compute_cost=0.000, peak_memory=2.931 GB, invar_size=0.803 GB, outvar_size=1.077 GB, temp_buffer_size=1.051 GB, available_memory=35.446 GB)
result[(0, 7, 0, 0), 1] = ModuleProfileResult(compute_cost=0.000, peak_memory=4.082 GB, invar_size=2.100 GB, outvar_size=0.447 GB, temp_buffer_size=1.982 GB, available_memory=35.446 GB)
result[(0, 7, 0, 1), 1] = ModuleProfileResult(compute_cost=0.000, peak_memory=4.082 GB, invar_size=2.100 GB, outvar_size=0.447 GB, temp_buffer_size=1.982 GB, available_memory=35.446 GB)
result[(1, 6, 0, 1), 1] = ModuleProfileResult(compute_cost=0.000, peak_memory=3.559 GB, invar_size=1.576 GB, outvar_size=0.399 GB, temp_buffer_size=1.803 GB, available_memory=35.446 GB)
result[(1, 9, 0, 0), 0] = ModuleProfileResult(compute_cost=0.000, peak_memory=3.308 GB, invar_size=0.986 GB, outvar_size=1.137 GB, temp_buffer_size=1.185 GB, available_memory=35.446 GB)
result[(2, 7, 0, 0), 0] = ModuleProfileResult(compute_cost=0.000, peak_memory=2.307 GB, invar_size=0.664 GB, outvar_size=0.778 GB, temp_buffer_size=0.866 GB, available_memory=35.446 GB)
result[(0, 8, 0, 0), 1] = ModuleProfileResult(compute_cost=0.000, peak_memory=4.509 GB, invar_size=2.526 GB, outvar_size=0.630 GB, temp_buffer_size=1.983 GB, available_memory=35.446 GB)
result[(0, 8, 0, 1), 1] = ModuleProfileResult(compute_cost=0.000, peak_memory=4.509 GB, invar_size=2.526 GB, outvar_size=0.630 GB, temp_buffer_size=1.983 GB, available_memory=35.446 GB)
result[(1, 7, 0, 0), 1] = ModuleProfileResult(compute_cost=0.000, peak_memory=4.058 GB, invar_size=2.076 GB, outvar_size=0.619 GB, temp_buffer_size=1.803 GB, available_memory=35.446 GB)
result[(1, 9, 0, 1), 0] = ModuleProfileResult(compute_cost=0.000, peak_memory=3.308 GB, invar_size=0.986 GB, outvar_size=1.137 GB, temp_buffer_size=1.185 GB, available_memory=35.446 GB)
result[(1, 7, 0, 1), 1] = ModuleProfileResult(compute_cost=0.000, peak_memory=4.058 GB, invar_size=2.076 GB, outvar_size=0.619 GB, temp_buffer_size=1.803 GB, available_memory=35.446 GB)
result[(2, 7, 0, 1), 0] = ModuleProfileResult(compute_cost=0.000, peak_memory=2.307 GB, invar_size=0.664 GB, outvar_size=0.778 GB, temp_buffer_size=0.866 GB, available_memory=35.446 GB)
result[(2, 8, 0, 0), 0] = ModuleProfileResult(compute_cost=0.000, peak_memory=2.282 GB, invar_size=0.847 GB, outvar_size=0.838 GB, temp_buffer_size=0.598 GB, available_memory=35.446 GB)
result[(2, 8, 0, 1), 0] = ModuleProfileResult(compute_cost=0.000, peak_memory=2.282 GB, invar_size=0.847 GB, outvar_size=0.838 GB, temp_buffer_size=0.598 GB, available_memory=35.446 GB)
result[(2, 7, 0, 0), 1] = ModuleProfileResult(compute_cost=0.000, peak_memory=3.428 GB, invar_size=1.864 GB, outvar_size=0.663 GB, temp_buffer_size=1.324 GB, available_memory=35.446 GB)
result[(1, 8, 0, 0), 1] = ModuleProfileResult(compute_cost=0.000, peak_memory=4.485 GB, invar_size=2.502 GB, outvar_size=0.802 GB, temp_buffer_size=1.804 GB, available_memory=35.446 GB)
result[(2, 9, 0, 0), 0] = ModuleProfileResult(compute_cost=0.000, peak_memory=2.526 GB, invar_size=1.030 GB, outvar_size=0.898 GB, temp_buffer_size=0.598 GB, available_memory=35.446 GB)
result[(2, 9, 0, 1), 0] = ModuleProfileResult(compute_cost=0.000, peak_memory=2.526 GB, invar_size=1.030 GB, outvar_size=0.898 GB, temp_buffer_size=0.598 GB, available_memory=35.446 GB)
result[(2, 10, 0, 0), 0] = ModuleProfileResult(compute_cost=0.000, peak_memory=2.769 GB, invar_size=1.213 GB, outvar_size=0.958 GB, temp_buffer_size=0.598 GB, available_memory=35.446 GB)
result[(2, 7, 0, 1), 1] = ModuleProfileResult(compute_cost=0.000, peak_memory=3.428 GB, invar_size=1.864 GB, outvar_size=0.663 GB, temp_buffer_size=1.324 GB, available_memory=35.446 GB)
result[(1, 8, 0, 1), 1] = ModuleProfileResult(compute_cost=0.000, peak_memory=4.485 GB, invar_size=2.502 GB, outvar_size=0.802 GB, temp_buffer_size=1.804 GB, available_memory=35.446 GB)
result[(1, 9, 0, 0), 1] = ModuleProfileResult(compute_cost=0.000, peak_memory=4.912 GB, invar_size=2.928 GB, outvar_size=0.986 GB, temp_buffer_size=1.804 GB, available_memory=35.446 GB)
result[(3, 9, 0, 0), 0] = ModuleProfileResult(compute_cost=0.000, peak_memory=2.245 GB, invar_size=1.019 GB, outvar_size=0.658 GB, temp_buffer_size=0.568 GB, available_memory=35.446 GB)
result[(2, 10, 0, 1), 0] = ModuleProfileResult(compute_cost=0.000, peak_memory=2.769 GB, invar_size=1.213 GB, outvar_size=0.958 GB, temp_buffer_size=0.598 GB, available_memory=35.446 GB)
result[(3, 9, 0, 1), 0] = ModuleProfileResult(compute_cost=0.000, peak_memory=2.245 GB, invar_size=1.019 GB, outvar_size=0.658 GB, temp_buffer_size=0.568 GB, available_memory=35.446 GB)
result[(2, 8, 0, 0), 1] = ModuleProfileResult(compute_cost=0.000, peak_memory=3.854 GB, invar_size=2.290 GB, outvar_size=0.846 GB, temp_buffer_size=1.324 GB, available_memory=35.446 GB)
result[(1, 9, 0, 1), 1] = ModuleProfileResult(compute_cost=0.000, peak_memory=4.912 GB, invar_size=2.928 GB, outvar_size=0.986 GB, temp_buffer_size=1.804 GB, available_memory=35.446 GB)
result[(2, 8, 0, 1), 1] = ModuleProfileResult(compute_cost=0.000, peak_memory=3.854 GB, invar_size=2.290 GB, outvar_size=0.846 GB, temp_buffer_size=1.324 GB, available_memory=35.446 GB)
result[(2, 9, 0, 0), 1] = ModuleProfileResult(compute_cost=0.000, peak_memory=4.281 GB, invar_size=2.716 GB, outvar_size=1.029 GB, temp_buffer_size=1.325 GB, available_memory=35.446 GB)
result[(3, 10, 0, 0), 0] = ModuleProfileResult(compute_cost=0.000, peak_memory=2.518 GB, invar_size=1.202 GB, outvar_size=0.718 GB, temp_buffer_size=0.598 GB, available_memory=35.446 GB)
result[(2, 9, 0, 1), 1] = ModuleProfileResult(compute_cost=0.000, peak_memory=4.281 GB, invar_size=2.716 GB, outvar_size=1.029 GB, temp_buffer_size=1.325 GB, available_memory=35.446 GB)
result[(3, 10, 0, 1), 0] = ModuleProfileResult(compute_cost=0.000, peak_memory=2.518 GB, invar_size=1.202 GB, outvar_size=0.718 GB, temp_buffer_size=0.598 GB, available_memory=35.446 GB)
result[(3, 11, 0, 0), 0] = ModuleProfileResult(compute_cost=0.000, peak_memory=2.761 GB, invar_size=1.385 GB, outvar_size=0.778 GB, temp_buffer_size=0.598 GB, available_memory=35.446 GB)
result[(2, 10, 0, 0), 1] = ModuleProfileResult(compute_cost=0.000, peak_memory=4.708 GB, invar_size=3.143 GB, outvar_size=1.212 GB, temp_buffer_size=1.326 GB, available_memory=35.446 GB)
result[(4, 10, 0, 0), 0] = ModuleProfileResult(compute_cost=0.000, peak_memory=2.104 GB, invar_size=1.027 GB, outvar_size=0.599 GB, temp_buffer_size=0.479 GB, available_memory=35.446 GB)
result[(3, 9, 0, 0), 1] = ModuleProfileResult(compute_cost=0.000, peak_memory=3.697 GB, invar_size=2.454 GB, outvar_size=1.018 GB, temp_buffer_size=1.003 GB, available_memory=35.446 GB)
result[(3, 11, 0, 1), 0] = ModuleProfileResult(compute_cost=0.000, peak_memory=2.761 GB, invar_size=1.385 GB, outvar_size=0.778 GB, temp_buffer_size=0.598 GB, available_memory=35.446 GB)
result[(4, 10, 0, 1), 0] = ModuleProfileResult(compute_cost=0.000, peak_memory=2.104 GB, invar_size=1.027 GB, outvar_size=0.599 GB, temp_buffer_size=0.479 GB, available_memory=35.446 GB)
result[(3, 9, 0, 1), 1] = ModuleProfileResult(compute_cost=0.000, peak_memory=3.697 GB, invar_size=2.454 GB, outvar_size=1.018 GB, temp_buffer_size=1.003 GB, available_memory=35.446 GB)
result[(2, 10, 0, 1), 1] = ModuleProfileResult(compute_cost=0.000, peak_memory=4.708 GB, invar_size=3.143 GB, outvar_size=1.212 GB, temp_buffer_size=1.326 GB, available_memory=35.446 GB)
result[(4, 11, 0, 0), 0] = ModuleProfileResult(compute_cost=0.000, peak_memory=2.347 GB, invar_size=1.211 GB, outvar_size=0.658 GB, temp_buffer_size=0.479 GB, available_memory=35.446 GB)
result[(3, 10, 0, 0), 1] = ModuleProfileResult(compute_cost=0.000, peak_memory=4.124 GB, invar_size=2.880 GB, outvar_size=1.201 GB, temp_buffer_size=1.004 GB, available_memory=35.446 GB)
result[(4, 11, 0, 1), 0] = ModuleProfileResult(compute_cost=0.000, peak_memory=2.347 GB, invar_size=1.211 GB, outvar_size=0.658 GB, temp_buffer_size=0.479 GB, available_memory=35.446 GB)
result[(4, 12, 0, 0), 0] = ModuleProfileResult(compute_cost=0.000, peak_memory=2.590 GB, invar_size=1.394 GB, outvar_size=0.718 GB, temp_buffer_size=0.479 GB, available_memory=35.446 GB)
result[(3, 10, 0, 1), 1] = ModuleProfileResult(compute_cost=0.000, peak_memory=4.124 GB, invar_size=2.880 GB, outvar_size=1.201 GB, temp_buffer_size=1.004 GB, available_memory=35.446 GB)
result[(4, 10, 0, 0), 1] = ModuleProfileResult(compute_cost=0.000, peak_memory=3.339 GB, invar_size=2.531 GB, outvar_size=1.026 GB, temp_buffer_size=0.688 GB, available_memory=35.446 GB)
result[(4, 12, 0, 1), 0] = ModuleProfileResult(compute_cost=0.000, peak_memory=2.590 GB, invar_size=1.394 GB, outvar_size=0.718 GB, temp_buffer_size=0.479 GB, available_memory=35.446 GB)
result[(5, 11, 0, 0), 0] = ModuleProfileResult(compute_cost=0.000, peak_memory=2.007 GB, invar_size=1.165 GB, outvar_size=0.539 GB, temp_buffer_size=0.304 GB, available_memory=35.446 GB)
result[(4, 10, 0, 1), 1] = ModuleProfileResult(compute_cost=0.000, peak_memory=3.339 GB, invar_size=2.531 GB, outvar_size=1.026 GB, temp_buffer_size=0.688 GB, available_memory=35.446 GB)
result[(5, 11, 0, 1), 0] = ModuleProfileResult(compute_cost=0.000, peak_memory=2.007 GB, invar_size=1.165 GB, outvar_size=0.539 GB, temp_buffer_size=0.304 GB, available_memory=35.446 GB)
result[(3, 11, 0, 0), 1] = ModuleProfileResult(compute_cost=0.000, peak_memory=4.551 GB, invar_size=3.307 GB, outvar_size=1.384 GB, temp_buffer_size=1.005 GB, available_memory=35.446 GB)
result[(3, 11, 0, 1), 1] = ModuleProfileResult(compute_cost=0.000, peak_memory=4.551 GB, invar_size=3.307 GB, outvar_size=1.384 GB, temp_buffer_size=1.005 GB, available_memory=35.446 GB)
result[(5, 12, 0, 0), 0] = ModuleProfileResult(compute_cost=0.000, peak_memory=2.250 GB, invar_size=1.348 GB, outvar_size=0.599 GB, temp_buffer_size=0.304 GB, available_memory=35.446 GB)
result[(4, 11, 0, 0), 1] = ModuleProfileResult(compute_cost=0.000, peak_memory=3.766 GB, invar_size=2.957 GB, outvar_size=1.210 GB, temp_buffer_size=0.689 GB, available_memory=35.446 GB)
result[(5, 12, 0, 1), 0] = ModuleProfileResult(compute_cost=0.000, peak_memory=2.250 GB, invar_size=1.348 GB, outvar_size=0.599 GB, temp_buffer_size=0.304 GB, available_memory=35.446 GB)
result[(4, 11, 0, 1), 1] = ModuleProfileResult(compute_cost=0.000, peak_memory=3.766 GB, invar_size=2.957 GB, outvar_size=1.210 GB, temp_buffer_size=0.689 GB, available_memory=35.446 GB)
result[(5, 13, 0, 0), 0] = ModuleProfileResult(compute_cost=0.000, peak_memory=3.505 GB, invar_size=2.227 GB, outvar_size=0.629 GB, temp_buffer_size=0.649 GB, available_memory=35.446 GB)
result[(4, 12, 0, 0), 1] = ModuleProfileResult(compute_cost=0.000, peak_memory=4.193 GB, invar_size=3.384 GB, outvar_size=1.393 GB, temp_buffer_size=0.689 GB, available_memory=35.446 GB)
result[(5, 11, 0, 0), 1] = ModuleProfileResult(compute_cost=0.000, peak_memory=3.554 GB, invar_size=2.746 GB, outvar_size=1.164 GB, temp_buffer_size=0.689 GB, available_memory=35.446 GB)
result[(5, 13, 0, 1), 0] = ModuleProfileResult(compute_cost=0.000, peak_memory=3.505 GB, invar_size=2.227 GB, outvar_size=0.629 GB, temp_buffer_size=0.649 GB, available_memory=35.446 GB)
result[(4, 12, 0, 1), 1] = ModuleProfileResult(compute_cost=0.000, peak_memory=4.193 GB, invar_size=3.384 GB, outvar_size=1.393 GB, temp_buffer_size=0.689 GB, available_memory=35.446 GB)
result[(5, 11, 0, 1), 1] = ModuleProfileResult(compute_cost=0.000, peak_memory=3.554 GB, invar_size=2.746 GB, outvar_size=1.164 GB, temp_buffer_size=0.689 GB, available_memory=35.446 GB)
result[(5, 14, 0, 0), 0] = ModuleProfileResult(compute_cost=0.000, peak_memory=4.297 GB, invar_size=2.960 GB, outvar_size=0.659 GB, temp_buffer_size=0.679 GB, available_memory=35.446 GB)
result[(6, 12, 0, 0), 0] = ModuleProfileResult(compute_cost=0.000, peak_memory=2.085 GB, invar_size=1.302 GB, outvar_size=0.479 GB, temp_buffer_size=0.304 GB, available_memory=35.446 GB)
result[(5, 14, 0, 1), 0] = ModuleProfileResult(compute_cost=0.000, peak_memory=4.297 GB, invar_size=2.960 GB, outvar_size=0.659 GB, temp_buffer_size=0.679 GB, available_memory=35.446 GB)
result[(6, 12, 0, 1), 0] = ModuleProfileResult(compute_cost=0.000, peak_memory=2.085 GB, invar_size=1.302 GB, outvar_size=0.479 GB, temp_buffer_size=0.304 GB, available_memory=35.446 GB)
result[(5, 12, 0, 1), 1] = ModuleProfileResult(compute_cost=0.000, peak_memory=3.981 GB, invar_size=3.172 GB, outvar_size=1.347 GB, temp_buffer_size=0.689 GB, available_memory=35.446 GB)
result[(5, 12, 0, 0), 1] = ModuleProfileResult(compute_cost=0.000, peak_memory=3.981 GB, invar_size=3.172 GB, outvar_size=1.347 GB, temp_buffer_size=0.689 GB, available_memory=35.446 GB)
result[(6, 13, 0, 0), 0] = ModuleProfileResult(compute_cost=0.000, peak_memory=3.339 GB, invar_size=2.182 GB, outvar_size=0.509 GB, temp_buffer_size=0.649 GB, available_memory=35.446 GB)
result[(6, 13, 0, 1), 0] = ModuleProfileResult(compute_cost=0.000, peak_memory=3.339 GB, invar_size=2.182 GB, outvar_size=0.509 GB, temp_buffer_size=0.649 GB, available_memory=35.446 GB)
result[(5, 13, 0, 0), 1] = ModuleProfileResult(compute_cost=0.000, peak_memory=6.095 GB, invar_size=4.960 GB, outvar_size=2.226 GB, temp_buffer_size=1.015 GB, available_memory=35.446 GB)
result[(6, 14, 0, 0), 0] = ModuleProfileResult(compute_cost=0.000, peak_memory=4.132 GB, invar_size=2.914 GB, outvar_size=0.539 GB, temp_buffer_size=0.679 GB, available_memory=35.446 GB)
result[(5, 13, 0, 1), 1] = ModuleProfileResult(compute_cost=0.000, peak_memory=6.095 GB, invar_size=4.960 GB, outvar_size=2.226 GB, temp_buffer_size=1.015 GB, available_memory=35.446 GB)
result[(6, 12, 0, 0), 1] = ModuleProfileResult(compute_cost=0.000, peak_memory=3.735 GB, invar_size=2.961 GB, outvar_size=1.301 GB, temp_buffer_size=0.654 GB, available_memory=35.446 GB)
result[(6, 14, 0, 1), 0] = ModuleProfileResult(compute_cost=0.000, peak_memory=4.132 GB, invar_size=2.914 GB, outvar_size=0.539 GB, temp_buffer_size=0.679 GB, available_memory=35.446 GB)
result[(6, 12, 0, 1), 1] = ModuleProfileResult(compute_cost=0.000, peak_memory=3.735 GB, invar_size=2.961 GB, outvar_size=1.301 GB, temp_buffer_size=0.654 GB, available_memory=35.446 GB)
result[(6, 15, 0, 0), 0] = ModuleProfileResult(compute_cost=0.000, peak_memory=4.874 GB, invar_size=3.686 GB, outvar_size=0.539 GB, temp_buffer_size=0.649 GB, available_memory=35.446 GB)
result[(7, 13, 0, 0), 0] = ModuleProfileResult(compute_cost=0.000, peak_memory=3.174 GB, invar_size=2.136 GB, outvar_size=0.389 GB, temp_buffer_size=0.649 GB, available_memory=35.446 GB)
result[(5, 14, 0, 1), 1] = ModuleProfileResult(compute_cost=0.000, peak_memory=7.621 GB, invar_size=6.455 GB, outvar_size=2.959 GB, temp_buffer_size=1.046 GB, available_memory=35.446 GB)
result[(6, 15, 0, 1), 0] = ModuleProfileResult(compute_cost=0.000, peak_memory=4.874 GB, invar_size=3.686 GB, outvar_size=0.539 GB, temp_buffer_size=0.649 GB, available_memory=35.446 GB)
result[(5, 14, 0, 0), 1] = ModuleProfileResult(compute_cost=0.000, peak_memory=7.621 GB, invar_size=6.455 GB, outvar_size=2.959 GB, temp_buffer_size=1.046 GB, available_memory=35.446 GB)
result[(6, 13, 0, 0), 1] = ModuleProfileResult(compute_cost=0.000, peak_memory=5.884 GB, invar_size=4.749 GB, outvar_size=2.180 GB, temp_buffer_size=1.015 GB, available_memory=35.446 GB)
result[(7, 13, 0, 1), 0] = ModuleProfileResult(compute_cost=0.000, peak_memory=3.174 GB, invar_size=2.136 GB, outvar_size=0.389 GB, temp_buffer_size=0.649 GB, available_memory=35.446 GB)
result[(6, 13, 0, 1), 1] = ModuleProfileResult(compute_cost=0.000, peak_memory=5.884 GB, invar_size=4.749 GB, outvar_size=2.180 GB, temp_buffer_size=1.015 GB, available_memory=35.446 GB)
result[(7, 14, 0, 0), 0] = ModuleProfileResult(compute_cost=0.000, peak_memory=3.966 GB, invar_size=2.869 GB, outvar_size=0.419 GB, temp_buffer_size=0.679 GB, available_memory=35.446 GB)
result[(7, 14, 0, 1), 0] = ModuleProfileResult(compute_cost=0.000, peak_memory=3.966 GB, invar_size=2.869 GB, outvar_size=0.419 GB, temp_buffer_size=0.679 GB, available_memory=35.446 GB)
result[(6, 14, 0, 0), 1] = ModuleProfileResult(compute_cost=0.000, peak_memory=7.410 GB, invar_size=6.244 GB, outvar_size=2.913 GB, temp_buffer_size=1.046 GB, available_memory=35.446 GB)
result[(7, 13, 0, 0), 1] = ModuleProfileResult(compute_cost=0.000, peak_memory=5.672 GB, invar_size=4.538 GB, outvar_size=2.134 GB, temp_buffer_size=1.015 GB, available_memory=35.446 GB)
result[(6, 14, 0, 1), 1] = ModuleProfileResult(compute_cost=0.000, peak_memory=7.410 GB, invar_size=6.244 GB, outvar_size=2.913 GB, temp_buffer_size=1.046 GB, available_memory=35.446 GB)
result[(7, 15, 0, 0), 0] = ModuleProfileResult(compute_cost=0.000, peak_memory=4.708 GB, invar_size=3.640 GB, outvar_size=0.420 GB, temp_buffer_size=0.649 GB, available_memory=35.446 GB)
result[(8, 14, 0, 0), 0] = ModuleProfileResult(compute_cost=0.000, peak_memory=3.567 GB, invar_size=2.589 GB, outvar_size=0.360 GB, temp_buffer_size=0.619 GB, available_memory=35.446 GB)
result[(7, 15, 0, 1), 0] = ModuleProfileResult(compute_cost=0.000, peak_memory=4.708 GB, invar_size=3.640 GB, outvar_size=0.420 GB, temp_buffer_size=0.649 GB, available_memory=35.446 GB)
result[(7, 13, 0, 1), 1] = ModuleProfileResult(compute_cost=0.000, peak_memory=5.672 GB, invar_size=4.538 GB, outvar_size=2.134 GB, temp_buffer_size=1.015 GB, available_memory=35.446 GB)
result[(6, 15, 0, 0), 1] = ModuleProfileResult(compute_cost=0.000, peak_memory=8.954 GB, invar_size=7.787 GB, outvar_size=3.684 GB, temp_buffer_size=1.047 GB, available_memory=35.446 GB)
result[(8, 14, 0, 1), 0] = ModuleProfileResult(compute_cost=0.000, peak_memory=3.567 GB, invar_size=2.589 GB, outvar_size=0.360 GB, temp_buffer_size=0.619 GB, available_memory=35.446 GB)
result[(6, 15, 0, 1), 1] = ModuleProfileResult(compute_cost=0.000, peak_memory=8.954 GB, invar_size=7.787 GB, outvar_size=3.684 GB, temp_buffer_size=1.047 GB, available_memory=35.446 GB)
result[(8, 15, 0, 0), 0] = ModuleProfileResult(compute_cost=0.000, peak_memory=4.309 GB, invar_size=3.361 GB, outvar_size=0.360 GB, temp_buffer_size=0.589 GB, available_memory=35.446 GB)
result[(8, 15, 0, 1), 0] = ModuleProfileResult(compute_cost=0.000, peak_memory=4.309 GB, invar_size=3.361 GB, outvar_size=0.360 GB, temp_buffer_size=0.589 GB, available_memory=35.446 GB)
result[(7, 14, 0, 0), 1] = ModuleProfileResult(compute_cost=0.000, peak_memory=7.198 GB, invar_size=6.033 GB, outvar_size=2.867 GB, temp_buffer_size=1.046 GB, available_memory=35.446 GB)
result[(9, 15, 0, 0), 0] = ModuleProfileResult(compute_cost=0.000, peak_memory=3.980 GB, invar_size=3.177 GB, outvar_size=0.300 GB, temp_buffer_size=0.504 GB, available_memory=35.446 GB)
result[(7, 14, 0, 1), 1] = ModuleProfileResult(compute_cost=0.000, peak_memory=7.198 GB, invar_size=6.033 GB, outvar_size=2.867 GB, temp_buffer_size=1.046 GB, available_memory=35.446 GB)
result[(8, 14, 0, 0), 1] = ModuleProfileResult(compute_cost=0.000, peak_memory=6.549 GB, invar_size=5.474 GB, outvar_size=2.587 GB, temp_buffer_size=1.016 GB, available_memory=35.446 GB)
result[(9, 15, 0, 1), 0] = ModuleProfileResult(compute_cost=0.000, peak_memory=3.980 GB, invar_size=3.177 GB, outvar_size=0.300 GB, temp_buffer_size=0.504 GB, available_memory=35.446 GB)
result[(7, 15, 0, 0), 1] = ModuleProfileResult(compute_cost=0.000, peak_memory=8.743 GB, invar_size=7.576 GB, outvar_size=3.639 GB, temp_buffer_size=1.047 GB, available_memory=35.446 GB)
result[(8, 14, 0, 1), 1] = ModuleProfileResult(compute_cost=0.000, peak_memory=6.549 GB, invar_size=5.474 GB, outvar_size=2.587 GB, temp_buffer_size=1.016 GB, available_memory=35.446 GB)
result[(7, 15, 0, 1), 1] = ModuleProfileResult(compute_cost=0.000, peak_memory=8.743 GB, invar_size=7.576 GB, outvar_size=3.639 GB, temp_buffer_size=1.047 GB, available_memory=35.446 GB)
result[(8, 15, 0, 0), 1] = ModuleProfileResult(compute_cost=0.000, peak_memory=8.094 GB, invar_size=7.017 GB, outvar_size=3.359 GB, temp_buffer_size=1.017 GB, available_memory=35.446 GB)
result[(9, 15, 0, 0), 1] = ModuleProfileResult(compute_cost=0.000, peak_memory=7.668 GB, invar_size=6.591 GB, outvar_size=3.176 GB, temp_buffer_size=1.017 GB, available_memory=35.446 GB)
result[(8, 15, 0, 1), 1] = ModuleProfileResult(compute_cost=0.000, peak_memory=8.094 GB, invar_size=7.017 GB, outvar_size=3.359 GB, temp_buffer_size=1.017 GB, available_memory=35.446 GB)
result[(9, 15, 0, 1), 1] = ModuleProfileResult(compute_cost=0.000, peak_memory=7.668 GB, invar_size=6.591 GB, outvar_size=3.176 GB, temp_buffer_size=1.017 GB, available_memory=35.446 GB)
Profiling for submesh 0 (1, 1) takes 91.79 seconds
--------------------------------------------------
----------------------------------------------------------------------
Result forward_stage_layer_ids: [[0, 1, 2, 3, 4, 5, 6, 7, 8], [9, 10, 11, 12, 13, 14, 15]]
Result mesh_shapes: [(1, 1), (1, 1)]
Result logical_mesh_shapes: [(1, 1), (1, 1)]
Result autosharding_option_dicts: [{'force_batch_dim_to_mesh_dim': 0}, {}]
[2m[36m(MeshHostWorker pid=992986)[0m gpu2:992986:992986 [0] NCCL INFO Bootstrap : Using ib0.8068:192.168.1.16<0>
[2m[36m(MeshHostWorker pid=992986)[0m gpu2:992986:992986 [0] NCCL INFO NET/Plugin : No plugin found (libnccl-net.so), using internal implementation
[2m[36m(MeshHostWorker pid=992986)[0m 
[2m[36m(MeshHostWorker pid=992986)[0m gpu2:992986:992986 [0] misc/ibvwrap.cc:63 NCCL WARN Failed to open libibverbs.so[.1]
[2m[36m(MeshHostWorker pid=992986)[0m gpu2:992986:992986 [0] NCCL INFO NET/Socket : Using [0]ib0.8068:192.168.1.16<0>
[2m[36m(MeshHostWorker pid=992986)[0m gpu2:992986:992986 [0] NCCL INFO Using network Socket
[2m[36m(MeshHostWorker pid=2346522, ip=192.168.0.18)[0m gpu3:2346522:2346522 [0] NCCL INFO Bootstrap : Using ib0.8068:192.168.1.17<0>
[2m[36m(MeshHostWorker pid=2346522, ip=192.168.0.18)[0m gpu3:2346522:2346522 [0] NCCL INFO NET/Plugin : No plugin found (libnccl-net.so), using internal implementation
[2m[36m(MeshHostWorker pid=2346522, ip=192.168.0.18)[0m 
[2m[36m(MeshHostWorker pid=2346522, ip=192.168.0.18)[0m gpu3:2346522:2346522 [0] misc/ibvwrap.cc:63 NCCL WARN Failed to open libibverbs.so[.1]
[2m[36m(MeshHostWorker pid=2346522, ip=192.168.0.18)[0m gpu3:2346522:2346522 [0] NCCL INFO NET/Socket : Using [0]ib0.8068:192.168.1.17<0>
[2m[36m(MeshHostWorker pid=2346522, ip=192.168.0.18)[0m gpu3:2346522:2346522 [0] NCCL INFO Using network Socket
[2m[36m(MeshHostWorker pid=2346522, ip=192.168.0.18)[0m NCCL version 2.8.4+cuda11.2
[2m[36m(MeshHostWorker pid=992986)[0m 
[2m[36m(MeshHostWorker pid=992986)[0m gpu2:992986:992986 [0] misc/nvmlwrap.cc:47 NCCL WARN Failed to open libnvidia-ml.so.1
[2m[36m(MeshHostWorker pid=992986)[0m 
[2m[36m(MeshHostWorker pid=992986)[0m gpu2:992986:992986 [0] graph/xml.cc:595 NCCL WARN No NVML device handle. Skipping nvlink detection.
[2m[36m(MeshHostWorker pid=992986)[0m gpu2:992986:992986 [0] NCCL INFO Trees [0] -1/-1/-1->1->0 [1] 0/-1/-1->1->-1
[2m[36m(MeshHostWorker pid=992986)[0m gpu2:992986:992986 [0] NCCL INFO Setting affinity for GPU 0 to ffffff
[2m[36m(MeshHostWorker pid=992986)[0m gpu2:992986:992986 [0] NCCL INFO Channel 00 : 0[31000] -> 1[31000] [receive] via NET/Socket/0
[2m[36m(MeshHostWorker pid=992986)[0m gpu2:992986:992986 [0] NCCL INFO NCCL_NSOCKS_PERTHREAD set by environment to 8.
[2m[36m(MeshHostWorker pid=992986)[0m gpu2:992986:992986 [0] NCCL INFO NCCL_SOCKET_NTHREADS set by environment to 8.
[2m[36m(MeshHostWorker pid=992986)[0m gpu2:992986:992986 [0] NCCL INFO NET/Socket: Using 8 threads and 8 sockets per thread
[2m[36m(MeshHostWorker pid=992986)[0m gpu2:992986:992986 [0] NCCL INFO Channel 01 : 0[31000] -> 1[31000] [receive] via NET/Socket/0
[2m[36m(MeshHostWorker pid=992986)[0m gpu2:992986:992986 [0] NCCL INFO NET/Socket: Using 8 threads and 8 sockets per thread
[2m[36m(MeshHostWorker pid=992986)[0m gpu2:992986:992986 [0] NCCL INFO Channel 00 : 1[31000] -> 0[31000] [send] via NET/Socket/0
[2m[36m(MeshHostWorker pid=992986)[0m gpu2:992986:992986 [0] NCCL INFO Channel 01 : 1[31000] -> 0[31000] [send] via NET/Socket/0
[2m[36m(MeshHostWorker pid=2346522, ip=192.168.0.18)[0m 
[2m[36m(MeshHostWorker pid=2346522, ip=192.168.0.18)[0m gpu3:2346522:2346522 [0] misc/nvmlwrap.cc:47 NCCL WARN Failed to open libnvidia-ml.so.1
[2m[36m(MeshHostWorker pid=2346522, ip=192.168.0.18)[0m 
[2m[36m(MeshHostWorker pid=2346522, ip=192.168.0.18)[0m gpu3:2346522:2346522 [0] graph/xml.cc:595 NCCL WARN No NVML device handle. Skipping nvlink detection.
[2m[36m(MeshHostWorker pid=2346522, ip=192.168.0.18)[0m gpu3:2346522:2346522 [0] NCCL INFO Channel 00/02 :    0   1
[2m[36m(MeshHostWorker pid=2346522, ip=192.168.0.18)[0m gpu3:2346522:2346522 [0] NCCL INFO Channel 01/02 :    0   1
[2m[36m(MeshHostWorker pid=2346522, ip=192.168.0.18)[0m gpu3:2346522:2346522 [0] NCCL INFO Trees [0] 1/-1/-1->0->-1 [1] -1/-1/-1->0->1
[2m[36m(MeshHostWorker pid=2346522, ip=192.168.0.18)[0m gpu3:2346522:2346522 [0] NCCL INFO Setting affinity for GPU 0 to ffffff
[2m[36m(MeshHostWorker pid=2346522, ip=192.168.0.18)[0m gpu3:2346522:2346522 [0] NCCL INFO Channel 00 : 1[31000] -> 0[31000] [receive] via NET/Socket/0
[2m[36m(MeshHostWorker pid=2346522, ip=192.168.0.18)[0m gpu3:2346522:2346522 [0] NCCL INFO NCCL_NSOCKS_PERTHREAD set by environment to 8.
[2m[36m(MeshHostWorker pid=2346522, ip=192.168.0.18)[0m gpu3:2346522:2346522 [0] NCCL INFO NCCL_SOCKET_NTHREADS set by environment to 8.
[2m[36m(MeshHostWorker pid=2346522, ip=192.168.0.18)[0m gpu3:2346522:2346522 [0] NCCL INFO NET/Socket: Using 8 threads and 8 sockets per thread
[2m[36m(MeshHostWorker pid=2346522, ip=192.168.0.18)[0m gpu3:2346522:2346522 [0] NCCL INFO Channel 01 : 1[31000] -> 0[31000] [receive] via NET/Socket/0
[2m[36m(MeshHostWorker pid=2346522, ip=192.168.0.18)[0m gpu3:2346522:2346522 [0] NCCL INFO NET/Socket: Using 8 threads and 8 sockets per thread
[2m[36m(MeshHostWorker pid=2346522, ip=192.168.0.18)[0m gpu3:2346522:2346522 [0] NCCL INFO Channel 00 : 0[31000] -> 1[31000] [send] via NET/Socket/0
[2m[36m(MeshHostWorker pid=2346522, ip=192.168.0.18)[0m gpu3:2346522:2346522 [0] NCCL INFO Channel 01 : 0[31000] -> 1[31000] [send] via NET/Socket/0
[2m[36m(MeshHostWorker pid=2346522, ip=192.168.0.18)[0m gpu3:2346522:2346522 [0] NCCL INFO Connected all rings
[2m[36m(MeshHostWorker pid=2346522, ip=192.168.0.18)[0m gpu3:2346522:2346522 [0] NCCL INFO Connected all trees
[2m[36m(MeshHostWorker pid=2346522, ip=192.168.0.18)[0m gpu3:2346522:2346522 [0] NCCL INFO threadThresholds 8/8/64 | 16/8/64 | 8/8/64
[2m[36m(MeshHostWorker pid=2346522, ip=192.168.0.18)[0m gpu3:2346522:2346522 [0] NCCL INFO 2 coll channels, 2 p2p channels, 1 p2p channels per peer
[2m[36m(MeshHostWorker pid=2346522, ip=192.168.0.18)[0m gpu3:2346522:2346522 [0] NCCL INFO comm 0x4964f30 rank 0 nranks 2 cudaDev 0 busId 31000 - Init COMPLETE
[2m[36m(MeshHostWorker pid=992986)[0m gpu2:992986:992986 [0] NCCL INFO Connected all rings
[2m[36m(MeshHostWorker pid=992986)[0m gpu2:992986:992986 [0] NCCL INFO Connected all trees
[2m[36m(MeshHostWorker pid=992986)[0m gpu2:992986:992986 [0] NCCL INFO threadThresholds 8/8/64 | 16/8/64 | 8/8/64
[2m[36m(MeshHostWorker pid=992986)[0m gpu2:992986:992986 [0] NCCL INFO 2 coll channels, 2 p2p channels, 1 p2p channels per peer
[2m[36m(MeshHostWorker pid=992986)[0m gpu2:992986:992986 [0] NCCL INFO comm 0x364e440 rank 1 nranks 2 cudaDev 0 busId 31000 - Init COMPLETE
 - Compile (driver): 142.01 s
compilation time breakdown: {'stage-construction': '123.17', 'stage-construction-dp': '1.35', 'stage-construction-compilation': '21.93', 'stage-construction-profiling': '34.32'}
 - Compile (worker): 7.26 s
[I] Training process warmup (2 rounds) with dummy input batch...
    - Warmup iteration: 1/2
[2m[36m(MeshHostWorker pid=2346522, ip=192.168.0.18)[0m gpu3:2346522:2346522 [0] NCCL INFO Launch mode Parallel
    - Warmup iteration: 2/2
[I] Ready to perform training process.
[I] Benchmark the training process with entire dataset and profile with driver overhead...
    - Iteration 1 / 5 is performed...
    - Iteration 2 / 5 is performed...
    - Iteration 3 / 5 is performed...
    - Iteration 4 / 5 is performed...
 - Benchmark: 149.09 s

[23.847348928451538, 20.00919008255005, 19.980846405029297, 19.973339080810547, 19.977081298828125, 19.970772743225098, 19.985403776168823]


[I] Performance metrics:
 - Iteration count: 5.
 - Total e2e training time : 103.778 s.
 - Average e2e iteration time: 20.756000518798828 s.
 - Total local training time: 99.88700103759766 s.
 - Average local iteration time: 19.977001190185547 s.
 - Max allocated memory among devices: 23.279 GB.
 - Compilation times:  {'stage-construction': 123.16870498657227, 'stage-construction-dp': 1.3502693176269531, 'stage-construction-compilation': 21.930062532424927, 'stage-construction-profiling': 34.32328939437866}
 - Metadata:  []
 - Is need save result:  True

[TMP] Current profiling results of key `2_a40_2_n_1_d`: 19.977487564086914
[TMP] Updated profiling results stored in `./jaxpr/prof_log/optimal/wide_resnet_1B_256.pkl`...

------------------------------------------------------------------
- (2/3) Profiling wide_resnet_1B with batch size: 512...
------------------------------------------------------------------
[TMP] Existed profiling results in `./jaxpr/prof_log/optimal/wide_resnet_1B_512.pkl`, updating/rewriting it...
[I] Ray Cluster & Alpa backend initialization is completed.
[I] Device Info:
    - Devices num per node: 1
    - Nodes num: 2
[I] Loading flax model....
[I] Model 'wide_resnet' loads sucessfully. Model Info: 

WideResNet(
    # attributes
    stage_sizes = [3, 4, 6, 3]
    block_cls = BottleneckResNetBlock
    num_classes = 1024
    num_filters = 320
    width_factor = 2
    dtype = float32
    act = relu
) 

[I] Manually construct dummy batch with the shape of (512, 224, 224, 3).
[I] Initialize training state...
[I] Training state initialization is completed.
[I] Constructing Alpa parallelized train step func...
[I] Alpa parallelized train step func construction is completed.
-------------------- Automatic stage clustering --------------------
submesh_choices: ((1, 1), (2, 1))
- Profiling for submesh 1 (2, 1):
- Generate all stage infos (Jaxpr -> HLO)
- Compile all stages
- Profile all stages
result[(0, 15, 1, 0), 0] = ModuleProfileResult(compute_cost=0.003, peak_memory=6.769 GB, invar_size=3.756 GB, outvar_size=1.556 GB, temp_buffer_size=1.457 GB, available_memory=35.242 GB)
result[(0, 15, 1, 1), 0] = ModuleProfileResult(compute_cost=0.087, peak_memory=5.377 GB, invar_size=2.565 GB, outvar_size=1.616 GB, temp_buffer_size=1.197 GB, available_memory=35.242 GB)
result[(0, 15, 1, 0), 1] = ModuleProfileResult(compute_cost=0.075, peak_memory=14.009 GB, invar_size=9.057 GB, outvar_size=3.746 GB, temp_buffer_size=4.952 GB, available_memory=35.242 GB)
result[(0, 15, 1, 1), 1] = ModuleProfileResult(compute_cost=0.122, peak_memory=8.926 GB, invar_size=6.733 GB, outvar_size=2.555 GB, temp_buffer_size=2.192 GB, available_memory=35.242 GB)
Profiling for submesh 1 (2, 1) takes 29.38 seconds
--------------------------------------------------
- Profiling for submesh 0 (1, 1):
- Generate all stage infos (Jaxpr -> HLO)
- Compile all stages
- Profile all stages
result[(1, 6, 0, 0), 1] = ModuleProfileResult(compute_cost=0.000, peak_memory=6.668 GB, invar_size=2.713 GB, outvar_size=0.579 GB, temp_buffer_size=3.597 GB, available_memory=35.446 GB)
result[(0, 6, 0, 0), 1] = ModuleProfileResult(compute_cost=0.000, peak_memory=6.701 GB, invar_size=2.746 GB, outvar_size=0.227 GB, temp_buffer_size=3.956 GB, available_memory=35.446 GB)
result[(0, 6, 0, 1), 1] = ModuleProfileResult(compute_cost=0.000, peak_memory=6.701 GB, invar_size=2.746 GB, outvar_size=0.227 GB, temp_buffer_size=3.956 GB, available_memory=35.446 GB)
result[(0, 7, 0, 0), 1] = ModuleProfileResult(compute_cost=0.000, peak_memory=7.261 GB, invar_size=3.305 GB, outvar_size=0.447 GB, temp_buffer_size=3.956 GB, available_memory=35.446 GB)
result[(0, 7, 0, 1), 1] = ModuleProfileResult(compute_cost=0.000, peak_memory=7.261 GB, invar_size=3.305 GB, outvar_size=0.447 GB, temp_buffer_size=3.956 GB, available_memory=35.446 GB)
result[(0, 8, 0, 1), 1] = ModuleProfileResult(compute_cost=0.000, peak_memory=7.747 GB, invar_size=3.791 GB, outvar_size=0.630 GB, temp_buffer_size=3.957 GB, available_memory=35.446 GB)
result[(0, 8, 0, 0), 1] = ModuleProfileResult(compute_cost=0.000, peak_memory=7.747 GB, invar_size=3.791 GB, outvar_size=0.630 GB, temp_buffer_size=3.957 GB, available_memory=35.446 GB)
result[(1, 6, 0, 1), 1] = ModuleProfileResult(compute_cost=0.000, peak_memory=6.668 GB, invar_size=2.713 GB, outvar_size=0.579 GB, temp_buffer_size=3.597 GB, available_memory=35.446 GB)
result[(1, 7, 0, 0), 1] = ModuleProfileResult(compute_cost=0.000, peak_memory=7.228 GB, invar_size=3.272 GB, outvar_size=0.799 GB, temp_buffer_size=3.597 GB, available_memory=35.446 GB)
result[(1, 7, 0, 1), 1] = ModuleProfileResult(compute_cost=0.000, peak_memory=7.228 GB, invar_size=3.272 GB, outvar_size=0.799 GB, temp_buffer_size=3.597 GB, available_memory=35.446 GB)
result[(1, 8, 0, 0), 1] = ModuleProfileResult(compute_cost=0.000, peak_memory=7.714 GB, invar_size=3.758 GB, outvar_size=0.982 GB, temp_buffer_size=3.597 GB, available_memory=35.446 GB)
result[(1, 8, 0, 1), 1] = ModuleProfileResult(compute_cost=0.000, peak_memory=7.714 GB, invar_size=3.758 GB, outvar_size=0.982 GB, temp_buffer_size=3.597 GB, available_memory=35.446 GB)
result[(1, 6, 0, 0), 0] = ModuleProfileResult(compute_cost=0.000, peak_memory=3.614 GB, invar_size=0.579 GB, outvar_size=1.914 GB, temp_buffer_size=1.121 GB, available_memory=35.446 GB)
result[(1, 6, 0, 1), 0] = ModuleProfileResult(compute_cost=0.000, peak_memory=3.614 GB, invar_size=0.579 GB, outvar_size=1.914 GB, temp_buffer_size=1.121 GB, available_memory=35.446 GB)
result[(1, 9, 0, 0), 1] = ModuleProfileResult(compute_cost=0.000, peak_memory=8.200 GB, invar_size=4.244 GB, outvar_size=1.165 GB, temp_buffer_size=3.598 GB, available_memory=35.446 GB)
result[(0, 6, 0, 0), 0] = ModuleProfileResult(compute_cost=0.000, peak_memory=3.652 GB, invar_size=0.246 GB, outvar_size=2.273 GB, temp_buffer_size=1.133 GB, available_memory=35.446 GB)
result[(2, 7, 0, 0), 1] = ModuleProfileResult(compute_cost=0.000, peak_memory=5.999 GB, invar_size=2.881 GB, outvar_size=0.902 GB, temp_buffer_size=2.640 GB, available_memory=35.446 GB)
result[(0, 6, 0, 1), 0] = ModuleProfileResult(compute_cost=0.000, peak_memory=3.652 GB, invar_size=0.246 GB, outvar_size=2.273 GB, temp_buffer_size=1.133 GB, available_memory=35.446 GB)
result[(1, 9, 0, 1), 1] = ModuleProfileResult(compute_cost=0.000, peak_memory=8.200 GB, invar_size=4.244 GB, outvar_size=1.165 GB, temp_buffer_size=3.598 GB, available_memory=35.446 GB)
result[(2, 7, 0, 1), 1] = ModuleProfileResult(compute_cost=0.000, peak_memory=5.999 GB, invar_size=2.881 GB, outvar_size=0.902 GB, temp_buffer_size=2.640 GB, available_memory=35.446 GB)
result[(0, 7, 0, 1), 0] = ModuleProfileResult(compute_cost=0.000, peak_memory=4.199 GB, invar_size=0.466 GB, outvar_size=2.393 GB, temp_buffer_size=1.341 GB, available_memory=35.446 GB)
result[(0, 7, 0, 0), 0] = ModuleProfileResult(compute_cost=0.000, peak_memory=4.199 GB, invar_size=0.466 GB, outvar_size=2.393 GB, temp_buffer_size=1.341 GB, available_memory=35.446 GB)
result[(1, 7, 0, 0), 0] = ModuleProfileResult(compute_cost=0.000, peak_memory=4.186 GB, invar_size=0.799 GB, outvar_size=2.034 GB, temp_buffer_size=1.353 GB, available_memory=35.446 GB)
result[(2, 8, 0, 0), 1] = ModuleProfileResult(compute_cost=0.000, peak_memory=6.486 GB, invar_size=3.367 GB, outvar_size=1.085 GB, temp_buffer_size=2.640 GB, available_memory=35.446 GB)
result[(1, 7, 0, 1), 0] = ModuleProfileResult(compute_cost=0.000, peak_memory=4.186 GB, invar_size=0.799 GB, outvar_size=2.034 GB, temp_buffer_size=1.353 GB, available_memory=35.446 GB)
result[(0, 8, 0, 0), 0] = ModuleProfileResult(compute_cost=0.000, peak_memory=4.697 GB, invar_size=0.649 GB, outvar_size=2.513 GB, temp_buffer_size=1.536 GB, available_memory=35.446 GB)
result[(2, 8, 0, 1), 1] = ModuleProfileResult(compute_cost=0.000, peak_memory=6.486 GB, invar_size=3.367 GB, outvar_size=1.085 GB, temp_buffer_size=2.640 GB, available_memory=35.446 GB)
result[(0, 8, 0, 1), 0] = ModuleProfileResult(compute_cost=0.000, peak_memory=4.697 GB, invar_size=0.649 GB, outvar_size=2.513 GB, temp_buffer_size=1.536 GB, available_memory=35.446 GB)
result[(2, 9, 0, 0), 1] = ModuleProfileResult(compute_cost=0.000, peak_memory=6.972 GB, invar_size=3.853 GB, outvar_size=1.269 GB, temp_buffer_size=2.640 GB, available_memory=35.446 GB)
result[(1, 8, 0, 0), 0] = ModuleProfileResult(compute_cost=0.000, peak_memory=4.665 GB, invar_size=0.983 GB, outvar_size=2.154 GB, temp_buffer_size=1.529 GB, available_memory=35.446 GB)
result[(2, 7, 0, 0), 0] = ModuleProfileResult(compute_cost=0.000, peak_memory=3.803 GB, invar_size=0.903 GB, outvar_size=1.555 GB, temp_buffer_size=1.345 GB, available_memory=35.446 GB)
result[(2, 9, 0, 1), 1] = ModuleProfileResult(compute_cost=0.000, peak_memory=6.972 GB, invar_size=3.853 GB, outvar_size=1.269 GB, temp_buffer_size=2.640 GB, available_memory=35.446 GB)
result[(1, 8, 0, 1), 0] = ModuleProfileResult(compute_cost=0.000, peak_memory=4.665 GB, invar_size=0.983 GB, outvar_size=2.154 GB, temp_buffer_size=1.529 GB, available_memory=35.446 GB)
result[(2, 10, 0, 0), 1] = ModuleProfileResult(compute_cost=0.000, peak_memory=7.458 GB, invar_size=4.339 GB, outvar_size=1.452 GB, temp_buffer_size=2.641 GB, available_memory=35.446 GB)
result[(2, 10, 0, 1), 1] = ModuleProfileResult(compute_cost=0.000, peak_memory=7.458 GB, invar_size=4.339 GB, outvar_size=1.452 GB, temp_buffer_size=2.641 GB, available_memory=35.446 GB)
result[(3, 9, 0, 0), 1] = ModuleProfileResult(compute_cost=0.000, peak_memory=5.794 GB, invar_size=3.352 GB, outvar_size=1.257 GB, temp_buffer_size=1.964 GB, available_memory=35.446 GB)
result[(2, 7, 0, 1), 0] = ModuleProfileResult(compute_cost=0.000, peak_memory=3.803 GB, invar_size=0.903 GB, outvar_size=1.555 GB, temp_buffer_size=1.345 GB, available_memory=35.446 GB)
result[(3, 9, 0, 1), 1] = ModuleProfileResult(compute_cost=0.000, peak_memory=5.794 GB, invar_size=3.352 GB, outvar_size=1.257 GB, temp_buffer_size=1.964 GB, available_memory=35.446 GB)
result[(1, 9, 0, 0), 0] = ModuleProfileResult(compute_cost=0.000, peak_memory=5.041 GB, invar_size=1.166 GB, outvar_size=2.273 GB, temp_buffer_size=1.603 GB, available_memory=35.446 GB)
result[(3, 10, 0, 0), 1] = ModuleProfileResult(compute_cost=0.000, peak_memory=6.280 GB, invar_size=3.837 GB, outvar_size=1.440 GB, temp_buffer_size=1.964 GB, available_memory=35.446 GB)
result[(3, 10, 0, 1), 1] = ModuleProfileResult(compute_cost=0.000, peak_memory=6.280 GB, invar_size=3.837 GB, outvar_size=1.440 GB, temp_buffer_size=1.964 GB, available_memory=35.446 GB)
result[(2, 8, 0, 0), 0] = ModuleProfileResult(compute_cost=0.000, peak_memory=4.286 GB, invar_size=1.086 GB, outvar_size=1.675 GB, temp_buffer_size=1.525 GB, available_memory=35.446 GB)
result[(1, 9, 0, 1), 0] = ModuleProfileResult(compute_cost=0.000, peak_memory=5.041 GB, invar_size=1.166 GB, outvar_size=2.273 GB, temp_buffer_size=1.603 GB, available_memory=35.446 GB)
result[(3, 11, 0, 0), 1] = ModuleProfileResult(compute_cost=0.000, peak_memory=6.766 GB, invar_size=4.323 GB, outvar_size=1.623 GB, temp_buffer_size=1.964 GB, available_memory=35.446 GB)
result[(2, 8, 0, 1), 0] = ModuleProfileResult(compute_cost=0.000, peak_memory=4.286 GB, invar_size=1.086 GB, outvar_size=1.675 GB, temp_buffer_size=1.525 GB, available_memory=35.446 GB)
result[(3, 11, 0, 1), 1] = ModuleProfileResult(compute_cost=0.000, peak_memory=6.766 GB, invar_size=4.323 GB, outvar_size=1.623 GB, temp_buffer_size=1.964 GB, available_memory=35.446 GB)
result[(2, 9, 0, 0), 0] = ModuleProfileResult(compute_cost=0.000, peak_memory=4.662 GB, invar_size=1.269 GB, outvar_size=1.795 GB, temp_buffer_size=1.598 GB, available_memory=35.446 GB)
result[(4, 10, 0, 0), 1] = ModuleProfileResult(compute_cost=0.000, peak_memory=4.835 GB, invar_size=3.249 GB, outvar_size=1.146 GB, temp_buffer_size=1.346 GB, available_memory=35.446 GB)
result[(2, 9, 0, 1), 0] = ModuleProfileResult(compute_cost=0.000, peak_memory=4.662 GB, invar_size=1.269 GB, outvar_size=1.795 GB, temp_buffer_size=1.598 GB, available_memory=35.446 GB)
result[(4, 10, 0, 1), 1] = ModuleProfileResult(compute_cost=0.000, peak_memory=4.835 GB, invar_size=3.249 GB, outvar_size=1.146 GB, temp_buffer_size=1.346 GB, available_memory=35.446 GB)
result[(4, 11, 0, 0), 1] = ModuleProfileResult(compute_cost=0.000, peak_memory=5.320 GB, invar_size=3.735 GB, outvar_size=1.329 GB, temp_buffer_size=1.346 GB, available_memory=35.446 GB)
result[(4, 11, 0, 1), 1] = ModuleProfileResult(compute_cost=0.000, peak_memory=5.320 GB, invar_size=3.735 GB, outvar_size=1.329 GB, temp_buffer_size=1.346 GB, available_memory=35.446 GB)
result[(3, 9, 0, 0), 0] = ModuleProfileResult(compute_cost=0.000, peak_memory=3.666 GB, invar_size=1.258 GB, outvar_size=1.316 GB, temp_buffer_size=1.092 GB, available_memory=35.446 GB)
result[(3, 9, 0, 1), 0] = ModuleProfileResult(compute_cost=0.000, peak_memory=3.666 GB, invar_size=1.258 GB, outvar_size=1.316 GB, temp_buffer_size=1.092 GB, available_memory=35.446 GB)
result[(4, 12, 0, 0), 1] = ModuleProfileResult(compute_cost=0.000, peak_memory=5.807 GB, invar_size=4.221 GB, outvar_size=1.512 GB, temp_buffer_size=1.347 GB, available_memory=35.446 GB)
result[(2, 10, 0, 0), 0] = ModuleProfileResult(compute_cost=0.000, peak_memory=5.099 GB, invar_size=1.453 GB, outvar_size=1.915 GB, temp_buffer_size=1.732 GB, available_memory=35.446 GB)
result[(4, 12, 0, 1), 1] = ModuleProfileResult(compute_cost=0.000, peak_memory=5.807 GB, invar_size=4.221 GB, outvar_size=1.512 GB, temp_buffer_size=1.347 GB, available_memory=35.446 GB)
result[(2, 10, 0, 1), 0] = ModuleProfileResult(compute_cost=0.000, peak_memory=5.099 GB, invar_size=1.453 GB, outvar_size=1.915 GB, temp_buffer_size=1.732 GB, available_memory=35.446 GB)
result[(3, 10, 0, 0), 0] = ModuleProfileResult(compute_cost=0.000, peak_memory=4.103 GB, invar_size=1.441 GB, outvar_size=1.436 GB, temp_buffer_size=1.226 GB, available_memory=35.446 GB)
result[(5, 11, 0, 0), 1] = ModuleProfileResult(compute_cost=0.000, peak_memory=4.990 GB, invar_size=3.404 GB, outvar_size=1.283 GB, temp_buffer_size=1.346 GB, available_memory=35.446 GB)
result[(3, 10, 0, 1), 0] = ModuleProfileResult(compute_cost=0.000, peak_memory=4.103 GB, invar_size=1.441 GB, outvar_size=1.436 GB, temp_buffer_size=1.226 GB, available_memory=35.446 GB)
result[(4, 10, 0, 0), 0] = ModuleProfileResult(compute_cost=0.000, peak_memory=3.301 GB, invar_size=1.147 GB, outvar_size=1.197 GB, temp_buffer_size=0.957 GB, available_memory=35.446 GB)
result[(5, 11, 0, 1), 1] = ModuleProfileResult(compute_cost=0.000, peak_memory=4.990 GB, invar_size=3.404 GB, outvar_size=1.283 GB, temp_buffer_size=1.346 GB, available_memory=35.446 GB)
result[(5, 12, 0, 0), 1] = ModuleProfileResult(compute_cost=0.000, peak_memory=5.475 GB, invar_size=3.890 GB, outvar_size=1.467 GB, temp_buffer_size=1.346 GB, available_memory=35.446 GB)
result[(4, 10, 0, 1), 0] = ModuleProfileResult(compute_cost=0.000, peak_memory=3.301 GB, invar_size=1.147 GB, outvar_size=1.197 GB, temp_buffer_size=0.957 GB, available_memory=35.446 GB)
result[(3, 11, 0, 0), 0] = ModuleProfileResult(compute_cost=0.000, peak_memory=4.540 GB, invar_size=1.624 GB, outvar_size=1.556 GB, temp_buffer_size=1.361 GB, available_memory=35.446 GB)
result[(5, 12, 0, 1), 1] = ModuleProfileResult(compute_cost=0.000, peak_memory=5.475 GB, invar_size=3.890 GB, outvar_size=1.467 GB, temp_buffer_size=1.346 GB, available_memory=35.446 GB)
result[(5, 13, 0, 0), 1] = ModuleProfileResult(compute_cost=0.000, peak_memory=7.393 GB, invar_size=5.708 GB, outvar_size=2.346 GB, temp_buffer_size=1.445 GB, available_memory=35.446 GB)
result[(4, 11, 0, 0), 0] = ModuleProfileResult(compute_cost=0.000, peak_memory=3.604 GB, invar_size=1.330 GB, outvar_size=1.316 GB, temp_buffer_size=0.958 GB, available_memory=35.446 GB)
result[(3, 11, 0, 1), 0] = ModuleProfileResult(compute_cost=0.000, peak_memory=4.540 GB, invar_size=1.624 GB, outvar_size=1.556 GB, temp_buffer_size=1.361 GB, available_memory=35.446 GB)
result[(5, 13, 0, 1), 1] = ModuleProfileResult(compute_cost=0.000, peak_memory=7.393 GB, invar_size=5.708 GB, outvar_size=2.346 GB, temp_buffer_size=1.445 GB, available_memory=35.446 GB)
result[(4, 11, 0, 1), 0] = ModuleProfileResult(compute_cost=0.000, peak_memory=3.604 GB, invar_size=1.330 GB, outvar_size=1.316 GB, temp_buffer_size=0.958 GB, available_memory=35.446 GB)
result[(5, 14, 0, 0), 1] = ModuleProfileResult(compute_cost=0.000, peak_memory=8.918 GB, invar_size=7.233 GB, outvar_size=3.078 GB, temp_buffer_size=1.445 GB, available_memory=35.446 GB)
result[(6, 12, 0, 0), 1] = ModuleProfileResult(compute_cost=0.000, peak_memory=4.926 GB, invar_size=3.559 GB, outvar_size=1.421 GB, temp_buffer_size=1.127 GB, available_memory=35.446 GB)
result[(5, 11, 0, 0), 0] = ModuleProfileResult(compute_cost=0.000, peak_memory=2.840 GB, invar_size=1.284 GB, outvar_size=1.077 GB, temp_buffer_size=0.479 GB, available_memory=35.446 GB)
result[(5, 14, 0, 1), 1] = ModuleProfileResult(compute_cost=0.000, peak_memory=8.918 GB, invar_size=7.233 GB, outvar_size=3.078 GB, temp_buffer_size=1.445 GB, available_memory=35.446 GB)
result[(6, 12, 0, 1), 1] = ModuleProfileResult(compute_cost=0.000, peak_memory=4.926 GB, invar_size=3.559 GB, outvar_size=1.421 GB, temp_buffer_size=1.127 GB, available_memory=35.446 GB)
result[(4, 12, 0, 0), 0] = ModuleProfileResult(compute_cost=0.000, peak_memory=3.907 GB, invar_size=1.513 GB, outvar_size=1.436 GB, temp_buffer_size=0.958 GB, available_memory=35.446 GB)
result[(5, 11, 0, 1), 0] = ModuleProfileResult(compute_cost=0.000, peak_memory=2.840 GB, invar_size=1.284 GB, outvar_size=1.077 GB, temp_buffer_size=0.479 GB, available_memory=35.446 GB)
result[(6, 13, 0, 0), 1] = ModuleProfileResult(compute_cost=0.000, peak_memory=6.844 GB, invar_size=5.377 GB, outvar_size=2.300 GB, temp_buffer_size=1.228 GB, available_memory=35.446 GB)
result[(4, 12, 0, 1), 0] = ModuleProfileResult(compute_cost=0.000, peak_memory=3.907 GB, invar_size=1.513 GB, outvar_size=1.436 GB, temp_buffer_size=0.958 GB, available_memory=35.446 GB)
result[(6, 13, 0, 1), 1] = ModuleProfileResult(compute_cost=0.000, peak_memory=6.844 GB, invar_size=5.377 GB, outvar_size=2.300 GB, temp_buffer_size=1.228 GB, available_memory=35.446 GB)
result[(5, 12, 0, 0), 0] = ModuleProfileResult(compute_cost=0.000, peak_memory=3.143 GB, invar_size=1.468 GB, outvar_size=1.197 GB, temp_buffer_size=0.479 GB, available_memory=35.446 GB)
result[(5, 12, 0, 1), 0] = ModuleProfileResult(compute_cost=0.000, peak_memory=3.143 GB, invar_size=1.468 GB, outvar_size=1.197 GB, temp_buffer_size=0.479 GB, available_memory=35.446 GB)
result[(6, 14, 0, 0), 1] = ModuleProfileResult(compute_cost=0.000, peak_memory=8.417 GB, invar_size=6.902 GB, outvar_size=3.032 GB, temp_buffer_size=1.276 GB, available_memory=35.446 GB)
result[(6, 14, 0, 1), 1] = ModuleProfileResult(compute_cost=0.000, peak_memory=8.417 GB, invar_size=6.902 GB, outvar_size=3.032 GB, temp_buffer_size=1.276 GB, available_memory=35.446 GB)
result[(6, 15, 0, 0), 1] = ModuleProfileResult(compute_cost=0.000, peak_memory=9.960 GB, invar_size=8.445 GB, outvar_size=3.804 GB, temp_buffer_size=1.275 GB, available_memory=35.446 GB)
result[(6, 12, 0, 0), 0] = ModuleProfileResult(compute_cost=0.000, peak_memory=2.858 GB, invar_size=1.422 GB, outvar_size=0.958 GB, temp_buffer_size=0.479 GB, available_memory=35.446 GB)
result[(6, 15, 0, 1), 1] = ModuleProfileResult(compute_cost=0.000, peak_memory=9.960 GB, invar_size=8.445 GB, outvar_size=3.804 GB, temp_buffer_size=1.275 GB, available_memory=35.446 GB)
result[(6, 12, 0, 1), 0] = ModuleProfileResult(compute_cost=0.000, peak_memory=2.858 GB, invar_size=1.422 GB, outvar_size=0.958 GB, temp_buffer_size=0.479 GB, available_memory=35.446 GB)
result[(7, 13, 0, 0), 1] = ModuleProfileResult(compute_cost=0.000, peak_memory=6.520 GB, invar_size=5.046 GB, outvar_size=2.254 GB, temp_buffer_size=1.234 GB, available_memory=35.446 GB)
result[(5, 13, 0, 0), 0] = ModuleProfileResult(compute_cost=0.000, peak_memory=4.462 GB, invar_size=2.347 GB, outvar_size=1.257 GB, temp_buffer_size=0.859 GB, available_memory=35.446 GB)
result[(7, 13, 0, 1), 1] = ModuleProfileResult(compute_cost=0.000, peak_memory=6.520 GB, invar_size=5.046 GB, outvar_size=2.254 GB, temp_buffer_size=1.234 GB, available_memory=35.446 GB)
result[(5, 13, 0, 1), 0] = ModuleProfileResult(compute_cost=0.000, peak_memory=4.462 GB, invar_size=2.347 GB, outvar_size=1.257 GB, temp_buffer_size=0.859 GB, available_memory=35.446 GB)
result[(6, 13, 0, 0), 0] = ModuleProfileResult(compute_cost=0.000, peak_memory=4.177 GB, invar_size=2.301 GB, outvar_size=1.018 GB, temp_buffer_size=0.859 GB, available_memory=35.446 GB)
result[(7, 14, 0, 0), 1] = ModuleProfileResult(compute_cost=0.000, peak_memory=8.085 GB, invar_size=6.571 GB, outvar_size=2.987 GB, temp_buffer_size=1.275 GB, available_memory=35.446 GB)
result[(6, 13, 0, 1), 0] = ModuleProfileResult(compute_cost=0.000, peak_memory=4.177 GB, invar_size=2.301 GB, outvar_size=1.018 GB, temp_buffer_size=0.859 GB, available_memory=35.446 GB)
result[(7, 14, 0, 1), 1] = ModuleProfileResult(compute_cost=0.000, peak_memory=8.085 GB, invar_size=6.571 GB, outvar_size=2.987 GB, temp_buffer_size=1.275 GB, available_memory=35.446 GB)
result[(5, 14, 0, 0), 0] = ModuleProfileResult(compute_cost=0.000, peak_memory=5.315 GB, invar_size=3.080 GB, outvar_size=1.317 GB, temp_buffer_size=0.919 GB, available_memory=35.446 GB)
result[(7, 15, 0, 0), 1] = ModuleProfileResult(compute_cost=0.000, peak_memory=9.629 GB, invar_size=8.114 GB, outvar_size=3.758 GB, temp_buffer_size=1.276 GB, available_memory=35.446 GB)
result[(5, 14, 0, 1), 0] = ModuleProfileResult(compute_cost=0.000, peak_memory=5.315 GB, invar_size=3.080 GB, outvar_size=1.317 GB, temp_buffer_size=0.919 GB, available_memory=35.446 GB)
result[(7, 15, 0, 1), 1] = ModuleProfileResult(compute_cost=0.000, peak_memory=9.629 GB, invar_size=8.114 GB, outvar_size=3.758 GB, temp_buffer_size=1.276 GB, available_memory=35.446 GB)
result[(8, 14, 0, 0), 1] = ModuleProfileResult(compute_cost=0.000, peak_memory=7.331 GB, invar_size=5.892 GB, outvar_size=2.647 GB, temp_buffer_size=1.319 GB, available_memory=35.446 GB)
result[(8, 14, 0, 1), 1] = ModuleProfileResult(compute_cost=0.000, peak_memory=7.331 GB, invar_size=5.892 GB, outvar_size=2.647 GB, temp_buffer_size=1.319 GB, available_memory=35.446 GB)
result[(7, 13, 0, 0), 0] = ModuleProfileResult(compute_cost=0.000, peak_memory=3.892 GB, invar_size=2.255 GB, outvar_size=0.778 GB, temp_buffer_size=0.859 GB, available_memory=35.446 GB)
result[(6, 14, 0, 0), 0] = ModuleProfileResult(compute_cost=0.000, peak_memory=5.029 GB, invar_size=3.034 GB, outvar_size=1.077 GB, temp_buffer_size=0.919 GB, available_memory=35.446 GB)
result[(8, 15, 0, 0), 1] = ModuleProfileResult(compute_cost=0.000, peak_memory=8.875 GB, invar_size=7.436 GB, outvar_size=3.419 GB, temp_buffer_size=1.320 GB, available_memory=35.446 GB)
result[(6, 14, 0, 1), 0] = ModuleProfileResult(compute_cost=0.000, peak_memory=5.029 GB, invar_size=3.034 GB, outvar_size=1.077 GB, temp_buffer_size=0.919 GB, available_memory=35.446 GB)
result[(6, 15, 0, 0), 0] = ModuleProfileResult(compute_cost=0.000, peak_memory=5.750 GB, invar_size=3.806 GB, outvar_size=1.078 GB, temp_buffer_size=0.868 GB, available_memory=35.446 GB)
result[(8, 15, 0, 1), 1] = ModuleProfileResult(compute_cost=0.000, peak_memory=8.875 GB, invar_size=7.436 GB, outvar_size=3.419 GB, temp_buffer_size=1.320 GB, available_memory=35.446 GB)
result[(7, 13, 0, 1), 0] = ModuleProfileResult(compute_cost=0.000, peak_memory=3.892 GB, invar_size=2.255 GB, outvar_size=0.778 GB, temp_buffer_size=0.859 GB, available_memory=35.446 GB)
result[(9, 15, 0, 0), 1] = ModuleProfileResult(compute_cost=0.000, peak_memory=8.389 GB, invar_size=6.950 GB, outvar_size=3.236 GB, temp_buffer_size=1.320 GB, available_memory=35.446 GB)
result[(6, 15, 0, 1), 0] = ModuleProfileResult(compute_cost=0.000, peak_memory=5.750 GB, invar_size=3.806 GB, outvar_size=1.078 GB, temp_buffer_size=0.868 GB, available_memory=35.446 GB)
result[(9, 15, 0, 1), 1] = ModuleProfileResult(compute_cost=0.000, peak_memory=8.389 GB, invar_size=6.950 GB, outvar_size=3.236 GB, temp_buffer_size=1.320 GB, available_memory=35.446 GB)
result[(7, 14, 0, 0), 0] = ModuleProfileResult(compute_cost=0.000, peak_memory=4.744 GB, invar_size=2.988 GB, outvar_size=0.838 GB, temp_buffer_size=0.919 GB, available_memory=35.446 GB)
result[(8, 14, 0, 0), 0] = ModuleProfileResult(compute_cost=0.000, peak_memory=4.165 GB, invar_size=2.649 GB, outvar_size=0.718 GB, temp_buffer_size=0.799 GB, available_memory=35.446 GB)
result[(7, 14, 0, 1), 0] = ModuleProfileResult(compute_cost=0.000, peak_memory=4.744 GB, invar_size=2.988 GB, outvar_size=0.838 GB, temp_buffer_size=0.919 GB, available_memory=35.446 GB)
result[(8, 14, 0, 1), 0] = ModuleProfileResult(compute_cost=0.000, peak_memory=4.165 GB, invar_size=2.649 GB, outvar_size=0.718 GB, temp_buffer_size=0.799 GB, available_memory=35.446 GB)
result[(7, 15, 0, 0), 0] = ModuleProfileResult(compute_cost=0.000, peak_memory=5.471 GB, invar_size=3.760 GB, outvar_size=0.838 GB, temp_buffer_size=0.874 GB, available_memory=35.446 GB)
result[(7, 15, 0, 1), 0] = ModuleProfileResult(compute_cost=0.000, peak_memory=5.471 GB, invar_size=3.760 GB, outvar_size=0.838 GB, temp_buffer_size=0.874 GB, available_memory=35.446 GB)
result[(9, 15, 0, 0), 0] = ModuleProfileResult(compute_cost=0.000, peak_memory=4.463 GB, invar_size=3.237 GB, outvar_size=0.599 GB, temp_buffer_size=0.628 GB, available_memory=35.446 GB)
result[(8, 15, 0, 0), 0] = ModuleProfileResult(compute_cost=0.000, peak_memory=4.892 GB, invar_size=3.420 GB, outvar_size=0.719 GB, temp_buffer_size=0.754 GB, available_memory=35.446 GB)
result[(9, 15, 0, 1), 0] = ModuleProfileResult(compute_cost=0.000, peak_memory=4.463 GB, invar_size=3.237 GB, outvar_size=0.599 GB, temp_buffer_size=0.628 GB, available_memory=35.446 GB)
result[(8, 15, 0, 1), 0] = ModuleProfileResult(compute_cost=0.000, peak_memory=4.892 GB, invar_size=3.420 GB, outvar_size=0.719 GB, temp_buffer_size=0.754 GB, available_memory=35.446 GB)
Profiling for submesh 0 (1, 1) takes 140.45 seconds
--------------------------------------------------
----------------------------------------------------------------------
Result forward_stage_layer_ids: [[0, 1, 2, 3, 4, 5, 6, 7, 8], [9, 10, 11, 12, 13, 14, 15]]
Result mesh_shapes: [(1, 1), (1, 1)]
Result logical_mesh_shapes: [(1, 1), (1, 1)]
Result autosharding_option_dicts: [{'force_batch_dim_to_mesh_dim': 0}, {'force_batch_dim_to_mesh_dim': 0}]
[2m[36m(MeshHostWorker pid=2350753, ip=192.168.0.18)[0m gpu3:2350753:2350753 [0] NCCL INFO Bootstrap : Using ib0.8068:192.168.1.17<0>
[2m[36m(MeshHostWorker pid=2350753, ip=192.168.0.18)[0m gpu3:2350753:2350753 [0] NCCL INFO NET/Plugin : No plugin found (libnccl-net.so), using internal implementation
[2m[36m(MeshHostWorker pid=2350753, ip=192.168.0.18)[0m 
[2m[36m(MeshHostWorker pid=2350753, ip=192.168.0.18)[0m gpu3:2350753:2350753 [0] misc/ibvwrap.cc:63 NCCL WARN Failed to open libibverbs.so[.1]
[2m[36m(MeshHostWorker pid=2350753, ip=192.168.0.18)[0m gpu3:2350753:2350753 [0] NCCL INFO NET/Socket : Using [0]ib0.8068:192.168.1.17<0>
[2m[36m(MeshHostWorker pid=2350753, ip=192.168.0.18)[0m gpu3:2350753:2350753 [0] NCCL INFO Using network Socket
[2m[36m(MeshHostWorker pid=2350753, ip=192.168.0.18)[0m 
[2m[36m(MeshHostWorker pid=2350753, ip=192.168.0.18)[0m gpu3:2350753:2350753 [0] misc/nvmlwrap.cc:47 NCCL WARN Failed to open libnvidia-ml.so.1
[2m[36m(MeshHostWorker pid=2350753, ip=192.168.0.18)[0m 
[2m[36m(MeshHostWorker pid=2350753, ip=192.168.0.18)[0m gpu3:2350753:2350753 [0] graph/xml.cc:595 NCCL WARN No NVML device handle. Skipping nvlink detection.
[2m[36m(MeshHostWorker pid=2350753, ip=192.168.0.18)[0m gpu3:2350753:2350753 [0] NCCL INFO Trees [0] -1/-1/-1->1->0 [1] 0/-1/-1->1->-1
[2m[36m(MeshHostWorker pid=2350753, ip=192.168.0.18)[0m gpu3:2350753:2350753 [0] NCCL INFO Setting affinity for GPU 0 to ffffff
[2m[36m(MeshHostWorker pid=1001919)[0m gpu2:1001919:1001919 [0] NCCL INFO Bootstrap : Using ib0.8068:192.168.1.16<0>
[2m[36m(MeshHostWorker pid=1001919)[0m gpu2:1001919:1001919 [0] NCCL INFO NET/Plugin : No plugin found (libnccl-net.so), using internal implementation
[2m[36m(MeshHostWorker pid=1001919)[0m 
[2m[36m(MeshHostWorker pid=1001919)[0m gpu2:1001919:1001919 [0] misc/ibvwrap.cc:63 NCCL WARN Failed to open libibverbs.so[.1]
[2m[36m(MeshHostWorker pid=1001919)[0m gpu2:1001919:1001919 [0] NCCL INFO NET/Socket : Using [0]ib0.8068:192.168.1.16<0>
[2m[36m(MeshHostWorker pid=1001919)[0m gpu2:1001919:1001919 [0] NCCL INFO Using network Socket
[2m[36m(MeshHostWorker pid=1001919)[0m NCCL version 2.8.4+cuda11.2
[2m[36m(MeshHostWorker pid=1001919)[0m 
[2m[36m(MeshHostWorker pid=1001919)[0m gpu2:1001919:1001919 [0] misc/nvmlwrap.cc:47 NCCL WARN Failed to open libnvidia-ml.so.1
[2m[36m(MeshHostWorker pid=1001919)[0m 
[2m[36m(MeshHostWorker pid=1001919)[0m gpu2:1001919:1001919 [0] graph/xml.cc:595 NCCL WARN No NVML device handle. Skipping nvlink detection.
[2m[36m(MeshHostWorker pid=1001919)[0m gpu2:1001919:1001919 [0] NCCL INFO Channel 00/02 :    0   1
[2m[36m(MeshHostWorker pid=1001919)[0m gpu2:1001919:1001919 [0] NCCL INFO Channel 01/02 :    0   1
[2m[36m(MeshHostWorker pid=1001919)[0m gpu2:1001919:1001919 [0] NCCL INFO Trees [0] 1/-1/-1->0->-1 [1] -1/-1/-1->0->1
[2m[36m(MeshHostWorker pid=1001919)[0m gpu2:1001919:1001919 [0] NCCL INFO Setting affinity for GPU 0 to ffffff
[2m[36m(MeshHostWorker pid=1001919)[0m gpu2:1001919:1001919 [0] NCCL INFO Channel 00 : 1[31000] -> 0[31000] [receive] via NET/Socket/0
[2m[36m(MeshHostWorker pid=1001919)[0m gpu2:1001919:1001919 [0] NCCL INFO NCCL_NSOCKS_PERTHREAD set by environment to 8.
[2m[36m(MeshHostWorker pid=1001919)[0m gpu2:1001919:1001919 [0] NCCL INFO NCCL_SOCKET_NTHREADS set by environment to 8.
[2m[36m(MeshHostWorker pid=1001919)[0m gpu2:1001919:1001919 [0] NCCL INFO NET/Socket: Using 8 threads and 8 sockets per thread
[2m[36m(MeshHostWorker pid=1001919)[0m gpu2:1001919:1001919 [0] NCCL INFO Channel 01 : 1[31000] -> 0[31000] [receive] via NET/Socket/0
[2m[36m(MeshHostWorker pid=1001919)[0m gpu2:1001919:1001919 [0] NCCL INFO NET/Socket: Using 8 threads and 8 sockets per thread
[2m[36m(MeshHostWorker pid=1001919)[0m gpu2:1001919:1001919 [0] NCCL INFO Channel 00 : 0[31000] -> 1[31000] [send] via NET/Socket/0
[2m[36m(MeshHostWorker pid=1001919)[0m gpu2:1001919:1001919 [0] NCCL INFO Channel 01 : 0[31000] -> 1[31000] [send] via NET/Socket/0
[2m[36m(MeshHostWorker pid=2350753, ip=192.168.0.18)[0m gpu3:2350753:2350753 [0] NCCL INFO Channel 00 : 0[31000] -> 1[31000] [receive] via NET/Socket/0
[2m[36m(MeshHostWorker pid=2350753, ip=192.168.0.18)[0m gpu3:2350753:2350753 [0] NCCL INFO NCCL_NSOCKS_PERTHREAD set by environment to 8.
[2m[36m(MeshHostWorker pid=2350753, ip=192.168.0.18)[0m gpu3:2350753:2350753 [0] NCCL INFO NCCL_SOCKET_NTHREADS set by environment to 8.
[2m[36m(MeshHostWorker pid=2350753, ip=192.168.0.18)[0m gpu3:2350753:2350753 [0] NCCL INFO NET/Socket: Using 8 threads and 8 sockets per thread
[2m[36m(MeshHostWorker pid=2350753, ip=192.168.0.18)[0m gpu3:2350753:2350753 [0] NCCL INFO Channel 01 : 0[31000] -> 1[31000] [receive] via NET/Socket/0
[2m[36m(MeshHostWorker pid=2350753, ip=192.168.0.18)[0m gpu3:2350753:2350753 [0] NCCL INFO NET/Socket: Using 8 threads and 8 sockets per thread
[2m[36m(MeshHostWorker pid=2350753, ip=192.168.0.18)[0m gpu3:2350753:2350753 [0] NCCL INFO Channel 00 : 1[31000] -> 0[31000] [send] via NET/Socket/0
[2m[36m(MeshHostWorker pid=2350753, ip=192.168.0.18)[0m gpu3:2350753:2350753 [0] NCCL INFO Channel 01 : 1[31000] -> 0[31000] [send] via NET/Socket/0
[2m[36m(MeshHostWorker pid=2350753, ip=192.168.0.18)[0m gpu3:2350753:2350753 [0] NCCL INFO Connected all rings
[2m[36m(MeshHostWorker pid=2350753, ip=192.168.0.18)[0m gpu3:2350753:2350753 [0] NCCL INFO Connected all trees
[2m[36m(MeshHostWorker pid=2350753, ip=192.168.0.18)[0m gpu3:2350753:2350753 [0] NCCL INFO threadThresholds 8/8/64 | 16/8/64 | 8/8/64
[2m[36m(MeshHostWorker pid=2350753, ip=192.168.0.18)[0m gpu3:2350753:2350753 [0] NCCL INFO 2 coll channels, 2 p2p channels, 1 p2p channels per peer
[2m[36m(MeshHostWorker pid=2350753, ip=192.168.0.18)[0m gpu3:2350753:2350753 [0] NCCL INFO comm 0x3f13ba0 rank 1 nranks 2 cudaDev 0 busId 31000 - Init COMPLETE
[2m[36m(MeshHostWorker pid=1001919)[0m gpu2:1001919:1001919 [0] NCCL INFO Connected all rings
[2m[36m(MeshHostWorker pid=1001919)[0m gpu2:1001919:1001919 [0] NCCL INFO Connected all trees
[2m[36m(MeshHostWorker pid=1001919)[0m gpu2:1001919:1001919 [0] NCCL INFO threadThresholds 8/8/64 | 16/8/64 | 8/8/64
[2m[36m(MeshHostWorker pid=1001919)[0m gpu2:1001919:1001919 [0] NCCL INFO 2 coll channels, 2 p2p channels, 1 p2p channels per peer
[2m[36m(MeshHostWorker pid=1001919)[0m gpu2:1001919:1001919 [0] NCCL INFO comm 0x4579080 rank 0 nranks 2 cudaDev 0 busId 31000 - Init COMPLETE
 - Compile (driver): 189.84 s
compilation time breakdown: {'stage-construction': '172.49', 'stage-construction-dp': '1.31', 'stage-construction-compilation': '23.43', 'stage-construction-profiling': '81.81'}
 - Compile (worker): 19.25 s
