
------------------------------------------------------------------
- (1/3) Profiling wide_resnet_4B with batch size: 256...
------------------------------------------------------------------
[TMP] Profiling results not found in `./jaxpr/prof_log/optimal/wide_resnet_4B_256.pkl`, creating it...
[I] Ray Cluster & Alpa backend initialization is completed.
[I] Device Info:
    - Devices num per node: 2
    - Nodes num: 4
[I] Loading flax model....
[I] Model 'wide_resnet' loads sucessfully. Model Info: 

WideResNet(
    # attributes
    stage_sizes = [3, 4, 6, 3]
    block_cls = BottleneckResNetBlock
    num_classes = 1024
    num_filters = 640
    width_factor = 2
    dtype = float32
    act = relu
) 

[I] Manually construct dummy batch with the shape of (256, 224, 224, 3).
[I] Initialize training state...
[I] Training state initialization is completed.
[I] Constructing Alpa parallelized train step func...
[I] Alpa parallelized train step func construction is completed.
-------------------- Automatic stage clustering --------------------
submesh_choices: ((1, 1), (1, 2), (2, 2), (4, 2))
- Profiling for submesh 3 (4, 2):
- Generate all stage infos (Jaxpr -> HLO)
- Compile all stages
- Profile all stages
result[(0, 15, 3, 0), 0] = ModuleProfileResult(compute_cost=0.021, peak_memory=17.287 GB, invar_size=14.906 GB, outvar_size=0.389 GB, temp_buffer_size=1.992 GB, available_memory=17.402 GB)
result[(0, 15, 3, 1), 0] = ModuleProfileResult(compute_cost=0.204, peak_memory=9.113 GB, invar_size=7.455 GB, outvar_size=0.479 GB, temp_buffer_size=1.179 GB, available_memory=17.402 GB)
result[(0, 15, 3, 2), 0] = ModuleProfileResult(compute_cost=2.070, peak_memory=3.947 GB, invar_size=2.661 GB, outvar_size=0.598 GB, temp_buffer_size=0.688 GB, available_memory=17.402 GB)
result[(0, 15, 3, 0), 1] = ModuleProfileResult(compute_cost=1.918, peak_memory=49.288 GB, invar_size=30.199 GB, outvar_size=14.905 GB, temp_buffer_size=19.089 GB, available_memory=17.402 GB)
result[(0, 15, 3, 1), 1] = ModuleProfileResult(compute_cost=1.747, peak_memory=26.827 GB, invar_size=15.387 GB, outvar_size=7.454 GB, temp_buffer_size=11.440 GB, available_memory=17.402 GB)
result[(0, 15, 3, 2), 1] = ModuleProfileResult(compute_cost=2.675, peak_memory=7.116 GB, invar_size=5.917 GB, outvar_size=2.659 GB, temp_buffer_size=1.199 GB, available_memory=17.402 GB)
Profiling for submesh 3 (4, 2) takes 50.99 seconds
--------------------------------------------------
- Profiling for submesh 2 (2, 2):
- Generate all stage infos (Jaxpr -> HLO)
- Compile all stages
- Profile all stages
result[(0, 6, 2, 0), 0] = ModuleProfileResult(compute_cost=0.005, peak_memory=1.958 GB, invar_size=0.911 GB, outvar_size=0.568 GB, temp_buffer_size=0.479 GB, available_memory=17.580 GB)
result[(0, 6, 2, 2), 0] = ModuleProfileResult(compute_cost=0.005, peak_memory=1.958 GB, invar_size=0.911 GB, outvar_size=0.568 GB, temp_buffer_size=0.479 GB, available_memory=17.580 GB)
result[(1, 6, 2, 0), 0] = ModuleProfileResult(compute_cost=0.004, peak_memory=1.926 GB, invar_size=0.969 GB, outvar_size=0.479 GB, temp_buffer_size=0.479 GB, available_memory=17.580 GB)
result[(1, 6, 2, 1), 0] = ModuleProfileResult(compute_cost=0.067, peak_memory=1.603 GB, invar_size=0.617 GB, outvar_size=0.479 GB, temp_buffer_size=0.507 GB, available_memory=17.580 GB)
result[(0, 7, 2, 0), 0] = ModuleProfileResult(compute_cost=0.006, peak_memory=3.247 GB, invar_size=1.790 GB, outvar_size=0.598 GB, temp_buffer_size=0.858 GB, available_memory=17.580 GB)
result[(0, 6, 2, 1), 0] = ModuleProfileResult(compute_cost=0.069, peak_memory=1.567 GB, invar_size=0.491 GB, outvar_size=0.568 GB, temp_buffer_size=0.507 GB, available_memory=17.580 GB)
result[(1, 6, 2, 2), 0] = ModuleProfileResult(compute_cost=0.004, peak_memory=1.926 GB, invar_size=0.969 GB, outvar_size=0.479 GB, temp_buffer_size=0.479 GB, available_memory=17.580 GB)
result[(0, 7, 2, 2), 0] = ModuleProfileResult(compute_cost=0.123, peak_memory=2.586 GB, invar_size=1.314 GB, outvar_size=0.598 GB, temp_buffer_size=0.674 GB, available_memory=17.580 GB)
result[(1, 7, 2, 2), 0] = ModuleProfileResult(compute_cost=0.127, peak_memory=2.525 GB, invar_size=1.372 GB, outvar_size=0.509 GB, temp_buffer_size=0.644 GB, available_memory=17.580 GB)
result[(1, 7, 2, 0), 0] = ModuleProfileResult(compute_cost=0.011, peak_memory=3.215 GB, invar_size=1.848 GB, outvar_size=0.509 GB, temp_buffer_size=0.858 GB, available_memory=17.580 GB)
result[(0, 8, 2, 2), 0] = ModuleProfileResult(compute_cost=0.715, peak_memory=3.019 GB, invar_size=1.314 GB, outvar_size=0.808 GB, temp_buffer_size=0.898 GB, available_memory=17.580 GB)
result[(0, 8, 2, 0), 0] = ModuleProfileResult(compute_cost=0.007, peak_memory=4.070 GB, invar_size=2.523 GB, outvar_size=0.628 GB, temp_buffer_size=0.919 GB, available_memory=17.580 GB)
result[(0, 7, 2, 1), 0] = ModuleProfileResult(compute_cost=0.118, peak_memory=2.347 GB, invar_size=0.931 GB, outvar_size=0.658 GB, temp_buffer_size=0.758 GB, available_memory=17.580 GB)
result[(0, 8, 2, 1), 0] = ModuleProfileResult(compute_cost=0.133, peak_memory=2.774 GB, invar_size=1.298 GB, outvar_size=0.688 GB, temp_buffer_size=0.788 GB, available_memory=17.580 GB)
result[(1, 7, 2, 1), 0] = ModuleProfileResult(compute_cost=0.120, peak_memory=2.383 GB, invar_size=1.057 GB, outvar_size=0.568 GB, temp_buffer_size=0.758 GB, available_memory=17.580 GB)
result[(1, 8, 2, 0), 0] = ModuleProfileResult(compute_cost=0.012, peak_memory=4.038 GB, invar_size=2.581 GB, outvar_size=0.539 GB, temp_buffer_size=0.918 GB, available_memory=17.580 GB)
result[(1, 6, 2, 0), 1] = ModuleProfileResult(compute_cost=0.100, peak_memory=3.693 GB, invar_size=2.327 GB, outvar_size=0.969 GB, temp_buffer_size=1.277 GB, available_memory=17.580 GB)
result[(2, 7, 2, 0), 0] = ModuleProfileResult(compute_cost=0.004, peak_memory=2.854 GB, invar_size=1.814 GB, outvar_size=0.389 GB, temp_buffer_size=0.651 GB, available_memory=17.580 GB)
result[(1, 8, 2, 1), 0] = ModuleProfileResult(compute_cost=0.134, peak_memory=2.809 GB, invar_size=1.423 GB, outvar_size=0.598 GB, temp_buffer_size=0.788 GB, available_memory=17.580 GB)
result[(1, 8, 2, 2), 0] = ModuleProfileResult(compute_cost=0.718, peak_memory=2.988 GB, invar_size=1.373 GB, outvar_size=0.718 GB, temp_buffer_size=0.897 GB, available_memory=17.580 GB)
result[(0, 6, 2, 2), 1] = ModuleProfileResult(compute_cost=0.104, peak_memory=3.574 GB, invar_size=2.388 GB, outvar_size=0.909 GB, temp_buffer_size=1.186 GB, available_memory=17.580 GB)
result[(1, 6, 2, 2), 1] = ModuleProfileResult(compute_cost=0.100, peak_memory=3.693 GB, invar_size=2.327 GB, outvar_size=0.969 GB, temp_buffer_size=1.277 GB, available_memory=17.580 GB)
result[(0, 6, 2, 0), 1] = ModuleProfileResult(compute_cost=0.104, peak_memory=3.574 GB, invar_size=2.388 GB, outvar_size=0.909 GB, temp_buffer_size=1.186 GB, available_memory=17.580 GB)
result[(2, 7, 2, 1), 0] = ModuleProfileResult(compute_cost=0.194, peak_memory=2.284 GB, invar_size=1.093 GB, outvar_size=0.568 GB, temp_buffer_size=0.623 GB, available_memory=17.580 GB)
result[(1, 9, 2, 0), 0] = ModuleProfileResult(compute_cost=0.007, peak_memory=4.831 GB, invar_size=3.314 GB, outvar_size=0.568 GB, temp_buffer_size=0.949 GB, available_memory=17.580 GB)
result[(1, 6, 2, 1), 1] = ModuleProfileResult(compute_cost=0.306, peak_memory=3.038 GB, invar_size=1.563 GB, outvar_size=0.557 GB, temp_buffer_size=1.385 GB, available_memory=17.580 GB)
result[(1, 9, 2, 2), 0] = ModuleProfileResult(compute_cost=0.864, peak_memory=3.201 GB, invar_size=1.556 GB, outvar_size=0.748 GB, temp_buffer_size=0.898 GB, available_memory=17.580 GB)
result[(1, 9, 2, 1), 0] = ModuleProfileResult(compute_cost=0.145, peak_memory=3.176 GB, invar_size=1.789 GB, outvar_size=0.628 GB, temp_buffer_size=0.759 GB, available_memory=17.580 GB)
result[(0, 7, 2, 0), 1] = ModuleProfileResult(compute_cost=0.198, peak_memory=6.876 GB, invar_size=4.176 GB, outvar_size=1.788 GB, temp_buffer_size=2.700 GB, available_memory=17.580 GB)
result[(0, 6, 2, 1), 1] = ModuleProfileResult(compute_cost=0.312, peak_memory=2.941 GB, invar_size=1.548 GB, outvar_size=0.489 GB, temp_buffer_size=1.393 GB, available_memory=17.580 GB)
result[(1, 7, 2, 0), 1] = ModuleProfileResult(compute_cost=0.194, peak_memory=6.876 GB, invar_size=4.115 GB, outvar_size=1.848 GB, temp_buffer_size=2.671 GB, available_memory=17.580 GB)
result[(1, 7, 2, 2), 1] = ModuleProfileResult(compute_cost=0.383, peak_memory=5.058 GB, invar_size=3.252 GB, outvar_size=1.372 GB, temp_buffer_size=1.716 GB, available_memory=17.580 GB)
result[(0, 7, 2, 2), 1] = ModuleProfileResult(compute_cost=0.387, peak_memory=4.939 GB, invar_size=3.313 GB, outvar_size=1.312 GB, temp_buffer_size=1.626 GB, available_memory=17.580 GB)
result[(2, 7, 2, 2), 0] = ModuleProfileResult(compute_cost=0.121, peak_memory=2.162 GB, invar_size=1.338 GB, outvar_size=0.389 GB, temp_buffer_size=0.435 GB, available_memory=17.580 GB)
result[(0, 8, 2, 0), 1] = ModuleProfileResult(compute_cost=0.276, peak_memory=9.201 GB, invar_size=5.671 GB, outvar_size=2.520 GB, temp_buffer_size=3.530 GB, available_memory=17.580 GB)
result[(2, 8, 2, 0), 0] = ModuleProfileResult(compute_cost=0.005, peak_memory=3.645 GB, invar_size=2.547 GB, outvar_size=0.419 GB, temp_buffer_size=0.679 GB, available_memory=17.580 GB)
result[(2, 8, 2, 1), 0] = ModuleProfileResult(compute_cost=0.208, peak_memory=2.680 GB, invar_size=1.459 GB, outvar_size=0.598 GB, temp_buffer_size=0.623 GB, available_memory=17.580 GB)
result[(1, 7, 2, 1), 1] = ModuleProfileResult(compute_cost=0.411, peak_memory=4.169 GB, invar_size=2.531 GB, outvar_size=0.997 GB, temp_buffer_size=1.548 GB, available_memory=17.580 GB)
result[(2, 8, 2, 2), 0] = ModuleProfileResult(compute_cost=0.713, peak_memory=2.595 GB, invar_size=1.338 GB, outvar_size=0.598 GB, temp_buffer_size=0.658 GB, available_memory=17.580 GB)
result[(0, 7, 2, 1), 1] = ModuleProfileResult(compute_cost=0.418, peak_memory=4.155 GB, invar_size=2.517 GB, outvar_size=0.929 GB, temp_buffer_size=1.638 GB, available_memory=17.580 GB)
result[(0, 8, 2, 2), 1] = ModuleProfileResult(compute_cost=0.628, peak_memory=4.620 GB, invar_size=3.433 GB, outvar_size=1.312 GB, temp_buffer_size=1.187 GB, available_memory=17.580 GB)
result[(2, 9, 2, 0), 0] = ModuleProfileResult(compute_cost=0.006, peak_memory=4.437 GB, invar_size=3.279 GB, outvar_size=0.449 GB, temp_buffer_size=0.709 GB, available_memory=17.580 GB)
result[(2, 7, 2, 0), 1] = ModuleProfileResult(compute_cost=0.185, peak_memory=6.577 GB, invar_size=3.897 GB, outvar_size=1.814 GB, temp_buffer_size=2.561 GB, available_memory=17.580 GB)
result[(2, 9, 2, 1), 0] = ModuleProfileResult(compute_cost=0.223, peak_memory=3.065 GB, invar_size=1.826 GB, outvar_size=0.628 GB, temp_buffer_size=0.612 GB, available_memory=17.580 GB)
result[(2, 9, 2, 2), 0] = ModuleProfileResult(compute_cost=0.863, peak_memory=2.808 GB, invar_size=1.521 GB, outvar_size=0.628 GB, temp_buffer_size=0.658 GB, available_memory=17.580 GB)
result[(0, 8, 2, 1), 1] = ModuleProfileResult(compute_cost=0.492, peak_memory=5.186 GB, invar_size=3.280 GB, outvar_size=1.295 GB, temp_buffer_size=1.906 GB, available_memory=17.580 GB)
result[(1, 8, 2, 0), 1] = ModuleProfileResult(compute_cost=0.272, peak_memory=9.201 GB, invar_size=5.610 GB, outvar_size=2.581 GB, temp_buffer_size=3.501 GB, available_memory=17.580 GB)
result[(2, 10, 2, 0), 0] = ModuleProfileResult(compute_cost=0.013, peak_memory=5.200 GB, invar_size=4.012 GB, outvar_size=0.479 GB, temp_buffer_size=0.709 GB, available_memory=17.580 GB)
result[(3, 8, 2, 0), 0] = ModuleProfileResult(compute_cost=0.009, peak_memory=3.479 GB, invar_size=2.501 GB, outvar_size=0.299 GB, temp_buffer_size=0.679 GB, available_memory=17.580 GB)
result[(1, 8, 2, 2), 1] = ModuleProfileResult(compute_cost=0.623, peak_memory=4.739 GB, invar_size=3.372 GB, outvar_size=1.372 GB, temp_buffer_size=1.277 GB, available_memory=17.580 GB)
result[(2, 7, 2, 1), 1] = ModuleProfileResult(compute_cost=0.407, peak_memory=3.927 GB, invar_size=2.514 GB, outvar_size=0.973 GB, temp_buffer_size=1.293 GB, available_memory=17.580 GB)
result[(2, 10, 2, 1), 0] = ModuleProfileResult(compute_cost=0.239, peak_memory=3.462 GB, invar_size=2.192 GB, outvar_size=0.658 GB, temp_buffer_size=0.612 GB, available_memory=17.580 GB)
result[(2, 10, 2, 2), 0] = ModuleProfileResult(compute_cost=1.016, peak_memory=3.021 GB, invar_size=1.705 GB, outvar_size=0.658 GB, temp_buffer_size=0.658 GB, available_memory=17.580 GB)
result[(1, 9, 2, 0), 1] = ModuleProfileResult(compute_cost=0.350, peak_memory=11.624 GB, invar_size=7.105 GB, outvar_size=3.313 GB, temp_buffer_size=4.429 GB, available_memory=17.580 GB)
result[(1, 8, 2, 1), 1] = ModuleProfileResult(compute_cost=0.486, peak_memory=5.139 GB, invar_size=3.294 GB, outvar_size=1.363 GB, temp_buffer_size=1.755 GB, available_memory=17.580 GB)
result[(3, 8, 2, 1), 0] = ModuleProfileResult(compute_cost=0.132, peak_memory=2.368 GB, invar_size=1.430 GB, outvar_size=0.359 GB, temp_buffer_size=0.579 GB, available_memory=17.580 GB)
result[(3, 9, 2, 0), 0] = ModuleProfileResult(compute_cost=0.005, peak_memory=4.272 GB, invar_size=3.234 GB, outvar_size=0.329 GB, temp_buffer_size=0.709 GB, available_memory=17.580 GB)
result[(2, 8, 2, 0), 1] = ModuleProfileResult(compute_cost=0.263, peak_memory=8.903 GB, invar_size=5.392 GB, outvar_size=2.546 GB, temp_buffer_size=3.391 GB, available_memory=17.580 GB)
result[(3, 8, 2, 2), 0] = ModuleProfileResult(compute_cost=0.715, peak_memory=2.429 GB, invar_size=1.292 GB, outvar_size=0.479 GB, temp_buffer_size=0.658 GB, available_memory=17.580 GB)
result[(2, 7, 2, 2), 1] = ModuleProfileResult(compute_cost=0.375, peak_memory=4.641 GB, invar_size=3.034 GB, outvar_size=1.338 GB, temp_buffer_size=1.487 GB, available_memory=17.580 GB)
result[(3, 9, 2, 1), 0] = ModuleProfileResult(compute_cost=0.145, peak_memory=2.764 GB, invar_size=1.797 GB, outvar_size=0.389 GB, temp_buffer_size=0.579 GB, available_memory=17.580 GB)
result[(1, 9, 2, 2), 1] = ModuleProfileResult(compute_cost=0.880, peak_memory=5.135 GB, invar_size=3.768 GB, outvar_size=1.555 GB, temp_buffer_size=1.277 GB, available_memory=17.580 GB)
result[(3, 9, 2, 2), 0] = ModuleProfileResult(compute_cost=0.863, peak_memory=2.642 GB, invar_size=1.476 GB, outvar_size=0.509 GB, temp_buffer_size=0.658 GB, available_memory=17.580 GB)
result[(2, 8, 2, 2), 1] = ModuleProfileResult(compute_cost=0.615, peak_memory=4.321 GB, invar_size=3.154 GB, outvar_size=1.338 GB, temp_buffer_size=1.047 GB, available_memory=17.580 GB)
result[(2, 9, 2, 0), 1] = ModuleProfileResult(compute_cost=0.341, peak_memory=11.325 GB, invar_size=6.887 GB, outvar_size=3.279 GB, temp_buffer_size=4.319 GB, available_memory=17.580 GB)
result[(2, 8, 2, 1), 1] = ModuleProfileResult(compute_cost=0.481, peak_memory=5.104 GB, invar_size=3.277 GB, outvar_size=1.339 GB, temp_buffer_size=1.708 GB, available_memory=17.580 GB)
result[(1, 9, 2, 1), 1] = ModuleProfileResult(compute_cost=0.561, peak_memory=6.268 GB, invar_size=4.056 GB, outvar_size=1.729 GB, temp_buffer_size=2.122 GB, available_memory=17.580 GB)
result[(3, 10, 2, 0), 0] = ModuleProfileResult(compute_cost=0.006, peak_memory=5.034 GB, invar_size=3.966 GB, outvar_size=0.359 GB, temp_buffer_size=0.709 GB, available_memory=17.580 GB)
result[(3, 10, 2, 1), 0] = ModuleProfileResult(compute_cost=0.159, peak_memory=3.161 GB, invar_size=2.163 GB, outvar_size=0.419 GB, temp_buffer_size=0.579 GB, available_memory=17.580 GB)
result[(3, 8, 2, 0), 1] = ModuleProfileResult(compute_cost=0.257, peak_memory=8.645 GB, invar_size=5.181 GB, outvar_size=2.501 GB, temp_buffer_size=3.345 GB, available_memory=17.580 GB)
result[(3, 10, 2, 2), 0] = ModuleProfileResult(compute_cost=1.013, peak_memory=2.855 GB, invar_size=1.659 GB, outvar_size=0.539 GB, temp_buffer_size=0.658 GB, available_memory=17.580 GB)
result[(2, 9, 2, 2), 1] = ModuleProfileResult(compute_cost=0.872, peak_memory=4.717 GB, invar_size=3.550 GB, outvar_size=1.521 GB, temp_buffer_size=1.047 GB, available_memory=17.580 GB)
result[(2, 10, 2, 0), 1] = ModuleProfileResult(compute_cost=0.420, peak_memory=13.553 GB, invar_size=8.382 GB, outvar_size=4.012 GB, temp_buffer_size=5.052 GB, available_memory=17.580 GB)
result[(4, 10, 2, 0), 0] = ModuleProfileResult(compute_cost=0.006, peak_memory=4.635 GB, invar_size=3.687 GB, outvar_size=0.299 GB, temp_buffer_size=0.649 GB, available_memory=17.580 GB)
result[(3, 11, 2, 0), 0] = ModuleProfileResult(compute_cost=0.007, peak_memory=5.797 GB, invar_size=4.699 GB, outvar_size=0.389 GB, temp_buffer_size=0.709 GB, available_memory=17.580 GB)
result[(4, 10, 2, 1), 0] = ModuleProfileResult(compute_cost=0.130, peak_memory=2.812 GB, invar_size=1.933 GB, outvar_size=0.359 GB, temp_buffer_size=0.519 GB, available_memory=17.580 GB)
result[(3, 8, 2, 1), 1] = ModuleProfileResult(compute_cost=0.458, peak_memory=4.832 GB, invar_size=2.979 GB, outvar_size=1.310 GB, temp_buffer_size=1.733 GB, available_memory=17.580 GB)
result[(3, 11, 2, 1), 0] = ModuleProfileResult(compute_cost=0.173, peak_memory=3.557 GB, invar_size=2.529 GB, outvar_size=0.449 GB, temp_buffer_size=0.579 GB, available_memory=17.580 GB)
result[(3, 8, 2, 2), 1] = ModuleProfileResult(compute_cost=0.609, peak_memory=4.064 GB, invar_size=2.943 GB, outvar_size=1.292 GB, temp_buffer_size=1.001 GB, available_memory=17.580 GB)
result[(2, 9, 2, 1), 1] = ModuleProfileResult(compute_cost=0.556, peak_memory=6.233 GB, invar_size=4.039 GB, outvar_size=1.706 GB, temp_buffer_size=2.074 GB, available_memory=17.580 GB)
result[(3, 11, 2, 2), 0] = ModuleProfileResult(compute_cost=1.163, peak_memory=3.068 GB, invar_size=1.842 GB, outvar_size=0.568 GB, temp_buffer_size=0.658 GB, available_memory=17.580 GB)
result[(4, 10, 2, 2), 0] = ModuleProfileResult(compute_cost=1.012, peak_memory=2.456 GB, invar_size=1.379 GB, outvar_size=0.479 GB, temp_buffer_size=0.598 GB, available_memory=17.580 GB)
result[(4, 11, 2, 0), 0] = ModuleProfileResult(compute_cost=0.006, peak_memory=5.398 GB, invar_size=4.419 GB, outvar_size=0.329 GB, temp_buffer_size=0.650 GB, available_memory=17.580 GB)
result[(3, 9, 2, 0), 1] = ModuleProfileResult(compute_cost=0.336, peak_memory=10.958 GB, invar_size=6.676 GB, outvar_size=3.233 GB, temp_buffer_size=4.163 GB, available_memory=17.580 GB)
result[(4, 11, 2, 1), 0] = ModuleProfileResult(compute_cost=0.144, peak_memory=3.208 GB, invar_size=2.300 GB, outvar_size=0.389 GB, temp_buffer_size=0.519 GB, available_memory=17.580 GB)
result[(2, 10, 2, 2), 1] = ModuleProfileResult(compute_cost=1.128, peak_memory=5.113 GB, invar_size=3.947 GB, outvar_size=1.704 GB, temp_buffer_size=1.047 GB, available_memory=17.580 GB)
result[(3, 9, 2, 2), 1] = ModuleProfileResult(compute_cost=0.866, peak_memory=4.460 GB, invar_size=3.339 GB, outvar_size=1.475 GB, temp_buffer_size=1.001 GB, available_memory=17.580 GB)
result[(2, 10, 2, 1), 1] = ModuleProfileResult(compute_cost=0.631, peak_memory=7.362 GB, invar_size=4.802 GB, outvar_size=2.072 GB, temp_buffer_size=2.441 GB, available_memory=17.580 GB)
result[(4, 12, 2, 0), 0] = ModuleProfileResult(compute_cost=0.014, peak_memory=6.160 GB, invar_size=5.152 GB, outvar_size=0.359 GB, temp_buffer_size=0.649 GB, available_memory=17.580 GB)
result[(4, 11, 2, 2), 0] = ModuleProfileResult(compute_cost=1.162, peak_memory=2.669 GB, invar_size=1.562 GB, outvar_size=0.509 GB, temp_buffer_size=0.598 GB, available_memory=17.580 GB)
result[(3, 9, 2, 1), 1] = ModuleProfileResult(compute_cost=0.532, peak_memory=5.960 GB, invar_size=3.742 GB, outvar_size=1.677 GB, temp_buffer_size=2.099 GB, available_memory=17.580 GB)
result[(3, 10, 2, 0), 1] = ModuleProfileResult(compute_cost=0.414, peak_memory=13.186 GB, invar_size=8.171 GB, outvar_size=3.966 GB, temp_buffer_size=4.896 GB, available_memory=17.580 GB)
result[(5, 11, 2, 0), 0] = ModuleProfileResult(compute_cost=0.006, peak_memory=5.037 GB, invar_size=4.236 GB, outvar_size=0.269 GB, temp_buffer_size=0.531 GB, available_memory=17.580 GB)
result[(4, 12, 2, 1), 0] = ModuleProfileResult(compute_cost=0.161, peak_memory=3.604 GB, invar_size=2.666 GB, outvar_size=0.419 GB, temp_buffer_size=0.519 GB, available_memory=17.580 GB)
result[(4, 10, 2, 0), 1] = ModuleProfileResult(compute_cost=0.389, peak_memory=12.298 GB, invar_size=7.611 GB, outvar_size=3.686 GB, temp_buffer_size=4.627 GB, available_memory=17.580 GB)
result[(5, 11, 2, 1), 0] = ModuleProfileResult(compute_cost=0.132, peak_memory=2.909 GB, invar_size=2.208 GB, outvar_size=0.329 GB, temp_buffer_size=0.372 GB, available_memory=17.580 GB)
result[(5, 11, 2, 2), 0] = ModuleProfileResult(compute_cost=1.161, peak_memory=2.306 GB, invar_size=1.379 GB, outvar_size=0.449 GB, temp_buffer_size=0.479 GB, available_memory=17.580 GB)
result[(3, 10, 2, 2), 1] = ModuleProfileResult(compute_cost=1.122, peak_memory=4.856 GB, invar_size=3.735 GB, outvar_size=1.658 GB, temp_buffer_size=1.001 GB, available_memory=17.580 GB)
result[(3, 11, 2, 0), 1] = ModuleProfileResult(compute_cost=0.492, peak_memory=15.414 GB, invar_size=9.666 GB, outvar_size=4.698 GB, temp_buffer_size=5.628 GB, available_memory=17.580 GB)
result[(4, 12, 2, 2), 0] = ModuleProfileResult(compute_cost=1.313, peak_memory=2.882 GB, invar_size=1.746 GB, outvar_size=0.539 GB, temp_buffer_size=0.598 GB, available_memory=17.580 GB)
result[(3, 10, 2, 1), 1] = ModuleProfileResult(compute_cost=0.607, peak_memory=7.089 GB, invar_size=4.504 GB, outvar_size=2.043 GB, temp_buffer_size=2.465 GB, available_memory=17.580 GB)
result[(5, 12, 2, 0), 0] = ModuleProfileResult(compute_cost=0.007, peak_memory=5.799 GB, invar_size=4.969 GB, outvar_size=0.299 GB, temp_buffer_size=0.531 GB, available_memory=17.580 GB)
result[(4, 11, 2, 0), 1] = ModuleProfileResult(compute_cost=0.467, peak_memory=14.526 GB, invar_size=9.106 GB, outvar_size=4.419 GB, temp_buffer_size=5.360 GB, available_memory=17.580 GB)
result[(4, 10, 2, 2), 1] = ModuleProfileResult(compute_cost=1.098, peak_memory=3.969 GB, invar_size=3.176 GB, outvar_size=1.379 GB, temp_buffer_size=0.733 GB, available_memory=17.580 GB)
result[(5, 12, 2, 1), 0] = ModuleProfileResult(compute_cost=0.146, peak_memory=3.305 GB, invar_size=2.574 GB, outvar_size=0.359 GB, temp_buffer_size=0.372 GB, available_memory=17.580 GB)
result[(4, 10, 2, 1), 1] = ModuleProfileResult(compute_cost=0.492, peak_memory=6.460 GB, invar_size=4.105 GB, outvar_size=1.873 GB, temp_buffer_size=2.296 GB, available_memory=17.580 GB)
result[(3, 11, 2, 2), 1] = ModuleProfileResult(compute_cost=1.379, peak_memory=5.253 GB, invar_size=4.132 GB, outvar_size=1.841 GB, temp_buffer_size=1.001 GB, available_memory=17.580 GB)
result[(5, 12, 2, 2), 0] = ModuleProfileResult(compute_cost=1.311, peak_memory=2.520 GB, invar_size=1.562 GB, outvar_size=0.479 GB, temp_buffer_size=0.479 GB, available_memory=17.580 GB)
result[(3, 11, 2, 1), 1] = ModuleProfileResult(compute_cost=0.682, peak_memory=8.218 GB, invar_size=5.267 GB, outvar_size=2.409 GB, temp_buffer_size=2.832 GB, available_memory=17.580 GB)
result[(5, 13, 2, 0), 0] = ModuleProfileResult(compute_cost=0.008, peak_memory=10.664 GB, invar_size=8.485 GB, outvar_size=0.314 GB, temp_buffer_size=1.865 GB, available_memory=17.580 GB)
result[(5, 13, 2, 1), 0] = ModuleProfileResult(compute_cost=0.170, peak_memory=5.693 GB, invar_size=4.333 GB, outvar_size=0.374 GB, temp_buffer_size=0.986 GB, available_memory=17.580 GB)
result[(4, 11, 2, 2), 1] = ModuleProfileResult(compute_cost=1.354, peak_memory=4.365 GB, invar_size=3.572 GB, outvar_size=1.562 GB, temp_buffer_size=0.733 GB, available_memory=17.580 GB)
result[(5, 11, 2, 0), 1] = ModuleProfileResult(compute_cost=0.447, peak_memory=13.917 GB, invar_size=8.680 GB, outvar_size=4.235 GB, temp_buffer_size=5.177 GB, available_memory=17.580 GB)
result[(4, 12, 2, 0), 1] = ModuleProfileResult(compute_cost=0.545, peak_memory=16.754 GB, invar_size=10.601 GB, outvar_size=5.151 GB, temp_buffer_size=6.092 GB, available_memory=17.580 GB)
result[(4, 11, 2, 1), 1] = ModuleProfileResult(compute_cost=0.567, peak_memory=7.589 GB, invar_size=4.868 GB, outvar_size=2.239 GB, temp_buffer_size=2.662 GB, available_memory=17.580 GB)
result[(5, 13, 2, 2), 0] = ModuleProfileResult(compute_cost=1.561, peak_memory=3.452 GB, invar_size=2.442 GB, outvar_size=0.494 GB, temp_buffer_size=0.516 GB, available_memory=17.580 GB)
result[(5, 14, 2, 0), 0] = ModuleProfileResult(compute_cost=0.009, peak_memory=13.623 GB, invar_size=11.415 GB, outvar_size=0.329 GB, temp_buffer_size=1.879 GB, available_memory=17.580 GB)
result[(6, 12, 2, 0), 0] = ModuleProfileResult(compute_cost=0.006, peak_memory=5.556 GB, invar_size=4.785 GB, outvar_size=0.239 GB, temp_buffer_size=0.531 GB, available_memory=17.580 GB)
result[(5, 14, 2, 1), 0] = ModuleProfileResult(compute_cost=0.178, peak_memory=7.201 GB, invar_size=5.798 GB, outvar_size=0.389 GB, temp_buffer_size=1.014 GB, available_memory=17.580 GB)
result[(6, 12, 2, 1), 0] = ModuleProfileResult(compute_cost=0.124, peak_memory=3.153 GB, invar_size=2.483 GB, outvar_size=0.299 GB, temp_buffer_size=0.371 GB, available_memory=17.580 GB)
result[(5, 11, 2, 1), 1] = ModuleProfileResult(compute_cost=0.511, peak_memory=7.255 GB, invar_size=4.625 GB, outvar_size=2.148 GB, temp_buffer_size=2.570 GB, available_memory=17.580 GB)
result[(5, 11, 2, 2), 1] = ModuleProfileResult(compute_cost=1.334, peak_memory=3.848 GB, invar_size=3.146 GB, outvar_size=1.379 GB, temp_buffer_size=0.642 GB, available_memory=17.580 GB)
result[(4, 12, 2, 2), 1] = ModuleProfileResult(compute_cost=1.611, peak_memory=4.761 GB, invar_size=3.969 GB, outvar_size=1.745 GB, temp_buffer_size=0.733 GB, available_memory=17.580 GB)
result[(5, 14, 2, 2), 0] = ModuleProfileResult(compute_cost=1.637, peak_memory=4.200 GB, invar_size=3.175 GB, outvar_size=0.509 GB, temp_buffer_size=0.517 GB, available_memory=17.580 GB)
result[(6, 12, 2, 2), 0] = ModuleProfileResult(compute_cost=1.262, peak_memory=2.456 GB, invar_size=1.559 GB, outvar_size=0.419 GB, temp_buffer_size=0.479 GB, available_memory=17.580 GB)
result[(6, 13, 2, 0), 0] = ModuleProfileResult(compute_cost=0.007, peak_memory=10.421 GB, invar_size=8.302 GB, outvar_size=0.255 GB, temp_buffer_size=1.865 GB, available_memory=17.580 GB)
result[(5, 12, 2, 0), 1] = ModuleProfileResult(compute_cost=0.525, peak_memory=16.144 GB, invar_size=10.175 GB, outvar_size=4.968 GB, temp_buffer_size=5.909 GB, available_memory=17.580 GB)
result[(4, 12, 2, 1), 1] = ModuleProfileResult(compute_cost=0.642, peak_memory=8.718 GB, invar_size=5.630 GB, outvar_size=2.606 GB, temp_buffer_size=3.028 GB, available_memory=17.580 GB)
result[(6, 13, 2, 1), 0] = ModuleProfileResult(compute_cost=0.148, peak_memory=5.542 GB, invar_size=4.241 GB, outvar_size=0.314 GB, temp_buffer_size=0.986 GB, available_memory=17.580 GB)
result[(6, 13, 2, 2), 0] = ModuleProfileResult(compute_cost=1.512, peak_memory=3.388 GB, invar_size=2.438 GB, outvar_size=0.434 GB, temp_buffer_size=0.516 GB, available_memory=17.580 GB)
result[(6, 14, 2, 0), 0] = ModuleProfileResult(compute_cost=0.008, peak_memory=13.380 GB, invar_size=11.232 GB, outvar_size=0.270 GB, temp_buffer_size=1.879 GB, available_memory=17.580 GB)
result[(5, 12, 2, 2), 1] = ModuleProfileResult(compute_cost=1.590, peak_memory=4.244 GB, invar_size=3.542 GB, outvar_size=1.562 GB, temp_buffer_size=0.642 GB, available_memory=17.580 GB)
result[(6, 14, 2, 1), 0] = ModuleProfileResult(compute_cost=0.155, peak_memory=7.050 GB, invar_size=5.706 GB, outvar_size=0.329 GB, temp_buffer_size=1.014 GB, available_memory=17.580 GB)
result[(6, 12, 2, 0), 1] = ModuleProfileResult(compute_cost=0.505, peak_memory=15.535 GB, invar_size=9.749 GB, outvar_size=4.785 GB, temp_buffer_size=5.726 GB, available_memory=17.580 GB)
result[(5, 12, 2, 1), 1] = ModuleProfileResult(compute_cost=0.586, peak_memory=8.383 GB, invar_size=5.387 GB, outvar_size=2.514 GB, temp_buffer_size=2.937 GB, available_memory=17.580 GB)
result[(5, 13, 2, 0), 1] = ModuleProfileResult(compute_cost=0.895, peak_memory=29.246 GB, invar_size=17.222 GB, outvar_size=8.484 GB, temp_buffer_size=11.964 GB, available_memory=17.580 GB)
result[(6, 14, 2, 2), 0] = ModuleProfileResult(compute_cost=1.588, peak_memory=4.136 GB, invar_size=3.171 GB, outvar_size=0.449 GB, temp_buffer_size=0.517 GB, available_memory=17.580 GB)
result[(7, 13, 2, 0), 0] = ModuleProfileResult(compute_cost=0.006, peak_memory=10.178 GB, invar_size=8.118 GB, outvar_size=0.195 GB, temp_buffer_size=1.865 GB, available_memory=17.580 GB)
result[(6, 15, 2, 0), 0] = ModuleProfileResult(compute_cost=0.009, peak_memory=16.375 GB, invar_size=14.240 GB, outvar_size=0.270 GB, temp_buffer_size=1.866 GB, available_memory=17.580 GB)
result[(6, 12, 2, 1), 1] = ModuleProfileResult(compute_cost=0.530, peak_memory=8.037 GB, invar_size=5.144 GB, outvar_size=2.423 GB, temp_buffer_size=2.833 GB, available_memory=17.580 GB)
result[(6, 12, 2, 2), 1] = ModuleProfileResult(compute_cost=1.570, peak_memory=3.998 GB, invar_size=3.296 GB, outvar_size=1.379 GB, temp_buffer_size=0.642 GB, available_memory=17.580 GB)
result[(6, 15, 2, 1), 0] = ModuleProfileResult(compute_cost=0.163, peak_memory=8.528 GB, invar_size=7.211 GB, outvar_size=0.329 GB, temp_buffer_size=0.988 GB, available_memory=17.580 GB)
result[(7, 13, 2, 1), 0] = ModuleProfileResult(compute_cost=0.106, peak_memory=5.330 GB, invar_size=4.150 GB, outvar_size=0.195 GB, temp_buffer_size=0.986 GB, available_memory=17.580 GB)
result[(5, 14, 2, 0), 1] = ModuleProfileResult(compute_cost=1.203, peak_memory=38.246 GB, invar_size=23.097 GB, outvar_size=11.414 GB, temp_buffer_size=15.089 GB, available_memory=17.580 GB)
result[(5, 13, 2, 1), 1] = ModuleProfileResult(compute_cost=0.856, peak_memory=14.957 GB, invar_size=8.933 GB, outvar_size=4.272 GB, temp_buffer_size=5.964 GB, available_memory=17.580 GB)
result[(5, 13, 2, 2), 1] = ModuleProfileResult(compute_cost=1.904, peak_memory=6.538 GB, invar_size=5.361 GB, outvar_size=2.441 GB, temp_buffer_size=1.117 GB, available_memory=17.580 GB)
result[(6, 15, 2, 2), 0] = ModuleProfileResult(compute_cost=1.664, peak_memory=4.889 GB, invar_size=3.923 GB, outvar_size=0.449 GB, temp_buffer_size=0.517 GB, available_memory=17.580 GB)
result[(7, 13, 2, 2), 0] = ModuleProfileResult(compute_cost=1.100, peak_memory=2.966 GB, invar_size=2.255 GB, outvar_size=0.195 GB, temp_buffer_size=0.516 GB, available_memory=17.580 GB)
result[(6, 13, 2, 0), 1] = ModuleProfileResult(compute_cost=0.874, peak_memory=28.637 GB, invar_size=16.796 GB, outvar_size=8.301 GB, temp_buffer_size=11.781 GB, available_memory=17.580 GB)
result[(7, 14, 2, 0), 0] = ModuleProfileResult(compute_cost=0.007, peak_memory=13.136 GB, invar_size=11.048 GB, outvar_size=0.210 GB, temp_buffer_size=1.879 GB, available_memory=17.580 GB)
result[(7, 14, 2, 1), 0] = ModuleProfileResult(compute_cost=0.114, peak_memory=6.812 GB, invar_size=5.615 GB, outvar_size=0.210 GB, temp_buffer_size=0.988 GB, available_memory=17.580 GB)
result[(5, 14, 2, 2), 1] = ModuleProfileResult(compute_cost=2.044, peak_memory=7.944 GB, invar_size=6.796 GB, outvar_size=3.174 GB, temp_buffer_size=1.089 GB, available_memory=17.580 GB)
result[(7, 14, 2, 2), 0] = ModuleProfileResult(compute_cost=1.175, peak_memory=3.714 GB, invar_size=2.988 GB, outvar_size=0.210 GB, temp_buffer_size=0.517 GB, available_memory=17.580 GB)
result[(6, 13, 2, 2), 1] = ModuleProfileResult(compute_cost=1.883, peak_memory=6.291 GB, invar_size=5.114 GB, outvar_size=2.258 GB, temp_buffer_size=1.117 GB, available_memory=17.580 GB)
result[(6, 13, 2, 1), 1] = ModuleProfileResult(compute_cost=0.800, peak_memory=14.610 GB, invar_size=8.690 GB, outvar_size=4.181 GB, temp_buffer_size=5.860 GB, available_memory=17.580 GB)
result[(5, 14, 2, 1), 1] = ModuleProfileResult(compute_cost=1.070, peak_memory=19.548 GB, invar_size=11.863 GB, outvar_size=5.737 GB, temp_buffer_size=7.624 GB, available_memory=17.580 GB)
result[(7, 13, 2, 0), 1] = ModuleProfileResult(compute_cost=0.854, peak_memory=27.954 GB, invar_size=16.370 GB, outvar_size=8.118 GB, temp_buffer_size=11.525 GB, available_memory=17.580 GB)
result[(6, 14, 2, 0), 1] = ModuleProfileResult(compute_cost=1.182, peak_memory=37.637 GB, invar_size=22.671 GB, outvar_size=11.231 GB, temp_buffer_size=14.906 GB, available_memory=17.580 GB)
result[(8, 14, 2, 0), 0] = ModuleProfileResult(compute_cost=0.006, peak_memory=12.167 GB, invar_size=10.139 GB, outvar_size=0.180 GB, temp_buffer_size=1.849 GB, available_memory=17.580 GB)
result[(7, 15, 2, 0), 0] = ModuleProfileResult(compute_cost=0.008, peak_memory=16.132 GB, invar_size=14.057 GB, outvar_size=0.210 GB, temp_buffer_size=1.866 GB, available_memory=17.580 GB)
result[(8, 14, 2, 1), 0] = ModuleProfileResult(compute_cost=0.104, peak_memory=6.249 GB, invar_size=5.085 GB, outvar_size=0.180 GB, temp_buffer_size=0.984 GB, available_memory=17.580 GB)
result[(7, 15, 2, 1), 0] = ModuleProfileResult(compute_cost=0.122, peak_memory=8.317 GB, invar_size=7.119 GB, outvar_size=0.210 GB, temp_buffer_size=0.988 GB, available_memory=17.580 GB)
result[(8, 14, 2, 2), 0] = ModuleProfileResult(compute_cost=1.025, peak_memory=3.344 GB, invar_size=2.648 GB, outvar_size=0.180 GB, temp_buffer_size=0.517 GB, available_memory=17.580 GB)
result[(6, 14, 2, 1), 1] = ModuleProfileResult(compute_cost=1.014, peak_memory=19.146 GB, invar_size=11.620 GB, outvar_size=5.646 GB, temp_buffer_size=7.466 GB, available_memory=17.580 GB)
result[(7, 15, 2, 2), 0] = ModuleProfileResult(compute_cost=1.251, peak_memory=4.466 GB, invar_size=3.740 GB, outvar_size=0.210 GB, temp_buffer_size=0.517 GB, available_memory=17.580 GB)
result[(7, 13, 2, 1), 1] = ModuleProfileResult(compute_cost=0.749, peak_memory=14.133 GB, invar_size=8.387 GB, outvar_size=4.089 GB, temp_buffer_size=5.685 GB, available_memory=17.580 GB)
result[(6, 15, 2, 0), 1] = ModuleProfileResult(compute_cost=1.498, peak_memory=47.003 GB, invar_size=28.687 GB, outvar_size=14.239 GB, temp_buffer_size=18.256 GB, available_memory=17.580 GB)
result[(6, 14, 2, 2), 1] = ModuleProfileResult(compute_cost=2.024, peak_memory=7.698 GB, invar_size=6.549 GB, outvar_size=2.990 GB, temp_buffer_size=1.089 GB, available_memory=17.580 GB)
result[(8, 15, 2, 0), 0] = ModuleProfileResult(compute_cost=0.008, peak_memory=15.163 GB, invar_size=13.148 GB, outvar_size=0.180 GB, temp_buffer_size=1.836 GB, available_memory=17.580 GB)
result[(7, 13, 2, 2), 1] = ModuleProfileResult(compute_cost=1.863, peak_memory=5.685 GB, invar_size=4.508 GB, outvar_size=2.075 GB, temp_buffer_size=1.117 GB, available_memory=17.580 GB)
result[(7, 14, 2, 0), 1] = ModuleProfileResult(compute_cost=1.162, peak_memory=36.954 GB, invar_size=22.245 GB, outvar_size=11.048 GB, temp_buffer_size=14.650 GB, available_memory=17.580 GB)
result[(9, 15, 2, 0), 0] = ModuleProfileResult(compute_cost=0.007, peak_memory=14.370 GB, invar_size=12.415 GB, outvar_size=0.150 GB, temp_buffer_size=1.805 GB, available_memory=17.580 GB)
result[(8, 15, 2, 1), 0] = ModuleProfileResult(compute_cost=0.112, peak_memory=7.727 GB, invar_size=6.590 GB, outvar_size=0.180 GB, temp_buffer_size=0.958 GB, available_memory=17.580 GB)
result[(8, 15, 2, 2), 0] = ModuleProfileResult(compute_cost=1.101, peak_memory=4.097 GB, invar_size=3.401 GB, outvar_size=0.180 GB, temp_buffer_size=0.517 GB, available_memory=17.580 GB)
result[(7, 14, 2, 1), 1] = ModuleProfileResult(compute_cost=0.963, peak_memory=18.699 GB, invar_size=11.317 GB, outvar_size=5.554 GB, temp_buffer_size=7.321 GB, available_memory=17.580 GB)
result[(9, 15, 2, 1), 0] = ModuleProfileResult(compute_cost=0.097, peak_memory=7.299 GB, invar_size=6.223 GB, outvar_size=0.150 GB, temp_buffer_size=0.926 GB, available_memory=17.580 GB)
result[(8, 14, 2, 0), 1] = ModuleProfileResult(compute_cost=1.068, peak_memory=34.032 GB, invar_size=20.427 GB, outvar_size=10.139 GB, temp_buffer_size=13.575 GB, available_memory=17.580 GB)
result[(9, 15, 2, 2), 0] = ModuleProfileResult(compute_cost=0.951, peak_memory=3.883 GB, invar_size=3.217 GB, outvar_size=0.150 GB, temp_buffer_size=0.517 GB, available_memory=17.580 GB)
result[(6, 15, 2, 2), 1] = ModuleProfileResult(compute_cost=2.153, peak_memory=9.233 GB, invar_size=8.053 GB, outvar_size=3.742 GB, temp_buffer_size=1.120 GB, available_memory=17.580 GB)
result[(6, 15, 2, 1), 1] = ModuleProfileResult(compute_cost=1.231, peak_memory=23.658 GB, invar_size=14.628 GB, outvar_size=7.150 GB, temp_buffer_size=8.970 GB, available_memory=17.580 GB)
result[(8, 14, 2, 1), 1] = ModuleProfileResult(compute_cost=0.858, peak_memory=17.136 GB, invar_size=10.319 GB, outvar_size=5.085 GB, temp_buffer_size=6.788 GB, available_memory=17.580 GB)
result[(7, 14, 2, 2), 1] = ModuleProfileResult(compute_cost=2.004, peak_memory=7.092 GB, invar_size=5.944 GB, outvar_size=2.807 GB, temp_buffer_size=1.089 GB, available_memory=17.580 GB)
result[(8, 14, 2, 2), 1] = ModuleProfileResult(compute_cost=1.694, peak_memory=6.487 GB, invar_size=5.354 GB, outvar_size=2.557 GB, temp_buffer_size=1.103 GB, available_memory=17.580 GB)
result[(7, 15, 2, 0), 1] = ModuleProfileResult(compute_cost=1.478, peak_memory=46.320 GB, invar_size=28.261 GB, outvar_size=14.056 GB, temp_buffer_size=18.000 GB, available_memory=17.580 GB)
result[(8, 15, 2, 0), 1] = ModuleProfileResult(compute_cost=1.384, peak_memory=43.398 GB, invar_size=26.443 GB, outvar_size=13.147 GB, temp_buffer_size=16.925 GB, available_memory=17.580 GB)
result[(9, 15, 2, 0), 1] = ModuleProfileResult(compute_cost=1.306, peak_memory=41.171 GB, invar_size=24.948 GB, outvar_size=12.414 GB, temp_buffer_size=16.193 GB, available_memory=17.580 GB)
result[(7, 15, 2, 1), 1] = ModuleProfileResult(compute_cost=1.181, peak_memory=23.211 GB, invar_size=14.326 GB, outvar_size=7.058 GB, temp_buffer_size=8.825 GB, available_memory=17.580 GB)
result[(7, 15, 2, 2), 1] = ModuleProfileResult(compute_cost=2.134, peak_memory=8.598 GB, invar_size=7.448 GB, outvar_size=3.559 GB, temp_buffer_size=1.090 GB, available_memory=17.580 GB)
result[(8, 15, 2, 1), 1] = ModuleProfileResult(compute_cost=1.075, peak_memory=21.820 GB, invar_size=13.327 GB, outvar_size=6.589 GB, temp_buffer_size=8.463 GB, available_memory=17.580 GB)
result[(9, 15, 2, 1), 1] = ModuleProfileResult(compute_cost=1.000, peak_memory=20.691 GB, invar_size=12.564 GB, outvar_size=6.222 GB, temp_buffer_size=8.096 GB, available_memory=17.580 GB)
result[(9, 15, 2, 2), 1] = ModuleProfileResult(compute_cost=1.567, peak_memory=7.596 GB, invar_size=6.462 GB, outvar_size=3.126 GB, temp_buffer_size=1.104 GB, available_memory=17.580 GB)
result[(8, 15, 2, 2), 1] = ModuleProfileResult(compute_cost=1.823, peak_memory=7.993 GB, invar_size=6.859 GB, outvar_size=3.310 GB, temp_buffer_size=1.104 GB, available_memory=17.580 GB)
Profiling for submesh 2 (2, 2) takes 93.40 seconds
--------------------------------------------------
- Profiling for submesh 1 (1, 2):
- Generate all stage infos (Jaxpr -> HLO)
- Compile all stages
- Profile all stages
result[(0, 3, 1, 0), 0] = ModuleProfileResult(compute_cost=0.001, peak_memory=1.886 GB, invar_size=0.364 GB, outvar_size=0.778 GB, temp_buffer_size=0.744 GB, available_memory=17.580 GB)
result[(0, 3, 1, 2), 0] = ModuleProfileResult(compute_cost=0.001, peak_memory=1.886 GB, invar_size=0.364 GB, outvar_size=0.778 GB, temp_buffer_size=0.744 GB, available_memory=17.580 GB)
result[(0, 3, 1, 1), 0] = ModuleProfileResult(compute_cost=0.396, peak_memory=2.392 GB, invar_size=0.189 GB, outvar_size=1.137 GB, temp_buffer_size=1.067 GB, available_memory=17.580 GB)
result[(2, 4, 1, 0), 0] = ModuleProfileResult(compute_cost=0.000, peak_memory=1.645 GB, invar_size=0.688 GB, outvar_size=0.479 GB, temp_buffer_size=0.479 GB, available_memory=17.580 GB)
result[(2, 4, 1, 1), 0] = ModuleProfileResult(compute_cost=0.219, peak_memory=2.378 GB, invar_size=0.703 GB, outvar_size=0.718 GB, temp_buffer_size=0.957 GB, available_memory=17.580 GB)
result[(1, 3, 1, 2), 0] = ModuleProfileResult(compute_cost=0.000, peak_memory=1.852 GB, invar_size=0.509 GB, outvar_size=0.598 GB, temp_buffer_size=0.744 GB, available_memory=17.580 GB)
result[(1, 3, 1, 0), 0] = ModuleProfileResult(compute_cost=0.000, peak_memory=1.852 GB, invar_size=0.509 GB, outvar_size=0.598 GB, temp_buffer_size=0.744 GB, available_memory=17.580 GB)
result[(1, 3, 1, 1), 0] = ModuleProfileResult(compute_cost=0.312, peak_memory=2.428 GB, invar_size=0.524 GB, outvar_size=0.838 GB, temp_buffer_size=1.067 GB, available_memory=17.580 GB)
result[(1, 4, 1, 2), 0] = ModuleProfileResult(compute_cost=0.001, peak_memory=2.177 GB, invar_size=0.693 GB, outvar_size=0.718 GB, temp_buffer_size=0.767 GB, available_memory=17.580 GB)
result[(1, 4, 1, 1), 0] = ModuleProfileResult(compute_cost=0.340, peak_memory=2.731 GB, invar_size=0.616 GB, outvar_size=0.957 GB, temp_buffer_size=1.158 GB, available_memory=17.580 GB)
result[(2, 5, 1, 2), 0] = ModuleProfileResult(compute_cost=0.001, peak_memory=1.997 GB, invar_size=0.872 GB, outvar_size=0.598 GB, temp_buffer_size=0.527 GB, available_memory=17.580 GB)
result[(1, 4, 1, 0), 0] = ModuleProfileResult(compute_cost=0.001, peak_memory=2.177 GB, invar_size=0.693 GB, outvar_size=0.718 GB, temp_buffer_size=0.767 GB, available_memory=17.580 GB)
result[(2, 4, 1, 2), 0] = ModuleProfileResult(compute_cost=0.000, peak_memory=1.645 GB, invar_size=0.688 GB, outvar_size=0.479 GB, temp_buffer_size=0.479 GB, available_memory=17.580 GB)
result[(3, 5, 1, 0), 0] = ModuleProfileResult(compute_cost=0.000, peak_memory=1.712 GB, invar_size=0.826 GB, outvar_size=0.359 GB, temp_buffer_size=0.527 GB, available_memory=17.580 GB)
result[(2, 5, 1, 1), 0] = ModuleProfileResult(compute_cost=0.247, peak_memory=2.589 GB, invar_size=0.795 GB, outvar_size=0.838 GB, temp_buffer_size=0.957 GB, available_memory=17.580 GB)
result[(2, 5, 1, 0), 0] = ModuleProfileResult(compute_cost=0.001, peak_memory=1.997 GB, invar_size=0.872 GB, outvar_size=0.598 GB, temp_buffer_size=0.527 GB, available_memory=17.580 GB)
result[(3, 5, 1, 1), 0] = ModuleProfileResult(compute_cost=0.092, peak_memory=1.733 GB, invar_size=0.772 GB, outvar_size=0.359 GB, temp_buffer_size=0.602 GB, available_memory=17.580 GB)
result[(3, 5, 1, 2), 0] = ModuleProfileResult(compute_cost=0.000, peak_memory=1.712 GB, invar_size=0.826 GB, outvar_size=0.359 GB, temp_buffer_size=0.527 GB, available_memory=17.580 GB)
result[(2, 4, 1, 0), 1] = ModuleProfileResult(compute_cost=0.009, peak_memory=3.294 GB, invar_size=1.615 GB, outvar_size=0.688 GB, temp_buffer_size=1.440 GB, available_memory=17.580 GB)
result[(2, 4, 1, 1), 1] = ModuleProfileResult(compute_cost=0.338, peak_memory=3.935 GB, invar_size=1.645 GB, outvar_size=0.464 GB, temp_buffer_size=2.051 GB, available_memory=17.580 GB)
result[(0, 3, 1, 2), 1] = ModuleProfileResult(compute_cost=0.008, peak_memory=3.724 GB, invar_size=1.620 GB, outvar_size=0.359 GB, temp_buffer_size=2.104 GB, available_memory=17.580 GB)
result[(0, 3, 1, 0), 1] = ModuleProfileResult(compute_cost=0.008, peak_memory=3.604 GB, invar_size=1.500 GB, outvar_size=0.359 GB, temp_buffer_size=2.104 GB, available_memory=17.580 GB)
result[(3, 6, 1, 0), 0] = ModuleProfileResult(compute_cost=0.001, peak_memory=1.966 GB, invar_size=1.009 GB, outvar_size=0.479 GB, temp_buffer_size=0.479 GB, available_memory=17.580 GB)
result[(0, 3, 1, 1), 1] = ModuleProfileResult(compute_cost=0.541, peak_memory=4.163 GB, invar_size=1.505 GB, outvar_size=0.180 GB, temp_buffer_size=2.658 GB, available_memory=17.580 GB)
result[(3, 6, 1, 1), 0] = ModuleProfileResult(compute_cost=0.120, peak_memory=1.945 GB, invar_size=0.864 GB, outvar_size=0.479 GB, temp_buffer_size=0.602 GB, available_memory=17.580 GB)
result[(3, 6, 1, 2), 0] = ModuleProfileResult(compute_cost=0.001, peak_memory=1.966 GB, invar_size=1.009 GB, outvar_size=0.479 GB, temp_buffer_size=0.479 GB, available_memory=17.580 GB)
result[(1, 3, 1, 0), 1] = ModuleProfileResult(compute_cost=0.007, peak_memory=3.541 GB, invar_size=1.437 GB, outvar_size=0.509 GB, temp_buffer_size=1.924 GB, available_memory=17.580 GB)
result[(2, 5, 1, 2), 1] = ModuleProfileResult(compute_cost=0.013, peak_memory=3.829 GB, invar_size=2.101 GB, outvar_size=0.871 GB, temp_buffer_size=1.489 GB, available_memory=17.580 GB)
result[(1, 3, 1, 2), 1] = ModuleProfileResult(compute_cost=0.007, peak_memory=3.660 GB, invar_size=1.557 GB, outvar_size=0.509 GB, temp_buffer_size=1.924 GB, available_memory=17.580 GB)
result[(1, 3, 1, 1), 1] = ModuleProfileResult(compute_cost=0.490, peak_memory=4.178 GB, invar_size=1.526 GB, outvar_size=0.524 GB, temp_buffer_size=2.293 GB, available_memory=17.580 GB)
result[(4, 7, 1, 0), 0] = ModuleProfileResult(compute_cost=0.001, peak_memory=2.710 GB, invar_size=1.549 GB, outvar_size=0.419 GB, temp_buffer_size=0.743 GB, available_memory=17.580 GB)
result[(2, 4, 1, 2), 1] = ModuleProfileResult(compute_cost=0.009, peak_memory=3.414 GB, invar_size=1.735 GB, outvar_size=0.688 GB, temp_buffer_size=1.440 GB, available_memory=17.580 GB)
result[(4, 7, 1, 2), 0] = ModuleProfileResult(compute_cost=0.031, peak_memory=2.229 GB, invar_size=1.231 GB, outvar_size=0.419 GB, temp_buffer_size=0.579 GB, available_memory=17.580 GB)
result[(3, 5, 1, 0), 1] = ModuleProfileResult(compute_cost=0.012, peak_memory=3.203 GB, invar_size=1.770 GB, outvar_size=0.825 GB, temp_buffer_size=1.194 GB, available_memory=17.580 GB)
result[(1, 4, 1, 0), 1] = ModuleProfileResult(compute_cost=0.011, peak_memory=4.039 GB, invar_size=1.923 GB, outvar_size=0.692 GB, temp_buffer_size=1.937 GB, available_memory=17.580 GB)
result[(5, 7, 1, 0), 0] = ModuleProfileResult(compute_cost=0.001, peak_memory=2.288 GB, invar_size=1.365 GB, outvar_size=0.299 GB, temp_buffer_size=0.623 GB, available_memory=17.580 GB)
result[(1, 4, 1, 2), 1] = ModuleProfileResult(compute_cost=0.011, peak_memory=4.159 GB, invar_size=2.043 GB, outvar_size=0.692 GB, temp_buffer_size=1.937 GB, available_memory=17.580 GB)
result[(2, 5, 1, 0), 1] = ModuleProfileResult(compute_cost=0.013, peak_memory=3.829 GB, invar_size=2.101 GB, outvar_size=0.871 GB, temp_buffer_size=1.489 GB, available_memory=17.580 GB)
result[(3, 5, 1, 1), 1] = ModuleProfileResult(compute_cost=0.253, peak_memory=3.185 GB, invar_size=1.424 GB, outvar_size=0.532 GB, temp_buffer_size=1.522 GB, available_memory=17.580 GB)
result[(2, 5, 1, 1), 1] = ModuleProfileResult(compute_cost=0.407, peak_memory=4.239 GB, invar_size=1.948 GB, outvar_size=0.555 GB, temp_buffer_size=2.051 GB, available_memory=17.580 GB)
result[(4, 7, 1, 1), 0] = ModuleProfileResult(compute_cost=0.179, peak_memory=1.971 GB, invar_size=0.954 GB, outvar_size=0.539 GB, temp_buffer_size=0.479 GB, available_memory=17.580 GB)
result[(3, 5, 1, 2), 1] = ModuleProfileResult(compute_cost=0.012, peak_memory=3.203 GB, invar_size=1.770 GB, outvar_size=0.825 GB, temp_buffer_size=1.194 GB, available_memory=17.580 GB)
result[(5, 7, 1, 1), 0] = ModuleProfileResult(compute_cost=0.187, peak_memory=1.879 GB, invar_size=0.862 GB, outvar_size=0.539 GB, temp_buffer_size=0.479 GB, available_memory=17.580 GB)
result[(5, 7, 1, 2), 0] = ModuleProfileResult(compute_cost=0.030, peak_memory=1.751 GB, invar_size=1.048 GB, outvar_size=0.299 GB, temp_buffer_size=0.404 GB, available_memory=17.580 GB)
result[(1, 4, 1, 1), 1] = ModuleProfileResult(compute_cost=0.558, peak_memory=4.481 GB, invar_size=1.829 GB, outvar_size=0.615 GB, temp_buffer_size=2.294 GB, available_memory=17.580 GB)
result[(5, 8, 1, 0), 0] = ModuleProfileResult(compute_cost=0.001, peak_memory=3.031 GB, invar_size=2.098 GB, outvar_size=0.359 GB, temp_buffer_size=0.574 GB, available_memory=17.580 GB)
result[(5, 8, 1, 1), 0] = ModuleProfileResult(compute_cost=0.214, peak_memory=2.306 GB, invar_size=1.229 GB, outvar_size=0.598 GB, temp_buffer_size=0.479 GB, available_memory=17.580 GB)
result[(3, 6, 1, 0), 1] = ModuleProfileResult(compute_cost=0.016, peak_memory=3.746 GB, invar_size=2.256 GB, outvar_size=1.009 GB, temp_buffer_size=1.250 GB, available_memory=17.580 GB)
result[(5, 8, 1, 2), 0] = ModuleProfileResult(compute_cost=0.143, peak_memory=2.309 GB, invar_size=1.292 GB, outvar_size=0.479 GB, temp_buffer_size=0.538 GB, available_memory=17.580 GB)
result[(6, 9, 1, 0), 0] = ModuleProfileResult(compute_cost=0.001, peak_memory=3.581 GB, invar_size=2.648 GB, outvar_size=0.299 GB, temp_buffer_size=0.634 GB, available_memory=17.580 GB)
result[(3, 6, 1, 2), 1] = ModuleProfileResult(compute_cost=0.016, peak_memory=3.746 GB, invar_size=2.256 GB, outvar_size=1.009 GB, temp_buffer_size=1.250 GB, available_memory=17.580 GB)
result[(6, 9, 1, 2), 0] = ModuleProfileResult(compute_cost=0.149, peak_memory=2.537 GB, invar_size=1.595 GB, outvar_size=0.419 GB, temp_buffer_size=0.523 GB, available_memory=17.580 GB)
result[(4, 7, 1, 0), 1] = ModuleProfileResult(compute_cost=0.028, peak_memory=5.762 GB, invar_size=3.396 GB, outvar_size=1.548 GB, temp_buffer_size=2.246 GB, available_memory=17.580 GB)
result[(5, 7, 1, 0), 1] = ModuleProfileResult(compute_cost=0.024, peak_memory=5.092 GB, invar_size=2.910 GB, outvar_size=1.365 GB, temp_buffer_size=2.063 GB, available_memory=17.580 GB)
result[(6, 9, 1, 1), 0] = ModuleProfileResult(compute_cost=0.157, peak_memory=2.445 GB, invar_size=1.504 GB, outvar_size=0.419 GB, temp_buffer_size=0.523 GB, available_memory=17.580 GB)
result[(7, 10, 1, 0), 0] = ModuleProfileResult(compute_cost=0.001, peak_memory=4.060 GB, invar_size=3.197 GB, outvar_size=0.240 GB, temp_buffer_size=0.623 GB, available_memory=17.580 GB)
result[(5, 7, 1, 1), 1] = ModuleProfileResult(compute_cost=0.225, peak_memory=3.228 GB, invar_size=2.023 GB, outvar_size=0.742 GB, temp_buffer_size=1.085 GB, available_memory=17.580 GB)
result[(3, 6, 1, 1), 1] = ModuleProfileResult(compute_cost=0.322, peak_memory=3.488 GB, invar_size=1.726 GB, outvar_size=0.624 GB, temp_buffer_size=1.522 GB, available_memory=17.580 GB)
result[(7, 10, 1, 1), 0] = ModuleProfileResult(compute_cost=0.099, peak_memory=2.541 GB, invar_size=1.778 GB, outvar_size=0.240 GB, temp_buffer_size=0.523 GB, available_memory=17.580 GB)
result[(7, 10, 1, 2), 0] = ModuleProfileResult(compute_cost=0.099, peak_memory=2.541 GB, invar_size=1.778 GB, outvar_size=0.240 GB, temp_buffer_size=0.523 GB, available_memory=17.580 GB)
result[(4, 7, 1, 2), 1] = ModuleProfileResult(compute_cost=0.078, peak_memory=4.231 GB, invar_size=2.821 GB, outvar_size=1.231 GB, temp_buffer_size=1.290 GB, available_memory=17.580 GB)
result[(7, 11, 1, 0), 0] = ModuleProfileResult(compute_cost=0.001, peak_memory=4.852 GB, invar_size=3.930 GB, outvar_size=0.299 GB, temp_buffer_size=0.623 GB, available_memory=17.580 GB)
result[(4, 7, 1, 1), 1] = ModuleProfileResult(compute_cost=0.284, peak_memory=3.411 GB, invar_size=2.206 GB, outvar_size=0.834 GB, temp_buffer_size=1.085 GB, available_memory=17.580 GB)
result[(5, 7, 1, 2), 1] = ModuleProfileResult(compute_cost=0.074, peak_memory=3.745 GB, invar_size=2.335 GB, outvar_size=1.048 GB, temp_buffer_size=1.290 GB, available_memory=17.580 GB)
result[(7, 11, 1, 1), 0] = ModuleProfileResult(compute_cost=0.126, peak_memory=2.967 GB, invar_size=2.145 GB, outvar_size=0.299 GB, temp_buffer_size=0.523 GB, available_memory=17.580 GB)
result[(8, 11, 1, 0), 0] = ModuleProfileResult(compute_cost=0.001, peak_memory=3.744 GB, invar_size=2.991 GB, outvar_size=0.240 GB, temp_buffer_size=0.515 GB, available_memory=17.580 GB)
result[(8, 11, 1, 1), 0] = ModuleProfileResult(compute_cost=0.099, peak_memory=2.239 GB, invar_size=1.585 GB, outvar_size=0.240 GB, temp_buffer_size=0.414 GB, available_memory=17.580 GB)
result[(7, 11, 1, 2), 0] = ModuleProfileResult(compute_cost=0.126, peak_memory=2.967 GB, invar_size=2.145 GB, outvar_size=0.299 GB, temp_buffer_size=0.523 GB, available_memory=17.580 GB)
result[(5, 8, 1, 0), 1] = ModuleProfileResult(compute_cost=0.038, peak_memory=7.448 GB, invar_size=4.434 GB, outvar_size=2.098 GB, temp_buffer_size=2.893 GB, available_memory=17.580 GB)
result[(8, 11, 1, 2), 0] = ModuleProfileResult(compute_cost=0.099, peak_memory=2.239 GB, invar_size=1.585 GB, outvar_size=0.240 GB, temp_buffer_size=0.414 GB, available_memory=17.580 GB)
result[(6, 9, 1, 0), 1] = ModuleProfileResult(compute_cost=0.048, peak_memory=9.097 GB, invar_size=5.473 GB, outvar_size=2.647 GB, temp_buffer_size=3.504 GB, available_memory=17.580 GB)
result[(5, 8, 1, 1), 1] = ModuleProfileResult(compute_cost=0.272, peak_memory=4.093 GB, invar_size=2.816 GB, outvar_size=1.109 GB, temp_buffer_size=1.158 GB, available_memory=17.580 GB)
result[(7, 10, 1, 0), 1] = ModuleProfileResult(compute_cost=0.059, peak_memory=10.636 GB, invar_size=6.512 GB, outvar_size=3.196 GB, temp_buffer_size=4.004 GB, available_memory=17.580 GB)
result[(5, 8, 1, 2), 1] = ModuleProfileResult(compute_cost=0.123, peak_memory=4.065 GB, invar_size=2.943 GB, outvar_size=1.292 GB, temp_buffer_size=1.003 GB, available_memory=17.580 GB)
result[(8, 12, 1, 0), 0] = ModuleProfileResult(compute_cost=0.001, peak_memory=4.537 GB, invar_size=3.723 GB, outvar_size=0.299 GB, temp_buffer_size=0.515 GB, available_memory=17.580 GB)
result[(8, 12, 1, 1), 0] = ModuleProfileResult(compute_cost=0.126, peak_memory=2.665 GB, invar_size=1.952 GB, outvar_size=0.299 GB, temp_buffer_size=0.414 GB, available_memory=17.580 GB)
result[(9, 12, 1, 0), 0] = ModuleProfileResult(compute_cost=0.001, peak_memory=3.729 GB, invar_size=2.991 GB, outvar_size=0.240 GB, temp_buffer_size=0.500 GB, available_memory=17.580 GB)
result[(6, 9, 1, 1), 1] = ModuleProfileResult(compute_cost=0.242, peak_memory=4.441 GB, invar_size=3.185 GB, outvar_size=1.383 GB, temp_buffer_size=1.136 GB, available_memory=17.580 GB)
result[(6, 9, 1, 2), 1] = ModuleProfileResult(compute_cost=0.167, peak_memory=4.492 GB, invar_size=3.369 GB, outvar_size=1.475 GB, temp_buffer_size=1.004 GB, available_memory=17.580 GB)
result[(7, 10, 1, 1), 1] = ModuleProfileResult(compute_cost=0.211, peak_memory=4.802 GB, invar_size=3.555 GB, outvar_size=1.658 GB, temp_buffer_size=1.126 GB, available_memory=17.580 GB)
result[(7, 10, 1, 2), 1] = ModuleProfileResult(compute_cost=0.211, peak_memory=4.802 GB, invar_size=3.555 GB, outvar_size=1.658 GB, temp_buffer_size=1.126 GB, available_memory=17.580 GB)
result[(8, 12, 1, 2), 0] = ModuleProfileResult(compute_cost=0.126, peak_memory=2.665 GB, invar_size=1.952 GB, outvar_size=0.299 GB, temp_buffer_size=0.414 GB, available_memory=17.580 GB)
result[(9, 12, 1, 1), 0] = ModuleProfileResult(compute_cost=0.099, peak_memory=2.164 GB, invar_size=1.585 GB, outvar_size=0.240 GB, temp_buffer_size=0.339 GB, available_memory=17.580 GB)
result[(9, 12, 1, 2), 0] = ModuleProfileResult(compute_cost=0.099, peak_memory=2.164 GB, invar_size=1.585 GB, outvar_size=0.240 GB, temp_buffer_size=0.339 GB, available_memory=17.580 GB)
result[(7, 11, 1, 0), 1] = ModuleProfileResult(compute_cost=0.073, peak_memory=12.894 GB, invar_size=8.037 GB, outvar_size=3.929 GB, temp_buffer_size=4.737 GB, available_memory=17.580 GB)
result[(8, 11, 1, 0), 1] = ModuleProfileResult(compute_cost=0.056, peak_memory=9.882 GB, invar_size=6.159 GB, outvar_size=2.990 GB, temp_buffer_size=3.663 GB, available_memory=17.580 GB)
result[(9, 13, 1, 0), 0] = ModuleProfileResult(compute_cost=0.001, peak_memory=8.628 GB, invar_size=6.507 GB, outvar_size=0.270 GB, temp_buffer_size=1.852 GB, available_memory=17.580 GB)
result[(8, 11, 1, 1), 1] = ModuleProfileResult(compute_cost=0.186, peak_memory=4.226 GB, invar_size=3.289 GB, outvar_size=1.525 GB, temp_buffer_size=0.877 GB, available_memory=17.580 GB)
result[(9, 12, 1, 0), 1] = ModuleProfileResult(compute_cost=0.056, peak_memory=9.882 GB, invar_size=6.160 GB, outvar_size=2.990 GB, temp_buffer_size=3.663 GB, available_memory=17.580 GB)
result[(10, 13, 1, 0), 0] = ModuleProfileResult(compute_cost=0.001, peak_memory=7.836 GB, invar_size=5.774 GB, outvar_size=0.210 GB, temp_buffer_size=1.852 GB, available_memory=17.580 GB)
result[(9, 13, 1, 1), 0] = ModuleProfileResult(compute_cost=0.144, peak_memory=4.586 GB, invar_size=3.344 GB, outvar_size=0.270 GB, temp_buffer_size=0.973 GB, available_memory=17.580 GB)
result[(8, 11, 1, 2), 1] = ModuleProfileResult(compute_cost=0.186, peak_memory=4.226 GB, invar_size=3.289 GB, outvar_size=1.525 GB, temp_buffer_size=0.877 GB, available_memory=17.580 GB)
result[(9, 13, 1, 2), 0] = ModuleProfileResult(compute_cost=0.144, peak_memory=4.586 GB, invar_size=3.344 GB, outvar_size=0.270 GB, temp_buffer_size=0.973 GB, available_memory=17.580 GB)
result[(7, 11, 1, 1), 1] = ModuleProfileResult(compute_cost=0.259, peak_memory=5.595 GB, invar_size=4.348 GB, outvar_size=2.024 GB, temp_buffer_size=1.127 GB, available_memory=17.580 GB)
result[(10, 13, 1, 2), 0] = ModuleProfileResult(compute_cost=0.117, peak_memory=4.160 GB, invar_size=2.978 GB, outvar_size=0.210 GB, temp_buffer_size=0.973 GB, available_memory=17.580 GB)
result[(10, 13, 1, 1), 0] = ModuleProfileResult(compute_cost=0.117, peak_memory=4.160 GB, invar_size=2.978 GB, outvar_size=0.210 GB, temp_buffer_size=0.973 GB, available_memory=17.580 GB)
result[(8, 12, 1, 0), 1] = ModuleProfileResult(compute_cost=0.070, peak_memory=12.139 GB, invar_size=7.684 GB, outvar_size=3.723 GB, temp_buffer_size=4.395 GB, available_memory=17.580 GB)
result[(9, 12, 1, 1), 1] = ModuleProfileResult(compute_cost=0.186, peak_memory=4.226 GB, invar_size=3.289 GB, outvar_size=1.525 GB, temp_buffer_size=0.877 GB, available_memory=17.580 GB)
result[(10, 14, 1, 0), 0] = ModuleProfileResult(compute_cost=0.001, peak_memory=10.796 GB, invar_size=8.705 GB, outvar_size=0.240 GB, temp_buffer_size=1.852 GB, available_memory=17.580 GB)
result[(7, 11, 1, 2), 1] = ModuleProfileResult(compute_cost=0.259, peak_memory=5.595 GB, invar_size=4.348 GB, outvar_size=2.024 GB, temp_buffer_size=1.127 GB, available_memory=17.580 GB)
result[(10, 14, 1, 1), 0] = ModuleProfileResult(compute_cost=0.131, peak_memory=5.681 GB, invar_size=4.443 GB, outvar_size=0.240 GB, temp_buffer_size=0.999 GB, available_memory=17.580 GB)
result[(10, 14, 1, 2), 0] = ModuleProfileResult(compute_cost=0.131, peak_memory=5.681 GB, invar_size=4.443 GB, outvar_size=0.240 GB, temp_buffer_size=0.999 GB, available_memory=17.580 GB)
result[(11, 14, 1, 0), 0] = ModuleProfileResult(compute_cost=0.001, peak_memory=10.004 GB, invar_size=7.972 GB, outvar_size=0.180 GB, temp_buffer_size=1.852 GB, available_memory=17.580 GB)
result[(8, 12, 1, 1), 1] = ModuleProfileResult(compute_cost=0.234, peak_memory=5.020 GB, invar_size=4.082 GB, outvar_size=1.891 GB, temp_buffer_size=0.878 GB, available_memory=17.580 GB)
result[(8, 12, 1, 2), 1] = ModuleProfileResult(compute_cost=0.234, peak_memory=5.020 GB, invar_size=4.082 GB, outvar_size=1.891 GB, temp_buffer_size=0.878 GB, available_memory=17.580 GB)
result[(11, 14, 1, 1), 0] = ModuleProfileResult(compute_cost=0.104, peak_memory=5.255 GB, invar_size=4.076 GB, outvar_size=0.180 GB, temp_buffer_size=0.999 GB, available_memory=17.580 GB)
result[(9, 12, 1, 2), 1] = ModuleProfileResult(compute_cost=0.186, peak_memory=4.226 GB, invar_size=3.289 GB, outvar_size=1.525 GB, temp_buffer_size=0.877 GB, available_memory=17.580 GB)
result[(11, 14, 1, 2), 0] = ModuleProfileResult(compute_cost=0.104, peak_memory=5.255 GB, invar_size=4.076 GB, outvar_size=0.180 GB, temp_buffer_size=0.999 GB, available_memory=17.580 GB)
result[(10, 13, 1, 0), 1] = ModuleProfileResult(compute_cost=0.108, peak_memory=20.741 GB, invar_size=11.696 GB, outvar_size=5.774 GB, temp_buffer_size=8.985 GB, available_memory=17.580 GB)
result[(9, 13, 1, 0), 1] = ModuleProfileResult(compute_cost=0.122, peak_memory=22.999 GB, invar_size=13.221 GB, outvar_size=6.506 GB, temp_buffer_size=9.718 GB, available_memory=17.580 GB)
result[(10, 13, 1, 1), 1] = ModuleProfileResult(compute_cost=0.198, peak_memory=8.097 GB, invar_size=6.073 GB, outvar_size=2.917 GB, temp_buffer_size=1.964 GB, available_memory=17.580 GB)
result[(12, 15, 1, 0), 0] = ModuleProfileResult(compute_cost=0.001, peak_memory=12.219 GB, invar_size=10.248 GB, outvar_size=0.120 GB, temp_buffer_size=1.852 GB, available_memory=17.580 GB)
result[(11, 15, 1, 0), 0] = ModuleProfileResult(compute_cost=0.001, peak_memory=13.012 GB, invar_size=10.980 GB, outvar_size=0.180 GB, temp_buffer_size=1.852 GB, available_memory=17.580 GB)
result[(10, 13, 1, 2), 1] = ModuleProfileResult(compute_cost=0.198, peak_memory=8.097 GB, invar_size=6.073 GB, outvar_size=2.917 GB, temp_buffer_size=1.964 GB, available_memory=17.580 GB)
result[(9, 13, 1, 1), 1] = ModuleProfileResult(compute_cost=0.246, peak_memory=8.949 GB, invar_size=6.866 GB, outvar_size=3.283 GB, temp_buffer_size=2.024 GB, available_memory=17.580 GB)
result[(11, 15, 1, 2), 0] = ModuleProfileResult(compute_cost=0.117, peak_memory=6.759 GB, invar_size=5.581 GB, outvar_size=0.180 GB, temp_buffer_size=0.999 GB, available_memory=17.580 GB)
result[(12, 15, 1, 1), 0] = ModuleProfileResult(compute_cost=0.081, peak_memory=6.340 GB, invar_size=5.214 GB, outvar_size=0.180 GB, temp_buffer_size=0.947 GB, available_memory=17.580 GB)
result[(11, 15, 1, 1), 0] = ModuleProfileResult(compute_cost=0.117, peak_memory=6.759 GB, invar_size=5.581 GB, outvar_size=0.180 GB, temp_buffer_size=0.999 GB, available_memory=17.580 GB)
result[(12, 15, 1, 2), 0] = ModuleProfileResult(compute_cost=0.081, peak_memory=6.340 GB, invar_size=5.214 GB, outvar_size=0.180 GB, temp_buffer_size=0.947 GB, available_memory=17.580 GB)
result[(11, 14, 1, 0), 1] = ModuleProfileResult(compute_cost=0.149, peak_memory=27.499 GB, invar_size=16.061 GB, outvar_size=7.971 GB, temp_buffer_size=11.378 GB, available_memory=17.580 GB)
result[(10, 14, 1, 0), 1] = ModuleProfileResult(compute_cost=0.163, peak_memory=29.756 GB, invar_size=17.586 GB, outvar_size=8.703 GB, temp_buffer_size=12.110 GB, available_memory=17.580 GB)
result[(9, 13, 1, 2), 1] = ModuleProfileResult(compute_cost=0.246, peak_memory=8.949 GB, invar_size=6.866 GB, outvar_size=3.283 GB, temp_buffer_size=2.024 GB, available_memory=17.580 GB)
result[(10, 14, 1, 1), 1] = ModuleProfileResult(compute_cost=0.227, peak_memory=11.200 GB, invar_size=9.003 GB, outvar_size=4.382 GB, temp_buffer_size=2.137 GB, available_memory=17.580 GB)
result[(11, 14, 1, 1), 1] = ModuleProfileResult(compute_cost=0.179, peak_memory=10.378 GB, invar_size=8.211 GB, outvar_size=4.016 GB, temp_buffer_size=2.107 GB, available_memory=17.580 GB)
result[(10, 14, 1, 2), 1] = ModuleProfileResult(compute_cost=0.227, peak_memory=11.200 GB, invar_size=9.003 GB, outvar_size=4.382 GB, temp_buffer_size=2.137 GB, available_memory=17.580 GB)
result[(12, 15, 1, 0), 1] = ModuleProfileResult(compute_cost=0.191, peak_memory=34.607 GB, invar_size=20.553 GB, outvar_size=10.246 GB, temp_buffer_size=13.995 GB, available_memory=17.580 GB)
result[(11, 14, 1, 2), 1] = ModuleProfileResult(compute_cost=0.179, peak_memory=10.378 GB, invar_size=8.211 GB, outvar_size=4.016 GB, temp_buffer_size=2.107 GB, available_memory=17.580 GB)
result[(11, 15, 1, 0), 1] = ModuleProfileResult(compute_cost=0.205, peak_memory=36.865 GB, invar_size=22.077 GB, outvar_size=10.979 GB, temp_buffer_size=14.728 GB, available_memory=17.580 GB)
result[(12, 15, 1, 1), 1] = ModuleProfileResult(compute_cost=0.156, peak_memory=12.798 GB, invar_size=10.486 GB, outvar_size=5.153 GB, temp_buffer_size=2.252 GB, available_memory=17.580 GB)
result[(12, 15, 1, 2), 1] = ModuleProfileResult(compute_cost=0.156, peak_memory=12.798 GB, invar_size=10.486 GB, outvar_size=5.153 GB, temp_buffer_size=2.252 GB, available_memory=17.580 GB)
result[(11, 15, 1, 1), 1] = ModuleProfileResult(compute_cost=0.204, peak_memory=13.530 GB, invar_size=11.219 GB, outvar_size=5.520 GB, temp_buffer_size=2.252 GB, available_memory=17.580 GB)
result[(11, 15, 1, 2), 1] = ModuleProfileResult(compute_cost=0.204, peak_memory=13.530 GB, invar_size=11.219 GB, outvar_size=5.520 GB, temp_buffer_size=2.252 GB, available_memory=17.580 GB)
Profiling for submesh 1 (1, 2) takes 34.70 seconds
--------------------------------------------------
- Profiling for submesh 0 (1, 1):
- Generate all stage infos (Jaxpr -> HLO)
- Compile all stages
- Profile all stages
result[(4, 5, 0, 0), 0] = ModuleProfileResult(compute_cost=0.000, peak_memory=1.746 GB, invar_size=0.606 GB, outvar_size=0.479 GB, temp_buffer_size=0.662 GB, available_memory=17.580 GB)
result[(0, 1, 0, 1), 0] = ModuleProfileResult(compute_cost=0.000, peak_memory=2.136 GB, invar_size=0.103 GB, outvar_size=0.837 GB, temp_buffer_size=1.196 GB, available_memory=17.580 GB)
result[(5, 6, 0, 0), 0] = ModuleProfileResult(compute_cost=0.000, peak_memory=1.563 GB, invar_size=0.606 GB, outvar_size=0.479 GB, temp_buffer_size=0.479 GB, available_memory=17.580 GB)
result[(0, 1, 0, 0), 0] = ModuleProfileResult(compute_cost=0.000, peak_memory=2.136 GB, invar_size=0.103 GB, outvar_size=0.837 GB, temp_buffer_size=1.196 GB, available_memory=17.580 GB)
result[(1, 2, 0, 0), 0] = ModuleProfileResult(compute_cost=0.000, peak_memory=2.635 GB, invar_size=0.469 GB, outvar_size=0.957 GB, temp_buffer_size=1.208 GB, available_memory=17.580 GB)
result[(4, 5, 0, 1), 0] = ModuleProfileResult(compute_cost=0.000, peak_memory=1.746 GB, invar_size=0.606 GB, outvar_size=0.479 GB, temp_buffer_size=0.662 GB, available_memory=17.580 GB)
result[(3, 4, 0, 1), 0] = ModuleProfileResult(compute_cost=0.000, peak_memory=2.198 GB, invar_size=0.882 GB, outvar_size=0.479 GB, temp_buffer_size=0.837 GB, available_memory=17.580 GB)
result[(2, 3, 0, 0), 0] = ModuleProfileResult(compute_cost=0.000, peak_memory=2.419 GB, invar_size=0.744 GB, outvar_size=0.718 GB, temp_buffer_size=0.957 GB, available_memory=17.580 GB)
result[(2, 3, 0, 1), 0] = ModuleProfileResult(compute_cost=0.000, peak_memory=2.419 GB, invar_size=0.744 GB, outvar_size=0.718 GB, temp_buffer_size=0.957 GB, available_memory=17.580 GB)
result[(3, 4, 0, 0), 0] = ModuleProfileResult(compute_cost=0.000, peak_memory=2.198 GB, invar_size=0.882 GB, outvar_size=0.479 GB, temp_buffer_size=0.837 GB, available_memory=17.580 GB)
result[(1, 2, 0, 1), 0] = ModuleProfileResult(compute_cost=0.000, peak_memory=2.635 GB, invar_size=0.469 GB, outvar_size=0.957 GB, temp_buffer_size=1.208 GB, available_memory=17.580 GB)
result[(4, 5, 0, 0), 1] = ModuleProfileResult(compute_cost=0.000, peak_memory=3.117 GB, invar_size=1.450 GB, outvar_size=0.606 GB, temp_buffer_size=1.427 GB, available_memory=17.580 GB)
result[(7, 8, 0, 1), 0] = ModuleProfileResult(compute_cost=0.000, peak_memory=2.898 GB, invar_size=1.852 GB, outvar_size=0.240 GB, temp_buffer_size=0.807 GB, available_memory=17.580 GB)
result[(8, 9, 0, 1), 0] = ModuleProfileResult(compute_cost=0.000, peak_memory=2.533 GB, invar_size=1.585 GB, outvar_size=0.240 GB, temp_buffer_size=0.709 GB, available_memory=17.580 GB)
result[(5, 6, 0, 0), 1] = ModuleProfileResult(compute_cost=0.000, peak_memory=3.117 GB, invar_size=1.450 GB, outvar_size=0.606 GB, temp_buffer_size=1.427 GB, available_memory=17.580 GB)
result[(8, 9, 0, 0), 0] = ModuleProfileResult(compute_cost=0.000, peak_memory=2.533 GB, invar_size=1.585 GB, outvar_size=0.240 GB, temp_buffer_size=0.709 GB, available_memory=17.580 GB)
result[(4, 5, 0, 1), 1] = ModuleProfileResult(compute_cost=0.000, peak_memory=3.117 GB, invar_size=1.450 GB, outvar_size=0.606 GB, temp_buffer_size=1.427 GB, available_memory=17.580 GB)
result[(0, 1, 0, 0), 1] = ModuleProfileResult(compute_cost=0.000, peak_memory=5.009 GB, invar_size=1.033 GB, outvar_size=0.094 GB, temp_buffer_size=3.975 GB, available_memory=17.580 GB)
result[(9, 10, 0, 0), 0] = ModuleProfileResult(compute_cost=0.000, peak_memory=2.414 GB, invar_size=1.585 GB, outvar_size=0.240 GB, temp_buffer_size=0.589 GB, available_memory=17.580 GB)
result[(0, 1, 0, 1), 1] = ModuleProfileResult(compute_cost=0.000, peak_memory=5.009 GB, invar_size=1.033 GB, outvar_size=0.094 GB, temp_buffer_size=3.975 GB, available_memory=17.580 GB)
result[(3, 4, 0, 1), 1] = ModuleProfileResult(compute_cost=0.000, peak_memory=4.324 GB, invar_size=1.763 GB, outvar_size=0.882 GB, temp_buffer_size=2.082 GB, available_memory=17.580 GB)
result[(1, 2, 0, 0), 1] = ModuleProfileResult(compute_cost=0.000, peak_memory=5.512 GB, invar_size=1.536 GB, outvar_size=0.469 GB, temp_buffer_size=3.617 GB, available_memory=17.580 GB)
result[(8, 9, 0, 0), 1] = ModuleProfileResult(compute_cost=0.000, peak_memory=4.613 GB, invar_size=3.289 GB, outvar_size=1.585 GB, temp_buffer_size=1.204 GB, available_memory=17.580 GB)
result[(10, 11, 0, 0), 0] = ModuleProfileResult(compute_cost=0.000, peak_memory=2.414 GB, invar_size=1.585 GB, outvar_size=0.240 GB, temp_buffer_size=0.589 GB, available_memory=17.580 GB)
result[(9, 10, 0, 1), 0] = ModuleProfileResult(compute_cost=0.000, peak_memory=2.414 GB, invar_size=1.585 GB, outvar_size=0.240 GB, temp_buffer_size=0.589 GB, available_memory=17.580 GB)
result[(8, 9, 0, 1), 1] = ModuleProfileResult(compute_cost=0.000, peak_memory=4.613 GB, invar_size=3.289 GB, outvar_size=1.585 GB, temp_buffer_size=1.204 GB, available_memory=17.580 GB)
result[(6, 7, 0, 0), 0] = ModuleProfileResult(compute_cost=0.000, peak_memory=2.348 GB, invar_size=1.302 GB, outvar_size=0.359 GB, temp_buffer_size=0.687 GB, available_memory=17.580 GB)
result[(7, 8, 0, 0), 0] = ModuleProfileResult(compute_cost=0.000, peak_memory=2.898 GB, invar_size=1.852 GB, outvar_size=0.240 GB, temp_buffer_size=0.807 GB, available_memory=17.580 GB)
result[(5, 6, 0, 1), 0] = ModuleProfileResult(compute_cost=0.000, peak_memory=1.563 GB, invar_size=0.606 GB, outvar_size=0.479 GB, temp_buffer_size=0.479 GB, available_memory=17.580 GB)
result[(2, 3, 0, 0), 1] = ModuleProfileResult(compute_cost=0.000, peak_memory=4.866 GB, invar_size=1.728 GB, outvar_size=0.744 GB, temp_buffer_size=2.660 GB, available_memory=17.580 GB)
result[(2, 3, 0, 1), 1] = ModuleProfileResult(compute_cost=0.000, peak_memory=4.866 GB, invar_size=1.728 GB, outvar_size=0.744 GB, temp_buffer_size=2.660 GB, available_memory=17.580 GB)
result[(3, 4, 0, 0), 1] = ModuleProfileResult(compute_cost=0.000, peak_memory=4.324 GB, invar_size=1.763 GB, outvar_size=0.882 GB, temp_buffer_size=2.082 GB, available_memory=17.580 GB)
result[(10, 11, 0, 1), 0] = ModuleProfileResult(compute_cost=0.000, peak_memory=2.414 GB, invar_size=1.585 GB, outvar_size=0.240 GB, temp_buffer_size=0.589 GB, available_memory=17.580 GB)
result[(6, 7, 0, 1), 0] = ModuleProfileResult(compute_cost=0.000, peak_memory=2.348 GB, invar_size=1.302 GB, outvar_size=0.359 GB, temp_buffer_size=0.687 GB, available_memory=17.580 GB)
result[(1, 2, 0, 1), 1] = ModuleProfileResult(compute_cost=0.000, peak_memory=5.512 GB, invar_size=1.536 GB, outvar_size=0.469 GB, temp_buffer_size=3.617 GB, available_memory=17.580 GB)
result[(11, 12, 0, 0), 0] = ModuleProfileResult(compute_cost=0.000, peak_memory=2.414 GB, invar_size=1.585 GB, outvar_size=0.240 GB, temp_buffer_size=0.589 GB, available_memory=17.580 GB)
result[(7, 8, 0, 1), 1] = ModuleProfileResult(compute_cost=0.000, peak_memory=5.737 GB, invar_size=3.702 GB, outvar_size=1.851 GB, temp_buffer_size=1.796 GB, available_memory=17.580 GB)
result[(11, 12, 0, 1), 0] = ModuleProfileResult(compute_cost=0.000, peak_memory=2.414 GB, invar_size=1.585 GB, outvar_size=0.240 GB, temp_buffer_size=0.589 GB, available_memory=17.580 GB)
result[(12, 13, 0, 0), 0] = ModuleProfileResult(compute_cost=0.000, peak_memory=6.435 GB, invar_size=4.369 GB, outvar_size=0.180 GB, temp_buffer_size=1.886 GB, available_memory=17.580 GB)
result[(12, 13, 0, 1), 0] = ModuleProfileResult(compute_cost=0.000, peak_memory=6.435 GB, invar_size=4.369 GB, outvar_size=0.180 GB, temp_buffer_size=1.886 GB, available_memory=17.580 GB)
result[(9, 10, 0, 0), 1] = ModuleProfileResult(compute_cost=0.000, peak_memory=4.583 GB, invar_size=3.289 GB, outvar_size=1.585 GB, temp_buffer_size=1.174 GB, available_memory=17.580 GB)
result[(10, 11, 0, 0), 1] = ModuleProfileResult(compute_cost=0.000, peak_memory=4.493 GB, invar_size=3.289 GB, outvar_size=1.585 GB, temp_buffer_size=1.085 GB, available_memory=17.580 GB)
result[(9, 10, 0, 1), 1] = ModuleProfileResult(compute_cost=0.000, peak_memory=4.583 GB, invar_size=3.289 GB, outvar_size=1.585 GB, temp_buffer_size=1.174 GB, available_memory=17.580 GB)
result[(13, 14, 0, 0), 0] = ModuleProfileResult(compute_cost=0.000, peak_memory=8.633 GB, invar_size=6.567 GB, outvar_size=0.120 GB, temp_buffer_size=1.946 GB, available_memory=17.580 GB)
result[(13, 14, 0, 1), 0] = ModuleProfileResult(compute_cost=0.000, peak_memory=8.633 GB, invar_size=6.567 GB, outvar_size=0.120 GB, temp_buffer_size=1.946 GB, available_memory=17.580 GB)
result[(10, 11, 0, 1), 1] = ModuleProfileResult(compute_cost=0.000, peak_memory=4.493 GB, invar_size=3.289 GB, outvar_size=1.585 GB, temp_buffer_size=1.085 GB, available_memory=17.580 GB)
result[(5, 6, 0, 1), 1] = ModuleProfileResult(compute_cost=0.000, peak_memory=3.117 GB, invar_size=1.450 GB, outvar_size=0.606 GB, temp_buffer_size=1.427 GB, available_memory=17.580 GB)
result[(11, 12, 0, 1), 1] = ModuleProfileResult(compute_cost=0.000, peak_memory=4.493 GB, invar_size=3.289 GB, outvar_size=1.585 GB, temp_buffer_size=1.085 GB, available_memory=17.580 GB)
result[(11, 12, 0, 0), 1] = ModuleProfileResult(compute_cost=0.000, peak_memory=4.493 GB, invar_size=3.289 GB, outvar_size=1.585 GB, temp_buffer_size=1.085 GB, available_memory=17.580 GB)
result[(12, 13, 0, 0), 1] = ModuleProfileResult(compute_cost=0.000, peak_memory=12.665 GB, invar_size=8.796 GB, outvar_size=4.368 GB, temp_buffer_size=3.749 GB, available_memory=17.580 GB)
