
[I] Loading Crius kernel-level profiler...
[TMP] Profiling results not found in `None`, creating it...

[I] Loading model and generating sharded HLO module...
[I] Initializing XLA devices takes 0.6280090808868408 s.
[I] Loading flax model....
[I] Model 'moe' loads sucessfully. Model Info: 

FlaxMoEForLMModule(
    # attributes
    config = <model.moe_model.MoEConfig object at 0x7f9cf12ab940>
    dtype = float16
    bias_init = zeros
) 

[I] Initialize training state...
[I] Training state initialization is completed.
[I] Constructing general train step func...
[I] General train step func construction is completed.
[I] Model has been loaded, begin Jaxpr transformation...


Layer 0:
Eqn 5 in layer 0: Primitive: dot_general | FLOPs (GB): 1000.0 | Memory access (GB): 1.06884765625 | Attainable performance: 37400 | Computation load: 0.026737967914438502
Eqn 10 in layer 0: Primitive: dot_general | FLOPs (GB): 1000.0 | Memory access (GB): 1.06884765625 | Attainable performance: 37400 | Computation load: 0.026737967914438502
Eqn 36 in layer 0: Primitive: dot_general | FLOPs (GB): 96.0 | Memory access (GB): 0.130859375 | Attainable performance: 37400 | Computation load: 0.0025668449197860962
Eqn 56 in layer 0: Primitive: dot_general | FLOPs (GB): 32.0 | Memory access (GB): 0.5625 | Attainable performance: 37400 | Computation load: 0.000855614973262032
Eqn 68 in layer 0: Primitive: dot_general | FLOPs (GB): 32.0 | Memory access (GB): 0.5625 | Attainable performance: 37400 | Computation load: 0.000855614973262032
Eqn 71 in layer 0: Primitive: dot_general | FLOPs (GB): 1000.0 | Memory access (GB): 1.06884765625 | Attainable performance: 37400 | Computation load: 0.026737967914438502
Eqn 100 in layer 0: Primitive: remat2 | FLOPs (GB): 6448.0 | Memory access (GB): 10.178710952401161 | Attainable performance: 37400 | Computation load: 0.17240641711229945
Layer computation load: 0.25689839572192513

Layer 1:
Eqn 2 in layer 1: Primitive: dot_general | FLOPs (GB): 0.5 | Memory access (GB): 0.0317688062787056 | Attainable performance: 10954.141523197928 | Computation load: 4.5644836607335626e-05
Eqn 69 in layer 1: Primitive: dot_general | FLOPs (GB): 0.125 | Memory access (GB): 0.13330078125 | Attainable performance: 652.6593406593406 | Computation load: 0.00019152411099137933
Eqn 82 in layer 1: Primitive: dot_general | FLOPs (GB): 0.125 | Memory access (GB): 0.13330078125 | Attainable performance: 652.6593406593406 | Computation load: 0.00019152411099137933
Eqn 86 in layer 1: Primitive: dot_general | FLOPs (GB): 128.0 | Memory access (GB): 0.21875 | Attainable performance: 37400 | Computation load: 0.003422459893048128
Eqn 88 in layer 1: Primitive: dot_general | FLOPs (GB): 512.0 | Memory access (GB): 0.8125 | Attainable performance: 37400 | Computation load: 0.013689839572192513
Eqn 89 in layer 1: Primitive: custom_jvp_call | FLOPs (GB): 0.25 | Memory access (GB): 2.0 | Attainable performance: 87.0 | Computation load: 0.0028735632183908046
Eqn 90 in layer 1: Primitive: dot_general | FLOPs (GB): 512.0 | Memory access (GB): 0.8125 | Attainable performance: 37400 | Computation load: 0.013689839572192513
Eqn 92 in layer 1: Primitive: dot_general | FLOPs (GB): 128.0 | Memory access (GB): 0.21875 | Attainable performance: 37400 | Computation load: 0.003422459893048128
Eqn 118 in layer 1: Primitive: dot_general | FLOPs (GB): 96.0 | Memory access (GB): 0.130859375 | Attainable performance: 37400 | Computation load: 0.0025668449197860962
Eqn 138 in layer 1: Primitive: dot_general | FLOPs (GB): 32.0 | Memory access (GB): 0.5625 | Attainable performance: 37400 | Computation load: 0.000855614973262032
Eqn 150 in layer 1: Primitive: dot_general | FLOPs (GB): 32.0 | Memory access (GB): 0.5625 | Attainable performance: 37400 | Computation load: 0.000855614973262032
Eqn 153 in layer 1: Primitive: dot_general | FLOPs (GB): 1000.0 | Memory access (GB): 1.06884765625 | Attainable performance: 37400 | Computation load: 0.026737967914438502
Eqn 180 in layer 1: Primitive: dot_general | FLOPs (GB): 256.0 | Memory access (GB): 0.296875 | Attainable performance: 37400 | Computation load: 0.006844919786096256
Eqn 189 in layer 1: Primitive: remat2 | FLOPs (GB): 8642.2529296875 | Memory access (GB): 17.17562873661518 | Attainable performance: 37400 | Computation load: 0.23107628154244653
Layer computation load: 0.3064640993167536

Layer 2:
Eqn 2 in layer 2: Primitive: dot_general | FLOPs (GB): 1000.0 | Memory access (GB): 1.06884765625 | Attainable performance: 37400 | Computation load: 0.026737967914438502
Eqn 29 in layer 2: Primitive: dot_general | FLOPs (GB): 96.0 | Memory access (GB): 0.130859375 | Attainable performance: 37400 | Computation load: 0.0025668449197860962
Eqn 49 in layer 2: Primitive: dot_general | FLOPs (GB): 32.0 | Memory access (GB): 0.5625 | Attainable performance: 37400 | Computation load: 0.000855614973262032
Eqn 61 in layer 2: Primitive: dot_general | FLOPs (GB): 32.0 | Memory access (GB): 0.5625 | Attainable performance: 37400 | Computation load: 0.000855614973262032
Eqn 64 in layer 2: Primitive: dot_general | FLOPs (GB): 1000.0 | Memory access (GB): 1.06884765625 | Attainable performance: 37400 | Computation load: 0.026737967914438502
Eqn 92 in layer 2: Primitive: dot_general | FLOPs (GB): 0.5 | Memory access (GB): 0.0317688062787056 | Attainable performance: 10954.141523197928 | Computation load: 4.5644836607335626e-05
Eqn 159 in layer 2: Primitive: dot_general | FLOPs (GB): 0.125 | Memory access (GB): 0.13330078125 | Attainable performance: 652.6593406593406 | Computation load: 0.00019152411099137933
Eqn 172 in layer 2: Primitive: dot_general | FLOPs (GB): 0.125 | Memory access (GB): 0.13330078125 | Attainable performance: 652.6593406593406 | Computation load: 0.00019152411099137933
Eqn 176 in layer 2: Primitive: dot_general | FLOPs (GB): 128.0 | Memory access (GB): 0.21875 | Attainable performance: 37400 | Computation load: 0.003422459893048128
Eqn 178 in layer 2: Primitive: dot_general | FLOPs (GB): 512.0 | Memory access (GB): 0.8125 | Attainable performance: 37400 | Computation load: 0.013689839572192513
Eqn 179 in layer 2: Primitive: custom_jvp_call | FLOPs (GB): 0.25 | Memory access (GB): 2.0 | Attainable performance: 87.0 | Computation load: 0.0028735632183908046
Eqn 180 in layer 2: Primitive: dot_general | FLOPs (GB): 512.0 | Memory access (GB): 0.8125 | Attainable performance: 37400 | Computation load: 0.013689839572192513
Eqn 182 in layer 2: Primitive: dot_general | FLOPs (GB): 128.0 | Memory access (GB): 0.21875 | Attainable performance: 37400 | Computation load: 0.003422459893048128
Eqn 187 in layer 2: Primitive: remat2 | FLOPs (GB): 8514.2529296875 | Memory access (GB): 16.95687873661518 | Attainable performance: 37400 | Computation load: 0.2276538216493984
Layer computation load: 0.32293468755204774

Layer 3:
Eqn 24 in layer 3: Primitive: dot_general | FLOPs (GB): 96.0 | Memory access (GB): 0.130859375 | Attainable performance: 37400 | Computation load: 0.0025668449197860962
Eqn 44 in layer 3: Primitive: dot_general | FLOPs (GB): 32.0 | Memory access (GB): 0.5625 | Attainable performance: 37400 | Computation load: 0.000855614973262032
Eqn 56 in layer 3: Primitive: dot_general | FLOPs (GB): 32.0 | Memory access (GB): 0.5625 | Attainable performance: 37400 | Computation load: 0.000855614973262032
Eqn 59 in layer 3: Primitive: dot_general | FLOPs (GB): 1000.0 | Memory access (GB): 1.06884765625 | Attainable performance: 37400 | Computation load: 0.026737967914438502
Eqn 86 in layer 3: Primitive: dot_general | FLOPs (GB): 256.0 | Memory access (GB): 0.296875 | Attainable performance: 37400 | Computation load: 0.006844919786096256
Eqn 94 in layer 3: Primitive: dot_general | FLOPs (GB): 1000.0 | Memory access (GB): 1.06884765625 | Attainable performance: 37400 | Computation load: 0.026737967914438502
Eqn 121 in layer 3: Primitive: dot_general | FLOPs (GB): 96.0 | Memory access (GB): 0.130859375 | Attainable performance: 37400 | Computation load: 0.0025668449197860962
Eqn 141 in layer 3: Primitive: dot_general | FLOPs (GB): 32.0 | Memory access (GB): 0.5625 | Attainable performance: 37400 | Computation load: 0.000855614973262032
Eqn 153 in layer 3: Primitive: dot_general | FLOPs (GB): 32.0 | Memory access (GB): 0.5625 | Attainable performance: 37400 | Computation load: 0.000855614973262032
Eqn 156 in layer 3: Primitive: dot_general | FLOPs (GB): 1000.0 | Memory access (GB): 1.06884765625 | Attainable performance: 37400 | Computation load: 0.026737967914438502
Eqn 162 in layer 3: Primitive: remat2 | FLOPs (GB): 8856.0 | Memory access (GB): 16.07177735865116 | Attainable performance: 37400 | Computation load: 0.23679144385026737
Layer computation load: 0.33240641711229946

Layer 4:
Eqn 25 in layer 4: Primitive: dot_general | FLOPs (GB): 0.5 | Memory access (GB): 0.0317688062787056 | Attainable performance: 10954.141523197928 | Computation load: 4.5644836607335626e-05
Eqn 92 in layer 4: Primitive: dot_general | FLOPs (GB): 0.125 | Memory access (GB): 0.13330078125 | Attainable performance: 652.6593406593406 | Computation load: 0.00019152411099137933
Eqn 105 in layer 4: Primitive: dot_general | FLOPs (GB): 0.125 | Memory access (GB): 0.13330078125 | Attainable performance: 652.6593406593406 | Computation load: 0.00019152411099137933
Eqn 109 in layer 4: Primitive: dot_general | FLOPs (GB): 128.0 | Memory access (GB): 0.21875 | Attainable performance: 37400 | Computation load: 0.003422459893048128
Eqn 111 in layer 4: Primitive: dot_general | FLOPs (GB): 512.0 | Memory access (GB): 0.8125 | Attainable performance: 37400 | Computation load: 0.013689839572192513
Eqn 112 in layer 4: Primitive: custom_jvp_call | FLOPs (GB): 0.25 | Memory access (GB): 2.0 | Attainable performance: 87.0 | Computation load: 0.0028735632183908046
Eqn 113 in layer 4: Primitive: dot_general | FLOPs (GB): 512.0 | Memory access (GB): 0.8125 | Attainable performance: 37400 | Computation load: 0.013689839572192513
Eqn 115 in layer 4: Primitive: dot_general | FLOPs (GB): 128.0 | Memory access (GB): 0.21875 | Attainable performance: 37400 | Computation load: 0.003422459893048128
Eqn 143 in layer 4: Primitive: remat2 | FLOPs (GB): 3714.2529296875 | Memory access (GB): 8.6053162291646 | Attainable performance: 37400 | Computation load: 0.09931157566009358
Layer computation load: 0.13683843086755576

Layer 5:
Eqn 1 in layer 5: Primitive: dot_general | FLOPs (GB): 96.0 | Memory access (GB): 0.130859375 | Attainable performance: 37400 | Computation load: 0.0025668449197860962
Eqn 21 in layer 5: Primitive: dot_general | FLOPs (GB): 32.0 | Memory access (GB): 0.5625 | Attainable performance: 37400 | Computation load: 0.000855614973262032
Eqn 33 in layer 5: Primitive: dot_general | FLOPs (GB): 32.0 | Memory access (GB): 0.5625 | Attainable performance: 37400 | Computation load: 0.000855614973262032
Eqn 36 in layer 5: Primitive: dot_general | FLOPs (GB): 1000.0 | Memory access (GB): 1.06884765625 | Attainable performance: 37400 | Computation load: 0.026737967914438502
Eqn 63 in layer 5: Primitive: dot_general | FLOPs (GB): 256.0 | Memory access (GB): 0.296875 | Attainable performance: 37400 | Computation load: 0.006844919786096256
Eqn 71 in layer 5: Primitive: dot_general | FLOPs (GB): 1000.0 | Memory access (GB): 1.06884765625 | Attainable performance: 37400 | Computation load: 0.026737967914438502
Eqn 98 in layer 5: Primitive: dot_general | FLOPs (GB): 96.0 | Memory access (GB): 0.130859375 | Attainable performance: 37400 | Computation load: 0.0025668449197860962
Eqn 118 in layer 5: Primitive: dot_general | FLOPs (GB): 32.0 | Memory access (GB): 0.5625 | Attainable performance: 37400 | Computation load: 0.000855614973262032
Eqn 130 in layer 5: Primitive: dot_general | FLOPs (GB): 32.0 | Memory access (GB): 0.5625 | Attainable performance: 37400 | Computation load: 0.000855614973262032
Eqn 133 in layer 5: Primitive: dot_general | FLOPs (GB): 1000.0 | Memory access (GB): 1.06884765625 | Attainable performance: 37400 | Computation load: 0.026737967914438502
Eqn 139 in layer 5: Primitive: remat2 | FLOPs (GB): 8856.0 | Memory access (GB): 16.07177735865116 | Attainable performance: 37400 | Computation load: 0.23679144385026737
Layer computation load: 0.33240641711229946

Layer 6:
Eqn 25 in layer 6: Primitive: dot_general | FLOPs (GB): 0.5 | Memory access (GB): 0.0317688062787056 | Attainable performance: 10954.141523197928 | Computation load: 4.5644836607335626e-05
Eqn 92 in layer 6: Primitive: dot_general | FLOPs (GB): 0.125 | Memory access (GB): 0.13330078125 | Attainable performance: 652.6593406593406 | Computation load: 0.00019152411099137933
Eqn 105 in layer 6: Primitive: dot_general | FLOPs (GB): 0.125 | Memory access (GB): 0.13330078125 | Attainable performance: 652.6593406593406 | Computation load: 0.00019152411099137933
Eqn 109 in layer 6: Primitive: dot_general | FLOPs (GB): 128.0 | Memory access (GB): 0.21875 | Attainable performance: 37400 | Computation load: 0.003422459893048128
Eqn 111 in layer 6: Primitive: dot_general | FLOPs (GB): 512.0 | Memory access (GB): 0.8125 | Attainable performance: 37400 | Computation load: 0.013689839572192513
Eqn 112 in layer 6: Primitive: custom_jvp_call | FLOPs (GB): 0.25 | Memory access (GB): 2.0 | Attainable performance: 87.0 | Computation load: 0.0028735632183908046
Eqn 113 in layer 6: Primitive: dot_general | FLOPs (GB): 512.0 | Memory access (GB): 0.8125 | Attainable performance: 37400 | Computation load: 0.013689839572192513
Eqn 115 in layer 6: Primitive: dot_general | FLOPs (GB): 128.0 | Memory access (GB): 0.21875 | Attainable performance: 37400 | Computation load: 0.003422459893048128
Eqn 143 in layer 6: Primitive: remat2 | FLOPs (GB): 3714.2529296875 | Memory access (GB): 8.6053162291646 | Attainable performance: 37400 | Computation load: 0.09931157566009358
Layer computation load: 0.13683843086755576

Layer 7:
Eqn 1 in layer 7: Primitive: dot_general | FLOPs (GB): 96.0 | Memory access (GB): 0.130859375 | Attainable performance: 37400 | Computation load: 0.0025668449197860962
Eqn 21 in layer 7: Primitive: dot_general | FLOPs (GB): 32.0 | Memory access (GB): 0.5625 | Attainable performance: 37400 | Computation load: 0.000855614973262032
Eqn 33 in layer 7: Primitive: dot_general | FLOPs (GB): 32.0 | Memory access (GB): 0.5625 | Attainable performance: 37400 | Computation load: 0.000855614973262032
Eqn 36 in layer 7: Primitive: dot_general | FLOPs (GB): 1000.0 | Memory access (GB): 1.06884765625 | Attainable performance: 37400 | Computation load: 0.026737967914438502
Eqn 63 in layer 7: Primitive: dot_general | FLOPs (GB): 256.0 | Memory access (GB): 0.296875 | Attainable performance: 37400 | Computation load: 0.006844919786096256
Eqn 71 in layer 7: Primitive: dot_general | FLOPs (GB): 1000.0 | Memory access (GB): 1.06884765625 | Attainable performance: 37400 | Computation load: 0.026737967914438502
Eqn 98 in layer 7: Primitive: dot_general | FLOPs (GB): 96.0 | Memory access (GB): 0.130859375 | Attainable performance: 37400 | Computation load: 0.0025668449197860962
Eqn 118 in layer 7: Primitive: dot_general | FLOPs (GB): 32.0 | Memory access (GB): 0.5625 | Attainable performance: 37400 | Computation load: 0.000855614973262032
Eqn 130 in layer 7: Primitive: dot_general | FLOPs (GB): 32.0 | Memory access (GB): 0.5625 | Attainable performance: 37400 | Computation load: 0.000855614973262032
Eqn 133 in layer 7: Primitive: dot_general | FLOPs (GB): 1000.0 | Memory access (GB): 1.06884765625 | Attainable performance: 37400 | Computation load: 0.026737967914438502
Eqn 139 in layer 7: Primitive: remat2 | FLOPs (GB): 8856.0 | Memory access (GB): 16.07177735865116 | Attainable performance: 37400 | Computation load: 0.23679144385026737
Layer computation load: 0.33240641711229946

Layer 8:
Eqn 25 in layer 8: Primitive: dot_general | FLOPs (GB): 0.5 | Memory access (GB): 0.0317688062787056 | Attainable performance: 10954.141523197928 | Computation load: 4.5644836607335626e-05
Eqn 92 in layer 8: Primitive: dot_general | FLOPs (GB): 0.125 | Memory access (GB): 0.13330078125 | Attainable performance: 652.6593406593406 | Computation load: 0.00019152411099137933
Eqn 105 in layer 8: Primitive: dot_general | FLOPs (GB): 0.125 | Memory access (GB): 0.13330078125 | Attainable performance: 652.6593406593406 | Computation load: 0.00019152411099137933
Eqn 109 in layer 8: Primitive: dot_general | FLOPs (GB): 128.0 | Memory access (GB): 0.21875 | Attainable performance: 37400 | Computation load: 0.003422459893048128
Eqn 111 in layer 8: Primitive: dot_general | FLOPs (GB): 512.0 | Memory access (GB): 0.8125 | Attainable performance: 37400 | Computation load: 0.013689839572192513
Eqn 112 in layer 8: Primitive: custom_jvp_call | FLOPs (GB): 0.25 | Memory access (GB): 2.0 | Attainable performance: 87.0 | Computation load: 0.0028735632183908046
Eqn 113 in layer 8: Primitive: dot_general | FLOPs (GB): 512.0 | Memory access (GB): 0.8125 | Attainable performance: 37400 | Computation load: 0.013689839572192513
Eqn 115 in layer 8: Primitive: dot_general | FLOPs (GB): 128.0 | Memory access (GB): 0.21875 | Attainable performance: 37400 | Computation load: 0.003422459893048128
Eqn 143 in layer 8: Primitive: remat2 | FLOPs (GB): 3714.2529296875 | Memory access (GB): 8.6053162291646 | Attainable performance: 37400 | Computation load: 0.09931157566009358
Layer computation load: 0.13683843086755576

Layer 9:
Eqn 1 in layer 9: Primitive: dot_general | FLOPs (GB): 96.0 | Memory access (GB): 0.130859375 | Attainable performance: 37400 | Computation load: 0.0025668449197860962
Eqn 21 in layer 9: Primitive: dot_general | FLOPs (GB): 32.0 | Memory access (GB): 0.5625 | Attainable performance: 37400 | Computation load: 0.000855614973262032
Eqn 33 in layer 9: Primitive: dot_general | FLOPs (GB): 32.0 | Memory access (GB): 0.5625 | Attainable performance: 37400 | Computation load: 0.000855614973262032
Eqn 36 in layer 9: Primitive: dot_general | FLOPs (GB): 1000.0 | Memory access (GB): 1.06884765625 | Attainable performance: 37400 | Computation load: 0.026737967914438502
Eqn 63 in layer 9: Primitive: dot_general | FLOPs (GB): 256.0 | Memory access (GB): 0.296875 | Attainable performance: 37400 | Computation load: 0.006844919786096256
Eqn 71 in layer 9: Primitive: dot_general | FLOPs (GB): 1000.0 | Memory access (GB): 1.06884765625 | Attainable performance: 37400 | Computation load: 0.026737967914438502
Eqn 98 in layer 9: Primitive: dot_general | FLOPs (GB): 96.0 | Memory access (GB): 0.130859375 | Attainable performance: 37400 | Computation load: 0.0025668449197860962
Eqn 118 in layer 9: Primitive: dot_general | FLOPs (GB): 32.0 | Memory access (GB): 0.5625 | Attainable performance: 37400 | Computation load: 0.000855614973262032
Eqn 130 in layer 9: Primitive: dot_general | FLOPs (GB): 32.0 | Memory access (GB): 0.5625 | Attainable performance: 37400 | Computation load: 0.000855614973262032
Eqn 133 in layer 9: Primitive: dot_general | FLOPs (GB): 1000.0 | Memory access (GB): 1.06884765625 | Attainable performance: 37400 | Computation load: 0.026737967914438502
Eqn 139 in layer 9: Primitive: remat2 | FLOPs (GB): 8856.0 | Memory access (GB): 16.07177735865116 | Attainable performance: 37400 | Computation load: 0.23679144385026737
Layer computation load: 0.33240641711229946

Layer 10:
Eqn 25 in layer 10: Primitive: dot_general | FLOPs (GB): 0.5 | Memory access (GB): 0.0317688062787056 | Attainable performance: 10954.141523197928 | Computation load: 4.5644836607335626e-05
Eqn 92 in layer 10: Primitive: dot_general | FLOPs (GB): 0.125 | Memory access (GB): 0.13330078125 | Attainable performance: 652.6593406593406 | Computation load: 0.00019152411099137933
Eqn 105 in layer 10: Primitive: dot_general | FLOPs (GB): 0.125 | Memory access (GB): 0.13330078125 | Attainable performance: 652.6593406593406 | Computation load: 0.00019152411099137933
Eqn 109 in layer 10: Primitive: dot_general | FLOPs (GB): 128.0 | Memory access (GB): 0.21875 | Attainable performance: 37400 | Computation load: 0.003422459893048128
Eqn 111 in layer 10: Primitive: dot_general | FLOPs (GB): 512.0 | Memory access (GB): 0.8125 | Attainable performance: 37400 | Computation load: 0.013689839572192513
Eqn 112 in layer 10: Primitive: custom_jvp_call | FLOPs (GB): 0.25 | Memory access (GB): 2.0 | Attainable performance: 87.0 | Computation load: 0.0028735632183908046
Eqn 113 in layer 10: Primitive: dot_general | FLOPs (GB): 512.0 | Memory access (GB): 0.8125 | Attainable performance: 37400 | Computation load: 0.013689839572192513
Eqn 115 in layer 10: Primitive: dot_general | FLOPs (GB): 128.0 | Memory access (GB): 0.21875 | Attainable performance: 37400 | Computation load: 0.003422459893048128
Eqn 143 in layer 10: Primitive: remat2 | FLOPs (GB): 3714.2529296875 | Memory access (GB): 8.6053162291646 | Attainable performance: 37400 | Computation load: 0.09931157566009358
Layer computation load: 0.13683843086755576

Layer 11:
Eqn 1 in layer 11: Primitive: dot_general | FLOPs (GB): 96.0 | Memory access (GB): 0.130859375 | Attainable performance: 37400 | Computation load: 0.0025668449197860962
Eqn 21 in layer 11: Primitive: dot_general | FLOPs (GB): 32.0 | Memory access (GB): 0.5625 | Attainable performance: 37400 | Computation load: 0.000855614973262032
Eqn 33 in layer 11: Primitive: dot_general | FLOPs (GB): 32.0 | Memory access (GB): 0.5625 | Attainable performance: 37400 | Computation load: 0.000855614973262032
Eqn 36 in layer 11: Primitive: dot_general | FLOPs (GB): 1000.0 | Memory access (GB): 1.06884765625 | Attainable performance: 37400 | Computation load: 0.026737967914438502
Eqn 63 in layer 11: Primitive: dot_general | FLOPs (GB): 256.0 | Memory access (GB): 0.296875 | Attainable performance: 37400 | Computation load: 0.006844919786096256
Eqn 71 in layer 11: Primitive: dot_general | FLOPs (GB): 1000.0 | Memory access (GB): 1.06884765625 | Attainable performance: 37400 | Computation load: 0.026737967914438502
Eqn 98 in layer 11: Primitive: dot_general | FLOPs (GB): 96.0 | Memory access (GB): 0.130859375 | Attainable performance: 37400 | Computation load: 0.0025668449197860962
Eqn 118 in layer 11: Primitive: dot_general | FLOPs (GB): 32.0 | Memory access (GB): 0.5625 | Attainable performance: 37400 | Computation load: 0.000855614973262032
Eqn 130 in layer 11: Primitive: dot_general | FLOPs (GB): 32.0 | Memory access (GB): 0.5625 | Attainable performance: 37400 | Computation load: 0.000855614973262032
Eqn 133 in layer 11: Primitive: dot_general | FLOPs (GB): 1000.0 | Memory access (GB): 1.06884765625 | Attainable performance: 37400 | Computation load: 0.026737967914438502
Eqn 139 in layer 11: Primitive: remat2 | FLOPs (GB): 8856.0 | Memory access (GB): 16.07177735865116 | Attainable performance: 37400 | Computation load: 0.23679144385026737
Layer computation load: 0.33240641711229946

Layer 12:
Eqn 25 in layer 12: Primitive: dot_general | FLOPs (GB): 0.5 | Memory access (GB): 0.0317688062787056 | Attainable performance: 10954.141523197928 | Computation load: 4.5644836607335626e-05
Eqn 92 in layer 12: Primitive: dot_general | FLOPs (GB): 0.125 | Memory access (GB): 0.13330078125 | Attainable performance: 652.6593406593406 | Computation load: 0.00019152411099137933
Eqn 105 in layer 12: Primitive: dot_general | FLOPs (GB): 0.125 | Memory access (GB): 0.13330078125 | Attainable performance: 652.6593406593406 | Computation load: 0.00019152411099137933
Eqn 109 in layer 12: Primitive: dot_general | FLOPs (GB): 128.0 | Memory access (GB): 0.21875 | Attainable performance: 37400 | Computation load: 0.003422459893048128
Eqn 111 in layer 12: Primitive: dot_general | FLOPs (GB): 512.0 | Memory access (GB): 0.8125 | Attainable performance: 37400 | Computation load: 0.013689839572192513
Eqn 112 in layer 12: Primitive: custom_jvp_call | FLOPs (GB): 0.25 | Memory access (GB): 2.0 | Attainable performance: 87.0 | Computation load: 0.0028735632183908046
Eqn 113 in layer 12: Primitive: dot_general | FLOPs (GB): 512.0 | Memory access (GB): 0.8125 | Attainable performance: 37400 | Computation load: 0.013689839572192513
Eqn 115 in layer 12: Primitive: dot_general | FLOPs (GB): 128.0 | Memory access (GB): 0.21875 | Attainable performance: 37400 | Computation load: 0.003422459893048128
Eqn 143 in layer 12: Primitive: remat2 | FLOPs (GB): 3714.2529296875 | Memory access (GB): 8.6053162291646 | Attainable performance: 37400 | Computation load: 0.09931157566009358
Layer computation load: 0.13683843086755576

Layer 13:
Eqn 1 in layer 13: Primitive: dot_general | FLOPs (GB): 96.0 | Memory access (GB): 0.130859375 | Attainable performance: 37400 | Computation load: 0.0025668449197860962
Eqn 21 in layer 13: Primitive: dot_general | FLOPs (GB): 32.0 | Memory access (GB): 0.5625 | Attainable performance: 37400 | Computation load: 0.000855614973262032
Eqn 33 in layer 13: Primitive: dot_general | FLOPs (GB): 32.0 | Memory access (GB): 0.5625 | Attainable performance: 37400 | Computation load: 0.000855614973262032
Eqn 36 in layer 13: Primitive: dot_general | FLOPs (GB): 1000.0 | Memory access (GB): 1.06884765625 | Attainable performance: 37400 | Computation load: 0.026737967914438502
Eqn 63 in layer 13: Primitive: dot_general | FLOPs (GB): 256.0 | Memory access (GB): 0.296875 | Attainable performance: 37400 | Computation load: 0.006844919786096256
Eqn 71 in layer 13: Primitive: dot_general | FLOPs (GB): 1000.0 | Memory access (GB): 1.06884765625 | Attainable performance: 37400 | Computation load: 0.026737967914438502
Eqn 98 in layer 13: Primitive: dot_general | FLOPs (GB): 96.0 | Memory access (GB): 0.130859375 | Attainable performance: 37400 | Computation load: 0.0025668449197860962
Eqn 118 in layer 13: Primitive: dot_general | FLOPs (GB): 32.0 | Memory access (GB): 0.5625 | Attainable performance: 37400 | Computation load: 0.000855614973262032
Eqn 130 in layer 13: Primitive: dot_general | FLOPs (GB): 32.0 | Memory access (GB): 0.5625 | Attainable performance: 37400 | Computation load: 0.000855614973262032
Eqn 133 in layer 13: Primitive: dot_general | FLOPs (GB): 1000.0 | Memory access (GB): 1.06884765625 | Attainable performance: 37400 | Computation load: 0.026737967914438502
Eqn 139 in layer 13: Primitive: remat2 | FLOPs (GB): 8856.0 | Memory access (GB): 16.07177735865116 | Attainable performance: 37400 | Computation load: 0.23679144385026737
Layer computation load: 0.33240641711229946

Layer 14:
Eqn 25 in layer 14: Primitive: dot_general | FLOPs (GB): 0.5 | Memory access (GB): 0.0317688062787056 | Attainable performance: 10954.141523197928 | Computation load: 4.5644836607335626e-05
Eqn 92 in layer 14: Primitive: dot_general | FLOPs (GB): 0.125 | Memory access (GB): 0.13330078125 | Attainable performance: 652.6593406593406 | Computation load: 0.00019152411099137933
Eqn 105 in layer 14: Primitive: dot_general | FLOPs (GB): 0.125 | Memory access (GB): 0.13330078125 | Attainable performance: 652.6593406593406 | Computation load: 0.00019152411099137933
Eqn 109 in layer 14: Primitive: dot_general | FLOPs (GB): 128.0 | Memory access (GB): 0.21875 | Attainable performance: 37400 | Computation load: 0.003422459893048128
Eqn 111 in layer 14: Primitive: dot_general | FLOPs (GB): 512.0 | Memory access (GB): 0.8125 | Attainable performance: 37400 | Computation load: 0.013689839572192513
Eqn 112 in layer 14: Primitive: custom_jvp_call | FLOPs (GB): 0.25 | Memory access (GB): 2.0 | Attainable performance: 87.0 | Computation load: 0.0028735632183908046
Eqn 113 in layer 14: Primitive: dot_general | FLOPs (GB): 512.0 | Memory access (GB): 0.8125 | Attainable performance: 37400 | Computation load: 0.013689839572192513
Eqn 115 in layer 14: Primitive: dot_general | FLOPs (GB): 128.0 | Memory access (GB): 0.21875 | Attainable performance: 37400 | Computation load: 0.003422459893048128
Eqn 143 in layer 14: Primitive: remat2 | FLOPs (GB): 3714.2529296875 | Memory access (GB): 8.6053162291646 | Attainable performance: 37400 | Computation load: 0.09931157566009358
Layer computation load: 0.13683843086755576

Layer 15:
Eqn 3 in layer 15: Primitive: remat2 | FLOPs (GB): 9440.0 | Memory access (GB): 13.43945313245058 | Attainable performance: 37400 | Computation load: 0.25240641711229944
Layer computation load: 0.25240641711229944
Layer memory access: [14.641113296151161, 20.16412364691496, 20.71734630316496, 22.08691407740116, 8.972229108214378, 22.08691407740116, 8.972229108214378, 22.08691407740116, 8.972229108214378, 22.08691407740116, 8.972229108214378, 22.08691407740116, 8.972229108214378, 22.08691407740116, 8.972229108214378, 13.43945313245058]

Layer GPU fractions:
[1.039, 1.24, 1.307, 1.345, 0.554, 1.345, 0.554, 1.345, 0.554, 1.345, 0.554, 1.345, 0.554, 1.345, 0.554, 1.021]

Layer GPU fractions:
[1.039, 1.24, 1.307, 1.345, 0.554, 1.345, 0.554, 1.345, 0.554, 1.345, 0.554, 1.345, 0.554, 1.345, 0.554, 1.021]

[[[0, 1], [2, 3], [4, 5], [6, 7], [8, 9], [10, 11], [12, 13], [14, 15]]]

[[[0, 1], [2, 3], [4, 5], [6, 7], [8, 9], [10, 11], [12, 13], [14, 15]]]

[[0, 1], [2, 3], [4, 5], [6, 7], [8, 9], [10, 11], [12, 13], [14, 15]]
2102714368.0
0.8570735090994238
([2, 2, 2, 2, 2, 2, 2, 2], 0.8570735090994238)

{'0_1__2_3__4_5__6_7__8_9__10_11__12_13__14_15': {0: {'1_2': (2.279, 2, 0.5633711768063097, 1359314944.0, 0, 0), '2_1': (2.279, 2, 0.5633711768063097, 0, 290573312.0, 0)}, 1: {'1_2': (2.652, 2, 0.655349786431978, 1711636480.0, 0, 0), '2_1': (2.652, 2, 0.655349786431978, 0, 336694272.0, 0)}, 2: {'1_2': (1.899, 2, 0.4692535297474861, 1342537728.0, 0, 0), '2_1': (1.899, 2, 0.4692535297474861, 0, 259525632.0, 0)}, 3: {'1_2': (1.899, 2, 0.4692535297474861, 1342537728.0, 0, 0), '2_1': (1.899, 2, 0.4692535297474861, 0, 259525632.0, 0)}, 4: {'1_2': (1.899, 2, 0.4692535297474861, 1342537728.0, 0, 0), '2_1': (1.899, 2, 0.4692535297474861, 0, 259525632.0, 0)}, 5: {'1_2': (1.899, 2, 0.4692535297474861, 1342537728.0, 0, 0), '2_1': (1.899, 2, 0.4692535297474861, 0, 259525632.0, 0)}, 6: {'1_2': (1.899, 2, 0.4692535297474861, 1342537728.0, 0, 0), '2_1': (1.899, 2, 0.4692535297474861, 0, 259525632.0, 0)}, 7: {'1_2': (1.575, 2, 0.38925352974748606, 486899712.0, 0, 0), '2_1': (1.575, 2, 0.38925352974748606, 0, 177818624.0, 0)}}}
[I] Pipeline partition mode: auto | Layer-to-stage partition: [[0, 1], [2, 3], [4, 5], [6, 7], [8, 9], [10, 11], [12, 13], [14, 15]]
[I] Pipeline partition mode: auto | Cell-generated physical mesh shapes: [(1, 2), (1, 2), (1, 2), (1, 2), (1, 2), (1, 2), (1, 2), (1, 2)]
[I] Loading model and transform to Jaxpr stages takes 73.25580048561096 s.
[I] The GPU sharding of pipeline stages is: [2, 2, 2, 2, 2, 2, 2, 2]
[I] Pipeline partition mode: auto | Parallel enum mode: auto | Parallel plans: [[StageShape(type='single', stage_shape=(2, 1), layer_shape=None), StageShape(type='single', stage_shape=(2, 1), layer_shape=None), StageShape(type='single', stage_shape=(2, 1), layer_shape=None), StageShape(type='single', stage_shape=(2, 1), layer_shape=None), StageShape(type='single', stage_shape=(2, 1), layer_shape=None), StageShape(type='single', stage_shape=(2, 1), layer_shape=None), StageShape(type='single', stage_shape=(2, 1), layer_shape=None), StageShape(type='single', stage_shape=(1, 2), layer_shape=None)]]

[I] (Parallel plan idx: 0) Sharding stages...
[I] Sharding stages takes 20.02329707145691 s.
[I] (Parallel plan idx: 0) SPMD partitioning and compiling (kernel fusing) HLO stages...
[I] SPMD partitioning and pre-compiling HLO modules concurrently takes 6.639849662780762 s.

[I] All parallel plans in the cell have been sharded and compiled.
[TMP] Writing only-sharded HLO text to '/home/cyxue/Projects/crius/Crius/runtime/jaxpr/tmp/moe_2.4B_256_sharded_stages.pkl'...
[TMP] Writing optimized HLO text to '/home/cyxue/Projects/crius/Crius/runtime/jaxpr/tmp/moe_2.4B_256_optimized_stages.pkl'...
[TMP] Writing inter-stages communicated vars to '/home/cyxue/Projects/crius/Crius/runtime/jaxpr/tmp/moe_2.4B_256_inter_stages_comm_vars.pkl'

[I] Parallel plan idx: 0 | Parallelism: [(2, 1), (2, 1), (2, 1), (2, 1), (2, 1), (2, 1), (2, 1), (1, 2)]

[I] (Parallel plan idx: 0) Parsing HLO texts and profiling XLA operators...
[I] Pipeline partition mode: auto | Preset physical mesh shapes: [(1, 2), (1, 2), (1, 2), (1, 2), (1, 2), (1, 2), (1, 2), (1, 2)]
[TMP] Loading offline profiled communication data: `1_a40_1_n_2_d_ib.pkl`...
[TMP] Loading offline profiled communication data: `2_a40_2_n_1_d_ib.pkl`...
\Time of module 0 (stage 0):
Intra-stage comm time: 0
Grad sync time: 0

[I] Optimized module 0 for stage 0, comm time has been statically analyzed.
\Time of module 1 (stage 1):
Intra-stage comm time: 0
Grad sync time: 0

[I] Optimized module 1 for stage 1, comm time has been statically analyzed.
\Time of module 2 (stage 2):
Intra-stage comm time: 0
Grad sync time: 0

[I] Optimized module 2 for stage 2, comm time has been statically analyzed.
\Time of module 3 (stage 3):
Intra-stage comm time: 0
Grad sync time: 0

[I] Optimized module 3 for stage 3, comm time has been statically analyzed.
\Time of module 4 (stage 4):
Intra-stage comm time: 0
Grad sync time: 0

[I] Optimized module 4 for stage 4, comm time has been statically analyzed.
\Time of module 5 (stage 5):
Intra-stage comm time: 0
Grad sync time: 0

[I] Optimized module 5 for stage 5, comm time has been statically analyzed.
\Time of module 6 (stage 6):
Intra-stage comm time: 0
Grad sync time: 0

[I] Optimized module 6 for stage 6, comm time has been statically analyzed.
\Time of module 7 (stage 7):
Intra-stage comm time: 0.0025433063507080077
Grad sync time: 0

[I] Optimized module 7 for stage 7, comm time has been statically analyzed.
\Time of module 8 (stage 7):
Intra-stage comm time: 0.020143127092160287
Grad sync time: 0

[I] Optimized module 8 for stage 7, comm time has been statically analyzed.
\Time of module 9 (stage 6):
Intra-stage comm time: 0.0
Grad sync time: 0.04512701083440333

[I] Optimized module 9 for stage 6, comm time has been statically analyzed.
\Time of module 10 (stage 5):
Intra-stage comm time: 0.0
Grad sync time: 0.04512701083440333

[I] Optimized module 10 for stage 5, comm time has been statically analyzed.
\Time of module 11 (stage 4):
Intra-stage comm time: 0.0
Grad sync time: 0.04512701083440333

[I] Optimized module 11 for stage 4, comm time has been statically analyzed.
\Time of module 12 (stage 3):
Intra-stage comm time: 0.0
Grad sync time: 0.04512701083440333

[I] Optimized module 12 for stage 3, comm time has been statically analyzed.
\Time of module 13 (stage 2):
Intra-stage comm time: 0.0
Grad sync time: 0.04512701083440333

[I] Optimized module 13 for stage 2, comm time has been statically analyzed.
\Time of module 14 (stage 1):
Intra-stage comm time: 0.0
Grad sync time: 0.047146681243819856

[I] Optimized module 14 for stage 1, comm time has been statically analyzed.
\Time of module 15 (stage 0):
Intra-stage comm time: 0.0
Grad sync time: 0.049113133611778416

[I] Optimized module 15 for stage 0, comm time has been statically analyzed.
\Time of module 16 (stage 0):
Intra-stage comm time: 0.03105234104473311
Grad sync time: 0

[I] Optimized module 16 for stage 0, comm time has been statically analyzed.
\Time of module 17 (stage 1):
Intra-stage comm time: 0.031510770938211856
Grad sync time: 0

[I] Optimized module 17 for stage 1, comm time has been statically analyzed.
\Time of module 18 (stage 2):
Intra-stage comm time: 0.028947355423906623
Grad sync time: 0

[I] Optimized module 18 for stage 2, comm time has been statically analyzed.
\Time of module 19 (stage 3):
Intra-stage comm time: 0.028947355423906623
Grad sync time: 0

[I] Optimized module 19 for stage 3, comm time has been statically analyzed.
\Time of module 20 (stage 4):
Intra-stage comm time: 0.028944980178812325
Grad sync time: 0

[I] Optimized module 20 for stage 4, comm time has been statically analyzed.
\Time of module 21 (stage 5):
Intra-stage comm time: 0.028947355423906623
Grad sync time: 0

[I] Optimized module 21 for stage 5, comm time has been statically analyzed.
\Time of module 22 (stage 6):
Intra-stage comm time: 0.028947355423906623
Grad sync time: 0

[I] Optimized module 22 for stage 6, comm time has been statically analyzed.
\Time of module 23 (stage 7):
Intra-stage comm time: 0.0014306428878626321
Grad sync time: 0

[I] Optimized module 23 for stage 7, comm time has been statically analyzed.
[TMP] Memory footprint of the stage 0 is 3.7237055115401745 GB, while the available memory of the XLA device is 35.33237304631621 GB.
[TMP] Memory footprint of the stage 1 is 3.7363452948629856 GB, while the available memory of the XLA device is 35.33237304631621 GB.
[TMP] Memory footprint of the stage 2 is 3.3455677069723606 GB, while the available memory of the XLA device is 35.33237304631621 GB.
[TMP] Memory footprint of the stage 3 is 3.3455677069723606 GB, while the available memory of the XLA device is 35.33237304631621 GB.
[TMP] Memory footprint of the stage 4 is 3.3455677069723606 GB, while the available memory of the XLA device is 35.33237304631621 GB.
[TMP] Memory footprint of the stage 5 is 3.3455677069723606 GB, while the available memory of the XLA device is 35.33237304631621 GB.
[TMP] Memory footprint of the stage 6 is 3.3455677069723606 GB, while the available memory of the XLA device is 35.33237304631621 GB.
[TMP] Memory footprint of the stage 7 is 2.1298241652548313 GB, while the available memory of the XLA device is 35.33237304631621 GB.
[I] Only-sharded module 0 for stage 0, constructing entry XLA computation...
[I] Compiling HLO module...
[I] Profiling HLO modules...
    - Iteration 0/5: Kernel execution time: 0.02480470100000001 s.
    - Iteration 1/5: Kernel execution time: 0.024794814999999998 s.
    - Iteration 2/5: Kernel execution time: 0.024754593 s.
    - Iteration 3/5: Kernel execution time: 0.024857596999999995 s.
    - Iteration 4/5: Kernel execution time: 0.024840992 s.
[I] Only-sharded module 1 for stage 1, constructing entry XLA computation...
[I] Compiling HLO module...
[I] Profiling HLO modules...
    - Iteration 0/5: Kernel execution time: 0.02768204700000001 s.
    - Iteration 1/5: Kernel execution time: 0.027470403999999993 s.
    - Iteration 2/5: Kernel execution time: 0.027449663000000006 s.
    - Iteration 3/5: Kernel execution time: 0.02754934000000001 s.
    - Iteration 4/5: Kernel execution time: 0.027493020999999996 s.
[I] Only-sharded module 2 for stage 2, constructing entry XLA computation...
[I] Compiling HLO module...
[I] Profiling HLO modules...
    - Iteration 0/5: Kernel execution time: 0.021295837 s.
    - Iteration 1/5: Kernel execution time: 0.021078332 s.
    - Iteration 2/5: Kernel execution time: 0.020978813 s.
    - Iteration 3/5: Kernel execution time: 0.021075326999999994 s.
    - Iteration 4/5: Kernel execution time: 0.020993660000000004 s.
[I] Only-sharded module 3 for stage 3, constructing entry XLA computation...
[I] Compiling HLO module...
[I] Profiling HLO modules...
    - Iteration 0/5: Kernel execution time: 0.020995838000000003 s.
    - Iteration 1/5: Kernel execution time: 0.021118138 s.
    - Iteration 2/5: Kernel execution time: 0.02102169400000001 s.
    - Iteration 3/5: Kernel execution time: 0.020994015 s.
    - Iteration 4/5: Kernel execution time: 0.021102974000000007 s.
[I] Only-sharded module 4 for stage 4, constructing entry XLA computation...
[I] Compiling HLO module...
[I] Profiling HLO modules...
    - Iteration 0/5: Kernel execution time: 0.020944064999999998 s.
    - Iteration 1/5: Kernel execution time: 0.021089949999999993 s.
    - Iteration 2/5: Kernel execution time: 0.020983671 s.
    - Iteration 3/5: Kernel execution time: 0.021031681000000003 s.
    - Iteration 4/5: Kernel execution time: 0.021105597999999993 s.
[I] Only-sharded module 5 for stage 5, constructing entry XLA computation...
[I] Compiling HLO module...
[I] Profiling HLO modules...
    - Iteration 0/5: Kernel execution time: 0.021287838000000014 s.
    - Iteration 1/5: Kernel execution time: 0.021117218 s.
    - Iteration 2/5: Kernel execution time: 0.02109452600000001 s.
    - Iteration 3/5: Kernel execution time: 0.021077151000000006 s.
    - Iteration 4/5: Kernel execution time: 0.020979616000000003 s.
[I] Only-sharded module 6 for stage 6, constructing entry XLA computation...
[I] Compiling HLO module...
[I] Profiling HLO modules...
    - Iteration 0/5: Kernel execution time: 0.021271459000000003 s.
    - Iteration 1/5: Kernel execution time: 0.021054082000000005 s.
    - Iteration 2/5: Kernel execution time: 0.021022779999999998 s.
    - Iteration 3/5: Kernel execution time: 0.021040830999999996 s.
    - Iteration 4/5: Kernel execution time: 0.021104637 s.
[I] Only-sharded module 7 for stage 7, constructing entry XLA computation...
[I] Compiling HLO module...
[I] Profiling HLO modules...
    - Iteration 0/5: Kernel execution time: 0.008739360000000002 s.
    - Iteration 1/5: Kernel execution time: 0.008768831 s.
    - Iteration 2/5: Kernel execution time: 0.008705918 s.
    - Iteration 3/5: Kernel execution time: 0.00885024 s.
    - Iteration 4/5: Kernel execution time: 0.008714240000000002 s.
[I] Only-sharded module 8 for stage 7, constructing entry XLA computation...
[I] Compiling HLO module...
[I] Profiling HLO modules...
    - Iteration 0/5: Kernel execution time: 0.07257688600000002 s.
    - Iteration 1/5: Kernel execution time: 0.07123736399999998 s.
    - Iteration 2/5: Kernel execution time: 0.072617138 s.
    - Iteration 3/5: Kernel execution time: 0.07230354600000002 s.
    - Iteration 4/5: Kernel execution time: 0.07193788300000004 s.
[I] Only-sharded module 9 for stage 6, constructing entry XLA computation...
[I] Compiling HLO module...
[I] Profiling HLO modules...
    - Iteration 0/5: Kernel execution time: 0.057936251 s.
    - Iteration 1/5: Kernel execution time: 0.05808908600000001 s.
    - Iteration 2/5: Kernel execution time: 0.05764454199999999 s.
    - Iteration 3/5: Kernel execution time: 0.057961792 s.
    - Iteration 4/5: Kernel execution time: 0.05789558400000002 s.
[I] Only-sharded module 10 for stage 5, constructing entry XLA computation...
[I] Compiling HLO module...
[I] Profiling HLO modules...
    - Iteration 0/5: Kernel execution time: 0.058113884000000005 s.
    - Iteration 1/5: Kernel execution time: 0.05768604600000002 s.
    - Iteration 2/5: Kernel execution time: 0.057528510999999984 s.
    - Iteration 3/5: Kernel execution time: 0.058015315000000005 s.
    - Iteration 4/5: Kernel execution time: 0.05816502300000002 s.
[I] Only-sharded module 11 for stage 4, constructing entry XLA computation...
[I] Compiling HLO module...
[I] Profiling HLO modules...
    - Iteration 0/5: Kernel execution time: 0.05802509900000001 s.
    - Iteration 1/5: Kernel execution time: 0.05782690300000004 s.
    - Iteration 2/5: Kernel execution time: 0.057925032 s.
    - Iteration 3/5: Kernel execution time: 0.058108096 s.
    - Iteration 4/5: Kernel execution time: 0.05778405999999998 s.
[I] Only-sharded module 12 for stage 3, constructing entry XLA computation...
[I] Compiling HLO module...
[I] Profiling HLO modules...
    - Iteration 0/5: Kernel execution time: 0.05805961700000003 s.
    - Iteration 1/5: Kernel execution time: 0.05765260800000001 s.
    - Iteration 2/5: Kernel execution time: 0.05788021400000001 s.
    - Iteration 3/5: Kernel execution time: 0.057920202 s.
    - Iteration 4/5: Kernel execution time: 0.05780892799999999 s.
[I] Only-sharded module 13 for stage 2, constructing entry XLA computation...
[I] Compiling HLO module...
[I] Profiling HLO modules...
    - Iteration 0/5: Kernel execution time: 0.05831180500000002 s.
    - Iteration 1/5: Kernel execution time: 0.057977029999999985 s.
    - Iteration 2/5: Kernel execution time: 0.05804021499999999 s.
    - Iteration 3/5: Kernel execution time: 0.05796463700000002 s.
    - Iteration 4/5: Kernel execution time: 0.057694283000000006 s.
[I] Only-sharded module 14 for stage 1, constructing entry XLA computation...
[I] Compiling HLO module...
[I] Profiling HLO modules...
    - Iteration 0/5: Kernel execution time: 0.07060438299999999 s.
    - Iteration 1/5: Kernel execution time: 0.070948229 s.
    - Iteration 2/5: Kernel execution time: 0.07032217600000003 s.
    - Iteration 3/5: Kernel execution time: 0.070687192 s.
    - Iteration 4/5: Kernel execution time: 0.07050048000000003 s.
[I] Only-sharded module 15 for stage 0, constructing entry XLA computation...
[I] Compiling HLO module...
[I] Profiling HLO modules...
    - Iteration 0/5: Kernel execution time: 0.06486720199999998 s.
    - Iteration 1/5: Kernel execution time: 0.06482937399999998 s.
    - Iteration 2/5: Kernel execution time: 0.06486009700000003 s.
    - Iteration 3/5: Kernel execution time: 0.06493622899999998 s.
    - Iteration 4/5: Kernel execution time: 0.06479946399999999 s.
[I] Only-sharded module 16 for stage 0, constructing entry XLA computation...
[I] Compiling HLO module...
[I] Profiling HLO modules...
    - Iteration 0/5: Kernel execution time: 0.010091456 s.
    - Iteration 1/5: Kernel execution time: 0.010102493 s.
    - Iteration 2/5: Kernel execution time: 0.010097685000000002 s.
    - Iteration 3/5: Kernel execution time: 0.010111106999999998 s.
    - Iteration 4/5: Kernel execution time: 0.010115362000000003 s.
[I] Only-sharded module 17 for stage 1, constructing entry XLA computation...
[I] Compiling HLO module...
[I] Profiling HLO modules...
    - Iteration 0/5: Kernel execution time: 0.009758075000000001 s.
    - Iteration 1/5: Kernel execution time: 0.009760164 s.
    - Iteration 2/5: Kernel execution time: 0.009770178000000001 s.
    - Iteration 3/5: Kernel execution time: 0.009745315999999997 s.
    - Iteration 4/5: Kernel execution time: 0.009740772000000002 s.
[I] Only-sharded module 18 for stage 2, constructing entry XLA computation...
[I] Compiling HLO module...
[I] Profiling HLO modules...
    - Iteration 0/5: Kernel execution time: 0.009223803000000003 s.
    - Iteration 1/5: Kernel execution time: 0.009209824 s.
    - Iteration 2/5: Kernel execution time: 0.009215331 s.
    - Iteration 3/5: Kernel execution time: 0.009226852999999998 s.
    - Iteration 4/5: Kernel execution time: 0.009212642999999998 s.
[I] Only-sharded module 19 for stage 3, constructing entry XLA computation...
[I] Compiling HLO module...
[I] Profiling HLO modules...
    - Iteration 0/5: Kernel execution time: 0.009208451 s.
    - Iteration 1/5: Kernel execution time: 0.009217034000000002 s.
    - Iteration 2/5: Kernel execution time: 0.009221763999999999 s.
    - Iteration 3/5: Kernel execution time: 0.009229734 s.
    - Iteration 4/5: Kernel execution time: 0.009226176 s.
[I] Only-sharded module 20 for stage 4, constructing entry XLA computation...
[I] Compiling HLO module...
[I] Profiling HLO modules...
    - Iteration 0/5: Kernel execution time: 0.009214331000000001 s.
    - Iteration 1/5: Kernel execution time: 0.009227940999999998 s.
    - Iteration 2/5: Kernel execution time: 0.009228740000000001 s.
    - Iteration 3/5: Kernel execution time: 0.009250111000000002 s.
    - Iteration 4/5: Kernel execution time: 0.009235681 s.
[I] Only-sharded module 21 for stage 5, constructing entry XLA computation...
[I] Compiling HLO module...
[I] Profiling HLO modules...
    - Iteration 0/5: Kernel execution time: 0.009214497000000002 s.
    - Iteration 1/5: Kernel execution time: 0.009235849999999999 s.
    - Iteration 2/5: Kernel execution time: 0.009230179000000002 s.
    - Iteration 3/5: Kernel execution time: 0.009223044 s.
    - Iteration 4/5: Kernel execution time: 0.00922768 s.
[I] Only-sharded module 22 for stage 6, constructing entry XLA computation...
[I] Compiling HLO module...
[I] Profiling HLO modules...
    - Iteration 0/5: Kernel execution time: 0.009202691 s.
    - Iteration 1/5: Kernel execution time: 0.009222946 s.
    - Iteration 2/5: Kernel execution time: 0.009217759 s.
    - Iteration 3/5: Kernel execution time: 0.009394561000000001 s.
    - Iteration 4/5: Kernel execution time: 0.00921177 s.
[I] Only-sharded module 23 for stage 7, constructing entry XLA computation...
[I] Compiling HLO module...
[I] Profiling HLO modules...
    - Iteration 0/5: Kernel execution time: 0.008807807999999999 s.
    - Iteration 1/5: Kernel execution time: 0.008825406 s.
    - Iteration 2/5: Kernel execution time: 0.008821729 s.
    - Iteration 3/5: Kernel execution time: 0.008828482000000002 s.
    - Iteration 4/5: Kernel execution time: 0.008806464 s.
[I] Constructing single-device HLO modules concurrently takes 0.06058955192565918 s.
[I] Compile single-device HLO modules concurrently takes 3.7748186588287354 s.
[I] Profile all compiled sequentially on one GPU takes 14.04115104675293 s.
[I] Estimated e2e pipeline iteration time is: 5.557012762677526 s.
    - Kernel computation time is: -1.0 s.
    - Communication time is: -1.0 s.
    - Cross-stages communication time is: -1.0 s.
