
[I] Loading Crius kernel-level profiler...
[TMP] Profiling results not found in `None`, creating it...

[I] Loading model and generating sharded HLO module...
[I] Initializing XLA devices takes 0.39072179794311523 s.
[I] Loading flax model....
[I] Model 'moe' loads sucessfully. Model Info: 

FlaxMoEForLMModule(
    # attributes
    config = <model.moe_model.MoEConfig object at 0x7f7a4b6c2760>
    dtype = float16
    bias_init = zeros
) 

[I] Initialize training state...
[I] Training state initialization is completed.
[I] Constructing general train step func...
[I] General train step func construction is completed.
[I] Model has been loaded, begin Jaxpr transformation...


Layer 0:
Eqn 5 in layer 0: Primitive: dot_general | FLOPs (GB): 1000.0 | Memory access (GB): 1.06884765625 | Attainable performance: 37400 | Computation load: 0.026737967914438502
Eqn 10 in layer 0: Primitive: dot_general | FLOPs (GB): 1000.0 | Memory access (GB): 1.06884765625 | Attainable performance: 37400 | Computation load: 0.026737967914438502
Eqn 36 in layer 0: Primitive: dot_general | FLOPs (GB): 96.0 | Memory access (GB): 0.130859375 | Attainable performance: 37400 | Computation load: 0.0025668449197860962
Eqn 56 in layer 0: Primitive: dot_general | FLOPs (GB): 32.0 | Memory access (GB): 0.5625 | Attainable performance: 37400 | Computation load: 0.000855614973262032
Eqn 68 in layer 0: Primitive: dot_general | FLOPs (GB): 32.0 | Memory access (GB): 0.5625 | Attainable performance: 37400 | Computation load: 0.000855614973262032
Eqn 71 in layer 0: Primitive: dot_general | FLOPs (GB): 1000.0 | Memory access (GB): 1.06884765625 | Attainable performance: 37400 | Computation load: 0.026737967914438502
Eqn 100 in layer 0: Primitive: remat2 | FLOPs (GB): 6448.0 | Memory access (GB): 10.178710952401161 | Attainable performance: 37400 | Computation load: 0.17240641711229945
Layer computation load: 0.25689839572192513

Layer 1:
Eqn 2 in layer 1: Primitive: dot_general | FLOPs (GB): 0.5 | Memory access (GB): 0.0317688062787056 | Attainable performance: 10954.141523197928 | Computation load: 4.5644836607335626e-05
Eqn 69 in layer 1: Primitive: dot_general | FLOPs (GB): 0.125 | Memory access (GB): 0.13330078125 | Attainable performance: 652.6593406593406 | Computation load: 0.00019152411099137933
Eqn 82 in layer 1: Primitive: dot_general | FLOPs (GB): 0.125 | Memory access (GB): 0.13330078125 | Attainable performance: 652.6593406593406 | Computation load: 0.00019152411099137933
Eqn 86 in layer 1: Primitive: dot_general | FLOPs (GB): 128.0 | Memory access (GB): 0.21875 | Attainable performance: 37400 | Computation load: 0.003422459893048128
Eqn 88 in layer 1: Primitive: dot_general | FLOPs (GB): 512.0 | Memory access (GB): 0.8125 | Attainable performance: 37400 | Computation load: 0.013689839572192513
Eqn 89 in layer 1: Primitive: custom_jvp_call | FLOPs (GB): 0.25 | Memory access (GB): 2.0 | Attainable performance: 87.0 | Computation load: 0.0028735632183908046
Eqn 90 in layer 1: Primitive: dot_general | FLOPs (GB): 512.0 | Memory access (GB): 0.8125 | Attainable performance: 37400 | Computation load: 0.013689839572192513
Eqn 92 in layer 1: Primitive: dot_general | FLOPs (GB): 128.0 | Memory access (GB): 0.21875 | Attainable performance: 37400 | Computation load: 0.003422459893048128
Eqn 118 in layer 1: Primitive: dot_general | FLOPs (GB): 96.0 | Memory access (GB): 0.130859375 | Attainable performance: 37400 | Computation load: 0.0025668449197860962
Eqn 138 in layer 1: Primitive: dot_general | FLOPs (GB): 32.0 | Memory access (GB): 0.5625 | Attainable performance: 37400 | Computation load: 0.000855614973262032
Eqn 150 in layer 1: Primitive: dot_general | FLOPs (GB): 32.0 | Memory access (GB): 0.5625 | Attainable performance: 37400 | Computation load: 0.000855614973262032
Eqn 153 in layer 1: Primitive: dot_general | FLOPs (GB): 1000.0 | Memory access (GB): 1.06884765625 | Attainable performance: 37400 | Computation load: 0.026737967914438502
Eqn 180 in layer 1: Primitive: dot_general | FLOPs (GB): 256.0 | Memory access (GB): 0.296875 | Attainable performance: 37400 | Computation load: 0.006844919786096256
Eqn 189 in layer 1: Primitive: remat2 | FLOPs (GB): 8642.2529296875 | Memory access (GB): 17.17562873661518 | Attainable performance: 37400 | Computation load: 0.23107628154244653
Layer computation load: 0.3064640993167536

Layer 2:
Eqn 2 in layer 2: Primitive: dot_general | FLOPs (GB): 1000.0 | Memory access (GB): 1.06884765625 | Attainable performance: 37400 | Computation load: 0.026737967914438502
Eqn 29 in layer 2: Primitive: dot_general | FLOPs (GB): 96.0 | Memory access (GB): 0.130859375 | Attainable performance: 37400 | Computation load: 0.0025668449197860962
Eqn 49 in layer 2: Primitive: dot_general | FLOPs (GB): 32.0 | Memory access (GB): 0.5625 | Attainable performance: 37400 | Computation load: 0.000855614973262032
Eqn 61 in layer 2: Primitive: dot_general | FLOPs (GB): 32.0 | Memory access (GB): 0.5625 | Attainable performance: 37400 | Computation load: 0.000855614973262032
Eqn 64 in layer 2: Primitive: dot_general | FLOPs (GB): 1000.0 | Memory access (GB): 1.06884765625 | Attainable performance: 37400 | Computation load: 0.026737967914438502
Eqn 92 in layer 2: Primitive: dot_general | FLOPs (GB): 0.5 | Memory access (GB): 0.0317688062787056 | Attainable performance: 10954.141523197928 | Computation load: 4.5644836607335626e-05
Eqn 159 in layer 2: Primitive: dot_general | FLOPs (GB): 0.125 | Memory access (GB): 0.13330078125 | Attainable performance: 652.6593406593406 | Computation load: 0.00019152411099137933
Eqn 172 in layer 2: Primitive: dot_general | FLOPs (GB): 0.125 | Memory access (GB): 0.13330078125 | Attainable performance: 652.6593406593406 | Computation load: 0.00019152411099137933
Eqn 176 in layer 2: Primitive: dot_general | FLOPs (GB): 128.0 | Memory access (GB): 0.21875 | Attainable performance: 37400 | Computation load: 0.003422459893048128
Eqn 178 in layer 2: Primitive: dot_general | FLOPs (GB): 512.0 | Memory access (GB): 0.8125 | Attainable performance: 37400 | Computation load: 0.013689839572192513
Eqn 179 in layer 2: Primitive: custom_jvp_call | FLOPs (GB): 0.25 | Memory access (GB): 2.0 | Attainable performance: 87.0 | Computation load: 0.0028735632183908046
Eqn 180 in layer 2: Primitive: dot_general | FLOPs (GB): 512.0 | Memory access (GB): 0.8125 | Attainable performance: 37400 | Computation load: 0.013689839572192513
Eqn 182 in layer 2: Primitive: dot_general | FLOPs (GB): 128.0 | Memory access (GB): 0.21875 | Attainable performance: 37400 | Computation load: 0.003422459893048128
Eqn 187 in layer 2: Primitive: remat2 | FLOPs (GB): 8514.2529296875 | Memory access (GB): 16.95687873661518 | Attainable performance: 37400 | Computation load: 0.2276538216493984
Layer computation load: 0.32293468755204774

Layer 3:
Eqn 24 in layer 3: Primitive: dot_general | FLOPs (GB): 96.0 | Memory access (GB): 0.130859375 | Attainable performance: 37400 | Computation load: 0.0025668449197860962
Eqn 44 in layer 3: Primitive: dot_general | FLOPs (GB): 32.0 | Memory access (GB): 0.5625 | Attainable performance: 37400 | Computation load: 0.000855614973262032
Eqn 56 in layer 3: Primitive: dot_general | FLOPs (GB): 32.0 | Memory access (GB): 0.5625 | Attainable performance: 37400 | Computation load: 0.000855614973262032
Eqn 59 in layer 3: Primitive: dot_general | FLOPs (GB): 1000.0 | Memory access (GB): 1.06884765625 | Attainable performance: 37400 | Computation load: 0.026737967914438502
Eqn 86 in layer 3: Primitive: dot_general | FLOPs (GB): 256.0 | Memory access (GB): 0.296875 | Attainable performance: 37400 | Computation load: 0.006844919786096256
Eqn 94 in layer 3: Primitive: dot_general | FLOPs (GB): 1000.0 | Memory access (GB): 1.06884765625 | Attainable performance: 37400 | Computation load: 0.026737967914438502
Eqn 121 in layer 3: Primitive: dot_general | FLOPs (GB): 96.0 | Memory access (GB): 0.130859375 | Attainable performance: 37400 | Computation load: 0.0025668449197860962
Eqn 141 in layer 3: Primitive: dot_general | FLOPs (GB): 32.0 | Memory access (GB): 0.5625 | Attainable performance: 37400 | Computation load: 0.000855614973262032
Eqn 153 in layer 3: Primitive: dot_general | FLOPs (GB): 32.0 | Memory access (GB): 0.5625 | Attainable performance: 37400 | Computation load: 0.000855614973262032
Eqn 156 in layer 3: Primitive: dot_general | FLOPs (GB): 1000.0 | Memory access (GB): 1.06884765625 | Attainable performance: 37400 | Computation load: 0.026737967914438502
Eqn 162 in layer 3: Primitive: remat2 | FLOPs (GB): 8856.0 | Memory access (GB): 16.07177735865116 | Attainable performance: 37400 | Computation load: 0.23679144385026737
Layer computation load: 0.33240641711229946

Layer 4:
Eqn 25 in layer 4: Primitive: dot_general | FLOPs (GB): 0.5 | Memory access (GB): 0.0317688062787056 | Attainable performance: 10954.141523197928 | Computation load: 4.5644836607335626e-05
Eqn 92 in layer 4: Primitive: dot_general | FLOPs (GB): 0.125 | Memory access (GB): 0.13330078125 | Attainable performance: 652.6593406593406 | Computation load: 0.00019152411099137933
Eqn 105 in layer 4: Primitive: dot_general | FLOPs (GB): 0.125 | Memory access (GB): 0.13330078125 | Attainable performance: 652.6593406593406 | Computation load: 0.00019152411099137933
Eqn 109 in layer 4: Primitive: dot_general | FLOPs (GB): 128.0 | Memory access (GB): 0.21875 | Attainable performance: 37400 | Computation load: 0.003422459893048128
Eqn 111 in layer 4: Primitive: dot_general | FLOPs (GB): 512.0 | Memory access (GB): 0.8125 | Attainable performance: 37400 | Computation load: 0.013689839572192513
Eqn 112 in layer 4: Primitive: custom_jvp_call | FLOPs (GB): 0.25 | Memory access (GB): 2.0 | Attainable performance: 87.0 | Computation load: 0.0028735632183908046
Eqn 113 in layer 4: Primitive: dot_general | FLOPs (GB): 512.0 | Memory access (GB): 0.8125 | Attainable performance: 37400 | Computation load: 0.013689839572192513
Eqn 115 in layer 4: Primitive: dot_general | FLOPs (GB): 128.0 | Memory access (GB): 0.21875 | Attainable performance: 37400 | Computation load: 0.003422459893048128
Eqn 143 in layer 4: Primitive: remat2 | FLOPs (GB): 3714.2529296875 | Memory access (GB): 8.6053162291646 | Attainable performance: 37400 | Computation load: 0.09931157566009358
Layer computation load: 0.13683843086755576

Layer 5:
Eqn 1 in layer 5: Primitive: dot_general | FLOPs (GB): 96.0 | Memory access (GB): 0.130859375 | Attainable performance: 37400 | Computation load: 0.0025668449197860962
Eqn 21 in layer 5: Primitive: dot_general | FLOPs (GB): 32.0 | Memory access (GB): 0.5625 | Attainable performance: 37400 | Computation load: 0.000855614973262032
Eqn 33 in layer 5: Primitive: dot_general | FLOPs (GB): 32.0 | Memory access (GB): 0.5625 | Attainable performance: 37400 | Computation load: 0.000855614973262032
Eqn 36 in layer 5: Primitive: dot_general | FLOPs (GB): 1000.0 | Memory access (GB): 1.06884765625 | Attainable performance: 37400 | Computation load: 0.026737967914438502
Eqn 63 in layer 5: Primitive: dot_general | FLOPs (GB): 256.0 | Memory access (GB): 0.296875 | Attainable performance: 37400 | Computation load: 0.006844919786096256
Eqn 71 in layer 5: Primitive: dot_general | FLOPs (GB): 1000.0 | Memory access (GB): 1.06884765625 | Attainable performance: 37400 | Computation load: 0.026737967914438502
Eqn 98 in layer 5: Primitive: dot_general | FLOPs (GB): 96.0 | Memory access (GB): 0.130859375 | Attainable performance: 37400 | Computation load: 0.0025668449197860962
Eqn 118 in layer 5: Primitive: dot_general | FLOPs (GB): 32.0 | Memory access (GB): 0.5625 | Attainable performance: 37400 | Computation load: 0.000855614973262032
Eqn 130 in layer 5: Primitive: dot_general | FLOPs (GB): 32.0 | Memory access (GB): 0.5625 | Attainable performance: 37400 | Computation load: 0.000855614973262032
Eqn 133 in layer 5: Primitive: dot_general | FLOPs (GB): 1000.0 | Memory access (GB): 1.06884765625 | Attainable performance: 37400 | Computation load: 0.026737967914438502
Eqn 139 in layer 5: Primitive: remat2 | FLOPs (GB): 8856.0 | Memory access (GB): 16.07177735865116 | Attainable performance: 37400 | Computation load: 0.23679144385026737
Layer computation load: 0.33240641711229946

Layer 6:
Eqn 25 in layer 6: Primitive: dot_general | FLOPs (GB): 0.5 | Memory access (GB): 0.0317688062787056 | Attainable performance: 10954.141523197928 | Computation load: 4.5644836607335626e-05
Eqn 92 in layer 6: Primitive: dot_general | FLOPs (GB): 0.125 | Memory access (GB): 0.13330078125 | Attainable performance: 652.6593406593406 | Computation load: 0.00019152411099137933
Eqn 105 in layer 6: Primitive: dot_general | FLOPs (GB): 0.125 | Memory access (GB): 0.13330078125 | Attainable performance: 652.6593406593406 | Computation load: 0.00019152411099137933
Eqn 109 in layer 6: Primitive: dot_general | FLOPs (GB): 128.0 | Memory access (GB): 0.21875 | Attainable performance: 37400 | Computation load: 0.003422459893048128
Eqn 111 in layer 6: Primitive: dot_general | FLOPs (GB): 512.0 | Memory access (GB): 0.8125 | Attainable performance: 37400 | Computation load: 0.013689839572192513
Eqn 112 in layer 6: Primitive: custom_jvp_call | FLOPs (GB): 0.25 | Memory access (GB): 2.0 | Attainable performance: 87.0 | Computation load: 0.0028735632183908046
Eqn 113 in layer 6: Primitive: dot_general | FLOPs (GB): 512.0 | Memory access (GB): 0.8125 | Attainable performance: 37400 | Computation load: 0.013689839572192513
Eqn 115 in layer 6: Primitive: dot_general | FLOPs (GB): 128.0 | Memory access (GB): 0.21875 | Attainable performance: 37400 | Computation load: 0.003422459893048128
Eqn 143 in layer 6: Primitive: remat2 | FLOPs (GB): 3714.2529296875 | Memory access (GB): 8.6053162291646 | Attainable performance: 37400 | Computation load: 0.09931157566009358
Layer computation load: 0.13683843086755576

Layer 7:
Eqn 1 in layer 7: Primitive: dot_general | FLOPs (GB): 96.0 | Memory access (GB): 0.130859375 | Attainable performance: 37400 | Computation load: 0.0025668449197860962
Eqn 21 in layer 7: Primitive: dot_general | FLOPs (GB): 32.0 | Memory access (GB): 0.5625 | Attainable performance: 37400 | Computation load: 0.000855614973262032
Eqn 33 in layer 7: Primitive: dot_general | FLOPs (GB): 32.0 | Memory access (GB): 0.5625 | Attainable performance: 37400 | Computation load: 0.000855614973262032
Eqn 36 in layer 7: Primitive: dot_general | FLOPs (GB): 1000.0 | Memory access (GB): 1.06884765625 | Attainable performance: 37400 | Computation load: 0.026737967914438502
Eqn 63 in layer 7: Primitive: dot_general | FLOPs (GB): 256.0 | Memory access (GB): 0.296875 | Attainable performance: 37400 | Computation load: 0.006844919786096256
Eqn 71 in layer 7: Primitive: dot_general | FLOPs (GB): 1000.0 | Memory access (GB): 1.06884765625 | Attainable performance: 37400 | Computation load: 0.026737967914438502
Eqn 98 in layer 7: Primitive: dot_general | FLOPs (GB): 96.0 | Memory access (GB): 0.130859375 | Attainable performance: 37400 | Computation load: 0.0025668449197860962
Eqn 118 in layer 7: Primitive: dot_general | FLOPs (GB): 32.0 | Memory access (GB): 0.5625 | Attainable performance: 37400 | Computation load: 0.000855614973262032
Eqn 130 in layer 7: Primitive: dot_general | FLOPs (GB): 32.0 | Memory access (GB): 0.5625 | Attainable performance: 37400 | Computation load: 0.000855614973262032
Eqn 133 in layer 7: Primitive: dot_general | FLOPs (GB): 1000.0 | Memory access (GB): 1.06884765625 | Attainable performance: 37400 | Computation load: 0.026737967914438502
Eqn 139 in layer 7: Primitive: remat2 | FLOPs (GB): 8856.0 | Memory access (GB): 16.07177735865116 | Attainable performance: 37400 | Computation load: 0.23679144385026737
Layer computation load: 0.33240641711229946

Layer 8:
Eqn 25 in layer 8: Primitive: dot_general | FLOPs (GB): 0.5 | Memory access (GB): 0.0317688062787056 | Attainable performance: 10954.141523197928 | Computation load: 4.5644836607335626e-05
Eqn 92 in layer 8: Primitive: dot_general | FLOPs (GB): 0.125 | Memory access (GB): 0.13330078125 | Attainable performance: 652.6593406593406 | Computation load: 0.00019152411099137933
Eqn 105 in layer 8: Primitive: dot_general | FLOPs (GB): 0.125 | Memory access (GB): 0.13330078125 | Attainable performance: 652.6593406593406 | Computation load: 0.00019152411099137933
Eqn 109 in layer 8: Primitive: dot_general | FLOPs (GB): 128.0 | Memory access (GB): 0.21875 | Attainable performance: 37400 | Computation load: 0.003422459893048128
Eqn 111 in layer 8: Primitive: dot_general | FLOPs (GB): 512.0 | Memory access (GB): 0.8125 | Attainable performance: 37400 | Computation load: 0.013689839572192513
Eqn 112 in layer 8: Primitive: custom_jvp_call | FLOPs (GB): 0.25 | Memory access (GB): 2.0 | Attainable performance: 87.0 | Computation load: 0.0028735632183908046
Eqn 113 in layer 8: Primitive: dot_general | FLOPs (GB): 512.0 | Memory access (GB): 0.8125 | Attainable performance: 37400 | Computation load: 0.013689839572192513
Eqn 115 in layer 8: Primitive: dot_general | FLOPs (GB): 128.0 | Memory access (GB): 0.21875 | Attainable performance: 37400 | Computation load: 0.003422459893048128
Eqn 143 in layer 8: Primitive: remat2 | FLOPs (GB): 3714.2529296875 | Memory access (GB): 8.6053162291646 | Attainable performance: 37400 | Computation load: 0.09931157566009358
Layer computation load: 0.13683843086755576

Layer 9:
Eqn 1 in layer 9: Primitive: dot_general | FLOPs (GB): 96.0 | Memory access (GB): 0.130859375 | Attainable performance: 37400 | Computation load: 0.0025668449197860962
Eqn 21 in layer 9: Primitive: dot_general | FLOPs (GB): 32.0 | Memory access (GB): 0.5625 | Attainable performance: 37400 | Computation load: 0.000855614973262032
Eqn 33 in layer 9: Primitive: dot_general | FLOPs (GB): 32.0 | Memory access (GB): 0.5625 | Attainable performance: 37400 | Computation load: 0.000855614973262032
Eqn 36 in layer 9: Primitive: dot_general | FLOPs (GB): 1000.0 | Memory access (GB): 1.06884765625 | Attainable performance: 37400 | Computation load: 0.026737967914438502
Eqn 63 in layer 9: Primitive: dot_general | FLOPs (GB): 256.0 | Memory access (GB): 0.296875 | Attainable performance: 37400 | Computation load: 0.006844919786096256
Eqn 71 in layer 9: Primitive: dot_general | FLOPs (GB): 1000.0 | Memory access (GB): 1.06884765625 | Attainable performance: 37400 | Computation load: 0.026737967914438502
Eqn 98 in layer 9: Primitive: dot_general | FLOPs (GB): 96.0 | Memory access (GB): 0.130859375 | Attainable performance: 37400 | Computation load: 0.0025668449197860962
Eqn 118 in layer 9: Primitive: dot_general | FLOPs (GB): 32.0 | Memory access (GB): 0.5625 | Attainable performance: 37400 | Computation load: 0.000855614973262032
Eqn 130 in layer 9: Primitive: dot_general | FLOPs (GB): 32.0 | Memory access (GB): 0.5625 | Attainable performance: 37400 | Computation load: 0.000855614973262032
Eqn 133 in layer 9: Primitive: dot_general | FLOPs (GB): 1000.0 | Memory access (GB): 1.06884765625 | Attainable performance: 37400 | Computation load: 0.026737967914438502
Eqn 139 in layer 9: Primitive: remat2 | FLOPs (GB): 8856.0 | Memory access (GB): 16.07177735865116 | Attainable performance: 37400 | Computation load: 0.23679144385026737
Layer computation load: 0.33240641711229946

Layer 10:
Eqn 25 in layer 10: Primitive: dot_general | FLOPs (GB): 0.5 | Memory access (GB): 0.0317688062787056 | Attainable performance: 10954.141523197928 | Computation load: 4.5644836607335626e-05
Eqn 92 in layer 10: Primitive: dot_general | FLOPs (GB): 0.125 | Memory access (GB): 0.13330078125 | Attainable performance: 652.6593406593406 | Computation load: 0.00019152411099137933
Eqn 105 in layer 10: Primitive: dot_general | FLOPs (GB): 0.125 | Memory access (GB): 0.13330078125 | Attainable performance: 652.6593406593406 | Computation load: 0.00019152411099137933
Eqn 109 in layer 10: Primitive: dot_general | FLOPs (GB): 128.0 | Memory access (GB): 0.21875 | Attainable performance: 37400 | Computation load: 0.003422459893048128
Eqn 111 in layer 10: Primitive: dot_general | FLOPs (GB): 512.0 | Memory access (GB): 0.8125 | Attainable performance: 37400 | Computation load: 0.013689839572192513
Eqn 112 in layer 10: Primitive: custom_jvp_call | FLOPs (GB): 0.25 | Memory access (GB): 2.0 | Attainable performance: 87.0 | Computation load: 0.0028735632183908046
Eqn 113 in layer 10: Primitive: dot_general | FLOPs (GB): 512.0 | Memory access (GB): 0.8125 | Attainable performance: 37400 | Computation load: 0.013689839572192513
Eqn 115 in layer 10: Primitive: dot_general | FLOPs (GB): 128.0 | Memory access (GB): 0.21875 | Attainable performance: 37400 | Computation load: 0.003422459893048128
Eqn 143 in layer 10: Primitive: remat2 | FLOPs (GB): 3714.2529296875 | Memory access (GB): 8.6053162291646 | Attainable performance: 37400 | Computation load: 0.09931157566009358
Layer computation load: 0.13683843086755576

Layer 11:
Eqn 1 in layer 11: Primitive: dot_general | FLOPs (GB): 96.0 | Memory access (GB): 0.130859375 | Attainable performance: 37400 | Computation load: 0.0025668449197860962
Eqn 21 in layer 11: Primitive: dot_general | FLOPs (GB): 32.0 | Memory access (GB): 0.5625 | Attainable performance: 37400 | Computation load: 0.000855614973262032
Eqn 33 in layer 11: Primitive: dot_general | FLOPs (GB): 32.0 | Memory access (GB): 0.5625 | Attainable performance: 37400 | Computation load: 0.000855614973262032
Eqn 36 in layer 11: Primitive: dot_general | FLOPs (GB): 1000.0 | Memory access (GB): 1.06884765625 | Attainable performance: 37400 | Computation load: 0.026737967914438502
Eqn 63 in layer 11: Primitive: dot_general | FLOPs (GB): 256.0 | Memory access (GB): 0.296875 | Attainable performance: 37400 | Computation load: 0.006844919786096256
Eqn 71 in layer 11: Primitive: dot_general | FLOPs (GB): 1000.0 | Memory access (GB): 1.06884765625 | Attainable performance: 37400 | Computation load: 0.026737967914438502
Eqn 98 in layer 11: Primitive: dot_general | FLOPs (GB): 96.0 | Memory access (GB): 0.130859375 | Attainable performance: 37400 | Computation load: 0.0025668449197860962
Eqn 118 in layer 11: Primitive: dot_general | FLOPs (GB): 32.0 | Memory access (GB): 0.5625 | Attainable performance: 37400 | Computation load: 0.000855614973262032
Eqn 130 in layer 11: Primitive: dot_general | FLOPs (GB): 32.0 | Memory access (GB): 0.5625 | Attainable performance: 37400 | Computation load: 0.000855614973262032
Eqn 133 in layer 11: Primitive: dot_general | FLOPs (GB): 1000.0 | Memory access (GB): 1.06884765625 | Attainable performance: 37400 | Computation load: 0.026737967914438502
Eqn 139 in layer 11: Primitive: remat2 | FLOPs (GB): 8856.0 | Memory access (GB): 16.07177735865116 | Attainable performance: 37400 | Computation load: 0.23679144385026737
Layer computation load: 0.33240641711229946

Layer 12:
Eqn 25 in layer 12: Primitive: dot_general | FLOPs (GB): 0.5 | Memory access (GB): 0.0317688062787056 | Attainable performance: 10954.141523197928 | Computation load: 4.5644836607335626e-05
Eqn 92 in layer 12: Primitive: dot_general | FLOPs (GB): 0.125 | Memory access (GB): 0.13330078125 | Attainable performance: 652.6593406593406 | Computation load: 0.00019152411099137933
Eqn 105 in layer 12: Primitive: dot_general | FLOPs (GB): 0.125 | Memory access (GB): 0.13330078125 | Attainable performance: 652.6593406593406 | Computation load: 0.00019152411099137933
Eqn 109 in layer 12: Primitive: dot_general | FLOPs (GB): 128.0 | Memory access (GB): 0.21875 | Attainable performance: 37400 | Computation load: 0.003422459893048128
Eqn 111 in layer 12: Primitive: dot_general | FLOPs (GB): 512.0 | Memory access (GB): 0.8125 | Attainable performance: 37400 | Computation load: 0.013689839572192513
Eqn 112 in layer 12: Primitive: custom_jvp_call | FLOPs (GB): 0.25 | Memory access (GB): 2.0 | Attainable performance: 87.0 | Computation load: 0.0028735632183908046
Eqn 113 in layer 12: Primitive: dot_general | FLOPs (GB): 512.0 | Memory access (GB): 0.8125 | Attainable performance: 37400 | Computation load: 0.013689839572192513
Eqn 115 in layer 12: Primitive: dot_general | FLOPs (GB): 128.0 | Memory access (GB): 0.21875 | Attainable performance: 37400 | Computation load: 0.003422459893048128
Eqn 143 in layer 12: Primitive: remat2 | FLOPs (GB): 3714.2529296875 | Memory access (GB): 8.6053162291646 | Attainable performance: 37400 | Computation load: 0.09931157566009358
Layer computation load: 0.13683843086755576

Layer 13:
Eqn 1 in layer 13: Primitive: dot_general | FLOPs (GB): 96.0 | Memory access (GB): 0.130859375 | Attainable performance: 37400 | Computation load: 0.0025668449197860962
Eqn 21 in layer 13: Primitive: dot_general | FLOPs (GB): 32.0 | Memory access (GB): 0.5625 | Attainable performance: 37400 | Computation load: 0.000855614973262032
Eqn 33 in layer 13: Primitive: dot_general | FLOPs (GB): 32.0 | Memory access (GB): 0.5625 | Attainable performance: 37400 | Computation load: 0.000855614973262032
Eqn 36 in layer 13: Primitive: dot_general | FLOPs (GB): 1000.0 | Memory access (GB): 1.06884765625 | Attainable performance: 37400 | Computation load: 0.026737967914438502
Eqn 63 in layer 13: Primitive: dot_general | FLOPs (GB): 256.0 | Memory access (GB): 0.296875 | Attainable performance: 37400 | Computation load: 0.006844919786096256
Eqn 71 in layer 13: Primitive: dot_general | FLOPs (GB): 1000.0 | Memory access (GB): 1.06884765625 | Attainable performance: 37400 | Computation load: 0.026737967914438502
Eqn 98 in layer 13: Primitive: dot_general | FLOPs (GB): 96.0 | Memory access (GB): 0.130859375 | Attainable performance: 37400 | Computation load: 0.0025668449197860962
Eqn 118 in layer 13: Primitive: dot_general | FLOPs (GB): 32.0 | Memory access (GB): 0.5625 | Attainable performance: 37400 | Computation load: 0.000855614973262032
Eqn 130 in layer 13: Primitive: dot_general | FLOPs (GB): 32.0 | Memory access (GB): 0.5625 | Attainable performance: 37400 | Computation load: 0.000855614973262032
Eqn 133 in layer 13: Primitive: dot_general | FLOPs (GB): 1000.0 | Memory access (GB): 1.06884765625 | Attainable performance: 37400 | Computation load: 0.026737967914438502
Eqn 139 in layer 13: Primitive: remat2 | FLOPs (GB): 8856.0 | Memory access (GB): 16.07177735865116 | Attainable performance: 37400 | Computation load: 0.23679144385026737
Layer computation load: 0.33240641711229946

Layer 14:
Eqn 25 in layer 14: Primitive: dot_general | FLOPs (GB): 0.5 | Memory access (GB): 0.0317688062787056 | Attainable performance: 10954.141523197928 | Computation load: 4.5644836607335626e-05
Eqn 92 in layer 14: Primitive: dot_general | FLOPs (GB): 0.125 | Memory access (GB): 0.13330078125 | Attainable performance: 652.6593406593406 | Computation load: 0.00019152411099137933
Eqn 105 in layer 14: Primitive: dot_general | FLOPs (GB): 0.125 | Memory access (GB): 0.13330078125 | Attainable performance: 652.6593406593406 | Computation load: 0.00019152411099137933
Eqn 109 in layer 14: Primitive: dot_general | FLOPs (GB): 128.0 | Memory access (GB): 0.21875 | Attainable performance: 37400 | Computation load: 0.003422459893048128
Eqn 111 in layer 14: Primitive: dot_general | FLOPs (GB): 512.0 | Memory access (GB): 0.8125 | Attainable performance: 37400 | Computation load: 0.013689839572192513
Eqn 112 in layer 14: Primitive: custom_jvp_call | FLOPs (GB): 0.25 | Memory access (GB): 2.0 | Attainable performance: 87.0 | Computation load: 0.0028735632183908046
Eqn 113 in layer 14: Primitive: dot_general | FLOPs (GB): 512.0 | Memory access (GB): 0.8125 | Attainable performance: 37400 | Computation load: 0.013689839572192513
Eqn 115 in layer 14: Primitive: dot_general | FLOPs (GB): 128.0 | Memory access (GB): 0.21875 | Attainable performance: 37400 | Computation load: 0.003422459893048128
Eqn 143 in layer 14: Primitive: remat2 | FLOPs (GB): 3714.2529296875 | Memory access (GB): 8.6053162291646 | Attainable performance: 37400 | Computation load: 0.09931157566009358
Layer computation load: 0.13683843086755576

Layer 15:
Eqn 3 in layer 15: Primitive: remat2 | FLOPs (GB): 9440.0 | Memory access (GB): 13.43945313245058 | Attainable performance: 37400 | Computation load: 0.25240641711229944
Layer computation load: 0.25240641711229944
Layer memory access: [14.641113296151161, 20.16412364691496, 20.71734630316496, 22.08691407740116, 8.972229108214378, 22.08691407740116, 8.972229108214378, 22.08691407740116, 8.972229108214378, 22.08691407740116, 8.972229108214378, 22.08691407740116, 8.972229108214378, 22.08691407740116, 8.972229108214378, 13.43945313245058]

Layer GPU fractions:
[1.039, 1.24, 1.307, 1.345, 0.554, 1.345, 0.554, 1.345, 0.554, 1.345, 0.554, 1.345, 0.554, 1.345, 0.554, 1.021]

Layer GPU fractions:
[1.039, 1.24, 1.307, 1.345, 0.554, 1.345, 0.554, 1.345, 0.554, 1.345, 0.554, 1.345, 0.554, 1.345, 0.554, 1.021]

[[[0, 1], [2, 3], [4, 5], [6, 7], [8, 9], [10, 11], [12, 13], [14, 15]]]

[[[0, 1], [2, 3], [4, 5], [6, 7], [8, 9], [10, 11], [12, 13], [14, 15]]]

[[0, 1], [2, 3], [4, 5], [6, 7], [8, 9], [10, 11], [12, 13], [14, 15]]
2102714368.0
0.8570735090994238
([2, 2, 2, 2, 2, 2, 2, 2], 0.8570735090994238)

{'0_1__2_3__4_5__6_7__8_9__10_11__12_13__14_15': {0: {'1_2': (2.279, 2, 0.5633711768063097, 1359314944.0, 0, 0), '2_1': (2.279, 2, 0.5633711768063097, 0, 290573312.0, 0)}, 1: {'1_2': (2.652, 2, 0.655349786431978, 1711636480.0, 0, 0), '2_1': (2.652, 2, 0.655349786431978, 0, 336694272.0, 0)}, 2: {'1_2': (1.899, 2, 0.4692535297474861, 1342537728.0, 0, 0), '2_1': (1.899, 2, 0.4692535297474861, 0, 259525632.0, 0)}, 3: {'1_2': (1.899, 2, 0.4692535297474861, 1342537728.0, 0, 0), '2_1': (1.899, 2, 0.4692535297474861, 0, 259525632.0, 0)}, 4: {'1_2': (1.899, 2, 0.4692535297474861, 1342537728.0, 0, 0), '2_1': (1.899, 2, 0.4692535297474861, 0, 259525632.0, 0)}, 5: {'1_2': (1.899, 2, 0.4692535297474861, 1342537728.0, 0, 0), '2_1': (1.899, 2, 0.4692535297474861, 0, 259525632.0, 0)}, 6: {'1_2': (1.899, 2, 0.4692535297474861, 1342537728.0, 0, 0), '2_1': (1.899, 2, 0.4692535297474861, 0, 259525632.0, 0)}, 7: {'1_2': (1.575, 2, 0.38925352974748606, 486899712.0, 0, 0), '2_1': (1.575, 2, 0.38925352974748606, 0, 177818624.0, 0)}}}
[I] Pipeline partition mode: auto | Layer-to-stage partition: [[0, 1], [2, 3], [4, 5], [6, 7], [8, 9], [10, 11], [12, 13], [14, 15]]
[I] Pipeline partition mode: auto | Cell-generated physical mesh shapes: [(1, 2), (1, 2), (1, 2), (1, 2), (1, 2), (1, 2), (1, 2), (1, 2)]
[I] Loading model and transform to Jaxpr stages takes 70.51788973808289 s.
[I] The GPU sharding of pipeline stages is: [2, 2, 2, 2, 2, 2, 2, 2]
[I] Pipeline partition mode: auto | Parallel enum mode: auto | Parallel plans: [[StageShape(type='single', stage_shape=(1, 2), layer_shape=None), StageShape(type='single', stage_shape=(1, 2), layer_shape=None), StageShape(type='single', stage_shape=(1, 2), layer_shape=None), StageShape(type='single', stage_shape=(1, 2), layer_shape=None), StageShape(type='single', stage_shape=(2, 1), layer_shape=None), StageShape(type='single', stage_shape=(2, 1), layer_shape=None), StageShape(type='single', stage_shape=(1, 2), layer_shape=None), StageShape(type='single', stage_shape=(2, 1), layer_shape=None)]]

[I] (Parallel plan idx: 0) Sharding stages...
[I] Sharding stages takes 23.128453016281128 s.
[I] (Parallel plan idx: 0) SPMD partitioning and compiling (kernel fusing) HLO stages...
[I] SPMD partitioning and pre-compiling HLO modules concurrently takes 6.730349779129028 s.

[I] All parallel plans in the cell have been sharded and compiled.
[TMP] Writing only-sharded HLO text to '/home/cyxue/Projects/crius/Crius/runtime/jaxpr/tmp/moe_2.4B_256_sharded_stages.pkl'...
[TMP] Writing optimized HLO text to '/home/cyxue/Projects/crius/Crius/runtime/jaxpr/tmp/moe_2.4B_256_optimized_stages.pkl'...
[TMP] Writing inter-stages communicated vars to '/home/cyxue/Projects/crius/Crius/runtime/jaxpr/tmp/moe_2.4B_256_inter_stages_comm_vars.pkl'

[I] Parallel plan idx: 0 | Parallelism: [(1, 2), (1, 2), (1, 2), (1, 2), (2, 1), (2, 1), (1, 2), (2, 1)]

[I] (Parallel plan idx: 0) Parsing HLO texts and profiling XLA operators...
[I] Pipeline partition mode: auto | Preset physical mesh shapes: [(1, 2), (1, 2), (1, 2), (1, 2), (1, 2), (1, 2), (1, 2), (1, 2)]
[TMP] Loading offline profiled communication data: `1_a40_1_n_2_d_ib.pkl`...
[TMP] Loading offline profiled communication data: `2_a40_2_n_1_d_ib.pkl`...
\Time of module 0 (stage 0):
Intra-stage comm time: 0.012675759196281434
Grad sync time: 0

[I] Optimized module 0 for stage 0, comm time has been statically analyzed.
\Time of module 1 (stage 1):
Intra-stage comm time: 0.017435041069984437
Grad sync time: 0

[I] Optimized module 1 for stage 1, comm time has been statically analyzed.
\Time of module 2 (stage 2):
Intra-stage comm time: 0.01210445463657379
Grad sync time: 0

[I] Optimized module 2 for stage 2, comm time has been statically analyzed.
\Time of module 3 (stage 3):
Intra-stage comm time: 0.01210445463657379
Grad sync time: 0

[I] Optimized module 3 for stage 3, comm time has been statically analyzed.
\Time of module 4 (stage 4):
Intra-stage comm time: 0
Grad sync time: 0

[I] Optimized module 4 for stage 4, comm time has been statically analyzed.
\Time of module 5 (stage 5):
Intra-stage comm time: 0
Grad sync time: 0

[I] Optimized module 5 for stage 5, comm time has been statically analyzed.
\Time of module 6 (stage 6):
Intra-stage comm time: 0.01210445463657379
Grad sync time: 0

[I] Optimized module 6 for stage 6, comm time has been statically analyzed.
\Time of module 7 (stage 7):
Intra-stage comm time: 0
Grad sync time: 0

[I] Optimized module 7 for stage 7, comm time has been statically analyzed.
\Time of module 8 (stage 7):
Intra-stage comm time: 0.00010043978691100935
Grad sync time: 0.049673261383820014

[I] Optimized module 8 for stage 7, comm time has been statically analyzed.
\Time of module 9 (stage 6):
Intra-stage comm time: 0.01848646402359009
Grad sync time: 0

[I] Optimized module 9 for stage 6, comm time has been statically analyzed.
\Time of module 10 (stage 5):
Intra-stage comm time: 0.0
Grad sync time: 0.04512701083440333

[I] Optimized module 10 for stage 5, comm time has been statically analyzed.
\Time of module 11 (stage 4):
Intra-stage comm time: 0.0
Grad sync time: 0.04512701083440333

[I] Optimized module 11 for stage 4, comm time has been statically analyzed.
\Time of module 12 (stage 3):
Intra-stage comm time: 0.01848646402359009
Grad sync time: 0

[I] Optimized module 12 for stage 3, comm time has been statically analyzed.
\Time of module 13 (stage 2):
Intra-stage comm time: 0.01848646402359009
Grad sync time: 0

[I] Optimized module 13 for stage 2, comm time has been statically analyzed.
\Time of module 14 (stage 1):
Intra-stage comm time: 0.02567972172982991
Grad sync time: 0

[I] Optimized module 14 for stage 1, comm time has been statically analyzed.
\Time of module 15 (stage 0):
Intra-stage comm time: 0.023138070106506346
Grad sync time: 0

[I] Optimized module 15 for stage 0, comm time has been statically analyzed.
\Time of module 16 (stage 0):
Intra-stage comm time: 0.001901335373258917
Grad sync time: 0

[I] Optimized module 16 for stage 0, comm time has been statically analyzed.
\Time of module 17 (stage 1):
Intra-stage comm time: 0.0023357119556749245
Grad sync time: 0

[I] Optimized module 17 for stage 1, comm time has been statically analyzed.
\Time of module 18 (stage 2):
Intra-stage comm time: 0.0017270750548050275
Grad sync time: 0

[I] Optimized module 18 for stage 2, comm time has been statically analyzed.
\Time of module 19 (stage 3):
Intra-stage comm time: 0.0017270750548050275
Grad sync time: 0

[I] Optimized module 19 for stage 3, comm time has been statically analyzed.
\Time of module 20 (stage 4):
Intra-stage comm time: 0.028944980178812325
Grad sync time: 0

[I] Optimized module 20 for stage 4, comm time has been statically analyzed.
\Time of module 21 (stage 5):
Intra-stage comm time: 0.028947355423906623
Grad sync time: 0

[I] Optimized module 21 for stage 5, comm time has been statically analyzed.
\Time of module 22 (stage 6):
Intra-stage comm time: 0.0017270750548050275
Grad sync time: 0

[I] Optimized module 22 for stage 6, comm time has been statically analyzed.
\Time of module 23 (stage 7):
Intra-stage comm time: 0.030825563124699324
Grad sync time: 0

[I] Optimized module 23 for stage 7, comm time has been statically analyzed.
[TMP] Memory footprint of the stage 0 is 2.2687985710799694 GB, while the available memory of the XLA device is 35.33237304631621 GB.
[TMP] Memory footprint of the stage 1 is 2.3724069632589817 GB, while the available memory of the XLA device is 35.33237304631621 GB.
[TMP] Memory footprint of the stage 2 is 2.040245059877634 GB, while the available memory of the XLA device is 35.33237304631621 GB.
[TMP] Memory footprint of the stage 3 is 2.040245059877634 GB, while the available memory of the XLA device is 35.33237304631621 GB.
[TMP] Memory footprint of the stage 4 is 3.3455677069723606 GB, while the available memory of the XLA device is 35.33237304631621 GB.
[TMP] Memory footprint of the stage 5 is 3.3455677069723606 GB, while the available memory of the XLA device is 35.33237304631621 GB.
[TMP] Memory footprint of the stage 6 is 2.040245059877634 GB, while the available memory of the XLA device is 35.33237304631621 GB.
[TMP] Memory footprint of the stage 7 is 3.549554828554392 GB, while the available memory of the XLA device is 35.33237304631621 GB.
[I] Only-sharded module 0 for stage 0, constructing entry XLA computation...
[I] Compiling HLO module...
[I] Profiling HLO modules...
    - Iteration 0/5: Kernel execution time: 0.025751864999999995 s.
    - Iteration 1/5: Kernel execution time: 0.025606999000000005 s.
    - Iteration 2/5: Kernel execution time: 0.025610808000000006 s.
    - Iteration 3/5: Kernel execution time: 0.025638810999999997 s.
    - Iteration 4/5: Kernel execution time: 0.025702553000000003 s.
[I] Only-sharded module 1 for stage 1, constructing entry XLA computation...
[I] Compiling HLO module...
[I] Profiling HLO modules...
    - Iteration 0/5: Kernel execution time: 0.028900244000000005 s.
    - Iteration 1/5: Kernel execution time: 0.02887404599999999 s.
    - Iteration 2/5: Kernel execution time: 0.02893388499999999 s.
    - Iteration 3/5: Kernel execution time: 0.02890767700000001 s.
    - Iteration 4/5: Kernel execution time: 0.028925211000000006 s.
[I] Only-sharded module 2 for stage 2, constructing entry XLA computation...
[I] Compiling HLO module...
[I] Profiling HLO modules...
    - Iteration 0/5: Kernel execution time: 0.022267483000000005 s.
    - Iteration 1/5: Kernel execution time: 0.022328790000000005 s.
    - Iteration 2/5: Kernel execution time: 0.022252059000000008 s.
    - Iteration 3/5: Kernel execution time: 0.022253469999999994 s.
    - Iteration 4/5: Kernel execution time: 0.022469119000000006 s.
[I] Only-sharded module 3 for stage 3, constructing entry XLA computation...
[I] Compiling HLO module...
[I] Profiling HLO modules...
    - Iteration 0/5: Kernel execution time: 0.022435164 s.
    - Iteration 1/5: Kernel execution time: 0.022329340999999996 s.
    - Iteration 2/5: Kernel execution time: 0.022386841 s.
    - Iteration 3/5: Kernel execution time: 0.022295932999999993 s.
    - Iteration 4/5: Kernel execution time: 0.022278361000000003 s.
[I] Only-sharded module 4 for stage 4, constructing entry XLA computation...
[I] Compiling HLO module...
[I] Profiling HLO modules...
    - Iteration 0/5: Kernel execution time: 0.020916823 s.
    - Iteration 1/5: Kernel execution time: 0.020976923 s.
    - Iteration 2/5: Kernel execution time: 0.021064414 s.
    - Iteration 3/5: Kernel execution time: 0.021112277000000002 s.
    - Iteration 4/5: Kernel execution time: 0.021046489999999994 s.
[I] Only-sharded module 5 for stage 5, constructing entry XLA computation...
[I] Compiling HLO module...
[I] Profiling HLO modules...
    - Iteration 0/5: Kernel execution time: 0.021209948000000003 s.
    - Iteration 1/5: Kernel execution time: 0.021079771000000004 s.
    - Iteration 2/5: Kernel execution time: 0.021053496000000005 s.
    - Iteration 3/5: Kernel execution time: 0.020994814000000004 s.
    - Iteration 4/5: Kernel execution time: 0.021033440000000004 s.
[I] Only-sharded module 6 for stage 6, constructing entry XLA computation...
[I] Compiling HLO module...
[I] Profiling HLO modules...
    - Iteration 0/5: Kernel execution time: 0.02227061200000001 s.
    - Iteration 1/5: Kernel execution time: 0.022356759999999993 s.
    - Iteration 2/5: Kernel execution time: 0.02223647699999999 s.
    - Iteration 3/5: Kernel execution time: 0.022339832999999996 s.
    - Iteration 4/5: Kernel execution time: 0.022183396 s.
[I] Only-sharded module 7 for stage 7, constructing entry XLA computation...
[I] Compiling HLO module...
[I] Profiling HLO modules...
    - Iteration 0/5: Kernel execution time: 0.008405822 s.
    - Iteration 1/5: Kernel execution time: 0.008331832 s.
    - Iteration 2/5: Kernel execution time: 0.008361406 s.
    - Iteration 3/5: Kernel execution time: 0.00837248 s.
    - Iteration 4/5: Kernel execution time: 0.008419037999999998 s.
[I] Only-sharded module 8 for stage 7, constructing entry XLA computation...
[I] Compiling HLO module...
[I] Profiling HLO modules...
    - Iteration 0/5: Kernel execution time: 0.07079632999999999 s.
    - Iteration 1/5: Kernel execution time: 0.07062868699999998 s.
    - Iteration 2/5: Kernel execution time: 0.07077167100000001 s.
    - Iteration 3/5: Kernel execution time: 0.07087692200000004 s.
    - Iteration 4/5: Kernel execution time: 0.07083463700000002 s.
[I] Only-sharded module 9 for stage 6, constructing entry XLA computation...
[I] Compiling HLO module...
[I] Profiling HLO modules...
    - Iteration 0/5: Kernel execution time: 0.05914729199999999 s.
    - Iteration 1/5: Kernel execution time: 0.058751994 s.
    - Iteration 2/5: Kernel execution time: 0.058327898 s.
    - Iteration 3/5: Kernel execution time: 0.058199320999999984 s.
    - Iteration 4/5: Kernel execution time: 0.05878971800000004 s.
[I] Only-sharded module 10 for stage 5, constructing entry XLA computation...
[I] Compiling HLO module...
[I] Profiling HLO modules...
    - Iteration 0/5: Kernel execution time: 0.058095161000000006 s.
    - Iteration 1/5: Kernel execution time: 0.057773622 s.
    - Iteration 2/5: Kernel execution time: 0.05802907899999998 s.
    - Iteration 3/5: Kernel execution time: 0.05857067500000002 s.
    - Iteration 4/5: Kernel execution time: 0.058310105000000015 s.
[I] Only-sharded module 11 for stage 4, constructing entry XLA computation...
[I] Compiling HLO module...
[I] Profiling HLO modules...
    - Iteration 0/5: Kernel execution time: 0.058034522000000005 s.
    - Iteration 1/5: Kernel execution time: 0.057556762000000004 s.
    - Iteration 2/5: Kernel execution time: 0.058159197999999995 s.
    - Iteration 3/5: Kernel execution time: 0.05798968500000001 s.
    - Iteration 4/5: Kernel execution time: 0.057697716 s.
[I] Only-sharded module 12 for stage 3, constructing entry XLA computation...
[I] Compiling HLO module...
[I] Profiling HLO modules...
    - Iteration 0/5: Kernel execution time: 0.058485364000000026 s.
    - Iteration 1/5: Kernel execution time: 0.058550035999999986 s.
    - Iteration 2/5: Kernel execution time: 0.05872854200000003 s.
    - Iteration 3/5: Kernel execution time: 0.058532574999999996 s.
    - Iteration 4/5: Kernel execution time: 0.058219710000000015 s.
[I] Only-sharded module 13 for stage 2, constructing entry XLA computation...
[I] Compiling HLO module...
[I] Profiling HLO modules...
    - Iteration 0/5: Kernel execution time: 0.058441374000000004 s.
    - Iteration 1/5: Kernel execution time: 0.05875279600000002 s.
    - Iteration 2/5: Kernel execution time: 0.05831528700000001 s.
    - Iteration 3/5: Kernel execution time: 0.05797605700000002 s.
    - Iteration 4/5: Kernel execution time: 0.05872812400000002 s.
[I] Only-sharded module 14 for stage 1, constructing entry XLA computation...
[I] Compiling HLO module...
[I] Profiling HLO modules...
    - Iteration 0/5: Kernel execution time: 0.07084451400000001 s.
    - Iteration 1/5: Kernel execution time: 0.07120293300000004 s.
    - Iteration 2/5: Kernel execution time: 0.07126198099999999 s.
    - Iteration 3/5: Kernel execution time: 0.07081359100000001 s.
    - Iteration 4/5: Kernel execution time: 0.07057868599999999 s.
[I] Only-sharded module 15 for stage 0, constructing entry XLA computation...
[I] Compiling HLO module...
[I] Profiling HLO modules...
    - Iteration 0/5: Kernel execution time: 0.066290621 s.
    - Iteration 1/5: Kernel execution time: 0.06589250100000002 s.
    - Iteration 2/5: Kernel execution time: 0.066311387 s.
    - Iteration 3/5: Kernel execution time: 0.06624073899999999 s.
    - Iteration 4/5: Kernel execution time: 0.06581193800000003 s.
[I] Only-sharded module 16 for stage 0, constructing entry XLA computation...
[I] Compiling HLO module...
[I] Profiling HLO modules...
    - Iteration 0/5: Kernel execution time: 0.008857085 s.
    - Iteration 1/5: Kernel execution time: 0.008867118000000002 s.
    - Iteration 2/5: Kernel execution time: 0.008876221 s.
    - Iteration 3/5: Kernel execution time: 0.008870943000000001 s.
    - Iteration 4/5: Kernel execution time: 0.008875231999999999 s.
[I] Only-sharded module 17 for stage 1, constructing entry XLA computation...
[I] Compiling HLO module...
[I] Profiling HLO modules...
    - Iteration 0/5: Kernel execution time: 0.008770241000000003 s.
    - Iteration 1/5: Kernel execution time: 0.008630139000000002 s.
    - Iteration 2/5: Kernel execution time: 0.008612512 s.
    - Iteration 3/5: Kernel execution time: 0.008612288000000003 s.
    - Iteration 4/5: Kernel execution time: 0.008607808000000002 s.
[I] Only-sharded module 18 for stage 2, constructing entry XLA computation...
[I] Compiling HLO module...
[I] Profiling HLO modules...
    - Iteration 0/5: Kernel execution time: 0.008124144000000003 s.
    - Iteration 1/5: Kernel execution time: 0.008146620000000002 s.
    - Iteration 2/5: Kernel execution time: 0.008148544 s.
    - Iteration 3/5: Kernel execution time: 0.008149984 s.
    - Iteration 4/5: Kernel execution time: 0.00815104 s.
[I] Only-sharded module 19 for stage 3, constructing entry XLA computation...
[I] Compiling HLO module...
[I] Profiling HLO modules...
    - Iteration 0/5: Kernel execution time: 0.008129695000000001 s.
    - Iteration 1/5: Kernel execution time: 0.008147296000000002 s.
    - Iteration 2/5: Kernel execution time: 0.0081457 s.
    - Iteration 3/5: Kernel execution time: 0.008154333000000001 s.
    - Iteration 4/5: Kernel execution time: 0.008144090000000001 s.
[I] Only-sharded module 20 for stage 4, constructing entry XLA computation...
[I] Compiling HLO module...
[I] Profiling HLO modules...
    - Iteration 0/5: Kernel execution time: 0.009223355 s.
    - Iteration 1/5: Kernel execution time: 0.009235488 s.
    - Iteration 2/5: Kernel execution time: 0.009236032 s.
    - Iteration 3/5: Kernel execution time: 0.009223712000000002 s.
    - Iteration 4/5: Kernel execution time: 0.009232064 s.
[I] Only-sharded module 21 for stage 5, constructing entry XLA computation...
[I] Compiling HLO module...
[I] Profiling HLO modules...
    - Iteration 0/5: Kernel execution time: 0.009207041000000001 s.
    - Iteration 1/5: Kernel execution time: 0.009218208 s.
    - Iteration 2/5: Kernel execution time: 0.009211129000000002 s.
    - Iteration 3/5: Kernel execution time: 0.009218656000000002 s.
    - Iteration 4/5: Kernel execution time: 0.009220607000000002 s.
[I] Only-sharded module 22 for stage 6, constructing entry XLA computation...
[I] Compiling HLO module...
[I] Profiling HLO modules...
    - Iteration 0/5: Kernel execution time: 0.008130816 s.
    - Iteration 1/5: Kernel execution time: 0.008140237000000002 s.
    - Iteration 2/5: Kernel execution time: 0.00814304 s.
    - Iteration 3/5: Kernel execution time: 0.008141918000000001 s.
    - Iteration 4/5: Kernel execution time: 0.008142719999999999 s.
[I] Only-sharded module 23 for stage 7, constructing entry XLA computation...
[I] Compiling HLO module...
[I] Profiling HLO modules...
    - Iteration 0/5: Kernel execution time: 0.010044511999999998 s.
    - Iteration 1/5: Kernel execution time: 0.010064928 s.
    - Iteration 2/5: Kernel execution time: 0.010074367999999998 s.
    - Iteration 3/5: Kernel execution time: 0.010068037 s.
    - Iteration 4/5: Kernel execution time: 0.010057562999999999 s.
[I] Constructing single-device HLO modules concurrently takes 0.055518150329589844 s.
[I] Compile single-device HLO modules concurrently takes 6.797709941864014 s.
[I] Profile all compiled sequentially on one GPU takes 9.696269035339355 s.
[I] Estimated e2e pipeline iteration time is: 6.881222985482339 s.
    - Kernel computation time is: -1.0 s.
    - Communication time is: -1.0 s.
    - Cross-stages communication time is: -1.0 s.
