
[I] Loading Crius kernel-level profiler...
[TMP] Profiling results not found in `None`, creating it...

[I] Loading model and generating sharded HLO module...
[I] Initializing XLA devices takes 0.3644552230834961 s.
[I] Loading flax model....
[I] Model 'moe' loads sucessfully. Model Info: 

FlaxMoEForLMModule(
    # attributes
    config = <model.moe_model.MoEConfig object at 0x7f4589e11bb0>
    dtype = float16
    bias_init = zeros
) 

[I] Initialize training state...
[I] Training state initialization is completed.
[I] Constructing general train step func...
[I] General train step func construction is completed.
[I] Model has been loaded, begin Jaxpr transformation...


Layer 0:
Eqn 5 in layer 0: Primitive: dot_general | FLOPs (GB): 1000.0 | Memory access (GB): 1.06884765625 | Attainable performance: 37400 | Computation load: 0.026737967914438502
Eqn 10 in layer 0: Primitive: dot_general | FLOPs (GB): 1000.0 | Memory access (GB): 1.06884765625 | Attainable performance: 37400 | Computation load: 0.026737967914438502
Eqn 36 in layer 0: Primitive: dot_general | FLOPs (GB): 96.0 | Memory access (GB): 0.130859375 | Attainable performance: 37400 | Computation load: 0.0025668449197860962
Eqn 56 in layer 0: Primitive: dot_general | FLOPs (GB): 32.0 | Memory access (GB): 0.5625 | Attainable performance: 37400 | Computation load: 0.000855614973262032
Eqn 68 in layer 0: Primitive: dot_general | FLOPs (GB): 32.0 | Memory access (GB): 0.5625 | Attainable performance: 37400 | Computation load: 0.000855614973262032
Eqn 71 in layer 0: Primitive: dot_general | FLOPs (GB): 1000.0 | Memory access (GB): 1.06884765625 | Attainable performance: 37400 | Computation load: 0.026737967914438502
Eqn 100 in layer 0: Primitive: remat2 | FLOPs (GB): 6448.0 | Memory access (GB): 10.178710952401161 | Attainable performance: 37400 | Computation load: 0.17240641711229945
Layer computation load: 0.25689839572192513

Layer 1:
Eqn 2 in layer 1: Primitive: dot_general | FLOPs (GB): 0.5 | Memory access (GB): 0.0317688062787056 | Attainable performance: 10954.141523197928 | Computation load: 4.5644836607335626e-05
Eqn 69 in layer 1: Primitive: dot_general | FLOPs (GB): 0.125 | Memory access (GB): 0.13330078125 | Attainable performance: 652.6593406593406 | Computation load: 0.00019152411099137933
Eqn 82 in layer 1: Primitive: dot_general | FLOPs (GB): 0.125 | Memory access (GB): 0.13330078125 | Attainable performance: 652.6593406593406 | Computation load: 0.00019152411099137933
Eqn 86 in layer 1: Primitive: dot_general | FLOPs (GB): 128.0 | Memory access (GB): 0.21875 | Attainable performance: 37400 | Computation load: 0.003422459893048128
Eqn 88 in layer 1: Primitive: dot_general | FLOPs (GB): 512.0 | Memory access (GB): 0.8125 | Attainable performance: 37400 | Computation load: 0.013689839572192513
Eqn 89 in layer 1: Primitive: custom_jvp_call | FLOPs (GB): 0.25 | Memory access (GB): 2.0 | Attainable performance: 87.0 | Computation load: 0.0028735632183908046
Eqn 90 in layer 1: Primitive: dot_general | FLOPs (GB): 512.0 | Memory access (GB): 0.8125 | Attainable performance: 37400 | Computation load: 0.013689839572192513
Eqn 92 in layer 1: Primitive: dot_general | FLOPs (GB): 128.0 | Memory access (GB): 0.21875 | Attainable performance: 37400 | Computation load: 0.003422459893048128
Eqn 118 in layer 1: Primitive: dot_general | FLOPs (GB): 96.0 | Memory access (GB): 0.130859375 | Attainable performance: 37400 | Computation load: 0.0025668449197860962
Eqn 138 in layer 1: Primitive: dot_general | FLOPs (GB): 32.0 | Memory access (GB): 0.5625 | Attainable performance: 37400 | Computation load: 0.000855614973262032
Eqn 150 in layer 1: Primitive: dot_general | FLOPs (GB): 32.0 | Memory access (GB): 0.5625 | Attainable performance: 37400 | Computation load: 0.000855614973262032
Eqn 153 in layer 1: Primitive: dot_general | FLOPs (GB): 1000.0 | Memory access (GB): 1.06884765625 | Attainable performance: 37400 | Computation load: 0.026737967914438502
Eqn 180 in layer 1: Primitive: dot_general | FLOPs (GB): 256.0 | Memory access (GB): 0.296875 | Attainable performance: 37400 | Computation load: 0.006844919786096256
Eqn 189 in layer 1: Primitive: remat2 | FLOPs (GB): 8642.2529296875 | Memory access (GB): 17.17562873661518 | Attainable performance: 37400 | Computation load: 0.23107628154244653
Layer computation load: 0.3064640993167536

Layer 2:
Eqn 2 in layer 2: Primitive: dot_general | FLOPs (GB): 1000.0 | Memory access (GB): 1.06884765625 | Attainable performance: 37400 | Computation load: 0.026737967914438502
Eqn 29 in layer 2: Primitive: dot_general | FLOPs (GB): 96.0 | Memory access (GB): 0.130859375 | Attainable performance: 37400 | Computation load: 0.0025668449197860962
Eqn 49 in layer 2: Primitive: dot_general | FLOPs (GB): 32.0 | Memory access (GB): 0.5625 | Attainable performance: 37400 | Computation load: 0.000855614973262032
Eqn 61 in layer 2: Primitive: dot_general | FLOPs (GB): 32.0 | Memory access (GB): 0.5625 | Attainable performance: 37400 | Computation load: 0.000855614973262032
Eqn 64 in layer 2: Primitive: dot_general | FLOPs (GB): 1000.0 | Memory access (GB): 1.06884765625 | Attainable performance: 37400 | Computation load: 0.026737967914438502
Eqn 92 in layer 2: Primitive: dot_general | FLOPs (GB): 0.5 | Memory access (GB): 0.0317688062787056 | Attainable performance: 10954.141523197928 | Computation load: 4.5644836607335626e-05
Eqn 159 in layer 2: Primitive: dot_general | FLOPs (GB): 0.125 | Memory access (GB): 0.13330078125 | Attainable performance: 652.6593406593406 | Computation load: 0.00019152411099137933
Eqn 172 in layer 2: Primitive: dot_general | FLOPs (GB): 0.125 | Memory access (GB): 0.13330078125 | Attainable performance: 652.6593406593406 | Computation load: 0.00019152411099137933
Eqn 176 in layer 2: Primitive: dot_general | FLOPs (GB): 128.0 | Memory access (GB): 0.21875 | Attainable performance: 37400 | Computation load: 0.003422459893048128
Eqn 178 in layer 2: Primitive: dot_general | FLOPs (GB): 512.0 | Memory access (GB): 0.8125 | Attainable performance: 37400 | Computation load: 0.013689839572192513
Eqn 179 in layer 2: Primitive: custom_jvp_call | FLOPs (GB): 0.25 | Memory access (GB): 2.0 | Attainable performance: 87.0 | Computation load: 0.0028735632183908046
Eqn 180 in layer 2: Primitive: dot_general | FLOPs (GB): 512.0 | Memory access (GB): 0.8125 | Attainable performance: 37400 | Computation load: 0.013689839572192513
Eqn 182 in layer 2: Primitive: dot_general | FLOPs (GB): 128.0 | Memory access (GB): 0.21875 | Attainable performance: 37400 | Computation load: 0.003422459893048128
Eqn 187 in layer 2: Primitive: remat2 | FLOPs (GB): 8514.2529296875 | Memory access (GB): 16.95687873661518 | Attainable performance: 37400 | Computation load: 0.2276538216493984
Layer computation load: 0.32293468755204774

Layer 3:
Eqn 24 in layer 3: Primitive: dot_general | FLOPs (GB): 96.0 | Memory access (GB): 0.130859375 | Attainable performance: 37400 | Computation load: 0.0025668449197860962
Eqn 44 in layer 3: Primitive: dot_general | FLOPs (GB): 32.0 | Memory access (GB): 0.5625 | Attainable performance: 37400 | Computation load: 0.000855614973262032
Eqn 56 in layer 3: Primitive: dot_general | FLOPs (GB): 32.0 | Memory access (GB): 0.5625 | Attainable performance: 37400 | Computation load: 0.000855614973262032
Eqn 59 in layer 3: Primitive: dot_general | FLOPs (GB): 1000.0 | Memory access (GB): 1.06884765625 | Attainable performance: 37400 | Computation load: 0.026737967914438502
Eqn 86 in layer 3: Primitive: dot_general | FLOPs (GB): 256.0 | Memory access (GB): 0.296875 | Attainable performance: 37400 | Computation load: 0.006844919786096256
Eqn 94 in layer 3: Primitive: dot_general | FLOPs (GB): 1000.0 | Memory access (GB): 1.06884765625 | Attainable performance: 37400 | Computation load: 0.026737967914438502
Eqn 121 in layer 3: Primitive: dot_general | FLOPs (GB): 96.0 | Memory access (GB): 0.130859375 | Attainable performance: 37400 | Computation load: 0.0025668449197860962
Eqn 141 in layer 3: Primitive: dot_general | FLOPs (GB): 32.0 | Memory access (GB): 0.5625 | Attainable performance: 37400 | Computation load: 0.000855614973262032
Eqn 153 in layer 3: Primitive: dot_general | FLOPs (GB): 32.0 | Memory access (GB): 0.5625 | Attainable performance: 37400 | Computation load: 0.000855614973262032
Eqn 156 in layer 3: Primitive: dot_general | FLOPs (GB): 1000.0 | Memory access (GB): 1.06884765625 | Attainable performance: 37400 | Computation load: 0.026737967914438502
Eqn 162 in layer 3: Primitive: remat2 | FLOPs (GB): 8856.0 | Memory access (GB): 16.07177735865116 | Attainable performance: 37400 | Computation load: 0.23679144385026737
Layer computation load: 0.33240641711229946

Layer 4:
Eqn 25 in layer 4: Primitive: dot_general | FLOPs (GB): 0.5 | Memory access (GB): 0.0317688062787056 | Attainable performance: 10954.141523197928 | Computation load: 4.5644836607335626e-05
Eqn 92 in layer 4: Primitive: dot_general | FLOPs (GB): 0.125 | Memory access (GB): 0.13330078125 | Attainable performance: 652.6593406593406 | Computation load: 0.00019152411099137933
Eqn 105 in layer 4: Primitive: dot_general | FLOPs (GB): 0.125 | Memory access (GB): 0.13330078125 | Attainable performance: 652.6593406593406 | Computation load: 0.00019152411099137933
Eqn 109 in layer 4: Primitive: dot_general | FLOPs (GB): 128.0 | Memory access (GB): 0.21875 | Attainable performance: 37400 | Computation load: 0.003422459893048128
Eqn 111 in layer 4: Primitive: dot_general | FLOPs (GB): 512.0 | Memory access (GB): 0.8125 | Attainable performance: 37400 | Computation load: 0.013689839572192513
Eqn 112 in layer 4: Primitive: custom_jvp_call | FLOPs (GB): 0.25 | Memory access (GB): 2.0 | Attainable performance: 87.0 | Computation load: 0.0028735632183908046
Eqn 113 in layer 4: Primitive: dot_general | FLOPs (GB): 512.0 | Memory access (GB): 0.8125 | Attainable performance: 37400 | Computation load: 0.013689839572192513
Eqn 115 in layer 4: Primitive: dot_general | FLOPs (GB): 128.0 | Memory access (GB): 0.21875 | Attainable performance: 37400 | Computation load: 0.003422459893048128
Eqn 143 in layer 4: Primitive: remat2 | FLOPs (GB): 3714.2529296875 | Memory access (GB): 8.6053162291646 | Attainable performance: 37400 | Computation load: 0.09931157566009358
Layer computation load: 0.13683843086755576

Layer 5:
Eqn 1 in layer 5: Primitive: dot_general | FLOPs (GB): 96.0 | Memory access (GB): 0.130859375 | Attainable performance: 37400 | Computation load: 0.0025668449197860962
Eqn 21 in layer 5: Primitive: dot_general | FLOPs (GB): 32.0 | Memory access (GB): 0.5625 | Attainable performance: 37400 | Computation load: 0.000855614973262032
Eqn 33 in layer 5: Primitive: dot_general | FLOPs (GB): 32.0 | Memory access (GB): 0.5625 | Attainable performance: 37400 | Computation load: 0.000855614973262032
Eqn 36 in layer 5: Primitive: dot_general | FLOPs (GB): 1000.0 | Memory access (GB): 1.06884765625 | Attainable performance: 37400 | Computation load: 0.026737967914438502
Eqn 63 in layer 5: Primitive: dot_general | FLOPs (GB): 256.0 | Memory access (GB): 0.296875 | Attainable performance: 37400 | Computation load: 0.006844919786096256
Eqn 71 in layer 5: Primitive: dot_general | FLOPs (GB): 1000.0 | Memory access (GB): 1.06884765625 | Attainable performance: 37400 | Computation load: 0.026737967914438502
Eqn 98 in layer 5: Primitive: dot_general | FLOPs (GB): 96.0 | Memory access (GB): 0.130859375 | Attainable performance: 37400 | Computation load: 0.0025668449197860962
Eqn 118 in layer 5: Primitive: dot_general | FLOPs (GB): 32.0 | Memory access (GB): 0.5625 | Attainable performance: 37400 | Computation load: 0.000855614973262032
Eqn 130 in layer 5: Primitive: dot_general | FLOPs (GB): 32.0 | Memory access (GB): 0.5625 | Attainable performance: 37400 | Computation load: 0.000855614973262032
Eqn 133 in layer 5: Primitive: dot_general | FLOPs (GB): 1000.0 | Memory access (GB): 1.06884765625 | Attainable performance: 37400 | Computation load: 0.026737967914438502
Eqn 139 in layer 5: Primitive: remat2 | FLOPs (GB): 8856.0 | Memory access (GB): 16.07177735865116 | Attainable performance: 37400 | Computation load: 0.23679144385026737
Layer computation load: 0.33240641711229946

Layer 6:
Eqn 25 in layer 6: Primitive: dot_general | FLOPs (GB): 0.5 | Memory access (GB): 0.0317688062787056 | Attainable performance: 10954.141523197928 | Computation load: 4.5644836607335626e-05
Eqn 92 in layer 6: Primitive: dot_general | FLOPs (GB): 0.125 | Memory access (GB): 0.13330078125 | Attainable performance: 652.6593406593406 | Computation load: 0.00019152411099137933
Eqn 105 in layer 6: Primitive: dot_general | FLOPs (GB): 0.125 | Memory access (GB): 0.13330078125 | Attainable performance: 652.6593406593406 | Computation load: 0.00019152411099137933
Eqn 109 in layer 6: Primitive: dot_general | FLOPs (GB): 128.0 | Memory access (GB): 0.21875 | Attainable performance: 37400 | Computation load: 0.003422459893048128
Eqn 111 in layer 6: Primitive: dot_general | FLOPs (GB): 512.0 | Memory access (GB): 0.8125 | Attainable performance: 37400 | Computation load: 0.013689839572192513
Eqn 112 in layer 6: Primitive: custom_jvp_call | FLOPs (GB): 0.25 | Memory access (GB): 2.0 | Attainable performance: 87.0 | Computation load: 0.0028735632183908046
Eqn 113 in layer 6: Primitive: dot_general | FLOPs (GB): 512.0 | Memory access (GB): 0.8125 | Attainable performance: 37400 | Computation load: 0.013689839572192513
Eqn 115 in layer 6: Primitive: dot_general | FLOPs (GB): 128.0 | Memory access (GB): 0.21875 | Attainable performance: 37400 | Computation load: 0.003422459893048128
Eqn 143 in layer 6: Primitive: remat2 | FLOPs (GB): 3714.2529296875 | Memory access (GB): 8.6053162291646 | Attainable performance: 37400 | Computation load: 0.09931157566009358
Layer computation load: 0.13683843086755576

Layer 7:
Eqn 1 in layer 7: Primitive: dot_general | FLOPs (GB): 96.0 | Memory access (GB): 0.130859375 | Attainable performance: 37400 | Computation load: 0.0025668449197860962
Eqn 21 in layer 7: Primitive: dot_general | FLOPs (GB): 32.0 | Memory access (GB): 0.5625 | Attainable performance: 37400 | Computation load: 0.000855614973262032
Eqn 33 in layer 7: Primitive: dot_general | FLOPs (GB): 32.0 | Memory access (GB): 0.5625 | Attainable performance: 37400 | Computation load: 0.000855614973262032
Eqn 36 in layer 7: Primitive: dot_general | FLOPs (GB): 1000.0 | Memory access (GB): 1.06884765625 | Attainable performance: 37400 | Computation load: 0.026737967914438502
Eqn 63 in layer 7: Primitive: dot_general | FLOPs (GB): 256.0 | Memory access (GB): 0.296875 | Attainable performance: 37400 | Computation load: 0.006844919786096256
Eqn 71 in layer 7: Primitive: dot_general | FLOPs (GB): 1000.0 | Memory access (GB): 1.06884765625 | Attainable performance: 37400 | Computation load: 0.026737967914438502
Eqn 98 in layer 7: Primitive: dot_general | FLOPs (GB): 96.0 | Memory access (GB): 0.130859375 | Attainable performance: 37400 | Computation load: 0.0025668449197860962
Eqn 118 in layer 7: Primitive: dot_general | FLOPs (GB): 32.0 | Memory access (GB): 0.5625 | Attainable performance: 37400 | Computation load: 0.000855614973262032
Eqn 130 in layer 7: Primitive: dot_general | FLOPs (GB): 32.0 | Memory access (GB): 0.5625 | Attainable performance: 37400 | Computation load: 0.000855614973262032
Eqn 133 in layer 7: Primitive: dot_general | FLOPs (GB): 1000.0 | Memory access (GB): 1.06884765625 | Attainable performance: 37400 | Computation load: 0.026737967914438502
Eqn 139 in layer 7: Primitive: remat2 | FLOPs (GB): 8856.0 | Memory access (GB): 16.07177735865116 | Attainable performance: 37400 | Computation load: 0.23679144385026737
Layer computation load: 0.33240641711229946

Layer 8:
Eqn 25 in layer 8: Primitive: dot_general | FLOPs (GB): 0.5 | Memory access (GB): 0.0317688062787056 | Attainable performance: 10954.141523197928 | Computation load: 4.5644836607335626e-05
Eqn 92 in layer 8: Primitive: dot_general | FLOPs (GB): 0.125 | Memory access (GB): 0.13330078125 | Attainable performance: 652.6593406593406 | Computation load: 0.00019152411099137933
Eqn 105 in layer 8: Primitive: dot_general | FLOPs (GB): 0.125 | Memory access (GB): 0.13330078125 | Attainable performance: 652.6593406593406 | Computation load: 0.00019152411099137933
Eqn 109 in layer 8: Primitive: dot_general | FLOPs (GB): 128.0 | Memory access (GB): 0.21875 | Attainable performance: 37400 | Computation load: 0.003422459893048128
Eqn 111 in layer 8: Primitive: dot_general | FLOPs (GB): 512.0 | Memory access (GB): 0.8125 | Attainable performance: 37400 | Computation load: 0.013689839572192513
Eqn 112 in layer 8: Primitive: custom_jvp_call | FLOPs (GB): 0.25 | Memory access (GB): 2.0 | Attainable performance: 87.0 | Computation load: 0.0028735632183908046
Eqn 113 in layer 8: Primitive: dot_general | FLOPs (GB): 512.0 | Memory access (GB): 0.8125 | Attainable performance: 37400 | Computation load: 0.013689839572192513
Eqn 115 in layer 8: Primitive: dot_general | FLOPs (GB): 128.0 | Memory access (GB): 0.21875 | Attainable performance: 37400 | Computation load: 0.003422459893048128
Eqn 143 in layer 8: Primitive: remat2 | FLOPs (GB): 3714.2529296875 | Memory access (GB): 8.6053162291646 | Attainable performance: 37400 | Computation load: 0.09931157566009358
Layer computation load: 0.13683843086755576

Layer 9:
Eqn 1 in layer 9: Primitive: dot_general | FLOPs (GB): 96.0 | Memory access (GB): 0.130859375 | Attainable performance: 37400 | Computation load: 0.0025668449197860962
Eqn 21 in layer 9: Primitive: dot_general | FLOPs (GB): 32.0 | Memory access (GB): 0.5625 | Attainable performance: 37400 | Computation load: 0.000855614973262032
Eqn 33 in layer 9: Primitive: dot_general | FLOPs (GB): 32.0 | Memory access (GB): 0.5625 | Attainable performance: 37400 | Computation load: 0.000855614973262032
Eqn 36 in layer 9: Primitive: dot_general | FLOPs (GB): 1000.0 | Memory access (GB): 1.06884765625 | Attainable performance: 37400 | Computation load: 0.026737967914438502
Eqn 63 in layer 9: Primitive: dot_general | FLOPs (GB): 256.0 | Memory access (GB): 0.296875 | Attainable performance: 37400 | Computation load: 0.006844919786096256
Eqn 71 in layer 9: Primitive: dot_general | FLOPs (GB): 1000.0 | Memory access (GB): 1.06884765625 | Attainable performance: 37400 | Computation load: 0.026737967914438502
Eqn 98 in layer 9: Primitive: dot_general | FLOPs (GB): 96.0 | Memory access (GB): 0.130859375 | Attainable performance: 37400 | Computation load: 0.0025668449197860962
Eqn 118 in layer 9: Primitive: dot_general | FLOPs (GB): 32.0 | Memory access (GB): 0.5625 | Attainable performance: 37400 | Computation load: 0.000855614973262032
Eqn 130 in layer 9: Primitive: dot_general | FLOPs (GB): 32.0 | Memory access (GB): 0.5625 | Attainable performance: 37400 | Computation load: 0.000855614973262032
Eqn 133 in layer 9: Primitive: dot_general | FLOPs (GB): 1000.0 | Memory access (GB): 1.06884765625 | Attainable performance: 37400 | Computation load: 0.026737967914438502
Eqn 139 in layer 9: Primitive: remat2 | FLOPs (GB): 8856.0 | Memory access (GB): 16.07177735865116 | Attainable performance: 37400 | Computation load: 0.23679144385026737
Layer computation load: 0.33240641711229946

Layer 10:
Eqn 25 in layer 10: Primitive: dot_general | FLOPs (GB): 0.5 | Memory access (GB): 0.0317688062787056 | Attainable performance: 10954.141523197928 | Computation load: 4.5644836607335626e-05
Eqn 92 in layer 10: Primitive: dot_general | FLOPs (GB): 0.125 | Memory access (GB): 0.13330078125 | Attainable performance: 652.6593406593406 | Computation load: 0.00019152411099137933
Eqn 105 in layer 10: Primitive: dot_general | FLOPs (GB): 0.125 | Memory access (GB): 0.13330078125 | Attainable performance: 652.6593406593406 | Computation load: 0.00019152411099137933
Eqn 109 in layer 10: Primitive: dot_general | FLOPs (GB): 128.0 | Memory access (GB): 0.21875 | Attainable performance: 37400 | Computation load: 0.003422459893048128
Eqn 111 in layer 10: Primitive: dot_general | FLOPs (GB): 512.0 | Memory access (GB): 0.8125 | Attainable performance: 37400 | Computation load: 0.013689839572192513
Eqn 112 in layer 10: Primitive: custom_jvp_call | FLOPs (GB): 0.25 | Memory access (GB): 2.0 | Attainable performance: 87.0 | Computation load: 0.0028735632183908046
Eqn 113 in layer 10: Primitive: dot_general | FLOPs (GB): 512.0 | Memory access (GB): 0.8125 | Attainable performance: 37400 | Computation load: 0.013689839572192513
Eqn 115 in layer 10: Primitive: dot_general | FLOPs (GB): 128.0 | Memory access (GB): 0.21875 | Attainable performance: 37400 | Computation load: 0.003422459893048128
Eqn 143 in layer 10: Primitive: remat2 | FLOPs (GB): 3714.2529296875 | Memory access (GB): 8.6053162291646 | Attainable performance: 37400 | Computation load: 0.09931157566009358
Layer computation load: 0.13683843086755576

Layer 11:
Eqn 1 in layer 11: Primitive: dot_general | FLOPs (GB): 96.0 | Memory access (GB): 0.130859375 | Attainable performance: 37400 | Computation load: 0.0025668449197860962
Eqn 21 in layer 11: Primitive: dot_general | FLOPs (GB): 32.0 | Memory access (GB): 0.5625 | Attainable performance: 37400 | Computation load: 0.000855614973262032
Eqn 33 in layer 11: Primitive: dot_general | FLOPs (GB): 32.0 | Memory access (GB): 0.5625 | Attainable performance: 37400 | Computation load: 0.000855614973262032
Eqn 36 in layer 11: Primitive: dot_general | FLOPs (GB): 1000.0 | Memory access (GB): 1.06884765625 | Attainable performance: 37400 | Computation load: 0.026737967914438502
Eqn 63 in layer 11: Primitive: dot_general | FLOPs (GB): 256.0 | Memory access (GB): 0.296875 | Attainable performance: 37400 | Computation load: 0.006844919786096256
Eqn 71 in layer 11: Primitive: dot_general | FLOPs (GB): 1000.0 | Memory access (GB): 1.06884765625 | Attainable performance: 37400 | Computation load: 0.026737967914438502
Eqn 98 in layer 11: Primitive: dot_general | FLOPs (GB): 96.0 | Memory access (GB): 0.130859375 | Attainable performance: 37400 | Computation load: 0.0025668449197860962
Eqn 118 in layer 11: Primitive: dot_general | FLOPs (GB): 32.0 | Memory access (GB): 0.5625 | Attainable performance: 37400 | Computation load: 0.000855614973262032
Eqn 130 in layer 11: Primitive: dot_general | FLOPs (GB): 32.0 | Memory access (GB): 0.5625 | Attainable performance: 37400 | Computation load: 0.000855614973262032
Eqn 133 in layer 11: Primitive: dot_general | FLOPs (GB): 1000.0 | Memory access (GB): 1.06884765625 | Attainable performance: 37400 | Computation load: 0.026737967914438502
Eqn 139 in layer 11: Primitive: remat2 | FLOPs (GB): 8856.0 | Memory access (GB): 16.07177735865116 | Attainable performance: 37400 | Computation load: 0.23679144385026737
Layer computation load: 0.33240641711229946

Layer 12:
Eqn 25 in layer 12: Primitive: dot_general | FLOPs (GB): 0.5 | Memory access (GB): 0.0317688062787056 | Attainable performance: 10954.141523197928 | Computation load: 4.5644836607335626e-05
Eqn 92 in layer 12: Primitive: dot_general | FLOPs (GB): 0.125 | Memory access (GB): 0.13330078125 | Attainable performance: 652.6593406593406 | Computation load: 0.00019152411099137933
Eqn 105 in layer 12: Primitive: dot_general | FLOPs (GB): 0.125 | Memory access (GB): 0.13330078125 | Attainable performance: 652.6593406593406 | Computation load: 0.00019152411099137933
Eqn 109 in layer 12: Primitive: dot_general | FLOPs (GB): 128.0 | Memory access (GB): 0.21875 | Attainable performance: 37400 | Computation load: 0.003422459893048128
Eqn 111 in layer 12: Primitive: dot_general | FLOPs (GB): 512.0 | Memory access (GB): 0.8125 | Attainable performance: 37400 | Computation load: 0.013689839572192513
Eqn 112 in layer 12: Primitive: custom_jvp_call | FLOPs (GB): 0.25 | Memory access (GB): 2.0 | Attainable performance: 87.0 | Computation load: 0.0028735632183908046
Eqn 113 in layer 12: Primitive: dot_general | FLOPs (GB): 512.0 | Memory access (GB): 0.8125 | Attainable performance: 37400 | Computation load: 0.013689839572192513
Eqn 115 in layer 12: Primitive: dot_general | FLOPs (GB): 128.0 | Memory access (GB): 0.21875 | Attainable performance: 37400 | Computation load: 0.003422459893048128
Eqn 143 in layer 12: Primitive: remat2 | FLOPs (GB): 3714.2529296875 | Memory access (GB): 8.6053162291646 | Attainable performance: 37400 | Computation load: 0.09931157566009358
Layer computation load: 0.13683843086755576

Layer 13:
Eqn 1 in layer 13: Primitive: dot_general | FLOPs (GB): 96.0 | Memory access (GB): 0.130859375 | Attainable performance: 37400 | Computation load: 0.0025668449197860962
Eqn 21 in layer 13: Primitive: dot_general | FLOPs (GB): 32.0 | Memory access (GB): 0.5625 | Attainable performance: 37400 | Computation load: 0.000855614973262032
Eqn 33 in layer 13: Primitive: dot_general | FLOPs (GB): 32.0 | Memory access (GB): 0.5625 | Attainable performance: 37400 | Computation load: 0.000855614973262032
Eqn 36 in layer 13: Primitive: dot_general | FLOPs (GB): 1000.0 | Memory access (GB): 1.06884765625 | Attainable performance: 37400 | Computation load: 0.026737967914438502
Eqn 63 in layer 13: Primitive: dot_general | FLOPs (GB): 256.0 | Memory access (GB): 0.296875 | Attainable performance: 37400 | Computation load: 0.006844919786096256
Eqn 71 in layer 13: Primitive: dot_general | FLOPs (GB): 1000.0 | Memory access (GB): 1.06884765625 | Attainable performance: 37400 | Computation load: 0.026737967914438502
Eqn 98 in layer 13: Primitive: dot_general | FLOPs (GB): 96.0 | Memory access (GB): 0.130859375 | Attainable performance: 37400 | Computation load: 0.0025668449197860962
Eqn 118 in layer 13: Primitive: dot_general | FLOPs (GB): 32.0 | Memory access (GB): 0.5625 | Attainable performance: 37400 | Computation load: 0.000855614973262032
Eqn 130 in layer 13: Primitive: dot_general | FLOPs (GB): 32.0 | Memory access (GB): 0.5625 | Attainable performance: 37400 | Computation load: 0.000855614973262032
Eqn 133 in layer 13: Primitive: dot_general | FLOPs (GB): 1000.0 | Memory access (GB): 1.06884765625 | Attainable performance: 37400 | Computation load: 0.026737967914438502
Eqn 139 in layer 13: Primitive: remat2 | FLOPs (GB): 8856.0 | Memory access (GB): 16.07177735865116 | Attainable performance: 37400 | Computation load: 0.23679144385026737
Layer computation load: 0.33240641711229946

Layer 14:
Eqn 25 in layer 14: Primitive: dot_general | FLOPs (GB): 0.5 | Memory access (GB): 0.0317688062787056 | Attainable performance: 10954.141523197928 | Computation load: 4.5644836607335626e-05
Eqn 92 in layer 14: Primitive: dot_general | FLOPs (GB): 0.125 | Memory access (GB): 0.13330078125 | Attainable performance: 652.6593406593406 | Computation load: 0.00019152411099137933
Eqn 105 in layer 14: Primitive: dot_general | FLOPs (GB): 0.125 | Memory access (GB): 0.13330078125 | Attainable performance: 652.6593406593406 | Computation load: 0.00019152411099137933
Eqn 109 in layer 14: Primitive: dot_general | FLOPs (GB): 128.0 | Memory access (GB): 0.21875 | Attainable performance: 37400 | Computation load: 0.003422459893048128
Eqn 111 in layer 14: Primitive: dot_general | FLOPs (GB): 512.0 | Memory access (GB): 0.8125 | Attainable performance: 37400 | Computation load: 0.013689839572192513
Eqn 112 in layer 14: Primitive: custom_jvp_call | FLOPs (GB): 0.25 | Memory access (GB): 2.0 | Attainable performance: 87.0 | Computation load: 0.0028735632183908046
Eqn 113 in layer 14: Primitive: dot_general | FLOPs (GB): 512.0 | Memory access (GB): 0.8125 | Attainable performance: 37400 | Computation load: 0.013689839572192513
Eqn 115 in layer 14: Primitive: dot_general | FLOPs (GB): 128.0 | Memory access (GB): 0.21875 | Attainable performance: 37400 | Computation load: 0.003422459893048128
Eqn 143 in layer 14: Primitive: remat2 | FLOPs (GB): 3714.2529296875 | Memory access (GB): 8.6053162291646 | Attainable performance: 37400 | Computation load: 0.09931157566009358
Layer computation load: 0.13683843086755576

Layer 15:
Eqn 3 in layer 15: Primitive: remat2 | FLOPs (GB): 9440.0 | Memory access (GB): 13.43945313245058 | Attainable performance: 37400 | Computation load: 0.25240641711229944
Layer computation load: 0.25240641711229944
Layer memory access: [14.641113296151161, 20.16412364691496, 20.71734630316496, 22.08691407740116, 8.972229108214378, 22.08691407740116, 8.972229108214378, 22.08691407740116, 8.972229108214378, 22.08691407740116, 8.972229108214378, 22.08691407740116, 8.972229108214378, 22.08691407740116, 8.972229108214378, 13.43945313245058]

Layer GPU fractions:
[1.039, 1.24, 1.307, 1.345, 0.554, 1.345, 0.554, 1.345, 0.554, 1.345, 0.554, 1.345, 0.554, 1.345, 0.554, 1.021]

Layer GPU fractions:
[1.039, 1.24, 1.307, 1.345, 0.554, 1.345, 0.554, 1.345, 0.554, 1.345, 0.554, 1.345, 0.554, 1.345, 0.554, 1.021]

[[[0, 1], [2, 3], [4, 5], [6, 7], [8, 9], [10, 11], [12, 13], [14, 15]]]

[[[0, 1], [2, 3], [4, 5], [6, 7], [8, 9], [10, 11], [12, 13], [14, 15]]]

[[0, 1], [2, 3], [4, 5], [6, 7], [8, 9], [10, 11], [12, 13], [14, 15]]
2102714368.0
0.8570735090994238
([2, 2, 2, 2, 2, 2, 2, 2], 0.8570735090994238)

{'0_1__2_3__4_5__6_7__8_9__10_11__12_13__14_15': {0: {'1_2': (2.279, 2, 0.5633711768063097, 1359314944.0, 0, 0), '2_1': (2.279, 2, 0.5633711768063097, 0, 290573312.0, 0)}, 1: {'1_2': (2.652, 2, 0.655349786431978, 1711636480.0, 0, 0), '2_1': (2.652, 2, 0.655349786431978, 0, 336694272.0, 0)}, 2: {'1_2': (1.899, 2, 0.4692535297474861, 1342537728.0, 0, 0), '2_1': (1.899, 2, 0.4692535297474861, 0, 259525632.0, 0)}, 3: {'1_2': (1.899, 2, 0.4692535297474861, 1342537728.0, 0, 0), '2_1': (1.899, 2, 0.4692535297474861, 0, 259525632.0, 0)}, 4: {'1_2': (1.899, 2, 0.4692535297474861, 1342537728.0, 0, 0), '2_1': (1.899, 2, 0.4692535297474861, 0, 259525632.0, 0)}, 5: {'1_2': (1.899, 2, 0.4692535297474861, 1342537728.0, 0, 0), '2_1': (1.899, 2, 0.4692535297474861, 0, 259525632.0, 0)}, 6: {'1_2': (1.899, 2, 0.4692535297474861, 1342537728.0, 0, 0), '2_1': (1.899, 2, 0.4692535297474861, 0, 259525632.0, 0)}, 7: {'1_2': (1.575, 2, 0.38925352974748606, 486899712.0, 0, 0), '2_1': (1.575, 2, 0.38925352974748606, 0, 177818624.0, 0)}}}
[I] Pipeline partition mode: auto | Layer-to-stage partition: [[0, 1], [2, 3], [4, 5], [6, 7], [8, 9], [10, 11], [12, 13], [14, 15]]
[I] Pipeline partition mode: auto | Cell-generated physical mesh shapes: [(1, 2), (1, 2), (1, 2), (1, 2), (1, 2), (1, 2), (1, 2), (1, 2)]
[I] Loading model and transform to Jaxpr stages takes 72.68805241584778 s.
[I] The GPU sharding of pipeline stages is: [2, 2, 2, 2, 2, 2, 2, 2]
[I] Pipeline partition mode: auto | Parallel enum mode: auto | Parallel plans: [[StageShape(type='single', stage_shape=(2, 1), layer_shape=None), StageShape(type='single', stage_shape=(2, 1), layer_shape=None), StageShape(type='single', stage_shape=(2, 1), layer_shape=None), StageShape(type='single', stage_shape=(2, 1), layer_shape=None), StageShape(type='single', stage_shape=(2, 1), layer_shape=None), StageShape(type='single', stage_shape=(2, 1), layer_shape=None), StageShape(type='single', stage_shape=(2, 1), layer_shape=None), StageShape(type='single', stage_shape=(2, 1), layer_shape=None)]]

[I] (Parallel plan idx: 0) Sharding stages...
[I] Sharding stages takes 19.37048840522766 s.
[I] (Parallel plan idx: 0) SPMD partitioning and compiling (kernel fusing) HLO stages...
[I] SPMD partitioning and pre-compiling HLO modules concurrently takes 6.622377395629883 s.

[I] All parallel plans in the cell have been sharded and compiled.
[TMP] Writing only-sharded HLO text to '/home/cyxue/Projects/crius/Crius/runtime/jaxpr/tmp/moe_2.4B_256_sharded_stages.pkl'...
[TMP] Writing optimized HLO text to '/home/cyxue/Projects/crius/Crius/runtime/jaxpr/tmp/moe_2.4B_256_optimized_stages.pkl'...
[TMP] Writing inter-stages communicated vars to '/home/cyxue/Projects/crius/Crius/runtime/jaxpr/tmp/moe_2.4B_256_inter_stages_comm_vars.pkl'

[I] Parallel plan idx: 0 | Parallelism: [(2, 1), (2, 1), (2, 1), (2, 1), (2, 1), (2, 1), (2, 1), (2, 1)]

[I] (Parallel plan idx: 0) Parsing HLO texts and profiling XLA operators...
[I] Pipeline partition mode: auto | Preset physical mesh shapes: [(1, 2), (1, 2), (1, 2), (1, 2), (1, 2), (1, 2), (1, 2), (1, 2)]
[TMP] Loading offline profiled communication data: `1_a40_1_n_2_d_ib.pkl`...
[TMP] Loading offline profiled communication data: `2_a40_2_n_1_d_ib.pkl`...
\Time of module 0 (stage 0):
Intra-stage comm time: 0
Grad sync time: 0

[I] Optimized module 0 for stage 0, comm time has been statically analyzed.
\Time of module 1 (stage 1):
Intra-stage comm time: 0
Grad sync time: 0

[I] Optimized module 1 for stage 1, comm time has been statically analyzed.
\Time of module 2 (stage 2):
Intra-stage comm time: 0
Grad sync time: 0

[I] Optimized module 2 for stage 2, comm time has been statically analyzed.
\Time of module 3 (stage 3):
Intra-stage comm time: 0
Grad sync time: 0

[I] Optimized module 3 for stage 3, comm time has been statically analyzed.
\Time of module 4 (stage 4):
Intra-stage comm time: 0
Grad sync time: 0

[I] Optimized module 4 for stage 4, comm time has been statically analyzed.
\Time of module 5 (stage 5):
Intra-stage comm time: 0
Grad sync time: 0

[I] Optimized module 5 for stage 5, comm time has been statically analyzed.
\Time of module 6 (stage 6):
Intra-stage comm time: 0
Grad sync time: 0

[I] Optimized module 6 for stage 6, comm time has been statically analyzed.
\Time of module 7 (stage 7):
Intra-stage comm time: 0
Grad sync time: 0

[I] Optimized module 7 for stage 7, comm time has been statically analyzed.
\Time of module 8 (stage 7):
Intra-stage comm time: 0.00010043978691100935
Grad sync time: 0.049673261383820014

[I] Optimized module 8 for stage 7, comm time has been statically analyzed.
\Time of module 9 (stage 6):
Intra-stage comm time: 0.0
Grad sync time: 0.04512701083440333

[I] Optimized module 9 for stage 6, comm time has been statically analyzed.
\Time of module 10 (stage 5):
Intra-stage comm time: 0.0
Grad sync time: 0.04512701083440333

[I] Optimized module 10 for stage 5, comm time has been statically analyzed.
\Time of module 11 (stage 4):
Intra-stage comm time: 0.0
Grad sync time: 0.04512701083440333

[I] Optimized module 11 for stage 4, comm time has been statically analyzed.
\Time of module 12 (stage 3):
Intra-stage comm time: 0.0
Grad sync time: 0.04512701083440333

[I] Optimized module 12 for stage 3, comm time has been statically analyzed.
\Time of module 13 (stage 2):
Intra-stage comm time: 0.0
Grad sync time: 0.04512701083440333

[I] Optimized module 13 for stage 2, comm time has been statically analyzed.
\Time of module 14 (stage 1):
Intra-stage comm time: 0.0
Grad sync time: 0.047146681243819856

[I] Optimized module 14 for stage 1, comm time has been statically analyzed.
\Time of module 15 (stage 0):
Intra-stage comm time: 0.0
Grad sync time: 0.049113133611778416

[I] Optimized module 15 for stage 0, comm time has been statically analyzed.
\Time of module 16 (stage 0):
Intra-stage comm time: 0.03105234104473311
Grad sync time: 0

[I] Optimized module 16 for stage 0, comm time has been statically analyzed.
\Time of module 17 (stage 1):
Intra-stage comm time: 0.031510770938211856
Grad sync time: 0

[I] Optimized module 17 for stage 1, comm time has been statically analyzed.
\Time of module 18 (stage 2):
Intra-stage comm time: 0.028947355423906623
Grad sync time: 0

[I] Optimized module 18 for stage 2, comm time has been statically analyzed.
\Time of module 19 (stage 3):
Intra-stage comm time: 0.028947355423906623
Grad sync time: 0

[I] Optimized module 19 for stage 3, comm time has been statically analyzed.
\Time of module 20 (stage 4):
Intra-stage comm time: 0.028944980178812325
Grad sync time: 0

[I] Optimized module 20 for stage 4, comm time has been statically analyzed.
\Time of module 21 (stage 5):
Intra-stage comm time: 0.028947355423906623
Grad sync time: 0

[I] Optimized module 21 for stage 5, comm time has been statically analyzed.
\Time of module 22 (stage 6):
Intra-stage comm time: 0.028947355423906623
Grad sync time: 0

[I] Optimized module 22 for stage 6, comm time has been statically analyzed.
\Time of module 23 (stage 7):
Intra-stage comm time: 0.030825563124699324
Grad sync time: 0

[I] Optimized module 23 for stage 7, comm time has been statically analyzed.
[TMP] Memory footprint of the stage 0 is 3.7237055115401745 GB, while the available memory of the XLA device is 35.33237304631621 GB.
[TMP] Memory footprint of the stage 1 is 3.7363452948629856 GB, while the available memory of the XLA device is 35.33237304631621 GB.
[TMP] Memory footprint of the stage 2 is 3.3455677069723606 GB, while the available memory of the XLA device is 35.33237304631621 GB.
[TMP] Memory footprint of the stage 3 is 3.3455677069723606 GB, while the available memory of the XLA device is 35.33237304631621 GB.
[TMP] Memory footprint of the stage 4 is 3.3455677069723606 GB, while the available memory of the XLA device is 35.33237304631621 GB.
[TMP] Memory footprint of the stage 5 is 3.3455677069723606 GB, while the available memory of the XLA device is 35.33237304631621 GB.
[TMP] Memory footprint of the stage 6 is 3.3455677069723606 GB, while the available memory of the XLA device is 35.33237304631621 GB.
[TMP] Memory footprint of the stage 7 is 3.549554828554392 GB, while the available memory of the XLA device is 35.33237304631621 GB.
[I] Only-sharded module 0 for stage 0, constructing entry XLA computation...
[I] Compiling HLO module...
[I] Profiling HLO modules...
    - Iteration 0/5: Kernel execution time: 0.024804988 s.
    - Iteration 1/5: Kernel execution time: 0.024811739 s.
    - Iteration 2/5: Kernel execution time: 0.024989308000000005 s.
    - Iteration 3/5: Kernel execution time: 0.024810750999999995 s.
    - Iteration 4/5: Kernel execution time: 0.02478345400000001 s.
[I] Only-sharded module 1 for stage 1, constructing entry XLA computation...
[I] Compiling HLO module...
[I] Profiling HLO modules...
    - Iteration 0/5: Kernel execution time: 0.027493402000000004 s.
    - Iteration 1/5: Kernel execution time: 0.027551612 s.
    - Iteration 2/5: Kernel execution time: 0.027508219999999996 s.
    - Iteration 3/5: Kernel execution time: 0.027475230000000003 s.
    - Iteration 4/5: Kernel execution time: 0.027549245999999996 s.
[I] Only-sharded module 2 for stage 2, constructing entry XLA computation...
[I] Compiling HLO module...
[I] Profiling HLO modules...
    - Iteration 0/5: Kernel execution time: 0.021112608000000005 s.
    - Iteration 1/5: Kernel execution time: 0.021067458000000008 s.
    - Iteration 2/5: Kernel execution time: 0.021026746 s.
    - Iteration 3/5: Kernel execution time: 0.020972379000000003 s.
    - Iteration 4/5: Kernel execution time: 0.021041175000000002 s.
[I] Only-sharded module 3 for stage 3, constructing entry XLA computation...
[I] Compiling HLO module...
[I] Profiling HLO modules...
    - Iteration 0/5: Kernel execution time: 0.021075488 s.
    - Iteration 1/5: Kernel execution time: 0.021010942 s.
    - Iteration 2/5: Kernel execution time: 0.021051359000000006 s.
    - Iteration 3/5: Kernel execution time: 0.021050076999999997 s.
    - Iteration 4/5: Kernel execution time: 0.021188855999999995 s.
[I] Only-sharded module 4 for stage 4, constructing entry XLA computation...
[I] Compiling HLO module...
[I] Profiling HLO modules...
    - Iteration 0/5: Kernel execution time: 0.021153851 s.
    - Iteration 1/5: Kernel execution time: 0.021002463000000002 s.
    - Iteration 2/5: Kernel execution time: 0.021111298 s.
    - Iteration 3/5: Kernel execution time: 0.021123360000000008 s.
    - Iteration 4/5: Kernel execution time: 0.021001404000000005 s.
[I] Only-sharded module 5 for stage 5, constructing entry XLA computation...
[I] Compiling HLO module...
[I] Profiling HLO modules...
    - Iteration 0/5: Kernel execution time: 0.021012860999999997 s.
    - Iteration 1/5: Kernel execution time: 0.02106879999999999 s.
    - Iteration 2/5: Kernel execution time: 0.021082884 s.
    - Iteration 3/5: Kernel execution time: 0.021104639999999994 s.
    - Iteration 4/5: Kernel execution time: 0.02101318 s.
[I] Only-sharded module 6 for stage 6, constructing entry XLA computation...
[I] Compiling HLO module...
[I] Profiling HLO modules...
    - Iteration 0/5: Kernel execution time: 0.021092128000000005 s.
    - Iteration 1/5: Kernel execution time: 0.021066495999999997 s.
    - Iteration 2/5: Kernel execution time: 0.021036547000000003 s.
    - Iteration 3/5: Kernel execution time: 0.021004576 s.
    - Iteration 4/5: Kernel execution time: 0.021056479000000006 s.
[I] Only-sharded module 7 for stage 7, constructing entry XLA computation...
[I] Compiling HLO module...
[I] Profiling HLO modules...
    - Iteration 0/5: Kernel execution time: 0.008392928000000003 s.
    - Iteration 1/5: Kernel execution time: 0.008453823999999999 s.
    - Iteration 2/5: Kernel execution time: 0.008281185000000002 s.
    - Iteration 3/5: Kernel execution time: 0.008386908000000002 s.
    - Iteration 4/5: Kernel execution time: 0.008306497 s.
[I] Only-sharded module 8 for stage 7, constructing entry XLA computation...
[I] Compiling HLO module...
[I] Profiling HLO modules...
    - Iteration 0/5: Kernel execution time: 0.07058242899999999 s.
    - Iteration 1/5: Kernel execution time: 0.070775713 s.
    - Iteration 2/5: Kernel execution time: 0.07089654799999999 s.
    - Iteration 3/5: Kernel execution time: 0.07059033800000002 s.
    - Iteration 4/5: Kernel execution time: 0.070916864 s.
[I] Only-sharded module 9 for stage 6, constructing entry XLA computation...
[I] Compiling HLO module...
[I] Profiling HLO modules...
    - Iteration 0/5: Kernel execution time: 0.05796664599999998 s.
    - Iteration 1/5: Kernel execution time: 0.058017982 s.
    - Iteration 2/5: Kernel execution time: 0.057754939 s.
    - Iteration 3/5: Kernel execution time: 0.05793481100000001 s.
    - Iteration 4/5: Kernel execution time: 0.058071674000000024 s.
[I] Only-sharded module 10 for stage 5, constructing entry XLA computation...
[I] Compiling HLO module...
[I] Profiling HLO modules...
    - Iteration 0/5: Kernel execution time: 0.05819580900000001 s.
    - Iteration 1/5: Kernel execution time: 0.05826282000000001 s.
    - Iteration 2/5: Kernel execution time: 0.05783837600000001 s.
    - Iteration 3/5: Kernel execution time: 0.058037379 s.
    - Iteration 4/5: Kernel execution time: 0.058259743 s.
[I] Only-sharded module 11 for stage 4, constructing entry XLA computation...
[I] Compiling HLO module...
[I] Profiling HLO modules...
    - Iteration 0/5: Kernel execution time: 0.05786828900000002 s.
    - Iteration 1/5: Kernel execution time: 0.05822448500000001 s.
    - Iteration 2/5: Kernel execution time: 0.058091844 s.
    - Iteration 3/5: Kernel execution time: 0.05800659800000001 s.
    - Iteration 4/5: Kernel execution time: 0.05807426800000002 s.
[I] Only-sharded module 12 for stage 3, constructing entry XLA computation...
[I] Compiling HLO module...
[I] Profiling HLO modules...
    - Iteration 0/5: Kernel execution time: 0.05812735700000002 s.
    - Iteration 1/5: Kernel execution time: 0.057893475999999985 s.
    - Iteration 2/5: Kernel execution time: 0.058145699999999995 s.
    - Iteration 3/5: Kernel execution time: 0.057850874000000004 s.
    - Iteration 4/5: Kernel execution time: 0.05813302300000002 s.
[I] Only-sharded module 13 for stage 2, constructing entry XLA computation...
[I] Compiling HLO module...
[I] Profiling HLO modules...
    - Iteration 0/5: Kernel execution time: 0.058249956000000006 s.
    - Iteration 1/5: Kernel execution time: 0.057991843999999994 s.
    - Iteration 2/5: Kernel execution time: 0.05787116900000001 s.
    - Iteration 3/5: Kernel execution time: 0.05833190499999998 s.
    - Iteration 4/5: Kernel execution time: 0.057523869999999984 s.
[I] Only-sharded module 14 for stage 1, constructing entry XLA computation...
[I] Compiling HLO module...
[I] Profiling HLO modules...
    - Iteration 0/5: Kernel execution time: 0.07074349700000002 s.
    - Iteration 1/5: Kernel execution time: 0.070775775 s.
    - Iteration 2/5: Kernel execution time: 0.07045987699999999 s.
    - Iteration 3/5: Kernel execution time: 0.07076675699999997 s.
    - Iteration 4/5: Kernel execution time: 0.07043514000000001 s.
[I] Only-sharded module 15 for stage 0, constructing entry XLA computation...
[I] Compiling HLO module...
[I] Profiling HLO modules...
    - Iteration 0/5: Kernel execution time: 0.06508048000000002 s.
    - Iteration 1/5: Kernel execution time: 0.06474542300000002 s.
    - Iteration 2/5: Kernel execution time: 0.06477796100000001 s.
    - Iteration 3/5: Kernel execution time: 0.06495130100000003 s.
    - Iteration 4/5: Kernel execution time: 0.06499808600000004 s.
[I] Only-sharded module 16 for stage 0, constructing entry XLA computation...
[I] Compiling HLO module...
[I] Profiling HLO modules...
    - Iteration 0/5: Kernel execution time: 0.010111874 s.
    - Iteration 1/5: Kernel execution time: 0.010118747000000003 s.
    - Iteration 2/5: Kernel execution time: 0.010104933 s.
    - Iteration 3/5: Kernel execution time: 0.010106501 s.
    - Iteration 4/5: Kernel execution time: 0.010129216 s.
[I] Only-sharded module 17 for stage 1, constructing entry XLA computation...
[I] Compiling HLO module...
[I] Profiling HLO modules...
    - Iteration 0/5: Kernel execution time: 0.009730014 s.
    - Iteration 1/5: Kernel execution time: 0.009758437000000002 s.
    - Iteration 2/5: Kernel execution time: 0.009751771000000003 s.
    - Iteration 3/5: Kernel execution time: 0.009744038000000002 s.
    - Iteration 4/5: Kernel execution time: 0.009756192 s.
[I] Only-sharded module 18 for stage 2, constructing entry XLA computation...
[I] Compiling HLO module...
[I] Profiling HLO modules...
    - Iteration 0/5: Kernel execution time: 0.009224575000000002 s.
    - Iteration 1/5: Kernel execution time: 0.009234337 s.
    - Iteration 2/5: Kernel execution time: 0.009226655 s.
    - Iteration 3/5: Kernel execution time: 0.009229281999999998 s.
    - Iteration 4/5: Kernel execution time: 0.009232542 s.
[I] Only-sharded module 19 for stage 3, constructing entry XLA computation...
[I] Compiling HLO module...
[I] Profiling HLO modules...
    - Iteration 0/5: Kernel execution time: 0.009203619 s.
    - Iteration 1/5: Kernel execution time: 0.009236009000000003 s.
    - Iteration 2/5: Kernel execution time: 0.009222746 s.
    - Iteration 3/5: Kernel execution time: 0.009233821000000001 s.
    - Iteration 4/5: Kernel execution time: 0.009238339000000002 s.
[I] Only-sharded module 20 for stage 4, constructing entry XLA computation...
[I] Compiling HLO module...
[I] Profiling HLO modules...
    - Iteration 0/5: Kernel execution time: 0.009238466999999998 s.
    - Iteration 1/5: Kernel execution time: 0.009229375000000001 s.
    - Iteration 2/5: Kernel execution time: 0.00923107 s.
    - Iteration 3/5: Kernel execution time: 0.009225632999999999 s.
    - Iteration 4/5: Kernel execution time: 0.009235330000000002 s.
[I] Only-sharded module 21 for stage 5, constructing entry XLA computation...
[I] Compiling HLO module...
[I] Profiling HLO modules...
    - Iteration 0/5: Kernel execution time: 0.009196286000000001 s.
    - Iteration 1/5: Kernel execution time: 0.009221285 s.
    - Iteration 2/5: Kernel execution time: 0.009226527000000003 s.
    - Iteration 3/5: Kernel execution time: 0.009244928999999999 s.
    - Iteration 4/5: Kernel execution time: 0.009232736 s.
[I] Only-sharded module 22 for stage 6, constructing entry XLA computation...
[I] Compiling HLO module...
[I] Profiling HLO modules...
    - Iteration 0/5: Kernel execution time: 0.009215241000000002 s.
    - Iteration 1/5: Kernel execution time: 0.009227776000000002 s.
    - Iteration 2/5: Kernel execution time: 0.00922298 s.
    - Iteration 3/5: Kernel execution time: 0.009222082000000001 s.
    - Iteration 4/5: Kernel execution time: 0.009236544 s.
[I] Only-sharded module 23 for stage 7, constructing entry XLA computation...
[I] Compiling HLO module...
[I] Profiling HLO modules...
    - Iteration 0/5: Kernel execution time: 0.0100616 s.
    - Iteration 1/5: Kernel execution time: 0.010077442000000002 s.
    - Iteration 2/5: Kernel execution time: 0.010075911 s.
    - Iteration 3/5: Kernel execution time: 0.010074880000000001 s.
    - Iteration 4/5: Kernel execution time: 0.010059430000000001 s.
[I] Constructing single-device HLO modules concurrently takes 0.05967402458190918 s.
[I] Compile single-device HLO modules concurrently takes 3.690335512161255 s.
[I] Profile all compiled sequentially on one GPU takes 12.398534774780273 s.
[I] Estimated e2e pipeline iteration time is: 5.254343529448035 s.
    - Kernel computation time is: -1.0 s.
    - Communication time is: -1.0 s.
    - Cross-stages communication time is: -1.0 s.
